2024-04-11 19:47:59,642 - train - INFO - Model tiny_nas_mobilenetv2 created, param count:2480263
2024-04-11 19:47:59,905 - train - INFO - Using native Torch AMP. Training in mixed precision.
2024-04-11 19:47:59,905 - train - INFO - Scheduled epochs: 11
2024-04-11 19:48:00,289 - train - INFO - Verifying initial model
2024-04-11 19:48:01,128 - train - INFO - Test: [   0/78]  Time: 0.838 (0.838)  Loss:  0.9487 (0.9487)  Acc@1: 82.8125 (82.8125)  Acc@5: 93.7500 (93.7500)
2024-04-11 19:48:02,082 - train - INFO - Test: [  50/78]  Time: 0.018 (0.035)  Loss:  1.5596 (1.5637)  Acc@1: 67.1875 (66.0999)  Acc@5: 88.2812 (86.4890)
2024-04-11 19:48:02,929 - train - INFO - Test: [  78/78]  Time: 0.352 (0.033)  Loss:  1.8311 (1.5831)  Acc@1: 62.5000 (65.7200)  Acc@5: 93.7500 (86.1300)
2024-04-11 19:49:04,681 - train - INFO - cir_idx:[3, 5, 6, 8, 9, 11, 12, 14, 15, 17, 18, 20, 21, 23, 24, 26, 27, 29, 30, 32, 33, 35, 36, 38, 39, 41, 42, 44, 45, 47, 48, 50]
2024-04-11 19:49:04,682 - train - INFO - len traces:(52,)
2024-04-11 19:49:04,683 - train - INFO - traces:[3.68078142e+00 4.28625623e+01 6.90326308e+00 2.90316992e-01
 3.12436930e+00 3.98470504e-01 6.47856285e-02 1.78888524e+00
 2.18960723e-01 2.30893251e-01 3.91582721e-01 2.56801564e-01
 1.02538345e-02 2.59290849e-01 2.61430748e-02 1.33844532e-02
 2.08432962e-01 3.73297793e-03 1.04121023e-01 1.99592482e-01
 7.71168134e-02 1.25053797e-03 5.78114264e-02 1.84896260e-03
 1.62372842e-03 3.21558581e-02 2.10619417e-03 1.87897229e-03
 2.30402041e-02 2.61404863e-03 1.36816046e-02 1.07597013e-01
 1.01961493e-02 1.26503936e-03 2.95790215e-02 2.02810554e-03
 1.25133981e-03 3.28647226e-02 1.35175722e-03 7.45272224e-03
 4.87068383e-02 6.62599921e-03 7.65893298e-04 3.77189381e-02
 8.97762955e-04 1.53645685e-03 2.62197762e-02 1.49567970e-03
 3.30504308e-03 7.55640143e-02 6.81160504e-04 2.65656440e-04]
2024-04-11 19:49:04,683 - train - INFO - len params:32
2024-04-11 19:49:04,683 - train - INFO - params[0].shape:torch.Size([96, 16, 1, 1])
2024-04-11 19:49:04,683 - train - INFO - delta_weights_b2:[386.49554443359375, 458.8384704589844, 649.7634887695312, 547.6664428710938, 840.3878784179688, 389.0391540527344, 591.6853637695312, 345.1539611816406, 607.714599609375, 184.9831085205078, 666.5910034179688, 416.4113464355469, 696.7766723632812, 301.639892578125, 671.1972045898438, 217.7812957763672, 655.0679321289062, 205.9867706298828, 683.434326171875, 548.5055541992188, 944.3704833984375, 350.6629638671875, 1038.054443359375, 328.7270202636719, 1203.60595703125, 381.29278564453125, 798.4512329101562, 339.1336364746094, 871.4414672851562, 378.968994140625, 981.705078125, 765.24365234375]
2024-04-11 19:49:04,684 - train - INFO - delta_weights_b4:[479.1964416503906, 573.6304931640625, 823.3363647460938, 637.4804077148438, 1070.8487548828125, 516.3306274414062, 777.6867065429688, 404.14495849609375, 756.9415283203125, 257.1385498046875, 831.6881103515625, 502.19482421875, 933.112548828125, 370.8377380371094, 865.099609375, 276.4531555175781, 830.4097900390625, 245.26504516601562, 867.758056640625, 722.31494140625, 1247.9776611328125, 441.7362976074219, 1337.9862060546875, 421.021484375, 1556.2333984375, 492.76214599609375, 1074.390625, 427.4600524902344, 1128.407958984375, 479.62213134765625, 1260.3409423828125, 963.1079711914062]
2024-04-11 19:49:04,684 - train - INFO - delta_weights_b8:[541.5214233398438, 622.9658813476562, 905.6974487304688, 686.1594848632812, 1164.8414306640625, 581.6723022460938, 838.7557983398438, 428.9349365234375, 825.5389404296875, 271.186767578125, 909.368408203125, 549.2926635742188, 1042.3121337890625, 406.7882385253906, 949.064697265625, 303.5720520019531, 920.1318969726562, 279.934326171875, 952.520263671875, 803.5338134765625, 1400.6923828125, 488.4846496582031, 1478.2347412109375, 454.5316162109375, 1730.168212890625, 548.6121826171875, 1201.101318359375, 472.4910583496094, 1245.6954345703125, 519.2706909179688, 1386.353271484375, 1070.16748046875]
2024-04-11 19:49:04,684 - train - INFO - delta_weights_b16:[570.8570556640625, 622.9658813476562, 905.6974487304688, 686.1594848632812, 1164.8414306640625, 603.4581298828125, 880.2213134765625, 442.8203430175781, 866.9282836914062, 288.2342224121094, 955.9833374023438, 566.17529296875, 1100.8192138671875, 424.4610595703125, 995.57958984375, 307.2509460449219, 962.0970458984375, 285.7057800292969, 998.0493774414062, 847.7866821289062, 1470.70361328125, 512.6881103515625, 1552.756591796875, 472.99871826171875, 1814.8194580078125, 580.9942626953125, 1267.125732421875, 487.2105712890625, 1306.344970703125, 541.2860717773438, 1448.9776611328125, 1132.49560546875]
2024-04-11 19:49:04,684 - train - INFO - delta_weights_b32:[]
2024-04-11 19:49:04,750 - train - INFO - result:[ 2  2  2  2  2  2  2  2  2 16  2  2 16 16 16 16 16 16  2  2 16 16  8 16
  2  2 16 16 16 16  2 16]
2024-04-11 19:49:04,754 - train - INFO - ratio:tensor(0.1995)
2024-04-11 19:51:50,634 - train - INFO - Model tiny_nas_mobilenetv2 created, param count:2480263
2024-04-11 19:51:50,921 - train - INFO - Using native Torch AMP. Training in mixed precision.
2024-04-11 19:51:50,921 - train - INFO - Scheduled epochs: 11
2024-04-11 19:51:51,309 - train - INFO - Verifying initial model
2024-04-11 19:51:52,233 - train - INFO - Test: [   0/78]  Time: 0.924 (0.924)  Loss:  0.9487 (0.9487)  Acc@1: 82.8125 (82.8125)  Acc@5: 93.7500 (93.7500)
2024-04-11 19:51:53,186 - train - INFO - Test: [  50/78]  Time: 0.019 (0.037)  Loss:  1.5596 (1.5637)  Acc@1: 67.1875 (66.0999)  Acc@5: 88.2812 (86.4890)
2024-04-11 19:51:54,042 - train - INFO - Test: [  78/78]  Time: 0.328 (0.035)  Loss:  1.8311 (1.5831)  Acc@1: 62.5000 (65.7200)  Acc@5: 93.7500 (86.1300)
2024-04-11 19:53:03,562 - train - INFO - cir_idx:[3, 5, 6, 8, 9, 11, 12, 14, 15, 17, 18, 20, 21, 23, 24, 26, 27, 29, 30, 32, 33, 35, 36, 38, 39, 41, 42, 44, 45, 47, 48, 50]
2024-04-11 19:53:03,562 - train - INFO - len traces:(52,)
2024-04-11 19:53:03,563 - train - INFO - traces:[3.68079233e+00 4.28627851e+01 6.90321314e+00 2.90332019e-01
 3.12439684e+00 3.98476325e-01 6.47863870e-02 1.78887327e+00
 2.18960455e-01 2.30892647e-01 3.91570185e-01 2.56802317e-01
 1.02530146e-02 2.59299292e-01 2.61419732e-02 1.33842237e-02
 2.08425004e-01 3.73283678e-03 1.04120300e-01 1.99593121e-01
 7.71166576e-02 1.25069007e-03 5.78069893e-02 1.84896412e-03
 1.62335509e-03 3.21558920e-02 2.10585323e-03 1.87901440e-03
 2.30397925e-02 2.61408492e-03 1.36818218e-02 1.07596845e-01
 1.01960315e-02 1.26495264e-03 2.95782711e-02 2.02799782e-03
 1.25121969e-03 3.28650305e-02 1.35168306e-03 7.45305897e-03
 4.87050506e-02 6.62589070e-03 7.65854809e-04 3.77194063e-02
 8.97754179e-04 1.53641471e-03 2.62195432e-02 1.49567416e-03
 3.30507670e-03 7.55631688e-02 6.81160504e-04 2.65656440e-04]
2024-04-11 19:53:03,563 - train - INFO - len params:32
2024-04-11 19:53:03,563 - train - INFO - params[0].shape:torch.Size([96, 16, 1, 1])
2024-04-11 19:53:03,563 - train - INFO - delta_weights_b2:[386.49554443359375, 458.8384704589844, 649.7634887695312, 547.6664428710938, 840.3878784179688, 389.0391540527344, 591.6853637695312, 345.1539611816406, 607.714599609375, 184.9831085205078, 666.5910034179688, 416.4113464355469, 696.7766723632812, 301.639892578125, 671.1972045898438, 217.7812957763672, 655.0679321289062, 205.9867706298828, 683.434326171875, 548.5055541992188, 944.3704833984375, 350.6629638671875, 1038.054443359375, 328.7270202636719, 1203.60595703125, 381.29278564453125, 798.4512329101562, 339.1336364746094, 871.4414672851562, 378.968994140625, 981.705078125, 765.24365234375]
2024-04-11 19:53:03,563 - train - INFO - delta_weights_b4:[479.1964416503906, 573.6304931640625, 823.3363647460938, 637.4804077148438, 1070.8487548828125, 516.3306274414062, 777.6867065429688, 404.14495849609375, 756.9415283203125, 257.1385498046875, 831.6881103515625, 502.19482421875, 933.112548828125, 370.8377380371094, 865.099609375, 276.4531555175781, 830.4097900390625, 245.26504516601562, 867.758056640625, 722.31494140625, 1247.9776611328125, 441.7362976074219, 1337.9862060546875, 421.021484375, 1556.2333984375, 492.76214599609375, 1074.390625, 427.4600524902344, 1128.407958984375, 479.62213134765625, 1260.3409423828125, 963.1079711914062]
2024-04-11 19:53:03,563 - train - INFO - delta_weights_b8:[541.5214233398438, 622.9658813476562, 905.6974487304688, 686.1594848632812, 1164.8414306640625, 581.6723022460938, 838.7557983398438, 428.9349365234375, 825.5389404296875, 271.186767578125, 909.368408203125, 549.2926635742188, 1042.3121337890625, 406.7882385253906, 949.064697265625, 303.5720520019531, 920.1318969726562, 279.934326171875, 952.520263671875, 803.5338134765625, 1400.6923828125, 488.4846496582031, 1478.2347412109375, 454.5316162109375, 1730.168212890625, 548.6121826171875, 1201.101318359375, 472.4910583496094, 1245.6954345703125, 519.2706909179688, 1386.353271484375, 1070.16748046875]
2024-04-11 19:53:03,564 - train - INFO - delta_weights_b16:[570.8570556640625, 622.9658813476562, 905.6974487304688, 686.1594848632812, 1164.8414306640625, 603.4581298828125, 880.2213134765625, 442.8203430175781, 866.9282836914062, 288.2342224121094, 955.9833374023438, 566.17529296875, 1100.8192138671875, 424.4610595703125, 995.57958984375, 307.2509460449219, 962.0970458984375, 285.7057800292969, 998.0493774414062, 847.7866821289062, 1470.70361328125, 512.6881103515625, 1552.756591796875, 472.99871826171875, 1814.8194580078125, 580.9942626953125, 1267.125732421875, 487.2105712890625, 1306.344970703125, 541.2860717773438, 1448.9776611328125, 1132.49560546875]
2024-04-11 19:53:03,564 - train - INFO - delta_weights_b32:[]
2024-04-11 19:53:03,632 - train - INFO - result:[ 2  2  2  2  2  2 16 16  4 16  2  2 16 16 16 16 16 16  2  2 16 16 16 16
  2  2 16 16 16 16  8 16]
2024-04-11 19:53:03,634 - train - INFO - ratio:tensor(0.1499)
