2024-04-02 21:39:59,633 - train - INFO - Training with a single process on 1 GPUs.
2024-04-02 21:40:02,038 - train - INFO - Model c100_nas_mobilenetv2 created, param count:2352133
2024-04-02 21:40:02,056 - train - INFO - Using native Torch AMP. Training in mixed precision.
2024-04-02 21:40:02,057 - train - INFO - Scheduled epochs: 310
2024-04-02 21:40:03,799 - train - INFO - Verifying teacher model
2024-04-02 21:40:07,055 - train - INFO - Test: [   0/19]  Time: 3.255 (3.255)  Loss:  0.9644 (0.9644)  Acc@1: 79.6875 (79.6875)  Acc@5: 95.7031 (95.7031)
2024-04-02 21:40:08,375 - train - INFO - Test: [  19/19]  Time: 0.849 (0.229)  Loss:  1.0098 (0.9843)  Acc@1: 78.3088 (78.6700)  Acc@5: 94.8529 (95.0900)
2024-04-02 21:40:08,375 - train - INFO - Verifying initial model
2024-04-02 21:40:08,834 - train - INFO - Test: [   0/19]  Time: 0.458 (0.458)  Loss:  6.5625 (6.5625)  Acc@1:  0.5859 ( 0.5859)  Acc@5:  3.7109 ( 3.7109)
2024-04-02 21:40:14,118 - train - INFO - Test: [  19/19]  Time: 0.214 (0.287)  Loss:  6.4258 (6.6108)  Acc@1:  0.3676 ( 1.0000)  Acc@5:  7.3529 ( 5.0000)
2024-04-02 21:40:18,893 - train - INFO - Train: 0 [   0/97 (  0%)]  Loss:  4.851576 (4.8516)  Time: 4.769s,  107.36/s  (4.769s,  107.36/s)  LR: 1.000e-05  Data: 0.613 (0.613)
2024-04-02 21:40:42,176 - train - INFO - Train: 0 [  50/97 ( 52%)]  Loss:  4.784153 (4.8061)  Time: 0.477s, 1072.95/s  (0.550s,  930.92/s)  LR: 1.000e-05  Data: 0.008 (0.028)
2024-04-02 21:41:06,904 - train - INFO - Train: 0 [  96/97 (100%)]  Loss:  4.656758 (4.7681)  Time: 0.555s,  922.62/s  (0.544s,  941.02/s)  LR: 1.000e-05  Data: 0.000 (0.022)
2024-04-02 21:41:07,523 - train - INFO - Test: [   0/19]  Time: 0.616 (0.616)  Loss:  4.6016 (4.6016)  Acc@1:  1.7578 ( 1.7578)  Acc@5:  8.9844 ( 8.9844)
2024-04-02 21:41:14,964 - train - INFO - Test: [  19/19]  Time: 0.391 (0.403)  Loss:  4.5273 (4.5815)  Acc@1:  2.5735 ( 2.6200)  Acc@5:  9.1912 ( 9.6800)
2024-04-02 21:41:15,901 - train - INFO - Train: 1 [   0/97 (  0%)]  Loss:  4.703584 (4.7036)  Time: 0.844s,  606.40/s  (0.844s,  606.40/s)  LR: 8.400e-05  Data: 0.272 (0.272)
2024-04-02 21:41:45,314 - train - INFO - Train: 1 [  50/97 ( 52%)]  Loss:  4.542690 (4.5687)  Time: 0.672s,  761.66/s  (0.593s,  863.04/s)  LR: 8.400e-05  Data: 0.010 (0.018)
2024-04-02 21:42:11,570 - train - INFO - Train: 1 [  96/97 (100%)]  Loss:  4.409496 (4.5133)  Time: 0.668s,  766.39/s  (0.583s,  878.85/s)  LR: 8.400e-05  Data: 0.000 (0.015)
2024-04-02 21:42:12,054 - train - INFO - Test: [   0/19]  Time: 0.482 (0.482)  Loss:  3.9531 (3.9531)  Acc@1: 10.7422 (10.7422)  Acc@5: 29.1016 (29.1016)
2024-04-02 21:42:19,645 - train - INFO - Test: [  19/19]  Time: 0.398 (0.404)  Loss:  3.9473 (3.9694)  Acc@1: 10.2941 ( 9.6200)  Acc@5: 29.0441 (29.5100)
2024-04-02 21:42:20,582 - train - INFO - Train: 2 [   0/97 (  0%)]  Loss:  4.482256 (4.4823)  Time: 0.849s,  602.99/s  (0.849s,  602.99/s)  LR: 1.580e-04  Data: 0.252 (0.252)
2024-04-02 21:42:47,602 - train - INFO - Train: 2 [  50/97 ( 52%)]  Loss:  4.417360 (4.4060)  Time: 0.436s, 1174.98/s  (0.546s,  936.98/s)  LR: 1.580e-04  Data: 0.009 (0.017)
2024-04-02 21:43:12,101 - train - INFO - Train: 2 [  96/97 (100%)]  Loss:  4.345375 (4.3735)  Time: 0.364s, 1405.11/s  (0.540s,  948.41/s)  LR: 1.580e-04  Data: 0.000 (0.015)
2024-04-02 21:43:12,576 - train - INFO - Test: [   0/19]  Time: 0.473 (0.473)  Loss:  3.6445 (3.6445)  Acc@1: 13.6719 (13.6719)  Acc@5: 39.2578 (39.2578)
2024-04-02 21:43:20,087 - train - INFO - Test: [  19/19]  Time: 0.307 (0.399)  Loss:  3.6992 (3.6564)  Acc@1: 15.0735 (15.3600)  Acc@5: 36.0294 (39.7000)
2024-04-02 21:43:21,064 - train - INFO - Train: 3 [   0/97 (  0%)]  Loss:  4.231072 (4.2311)  Time: 0.898s,  569.87/s  (0.898s,  569.87/s)  LR: 2.320e-04  Data: 0.279 (0.279)
2024-04-02 21:43:50,696 - train - INFO - Train: 3 [  50/97 ( 52%)]  Loss:  4.269079 (4.2888)  Time: 0.526s,  973.30/s  (0.599s,  855.30/s)  LR: 2.320e-04  Data: 0.010 (0.017)
2024-04-02 21:44:15,542 - train - INFO - Train: 3 [  96/97 (100%)]  Loss:  4.345950 (4.2808)  Time: 0.505s, 1013.03/s  (0.571s,  896.88/s)  LR: 2.320e-04  Data: 0.000 (0.015)
2024-04-02 21:44:16,199 - train - INFO - Test: [   0/19]  Time: 0.656 (0.656)  Loss:  3.3320 (3.3320)  Acc@1: 22.0703 (22.0703)  Acc@5: 48.0469 (48.0469)
2024-04-02 21:44:23,626 - train - INFO - Test: [  19/19]  Time: 0.338 (0.404)  Loss:  3.4395 (3.3844)  Acc@1: 19.1176 (20.3900)  Acc@5: 46.3235 (47.9500)
2024-04-02 21:44:24,646 - train - INFO - Train: 4 [   0/97 (  0%)]  Loss:  4.227803 (4.2278)  Time: 0.923s,  554.60/s  (0.923s,  554.60/s)  LR: 3.060e-04  Data: 0.259 (0.259)
2024-04-02 21:44:55,021 - train - INFO - Train: 4 [  50/97 ( 52%)]  Loss:  4.282057 (4.1864)  Time: 0.598s,  856.04/s  (0.614s,  834.34/s)  LR: 3.060e-04  Data: 0.013 (0.019)
2024-04-02 21:45:20,544 - train - INFO - Train: 4 [  96/97 (100%)]  Loss:  4.352388 (4.1578)  Time: 0.397s, 1290.01/s  (0.586s,  874.08/s)  LR: 3.060e-04  Data: 0.000 (0.016)
2024-04-02 21:45:20,896 - train - INFO - Test: [   0/19]  Time: 0.350 (0.350)  Loss:  3.1113 (3.1113)  Acc@1: 26.9531 (26.9531)  Acc@5: 55.2734 (55.2734)
2024-04-02 21:45:28,511 - train - INFO - Test: [  19/19]  Time: 0.499 (0.398)  Loss:  3.1309 (3.1303)  Acc@1: 22.4265 (25.3200)  Acc@5: 55.1471 (54.2600)
2024-04-02 21:45:29,452 - train - INFO - Train: 5 [   0/97 (  0%)]  Loss:  3.869349 (3.8693)  Time: 0.858s,  597.05/s  (0.858s,  597.05/s)  LR: 3.800e-04  Data: 0.290 (0.290)
2024-04-02 21:45:57,320 - train - INFO - Train: 5 [  50/97 ( 52%)]  Loss:  4.129567 (4.0173)  Time: 0.611s,  837.67/s  (0.563s,  909.03/s)  LR: 3.800e-04  Data: 0.009 (0.018)
2024-04-02 21:46:26,103 - train - INFO - Train: 5 [  96/97 (100%)]  Loss:  3.907299 (4.0037)  Time: 0.636s,  805.40/s  (0.593s,  863.62/s)  LR: 3.800e-04  Data: 0.000 (0.015)
2024-04-02 21:46:26,681 - train - INFO - Test: [   0/19]  Time: 0.575 (0.575)  Loss:  2.7969 (2.7969)  Acc@1: 30.6641 (30.6641)  Acc@5: 64.6484 (64.6484)
2024-04-02 21:46:34,690 - train - INFO - Test: [  19/19]  Time: 0.317 (0.429)  Loss:  2.7441 (2.7467)  Acc@1: 29.7794 (32.0100)  Acc@5: 62.5000 (62.4200)
2024-04-02 21:46:35,673 - train - INFO - Train: 6 [   0/97 (  0%)]  Loss:  4.047960 (4.0480)  Time: 0.872s,  586.96/s  (0.872s,  586.96/s)  LR: 4.540e-04  Data: 0.267 (0.267)
2024-04-02 21:47:05,153 - train - INFO - Train: 6 [  50/97 ( 52%)]  Loss:  3.774775 (3.9392)  Time: 0.671s,  763.46/s  (0.595s,  860.32/s)  LR: 4.540e-04  Data: 0.008 (0.017)
2024-04-02 21:47:32,847 - train - INFO - Train: 6 [  96/97 (100%)]  Loss:  4.275517 (3.9017)  Time: 0.455s, 1126.04/s  (0.598s,  855.63/s)  LR: 4.540e-04  Data: 0.000 (0.015)
2024-04-02 21:47:33,377 - train - INFO - Test: [   0/19]  Time: 0.523 (0.523)  Loss:  2.7266 (2.7266)  Acc@1: 34.9609 (34.9609)  Acc@5: 61.9141 (61.9141)
2024-04-02 21:47:41,396 - train - INFO - Test: [  19/19]  Time: 0.377 (0.427)  Loss:  2.7344 (2.6951)  Acc@1: 29.4118 (32.9400)  Acc@5: 60.6618 (64.2000)
2024-04-02 21:47:42,359 - train - INFO - Train: 7 [   0/97 (  0%)]  Loss:  3.977601 (3.9776)  Time: 0.841s,  608.87/s  (0.841s,  608.87/s)  LR: 5.280e-04  Data: 0.276 (0.276)
2024-04-02 21:48:12,029 - train - INFO - Train: 7 [  50/97 ( 52%)]  Loss:  3.669330 (3.8447)  Time: 0.646s,  793.12/s  (0.598s,  855.84/s)  LR: 5.280e-04  Data: 0.017 (0.021)
2024-04-02 21:48:41,634 - train - INFO - Train: 7 [  96/97 (100%)]  Loss:  3.940236 (3.8029)  Time: 0.531s,  964.82/s  (0.620s,  826.17/s)  LR: 5.280e-04  Data: 0.000 (0.016)
2024-04-02 21:48:42,324 - train - INFO - Test: [   0/19]  Time: 0.688 (0.688)  Loss:  2.5293 (2.5293)  Acc@1: 37.3047 (37.3047)  Acc@5: 67.5781 (67.5781)
2024-04-02 21:48:50,588 - train - INFO - Test: [  19/19]  Time: 0.443 (0.448)  Loss:  2.5195 (2.5087)  Acc@1: 38.2353 (37.4300)  Acc@5: 67.2794 (68.5400)
2024-04-02 21:48:51,543 - train - INFO - Train: 8 [   0/97 (  0%)]  Loss:  3.790133 (3.7901)  Time: 0.858s,  596.76/s  (0.858s,  596.76/s)  LR: 6.020e-04  Data: 0.239 (0.239)
2024-04-02 21:49:22,126 - train - INFO - Train: 8 [  50/97 ( 52%)]  Loss:  3.778761 (3.7175)  Time: 0.652s,  784.87/s  (0.616s,  830.54/s)  LR: 6.020e-04  Data: 0.031 (0.018)
2024-04-02 21:49:50,658 - train - INFO - Train: 8 [  96/97 (100%)]  Loss:  3.254206 (3.7130)  Time: 0.655s,  781.97/s  (0.618s,  828.13/s)  LR: 6.020e-04  Data: 0.000 (0.017)
2024-04-02 21:49:51,221 - train - INFO - Test: [   0/19]  Time: 0.560 (0.560)  Loss:  2.3711 (2.3711)  Acc@1: 41.2109 (41.2109)  Acc@5: 71.4844 (71.4844)
2024-04-02 21:49:59,336 - train - INFO - Test: [  19/19]  Time: 0.355 (0.434)  Loss:  2.4258 (2.3228)  Acc@1: 42.6471 (42.5900)  Acc@5: 72.0588 (73.2700)
2024-04-02 21:50:00,196 - train - INFO - Train: 9 [   0/97 (  0%)]  Loss:  3.540272 (3.5403)  Time: 0.772s,  663.02/s  (0.772s,  663.02/s)  LR: 6.760e-04  Data: 0.258 (0.258)
2024-04-02 21:50:30,834 - train - INFO - Train: 9 [  50/97 ( 52%)]  Loss:  3.881823 (3.6629)  Time: 0.464s, 1103.04/s  (0.616s,  831.35/s)  LR: 6.760e-04  Data: 0.019 (0.019)
2024-04-02 21:50:59,728 - train - INFO - Train: 9 [  96/97 (100%)]  Loss:  3.840217 (3.6512)  Time: 0.647s,  791.12/s  (0.622s,  823.59/s)  LR: 6.760e-04  Data: 0.000 (0.016)
2024-04-02 21:51:00,143 - train - INFO - Test: [   0/19]  Time: 0.413 (0.413)  Loss:  2.3125 (2.3125)  Acc@1: 44.1406 (44.1406)  Acc@5: 74.0234 (74.0234)
2024-04-02 21:51:08,315 - train - INFO - Test: [  19/19]  Time: 0.369 (0.429)  Loss:  2.2793 (2.2522)  Acc@1: 41.5441 (44.0800)  Acc@5: 76.8382 (75.2400)
2024-04-02 21:51:09,378 - train - INFO - Train: 10 [   0/97 (  0%)]  Loss:  3.820249 (3.8202)  Time: 0.925s,  553.35/s  (0.925s,  553.35/s)  LR: 7.480e-04  Data: 0.321 (0.321)
2024-04-02 21:51:42,151 - train - INFO - Train: 10 [  50/97 ( 52%)]  Loss:  3.303630 (3.6189)  Time: 0.684s,  748.08/s  (0.661s,  774.89/s)  LR: 7.480e-04  Data: 0.009 (0.019)
2024-04-02 21:52:11,505 - train - INFO - Train: 10 [  96/97 (100%)]  Loss:  3.844647 (3.6045)  Time: 0.551s,  929.73/s  (0.650s,  787.68/s)  LR: 7.480e-04  Data: 0.000 (0.016)
2024-04-02 21:52:12,034 - train - INFO - Test: [   0/19]  Time: 0.527 (0.527)  Loss:  2.2480 (2.2480)  Acc@1: 43.9453 (43.9453)  Acc@5: 73.2422 (73.2422)
2024-04-02 21:52:20,418 - train - INFO - Test: [  19/19]  Time: 0.416 (0.446)  Loss:  2.2305 (2.1891)  Acc@1: 43.7500 (44.2900)  Acc@5: 75.3676 (75.3400)
2024-04-02 21:52:21,337 - train - INFO - Train: 11 [   0/97 (  0%)]  Loss:  3.847713 (3.8477)  Time: 0.835s,  613.16/s  (0.835s,  613.16/s)  LR: 7.475e-04  Data: 0.293 (0.293)
2024-04-02 21:52:51,622 - train - INFO - Train: 11 [  50/97 ( 52%)]  Loss:  3.152438 (3.4295)  Time: 0.678s,  755.55/s  (0.610s,  839.12/s)  LR: 7.475e-04  Data: 0.009 (0.019)
2024-04-02 21:53:21,699 - train - INFO - Train: 11 [  96/97 (100%)]  Loss:  3.596826 (3.4856)  Time: 0.576s,  889.13/s  (0.631s,  811.58/s)  LR: 7.475e-04  Data: 0.000 (0.016)
2024-04-02 21:53:22,292 - train - INFO - Test: [   0/19]  Time: 0.591 (0.591)  Loss:  2.1133 (2.1133)  Acc@1: 47.4609 (47.4609)  Acc@5: 76.3672 (76.3672)
2024-04-02 21:53:31,420 - train - INFO - Test: [  19/19]  Time: 0.489 (0.486)  Loss:  2.2031 (2.0883)  Acc@1: 47.7941 (47.9100)  Acc@5: 76.4706 (77.2500)
2024-04-02 21:53:32,215 - train - INFO - Train: 12 [   0/97 (  0%)]  Loss:  3.496081 (3.4961)  Time: 0.712s,  719.58/s  (0.712s,  719.58/s)  LR: 7.471e-04  Data: 0.295 (0.295)
2024-04-02 21:54:01,220 - train - INFO - Train: 12 [  50/97 ( 52%)]  Loss:  3.205306 (3.4070)  Time: 0.608s,  842.75/s  (0.583s,  878.73/s)  LR: 7.471e-04  Data: 0.052 (0.022)
2024-04-02 21:54:28,953 - train - INFO - Train: 12 [  96/97 (100%)]  Loss:  3.420866 (3.4438)  Time: 0.621s,  825.06/s  (0.592s,  864.51/s)  LR: 7.471e-04  Data: 0.000 (0.018)
2024-04-02 21:54:29,565 - train - INFO - Test: [   0/19]  Time: 0.609 (0.609)  Loss:  2.0234 (2.0234)  Acc@1: 50.3906 (50.3906)  Acc@5: 75.3906 (75.3906)
2024-04-02 21:54:38,031 - train - INFO - Test: [  19/19]  Time: 0.396 (0.454)  Loss:  2.0605 (2.0146)  Acc@1: 48.8971 (48.4000)  Acc@5: 79.0441 (78.9100)
2024-04-02 21:54:38,829 - train - INFO - Train: 13 [   0/97 (  0%)]  Loss:  3.429935 (3.4299)  Time: 0.715s,  715.71/s  (0.715s,  715.71/s)  LR: 7.466e-04  Data: 0.313 (0.313)
2024-04-02 21:55:11,165 - train - INFO - Train: 13 [  50/97 ( 52%)]  Loss:  3.789031 (3.3892)  Time: 0.647s,  791.40/s  (0.648s,  790.08/s)  LR: 7.466e-04  Data: 0.017 (0.018)
2024-04-02 21:55:39,644 - train - INFO - Train: 13 [  96/97 (100%)]  Loss:  3.539511 (3.3738)  Time: 0.635s,  806.56/s  (0.634s,  807.19/s)  LR: 7.466e-04  Data: 0.000 (0.016)
2024-04-02 21:55:40,147 - train - INFO - Test: [   0/19]  Time: 0.501 (0.501)  Loss:  2.0293 (2.0293)  Acc@1: 50.3906 (50.3906)  Acc@5: 78.3203 (78.3203)
2024-04-02 21:55:48,790 - train - INFO - Test: [  19/19]  Time: 0.445 (0.457)  Loss:  2.0684 (2.0023)  Acc@1: 50.0000 (50.0500)  Acc@5: 79.0441 (78.8400)
2024-04-02 21:55:49,704 - train - INFO - Train: 14 [   0/97 (  0%)]  Loss:  3.796832 (3.7968)  Time: 0.819s,  625.28/s  (0.819s,  625.28/s)  LR: 7.460e-04  Data: 0.251 (0.251)
2024-04-02 21:56:19,993 - train - INFO - Train: 14 [  50/97 ( 52%)]  Loss:  2.981398 (3.4120)  Time: 0.687s,  745.40/s  (0.610s,  839.46/s)  LR: 7.460e-04  Data: 0.009 (0.017)
2024-04-02 21:56:47,724 - train - INFO - Train: 14 [  96/97 (100%)]  Loss:  3.213339 (3.3848)  Time: 0.638s,  802.99/s  (0.607s,  844.12/s)  LR: 7.460e-04  Data: 0.000 (0.016)
2024-04-02 21:56:48,339 - train - INFO - Test: [   0/19]  Time: 0.613 (0.613)  Loss:  1.8848 (1.8848)  Acc@1: 53.9062 (53.9062)  Acc@5: 82.0312 (82.0312)
2024-04-02 21:56:56,930 - train - INFO - Test: [  19/19]  Time: 0.488 (0.460)  Loss:  1.8994 (1.8430)  Acc@1: 56.2500 (53.5400)  Acc@5: 80.8824 (82.7300)
2024-04-02 21:56:57,870 - train - INFO - Train: 15 [   0/97 (  0%)]  Loss:  3.775136 (3.7751)  Time: 0.853s,  600.03/s  (0.853s,  600.03/s)  LR: 7.454e-04  Data: 0.255 (0.255)
2024-04-02 21:57:31,172 - train - INFO - Train: 15 [  50/97 ( 52%)]  Loss:  3.632780 (3.3813)  Time: 0.639s,  801.45/s  (0.670s,  764.53/s)  LR: 7.454e-04  Data: 0.009 (0.019)
2024-04-02 21:58:01,253 - train - INFO - Train: 15 [  96/97 (100%)]  Loss:  3.632280 (3.3800)  Time: 0.541s,  945.58/s  (0.662s,  773.17/s)  LR: 7.454e-04  Data: 0.000 (0.016)
2024-04-02 21:58:01,777 - train - INFO - Test: [   0/19]  Time: 0.521 (0.521)  Loss:  1.7842 (1.7842)  Acc@1: 54.6875 (54.6875)  Acc@5: 81.2500 (81.2500)
2024-04-02 21:58:10,371 - train - INFO - Test: [  19/19]  Time: 0.402 (0.456)  Loss:  1.7832 (1.7671)  Acc@1: 53.6765 (54.1300)  Acc@5: 82.3529 (82.8600)
2024-04-02 21:58:11,372 - train - INFO - Train: 16 [   0/97 (  0%)]  Loss:  3.744569 (3.7446)  Time: 0.883s,  580.12/s  (0.883s,  580.12/s)  LR: 7.448e-04  Data: 0.243 (0.243)
2024-04-02 21:58:43,273 - train - INFO - Train: 16 [  50/97 ( 52%)]  Loss:  3.669930 (3.3054)  Time: 0.427s, 1197.75/s  (0.643s,  796.52/s)  LR: 7.448e-04  Data: 0.010 (0.016)
2024-04-02 21:59:11,158 - train - INFO - Train: 16 [  96/97 (100%)]  Loss:  3.229751 (3.3387)  Time: 0.635s,  805.72/s  (0.625s,  818.65/s)  LR: 7.448e-04  Data: 0.000 (0.015)
2024-04-02 21:59:11,720 - train - INFO - Test: [   0/19]  Time: 0.560 (0.560)  Loss:  1.8428 (1.8428)  Acc@1: 53.9062 (53.9062)  Acc@5: 80.6641 (80.6641)
2024-04-02 21:59:20,513 - train - INFO - Test: [  19/19]  Time: 0.469 (0.468)  Loss:  1.8291 (1.7857)  Acc@1: 56.2500 (54.5400)  Acc@5: 80.1471 (82.9200)
2024-04-02 21:59:21,448 - train - INFO - Train: 17 [   0/97 (  0%)]  Loss:  3.549368 (3.5494)  Time: 0.850s,  602.00/s  (0.850s,  602.00/s)  LR: 7.442e-04  Data: 0.271 (0.271)
2024-04-02 21:59:54,239 - train - INFO - Train: 17 [  50/97 ( 52%)]  Loss:  3.513715 (3.2540)  Time: 0.715s,  715.79/s  (0.660s,  776.20/s)  LR: 7.442e-04  Data: 0.013 (0.018)
2024-04-02 22:00:24,578 - train - INFO - Train: 17 [  96/97 (100%)]  Loss:  3.686865 (3.3002)  Time: 0.649s,  788.35/s  (0.660s,  776.26/s)  LR: 7.442e-04  Data: 0.000 (0.016)
2024-04-02 22:00:25,174 - train - INFO - Test: [   0/19]  Time: 0.594 (0.594)  Loss:  1.8945 (1.8945)  Acc@1: 52.1484 (52.1484)  Acc@5: 79.6875 (79.6875)
2024-04-02 22:00:34,508 - train - INFO - Test: [  19/19]  Time: 0.476 (0.496)  Loss:  1.9297 (1.8757)  Acc@1: 55.1471 (53.2800)  Acc@5: 80.8824 (81.8300)
2024-04-02 22:00:35,551 - train - INFO - Train: 18 [   0/97 (  0%)]  Loss:  2.874906 (2.8749)  Time: 0.934s,  548.46/s  (0.934s,  548.46/s)  LR: 7.434e-04  Data: 0.307 (0.307)
2024-04-02 22:01:08,274 - train - INFO - Train: 18 [  50/97 ( 52%)]  Loss:  3.645799 (3.2352)  Time: 0.563s,  910.07/s  (0.660s,  775.84/s)  LR: 7.434e-04  Data: 0.014 (0.018)
2024-04-02 22:01:35,991 - train - INFO - Train: 18 [  96/97 (100%)]  Loss:  2.817051 (3.2687)  Time: 0.712s,  719.09/s  (0.633s,  809.23/s)  LR: 7.434e-04  Data: 0.000 (0.016)
2024-04-02 22:01:36,598 - train - INFO - Test: [   0/19]  Time: 0.605 (0.605)  Loss:  1.7451 (1.7451)  Acc@1: 55.6641 (55.6641)  Acc@5: 83.2031 (83.2031)
2024-04-02 22:01:45,303 - train - INFO - Test: [  19/19]  Time: 0.393 (0.465)  Loss:  1.7393 (1.7134)  Acc@1: 59.5588 (57.4000)  Acc@5: 83.0882 (84.9500)
2024-04-02 22:01:46,267 - train - INFO - Train: 19 [   0/97 (  0%)]  Loss:  2.799723 (2.7997)  Time: 0.872s,  587.09/s  (0.872s,  587.09/s)  LR: 7.427e-04  Data: 0.250 (0.250)
2024-04-02 22:02:17,473 - train - INFO - Train: 19 [  50/97 ( 52%)]  Loss:  3.183539 (3.2419)  Time: 0.566s,  903.97/s  (0.629s,  814.04/s)  LR: 7.427e-04  Data: 0.009 (0.017)
2024-04-02 22:02:44,277 - train - INFO - Train: 19 [  96/97 (100%)]  Loss:  3.256381 (3.2542)  Time: 0.651s,  786.33/s  (0.607s,  843.49/s)  LR: 7.427e-04  Data: 0.000 (0.016)
2024-04-02 22:02:44,879 - train - INFO - Test: [   0/19]  Time: 0.592 (0.592)  Loss:  1.7471 (1.7471)  Acc@1: 57.4219 (57.4219)  Acc@5: 84.3750 (84.3750)
2024-04-02 22:02:53,726 - train - INFO - Test: [  19/19]  Time: 0.326 (0.472)  Loss:  1.7725 (1.7319)  Acc@1: 56.9853 (56.3700)  Acc@5: 84.9265 (83.7300)
2024-04-02 22:02:54,734 - train - INFO - Train: 20 [   0/97 (  0%)]  Loss:  3.360040 (3.3600)  Time: 0.918s,  557.97/s  (0.918s,  557.97/s)  LR: 7.419e-04  Data: 0.245 (0.245)
2024-04-02 22:03:23,809 - train - INFO - Train: 20 [  50/97 ( 52%)]  Loss:  2.761681 (3.1702)  Time: 0.496s, 1031.33/s  (0.588s,  870.67/s)  LR: 7.419e-04  Data: 0.009 (0.018)
2024-04-02 22:03:52,644 - train - INFO - Train: 20 [  96/97 (100%)]  Loss:  2.929400 (3.1944)  Time: 0.630s,  812.87/s  (0.606s,  844.26/s)  LR: 7.419e-04  Data: 0.000 (0.016)
2024-04-02 22:03:53,274 - train - INFO - Test: [   0/19]  Time: 0.627 (0.627)  Loss:  1.7031 (1.7031)  Acc@1: 59.3750 (59.3750)  Acc@5: 83.9844 (83.9844)
2024-04-02 22:04:02,345 - train - INFO - Test: [  19/19]  Time: 0.438 (0.485)  Loss:  1.6699 (1.6866)  Acc@1: 62.8676 (58.9900)  Acc@5: 85.2941 (85.6400)
2024-04-02 22:04:03,498 - train - INFO - Train: 21 [   0/97 (  0%)]  Loss:  3.216343 (3.2163)  Time: 1.054s,  485.61/s  (1.054s,  485.61/s)  LR: 7.411e-04  Data: 0.379 (0.379)
2024-04-02 22:04:36,434 - train - INFO - Train: 21 [  50/97 ( 52%)]  Loss:  3.264531 (3.2013)  Time: 0.644s,  795.06/s  (0.666s,  768.24/s)  LR: 7.411e-04  Data: 0.010 (0.020)
2024-04-02 22:05:06,106 - train - INFO - Train: 21 [  96/97 (100%)]  Loss:  3.338552 (3.1939)  Time: 0.366s, 1398.86/s  (0.656s,  780.14/s)  LR: 7.411e-04  Data: 0.000 (0.016)
2024-04-02 22:05:06,655 - train - INFO - Test: [   0/19]  Time: 0.547 (0.547)  Loss:  1.5518 (1.5518)  Acc@1: 62.8906 (62.8906)  Acc@5: 85.3516 (85.3516)
2024-04-02 22:05:15,910 - train - INFO - Test: [  19/19]  Time: 0.491 (0.490)  Loss:  1.5654 (1.5490)  Acc@1: 61.3971 (60.4200)  Acc@5: 85.2941 (86.6100)
2024-04-02 22:05:16,822 - train - INFO - Train: 22 [   0/97 (  0%)]  Loss:  2.946236 (2.9462)  Time: 0.822s,  622.53/s  (0.822s,  622.53/s)  LR: 7.402e-04  Data: 0.254 (0.254)
2024-04-02 22:05:45,581 - train - INFO - Train: 22 [  50/97 ( 52%)]  Loss:  2.905821 (3.1858)  Time: 0.582s,  879.46/s  (0.580s,  882.75/s)  LR: 7.402e-04  Data: 0.009 (0.021)
2024-04-02 22:06:14,872 - train - INFO - Train: 22 [  96/97 (100%)]  Loss:  3.353404 (3.1926)  Time: 0.712s,  718.82/s  (0.607s,  843.63/s)  LR: 7.402e-04  Data: 0.000 (0.018)
2024-04-02 22:06:15,462 - train - INFO - Test: [   0/19]  Time: 0.587 (0.587)  Loss:  1.6797 (1.6797)  Acc@1: 57.6172 (57.6172)  Acc@5: 83.9844 (83.9844)
2024-04-02 22:06:24,613 - train - INFO - Test: [  19/19]  Time: 0.499 (0.487)  Loss:  1.6807 (1.6637)  Acc@1: 58.0882 (58.1600)  Acc@5: 86.7647 (85.4500)
2024-04-02 22:06:25,524 - train - INFO - Train: 23 [   0/97 (  0%)]  Loss:  2.672139 (2.6721)  Time: 0.812s,  630.69/s  (0.812s,  630.69/s)  LR: 7.393e-04  Data: 0.264 (0.264)
2024-04-02 22:06:54,061 - train - INFO - Train: 23 [  50/97 ( 52%)]  Loss:  2.717772 (3.1722)  Time: 0.592s,  865.48/s  (0.575s,  889.75/s)  LR: 7.393e-04  Data: 0.009 (0.020)
2024-04-02 22:07:21,436 - train - INFO - Train: 23 [  96/97 (100%)]  Loss:  3.401594 (3.1468)  Time: 0.582s,  879.25/s  (0.585s,  875.59/s)  LR: 7.393e-04  Data: 0.000 (0.017)
2024-04-02 22:07:21,971 - train - INFO - Test: [   0/19]  Time: 0.533 (0.533)  Loss:  1.7246 (1.7246)  Acc@1: 60.1562 (60.1562)  Acc@5: 83.0078 (83.0078)
2024-04-02 22:07:30,865 - train - INFO - Test: [  19/19]  Time: 0.438 (0.471)  Loss:  1.7266 (1.7086)  Acc@1: 59.1912 (58.6000)  Acc@5: 86.0294 (85.1100)
2024-04-02 22:07:31,915 - train - INFO - Train: 24 [   0/97 (  0%)]  Loss:  2.973441 (2.9734)  Time: 0.959s,  533.67/s  (0.959s,  533.67/s)  LR: 7.384e-04  Data: 0.294 (0.294)
2024-04-02 22:08:02,955 - train - INFO - Train: 24 [  50/97 ( 52%)]  Loss:  3.605396 (3.1495)  Time: 0.688s,  744.38/s  (0.627s,  816.04/s)  LR: 7.384e-04  Data: 0.010 (0.018)
2024-04-02 22:08:32,786 - train - INFO - Train: 24 [  96/97 (100%)]  Loss:  2.658036 (3.1392)  Time: 0.585s,  874.63/s  (0.637s,  803.26/s)  LR: 7.384e-04  Data: 0.000 (0.017)
2024-04-02 22:08:33,387 - train - INFO - Test: [   0/19]  Time: 0.598 (0.598)  Loss:  1.5498 (1.5498)  Acc@1: 62.3047 (62.3047)  Acc@5: 86.3281 (86.3281)
2024-04-02 22:08:43,227 - train - INFO - Test: [  19/19]  Time: 0.525 (0.522)  Loss:  1.5967 (1.5483)  Acc@1: 61.3971 (60.6400)  Acc@5: 87.5000 (86.7200)
2024-04-02 22:08:44,198 - train - INFO - Train: 25 [   0/97 (  0%)]  Loss:  3.624552 (3.6246)  Time: 0.881s,  581.41/s  (0.881s,  581.41/s)  LR: 7.374e-04  Data: 0.273 (0.273)
2024-04-02 22:09:13,123 - train - INFO - Train: 25 [  50/97 ( 52%)]  Loss:  3.240721 (3.1614)  Time: 0.720s,  710.83/s  (0.584s,  876.10/s)  LR: 7.374e-04  Data: 0.014 (0.020)
2024-04-02 22:09:41,368 - train - INFO - Train: 25 [  96/97 (100%)]  Loss:  3.127359 (3.1808)  Time: 0.642s,  797.54/s  (0.598s,  855.57/s)  LR: 7.374e-04  Data: 0.000 (0.017)
2024-04-02 22:09:41,897 - train - INFO - Test: [   0/19]  Time: 0.527 (0.527)  Loss:  1.6016 (1.6016)  Acc@1: 62.3047 (62.3047)  Acc@5: 84.5703 (84.5703)
2024-04-02 22:09:50,752 - train - INFO - Test: [  19/19]  Time: 0.495 (0.469)  Loss:  1.6055 (1.6031)  Acc@1: 59.5588 (60.4600)  Acc@5: 86.3971 (86.5200)
2024-04-02 22:09:51,817 - train - INFO - Train: 26 [   0/97 (  0%)]  Loss:  3.173539 (3.1735)  Time: 0.961s,  532.98/s  (0.961s,  532.98/s)  LR: 7.364e-04  Data: 0.297 (0.297)
2024-04-02 22:10:22,563 - train - INFO - Train: 26 [  50/97 ( 52%)]  Loss:  2.902867 (3.1527)  Time: 0.694s,  737.22/s  (0.622s,  823.58/s)  LR: 7.364e-04  Data: 0.013 (0.019)
2024-04-02 22:10:50,404 - train - INFO - Train: 26 [  96/97 (100%)]  Loss:  3.420487 (3.1204)  Time: 0.520s,  985.38/s  (0.614s,  834.04/s)  LR: 7.364e-04  Data: 0.000 (0.018)
2024-04-02 22:10:51,086 - train - INFO - Test: [   0/19]  Time: 0.680 (0.680)  Loss:  1.6191 (1.6191)  Acc@1: 59.3750 (59.3750)  Acc@5: 83.9844 (83.9844)
2024-04-02 22:10:59,696 - train - INFO - Test: [  19/19]  Time: 0.466 (0.464)  Loss:  1.5967 (1.6162)  Acc@1: 61.3971 (59.7400)  Acc@5: 83.4559 (85.4700)
2024-04-02 22:11:00,603 - train - INFO - Train: 27 [   0/97 (  0%)]  Loss:  2.765584 (2.7656)  Time: 0.821s,  623.60/s  (0.821s,  623.60/s)  LR: 7.353e-04  Data: 0.259 (0.259)
2024-04-02 22:11:31,838 - train - INFO - Train: 27 [  50/97 ( 52%)]  Loss:  3.205930 (3.0809)  Time: 0.466s, 1098.62/s  (0.629s,  814.60/s)  LR: 7.353e-04  Data: 0.011 (0.018)
2024-04-02 22:12:01,750 - train - INFO - Train: 27 [  96/97 (100%)]  Loss:  2.934167 (3.1075)  Time: 0.691s,  740.58/s  (0.639s,  801.48/s)  LR: 7.353e-04  Data: 0.000 (0.016)
2024-04-02 22:12:02,356 - train - INFO - Test: [   0/19]  Time: 0.604 (0.604)  Loss:  1.5127 (1.5127)  Acc@1: 62.6953 (62.6953)  Acc@5: 87.6953 (87.6953)
2024-04-02 22:12:11,614 - train - INFO - Test: [  19/19]  Time: 0.511 (0.493)  Loss:  1.4639 (1.4890)  Acc@1: 65.4412 (62.1500)  Acc@5: 87.1324 (87.9400)
2024-04-02 22:12:12,616 - train - INFO - Train: 28 [   0/97 (  0%)]  Loss:  3.365955 (3.3660)  Time: 0.901s,  568.11/s  (0.901s,  568.11/s)  LR: 7.342e-04  Data: 0.322 (0.322)
2024-04-02 22:12:42,589 - train - INFO - Train: 28 [  50/97 ( 52%)]  Loss:  3.392363 (3.1115)  Time: 0.643s,  796.44/s  (0.605s,  845.78/s)  LR: 7.342e-04  Data: 0.009 (0.019)
2024-04-02 22:13:08,814 - train - INFO - Train: 28 [  96/97 (100%)]  Loss:  2.624109 (3.1007)  Time: 0.627s,  815.95/s  (0.589s,  869.81/s)  LR: 7.342e-04  Data: 0.000 (0.017)
2024-04-02 22:13:09,313 - train - INFO - Test: [   0/19]  Time: 0.496 (0.496)  Loss:  1.5332 (1.5332)  Acc@1: 59.3750 (59.3750)  Acc@5: 86.1328 (86.1328)
2024-04-02 22:13:18,006 - train - INFO - Test: [  19/19]  Time: 0.431 (0.459)  Loss:  1.5078 (1.4905)  Acc@1: 62.8676 (61.6700)  Acc@5: 86.3971 (87.9700)
2024-04-02 22:13:19,019 - train - INFO - Train: 29 [   0/97 (  0%)]  Loss:  2.723989 (2.7240)  Time: 0.882s,  580.54/s  (0.882s,  580.54/s)  LR: 7.331e-04  Data: 0.272 (0.272)
2024-04-02 22:13:49,296 - train - INFO - Train: 29 [  50/97 ( 52%)]  Loss:  2.785491 (3.0552)  Time: 0.605s,  846.97/s  (0.611s,  838.07/s)  LR: 7.331e-04  Data: 0.010 (0.019)
2024-04-02 22:14:15,437 - train - INFO - Train: 29 [  96/97 (100%)]  Loss:  3.168988 (3.0782)  Time: 0.394s, 1298.54/s  (0.591s,  866.77/s)  LR: 7.331e-04  Data: 0.000 (0.016)
2024-04-02 22:14:15,838 - train - INFO - Test: [   0/19]  Time: 0.399 (0.399)  Loss:  1.4541 (1.4541)  Acc@1: 63.8672 (63.8672)  Acc@5: 87.1094 (87.1094)
2024-04-02 22:14:24,442 - train - INFO - Test: [  19/19]  Time: 0.431 (0.450)  Loss:  1.4834 (1.4590)  Acc@1: 62.8676 (62.9000)  Acc@5: 86.7647 (88.3600)
2024-04-02 22:14:25,471 - train - INFO - Train: 30 [   0/97 (  0%)]  Loss:  3.001637 (3.0016)  Time: 0.936s,  546.82/s  (0.936s,  546.82/s)  LR: 7.319e-04  Data: 0.283 (0.283)
2024-04-02 22:14:58,067 - train - INFO - Train: 30 [  50/97 ( 52%)]  Loss:  2.611651 (3.0279)  Time: 0.715s,  716.43/s  (0.657s,  778.74/s)  LR: 7.319e-04  Data: 0.013 (0.018)
2024-04-02 22:15:25,997 - train - INFO - Train: 30 [  96/97 (100%)]  Loss:  3.394987 (3.0105)  Time: 0.693s,  738.80/s  (0.634s,  808.06/s)  LR: 7.319e-04  Data: 0.000 (0.016)
2024-04-02 22:15:26,565 - train - INFO - Test: [   0/19]  Time: 0.563 (0.563)  Loss:  1.4922 (1.4922)  Acc@1: 62.6953 (62.6953)  Acc@5: 86.9141 (86.9141)
2024-04-02 22:15:35,160 - train - INFO - Test: [  19/19]  Time: 0.444 (0.458)  Loss:  1.4697 (1.4871)  Acc@1: 64.7059 (62.4000)  Acc@5: 88.9706 (88.3900)
2024-04-02 22:15:36,324 - train - INFO - Train: 31 [   0/97 (  0%)]  Loss:  3.069562 (3.0696)  Time: 0.977s,  524.31/s  (0.977s,  524.31/s)  LR: 7.307e-04  Data: 0.336 (0.336)
2024-04-02 22:16:08,690 - train - INFO - Train: 31 [  50/97 ( 52%)]  Loss:  3.300649 (3.0442)  Time: 0.698s,  733.58/s  (0.654s,  783.20/s)  LR: 7.307e-04  Data: 0.008 (0.018)
2024-04-02 22:16:39,132 - train - INFO - Train: 31 [  96/97 (100%)]  Loss:  2.562973 (3.0054)  Time: 0.700s,  731.40/s  (0.658s,  778.67/s)  LR: 7.307e-04  Data: 0.000 (0.016)
2024-04-02 22:16:39,747 - train - INFO - Test: [   0/19]  Time: 0.612 (0.612)  Loss:  1.4609 (1.4609)  Acc@1: 64.0625 (64.0625)  Acc@5: 86.9141 (86.9141)
2024-04-02 22:16:49,085 - train - INFO - Test: [  19/19]  Time: 0.462 (0.498)  Loss:  1.4678 (1.4577)  Acc@1: 65.8088 (63.3200)  Acc@5: 86.3971 (87.9900)
2024-04-02 22:16:50,105 - train - INFO - Train: 32 [   0/97 (  0%)]  Loss:  2.547524 (2.5475)  Time: 0.904s,  566.09/s  (0.904s,  566.09/s)  LR: 7.294e-04  Data: 0.267 (0.267)
2024-04-02 22:17:22,332 - train - INFO - Train: 32 [  50/97 ( 52%)]  Loss:  2.593978 (2.9853)  Time: 0.689s,  743.38/s  (0.650s,  788.26/s)  LR: 7.294e-04  Data: 0.014 (0.019)
2024-04-02 22:17:52,236 - train - INFO - Train: 32 [  96/97 (100%)]  Loss:  2.936835 (2.9812)  Time: 0.619s,  827.59/s  (0.650s,  787.96/s)  LR: 7.294e-04  Data: 0.000 (0.016)
2024-04-02 22:17:52,843 - train - INFO - Test: [   0/19]  Time: 0.604 (0.604)  Loss:  1.5449 (1.5449)  Acc@1: 63.4766 (63.4766)  Acc@5: 84.3750 (84.3750)
2024-04-02 22:18:01,141 - train - INFO - Test: [  19/19]  Time: 0.415 (0.445)  Loss:  1.6250 (1.5430)  Acc@1: 61.3971 (62.5000)  Acc@5: 87.1324 (87.3500)
2024-04-02 22:18:02,234 - train - INFO - Train: 33 [   0/97 (  0%)]  Loss:  3.220465 (3.2205)  Time: 0.967s,  529.31/s  (0.967s,  529.31/s)  LR: 7.281e-04  Data: 0.297 (0.297)
2024-04-02 22:18:32,890 - train - INFO - Train: 33 [  50/97 ( 52%)]  Loss:  2.905548 (3.1136)  Time: 0.553s,  925.42/s  (0.620s,  825.78/s)  LR: 7.281e-04  Data: 0.010 (0.019)
2024-04-02 22:19:01,797 - train - INFO - Train: 33 [  96/97 (100%)]  Loss:  3.150821 (3.0631)  Time: 0.564s,  907.19/s  (0.624s,  820.52/s)  LR: 7.281e-04  Data: 0.000 (0.016)
2024-04-02 22:19:02,400 - train - INFO - Test: [   0/19]  Time: 0.601 (0.601)  Loss:  1.4941 (1.4941)  Acc@1: 63.8672 (63.8672)  Acc@5: 85.5469 (85.5469)
2024-04-02 22:19:10,778 - train - INFO - Test: [  19/19]  Time: 0.502 (0.449)  Loss:  1.4727 (1.4982)  Acc@1: 64.7059 (63.2300)  Acc@5: 87.8676 (87.9300)
2024-04-02 22:19:11,793 - train - INFO - Train: 34 [   0/97 (  0%)]  Loss:  3.488363 (3.4884)  Time: 0.916s,  558.80/s  (0.916s,  558.80/s)  LR: 7.268e-04  Data: 0.248 (0.248)
2024-04-02 22:19:42,651 - train - INFO - Train: 34 [  50/97 ( 52%)]  Loss:  3.047367 (3.0992)  Time: 0.634s,  807.22/s  (0.623s,  821.82/s)  LR: 7.268e-04  Data: 0.009 (0.019)
2024-04-02 22:20:12,396 - train - INFO - Train: 34 [  96/97 (100%)]  Loss:  2.818853 (3.0636)  Time: 0.732s,  699.86/s  (0.634s,  807.32/s)  LR: 7.268e-04  Data: 0.000 (0.016)
2024-04-02 22:20:12,985 - train - INFO - Test: [   0/19]  Time: 0.587 (0.587)  Loss:  1.5000 (1.5000)  Acc@1: 65.2344 (65.2344)  Acc@5: 85.9375 (85.9375)
2024-04-02 22:20:21,776 - train - INFO - Test: [  19/19]  Time: 0.365 (0.469)  Loss:  1.4990 (1.4965)  Acc@1: 63.2353 (63.4500)  Acc@5: 87.8676 (88.2100)
2024-04-02 22:20:22,749 - train - INFO - Train: 35 [   0/97 (  0%)]  Loss:  3.049184 (3.0492)  Time: 0.878s,  583.45/s  (0.878s,  583.45/s)  LR: 7.254e-04  Data: 0.260 (0.260)
2024-04-02 22:20:55,627 - train - INFO - Train: 35 [  50/97 ( 52%)]  Loss:  2.934110 (3.0652)  Time: 0.653s,  784.58/s  (0.662s,  773.58/s)  LR: 7.254e-04  Data: 0.009 (0.018)
2024-04-02 22:21:25,820 - train - INFO - Train: 35 [  96/97 (100%)]  Loss:  2.850247 (3.0565)  Time: 0.418s, 1225.28/s  (0.659s,  776.65/s)  LR: 7.254e-04  Data: 0.000 (0.015)
2024-04-02 22:21:26,272 - train - INFO - Test: [   0/19]  Time: 0.449 (0.449)  Loss:  1.4912 (1.4912)  Acc@1: 66.4062 (66.4062)  Acc@5: 85.3516 (85.3516)
2024-04-02 22:21:34,459 - train - INFO - Test: [  19/19]  Time: 0.433 (0.432)  Loss:  1.5693 (1.5242)  Acc@1: 62.5000 (62.8200)  Acc@5: 85.2941 (87.5000)
2024-04-02 22:21:35,312 - train - INFO - Train: 36 [   0/97 (  0%)]  Loss:  3.400669 (3.4007)  Time: 0.768s,  666.88/s  (0.768s,  666.88/s)  LR: 7.240e-04  Data: 0.304 (0.304)
2024-04-02 22:22:07,340 - train - INFO - Train: 36 [  50/97 ( 52%)]  Loss:  2.534698 (2.9863)  Time: 0.681s,  752.15/s  (0.643s,  796.24/s)  LR: 7.240e-04  Data: 0.014 (0.019)
2024-04-02 22:22:36,674 - train - INFO - Train: 36 [  96/97 (100%)]  Loss:  3.489873 (2.9657)  Time: 0.589s,  869.16/s  (0.640s,  799.40/s)  LR: 7.240e-04  Data: 0.000 (0.017)
2024-04-02 22:22:37,276 - train - INFO - Test: [   0/19]  Time: 0.599 (0.599)  Loss:  1.5176 (1.5176)  Acc@1: 65.4297 (65.4297)  Acc@5: 86.5234 (86.5234)
2024-04-02 22:22:45,582 - train - INFO - Test: [  19/19]  Time: 0.439 (0.445)  Loss:  1.5205 (1.5214)  Acc@1: 65.8088 (63.9100)  Acc@5: 87.5000 (88.4100)
2024-04-02 22:22:46,514 - train - INFO - Train: 37 [   0/97 (  0%)]  Loss:  2.481290 (2.4813)  Time: 0.832s,  615.22/s  (0.832s,  615.22/s)  LR: 7.226e-04  Data: 0.279 (0.279)
2024-04-02 22:23:18,353 - train - INFO - Train: 37 [  50/97 ( 52%)]  Loss:  3.091947 (2.9676)  Time: 0.679s,  754.20/s  (0.641s,  799.24/s)  LR: 7.226e-04  Data: 0.011 (0.019)
2024-04-02 22:23:44,202 - train - INFO - Train: 37 [  96/97 (100%)]  Loss:  2.539020 (2.9908)  Time: 0.596s,  858.56/s  (0.603s,  848.69/s)  LR: 7.226e-04  Data: 0.000 (0.017)
2024-04-02 22:23:44,724 - train - INFO - Test: [   0/19]  Time: 0.520 (0.520)  Loss:  1.4102 (1.4102)  Acc@1: 65.6250 (65.6250)  Acc@5: 87.6953 (87.6953)
2024-04-02 22:23:53,691 - train - INFO - Test: [  19/19]  Time: 0.441 (0.474)  Loss:  1.4082 (1.3998)  Acc@1: 64.3382 (65.0400)  Acc@5: 89.3382 (89.0700)
2024-04-02 22:23:54,785 - train - INFO - Train: 38 [   0/97 (  0%)]  Loss:  2.771506 (2.7715)  Time: 0.983s,  520.94/s  (0.983s,  520.94/s)  LR: 7.211e-04  Data: 0.268 (0.268)
2024-04-02 22:24:27,975 - train - INFO - Train: 38 [  50/97 ( 52%)]  Loss:  3.385669 (3.0457)  Time: 0.708s,  722.79/s  (0.670s,  764.28/s)  LR: 7.211e-04  Data: 0.009 (0.018)
2024-04-02 22:24:59,628 - train - INFO - Train: 38 [  96/97 (100%)]  Loss:  3.282484 (3.0453)  Time: 0.705s,  726.09/s  (0.679s,  754.58/s)  LR: 7.211e-04  Data: 0.000 (0.016)
2024-04-02 22:25:00,211 - train - INFO - Test: [   0/19]  Time: 0.579 (0.579)  Loss:  1.4434 (1.4434)  Acc@1: 66.2109 (66.2109)  Acc@5: 88.0859 (88.0859)
2024-04-02 22:25:08,809 - train - INFO - Test: [  19/19]  Time: 0.474 (0.459)  Loss:  1.4570 (1.4335)  Acc@1: 65.8088 (65.3500)  Acc@5: 88.6029 (89.3700)
2024-04-02 22:25:09,742 - train - INFO - Train: 39 [   0/97 (  0%)]  Loss:  2.518680 (2.5187)  Time: 0.850s,  602.12/s  (0.850s,  602.12/s)  LR: 7.196e-04  Data: 0.291 (0.291)
2024-04-02 22:25:39,679 - train - INFO - Train: 39 [  50/97 ( 52%)]  Loss:  3.096563 (2.9847)  Time: 0.644s,  795.60/s  (0.604s,  848.20/s)  LR: 7.196e-04  Data: 0.027 (0.020)
2024-04-02 22:26:08,152 - train - INFO - Train: 39 [  96/97 (100%)]  Loss:  3.358335 (2.9976)  Time: 0.535s,  956.88/s  (0.611s,  838.10/s)  LR: 7.196e-04  Data: 0.000 (0.016)
2024-04-02 22:26:08,836 - train - INFO - Test: [   0/19]  Time: 0.681 (0.681)  Loss:  1.4785 (1.4785)  Acc@1: 66.9922 (66.9922)  Acc@5: 86.9141 (86.9141)
2024-04-02 22:26:17,493 - train - INFO - Test: [  19/19]  Time: 0.466 (0.467)  Loss:  1.4912 (1.4658)  Acc@1: 66.1765 (64.9000)  Acc@5: 88.2353 (89.0000)
2024-04-02 22:26:18,402 - train - INFO - Train: 40 [   0/97 (  0%)]  Loss:  3.308602 (3.3086)  Time: 0.798s,  641.31/s  (0.798s,  641.31/s)  LR: 7.180e-04  Data: 0.236 (0.236)
2024-04-02 22:26:47,227 - train - INFO - Train: 40 [  50/97 ( 52%)]  Loss:  2.622148 (2.8715)  Time: 0.668s,  766.87/s  (0.581s,  881.51/s)  LR: 7.180e-04  Data: 0.010 (0.018)
2024-04-02 22:27:14,397 - train - INFO - Train: 40 [  96/97 (100%)]  Loss:  3.250909 (2.9072)  Time: 0.632s,  810.54/s  (0.585s,  874.50/s)  LR: 7.180e-04  Data: 0.000 (0.016)
2024-04-02 22:27:14,962 - train - INFO - Test: [   0/19]  Time: 0.561 (0.561)  Loss:  1.4307 (1.4307)  Acc@1: 66.4062 (66.4062)  Acc@5: 88.2812 (88.2812)
2024-04-02 22:27:23,265 - train - INFO - Test: [  19/19]  Time: 0.473 (0.443)  Loss:  1.4688 (1.4097)  Acc@1: 63.9706 (65.0300)  Acc@5: 86.3971 (89.4700)
2024-04-02 22:27:24,138 - train - INFO - Train: 41 [   0/97 (  0%)]  Loss:  2.436011 (2.4360)  Time: 0.785s,  652.50/s  (0.785s,  652.50/s)  LR: 7.164e-04  Data: 0.276 (0.276)
2024-04-02 22:27:53,882 - train - INFO - Train: 41 [  50/97 ( 52%)]  Loss:  3.260839 (2.9390)  Time: 0.639s,  801.51/s  (0.599s,  855.36/s)  LR: 7.164e-04  Data: 0.014 (0.020)
2024-04-02 22:28:24,745 - train - INFO - Train: 41 [  96/97 (100%)]  Loss:  2.993086 (2.9383)  Time: 0.631s,  810.95/s  (0.633s,  809.00/s)  LR: 7.164e-04  Data: 0.000 (0.017)
2024-04-02 22:28:25,383 - train - INFO - Test: [   0/19]  Time: 0.636 (0.636)  Loss:  1.4697 (1.4697)  Acc@1: 65.0391 (65.0391)  Acc@5: 88.6719 (88.6719)
2024-04-02 22:28:33,673 - train - INFO - Test: [  19/19]  Time: 0.498 (0.446)  Loss:  1.4756 (1.4724)  Acc@1: 65.4412 (64.3600)  Acc@5: 86.3971 (88.5800)
2024-04-02 22:28:34,614 - train - INFO - Train: 42 [   0/97 (  0%)]  Loss:  2.701692 (2.7017)  Time: 0.835s,  612.89/s  (0.835s,  612.89/s)  LR: 7.148e-04  Data: 0.258 (0.258)
2024-04-02 22:29:05,936 - train - INFO - Train: 42 [  50/97 ( 52%)]  Loss:  2.417258 (2.9605)  Time: 0.645s,  793.54/s  (0.631s,  812.04/s)  LR: 7.148e-04  Data: 0.014 (0.020)
2024-04-02 22:29:33,632 - train - INFO - Train: 42 [  96/97 (100%)]  Loss:  3.538598 (2.9789)  Time: 0.600s,  853.19/s  (0.617s,  829.79/s)  LR: 7.148e-04  Data: 0.000 (0.016)
2024-04-02 22:29:34,289 - train - INFO - Test: [   0/19]  Time: 0.655 (0.655)  Loss:  1.4092 (1.4092)  Acc@1: 68.1641 (68.1641)  Acc@5: 88.4766 (88.4766)
2024-04-02 22:29:42,448 - train - INFO - Test: [  19/19]  Time: 0.439 (0.441)  Loss:  1.3945 (1.4017)  Acc@1: 69.1176 (66.3700)  Acc@5: 88.2353 (89.8400)
2024-04-02 22:29:43,417 - train - INFO - Train: 43 [   0/97 (  0%)]  Loss:  3.380937 (3.3809)  Time: 0.864s,  592.48/s  (0.864s,  592.48/s)  LR: 7.131e-04  Data: 0.265 (0.265)
2024-04-02 22:30:12,988 - train - INFO - Train: 43 [  50/97 ( 52%)]  Loss:  3.127169 (2.9665)  Time: 0.602s,  850.35/s  (0.597s,  857.98/s)  LR: 7.131e-04  Data: 0.010 (0.018)
2024-04-02 22:30:40,318 - train - INFO - Train: 43 [  96/97 (100%)]  Loss:  2.575785 (2.9668)  Time: 0.677s,  756.49/s  (0.595s,  859.80/s)  LR: 7.131e-04  Data: 0.000 (0.016)
2024-04-02 22:30:40,936 - train - INFO - Test: [   0/19]  Time: 0.615 (0.615)  Loss:  1.3408 (1.3408)  Acc@1: 67.5781 (67.5781)  Acc@5: 86.9141 (86.9141)
2024-04-02 22:30:49,226 - train - INFO - Test: [  19/19]  Time: 0.507 (0.445)  Loss:  1.3652 (1.3345)  Acc@1: 64.7059 (65.9700)  Acc@5: 87.5000 (89.5100)
2024-04-02 22:30:50,085 - train - INFO - Train: 44 [   0/97 (  0%)]  Loss:  3.061376 (3.0614)  Time: 0.776s,  659.94/s  (0.776s,  659.94/s)  LR: 7.114e-04  Data: 0.379 (0.379)
2024-04-02 22:31:21,997 - train - INFO - Train: 44 [  50/97 ( 52%)]  Loss:  2.573741 (2.9650)  Time: 0.606s,  845.26/s  (0.641s,  798.87/s)  LR: 7.114e-04  Data: 0.009 (0.021)
2024-04-02 22:31:51,396 - train - INFO - Train: 44 [  96/97 (100%)]  Loss:  3.232429 (2.9808)  Time: 0.683s,  750.05/s  (0.640s,  799.96/s)  LR: 7.114e-04  Data: 0.000 (0.019)
2024-04-02 22:31:51,955 - train - INFO - Test: [   0/19]  Time: 0.556 (0.556)  Loss:  1.5127 (1.5127)  Acc@1: 64.0625 (64.0625)  Acc@5: 87.8906 (87.8906)
2024-04-02 22:32:01,098 - train - INFO - Test: [  19/19]  Time: 0.261 (0.485)  Loss:  1.4746 (1.4746)  Acc@1: 66.1765 (65.2900)  Acc@5: 88.2353 (89.1500)
2024-04-02 22:32:02,125 - train - INFO - Train: 45 [   0/97 (  0%)]  Loss:  2.604701 (2.6047)  Time: 0.931s,  550.18/s  (0.931s,  550.18/s)  LR: 7.097e-04  Data: 0.251 (0.251)
2024-04-02 22:32:32,471 - train - INFO - Train: 45 [  50/97 ( 52%)]  Loss:  3.031900 (2.8644)  Time: 0.442s, 1158.00/s  (0.613s,  834.88/s)  LR: 7.097e-04  Data: 0.023 (0.019)
2024-04-02 22:33:01,058 - train - INFO - Train: 45 [  96/97 (100%)]  Loss:  3.555710 (2.8972)  Time: 0.535s,  956.79/s  (0.617s,  829.65/s)  LR: 7.097e-04  Data: 0.000 (0.017)
2024-04-02 22:33:01,631 - train - INFO - Test: [   0/19]  Time: 0.530 (0.530)  Loss:  1.3877 (1.3877)  Acc@1: 65.8203 (65.8203)  Acc@5: 89.0625 (89.0625)
2024-04-02 22:33:09,827 - train - INFO - Test: [  19/19]  Time: 0.414 (0.436)  Loss:  1.3711 (1.3623)  Acc@1: 66.1765 (67.3500)  Acc@5: 88.9706 (90.2600)
2024-04-02 22:33:10,765 - train - INFO - Train: 46 [   0/97 (  0%)]  Loss:  3.212955 (3.2130)  Time: 0.828s,  618.45/s  (0.828s,  618.45/s)  LR: 7.079e-04  Data: 0.311 (0.311)
2024-04-02 22:33:40,378 - train - INFO - Train: 46 [  50/97 ( 52%)]  Loss:  3.137512 (2.9639)  Time: 0.721s,  710.33/s  (0.597s,  857.84/s)  LR: 7.079e-04  Data: 0.013 (0.020)
2024-04-02 22:34:09,862 - train - INFO - Train: 46 [  96/97 (100%)]  Loss:  2.677015 (2.9470)  Time: 0.521s,  982.81/s  (0.618s,  828.80/s)  LR: 7.079e-04  Data: 0.000 (0.018)
2024-04-02 22:34:10,337 - train - INFO - Test: [   0/19]  Time: 0.473 (0.473)  Loss:  1.4307 (1.4307)  Acc@1: 66.2109 (66.2109)  Acc@5: 87.8906 (87.8906)
2024-04-02 22:34:18,608 - train - INFO - Test: [  19/19]  Time: 0.413 (0.437)  Loss:  1.4707 (1.4324)  Acc@1: 67.2794 (65.3900)  Acc@5: 86.3971 (89.4400)
2024-04-02 22:34:19,593 - train - INFO - Train: 47 [   0/97 (  0%)]  Loss:  2.997475 (2.9975)  Time: 0.893s,  573.33/s  (0.893s,  573.33/s)  LR: 7.061e-04  Data: 0.255 (0.255)
2024-04-02 22:34:49,693 - train - INFO - Train: 47 [  50/97 ( 52%)]  Loss:  3.144293 (2.9008)  Time: 0.502s, 1019.80/s  (0.608s,  842.55/s)  LR: 7.061e-04  Data: 0.009 (0.019)
2024-04-02 22:35:16,369 - train - INFO - Train: 47 [  96/97 (100%)]  Loss:  2.933956 (2.9089)  Time: 0.532s,  962.69/s  (0.594s,  861.23/s)  LR: 7.061e-04  Data: 0.000 (0.016)
2024-04-02 22:35:17,031 - train - INFO - Test: [   0/19]  Time: 0.659 (0.659)  Loss:  1.3574 (1.3574)  Acc@1: 68.7500 (68.7500)  Acc@5: 89.0625 (89.0625)
2024-04-02 22:35:25,214 - train - INFO - Test: [  19/19]  Time: 0.339 (0.442)  Loss:  1.3887 (1.3723)  Acc@1: 65.0735 (66.8200)  Acc@5: 88.6029 (89.8900)
2024-04-02 22:35:26,268 - train - INFO - Train: 48 [   0/97 (  0%)]  Loss:  3.210350 (3.2103)  Time: 0.953s,  537.07/s  (0.953s,  537.07/s)  LR: 7.042e-04  Data: 0.257 (0.257)
2024-04-02 22:35:55,300 - train - INFO - Train: 48 [  50/97 ( 52%)]  Loss:  3.347202 (2.9032)  Time: 0.634s,  807.04/s  (0.588s,  870.86/s)  LR: 7.042e-04  Data: 0.021 (0.019)
2024-04-02 22:36:26,139 - train - INFO - Train: 48 [  96/97 (100%)]  Loss:  3.097205 (2.9473)  Time: 0.687s,  745.36/s  (0.627s,  816.55/s)  LR: 7.042e-04  Data: 0.000 (0.017)
2024-04-02 22:36:26,679 - train - INFO - Test: [   0/19]  Time: 0.539 (0.539)  Loss:  1.3789 (1.3789)  Acc@1: 67.3828 (67.3828)  Acc@5: 88.2812 (88.2812)
2024-04-02 22:36:34,897 - train - INFO - Test: [  19/19]  Time: 0.467 (0.438)  Loss:  1.4307 (1.3726)  Acc@1: 66.1765 (66.3700)  Acc@5: 86.3971 (89.9200)
2024-04-02 22:36:35,866 - train - INFO - Train: 49 [   0/97 (  0%)]  Loss:  2.486145 (2.4861)  Time: 0.864s,  592.37/s  (0.864s,  592.37/s)  LR: 7.023e-04  Data: 0.288 (0.288)
2024-04-02 22:37:08,354 - train - INFO - Train: 49 [  50/97 ( 52%)]  Loss:  2.752971 (2.8695)  Time: 0.690s,  741.62/s  (0.654s,  782.95/s)  LR: 7.023e-04  Data: 0.011 (0.020)
2024-04-02 22:37:39,547 - train - INFO - Train: 49 [  96/97 (100%)]  Loss:  2.441887 (2.8980)  Time: 0.726s,  705.16/s  (0.665s,  769.48/s)  LR: 7.023e-04  Data: 0.000 (0.017)
2024-04-02 22:37:40,139 - train - INFO - Test: [   0/19]  Time: 0.588 (0.588)  Loss:  1.3838 (1.3838)  Acc@1: 69.5312 (69.5312)  Acc@5: 87.3047 (87.3047)
2024-04-02 22:37:48,351 - train - INFO - Test: [  19/19]  Time: 0.484 (0.440)  Loss:  1.4473 (1.3896)  Acc@1: 62.5000 (66.5700)  Acc@5: 87.8676 (90.0600)
2024-04-02 22:37:49,453 - train - INFO - Train: 50 [   0/97 (  0%)]  Loss:  3.262840 (3.2628)  Time: 1.015s,  504.49/s  (1.015s,  504.49/s)  LR: 7.004e-04  Data: 0.416 (0.416)
2024-04-02 22:38:21,890 - train - INFO - Train: 50 [  50/97 ( 52%)]  Loss:  3.275370 (2.9074)  Time: 0.684s,  748.26/s  (0.656s,  780.61/s)  LR: 7.004e-04  Data: 0.009 (0.021)
2024-04-02 22:38:51,201 - train - INFO - Train: 50 [  96/97 (100%)]  Loss:  3.066280 (2.9588)  Time: 0.627s,  816.02/s  (0.647s,  791.33/s)  LR: 7.004e-04  Data: 0.000 (0.017)
2024-04-02 22:38:51,768 - train - INFO - Test: [   0/19]  Time: 0.564 (0.564)  Loss:  1.3789 (1.3789)  Acc@1: 69.5312 (69.5312)  Acc@5: 87.8906 (87.8906)
2024-04-02 22:39:00,313 - train - INFO - Test: [  19/19]  Time: 0.558 (0.455)  Loss:  1.4082 (1.3957)  Acc@1: 65.4412 (66.9200)  Acc@5: 88.6029 (90.1200)
2024-04-02 22:39:01,469 - train - INFO - Train: 51 [   0/97 (  0%)]  Loss:  3.025378 (3.0254)  Time: 0.975s,  525.34/s  (0.975s,  525.34/s)  LR: 6.985e-04  Data: 0.288 (0.288)
2024-04-02 22:39:32,814 - train - INFO - Train: 51 [  50/97 ( 52%)]  Loss:  2.391422 (2.8691)  Time: 0.683s,  749.79/s  (0.634s,  808.10/s)  LR: 6.985e-04  Data: 0.016 (0.020)
2024-04-02 22:40:00,907 - train - INFO - Train: 51 [  96/97 (100%)]  Loss:  2.949993 (2.9304)  Time: 0.651s,  786.99/s  (0.623s,  822.18/s)  LR: 6.985e-04  Data: 0.000 (0.016)
2024-04-02 22:40:01,552 - train - INFO - Test: [   0/19]  Time: 0.642 (0.642)  Loss:  1.3496 (1.3496)  Acc@1: 70.3125 (70.3125)  Acc@5: 89.6484 (89.6484)
2024-04-02 22:40:10,732 - train - INFO - Test: [  19/19]  Time: 0.304 (0.491)  Loss:  1.4170 (1.3551)  Acc@1: 66.9118 (67.4300)  Acc@5: 90.0735 (90.5400)
2024-04-02 22:40:11,964 - train - INFO - Train: 52 [   0/97 (  0%)]  Loss:  2.471899 (2.4719)  Time: 1.116s,  458.61/s  (1.116s,  458.61/s)  LR: 6.965e-04  Data: 0.343 (0.343)
2024-04-02 22:40:42,732 - train - INFO - Train: 52 [  50/97 ( 52%)]  Loss:  2.916775 (2.9086)  Time: 0.720s,  710.66/s  (0.625s,  819.00/s)  LR: 6.965e-04  Data: 0.017 (0.020)
2024-04-02 22:41:11,291 - train - INFO - Train: 52 [  96/97 (100%)]  Loss:  3.047769 (2.9512)  Time: 0.612s,  836.36/s  (0.623s,  821.71/s)  LR: 6.965e-04  Data: 0.000 (0.016)
2024-04-02 22:41:11,852 - train - INFO - Test: [   0/19]  Time: 0.557 (0.557)  Loss:  1.3359 (1.3359)  Acc@1: 70.3125 (70.3125)  Acc@5: 88.0859 (88.0859)
2024-04-02 22:41:20,226 - train - INFO - Test: [  19/19]  Time: 0.456 (0.447)  Loss:  1.4414 (1.3643)  Acc@1: 68.7500 (66.5700)  Acc@5: 87.5000 (90.2300)
2024-04-02 22:41:21,150 - train - INFO - Train: 53 [   0/97 (  0%)]  Loss:  3.207445 (3.2074)  Time: 0.840s,  609.61/s  (0.840s,  609.61/s)  LR: 6.945e-04  Data: 0.266 (0.266)
2024-04-02 22:41:52,750 - train - INFO - Train: 53 [  50/97 ( 52%)]  Loss:  2.653668 (2.8669)  Time: 0.609s,  840.10/s  (0.636s,  804.96/s)  LR: 6.945e-04  Data: 0.013 (0.018)
2024-04-02 22:42:21,055 - train - INFO - Train: 53 [  96/97 (100%)]  Loss:  3.107378 (2.9220)  Time: 0.523s,  979.52/s  (0.626s,  817.62/s)  LR: 6.945e-04  Data: 0.000 (0.015)
2024-04-02 22:42:21,740 - train - INFO - Test: [   0/19]  Time: 0.683 (0.683)  Loss:  1.3281 (1.3281)  Acc@1: 68.9453 (68.9453)  Acc@5: 89.8438 (89.8438)
2024-04-02 22:42:30,071 - train - INFO - Test: [  19/19]  Time: 0.468 (0.451)  Loss:  1.3789 (1.3199)  Acc@1: 66.9118 (68.4700)  Acc@5: 89.7059 (90.7500)
2024-04-02 22:42:30,941 - train - INFO - Train: 54 [   0/97 (  0%)]  Loss:  3.418785 (3.4188)  Time: 0.778s,  657.94/s  (0.778s,  657.94/s)  LR: 6.924e-04  Data: 0.380 (0.380)
2024-04-02 22:43:02,709 - train - INFO - Train: 54 [  50/97 ( 52%)]  Loss:  3.365999 (2.9636)  Time: 0.659s,  776.52/s  (0.638s,  802.33/s)  LR: 6.924e-04  Data: 0.030 (0.022)
2024-04-02 22:43:33,341 - train - INFO - Train: 54 [  96/97 (100%)]  Loss:  2.941735 (2.9263)  Time: 0.724s,  707.15/s  (0.651s,  786.12/s)  LR: 6.924e-04  Data: 0.000 (0.017)
2024-04-02 22:43:33,873 - train - INFO - Test: [   0/19]  Time: 0.529 (0.529)  Loss:  1.3574 (1.3574)  Acc@1: 69.5312 (69.5312)  Acc@5: 88.8672 (88.8672)
2024-04-02 22:43:42,271 - train - INFO - Test: [  19/19]  Time: 0.413 (0.446)  Loss:  1.3945 (1.3661)  Acc@1: 68.3824 (67.0000)  Acc@5: 88.2353 (89.9500)
2024-04-02 22:43:43,207 - train - INFO - Train: 55 [   0/97 (  0%)]  Loss:  2.722016 (2.7220)  Time: 0.850s,  602.48/s  (0.850s,  602.48/s)  LR: 6.903e-04  Data: 0.242 (0.242)
2024-04-02 22:44:14,855 - train - INFO - Train: 55 [  50/97 ( 52%)]  Loss:  3.388436 (2.8986)  Time: 0.610s,  839.94/s  (0.637s,  803.52/s)  LR: 6.903e-04  Data: 0.016 (0.020)
2024-04-02 22:44:44,115 - train - INFO - Train: 55 [  96/97 (100%)]  Loss:  2.723317 (2.8705)  Time: 0.680s,  752.97/s  (0.637s,  804.20/s)  LR: 6.903e-04  Data: 0.000 (0.016)
2024-04-02 22:44:44,756 - train - INFO - Test: [   0/19]  Time: 0.639 (0.639)  Loss:  1.3105 (1.3105)  Acc@1: 69.7266 (69.7266)  Acc@5: 88.4766 (88.4766)
2024-04-02 22:44:53,077 - train - INFO - Test: [  19/19]  Time: 0.502 (0.448)  Loss:  1.3457 (1.2909)  Acc@1: 68.0147 (68.3700)  Acc@5: 89.3382 (90.7600)
2024-04-02 22:44:53,948 - train - INFO - Train: 56 [   0/97 (  0%)]  Loss:  3.229465 (3.2295)  Time: 0.785s,  652.49/s  (0.785s,  652.49/s)  LR: 6.882e-04  Data: 0.409 (0.409)
2024-04-02 22:45:23,932 - train - INFO - Train: 56 [  50/97 ( 52%)]  Loss:  2.886113 (2.9128)  Time: 0.654s,  783.33/s  (0.603s,  848.69/s)  LR: 6.882e-04  Data: 0.015 (0.022)
2024-04-02 22:45:55,164 - train - INFO - Train: 56 [  96/97 (100%)]  Loss:  2.579648 (2.9318)  Time: 0.619s,  826.74/s  (0.639s,  801.05/s)  LR: 6.882e-04  Data: 0.000 (0.018)
2024-04-02 22:45:55,737 - train - INFO - Test: [   0/19]  Time: 0.571 (0.571)  Loss:  1.2891 (1.2891)  Acc@1: 71.6797 (71.6797)  Acc@5: 89.8438 (89.8438)
2024-04-02 22:46:03,786 - train - INFO - Test: [  19/19]  Time: 0.436 (0.431)  Loss:  1.3330 (1.2968)  Acc@1: 66.5441 (68.3600)  Acc@5: 88.9706 (90.5600)
2024-04-02 22:46:04,779 - train - INFO - Train: 57 [   0/97 (  0%)]  Loss:  3.329685 (3.3297)  Time: 0.890s,  575.39/s  (0.890s,  575.39/s)  LR: 6.860e-04  Data: 0.259 (0.259)
2024-04-02 22:46:37,116 - train - INFO - Train: 57 [  50/97 ( 52%)]  Loss:  2.588406 (2.8857)  Time: 0.693s,  738.48/s  (0.651s,  785.90/s)  LR: 6.860e-04  Data: 0.022 (0.019)
2024-04-02 22:47:05,428 - train - INFO - Train: 57 [  96/97 (100%)]  Loss:  2.469181 (2.8888)  Time: 0.590s,  868.39/s  (0.634s,  807.07/s)  LR: 6.860e-04  Data: 0.000 (0.017)
2024-04-02 22:47:05,973 - train - INFO - Test: [   0/19]  Time: 0.542 (0.542)  Loss:  1.3057 (1.3057)  Acc@1: 70.3125 (70.3125)  Acc@5: 89.6484 (89.6484)
2024-04-02 22:47:14,863 - train - INFO - Test: [  19/19]  Time: 0.257 (0.472)  Loss:  1.3320 (1.3163)  Acc@1: 67.6471 (68.4100)  Acc@5: 89.3382 (90.5400)
2024-04-02 22:47:15,839 - train - INFO - Train: 58 [   0/97 (  0%)]  Loss:  2.931598 (2.9316)  Time: 0.892s,  574.30/s  (0.892s,  574.30/s)  LR: 6.838e-04  Data: 0.267 (0.267)
2024-04-02 22:47:48,117 - train - INFO - Train: 58 [  50/97 ( 52%)]  Loss:  3.363855 (2.9074)  Time: 0.655s,  781.78/s  (0.650s,  787.27/s)  LR: 6.838e-04  Data: 0.016 (0.018)
2024-04-02 22:48:17,120 - train - INFO - Train: 58 [  96/97 (100%)]  Loss:  2.566116 (2.8812)  Time: 0.511s, 1001.07/s  (0.641s,  798.85/s)  LR: 6.838e-04  Data: 0.000 (0.016)
2024-04-02 22:48:17,621 - train - INFO - Test: [   0/19]  Time: 0.498 (0.498)  Loss:  1.3105 (1.3105)  Acc@1: 70.7031 (70.7031)  Acc@5: 89.4531 (89.4531)
2024-04-02 22:48:25,918 - train - INFO - Test: [  19/19]  Time: 0.501 (0.440)  Loss:  1.3604 (1.3289)  Acc@1: 68.3824 (68.9100)  Acc@5: 87.8676 (90.6400)
2024-04-02 22:48:26,721 - train - INFO - Train: 59 [   0/97 (  0%)]  Loss:  3.303234 (3.3032)  Time: 0.716s,  715.32/s  (0.716s,  715.32/s)  LR: 6.816e-04  Data: 0.321 (0.321)
2024-04-02 22:48:57,603 - train - INFO - Train: 59 [  50/97 ( 52%)]  Loss:  2.965172 (2.8827)  Time: 0.572s,  894.71/s  (0.620s,  826.42/s)  LR: 6.816e-04  Data: 0.022 (0.020)
2024-04-02 22:49:25,038 - train - INFO - Train: 59 [  96/97 (100%)]  Loss:  2.989342 (2.8885)  Time: 0.692s,  740.29/s  (0.609s,  841.33/s)  LR: 6.816e-04  Data: 0.000 (0.017)
2024-04-02 22:49:25,644 - train - INFO - Test: [   0/19]  Time: 0.604 (0.604)  Loss:  1.3066 (1.3066)  Acc@1: 69.1406 (69.1406)  Acc@5: 90.4297 (90.4297)
2024-04-02 22:49:33,990 - train - INFO - Test: [  19/19]  Time: 0.304 (0.447)  Loss:  1.3086 (1.3058)  Acc@1: 69.8529 (68.9900)  Acc@5: 89.3382 (90.9300)
2024-04-02 22:49:34,941 - train - INFO - Train: 60 [   0/97 (  0%)]  Loss:  2.423045 (2.4230)  Time: 0.854s,  599.81/s  (0.854s,  599.81/s)  LR: 6.793e-04  Data: 0.255 (0.255)
2024-04-02 22:50:05,553 - train - INFO - Train: 60 [  50/97 ( 52%)]  Loss:  3.310266 (2.9170)  Time: 0.522s,  981.51/s  (0.617s,  829.89/s)  LR: 6.793e-04  Data: 0.018 (0.019)
2024-04-02 22:50:35,148 - train - INFO - Train: 60 [  96/97 (100%)]  Loss:  3.309031 (2.8838)  Time: 0.654s,  783.01/s  (0.629s,  813.40/s)  LR: 6.793e-04  Data: 0.000 (0.016)
2024-04-02 22:50:35,834 - train - INFO - Test: [   0/19]  Time: 0.683 (0.683)  Loss:  1.2646 (1.2646)  Acc@1: 69.3359 (69.3359)  Acc@5: 91.0156 (91.0156)
2024-04-02 22:50:44,064 - train - INFO - Test: [  19/19]  Time: 0.450 (0.446)  Loss:  1.3262 (1.2856)  Acc@1: 69.1176 (68.7000)  Acc@5: 88.6029 (90.9500)
2024-04-02 22:50:44,977 - train - INFO - Train: 61 [   0/97 (  0%)]  Loss:  2.801723 (2.8017)  Time: 0.814s,  629.23/s  (0.814s,  629.23/s)  LR: 6.770e-04  Data: 0.270 (0.270)
2024-04-02 22:51:17,975 - train - INFO - Train: 61 [  50/97 ( 52%)]  Loss:  3.242746 (2.9093)  Time: 0.610s,  839.01/s  (0.663s,  772.29/s)  LR: 6.770e-04  Data: 0.025 (0.019)
2024-04-02 22:51:46,958 - train - INFO - Train: 61 [  96/97 (100%)]  Loss:  3.197217 (2.9146)  Time: 0.561s,  912.83/s  (0.647s,  790.98/s)  LR: 6.770e-04  Data: 0.000 (0.016)
2024-04-02 22:51:47,632 - train - INFO - Test: [   0/19]  Time: 0.671 (0.671)  Loss:  1.3047 (1.3047)  Acc@1: 69.7266 (69.7266)  Acc@5: 90.2344 (90.2344)
2024-04-02 22:51:55,804 - train - INFO - Test: [  19/19]  Time: 0.452 (0.442)  Loss:  1.3320 (1.2888)  Acc@1: 70.2206 (68.8300)  Acc@5: 88.6029 (91.1600)
2024-04-02 22:51:56,744 - train - INFO - Train: 62 [   0/97 (  0%)]  Loss:  2.845802 (2.8458)  Time: 0.839s,  610.44/s  (0.839s,  610.44/s)  LR: 6.747e-04  Data: 0.244 (0.244)
2024-04-02 22:52:29,530 - train - INFO - Train: 62 [  50/97 ( 52%)]  Loss:  2.645250 (2.9221)  Time: 0.626s,  817.60/s  (0.659s,  776.58/s)  LR: 6.747e-04  Data: 0.009 (0.017)
2024-04-02 22:52:58,644 - train - INFO - Train: 62 [  96/97 (100%)]  Loss:  2.860086 (2.8895)  Time: 0.485s, 1055.47/s  (0.647s,  791.63/s)  LR: 6.747e-04  Data: 0.000 (0.015)
2024-04-02 22:52:59,237 - train - INFO - Test: [   0/19]  Time: 0.591 (0.591)  Loss:  1.2949 (1.2949)  Acc@1: 70.5078 (70.5078)  Acc@5: 90.2344 (90.2344)
2024-04-02 22:53:07,403 - train - INFO - Test: [  19/19]  Time: 0.347 (0.438)  Loss:  1.3574 (1.2892)  Acc@1: 67.6471 (68.2900)  Acc@5: 88.6029 (90.7700)
2024-04-02 22:53:08,447 - train - INFO - Train: 63 [   0/97 (  0%)]  Loss:  3.384519 (3.3845)  Time: 0.936s,  547.16/s  (0.936s,  547.16/s)  LR: 6.724e-04  Data: 0.263 (0.263)
2024-04-02 22:53:39,919 - train - INFO - Train: 63 [  50/97 ( 52%)]  Loss:  3.231007 (2.8881)  Time: 0.605s,  846.97/s  (0.635s,  805.75/s)  LR: 6.724e-04  Data: 0.010 (0.019)
2024-04-02 22:54:09,566 - train - INFO - Train: 63 [  96/97 (100%)]  Loss:  2.624163 (2.8366)  Time: 0.555s,  922.49/s  (0.640s,  800.35/s)  LR: 6.724e-04  Data: 0.000 (0.016)
2024-04-02 22:54:10,250 - train - INFO - Test: [   0/19]  Time: 0.682 (0.682)  Loss:  1.2686 (1.2686)  Acc@1: 71.8750 (71.8750)  Acc@5: 90.4297 (90.4297)
2024-04-02 22:54:19,508 - train - INFO - Test: [  19/19]  Time: 0.391 (0.497)  Loss:  1.3369 (1.2787)  Acc@1: 67.6471 (69.4000)  Acc@5: 89.7059 (91.1200)
2024-04-02 22:54:20,590 - train - INFO - Train: 64 [   0/97 (  0%)]  Loss:  3.121150 (3.1212)  Time: 0.903s,  567.12/s  (0.903s,  567.12/s)  LR: 6.700e-04  Data: 0.357 (0.357)
2024-04-02 22:54:53,368 - train - INFO - Train: 64 [  50/97 ( 52%)]  Loss:  2.364306 (2.8023)  Time: 0.468s, 1092.92/s  (0.660s,  775.30/s)  LR: 6.700e-04  Data: 0.026 (0.020)
2024-04-02 22:55:24,060 - train - INFO - Train: 64 [  96/97 (100%)]  Loss:  3.164806 (2.8269)  Time: 0.619s,  827.69/s  (0.664s,  771.54/s)  LR: 6.700e-04  Data: 0.000 (0.017)
2024-04-02 22:55:24,682 - train - INFO - Test: [   0/19]  Time: 0.619 (0.619)  Loss:  1.2949 (1.2949)  Acc@1: 71.2891 (71.2891)  Acc@5: 91.2109 (91.2109)
2024-04-02 22:55:32,733 - train - INFO - Test: [  19/19]  Time: 0.308 (0.434)  Loss:  1.3389 (1.3063)  Acc@1: 68.7500 (68.6900)  Acc@5: 88.9706 (91.0600)
2024-04-02 22:55:33,837 - train - INFO - Train: 65 [   0/97 (  0%)]  Loss:  3.022035 (3.0220)  Time: 0.995s,  514.41/s  (0.995s,  514.41/s)  LR: 6.675e-04  Data: 0.258 (0.258)
2024-04-02 22:56:06,971 - train - INFO - Train: 65 [  50/97 ( 52%)]  Loss:  3.021541 (2.8909)  Time: 0.610s,  839.46/s  (0.669s,  765.12/s)  LR: 6.675e-04  Data: 0.009 (0.018)
2024-04-02 22:56:37,466 - train - INFO - Train: 65 [  96/97 (100%)]  Loss:  2.923111 (2.9196)  Time: 0.696s,  735.88/s  (0.666s,  768.53/s)  LR: 6.675e-04  Data: 0.000 (0.015)
2024-04-02 22:56:38,116 - train - INFO - Test: [   0/19]  Time: 0.647 (0.647)  Loss:  1.2510 (1.2510)  Acc@1: 71.4844 (71.4844)  Acc@5: 92.1875 (92.1875)
2024-04-02 22:56:46,352 - train - INFO - Test: [  19/19]  Time: 0.409 (0.444)  Loss:  1.3135 (1.2642)  Acc@1: 68.7500 (69.2700)  Acc@5: 90.0735 (91.3300)
2024-04-02 22:56:47,394 - train - INFO - Train: 66 [   0/97 (  0%)]  Loss:  2.912444 (2.9124)  Time: 0.941s,  544.31/s  (0.941s,  544.31/s)  LR: 6.651e-04  Data: 0.288 (0.288)
2024-04-02 22:57:19,302 - train - INFO - Train: 66 [  50/97 ( 52%)]  Loss:  2.443638 (2.7571)  Time: 0.689s,  743.09/s  (0.644s,  794.95/s)  LR: 6.651e-04  Data: 0.022 (0.021)
2024-04-02 22:57:47,256 - train - INFO - Train: 66 [  96/97 (100%)]  Loss:  2.871033 (2.7967)  Time: 0.544s,  941.11/s  (0.627s,  816.84/s)  LR: 6.651e-04  Data: 0.000 (0.017)
2024-04-02 22:57:47,793 - train - INFO - Test: [   0/19]  Time: 0.534 (0.534)  Loss:  1.2715 (1.2715)  Acc@1: 71.6797 (71.6797)  Acc@5: 89.8438 (89.8438)
2024-04-02 22:57:55,987 - train - INFO - Test: [  19/19]  Time: 0.330 (0.436)  Loss:  1.3379 (1.2818)  Acc@1: 70.5882 (68.7500)  Acc@5: 88.9706 (90.9900)
2024-04-02 22:57:57,105 - train - INFO - Train: 67 [   0/97 (  0%)]  Loss:  2.410988 (2.4110)  Time: 1.013s,  505.37/s  (1.013s,  505.37/s)  LR: 6.626e-04  Data: 0.298 (0.298)
2024-04-02 22:58:30,501 - train - INFO - Train: 67 [  50/97 ( 52%)]  Loss:  3.153043 (2.8002)  Time: 0.609s,  841.35/s  (0.675s,  758.90/s)  LR: 6.626e-04  Data: 0.009 (0.021)
2024-04-02 22:59:00,919 - train - INFO - Train: 67 [  96/97 (100%)]  Loss:  3.098252 (2.8294)  Time: 0.483s, 1059.86/s  (0.668s,  766.16/s)  LR: 6.626e-04  Data: 0.000 (0.017)
2024-04-02 22:59:01,522 - train - INFO - Test: [   0/19]  Time: 0.602 (0.602)  Loss:  1.3115 (1.3115)  Acc@1: 71.0938 (71.0938)  Acc@5: 89.0625 (89.0625)
2024-04-02 22:59:09,863 - train - INFO - Test: [  19/19]  Time: 0.503 (0.447)  Loss:  1.3721 (1.3251)  Acc@1: 68.7500 (69.1000)  Acc@5: 90.0735 (90.8300)
2024-04-02 22:59:10,730 - train - INFO - Train: 68 [   0/97 (  0%)]  Loss:  2.772778 (2.7728)  Time: 0.779s,  656.86/s  (0.779s,  656.86/s)  LR: 6.601e-04  Data: 0.320 (0.320)
2024-04-02 22:59:42,721 - train - INFO - Train: 68 [  50/97 ( 52%)]  Loss:  2.367538 (2.7728)  Time: 0.664s,  771.46/s  (0.643s,  796.85/s)  LR: 6.601e-04  Data: 0.017 (0.019)
2024-04-02 23:00:12,181 - train - INFO - Train: 68 [  96/97 (100%)]  Loss:  2.318283 (2.8131)  Time: 0.639s,  800.78/s  (0.642s,  798.09/s)  LR: 6.601e-04  Data: 0.000 (0.016)
2024-04-02 23:00:12,734 - train - INFO - Test: [   0/19]  Time: 0.551 (0.551)  Loss:  1.2119 (1.2119)  Acc@1: 72.2656 (72.2656)  Acc@5: 91.6016 (91.6016)
2024-04-02 23:00:21,600 - train - INFO - Test: [  19/19]  Time: 0.486 (0.471)  Loss:  1.2715 (1.2266)  Acc@1: 68.0147 (69.8800)  Acc@5: 87.8676 (91.8500)
2024-04-02 23:00:22,555 - train - INFO - Train: 69 [   0/97 (  0%)]  Loss:  3.145085 (3.1451)  Time: 0.840s,  609.38/s  (0.840s,  609.38/s)  LR: 6.575e-04  Data: 0.231 (0.231)
2024-04-02 23:00:53,090 - train - INFO - Train: 69 [  50/97 ( 52%)]  Loss:  3.143128 (2.8915)  Time: 0.619s,  827.33/s  (0.615s,  832.29/s)  LR: 6.575e-04  Data: 0.010 (0.018)
2024-04-02 23:01:22,818 - train - INFO - Train: 69 [  96/97 (100%)]  Loss:  2.912735 (2.8073)  Time: 0.634s,  807.16/s  (0.630s,  812.82/s)  LR: 6.575e-04  Data: 0.000 (0.017)
2024-04-02 23:01:23,394 - train - INFO - Test: [   0/19]  Time: 0.572 (0.572)  Loss:  1.2402 (1.2402)  Acc@1: 73.2422 (73.2422)  Acc@5: 91.4062 (91.4062)
2024-04-02 23:01:31,774 - train - INFO - Test: [  19/19]  Time: 0.273 (0.448)  Loss:  1.2979 (1.2599)  Acc@1: 69.8529 (69.5800)  Acc@5: 90.0735 (91.7300)
2024-04-02 23:01:32,866 - train - INFO - Train: 70 [   0/97 (  0%)]  Loss:  3.252578 (3.2526)  Time: 0.978s,  523.66/s  (0.978s,  523.66/s)  LR: 6.550e-04  Data: 0.257 (0.257)
2024-04-02 23:02:04,546 - train - INFO - Train: 70 [  50/97 ( 52%)]  Loss:  3.168389 (2.8067)  Time: 0.643s,  796.49/s  (0.640s,  799.60/s)  LR: 6.550e-04  Data: 0.012 (0.018)
2024-04-02 23:02:34,004 - train - INFO - Train: 70 [  96/97 (100%)]  Loss:  2.902952 (2.8045)  Time: 0.607s,  843.75/s  (0.640s,  799.57/s)  LR: 6.550e-04  Data: 0.000 (0.016)
2024-04-02 23:02:34,700 - train - INFO - Test: [   0/19]  Time: 0.695 (0.695)  Loss:  1.2861 (1.2861)  Acc@1: 70.5078 (70.5078)  Acc@5: 90.0391 (90.0391)
2024-04-02 23:02:43,026 - train - INFO - Test: [  19/19]  Time: 0.475 (0.451)  Loss:  1.3057 (1.2810)  Acc@1: 70.5882 (68.9600)  Acc@5: 88.9706 (91.0700)
2024-04-02 23:02:43,816 - train - INFO - Train: 71 [   0/97 (  0%)]  Loss:  2.829843 (2.8298)  Time: 0.713s,  717.69/s  (0.713s,  717.69/s)  LR: 6.524e-04  Data: 0.318 (0.318)
2024-04-02 23:03:14,100 - train - INFO - Train: 71 [  50/97 ( 52%)]  Loss:  3.283070 (2.8864)  Time: 0.661s,  775.08/s  (0.608s,  842.44/s)  LR: 6.524e-04  Data: 0.009 (0.019)
2024-04-02 23:03:43,804 - train - INFO - Train: 71 [  96/97 (100%)]  Loss:  2.869956 (2.8860)  Time: 0.625s,  819.02/s  (0.626s,  818.26/s)  LR: 6.524e-04  Data: 0.000 (0.016)
2024-04-02 23:03:44,322 - train - INFO - Test: [   0/19]  Time: 0.516 (0.516)  Loss:  1.2773 (1.2773)  Acc@1: 71.2891 (71.2891)  Acc@5: 91.2109 (91.2109)
2024-04-02 23:03:52,566 - train - INFO - Test: [  19/19]  Time: 0.533 (0.438)  Loss:  1.2988 (1.2579)  Acc@1: 66.9118 (69.7700)  Acc@5: 90.0735 (91.4800)
2024-04-02 23:03:53,466 - train - INFO - Train: 72 [   0/97 (  0%)]  Loss:  3.384270 (3.3843)  Time: 0.809s,  633.05/s  (0.809s,  633.05/s)  LR: 6.497e-04  Data: 0.299 (0.299)
2024-04-02 23:04:25,425 - train - INFO - Train: 72 [  50/97 ( 52%)]  Loss:  3.288199 (2.9119)  Time: 0.694s,  737.92/s  (0.642s,  796.90/s)  LR: 6.497e-04  Data: 0.022 (0.018)
2024-04-02 23:04:53,841 - train - INFO - Train: 72 [  96/97 (100%)]  Loss:  2.715595 (2.8655)  Time: 0.463s, 1106.69/s  (0.631s,  811.75/s)  LR: 6.497e-04  Data: 0.000 (0.016)
2024-04-02 23:04:54,276 - train - INFO - Test: [   0/19]  Time: 0.423 (0.423)  Loss:  1.2246 (1.2246)  Acc@1: 72.6562 (72.6562)  Acc@5: 91.2109 (91.2109)
2024-04-02 23:05:02,497 - train - INFO - Test: [  19/19]  Time: 0.397 (0.432)  Loss:  1.2617 (1.2429)  Acc@1: 70.5882 (70.1300)  Acc@5: 91.1765 (91.6800)
2024-04-02 23:05:03,508 - train - INFO - Train: 73 [   0/97 (  0%)]  Loss:  2.863234 (2.8632)  Time: 0.915s,  559.49/s  (0.915s,  559.49/s)  LR: 6.471e-04  Data: 0.301 (0.301)
2024-04-02 23:05:34,411 - train - INFO - Train: 73 [  50/97 ( 52%)]  Loss:  3.233170 (2.8813)  Time: 0.635s,  806.48/s  (0.624s,  820.68/s)  LR: 6.471e-04  Data: 0.009 (0.019)
2024-04-02 23:06:02,997 - train - INFO - Train: 73 [  96/97 (100%)]  Loss:  2.407961 (2.8544)  Time: 0.713s,  717.82/s  (0.623s,  822.22/s)  LR: 6.471e-04  Data: 0.000 (0.016)
2024-04-02 23:06:03,623 - train - INFO - Test: [   0/19]  Time: 0.623 (0.623)  Loss:  1.3154 (1.3154)  Acc@1: 70.1172 (70.1172)  Acc@5: 89.4531 (89.4531)
2024-04-02 23:06:11,831 - train - INFO - Test: [  19/19]  Time: 0.431 (0.442)  Loss:  1.3770 (1.2998)  Acc@1: 65.4412 (68.5300)  Acc@5: 89.3382 (91.1900)
2024-04-02 23:06:12,810 - train - INFO - Train: 74 [   0/97 (  0%)]  Loss:  3.140399 (3.1404)  Time: 0.892s,  573.79/s  (0.892s,  573.79/s)  LR: 6.444e-04  Data: 0.277 (0.277)
2024-04-02 23:06:43,932 - train - INFO - Train: 74 [  50/97 ( 52%)]  Loss:  3.394050 (2.8787)  Time: 0.609s,  841.00/s  (0.628s,  815.65/s)  LR: 6.444e-04  Data: 0.022 (0.020)
2024-04-02 23:07:12,307 - train - INFO - Train: 74 [  96/97 (100%)]  Loss:  3.001009 (2.8550)  Time: 0.652s,  785.25/s  (0.623s,  822.43/s)  LR: 6.444e-04  Data: 0.000 (0.017)
2024-04-02 23:07:12,950 - train - INFO - Test: [   0/19]  Time: 0.641 (0.641)  Loss:  1.2588 (1.2588)  Acc@1: 70.7031 (70.7031)  Acc@5: 90.6250 (90.6250)
2024-04-02 23:07:21,050 - train - INFO - Test: [  19/19]  Time: 0.414 (0.437)  Loss:  1.3066 (1.2667)  Acc@1: 69.1176 (70.1600)  Acc@5: 90.8088 (91.4500)
2024-04-02 23:07:22,077 - train - INFO - Train: 75 [   0/97 (  0%)]  Loss:  2.408780 (2.4088)  Time: 0.922s,  555.33/s  (0.922s,  555.33/s)  LR: 6.416e-04  Data: 0.280 (0.280)
2024-04-02 23:07:54,700 - train - INFO - Train: 75 [  50/97 ( 52%)]  Loss:  3.001129 (2.8545)  Time: 0.609s,  841.38/s  (0.658s,  778.44/s)  LR: 6.416e-04  Data: 0.015 (0.018)
2024-04-02 23:08:22,500 - train - INFO - Train: 75 [  96/97 (100%)]  Loss:  2.759483 (2.8374)  Time: 0.661s,  774.05/s  (0.632s,  809.61/s)  LR: 6.416e-04  Data: 0.000 (0.017)
2024-04-02 23:08:23,162 - train - INFO - Test: [   0/19]  Time: 0.660 (0.660)  Loss:  1.2666 (1.2666)  Acc@1: 72.8516 (72.8516)  Acc@5: 91.4062 (91.4062)
2024-04-02 23:08:32,104 - train - INFO - Test: [  19/19]  Time: 0.392 (0.480)  Loss:  1.3252 (1.2724)  Acc@1: 68.3824 (70.5200)  Acc@5: 89.7059 (91.8700)
2024-04-02 23:08:33,152 - train - INFO - Train: 76 [   0/97 (  0%)]  Loss:  2.464986 (2.4650)  Time: 0.919s,  556.97/s  (0.919s,  556.97/s)  LR: 6.389e-04  Data: 0.262 (0.262)
2024-04-02 23:09:06,329 - train - INFO - Train: 76 [  50/97 ( 52%)]  Loss:  2.731438 (2.7862)  Time: 0.639s,  800.87/s  (0.669s,  765.87/s)  LR: 6.389e-04  Data: 0.009 (0.017)
2024-04-02 23:09:36,601 - train - INFO - Train: 76 [  96/97 (100%)]  Loss:  3.051884 (2.8540)  Time: 0.631s,  811.30/s  (0.664s,  771.59/s)  LR: 6.389e-04  Data: 0.000 (0.016)
2024-04-02 23:09:37,198 - train - INFO - Test: [   0/19]  Time: 0.594 (0.594)  Loss:  1.3193 (1.3193)  Acc@1: 70.8984 (70.8984)  Acc@5: 90.2344 (90.2344)
2024-04-02 23:09:45,560 - train - INFO - Test: [  19/19]  Time: 0.491 (0.448)  Loss:  1.3555 (1.3299)  Acc@1: 68.7500 (68.8400)  Acc@5: 88.9706 (90.9400)
2024-04-02 23:09:46,446 - train - INFO - Train: 77 [   0/97 (  0%)]  Loss:  2.572336 (2.5723)  Time: 0.694s,  737.67/s  (0.694s,  737.67/s)  LR: 6.361e-04  Data: 0.262 (0.262)
2024-04-02 23:10:18,634 - train - INFO - Train: 77 [  50/97 ( 52%)]  Loss:  2.448701 (2.7974)  Time: 0.672s,  762.35/s  (0.645s,  794.13/s)  LR: 6.361e-04  Data: 0.012 (0.019)
2024-04-02 23:10:47,721 - train - INFO - Train: 77 [  96/97 (100%)]  Loss:  2.336641 (2.7833)  Time: 0.706s,  725.48/s  (0.639s,  801.46/s)  LR: 6.361e-04  Data: 0.000 (0.016)
2024-04-02 23:10:48,314 - train - INFO - Test: [   0/19]  Time: 0.590 (0.590)  Loss:  1.1973 (1.1973)  Acc@1: 73.2422 (73.2422)  Acc@5: 91.0156 (91.0156)
2024-04-02 23:10:56,518 - train - INFO - Test: [  19/19]  Time: 0.458 (0.440)  Loss:  1.2520 (1.2059)  Acc@1: 68.7500 (69.9500)  Acc@5: 90.0735 (91.5600)
2024-04-02 23:10:57,413 - train - INFO - Train: 78 [   0/97 (  0%)]  Loss:  2.463437 (2.4634)  Time: 0.796s,  643.18/s  (0.796s,  643.18/s)  LR: 6.333e-04  Data: 0.251 (0.251)
2024-04-02 23:11:28,041 - train - INFO - Train: 78 [  50/97 ( 52%)]  Loss:  3.136852 (2.7494)  Time: 0.655s,  781.72/s  (0.616s,  830.99/s)  LR: 6.333e-04  Data: 0.014 (0.017)
