2024-04-27 22:33:42,886 - train - INFO - Model image_nas_mobilenetv2 created, param count:3505063
2024-04-27 22:33:42,899 - train - INFO - Using native Torch AMP. Training in mixed precision.
2024-04-27 22:33:42,900 - train - INFO - Scheduled epochs: 11
2024-04-27 22:33:57,877 - train - INFO - Verifying initial model in training dataset
2024-04-27 22:34:05,159 - train - INFO - batch_idx:0
2024-04-27 22:34:29,555 - train - INFO - batch_idx:50
2024-04-27 22:34:56,792 - train - INFO - batch_idx:100
2024-04-27 22:35:23,826 - train - INFO - batch_idx:150
2024-04-27 22:35:53,608 - train - INFO - batch_idx:200
2024-04-27 22:36:20,451 - train - INFO - batch_idx:250
2024-04-27 22:36:47,100 - train - INFO - batch_idx:300
2024-04-27 22:37:14,189 - train - INFO - batch_idx:350
2024-04-27 22:37:43,502 - train - INFO - batch_idx:400
2024-04-27 22:38:10,190 - train - INFO - batch_idx:450
2024-04-27 22:38:35,426 - train - INFO - batch_idx:500
2024-04-27 22:39:03,770 - train - INFO - batch_idx:550
2024-04-27 22:39:34,937 - train - INFO - batch_idx:600
2024-04-27 22:40:02,457 - train - INFO - batch_idx:650
2024-04-27 22:40:30,476 - train - INFO - batch_idx:700
2024-04-27 22:40:57,995 - train - INFO - batch_idx:750
2024-04-27 22:41:29,023 - train - INFO - batch_idx:800
2024-04-27 22:41:56,955 - train - INFO - batch_idx:850
2024-04-27 22:42:22,654 - train - INFO - batch_idx:900
2024-04-27 22:42:49,949 - train - INFO - batch_idx:950
2024-04-27 22:43:20,553 - train - INFO - batch_idx:1000
2024-04-27 22:43:46,338 - train - INFO - batch_idx:1050
2024-04-27 22:44:13,047 - train - INFO - batch_idx:1100
2024-04-27 22:44:39,783 - train - INFO - batch_idx:1150
2024-04-27 22:45:07,170 - train - INFO - batch_idx:1200
2024-04-27 22:45:34,111 - train - INFO - batch_idx:1250
2024-04-27 22:45:59,860 - train - INFO - batch_idx:1300
2024-04-27 22:46:26,901 - train - INFO - batch_idx:1350
2024-04-27 22:46:54,653 - train - INFO - batch_idx:1400
2024-04-27 22:47:21,242 - train - INFO - batch_idx:1450
2024-04-27 22:47:50,662 - train - INFO - batch_idx:1500
2024-04-27 22:48:26,764 - train - INFO - batch_idx:1550
2024-04-27 22:49:00,225 - train - INFO - batch_idx:1600
2024-04-27 22:49:30,454 - train - INFO - batch_idx:1650
2024-04-27 22:50:01,073 - train - INFO - batch_idx:1700
2024-04-27 22:50:30,169 - train - INFO - batch_idx:1750
2024-04-27 22:51:01,464 - train - INFO - batch_idx:1800
2024-04-27 22:51:32,291 - train - INFO - batch_idx:1850
2024-04-27 22:52:06,426 - train - INFO - batch_idx:1900
2024-04-27 22:52:35,229 - train - INFO - batch_idx:1950
2024-04-27 22:53:03,549 - train - INFO - batch_idx:2000
2024-04-27 22:53:03,675 - train - INFO - len loader.dataset:2000
2024-04-27 22:53:07,409 - train - INFO - target_block_size:8
2024-04-27 22:53:07,409 - train - INFO - use cal_delta_w
2024-04-27 22:53:07,911 - train - INFO - delta_weights_b1:[0, 0, 0, 0, 0, 0, 0, 0, 0, 0, 0, 0, 0, 0, 0, 0, 0, 0, 0, 0, 0, 0, 0, 0, 0, 0, 0, 0, 0, 0, 0, 0]
2024-04-27 22:53:07,911 - train - INFO - delta_weights_b2:[64.74661254882812, 66.66171264648438, 59.355201721191406, 50.2413215637207, 94.8892593383789, 102.84419250488281, 55.40178298950195, 51.46015167236328, 50.94894027709961, 41.73484802246094, 119.5578384399414, 153.68447875976562, 85.8676986694336, 79.05325317382812, 86.3270492553711, 68.83346557617188, 88.88465881347656, 66.78133392333984, 201.43612670898438, 213.36549377441406, 159.2282257080078, 135.14208984375, 158.32347106933594, 130.6723175048828, 314.4777526855469, 391.50115966796875, 308.8384094238281, 286.1213073730469, 375.1288757324219, 293.0387268066406, 563.1343994140625, 610.0286254882812]
2024-04-27 22:53:07,912 - train - INFO - delta_weights_b4:[95.4388198852539, 96.20465850830078, 83.8156967163086, 71.67345428466797, 125.70748901367188, 148.05963134765625, 77.30088806152344, 69.9729995727539, 70.02824401855469, 58.101173400878906, 163.9467315673828, 212.21701049804688, 121.87957763671875, 110.02767181396484, 117.92156982421875, 93.09628295898438, 121.28639221191406, 92.46456146240234, 273.60968017578125, 294.54095458984375, 220.6170654296875, 186.33694458007812, 229.93759155273438, 178.99880981445312, 433.1254577636719, 527.7084350585938, 425.734130859375, 385.5431213378906, 512.6900634765625, 400.50628662109375, 764.6426391601562, 820.7040405273438]
2024-04-27 22:53:07,912 - train - INFO - delta_weights_b8:[93.65950012207031, 100.60502624511719, 98.41459655761719, 78.44733428955078, 135.19471740722656, 160.01776123046875, 84.8338851928711, 76.40254974365234, 74.25679016113281, 62.669063568115234, 176.54017639160156, 219.34091186523438, 132.10189819335938, 119.20098114013672, 125.13805389404297, 98.41635131835938, 129.84426879882812, 97.33731842041016, 287.6719665527344, 310.9432373046875, 234.312255859375, 197.70013427734375, 242.97756958007812, 189.62680053710938, 459.7190246582031, 557.68994140625, 457.87042236328125, 409.34063720703125, 546.9915161132812, 422.8657531738281, 811.5855102539062, 868.7525024414062]
2024-04-27 22:53:07,912 - train - INFO - delta_weights_b16:[88.49361419677734, 100.60502624511719, 98.41459655761719, 78.44733428955078, 135.19471740722656, 161.75241088867188, 89.13048553466797, 73.10346221923828, 73.79886627197266, 60.87791442871094, 175.568115234375, 217.77366638183594, 130.2677459716797, 118.62964630126953, 125.50093078613281, 97.70269012451172, 128.259033203125, 96.07952117919922, 284.0853576660156, 309.0135498046875, 232.6964874267578, 194.5718994140625, 244.47647094726562, 187.6337890625, 458.5049743652344, 552.0142822265625, 452.68316650390625, 406.1255798339844, 546.027587890625, 418.2757873535156, 802.232177734375, 857.4096069335938]
2024-04-27 22:53:09,155 - train - INFO - cir_idx:[3, 5, 6, 8, 9, 11, 12, 14, 15, 17, 18, 20, 21, 23, 24, 26, 27, 29, 30, 32, 33, 35, 36, 38, 39, 41, 42, 44, 45, 47, 48, 50]
2024-04-27 22:53:09,155 - train - INFO - len params:32
2024-04-27 22:53:09,155 - train - INFO - params[0].shape:torch.Size([96, 16, 1, 1])
2024-04-27 22:53:09,161 - train - INFO - sensitivity_b1:[0, 0, 0, 0, 0, 0, 0, 0, 0, 0, 0, 0, 0, 0, 0, 0, 0, 0, 0, 0, 0, 0, 0, 0, 0, 0, 0, 0, 0, 0, 0, 0]
2024-04-27 22:53:09,161 - train - INFO - sensitivity_b2:[5.406186609491215e-10, 5.232915767372504e-10, 1.685530603978691e-10, 1.7487490622247748e-10, 5.274047309988816e-10, 4.918945251120022e-10, 8.036524223875574e-11, 7.349641034659626e-11, 6.48373021938653e-11, 5.5942070420478274e-11, 3.8904562904562567e-10, 3.1072772133100557e-10, 4.272272119409948e-11, 4.5467372922214366e-11, 4.7423800997314913e-11, 3.5090395866799184e-11, 4.8520430728782316e-11, 2.6594872137852832e-11, 2.3153479133952715e-10, 1.8796614265070843e-10, 6.777473721131244e-11, 4.979251039261001e-11, 8.564775277886127e-11, 4.206662795880334e-11, 2.2155804968448933e-10, 2.1254153992344982e-10, 8.37937427777824e-11, 6.649150674498117e-11, 9.871438388930898e-11, 5.627076582470636e-11, 1.6122375656735244e-10, 8.937511841722312e-11]
2024-04-27 22:53:09,161 - train - INFO - sensitivity_b4:[1.015625028522038e-09, 9.84087589195326e-10, 5.612444953229101e-10, 3.6216080134821027e-10, 9.231664321873723e-10, 1.0202660938318786e-09, 1.7820865616524628e-10, 1.6183446249762312e-10, 1.4131247561000038e-10, 1.1011434125629549e-10, 8.076039836879545e-10, 6.383260031661564e-10, 1.0525589427823334e-10, 9.970471670506242e-11, 9.746373152985655e-11, 6.780184746979501e-11, 9.889941643415057e-11, 5.72072736404472e-11, 4.723606505940836e-10, 3.8043007632992953e-10, 1.3916628960330968e-10, 1.0267387634543823e-10, 1.468281329852772e-10, 8.470060069987184e-11, 4.67834548878443e-10, 4.2978609560151426e-10, 1.699056034754065e-10, 1.361525892029647e-10, 2.076716021370828e-10, 1.152089257328015e-10, 3.230603839998736e-10, 1.8163695547634973e-10]
2024-04-27 22:53:09,161 - train - INFO - sensitivity_b8:[1.8339800789135552e-09, 1.4700228812003502e-09, 7.812913649374309e-10, 5.542349912346367e-10, 1.4814673932050937e-09, 1.6626162668842426e-09, 2.6197838343122726e-10, 2.340552196500312e-10, 2.1766442814818987e-10, 1.833144469554071e-10, 1.211969191672324e-09, 9.727698646599947e-10, 1.6138487768380116e-10, 1.4036251327897986e-10, 1.408660410540108e-10, 9.870068651274266e-11, 1.458121678954427e-10, 8.748156365978588e-11, 6.864203094814059e-10, 5.452094331559465e-10, 2.044289737490601e-10, 1.5068232772641466e-10, 2.1159896057554306e-10, 1.2445364183655272e-10, 6.779545813628829e-10, 6.092379933875236e-10, 2.507506147164662e-10, 1.9620835511879875e-10, 3.0447472321171176e-10, 1.6894953491775055e-10, 4.713038848080942e-10, 2.574832291823981e-10]
2024-04-27 22:53:09,161 - train - INFO - sensitivity_b16:[2.350032612952191e-09, 1.4700228812003502e-09, 7.812913649374309e-10, 5.542349912346367e-10, 1.4814673932050937e-09, 2.0907233722056162e-09, 3.385448033021987e-10, 2.950629740539057e-10, 2.7261626289742935e-10, 2.206187038611418e-10, 1.467545862610109e-09, 1.2057035370105496e-09, 2.0900332853290848e-10, 1.7763515658408835e-10, 1.7326497181446854e-10, 1.2196850474044396e-10, 1.760877277323658e-10, 1.06527904553122e-10, 8.387607830506738e-10, 6.797070684072537e-10, 2.561740819473357e-10, 1.8904501575267574e-10, 2.6295191024594544e-10, 1.5654122442754215e-10, 8.410449003903864e-10, 7.427378712066002e-10, 3.159204009506311e-10, 2.3881635557998493e-10, 3.796306879966238e-10, 2.0829313274184358e-10, 5.832675453731895e-10, 3.124371317220209e-10]
2024-04-27 22:53:09,234 - train - INFO - result:[ 4  2  4  4  4  2  8  8 16 16  2  2 16 16 16 16 16 16  2  8 16 16 16 16
 16  8 16 16 16 16 16 16]
2024-04-27 22:53:09,234 - train - INFO - origin_latency:1157.6250009536743
2024-04-27 22:53:09,234 - train - INFO - current_latency-origin_latency:-7.386880874633789
2024-04-27 23:52:12,869 - train - INFO - Model image_nas_mobilenetv2 created, param count:3505063
2024-04-27 23:52:12,882 - train - INFO - Using native Torch AMP. Training in mixed precision.
2024-04-27 23:52:12,882 - train - INFO - Scheduled epochs: 11
2024-04-27 23:52:27,805 - train - INFO - Verifying initial model in training dataset
2024-04-27 23:52:34,927 - train - INFO - batch_idx:0
2024-04-27 23:52:58,011 - train - INFO - batch_idx:50
2024-04-27 23:53:22,486 - train - INFO - batch_idx:100
2024-04-27 23:53:46,837 - train - INFO - batch_idx:150
2024-04-27 23:54:14,886 - train - INFO - batch_idx:200
2024-04-27 23:54:39,154 - train - INFO - batch_idx:250
2024-04-27 23:55:03,519 - train - INFO - batch_idx:300
2024-04-27 23:55:28,285 - train - INFO - batch_idx:350
2024-04-27 23:55:56,006 - train - INFO - batch_idx:400
2024-04-27 23:56:21,697 - train - INFO - batch_idx:450
2024-04-27 23:56:46,002 - train - INFO - batch_idx:500
2024-04-27 23:57:11,657 - train - INFO - batch_idx:550
2024-04-27 23:57:39,222 - train - INFO - batch_idx:600
2024-04-27 23:58:03,031 - train - INFO - batch_idx:650
2024-04-27 23:58:28,308 - train - INFO - batch_idx:700
2024-04-27 23:58:53,042 - train - INFO - batch_idx:750
2024-04-27 23:59:19,684 - train - INFO - batch_idx:800
2024-04-27 23:59:43,400 - train - INFO - batch_idx:850
2024-04-28 00:00:08,214 - train - INFO - batch_idx:900
2024-04-28 00:00:32,618 - train - INFO - batch_idx:950
2024-04-28 00:01:00,936 - train - INFO - batch_idx:1000
2024-04-28 00:01:24,917 - train - INFO - batch_idx:1050
2024-04-28 00:01:49,667 - train - INFO - batch_idx:1100
2024-04-28 00:02:13,596 - train - INFO - batch_idx:1150
2024-04-28 00:02:40,646 - train - INFO - batch_idx:1200
2024-04-28 00:03:04,535 - train - INFO - batch_idx:1250
2024-04-28 00:03:29,117 - train - INFO - batch_idx:1300
2024-04-28 00:03:53,327 - train - INFO - batch_idx:1350
2024-04-28 00:04:18,165 - train - INFO - batch_idx:1400
2024-04-28 00:04:42,934 - train - INFO - batch_idx:1450
2024-04-28 00:05:11,905 - train - INFO - batch_idx:1500
2024-04-28 00:05:36,070 - train - INFO - batch_idx:1550
2024-04-28 00:06:00,089 - train - INFO - batch_idx:1600
2024-04-28 00:06:25,054 - train - INFO - batch_idx:1650
2024-04-28 00:06:53,192 - train - INFO - batch_idx:1700
2024-04-28 00:07:18,025 - train - INFO - batch_idx:1750
2024-04-28 00:07:42,756 - train - INFO - batch_idx:1800
2024-04-28 00:08:08,638 - train - INFO - batch_idx:1850
2024-04-28 00:08:36,275 - train - INFO - batch_idx:1900
2024-04-28 00:09:01,316 - train - INFO - batch_idx:1950
2024-04-28 00:09:26,037 - train - INFO - batch_idx:2000
2024-04-28 00:09:26,161 - train - INFO - len loader.dataset:2000
2024-04-28 00:09:29,783 - train - INFO - target_block_size:4
2024-04-28 00:09:29,783 - train - INFO - use cal_delta_w
2024-04-28 00:09:30,274 - train - INFO - delta_weights_b1:[0, 0, 0, 0, 0, 0, 0, 0, 0, 0, 0, 0, 0, 0, 0, 0, 0, 0, 0, 0, 0, 0, 0, 0, 0, 0, 0, 0, 0, 0, 0, 0]
2024-04-28 00:09:30,274 - train - INFO - delta_weights_b2:[64.46037292480469, 66.43704223632812, 59.3580436706543, 50.34007263183594, 95.00686645507812, 101.94139862060547, 55.54759216308594, 51.4399299621582, 51.04298400878906, 41.918113708496094, 119.18167877197266, 153.53146362304688, 85.90972900390625, 78.90171813964844, 86.30290985107422, 68.8128662109375, 88.91436767578125, 66.81098175048828, 201.54550170898438, 213.5903778076172, 159.12765502929688, 135.1605224609375, 158.2457275390625, 130.55711364746094, 313.8741455078125, 391.8014831542969, 308.6908874511719, 286.18011474609375, 374.9873352050781, 293.103759765625, 563.4317626953125, 610.0850219726562]
2024-04-28 00:09:30,275 - train - INFO - delta_weights_b4:[93.88803100585938, 96.07275390625, 83.68795776367188, 71.70733642578125, 125.59449005126953, 148.05372619628906, 77.18090057373047, 70.11018371582031, 69.99903869628906, 58.166160583496094, 164.3981475830078, 212.72259521484375, 122.01671600341797, 109.9586181640625, 118.19676971435547, 93.02193450927734, 121.2652587890625, 92.37959289550781, 273.5508728027344, 294.3572082519531, 220.756103515625, 186.33074951171875, 230.15354919433594, 178.98822021484375, 433.05035400390625, 527.7467651367188, 425.6238708496094, 385.4169921875, 513.04638671875, 400.5948486328125, 764.9217529296875, 820.7806396484375]
2024-04-28 00:09:30,275 - train - INFO - delta_weights_b8:[93.72777557373047, 100.43592071533203, 98.34832000732422, 78.44182586669922, 134.86050415039062, 160.04913330078125, 84.8208999633789, 76.50164794921875, 74.19193267822266, 62.66957092285156, 177.08944702148438, 219.33111572265625, 132.07000732421875, 119.1985855102539, 125.28218078613281, 98.28771209716797, 129.7158966064453, 97.2513427734375, 287.9485778808594, 310.8465881347656, 234.6840057373047, 197.7459716796875, 243.0805206298828, 189.54891967773438, 460.0469665527344, 557.5464477539062, 457.92144775390625, 409.3824768066406, 547.0592651367188, 422.7802429199219, 811.7945556640625, 868.7564086914062]
2024-04-28 00:09:30,275 - train - INFO - delta_weights_b16:[88.24246978759766, 100.43592071533203, 98.34832000732422, 78.44182586669922, 134.86050415039062, 161.44985961914062, 89.18534088134766, 73.14766693115234, 73.75511169433594, 60.831634521484375, 176.1651611328125, 217.73060607910156, 130.32623291015625, 118.56462860107422, 125.63667297363281, 97.62503051757812, 128.15847778320312, 96.11579895019531, 284.5374755859375, 308.9119567871094, 233.02297973632812, 194.4774932861328, 244.8144073486328, 187.70716857910156, 458.693603515625, 552.1174926757812, 452.40985107421875, 406.050537109375, 546.0974731445312, 418.1916809082031, 802.39794921875, 857.3674926757812]
2024-04-28 00:09:31,588 - train - INFO - cir_idx:[3, 5, 6, 8, 9, 11, 12, 14, 15, 17, 18, 20, 21, 23, 24, 26, 27, 29, 30, 32, 33, 35, 36, 38, 39, 41, 42, 44, 45, 47, 48, 50]
2024-04-28 00:09:31,588 - train - INFO - len params:32
2024-04-28 00:09:31,588 - train - INFO - params[0].shape:torch.Size([96, 16, 1, 1])
2024-04-28 00:09:31,594 - train - INFO - sensitivity_b1:[0, 0, 0, 0, 0, 0, 0, 0, 0, 0, 0, 0, 0, 0, 0, 0, 0, 0, 0, 0, 0, 0, 0, 0, 0, 0, 0, 0, 0, 0, 0, 0]
2024-04-28 00:09:31,594 - train - INFO - sensitivity_b2:[5.47167311459873e-10, 5.419579229837268e-10, 1.691002199377678e-10, 1.756948753151022e-10, 5.344228393155959e-10, 4.857317881246104e-10, 8.073717389089907e-11, 7.482548608495065e-11, 6.44201497701502e-11, 5.505233074964977e-11, 3.9368619475510513e-10, 3.1384175813720105e-10, 4.293354560758189e-11, 4.5708149071232995e-11, 4.779801554555263e-11, 3.517726041013525e-11, 4.835935818459092e-11, 2.6746022063761643e-11, 2.3332008547427563e-10, 1.8988741135039788e-10, 6.82458187184487e-11, 5.008418679786075e-11, 8.627126790727857e-11, 4.216173243865029e-11, 2.2186301407156606e-10, 2.1305307518204586e-10, 8.41434213971759e-11, 6.657738943482983e-11, 9.879779633292785e-11, 5.612852890801712e-11, 1.6118027745815056e-10, 8.937794948593591e-11]
2024-04-28 00:09:31,594 - train - INFO - sensitivity_b4:[1.0395327931789211e-09, 1.0277276807357794e-09, 5.820814941159824e-10, 3.681160376522996e-10, 9.32773969175571e-10, 1.0250433835068407e-09, 1.790124715128627e-10, 1.6312021178244152e-10, 1.4188651642488281e-10, 1.0923092985670735e-10, 8.138923979217338e-10, 6.463379831345151e-10, 1.0571440944850963e-10, 9.953912694093958e-11, 9.755563024071989e-11, 6.809555003206569e-11, 9.875827239325119e-11, 5.746125103511801e-11, 4.753349380770544e-10, 3.8356437470632443e-10, 1.4024534311651848e-10, 1.0314706033742738e-10, 1.4697523753604003e-10, 8.49171843952945e-11, 4.675757558914029e-10, 4.3037229335851634e-10, 1.703746171921594e-10, 1.3640411022919352e-10, 2.0787448151704524e-10, 1.1500485286308759e-10, 3.2286728846031565e-10, 1.8171869564653775e-10]
2024-04-28 00:09:31,594 - train - INFO - sensitivity_b8:[1.839025931538174e-09, 1.5359873373199662e-09, 7.967329018754299e-10, 5.6610599541429e-10, 1.4918377644335123e-09, 1.670494964578495e-09, 2.611074134684088e-10, 2.367352702759007e-10, 2.1853174825281485e-10, 1.8206033902679053e-10, 1.2226424317418605e-09, 9.846400361723795e-10, 1.619855499734868e-10, 1.4055195896034434e-10, 1.4123736902238448e-10, 9.896905517337018e-11, 1.4579887297472283e-10, 8.77419595313178e-11, 6.917130201955501e-10, 5.495668364829953e-10, 2.0592751115433572e-10, 1.5161348565495558e-10, 2.1228141466878014e-10, 1.2452489039915804e-10, 6.776326721968928e-10, 6.102271465913134e-10, 2.512723640268888e-10, 1.964007706467541e-10, 3.0518879090557505e-10, 1.6872256369815375e-10, 4.711034340409981e-10, 2.576129309872499e-10]
2024-04-28 00:09:31,594 - train - INFO - sensitivity_b16:[2.3597279685816375e-09, 1.5359873373199662e-09, 7.967329018754299e-10, 5.6610599541429e-10, 1.4918377644335123e-09, 2.108915486687124e-09, 3.3884800521022385e-10, 2.9853303162852285e-10, 2.750374372695319e-10, 2.1899504432099093e-10, 1.4809073967114728e-09, 1.2180152442198278e-09, 2.0940570111260826e-10, 1.7753877534776308e-10, 1.7426826648403448e-10, 1.2226669676707047e-10, 1.7580947808681913e-10, 1.0665678062959927e-10, 8.454673627866782e-10, 6.850632283672553e-10, 2.5837681993934325e-10, 1.9022619590636225e-10, 2.638572138558004e-10, 1.5650095108732387e-10, 8.409464236081021e-10, 7.437540583410396e-10, 3.1685137846793054e-10, 2.390650732930766e-10, 3.8040420813345577e-10, 2.0791812715970082e-10, 5.830346760937744e-10, 3.125903424994192e-10]
2024-04-28 00:09:31,676 - train - INFO - result:[ 2  1  2  2  2  1  4  4  4  4  2  1  8  8 16 16 16 16  2  4 16 16 16 16
  4  2 16 16  8 16  4 16]
2024-04-28 00:09:31,676 - train - INFO - origin_latency:2246.086259841919
2024-04-28 00:09:31,677 - train - INFO - current_latency-origin_latency:-34.32436561584473
2024-04-28 00:12:00,361 - train - INFO - Model image_nas_mobilenetv2 created, param count:3505063
2024-04-28 00:12:00,374 - train - INFO - Using native Torch AMP. Training in mixed precision.
2024-04-28 00:12:00,374 - train - INFO - Scheduled epochs: 11
2024-04-28 00:12:15,187 - train - INFO - Verifying initial model in training dataset
2024-04-28 00:12:22,324 - train - INFO - batch_idx:0
2024-04-28 00:12:45,174 - train - INFO - batch_idx:50
2024-04-28 00:13:10,895 - train - INFO - batch_idx:100
2024-04-28 00:13:35,739 - train - INFO - batch_idx:150
2024-04-28 00:14:04,942 - train - INFO - batch_idx:200
2024-04-28 00:14:29,961 - train - INFO - batch_idx:250
2024-04-28 00:14:56,821 - train - INFO - batch_idx:300
2024-04-28 00:15:21,772 - train - INFO - batch_idx:350
2024-04-28 00:15:50,242 - train - INFO - batch_idx:400
2024-04-28 00:16:16,051 - train - INFO - batch_idx:450
2024-04-28 00:16:40,153 - train - INFO - batch_idx:500
2024-04-28 00:17:05,614 - train - INFO - batch_idx:550
2024-04-28 00:17:33,768 - train - INFO - batch_idx:600
2024-04-28 00:17:58,522 - train - INFO - batch_idx:650
2024-04-28 00:18:24,022 - train - INFO - batch_idx:700
2024-04-28 00:18:50,268 - train - INFO - batch_idx:750
