2024-04-27 22:03:24,181 - train - INFO - aa: rand-m9-mstd0.5-inc1
amp: true
apex_amp: false
aug_splits: 0
batch_size: 128
bn_eps: null
bn_momentum: null
bn_tf: false
channels_last: false
checkpoint_hist: 3
clip_grad: null
clip_mode: norm
color_jitter: 0.4
cooldown_epochs: 10
crop_pct: 0.9
cutmix: 1.0
cutmix_minmax: null
data_dir: /home/xts/code/dataset/tiny-imagenet-200/
dataset: torch/image_folder
decay_epochs: 30
decay_rate: 0.1
dist_bn: ''
drop: 0.0
drop_block: null
drop_connect: null
drop_path: null
epoch_repeats: 0.0
epochs: 300
eval_metric: top1
experiment: ''
gp: null
hflip: 0.5
img_size: 64
initial_checkpoint: /home/xts/code/njeans/MyViT/pretrained/mbv2_tiny.pth.tar
input_size: null
interpolation: bicubic
jsd: false
kd_alpha: 4
local_rank: 0
log_interval: 50
log_name: mbv2_tiny_prune_b4
log_wandb: false
lr: 0.00055
lr_cycle_limit: 1
lr_cycle_mul: 1.0
lr_noise: null
lr_noise_pct: 0.67
lr_noise_std: 1.0
mean:
- 0.485
- 0.456
- 0.406
min_lr: 1.0e-05
mixup: 0.8
mixup_mode: batch
mixup_off_epoch: 0
mixup_prob: 1.0
mixup_switch_prob: 0.5
model: tiny_prune_mobilenetv2
model_ema: false
model_ema_decay: 0.9998
model_ema_force_cpu: false
momentum: 0.9
native_amp: false
no_aug: false
no_prefetcher: false
no_resume_opt: false
num_classes: 200
opt: adamw
opt_betas: null
opt_eps: null
output: ''
patience_epochs: 10
pin_mem: false
pretrained: false
prune_ratio: 75
ratio:
- 0.75
- 1.3333333333333333
recount: 1
recovery_interval: 0
remode: pixel
reprob: 0.25
resplit: false
resume: ''
save_images: false
scale:
- 0.8
- 1.0
sched: cosine
seed: 3407
smoothing: 0.1
split_bn: false
start_epoch: null
std:
- 0.229
- 0.224
- 0.225
sync_bn: false
teacher: tiny_mobilenetv2
teacher_checkpoint: /home/xts/code/njeans/MyViT/pretrained/mbv2_tiny.pth.tar
torchscript: false
train_interpolation: random
train_split: train
tta: 0
use_kd: true
use_multi_epochs_loader: false
val_split: valid
validation_batch_size_multiplier: 1
vflip: 0.0
warmup_epochs: 10
warmup_lr: 1.0e-05
weight_decay: 0.06
workers: 4

2024-04-27 22:03:24,182 - train - INFO - Training with a single process on 1 GPUs.
2024-04-27 22:03:26,777 - train - INFO - MobileNetV2(
  (features): Sequential(
    (0): Sequential(
      (0): Conv2d(3, 32, kernel_size=(3, 3), stride=(2, 2), padding=(1, 1), bias=False)
      (1): BatchNorm2d(32, eps=1e-05, momentum=0.1, affine=True, track_running_stats=True)
      (2): ReLU6(inplace=True)
    )
    (1): InvertedResidual(
      (conv): Sequential(
        (0): Conv2d(32, 32, kernel_size=(3, 3), stride=(1, 1), padding=(1, 1), groups=32, bias=False)
        (1): BatchNorm2d(32, eps=1e-05, momentum=0.1, affine=True, track_running_stats=True)
        (2): ReLU6(inplace=True)
        (3): Conv2d(32, 16, kernel_size=(1, 1), stride=(1, 1), bias=False)
        (4): BatchNorm2d(16, eps=1e-05, momentum=0.1, affine=True, track_running_stats=True)
      )
    )
    (2): InvertedResidual(
      (conv): Sequential(
        (0): Conv2d(16, 96, kernel_size=(1, 1), stride=(1, 1), bias=False)
        (1): BatchNorm2d(96, eps=1e-05, momentum=0.1, affine=True, track_running_stats=True)
        (2): ReLU6(inplace=True)
        (3): Conv2d(96, 96, kernel_size=(3, 3), stride=(1, 1), padding=(1, 1), groups=96, bias=False)
        (4): BatchNorm2d(96, eps=1e-05, momentum=0.1, affine=True, track_running_stats=True)
        (5): ReLU6(inplace=True)
        (6): Conv2d(96, 24, kernel_size=(1, 1), stride=(1, 1), bias=False)
        (7): BatchNorm2d(24, eps=1e-05, momentum=0.1, affine=True, track_running_stats=True)
      )
    )
    (3): InvertedResidual(
      (conv): Sequential(
        (0): Conv2d(24, 144, kernel_size=(1, 1), stride=(1, 1), bias=False)
        (1): BatchNorm2d(144, eps=1e-05, momentum=0.1, affine=True, track_running_stats=True)
        (2): ReLU6(inplace=True)
        (3): Conv2d(144, 144, kernel_size=(3, 3), stride=(1, 1), padding=(1, 1), groups=144, bias=False)
        (4): BatchNorm2d(144, eps=1e-05, momentum=0.1, affine=True, track_running_stats=True)
        (5): ReLU6(inplace=True)
        (6): Conv2d(144, 24, kernel_size=(1, 1), stride=(1, 1), bias=False)
        (7): BatchNorm2d(24, eps=1e-05, momentum=0.1, affine=True, track_running_stats=True)
      )
    )
    (4): InvertedResidual(
      (conv): Sequential(
        (0): Conv2d(24, 144, kernel_size=(1, 1), stride=(1, 1), bias=False)
        (1): BatchNorm2d(144, eps=1e-05, momentum=0.1, affine=True, track_running_stats=True)
        (2): ReLU6(inplace=True)
        (3): Conv2d(144, 144, kernel_size=(3, 3), stride=(2, 2), padding=(1, 1), groups=144, bias=False)
        (4): BatchNorm2d(144, eps=1e-05, momentum=0.1, affine=True, track_running_stats=True)
        (5): ReLU6(inplace=True)
        (6): Conv2d(144, 32, kernel_size=(1, 1), stride=(1, 1), bias=False)
        (7): BatchNorm2d(32, eps=1e-05, momentum=0.1, affine=True, track_running_stats=True)
      )
    )
    (5): InvertedResidual(
      (conv): Sequential(
        (0): Conv2d(32, 192, kernel_size=(1, 1), stride=(1, 1), bias=False)
        (1): BatchNorm2d(192, eps=1e-05, momentum=0.1, affine=True, track_running_stats=True)
        (2): ReLU6(inplace=True)
        (3): Conv2d(192, 192, kernel_size=(3, 3), stride=(1, 1), padding=(1, 1), groups=192, bias=False)
        (4): BatchNorm2d(192, eps=1e-05, momentum=0.1, affine=True, track_running_stats=True)
        (5): ReLU6(inplace=True)
        (6): Conv2d(192, 32, kernel_size=(1, 1), stride=(1, 1), bias=False)
        (7): BatchNorm2d(32, eps=1e-05, momentum=0.1, affine=True, track_running_stats=True)
      )
    )
    (6): InvertedResidual(
      (conv): Sequential(
        (0): Conv2d(32, 192, kernel_size=(1, 1), stride=(1, 1), bias=False)
        (1): BatchNorm2d(192, eps=1e-05, momentum=0.1, affine=True, track_running_stats=True)
        (2): ReLU6(inplace=True)
        (3): Conv2d(192, 192, kernel_size=(3, 3), stride=(1, 1), padding=(1, 1), groups=192, bias=False)
        (4): BatchNorm2d(192, eps=1e-05, momentum=0.1, affine=True, track_running_stats=True)
        (5): ReLU6(inplace=True)
        (6): Conv2d(192, 32, kernel_size=(1, 1), stride=(1, 1), bias=False)
        (7): BatchNorm2d(32, eps=1e-05, momentum=0.1, affine=True, track_running_stats=True)
      )
    )
    (7): InvertedResidual(
      (conv): Sequential(
        (0): Conv2d(32, 192, kernel_size=(1, 1), stride=(1, 1), bias=False)
        (1): BatchNorm2d(192, eps=1e-05, momentum=0.1, affine=True, track_running_stats=True)
        (2): ReLU6(inplace=True)
        (3): Conv2d(192, 192, kernel_size=(3, 3), stride=(2, 2), padding=(1, 1), groups=192, bias=False)
        (4): BatchNorm2d(192, eps=1e-05, momentum=0.1, affine=True, track_running_stats=True)
        (5): ReLU6(inplace=True)
        (6): Conv2d(192, 64, kernel_size=(1, 1), stride=(1, 1), bias=False)
        (7): BatchNorm2d(64, eps=1e-05, momentum=0.1, affine=True, track_running_stats=True)
      )
    )
    (8): InvertedResidual(
      (conv): Sequential(
        (0): Conv2d(64, 384, kernel_size=(1, 1), stride=(1, 1), bias=False)
        (1): BatchNorm2d(384, eps=1e-05, momentum=0.1, affine=True, track_running_stats=True)
        (2): ReLU6(inplace=True)
        (3): Conv2d(384, 384, kernel_size=(3, 3), stride=(1, 1), padding=(1, 1), groups=384, bias=False)
        (4): BatchNorm2d(384, eps=1e-05, momentum=0.1, affine=True, track_running_stats=True)
        (5): ReLU6(inplace=True)
        (6): Conv2d(384, 64, kernel_size=(1, 1), stride=(1, 1), bias=False)
        (7): BatchNorm2d(64, eps=1e-05, momentum=0.1, affine=True, track_running_stats=True)
      )
    )
    (9): InvertedResidual(
      (conv): Sequential(
        (0): Conv2d(64, 384, kernel_size=(1, 1), stride=(1, 1), bias=False)
        (1): BatchNorm2d(384, eps=1e-05, momentum=0.1, affine=True, track_running_stats=True)
        (2): ReLU6(inplace=True)
        (3): Conv2d(384, 384, kernel_size=(3, 3), stride=(1, 1), padding=(1, 1), groups=384, bias=False)
        (4): BatchNorm2d(384, eps=1e-05, momentum=0.1, affine=True, track_running_stats=True)
        (5): ReLU6(inplace=True)
        (6): Conv2d(384, 64, kernel_size=(1, 1), stride=(1, 1), bias=False)
        (7): BatchNorm2d(64, eps=1e-05, momentum=0.1, affine=True, track_running_stats=True)
      )
    )
    (10): InvertedResidual(
      (conv): Sequential(
        (0): Conv2d(64, 384, kernel_size=(1, 1), stride=(1, 1), bias=False)
        (1): BatchNorm2d(384, eps=1e-05, momentum=0.1, affine=True, track_running_stats=True)
        (2): ReLU6(inplace=True)
        (3): Conv2d(384, 384, kernel_size=(3, 3), stride=(1, 1), padding=(1, 1), groups=384, bias=False)
        (4): BatchNorm2d(384, eps=1e-05, momentum=0.1, affine=True, track_running_stats=True)
        (5): ReLU6(inplace=True)
        (6): Conv2d(384, 64, kernel_size=(1, 1), stride=(1, 1), bias=False)
        (7): BatchNorm2d(64, eps=1e-05, momentum=0.1, affine=True, track_running_stats=True)
      )
    )
    (11): InvertedResidual(
      (conv): Sequential(
        (0): Conv2d(64, 384, kernel_size=(1, 1), stride=(1, 1), bias=False)
        (1): BatchNorm2d(384, eps=1e-05, momentum=0.1, affine=True, track_running_stats=True)
        (2): ReLU6(inplace=True)
        (3): Conv2d(384, 384, kernel_size=(3, 3), stride=(1, 1), padding=(1, 1), groups=384, bias=False)
        (4): BatchNorm2d(384, eps=1e-05, momentum=0.1, affine=True, track_running_stats=True)
        (5): ReLU6(inplace=True)
        (6): Conv2d(384, 96, kernel_size=(1, 1), stride=(1, 1), bias=False)
        (7): BatchNorm2d(96, eps=1e-05, momentum=0.1, affine=True, track_running_stats=True)
      )
    )
    (12): InvertedResidual(
      (conv): Sequential(
        (0): Conv2d(96, 576, kernel_size=(1, 1), stride=(1, 1), bias=False)
        (1): BatchNorm2d(576, eps=1e-05, momentum=0.1, affine=True, track_running_stats=True)
        (2): ReLU6(inplace=True)
        (3): Conv2d(576, 576, kernel_size=(3, 3), stride=(1, 1), padding=(1, 1), groups=576, bias=False)
        (4): BatchNorm2d(576, eps=1e-05, momentum=0.1, affine=True, track_running_stats=True)
        (5): ReLU6(inplace=True)
        (6): Conv2d(576, 96, kernel_size=(1, 1), stride=(1, 1), bias=False)
        (7): BatchNorm2d(96, eps=1e-05, momentum=0.1, affine=True, track_running_stats=True)
      )
    )
    (13): InvertedResidual(
      (conv): Sequential(
        (0): Conv2d(96, 576, kernel_size=(1, 1), stride=(1, 1), bias=False)
        (1): BatchNorm2d(576, eps=1e-05, momentum=0.1, affine=True, track_running_stats=True)
        (2): ReLU6(inplace=True)
        (3): Conv2d(576, 576, kernel_size=(3, 3), stride=(1, 1), padding=(1, 1), groups=576, bias=False)
        (4): BatchNorm2d(576, eps=1e-05, momentum=0.1, affine=True, track_running_stats=True)
        (5): ReLU6(inplace=True)
        (6): Conv2d(576, 96, kernel_size=(1, 1), stride=(1, 1), bias=False)
        (7): BatchNorm2d(96, eps=1e-05, momentum=0.1, affine=True, track_running_stats=True)
      )
    )
    (14): InvertedResidual(
      (conv): Sequential(
        (0): Conv2d(96, 576, kernel_size=(1, 1), stride=(1, 1), bias=False)
        (1): BatchNorm2d(576, eps=1e-05, momentum=0.1, affine=True, track_running_stats=True)
        (2): ReLU6(inplace=True)
        (3): Conv2d(576, 576, kernel_size=(3, 3), stride=(2, 2), padding=(1, 1), groups=576, bias=False)
        (4): BatchNorm2d(576, eps=1e-05, momentum=0.1, affine=True, track_running_stats=True)
        (5): ReLU6(inplace=True)
        (6): Conv2d(576, 160, kernel_size=(1, 1), stride=(1, 1), bias=False)
        (7): BatchNorm2d(160, eps=1e-05, momentum=0.1, affine=True, track_running_stats=True)
      )
    )
    (15): InvertedResidual(
      (conv): Sequential(
        (0): Conv2d(160, 960, kernel_size=(1, 1), stride=(1, 1), bias=False)
        (1): BatchNorm2d(960, eps=1e-05, momentum=0.1, affine=True, track_running_stats=True)
        (2): ReLU6(inplace=True)
        (3): Conv2d(960, 960, kernel_size=(3, 3), stride=(1, 1), padding=(1, 1), groups=960, bias=False)
        (4): BatchNorm2d(960, eps=1e-05, momentum=0.1, affine=True, track_running_stats=True)
        (5): ReLU6(inplace=True)
        (6): Conv2d(960, 160, kernel_size=(1, 1), stride=(1, 1), bias=False)
        (7): BatchNorm2d(160, eps=1e-05, momentum=0.1, affine=True, track_running_stats=True)
      )
    )
    (16): InvertedResidual(
      (conv): Sequential(
        (0): Conv2d(160, 960, kernel_size=(1, 1), stride=(1, 1), bias=False)
        (1): BatchNorm2d(960, eps=1e-05, momentum=0.1, affine=True, track_running_stats=True)
        (2): ReLU6(inplace=True)
        (3): Conv2d(960, 960, kernel_size=(3, 3), stride=(1, 1), padding=(1, 1), groups=960, bias=False)
        (4): BatchNorm2d(960, eps=1e-05, momentum=0.1, affine=True, track_running_stats=True)
        (5): ReLU6(inplace=True)
        (6): Conv2d(960, 160, kernel_size=(1, 1), stride=(1, 1), bias=False)
        (7): BatchNorm2d(160, eps=1e-05, momentum=0.1, affine=True, track_running_stats=True)
      )
    )
    (17): InvertedResidual(
      (conv): Sequential(
        (0): Conv2d(160, 960, kernel_size=(1, 1), stride=(1, 1), bias=False)
        (1): BatchNorm2d(960, eps=1e-05, momentum=0.1, affine=True, track_running_stats=True)
        (2): ReLU6(inplace=True)
        (3): Conv2d(960, 960, kernel_size=(3, 3), stride=(1, 1), padding=(1, 1), groups=960, bias=False)
        (4): BatchNorm2d(960, eps=1e-05, momentum=0.1, affine=True, track_running_stats=True)
        (5): ReLU6(inplace=True)
        (6): Conv2d(960, 320, kernel_size=(1, 1), stride=(1, 1), bias=False)
        (7): BatchNorm2d(320, eps=1e-05, momentum=0.1, affine=True, track_running_stats=True)
      )
    )
  )
  (conv): Sequential(
    (0): Conv2d(320, 1280, kernel_size=(1, 1), stride=(1, 1), bias=False)
    (1): BatchNorm2d(1280, eps=1e-05, momentum=0.1, affine=True, track_running_stats=True)
    (2): ReLU6(inplace=True)
  )
  (avgpool): AdaptiveAvgPool2d(output_size=(1, 1))
  (classifier): Linear(in_features=1280, out_features=200, bias=True)
)
2024-04-27 22:03:27,452 - train - INFO - Model tiny_prune_mobilenetv2 created, param count:2480072
2024-04-27 22:03:27,581 - train - INFO - Using native Torch AMP. Training in mixed precision.
2024-04-27 22:03:27,581 - train - INFO - Scheduled epochs: 310
2024-04-27 22:03:27,914 - train - INFO - Verifying teacher model
2024-04-27 22:03:32,044 - train - INFO - Test: [   0/78]  Time: 4.129 (4.129)  Loss:  0.9253 (0.9253)  Acc@1: 82.8125 (82.8125)  Acc@5: 93.7500 (93.7500)
2024-04-27 22:03:32,934 - train - INFO - Test: [  50/78]  Time: 0.015 (0.098)  Loss:  1.4883 (1.5407)  Acc@1: 69.5312 (66.5901)  Acc@5: 89.8438 (86.7341)
2024-04-27 22:03:34,488 - train - INFO - Test: [  78/78]  Time: 1.102 (0.083)  Loss:  1.7324 (1.5639)  Acc@1: 68.7500 (66.1100)  Acc@5: 100.0000 (86.4500)
2024-04-27 22:03:34,489 - train - INFO - Verifying initial model
2024-04-27 22:03:34,686 - train - INFO - Test: [   0/78]  Time: 0.196 (0.196)  Loss:  0.9253 (0.9253)  Acc@1: 82.8125 (82.8125)  Acc@5: 93.7500 (93.7500)
2024-04-27 22:03:36,772 - train - INFO - Test: [  50/78]  Time: 0.048 (0.045)  Loss:  1.4883 (1.5407)  Acc@1: 69.5312 (66.5901)  Acc@5: 89.8438 (86.7341)
2024-04-27 22:03:37,963 - train - INFO - Test: [  78/78]  Time: 0.064 (0.044)  Loss:  1.7324 (1.5639)  Acc@1: 68.7500 (66.1100)  Acc@5: 100.0000 (86.4500)
2024-04-27 22:03:54,979 - train - INFO - Total Mul: 3953.333333333333, Total Rot: 1085.7
2024-04-27 22:03:58,143 - train - INFO - Train: 0 [   0/781 (  0%)]  Loss:  5.685573 (5.6856)  Time: 3.157s,   40.54/s  (3.157s,   40.54/s)  LR: 1.000e-05  Data: 0.353 (0.353)
2024-04-27 22:04:03,850 - train - INFO - Train: 0 [  50/781 (  6%)]  Loss:  5.537957 (5.6175)  Time: 0.103s, 1243.84/s  (0.174s,  736.60/s)  LR: 1.000e-05  Data: 0.008 (0.013)
2024-04-27 22:04:09,592 - train - INFO - Train: 0 [ 100/781 ( 13%)]  Loss:  5.557487 (5.5894)  Time: 0.127s, 1008.87/s  (0.145s,  885.35/s)  LR: 1.000e-05  Data: 0.005 (0.009)
2024-04-27 22:04:15,945 - train - INFO - Train: 0 [ 150/781 ( 19%)]  Loss:  5.436770 (5.5667)  Time: 0.130s,  982.83/s  (0.139s,  922.39/s)  LR: 1.000e-05  Data: 0.005 (0.009)
2024-04-27 22:04:22,322 - train - INFO - Train: 0 [ 200/781 ( 26%)]  Loss:  5.476129 (5.5487)  Time: 0.143s,  897.51/s  (0.136s,  941.38/s)  LR: 1.000e-05  Data: 0.005 (0.008)
2024-04-27 22:04:28,465 - train - INFO - Train: 0 [ 250/781 ( 32%)]  Loss:  5.436225 (5.5337)  Time: 0.121s, 1062.06/s  (0.133s,  959.86/s)  LR: 1.000e-05  Data: 0.006 (0.007)
2024-04-27 22:04:33,525 - train - INFO - Train: 0 [ 300/781 ( 38%)]  Loss:  5.393138 (5.5169)  Time: 0.130s,  984.59/s  (0.128s,  999.94/s)  LR: 1.000e-05  Data: 0.006 (0.007)
2024-04-27 22:04:39,525 - train - INFO - Train: 0 [ 350/781 ( 45%)]  Loss:  5.314850 (5.5009)  Time: 0.127s, 1009.00/s  (0.127s, 1008.95/s)  LR: 1.000e-05  Data: 0.005 (0.007)
2024-04-27 22:04:45,311 - train - INFO - Train: 0 [ 400/781 ( 51%)]  Loss:  5.371521 (5.4873)  Time: 0.123s, 1040.16/s  (0.125s, 1020.14/s)  LR: 1.000e-05  Data: 0.005 (0.007)
