2024-04-02 21:36:19,480 - train - INFO - Training with a single process on 1 GPUs.
2024-04-02 21:38:46,545 - train - INFO - Training with a single process on 1 GPUs.
2024-04-02 21:38:48,681 - train - INFO - Model c100_nas_mobilenetv2 created, param count:2352133
2024-04-02 21:38:48,700 - train - INFO - Using native Torch AMP. Training in mixed precision.
2024-04-02 21:38:48,700 - train - INFO - Scheduled epochs: 310
2024-04-02 21:39:08,775 - train - INFO - Verifying teacher model
2024-04-02 21:39:12,000 - train - INFO - Test: [   0/19]  Time: 3.224 (3.224)  Loss:  0.9644 (0.9644)  Acc@1: 79.6875 (79.6875)  Acc@5: 95.7031 (95.7031)
2024-04-02 21:39:13,127 - train - INFO - Test: [  19/19]  Time: 0.721 (0.218)  Loss:  1.0098 (0.9843)  Acc@1: 78.3088 (78.6700)  Acc@5: 94.8529 (95.0900)
2024-04-02 21:39:13,128 - train - INFO - Verifying initial model
2024-04-02 21:39:13,447 - train - INFO - Test: [   0/19]  Time: 0.318 (0.318)  Loss:  6.3828 (6.3828)  Acc@1:  0.9766 ( 0.9766)  Acc@5:  3.9062 ( 3.9062)
2024-04-02 21:39:15,052 - train - INFO - Test: [  19/19]  Time: 0.076 (0.096)  Loss:  6.2578 (6.4332)  Acc@1:  0.3676 ( 1.0000)  Acc@5:  5.8824 ( 5.0000)
2024-04-02 21:39:20,135 - train - INFO - Train: 0 [   0/97 (  0%)]  Loss:  4.925680 (4.9257)  Time: 5.077s,  100.84/s  (5.077s,  100.84/s)  LR: 1.000e-05  Data: 0.962 (0.962)
2024-04-02 21:39:41,285 - train - INFO - Train: 0 [  50/97 ( 52%)]  Loss:  4.775850 (4.8244)  Time: 0.383s, 1337.86/s  (0.514s,  995.69/s)  LR: 1.000e-05  Data: 0.019 (0.038)
2024-04-02 21:39:59,729 - train - INFO - Train: 0 [  96/97 (100%)]  Loss:  4.694366 (4.7811)  Time: 0.395s, 1294.95/s  (0.460s, 1111.88/s)  LR: 1.000e-05  Data: 0.000 (0.030)
2024-04-02 21:40:00,132 - train - INFO - Test: [   0/19]  Time: 0.398 (0.398)  Loss:  4.5430 (4.5430)  Acc@1:  3.5156 ( 3.5156)  Acc@5: 10.5469 (10.5469)
2024-04-02 21:40:03,688 - train - INFO - Test: [  19/19]  Time: 0.159 (0.198)  Loss:  4.5078 (4.5738)  Acc@1:  2.5735 ( 2.3200)  Acc@5: 10.6618 (10.4800)
2024-04-02 21:40:04,513 - train - INFO - Train: 1 [   0/97 (  0%)]  Loss:  4.736474 (4.7365)  Time: 0.743s,  688.66/s  (0.743s,  688.66/s)  LR: 8.400e-05  Data: 0.315 (0.315)
2024-04-02 21:40:25,816 - train - INFO - Train: 1 [  50/97 ( 52%)]  Loss:  4.505538 (4.5913)  Time: 0.344s, 1490.51/s  (0.432s, 1184.47/s)  LR: 8.400e-05  Data: 0.010 (0.020)
2024-04-02 21:40:45,752 - train - INFO - Train: 1 [  96/97 (100%)]  Loss:  4.465889 (4.5421)  Time: 0.406s, 1261.34/s  (0.433s, 1183.04/s)  LR: 8.400e-05  Data: 0.000 (0.017)
2024-04-02 21:40:46,125 - train - INFO - Test: [   0/19]  Time: 0.368 (0.368)  Loss:  4.0586 (4.0586)  Acc@1:  8.3984 ( 8.3984)  Acc@5: 26.3672 (26.3672)
2024-04-02 21:40:52,519 - train - INFO - Test: [  19/19]  Time: 0.323 (0.338)  Loss:  4.0156 (4.0230)  Acc@1:  7.7206 ( 8.7400)  Acc@5: 27.9412 (27.2300)
2024-04-02 21:40:53,456 - train - INFO - Train: 2 [   0/97 (  0%)]  Loss:  4.490853 (4.4909)  Time: 0.847s,  604.27/s  (0.847s,  604.27/s)  LR: 1.580e-04  Data: 0.274 (0.274)
2024-04-02 21:41:18,666 - train - INFO - Train: 2 [  50/97 ( 52%)]  Loss:  4.346366 (4.4373)  Time: 0.494s, 1035.95/s  (0.511s, 1002.14/s)  LR: 1.580e-04  Data: 0.010 (0.018)
2024-04-02 21:41:42,604 - train - INFO - Train: 2 [  96/97 (100%)]  Loss:  4.275236 (4.4124)  Time: 0.616s,  831.34/s  (0.515s,  993.42/s)  LR: 1.580e-04  Data: 0.000 (0.016)
2024-04-02 21:41:43,204 - train - INFO - Test: [   0/19]  Time: 0.595 (0.595)  Loss:  3.7344 (3.7344)  Acc@1: 15.2344 (15.2344)  Acc@5: 37.6953 (37.6953)
2024-04-02 21:41:49,192 - train - INFO - Test: [  19/19]  Time: 0.188 (0.329)  Loss:  3.7129 (3.7436)  Acc@1: 10.6618 (13.4200)  Acc@5: 37.8676 (37.5200)
2024-04-02 21:41:50,058 - train - INFO - Train: 3 [   0/97 (  0%)]  Loss:  4.415531 (4.4155)  Time: 0.768s,  666.95/s  (0.768s,  666.95/s)  LR: 2.320e-04  Data: 0.287 (0.287)
2024-04-02 21:42:15,677 - train - INFO - Train: 3 [  50/97 ( 52%)]  Loss:  4.367399 (4.3046)  Time: 0.602s,  851.14/s  (0.517s,  989.65/s)  LR: 2.320e-04  Data: 0.014 (0.018)
2024-04-02 21:42:38,314 - train - INFO - Train: 3 [  96/97 (100%)]  Loss:  4.206763 (4.2841)  Time: 0.521s,  983.10/s  (0.505s, 1013.12/s)  LR: 2.320e-04  Data: 0.000 (0.015)
2024-04-02 21:42:38,879 - train - INFO - Test: [   0/19]  Time: 0.562 (0.562)  Loss:  3.4219 (3.4219)  Acc@1: 19.7266 (19.7266)  Acc@5: 48.0469 (48.0469)
2024-04-02 21:42:44,651 - train - INFO - Test: [  19/19]  Time: 0.206 (0.317)  Loss:  3.4336 (3.4491)  Acc@1: 19.8529 (19.1500)  Acc@5: 43.0147 (46.7000)
2024-04-02 21:42:45,556 - train - INFO - Train: 4 [   0/97 (  0%)]  Loss:  4.334146 (4.3341)  Time: 0.792s,  646.67/s  (0.792s,  646.67/s)  LR: 3.060e-04  Data: 0.258 (0.258)
2024-04-02 21:43:10,081 - train - INFO - Train: 4 [  50/97 ( 52%)]  Loss:  4.260842 (4.2153)  Time: 0.505s, 1013.89/s  (0.496s, 1031.46/s)  LR: 3.060e-04  Data: 0.011 (0.018)
2024-04-02 21:43:33,203 - train - INFO - Train: 4 [  96/97 (100%)]  Loss:  3.945645 (4.1947)  Time: 0.550s,  931.03/s  (0.499s, 1025.35/s)  LR: 3.060e-04  Data: 0.000 (0.016)
2024-04-02 21:43:33,837 - train - INFO - Test: [   0/19]  Time: 0.631 (0.631)  Loss:  3.1934 (3.1934)  Acc@1: 23.6328 (23.6328)  Acc@5: 52.9297 (52.9297)
2024-04-02 21:43:40,034 - train - INFO - Test: [  19/19]  Time: 0.263 (0.341)  Loss:  3.2090 (3.1917)  Acc@1: 26.4706 (24.4300)  Acc@5: 49.2647 (53.1100)
2024-04-02 21:43:40,833 - train - INFO - Train: 5 [   0/97 (  0%)]  Loss:  4.205506 (4.2055)  Time: 0.715s,  716.39/s  (0.715s,  716.39/s)  LR: 3.800e-04  Data: 0.323 (0.323)
2024-04-02 21:44:06,980 - train - INFO - Train: 5 [  50/97 ( 52%)]  Loss:  3.942016 (4.1046)  Time: 0.533s,  960.64/s  (0.527s,  972.13/s)  LR: 3.800e-04  Data: 0.009 (0.019)
2024-04-02 21:44:30,920 - train - INFO - Train: 5 [  96/97 (100%)]  Loss:  4.205039 (4.0780)  Time: 0.587s,  871.84/s  (0.524s,  977.68/s)  LR: 3.800e-04  Data: 0.000 (0.017)
2024-04-02 21:44:31,543 - train - INFO - Test: [   0/19]  Time: 0.620 (0.620)  Loss:  2.9512 (2.9512)  Acc@1: 29.8828 (29.8828)  Acc@5: 59.7656 (59.7656)
2024-04-02 21:44:37,475 - train - INFO - Test: [  19/19]  Time: 0.209 (0.328)  Loss:  3.0254 (2.9663)  Acc@1: 26.1029 (28.2300)  Acc@5: 55.5147 (58.9300)
2024-04-02 21:44:38,472 - train - INFO - Train: 6 [   0/97 (  0%)]  Loss:  4.138177 (4.1382)  Time: 0.911s,  561.77/s  (0.911s,  561.77/s)  LR: 4.540e-04  Data: 0.315 (0.315)
2024-04-02 21:45:03,374 - train - INFO - Train: 6 [  50/97 ( 52%)]  Loss:  4.169980 (3.9972)  Time: 0.420s, 1219.42/s  (0.506s, 1011.61/s)  LR: 4.540e-04  Data: 0.009 (0.019)
2024-04-02 21:45:27,045 - train - INFO - Train: 6 [  96/97 (100%)]  Loss:  3.847667 (3.9706)  Time: 0.434s, 1178.49/s  (0.510s, 1003.68/s)  LR: 4.540e-04  Data: 0.000 (0.016)
2024-04-02 21:45:27,516 - train - INFO - Test: [   0/19]  Time: 0.465 (0.465)  Loss:  2.9043 (2.9043)  Acc@1: 31.6406 (31.6406)  Acc@5: 59.1797 (59.1797)
2024-04-02 21:45:33,669 - train - INFO - Test: [  19/19]  Time: 0.272 (0.331)  Loss:  2.9531 (2.8897)  Acc@1: 30.1471 (30.1800)  Acc@5: 59.5588 (60.0400)
2024-04-02 21:45:34,650 - train - INFO - Train: 7 [   0/97 (  0%)]  Loss:  4.231833 (4.2318)  Time: 0.882s,  580.39/s  (0.882s,  580.39/s)  LR: 5.280e-04  Data: 0.272 (0.272)
2024-04-02 21:45:59,562 - train - INFO - Train: 7 [  50/97 ( 52%)]  Loss:  4.130595 (3.9616)  Time: 0.441s, 1161.54/s  (0.506s, 1012.38/s)  LR: 5.280e-04  Data: 0.010 (0.019)
2024-04-02 21:46:23,642 - train - INFO - Train: 7 [  96/97 (100%)]  Loss:  3.918752 (3.9303)  Time: 0.370s, 1384.32/s  (0.514s,  995.86/s)  LR: 5.280e-04  Data: 0.000 (0.017)
2024-04-02 21:46:24,100 - train - INFO - Test: [   0/19]  Time: 0.442 (0.442)  Loss:  2.6914 (2.6914)  Acc@1: 35.7422 (35.7422)  Acc@5: 64.8438 (64.8438)
2024-04-02 21:46:30,557 - train - INFO - Test: [  19/19]  Time: 0.331 (0.345)  Loss:  2.6680 (2.6324)  Acc@1: 36.0294 (35.1400)  Acc@5: 64.7059 (66.5500)
2024-04-02 21:46:31,442 - train - INFO - Train: 8 [   0/97 (  0%)]  Loss:  3.586536 (3.5865)  Time: 0.796s,  643.54/s  (0.796s,  643.54/s)  LR: 6.020e-04  Data: 0.285 (0.285)
2024-04-02 21:46:57,221 - train - INFO - Train: 8 [  50/97 ( 52%)]  Loss:  3.702586 (3.8000)  Time: 0.509s, 1006.03/s  (0.521s,  982.62/s)  LR: 6.020e-04  Data: 0.009 (0.018)
2024-04-02 21:47:21,132 - train - INFO - Train: 8 [  96/97 (100%)]  Loss:  3.735783 (3.8190)  Time: 0.563s,  910.12/s  (0.520s,  983.77/s)  LR: 6.020e-04  Data: 0.000 (0.015)
2024-04-02 21:47:21,653 - train - INFO - Test: [   0/19]  Time: 0.517 (0.517)  Loss:  2.4824 (2.4824)  Acc@1: 39.0625 (39.0625)  Acc@5: 69.9219 (69.9219)
2024-04-02 21:47:28,753 - train - INFO - Test: [  19/19]  Time: 0.316 (0.381)  Loss:  2.4688 (2.4444)  Acc@1: 39.7059 (39.3000)  Acc@5: 69.8529 (70.8300)
2024-04-02 21:47:29,701 - train - INFO - Train: 9 [   0/97 (  0%)]  Loss:  3.938452 (3.9385)  Time: 0.827s,  618.92/s  (0.827s,  618.92/s)  LR: 6.760e-04  Data: 0.312 (0.312)
2024-04-02 21:47:55,299 - train - INFO - Train: 9 [  50/97 ( 52%)]  Loss:  3.978830 (3.7288)  Time: 0.462s, 1109.26/s  (0.518s,  988.19/s)  LR: 6.760e-04  Data: 0.018 (0.020)
2024-04-02 21:48:20,514 - train - INFO - Train: 9 [  96/97 (100%)]  Loss:  3.755814 (3.7501)  Time: 0.606s,  845.36/s  (0.532s,  961.78/s)  LR: 6.760e-04  Data: 0.000 (0.017)
2024-04-02 21:48:21,181 - train - INFO - Test: [   0/19]  Time: 0.664 (0.664)  Loss:  2.4141 (2.4141)  Acc@1: 40.4297 (40.4297)  Acc@5: 71.8750 (71.8750)
2024-04-02 21:48:27,531 - train - INFO - Test: [  19/19]  Time: 0.246 (0.351)  Loss:  2.4551 (2.4173)  Acc@1: 41.1765 (39.9800)  Acc@5: 71.3235 (71.2100)
2024-04-02 21:48:28,620 - train - INFO - Train: 10 [   0/97 (  0%)]  Loss:  3.428421 (3.4284)  Time: 0.962s,  532.19/s  (0.962s,  532.19/s)  LR: 7.480e-04  Data: 0.319 (0.319)
2024-04-02 21:48:56,234 - train - INFO - Train: 10 [  50/97 ( 52%)]  Loss:  3.381493 (3.6568)  Time: 0.680s,  752.87/s  (0.560s,  913.80/s)  LR: 7.480e-04  Data: 0.018 (0.020)
2024-04-02 21:49:20,515 - train - INFO - Train: 10 [  96/97 (100%)]  Loss:  3.356266 (3.6490)  Time: 0.478s, 1071.78/s  (0.545s,  939.63/s)  LR: 7.480e-04  Data: 0.000 (0.017)
2024-04-02 21:49:20,886 - train - INFO - Test: [   0/19]  Time: 0.367 (0.367)  Loss:  2.3496 (2.3496)  Acc@1: 43.1641 (43.1641)  Acc@5: 71.0938 (71.0938)
2024-04-02 21:49:27,387 - train - INFO - Test: [  19/19]  Time: 0.444 (0.343)  Loss:  2.3750 (2.2847)  Acc@1: 38.9706 (42.6300)  Acc@5: 73.1618 (73.6600)
2024-04-02 21:49:28,324 - train - INFO - Train: 11 [   0/97 (  0%)]  Loss:  3.863662 (3.8637)  Time: 0.845s,  606.24/s  (0.845s,  606.24/s)  LR: 7.475e-04  Data: 0.460 (0.460)
2024-04-02 21:49:55,457 - train - INFO - Train: 11 [  50/97 ( 52%)]  Loss:  3.517893 (3.6504)  Time: 0.531s,  964.86/s  (0.549s,  933.38/s)  LR: 7.475e-04  Data: 0.021 (0.021)
2024-04-02 21:50:20,162 - train - INFO - Train: 11 [  96/97 (100%)]  Loss:  3.174249 (3.6492)  Time: 0.607s,  843.84/s  (0.543s,  942.85/s)  LR: 7.475e-04  Data: 0.000 (0.018)
2024-04-02 21:50:20,747 - train - INFO - Test: [   0/19]  Time: 0.583 (0.583)  Loss:  2.3730 (2.3730)  Acc@1: 41.4062 (41.4062)  Acc@5: 72.0703 (72.0703)
2024-04-02 21:50:27,394 - train - INFO - Test: [  19/19]  Time: 0.398 (0.361)  Loss:  2.4160 (2.2925)  Acc@1: 39.7059 (42.6500)  Acc@5: 73.5294 (73.2400)
2024-04-02 21:50:28,290 - train - INFO - Train: 12 [   0/97 (  0%)]  Loss:  3.300871 (3.3009)  Time: 0.801s,  638.82/s  (0.801s,  638.82/s)  LR: 7.471e-04  Data: 0.279 (0.279)
2024-04-02 21:50:55,715 - train - INFO - Train: 12 [  50/97 ( 52%)]  Loss:  3.624839 (3.5459)  Time: 0.565s,  906.20/s  (0.553s,  925.13/s)  LR: 7.471e-04  Data: 0.010 (0.021)
2024-04-02 21:51:21,445 - train - INFO - Train: 12 [  96/97 (100%)]  Loss:  3.573833 (3.5751)  Time: 0.607s,  843.65/s  (0.556s,  920.51/s)  LR: 7.471e-04  Data: 0.000 (0.018)
2024-04-02 21:51:22,122 - train - INFO - Test: [   0/19]  Time: 0.674 (0.674)  Loss:  2.0977 (2.0977)  Acc@1: 47.8516 (47.8516)  Acc@5: 77.5391 (77.5391)
2024-04-02 21:51:28,791 - train - INFO - Test: [  19/19]  Time: 0.382 (0.367)  Loss:  2.1152 (2.0764)  Acc@1: 49.2647 (47.3000)  Acc@5: 77.2059 (77.3700)
2024-04-02 21:51:29,697 - train - INFO - Train: 13 [   0/97 (  0%)]  Loss:  3.262419 (3.2624)  Time: 0.808s,  633.88/s  (0.808s,  633.88/s)  LR: 7.466e-04  Data: 0.279 (0.279)
2024-04-02 21:51:57,450 - train - INFO - Train: 13 [  50/97 ( 52%)]  Loss:  3.248035 (3.5021)  Time: 0.625s,  818.57/s  (0.560s,  914.32/s)  LR: 7.466e-04  Data: 0.013 (0.019)
2024-04-02 21:52:22,034 - train - INFO - Train: 13 [  96/97 (100%)]  Loss:  3.170041 (3.5028)  Time: 0.490s, 1045.80/s  (0.548s,  934.56/s)  LR: 7.466e-04  Data: 0.000 (0.017)
2024-04-02 21:52:22,563 - train - INFO - Test: [   0/19]  Time: 0.526 (0.526)  Loss:  2.1211 (2.1211)  Acc@1: 46.0938 (46.0938)  Acc@5: 75.7812 (75.7812)
2024-04-02 21:52:29,300 - train - INFO - Test: [  19/19]  Time: 0.353 (0.363)  Loss:  2.2266 (2.1174)  Acc@1: 43.7500 (46.7500)  Acc@5: 75.7353 (76.9100)
2024-04-02 21:52:30,249 - train - INFO - Train: 14 [   0/97 (  0%)]  Loss:  3.944361 (3.9444)  Time: 0.856s,  598.20/s  (0.856s,  598.20/s)  LR: 7.460e-04  Data: 0.283 (0.283)
2024-04-02 21:52:57,128 - train - INFO - Train: 14 [  50/97 ( 52%)]  Loss:  3.252610 (3.5139)  Time: 0.590s,  868.45/s  (0.544s,  941.54/s)  LR: 7.460e-04  Data: 0.010 (0.018)
2024-04-02 21:53:22,557 - train - INFO - Train: 14 [  96/97 (100%)]  Loss:  3.107825 (3.4727)  Time: 0.551s,  929.37/s  (0.548s,  934.22/s)  LR: 7.460e-04  Data: 0.000 (0.016)
2024-04-02 21:53:23,146 - train - INFO - Test: [   0/19]  Time: 0.586 (0.586)  Loss:  2.2070 (2.2070)  Acc@1: 45.3125 (45.3125)  Acc@5: 76.1719 (76.1719)
2024-04-02 21:53:30,437 - train - INFO - Test: [  19/19]  Time: 0.381 (0.394)  Loss:  2.1309 (2.1493)  Acc@1: 50.0000 (46.7700)  Acc@5: 76.8382 (76.8800)
2024-04-02 21:53:31,504 - train - INFO - Train: 15 [   0/97 (  0%)]  Loss:  3.116112 (3.1161)  Time: 0.951s,  538.17/s  (0.951s,  538.17/s)  LR: 7.454e-04  Data: 0.314 (0.314)
2024-04-02 21:53:57,459 - train - INFO - Train: 15 [  50/97 ( 52%)]  Loss:  3.287721 (3.4294)  Time: 0.572s,  895.53/s  (0.528s,  970.53/s)  LR: 7.454e-04  Data: 0.014 (0.019)
2024-04-02 21:54:20,889 - train - INFO - Train: 15 [  96/97 (100%)]  Loss:  3.077628 (3.4134)  Time: 0.411s, 1244.66/s  (0.519s,  986.70/s)  LR: 7.454e-04  Data: 0.000 (0.016)
2024-04-02 21:54:21,328 - train - INFO - Test: [   0/19]  Time: 0.436 (0.436)  Loss:  1.9844 (1.9844)  Acc@1: 48.8281 (48.8281)  Acc@5: 77.9297 (77.9297)
2024-04-02 21:54:28,592 - train - INFO - Test: [  19/19]  Time: 0.378 (0.385)  Loss:  2.0312 (1.9804)  Acc@1: 54.0441 (49.5300)  Acc@5: 79.4118 (78.5200)
2024-04-02 21:54:29,555 - train - INFO - Train: 16 [   0/97 (  0%)]  Loss:  3.051924 (3.0519)  Time: 0.859s,  596.14/s  (0.859s,  596.14/s)  LR: 7.448e-04  Data: 0.281 (0.281)
2024-04-02 21:54:56,481 - train - INFO - Train: 16 [  50/97 ( 52%)]  Loss:  3.196734 (3.3741)  Time: 0.363s, 1410.86/s  (0.545s,  939.84/s)  LR: 7.448e-04  Data: 0.010 (0.019)
2024-04-02 21:55:22,244 - train - INFO - Train: 16 [  96/97 (100%)]  Loss:  3.165668 (3.3913)  Time: 0.526s,  974.27/s  (0.552s,  927.52/s)  LR: 7.448e-04  Data: 0.000 (0.018)
2024-04-02 21:55:22,723 - train - INFO - Test: [   0/19]  Time: 0.475 (0.475)  Loss:  1.9082 (1.9082)  Acc@1: 52.3438 (52.3438)  Acc@5: 79.8828 (79.8828)
2024-04-02 21:55:29,547 - train - INFO - Test: [  19/19]  Time: 0.326 (0.365)  Loss:  1.8721 (1.8568)  Acc@1: 54.4118 (53.2400)  Acc@5: 81.6176 (82.1700)
2024-04-02 21:55:30,566 - train - INFO - Train: 17 [   0/97 (  0%)]  Loss:  3.177031 (3.1770)  Time: 0.909s,  563.34/s  (0.909s,  563.34/s)  LR: 7.442e-04  Data: 0.280 (0.280)
2024-04-02 21:55:57,579 - train - INFO - Train: 17 [  50/97 ( 52%)]  Loss:  3.527735 (3.4306)  Time: 0.445s, 1150.57/s  (0.547s,  935.22/s)  LR: 7.442e-04  Data: 0.010 (0.019)
2024-04-02 21:56:22,161 - train - INFO - Train: 17 [  96/97 (100%)]  Loss:  3.460785 (3.3947)  Time: 0.409s, 1252.53/s  (0.541s,  945.97/s)  LR: 7.442e-04  Data: 0.000 (0.017)
2024-04-02 21:56:22,610 - train - INFO - Test: [   0/19]  Time: 0.445 (0.445)  Loss:  1.9053 (1.9053)  Acc@1: 53.5156 (53.5156)  Acc@5: 81.4453 (81.4453)
2024-04-02 21:56:29,362 - train - INFO - Test: [  19/19]  Time: 0.324 (0.360)  Loss:  1.9434 (1.9273)  Acc@1: 54.4118 (52.1900)  Acc@5: 79.7794 (80.9500)
2024-04-02 21:56:30,349 - train - INFO - Train: 18 [   0/97 (  0%)]  Loss:  3.467180 (3.4672)  Time: 0.864s,  592.89/s  (0.864s,  592.89/s)  LR: 7.434e-04  Data: 0.312 (0.312)
2024-04-02 21:56:58,128 - train - INFO - Train: 18 [  50/97 ( 52%)]  Loss:  3.839606 (3.3589)  Time: 0.429s, 1193.10/s  (0.562s,  911.75/s)  LR: 7.434e-04  Data: 0.014 (0.020)
2024-04-02 21:57:24,219 - train - INFO - Train: 18 [  96/97 (100%)]  Loss:  3.383410 (3.3534)  Time: 0.507s, 1010.09/s  (0.564s,  907.46/s)  LR: 7.434e-04  Data: 0.000 (0.017)
2024-04-02 21:57:24,767 - train - INFO - Test: [   0/19]  Time: 0.544 (0.544)  Loss:  1.8271 (1.8271)  Acc@1: 56.2500 (56.2500)  Acc@5: 80.2734 (80.2734)
2024-04-02 21:57:31,430 - train - INFO - Test: [  19/19]  Time: 0.299 (0.360)  Loss:  1.9072 (1.8306)  Acc@1: 51.4706 (53.9700)  Acc@5: 80.8824 (82.2400)
2024-04-02 21:57:32,463 - train - INFO - Train: 19 [   0/97 (  0%)]  Loss:  3.077567 (3.0776)  Time: 0.930s,  550.68/s  (0.930s,  550.68/s)  LR: 7.427e-04  Data: 0.332 (0.332)
2024-04-02 21:57:59,973 - train - INFO - Train: 19 [  50/97 ( 52%)]  Loss:  3.324886 (3.3322)  Time: 0.541s,  946.31/s  (0.558s,  918.21/s)  LR: 7.427e-04  Data: 0.009 (0.021)
2024-04-02 21:58:26,044 - train - INFO - Train: 19 [  96/97 (100%)]  Loss:  2.923872 (3.3389)  Time: 0.651s,  786.50/s  (0.562s,  911.14/s)  LR: 7.427e-04  Data: 0.000 (0.018)
2024-04-02 21:58:26,687 - train - INFO - Test: [   0/19]  Time: 0.640 (0.640)  Loss:  1.7715 (1.7715)  Acc@1: 58.3984 (58.3984)  Acc@5: 82.8125 (82.8125)
2024-04-02 21:58:33,245 - train - INFO - Test: [  19/19]  Time: 0.404 (0.360)  Loss:  1.8740 (1.8039)  Acc@1: 53.3088 (54.9600)  Acc@5: 81.9853 (82.8400)
2024-04-02 21:58:34,246 - train - INFO - Train: 20 [   0/97 (  0%)]  Loss:  3.667501 (3.6675)  Time: 0.860s,  595.34/s  (0.860s,  595.34/s)  LR: 7.419e-04  Data: 0.261 (0.261)
2024-04-02 21:59:00,694 - train - INFO - Train: 20 [  50/97 ( 52%)]  Loss:  3.407837 (3.3450)  Time: 0.602s,  850.93/s  (0.535s,  956.54/s)  LR: 7.419e-04  Data: 0.009 (0.019)
2024-04-02 21:59:26,256 - train - INFO - Train: 20 [  96/97 (100%)]  Loss:  2.873159 (3.3288)  Time: 0.549s,  932.97/s  (0.545s,  939.57/s)  LR: 7.419e-04  Data: 0.000 (0.017)
2024-04-02 21:59:26,751 - train - INFO - Test: [   0/19]  Time: 0.489 (0.489)  Loss:  1.9141 (1.9141)  Acc@1: 53.7109 (53.7109)  Acc@5: 79.2969 (79.2969)
2024-04-02 21:59:33,501 - train - INFO - Test: [  19/19]  Time: 0.366 (0.362)  Loss:  1.9648 (1.8913)  Acc@1: 52.2059 (52.9600)  Acc@5: 80.5147 (81.1800)
2024-04-02 21:59:34,532 - train - INFO - Train: 21 [   0/97 (  0%)]  Loss:  3.093472 (3.0935)  Time: 0.943s,  543.11/s  (0.943s,  543.11/s)  LR: 7.411e-04  Data: 0.346 (0.346)
2024-04-02 22:00:03,143 - train - INFO - Train: 21 [  50/97 ( 52%)]  Loss:  3.426188 (3.3125)  Time: 0.590s,  867.76/s  (0.579s,  883.69/s)  LR: 7.411e-04  Data: 0.010 (0.022)
2024-04-02 22:00:29,339 - train - INFO - Train: 21 [  96/97 (100%)]  Loss:  3.045197 (3.2960)  Time: 0.573s,  894.32/s  (0.575s,  890.94/s)  LR: 7.411e-04  Data: 0.000 (0.019)
2024-04-02 22:00:29,915 - train - INFO - Test: [   0/19]  Time: 0.569 (0.569)  Loss:  1.8623 (1.8623)  Acc@1: 54.4922 (54.4922)  Acc@5: 80.8594 (80.8594)
2024-04-02 22:00:37,001 - train - INFO - Test: [  19/19]  Time: 0.268 (0.383)  Loss:  1.9248 (1.8373)  Acc@1: 56.6176 (55.7400)  Acc@5: 80.5147 (82.9900)
2024-04-02 22:00:38,108 - train - INFO - Train: 22 [   0/97 (  0%)]  Loss:  2.988419 (2.9884)  Time: 1.002s,  510.91/s  (1.002s,  510.91/s)  LR: 7.402e-04  Data: 0.357 (0.357)
2024-04-02 22:01:05,579 - train - INFO - Train: 22 [  50/97 ( 52%)]  Loss:  2.888992 (3.1962)  Time: 0.535s,  957.05/s  (0.558s,  917.11/s)  LR: 7.402e-04  Data: 0.012 (0.021)
2024-04-02 22:01:29,502 - train - INFO - Train: 22 [  96/97 (100%)]  Loss:  3.368890 (3.2305)  Time: 0.376s, 1362.94/s  (0.540s,  947.89/s)  LR: 7.402e-04  Data: 0.000 (0.017)
2024-04-02 22:01:29,861 - train - INFO - Test: [   0/19]  Time: 0.356 (0.356)  Loss:  1.7383 (1.7383)  Acc@1: 57.2266 (57.2266)  Acc@5: 82.0312 (82.0312)
2024-04-02 22:01:36,938 - train - INFO - Test: [  19/19]  Time: 0.420 (0.372)  Loss:  1.7061 (1.6906)  Acc@1: 58.8235 (57.2200)  Acc@5: 83.0882 (84.3400)
2024-04-02 22:01:38,047 - train - INFO - Train: 23 [   0/97 (  0%)]  Loss:  3.421701 (3.4217)  Time: 0.993s,  515.56/s  (0.993s,  515.56/s)  LR: 7.393e-04  Data: 0.334 (0.334)
2024-04-02 22:02:06,053 - train - INFO - Train: 23 [  50/97 ( 52%)]  Loss:  3.318007 (3.2451)  Time: 0.526s,  973.32/s  (0.569s,  900.48/s)  LR: 7.393e-04  Data: 0.008 (0.021)
2024-04-02 22:02:29,396 - train - INFO - Train: 23 [  96/97 (100%)]  Loss:  3.745407 (3.2429)  Time: 0.463s, 1105.48/s  (0.540s,  948.92/s)  LR: 7.393e-04  Data: 0.000 (0.016)
2024-04-02 22:02:29,843 - train - INFO - Test: [   0/19]  Time: 0.440 (0.440)  Loss:  1.7754 (1.7754)  Acc@1: 55.0781 (55.0781)  Acc@5: 81.4453 (81.4453)
2024-04-02 22:02:36,667 - train - INFO - Test: [  19/19]  Time: 0.439 (0.363)  Loss:  1.8350 (1.7564)  Acc@1: 56.2500 (55.9200)  Acc@5: 81.6176 (83.6500)
2024-04-02 22:02:37,700 - train - INFO - Train: 24 [   0/97 (  0%)]  Loss:  3.181227 (3.1812)  Time: 0.854s,  599.67/s  (0.854s,  599.67/s)  LR: 7.384e-04  Data: 0.338 (0.338)
2024-04-02 22:03:05,000 - train - INFO - Train: 24 [  50/97 ( 52%)]  Loss:  3.125720 (3.2432)  Time: 0.541s,  946.67/s  (0.552s,  927.51/s)  LR: 7.384e-04  Data: 0.022 (0.021)
2024-04-02 22:03:29,716 - train - INFO - Train: 24 [  96/97 (100%)]  Loss:  3.195423 (3.2189)  Time: 0.486s, 1052.47/s  (0.545s,  939.42/s)  LR: 7.384e-04  Data: 0.000 (0.017)
2024-04-02 22:03:30,113 - train - INFO - Test: [   0/19]  Time: 0.394 (0.394)  Loss:  1.7412 (1.7412)  Acc@1: 58.0078 (58.0078)  Acc@5: 83.0078 (83.0078)
2024-04-02 22:03:36,886 - train - INFO - Test: [  19/19]  Time: 0.423 (0.358)  Loss:  1.7773 (1.7158)  Acc@1: 58.0882 (57.0300)  Acc@5: 82.3529 (84.2300)
2024-04-02 22:03:37,882 - train - INFO - Train: 25 [   0/97 (  0%)]  Loss:  3.289519 (3.2895)  Time: 0.907s,  564.24/s  (0.907s,  564.24/s)  LR: 7.374e-04  Data: 0.262 (0.262)
2024-04-02 22:04:06,179 - train - INFO - Train: 25 [  50/97 ( 52%)]  Loss:  3.427973 (3.2346)  Time: 0.656s,  780.72/s  (0.573s,  894.14/s)  LR: 7.374e-04  Data: 0.019 (0.020)
2024-04-02 22:04:31,525 - train - INFO - Train: 25 [  96/97 (100%)]  Loss:  2.813032 (3.2266)  Time: 0.526s,  973.68/s  (0.562s,  910.45/s)  LR: 7.374e-04  Data: 0.000 (0.017)
2024-04-02 22:04:32,071 - train - INFO - Test: [   0/19]  Time: 0.543 (0.543)  Loss:  1.7822 (1.7822)  Acc@1: 56.4453 (56.4453)  Acc@5: 82.4219 (82.4219)
2024-04-02 22:04:38,479 - train - INFO - Test: [  19/19]  Time: 0.175 (0.348)  Loss:  1.8076 (1.7474)  Acc@1: 59.1912 (57.2000)  Acc@5: 81.9853 (83.9100)
2024-04-02 22:04:39,520 - train - INFO - Train: 26 [   0/97 (  0%)]  Loss:  2.839950 (2.8400)  Time: 0.947s,  540.82/s  (0.947s,  540.82/s)  LR: 7.364e-04  Data: 0.362 (0.362)
2024-04-02 22:05:06,959 - train - INFO - Train: 26 [  50/97 ( 52%)]  Loss:  2.963375 (3.1556)  Time: 0.609s,  840.15/s  (0.557s,  919.95/s)  LR: 7.364e-04  Data: 0.032 (0.021)
2024-04-02 22:05:31,292 - train - INFO - Train: 26 [  96/97 (100%)]  Loss:  3.697125 (3.1686)  Time: 0.547s,  935.79/s  (0.543s,  942.10/s)  LR: 7.364e-04  Data: 0.000 (0.018)
2024-04-02 22:05:31,726 - train - INFO - Test: [   0/19]  Time: 0.430 (0.430)  Loss:  1.7178 (1.7178)  Acc@1: 58.3984 (58.3984)  Acc@5: 82.8125 (82.8125)
2024-04-02 22:05:38,718 - train - INFO - Test: [  19/19]  Time: 0.393 (0.371)  Loss:  1.6855 (1.6870)  Acc@1: 59.9265 (57.4500)  Acc@5: 83.0882 (83.9500)
2024-04-02 22:05:39,718 - train - INFO - Train: 27 [   0/97 (  0%)]  Loss:  3.452373 (3.4524)  Time: 0.905s,  565.83/s  (0.905s,  565.83/s)  LR: 7.353e-04  Data: 0.327 (0.327)
2024-04-02 22:06:06,471 - train - INFO - Train: 27 [  50/97 ( 52%)]  Loss:  3.659677 (3.1467)  Time: 0.524s,  977.90/s  (0.542s,  944.17/s)  LR: 7.353e-04  Data: 0.009 (0.021)
2024-04-02 22:06:32,648 - train - INFO - Train: 27 [  96/97 (100%)]  Loss:  3.466264 (3.1176)  Time: 0.542s,  943.96/s  (0.555s,  922.58/s)  LR: 7.353e-04  Data: 0.000 (0.018)
2024-04-02 22:06:33,179 - train - INFO - Test: [   0/19]  Time: 0.528 (0.528)  Loss:  1.6641 (1.6641)  Acc@1: 58.5938 (58.5938)  Acc@5: 84.9609 (84.9609)
2024-04-02 22:06:40,068 - train - INFO - Test: [  19/19]  Time: 0.424 (0.371)  Loss:  1.6084 (1.6134)  Acc@1: 63.2353 (59.1900)  Acc@5: 86.0294 (85.7500)
2024-04-02 22:06:41,040 - train - INFO - Train: 28 [   0/97 (  0%)]  Loss:  2.752680 (2.7527)  Time: 0.858s,  597.06/s  (0.858s,  597.06/s)  LR: 7.342e-04  Data: 0.307 (0.307)
2024-04-02 22:07:07,907 - train - INFO - Train: 28 [  50/97 ( 52%)]  Loss:  3.459215 (3.2824)  Time: 0.636s,  804.54/s  (0.544s,  941.86/s)  LR: 7.342e-04  Data: 0.014 (0.020)
2024-04-02 22:07:32,926 - train - INFO - Train: 28 [  96/97 (100%)]  Loss:  2.811664 (3.2380)  Time: 0.552s,  928.20/s  (0.544s,  941.65/s)  LR: 7.342e-04  Data: 0.000 (0.018)
2024-04-02 22:07:33,271 - train - INFO - Test: [   0/19]  Time: 0.342 (0.342)  Loss:  1.7148 (1.7148)  Acc@1: 59.1797 (59.1797)  Acc@5: 82.2266 (82.2266)
2024-04-02 22:07:40,081 - train - INFO - Test: [  19/19]  Time: 0.343 (0.358)  Loss:  1.7715 (1.7289)  Acc@1: 60.2941 (56.9000)  Acc@5: 81.9853 (83.4300)
2024-04-02 22:07:40,982 - train - INFO - Train: 29 [   0/97 (  0%)]  Loss:  2.698136 (2.6981)  Time: 0.815s,  627.99/s  (0.815s,  627.99/s)  LR: 7.331e-04  Data: 0.289 (0.289)
2024-04-02 22:08:08,732 - train - INFO - Train: 29 [  50/97 ( 52%)]  Loss:  3.119540 (3.1659)  Time: 0.520s,  983.73/s  (0.560s,  914.18/s)  LR: 7.331e-04  Data: 0.010 (0.019)
2024-04-02 22:08:34,114 - train - INFO - Train: 29 [  96/97 (100%)]  Loss:  3.372635 (3.1962)  Time: 0.547s,  936.86/s  (0.556s,  920.67/s)  LR: 7.331e-04  Data: 0.000 (0.016)
2024-04-02 22:08:34,628 - train - INFO - Test: [   0/19]  Time: 0.510 (0.510)  Loss:  1.5703 (1.5703)  Acc@1: 62.3047 (62.3047)  Acc@5: 85.1562 (85.1562)
2024-04-02 22:08:42,514 - train - INFO - Test: [  19/19]  Time: 0.420 (0.420)  Loss:  1.5713 (1.5524)  Acc@1: 60.6618 (59.9000)  Acc@5: 85.2941 (86.0000)
2024-04-02 22:08:43,464 - train - INFO - Train: 30 [   0/97 (  0%)]  Loss:  3.112740 (3.1127)  Time: 0.852s,  601.02/s  (0.852s,  601.02/s)  LR: 7.319e-04  Data: 0.265 (0.265)
2024-04-02 22:09:09,184 - train - INFO - Train: 30 [  50/97 ( 52%)]  Loss:  2.790939 (3.1511)  Time: 0.539s,  950.69/s  (0.521s,  982.75/s)  LR: 7.319e-04  Data: 0.022 (0.020)
2024-04-02 22:09:34,424 - train - INFO - Train: 30 [  96/97 (100%)]  Loss:  3.382098 (3.1800)  Time: 0.608s,  842.19/s  (0.534s,  958.63/s)  LR: 7.319e-04  Data: 0.000 (0.018)
2024-04-02 22:09:35,006 - train - INFO - Test: [   0/19]  Time: 0.579 (0.579)  Loss:  1.5967 (1.5967)  Acc@1: 59.5703 (59.5703)  Acc@5: 86.5234 (86.5234)
2024-04-02 22:09:41,692 - train - INFO - Test: [  19/19]  Time: 0.307 (0.363)  Loss:  1.6553 (1.5907)  Acc@1: 60.2941 (60.3700)  Acc@5: 84.5588 (86.7400)
2024-04-02 22:09:42,645 - train - INFO - Train: 31 [   0/97 (  0%)]  Loss:  2.903070 (2.9031)  Time: 0.859s,  596.28/s  (0.859s,  596.28/s)  LR: 7.307e-04  Data: 0.296 (0.296)
2024-04-02 22:10:10,612 - train - INFO - Train: 31 [  50/97 ( 52%)]  Loss:  2.852509 (3.1365)  Time: 0.506s, 1011.52/s  (0.565s,  905.89/s)  LR: 7.307e-04  Data: 0.009 (0.020)
2024-04-02 22:10:36,076 - train - INFO - Train: 31 [  96/97 (100%)]  Loss:  3.443163 (3.1828)  Time: 0.520s,  983.98/s  (0.560s,  914.85/s)  LR: 7.307e-04  Data: 0.000 (0.017)
2024-04-02 22:10:36,624 - train - INFO - Test: [   0/19]  Time: 0.545 (0.545)  Loss:  1.6475 (1.6475)  Acc@1: 59.7656 (59.7656)  Acc@5: 84.1797 (84.1797)
2024-04-02 22:10:43,474 - train - INFO - Test: [  19/19]  Time: 0.377 (0.370)  Loss:  1.6777 (1.6122)  Acc@1: 58.0882 (58.3600)  Acc@5: 81.6176 (85.1300)
2024-04-02 22:10:44,388 - train - INFO - Train: 32 [   0/97 (  0%)]  Loss:  3.471997 (3.4720)  Time: 0.824s,  621.14/s  (0.824s,  621.14/s)  LR: 7.294e-04  Data: 0.312 (0.312)
2024-04-02 22:11:11,940 - train - INFO - Train: 32 [  50/97 ( 52%)]  Loss:  3.684279 (3.1254)  Time: 0.427s, 1200.45/s  (0.556s,  920.26/s)  LR: 7.294e-04  Data: 0.031 (0.021)
2024-04-02 22:11:36,171 - train - INFO - Train: 32 [  96/97 (100%)]  Loss:  2.971385 (3.0999)  Time: 0.507s, 1010.58/s  (0.542s,  944.10/s)  LR: 7.294e-04  Data: 0.000 (0.018)
2024-04-02 22:11:36,552 - train - INFO - Test: [   0/19]  Time: 0.376 (0.376)  Loss:  1.6270 (1.6270)  Acc@1: 60.7422 (60.7422)  Acc@5: 84.1797 (84.1797)
2024-04-02 22:11:43,608 - train - INFO - Test: [  19/19]  Time: 0.313 (0.372)  Loss:  1.6338 (1.5697)  Acc@1: 59.9265 (61.5100)  Acc@5: 85.2941 (86.7400)
2024-04-02 22:11:44,664 - train - INFO - Train: 33 [   0/97 (  0%)]  Loss:  2.801195 (2.8012)  Time: 0.948s,  540.19/s  (0.948s,  540.19/s)  LR: 7.281e-04  Data: 0.313 (0.313)
2024-04-02 22:12:13,363 - train - INFO - Train: 33 [  50/97 ( 52%)]  Loss:  3.662109 (3.1911)  Time: 0.531s,  964.90/s  (0.581s,  880.80/s)  LR: 7.281e-04  Data: 0.010 (0.022)
2024-04-02 22:12:37,867 - train - INFO - Train: 33 [  96/97 (100%)]  Loss:  3.656095 (3.1812)  Time: 0.377s, 1359.17/s  (0.558s,  917.20/s)  LR: 7.281e-04  Data: 0.000 (0.018)
2024-04-02 22:12:38,279 - train - INFO - Test: [   0/19]  Time: 0.410 (0.410)  Loss:  1.5264 (1.5264)  Acc@1: 63.2812 (63.2812)  Acc@5: 85.9375 (85.9375)
2024-04-02 22:12:45,139 - train - INFO - Test: [  19/19]  Time: 0.293 (0.364)  Loss:  1.5889 (1.5235)  Acc@1: 61.7647 (61.1200)  Acc@5: 85.6618 (86.9300)
2024-04-02 22:12:46,160 - train - INFO - Train: 34 [   0/97 (  0%)]  Loss:  2.713425 (2.7134)  Time: 0.927s,  552.21/s  (0.927s,  552.21/s)  LR: 7.268e-04  Data: 0.337 (0.337)
2024-04-02 22:13:12,990 - train - INFO - Train: 34 [  50/97 ( 52%)]  Loss:  2.773814 (3.1667)  Time: 0.562s,  910.69/s  (0.544s,  940.79/s)  LR: 7.268e-04  Data: 0.010 (0.020)
2024-04-02 22:13:37,720 - train - INFO - Train: 34 [  96/97 (100%)]  Loss:  3.501998 (3.1491)  Time: 0.473s, 1081.63/s  (0.541s,  946.26/s)  LR: 7.268e-04  Data: 0.000 (0.017)
2024-04-02 22:13:38,110 - train - INFO - Test: [   0/19]  Time: 0.386 (0.386)  Loss:  1.6084 (1.6084)  Acc@1: 59.5703 (59.5703)  Acc@5: 84.9609 (84.9609)
2024-04-02 22:13:44,742 - train - INFO - Test: [  19/19]  Time: 0.219 (0.351)  Loss:  1.6445 (1.5951)  Acc@1: 61.0294 (60.1600)  Acc@5: 84.5588 (86.3100)
2024-04-02 22:13:45,780 - train - INFO - Train: 35 [   0/97 (  0%)]  Loss:  2.861035 (2.8610)  Time: 0.949s,  539.45/s  (0.949s,  539.45/s)  LR: 7.254e-04  Data: 0.355 (0.355)
2024-04-02 22:14:11,704 - train - INFO - Train: 35 [  50/97 ( 52%)]  Loss:  3.506793 (3.1347)  Time: 0.483s, 1059.49/s  (0.527s,  971.96/s)  LR: 7.254e-04  Data: 0.015 (0.020)
2024-04-02 22:14:37,020 - train - INFO - Train: 35 [  96/97 (100%)]  Loss:  3.350702 (3.1398)  Time: 0.570s,  898.38/s  (0.538s,  951.79/s)  LR: 7.254e-04  Data: 0.000 (0.017)
2024-04-02 22:14:37,628 - train - INFO - Test: [   0/19]  Time: 0.605 (0.605)  Loss:  1.6562 (1.6562)  Acc@1: 59.9609 (59.9609)  Acc@5: 84.9609 (84.9609)
2024-04-02 22:14:44,340 - train - INFO - Test: [  19/19]  Time: 0.322 (0.366)  Loss:  1.6865 (1.6532)  Acc@1: 62.5000 (59.9700)  Acc@5: 84.9265 (85.6600)
2024-04-02 22:14:45,350 - train - INFO - Train: 36 [   0/97 (  0%)]  Loss:  3.267390 (3.2674)  Time: 0.919s,  557.20/s  (0.919s,  557.20/s)  LR: 7.240e-04  Data: 0.296 (0.296)
2024-04-02 22:15:13,103 - train - INFO - Train: 36 [  50/97 ( 52%)]  Loss:  3.700083 (3.0947)  Time: 0.533s,  960.14/s  (0.562s,  910.75/s)  LR: 7.240e-04  Data: 0.010 (0.020)
2024-04-02 22:15:38,192 - train - INFO - Train: 36 [  96/97 (100%)]  Loss:  3.291380 (3.1200)  Time: 0.553s,  925.97/s  (0.554s,  923.84/s)  LR: 7.240e-04  Data: 0.000 (0.017)
2024-04-02 22:15:38,760 - train - INFO - Test: [   0/19]  Time: 0.564 (0.564)  Loss:  1.6699 (1.6699)  Acc@1: 62.5000 (62.5000)  Acc@5: 86.7188 (86.7188)
2024-04-02 22:15:45,793 - train - INFO - Test: [  19/19]  Time: 0.346 (0.380)  Loss:  1.6582 (1.6054)  Acc@1: 59.5588 (61.2800)  Acc@5: 85.2941 (86.8100)
2024-04-02 22:15:46,652 - train - INFO - Train: 37 [   0/97 (  0%)]  Loss:  3.326882 (3.3269)  Time: 0.772s,  663.60/s  (0.772s,  663.60/s)  LR: 7.226e-04  Data: 0.370 (0.370)
2024-04-02 22:16:14,096 - train - INFO - Train: 37 [  50/97 ( 52%)]  Loss:  3.203714 (3.1873)  Time: 0.644s,  794.45/s  (0.553s,  925.50/s)  LR: 7.226e-04  Data: 0.014 (0.020)
2024-04-02 22:16:39,124 - train - INFO - Train: 37 [  96/97 (100%)]  Loss:  3.418072 (3.1496)  Time: 0.588s,  871.26/s  (0.549s,  932.82/s)  LR: 7.226e-04  Data: 0.000 (0.017)
2024-04-02 22:16:39,779 - train - INFO - Test: [   0/19]  Time: 0.649 (0.649)  Loss:  1.5654 (1.5654)  Acc@1: 62.8906 (62.8906)  Acc@5: 87.6953 (87.6953)
2024-04-02 22:16:47,629 - train - INFO - Test: [  19/19]  Time: 0.440 (0.425)  Loss:  1.6016 (1.5405)  Acc@1: 62.8676 (61.4000)  Acc@5: 85.6618 (87.1400)
2024-04-02 22:16:48,801 - train - INFO - Train: 38 [   0/97 (  0%)]  Loss:  2.911154 (2.9112)  Time: 1.049s,  488.17/s  (1.049s,  488.17/s)  LR: 7.211e-04  Data: 0.379 (0.379)
2024-04-02 22:17:15,939 - train - INFO - Train: 38 [  50/97 ( 52%)]  Loss:  2.923139 (3.0708)  Time: 0.631s,  811.14/s  (0.553s,  926.44/s)  LR: 7.211e-04  Data: 0.010 (0.020)
2024-04-02 22:17:41,551 - train - INFO - Train: 38 [  96/97 (100%)]  Loss:  2.903099 (3.0468)  Time: 0.352s, 1453.81/s  (0.555s,  923.21/s)  LR: 7.211e-04  Data: 0.005 (0.017)
2024-04-02 22:17:41,986 - train - INFO - Test: [   0/19]  Time: 0.432 (0.432)  Loss:  1.5293 (1.5293)  Acc@1: 61.9141 (61.9141)  Acc@5: 86.9141 (86.9141)
2024-04-02 22:17:48,698 - train - INFO - Test: [  19/19]  Time: 0.488 (0.357)  Loss:  1.5088 (1.4942)  Acc@1: 62.5000 (62.2600)  Acc@5: 84.9265 (87.5900)
2024-04-02 22:17:49,646 - train - INFO - Train: 39 [   0/97 (  0%)]  Loss:  2.557143 (2.5571)  Time: 0.858s,  596.46/s  (0.858s,  596.46/s)  LR: 7.196e-04  Data: 0.258 (0.258)
2024-04-02 22:18:17,341 - train - INFO - Train: 39 [  50/97 ( 52%)]  Loss:  3.406736 (3.0496)  Time: 0.459s, 1116.65/s  (0.560s,  914.55/s)  LR: 7.196e-04  Data: 0.010 (0.018)
2024-04-02 22:18:41,728 - train - INFO - Train: 39 [  96/97 (100%)]  Loss:  2.717057 (3.0979)  Time: 0.615s,  832.89/s  (0.546s,  938.16/s)  LR: 7.196e-04  Data: 0.000 (0.016)
2024-04-02 22:18:42,332 - train - INFO - Test: [   0/19]  Time: 0.602 (0.602)  Loss:  1.6104 (1.6104)  Acc@1: 60.9375 (60.9375)  Acc@5: 85.9375 (85.9375)
2024-04-02 22:18:48,762 - train - INFO - Test: [  19/19]  Time: 0.362 (0.352)  Loss:  1.5693 (1.5840)  Acc@1: 64.7059 (60.8000)  Acc@5: 85.6618 (86.6000)
2024-04-02 22:18:49,825 - train - INFO - Train: 40 [   0/97 (  0%)]  Loss:  3.421838 (3.4218)  Time: 0.973s,  526.09/s  (0.973s,  526.09/s)  LR: 7.180e-04  Data: 0.284 (0.284)
2024-04-02 22:19:17,423 - train - INFO - Train: 40 [  50/97 ( 52%)]  Loss:  3.559835 (3.0871)  Time: 0.581s,  881.20/s  (0.560s,  913.95/s)  LR: 7.180e-04  Data: 0.013 (0.019)
2024-04-02 22:19:42,257 - train - INFO - Train: 40 [  96/97 (100%)]  Loss:  3.053080 (3.0700)  Time: 0.389s, 1316.09/s  (0.551s,  929.99/s)  LR: 7.180e-04  Data: 0.000 (0.017)
2024-04-02 22:19:42,627 - train - INFO - Test: [   0/19]  Time: 0.367 (0.367)  Loss:  1.5400 (1.5400)  Acc@1: 63.6719 (63.6719)  Acc@5: 87.3047 (87.3047)
2024-04-02 22:19:49,430 - train - INFO - Test: [  19/19]  Time: 0.387 (0.359)  Loss:  1.5088 (1.5193)  Acc@1: 64.3382 (62.9500)  Acc@5: 87.1324 (88.0000)
2024-04-02 22:19:50,505 - train - INFO - Train: 41 [   0/97 (  0%)]  Loss:  2.616595 (2.6166)  Time: 0.942s,  543.51/s  (0.942s,  543.51/s)  LR: 7.164e-04  Data: 0.292 (0.292)
2024-04-02 22:20:18,645 - train - INFO - Train: 41 [  50/97 ( 52%)]  Loss:  3.376753 (3.0802)  Time: 0.623s,  821.89/s  (0.570s,  897.92/s)  LR: 7.164e-04  Data: 0.009 (0.020)
2024-04-02 22:20:44,880 - train - INFO - Train: 41 [  96/97 (100%)]  Loss:  3.479512 (3.0640)  Time: 0.648s,  789.61/s  (0.570s,  897.88/s)  LR: 7.164e-04  Data: 0.000 (0.017)
2024-04-02 22:20:45,510 - train - INFO - Test: [   0/19]  Time: 0.625 (0.625)  Loss:  1.5762 (1.5762)  Acc@1: 63.4766 (63.4766)  Acc@5: 86.3281 (86.3281)
2024-04-02 22:20:51,914 - train - INFO - Test: [  19/19]  Time: 0.241 (0.351)  Loss:  1.5635 (1.5457)  Acc@1: 64.3382 (61.7900)  Acc@5: 86.0294 (87.6300)
2024-04-02 22:20:52,950 - train - INFO - Train: 42 [   0/97 (  0%)]  Loss:  3.407578 (3.4076)  Time: 0.942s,  543.30/s  (0.942s,  543.30/s)  LR: 7.148e-04  Data: 0.367 (0.367)
2024-04-02 22:21:21,033 - train - INFO - Train: 42 [  50/97 ( 52%)]  Loss:  3.060308 (3.0826)  Time: 0.642s,  798.10/s  (0.569s,  899.72/s)  LR: 7.148e-04  Data: 0.015 (0.020)
2024-04-02 22:21:46,434 - train - INFO - Train: 42 [  96/97 (100%)]  Loss:  3.460354 (3.0882)  Time: 0.399s, 1282.63/s  (0.561s,  912.58/s)  LR: 7.148e-04  Data: 0.000 (0.017)
2024-04-02 22:21:46,791 - train - INFO - Test: [   0/19]  Time: 0.355 (0.355)  Loss:  1.4980 (1.4980)  Acc@1: 63.2812 (63.2812)  Acc@5: 87.3047 (87.3047)
2024-04-02 22:21:53,546 - train - INFO - Test: [  19/19]  Time: 0.376 (0.355)  Loss:  1.4932 (1.4772)  Acc@1: 64.7059 (63.1500)  Acc@5: 86.3971 (88.2800)
2024-04-02 22:21:54,625 - train - INFO - Train: 43 [   0/97 (  0%)]  Loss:  3.505870 (3.5059)  Time: 0.895s,  572.04/s  (0.895s,  572.04/s)  LR: 7.131e-04  Data: 0.309 (0.309)
2024-04-02 22:22:22,602 - train - INFO - Train: 43 [  50/97 ( 52%)]  Loss:  3.234617 (3.1697)  Time: 0.662s,  773.74/s  (0.566s,  904.46/s)  LR: 7.131e-04  Data: 0.017 (0.020)
2024-04-02 22:22:47,582 - train - INFO - Train: 43 [  96/97 (100%)]  Loss:  3.227007 (3.0724)  Time: 0.551s,  928.96/s  (0.555s,  922.28/s)  LR: 7.131e-04  Data: 0.000 (0.017)
2024-04-02 22:22:48,129 - train - INFO - Test: [   0/19]  Time: 0.544 (0.544)  Loss:  1.5176 (1.5176)  Acc@1: 61.5234 (61.5234)  Acc@5: 87.1094 (87.1094)
2024-04-02 22:22:55,541 - train - INFO - Test: [  19/19]  Time: 0.412 (0.398)  Loss:  1.5342 (1.4777)  Acc@1: 61.3971 (62.5300)  Acc@5: 86.7647 (87.3400)
2024-04-02 22:22:56,643 - train - INFO - Train: 44 [   0/97 (  0%)]  Loss:  3.248375 (3.2484)  Time: 0.911s,  561.86/s  (0.911s,  561.86/s)  LR: 7.114e-04  Data: 0.282 (0.282)
2024-04-02 22:23:23,616 - train - INFO - Train: 44 [  50/97 ( 52%)]  Loss:  2.547689 (3.1009)  Time: 0.473s, 1083.15/s  (0.547s,  936.46/s)  LR: 7.114e-04  Data: 0.009 (0.019)
2024-04-02 22:23:47,199 - train - INFO - Train: 44 [  96/97 (100%)]  Loss:  3.107648 (3.0874)  Time: 0.618s,  828.78/s  (0.531s,  964.99/s)  LR: 7.114e-04  Data: 0.000 (0.016)
2024-04-02 22:23:47,751 - train - INFO - Test: [   0/19]  Time: 0.549 (0.549)  Loss:  1.5078 (1.5078)  Acc@1: 62.5000 (62.5000)  Acc@5: 86.7188 (86.7188)
2024-04-02 22:23:55,292 - train - INFO - Test: [  19/19]  Time: 0.488 (0.404)  Loss:  1.5352 (1.4604)  Acc@1: 63.6029 (62.9000)  Acc@5: 85.6618 (88.3700)
2024-04-02 22:23:56,266 - train - INFO - Train: 45 [   0/97 (  0%)]  Loss:  3.153488 (3.1535)  Time: 0.879s,  582.46/s  (0.879s,  582.46/s)  LR: 7.097e-04  Data: 0.322 (0.322)
2024-04-02 22:24:23,948 - train - INFO - Train: 45 [  50/97 ( 52%)]  Loss:  3.276979 (3.0224)  Time: 0.471s, 1087.97/s  (0.560s,  914.27/s)  LR: 7.097e-04  Data: 0.010 (0.019)
2024-04-02 22:24:49,736 - train - INFO - Train: 45 [  96/97 (100%)]  Loss:  3.455619 (3.0568)  Time: 0.610s,  839.12/s  (0.560s,  913.83/s)  LR: 7.097e-04  Data: 0.000 (0.017)
2024-04-02 22:24:50,341 - train - INFO - Test: [   0/19]  Time: 0.602 (0.602)  Loss:  1.5273 (1.5273)  Acc@1: 63.0859 (63.0859)  Acc@5: 85.5469 (85.5469)
2024-04-02 22:24:56,867 - train - INFO - Test: [  19/19]  Time: 0.280 (0.356)  Loss:  1.5762 (1.5172)  Acc@1: 61.3971 (62.0200)  Acc@5: 85.2941 (87.3900)
2024-04-02 22:24:57,691 - train - INFO - Train: 46 [   0/97 (  0%)]  Loss:  2.593462 (2.5935)  Time: 0.743s,  688.71/s  (0.743s,  688.71/s)  LR: 7.079e-04  Data: 0.288 (0.288)
2024-04-02 22:25:25,806 - train - INFO - Train: 46 [  50/97 ( 52%)]  Loss:  3.525203 (3.0747)  Time: 0.573s,  893.57/s  (0.566s,  904.86/s)  LR: 7.079e-04  Data: 0.011 (0.020)
2024-04-02 22:25:50,582 - train - INFO - Train: 46 [  96/97 (100%)]  Loss:  3.212727 (3.0670)  Time: 0.494s, 1036.06/s  (0.553s,  926.01/s)  LR: 7.079e-04  Data: 0.000 (0.017)
2024-04-02 22:25:51,229 - train - INFO - Test: [   0/19]  Time: 0.644 (0.644)  Loss:  1.5879 (1.5879)  Acc@1: 64.0625 (64.0625)  Acc@5: 86.3281 (86.3281)
2024-04-02 22:25:57,978 - train - INFO - Test: [  19/19]  Time: 0.379 (0.370)  Loss:  1.6152 (1.5968)  Acc@1: 62.8676 (61.6300)  Acc@5: 85.6618 (86.6900)
2024-04-02 22:25:59,019 - train - INFO - Train: 47 [   0/97 (  0%)]  Loss:  2.909817 (2.9098)  Time: 0.956s,  535.67/s  (0.956s,  535.67/s)  LR: 7.061e-04  Data: 0.283 (0.283)
2024-04-02 22:26:26,658 - train - INFO - Train: 47 [  50/97 ( 52%)]  Loss:  3.081363 (3.0267)  Time: 0.563s,  908.61/s  (0.561s,  913.19/s)  LR: 7.061e-04  Data: 0.009 (0.019)
2024-04-02 22:26:51,050 - train - INFO - Train: 47 [  96/97 (100%)]  Loss:  2.827369 (3.0268)  Time: 0.573s,  894.05/s  (0.546s,  937.34/s)  LR: 7.061e-04  Data: 0.000 (0.015)
2024-04-02 22:26:51,544 - train - INFO - Test: [   0/19]  Time: 0.483 (0.483)  Loss:  1.4863 (1.4863)  Acc@1: 64.0625 (64.0625)  Acc@5: 88.6719 (88.6719)
2024-04-02 22:26:58,390 - train - INFO - Test: [  19/19]  Time: 0.390 (0.367)  Loss:  1.5107 (1.4724)  Acc@1: 67.2794 (63.5700)  Acc@5: 84.5588 (88.1100)
2024-04-02 22:26:59,330 - train - INFO - Train: 48 [   0/97 (  0%)]  Loss:  2.548085 (2.5481)  Time: 0.836s,  612.37/s  (0.836s,  612.37/s)  LR: 7.042e-04  Data: 0.353 (0.353)
2024-04-02 22:27:26,281 - train - INFO - Train: 48 [  50/97 ( 52%)]  Loss:  2.774007 (3.0540)  Time: 0.630s,  813.13/s  (0.545s,  939.74/s)  LR: 7.042e-04  Data: 0.017 (0.020)
2024-04-02 22:27:50,801 - train - INFO - Train: 48 [  96/97 (100%)]  Loss:  2.667548 (3.0453)  Time: 0.531s,  964.76/s  (0.539s,  949.51/s)  LR: 7.042e-04  Data: 0.000 (0.017)
2024-04-02 22:27:51,303 - train - INFO - Test: [   0/19]  Time: 0.498 (0.498)  Loss:  1.4941 (1.4941)  Acc@1: 65.2344 (65.2344)  Acc@5: 88.0859 (88.0859)
2024-04-02 22:27:58,058 - train - INFO - Test: [  19/19]  Time: 0.364 (0.363)  Loss:  1.5098 (1.4798)  Acc@1: 63.9706 (64.1900)  Acc@5: 86.3971 (88.6300)
2024-04-02 22:27:59,064 - train - INFO - Train: 49 [   0/97 (  0%)]  Loss:  2.710072 (2.7101)  Time: 0.904s,  566.18/s  (0.904s,  566.18/s)  LR: 7.023e-04  Data: 0.272 (0.272)
2024-04-02 22:28:27,011 - train - INFO - Train: 49 [  50/97 ( 52%)]  Loss:  2.794969 (3.0658)  Time: 0.546s,  937.30/s  (0.566s,  905.09/s)  LR: 7.023e-04  Data: 0.017 (0.021)
2024-04-02 22:28:52,783 - train - INFO - Train: 49 [  96/97 (100%)]  Loss:  3.060442 (3.0843)  Time: 0.450s, 1137.93/s  (0.563s,  909.25/s)  LR: 7.023e-04  Data: 0.000 (0.017)
2024-04-02 22:28:53,369 - train - INFO - Test: [   0/19]  Time: 0.583 (0.583)  Loss:  1.5518 (1.5518)  Acc@1: 62.1094 (62.1094)  Acc@5: 87.1094 (87.1094)
2024-04-02 22:29:00,253 - train - INFO - Test: [  19/19]  Time: 0.393 (0.373)  Loss:  1.5771 (1.5244)  Acc@1: 62.8676 (63.0500)  Acc@5: 87.8676 (88.3200)
2024-04-02 22:29:01,121 - train - INFO - Train: 50 [   0/97 (  0%)]  Loss:  3.016419 (3.0164)  Time: 0.774s,  661.13/s  (0.774s,  661.13/s)  LR: 7.004e-04  Data: 0.302 (0.302)
2024-04-02 22:29:27,635 - train - INFO - Train: 50 [  50/97 ( 52%)]  Loss:  3.291730 (3.0606)  Time: 0.546s,  938.12/s  (0.535s,  956.92/s)  LR: 7.004e-04  Data: 0.009 (0.018)
2024-04-02 22:29:52,993 - train - INFO - Train: 50 [  96/97 (100%)]  Loss:  3.352842 (3.0596)  Time: 0.573s,  893.76/s  (0.543s,  943.39/s)  LR: 7.004e-04  Data: 0.000 (0.015)
2024-04-02 22:29:53,470 - train - INFO - Test: [   0/19]  Time: 0.475 (0.475)  Loss:  1.4619 (1.4619)  Acc@1: 64.4531 (64.4531)  Acc@5: 87.6953 (87.6953)
2024-04-02 22:30:00,563 - train - INFO - Test: [  19/19]  Time: 0.259 (0.378)  Loss:  1.4658 (1.4574)  Acc@1: 63.9706 (63.8300)  Acc@5: 88.6029 (88.5900)
2024-04-02 22:30:01,612 - train - INFO - Train: 51 [   0/97 (  0%)]  Loss:  2.691057 (2.6911)  Time: 0.965s,  530.78/s  (0.965s,  530.78/s)  LR: 6.985e-04  Data: 0.359 (0.359)
2024-04-02 22:30:26,571 - train - INFO - Train: 51 [  50/97 ( 52%)]  Loss:  2.666228 (3.0751)  Time: 0.487s, 1051.03/s  (0.508s, 1007.31/s)  LR: 6.985e-04  Data: 0.017 (0.020)
2024-04-02 22:30:51,868 - train - INFO - Train: 51 [  96/97 (100%)]  Loss:  2.666598 (3.0271)  Time: 0.544s,  940.52/s  (0.528s,  969.66/s)  LR: 6.985e-04  Data: 0.000 (0.017)
2024-04-02 22:30:52,324 - train - INFO - Test: [   0/19]  Time: 0.454 (0.454)  Loss:  1.4346 (1.4346)  Acc@1: 67.5781 (67.5781)  Acc@5: 88.2812 (88.2812)
2024-04-02 22:30:59,433 - train - INFO - Test: [  19/19]  Time: 0.436 (0.378)  Loss:  1.4189 (1.4226)  Acc@1: 67.2794 (64.6600)  Acc@5: 88.2353 (89.2200)
2024-04-02 22:31:00,376 - train - INFO - Train: 52 [   0/97 (  0%)]  Loss:  2.622809 (2.6228)  Time: 0.841s,  608.65/s  (0.841s,  608.65/s)  LR: 6.965e-04  Data: 0.355 (0.355)
2024-04-02 22:31:27,607 - train - INFO - Train: 52 [  50/97 ( 52%)]  Loss:  3.249752 (3.0187)  Time: 0.604s,  847.95/s  (0.550s,  930.19/s)  LR: 6.965e-04  Data: 0.009 (0.019)
2024-04-02 22:31:52,776 - train - INFO - Train: 52 [  96/97 (100%)]  Loss:  2.587328 (3.0151)  Time: 0.535s,  956.95/s  (0.549s,  932.86/s)  LR: 6.965e-04  Data: 0.000 (0.016)
2024-04-02 22:31:53,295 - train - INFO - Test: [   0/19]  Time: 0.512 (0.512)  Loss:  1.4746 (1.4746)  Acc@1: 65.2344 (65.2344)  Acc@5: 88.8672 (88.8672)
2024-04-02 22:32:00,846 - train - INFO - Test: [  19/19]  Time: 0.456 (0.403)  Loss:  1.4521 (1.4733)  Acc@1: 69.1176 (64.2100)  Acc@5: 86.7647 (88.7000)
2024-04-02 22:32:01,615 - train - INFO - Train: 53 [   0/97 (  0%)]  Loss:  3.240660 (3.2407)  Time: 0.654s,  783.46/s  (0.654s,  783.46/s)  LR: 6.945e-04  Data: 0.295 (0.295)
2024-04-02 22:32:29,081 - train - INFO - Train: 53 [  50/97 ( 52%)]  Loss:  2.608140 (3.0019)  Time: 0.674s,  760.05/s  (0.551s,  928.67/s)  LR: 6.945e-04  Data: 0.020 (0.019)
2024-04-02 22:32:53,499 - train - INFO - Train: 53 [  96/97 (100%)]  Loss:  3.102915 (3.0504)  Time: 0.593s,  862.96/s  (0.542s,  945.37/s)  LR: 6.945e-04  Data: 0.000 (0.016)
2024-04-02 22:32:54,073 - train - INFO - Test: [   0/19]  Time: 0.572 (0.572)  Loss:  1.4395 (1.4395)  Acc@1: 64.2578 (64.2578)  Acc@5: 87.6953 (87.6953)
2024-04-02 22:33:00,495 - train - INFO - Test: [  19/19]  Time: 0.223 (0.350)  Loss:  1.4092 (1.4368)  Acc@1: 66.9118 (64.3200)  Acc@5: 88.2353 (88.7700)
2024-04-02 22:33:01,495 - train - INFO - Train: 54 [   0/97 (  0%)]  Loss:  2.870305 (2.8703)  Time: 0.904s,  566.29/s  (0.904s,  566.29/s)  LR: 6.924e-04  Data: 0.375 (0.375)
2024-04-02 22:33:28,902 - train - INFO - Train: 54 [  50/97 ( 52%)]  Loss:  3.516472 (3.0388)  Time: 0.538s,  951.15/s  (0.555s,  922.37/s)  LR: 6.924e-04  Data: 0.027 (0.023)
2024-04-02 22:33:54,159 - train - INFO - Train: 54 [  96/97 (100%)]  Loss:  3.328850 (3.0179)  Time: 0.530s,  966.21/s  (0.552s,  927.17/s)  LR: 6.924e-04  Data: 0.000 (0.018)
2024-04-02 22:33:54,456 - train - INFO - Test: [   0/19]  Time: 0.293 (0.293)  Loss:  1.4492 (1.4492)  Acc@1: 64.2578 (64.2578)  Acc@5: 87.8906 (87.8906)
2024-04-02 22:34:01,122 - train - INFO - Test: [  19/19]  Time: 0.418 (0.348)  Loss:  1.4570 (1.4479)  Acc@1: 62.5000 (64.5000)  Acc@5: 86.7647 (88.9500)
2024-04-02 22:34:02,029 - train - INFO - Train: 55 [   0/97 (  0%)]  Loss:  3.471447 (3.4714)  Time: 0.827s,  619.26/s  (0.827s,  619.26/s)  LR: 6.903e-04  Data: 0.391 (0.391)
2024-04-02 22:34:28,907 - train - INFO - Train: 55 [  50/97 ( 52%)]  Loss:  3.358673 (3.0530)  Time: 0.641s,  799.11/s  (0.543s,  942.58/s)  LR: 6.903e-04  Data: 0.019 (0.019)
2024-04-02 22:34:53,594 - train - INFO - Train: 55 [  96/97 (100%)]  Loss:  2.587449 (3.0246)  Time: 0.418s, 1225.22/s  (0.540s,  947.99/s)  LR: 6.903e-04  Data: 0.000 (0.017)
2024-04-02 22:34:53,929 - train - INFO - Test: [   0/19]  Time: 0.333 (0.333)  Loss:  1.4414 (1.4414)  Acc@1: 64.6484 (64.6484)  Acc@5: 88.4766 (88.4766)
2024-04-02 22:35:00,718 - train - INFO - Test: [  19/19]  Time: 0.450 (0.356)  Loss:  1.4160 (1.4287)  Acc@1: 65.4412 (63.5600)  Acc@5: 86.3971 (88.5600)
2024-04-02 22:35:01,674 - train - INFO - Train: 56 [   0/97 (  0%)]  Loss:  2.890666 (2.8907)  Time: 0.863s,  593.28/s  (0.863s,  593.28/s)  LR: 6.882e-04  Data: 0.262 (0.262)
2024-04-02 22:35:28,277 - train - INFO - Train: 56 [  50/97 ( 52%)]  Loss:  3.220778 (2.9843)  Time: 0.515s,  993.88/s  (0.539s,  950.72/s)  LR: 6.882e-04  Data: 0.015 (0.018)
2024-04-02 22:35:52,472 - train - INFO - Train: 56 [  96/97 (100%)]  Loss:  2.781430 (2.9272)  Time: 0.450s, 1136.56/s  (0.533s,  961.39/s)  LR: 6.882e-04  Data: 0.000 (0.015)
2024-04-02 22:35:52,897 - train - INFO - Test: [   0/19]  Time: 0.423 (0.423)  Loss:  1.4287 (1.4287)  Acc@1: 66.4062 (66.4062)  Acc@5: 88.2812 (88.2812)
2024-04-02 22:35:59,653 - train - INFO - Test: [  19/19]  Time: 0.403 (0.359)  Loss:  1.3750 (1.4123)  Acc@1: 66.9118 (65.3000)  Acc@5: 90.8088 (89.6700)
2024-04-02 22:36:00,628 - train - INFO - Train: 57 [   0/97 (  0%)]  Loss:  3.517555 (3.5176)  Time: 0.844s,  606.50/s  (0.844s,  606.50/s)  LR: 6.860e-04  Data: 0.282 (0.282)
2024-04-02 22:36:28,716 - train - INFO - Train: 57 [  50/97 ( 52%)]  Loss:  3.239133 (3.0621)  Time: 0.610s,  839.48/s  (0.567s,  902.57/s)  LR: 6.860e-04  Data: 0.035 (0.021)
2024-04-02 22:36:54,508 - train - INFO - Train: 57 [  96/97 (100%)]  Loss:  2.919839 (3.0426)  Time: 0.569s,  899.46/s  (0.564s,  907.59/s)  LR: 6.860e-04  Data: 0.000 (0.018)
2024-04-02 22:36:55,074 - train - INFO - Test: [   0/19]  Time: 0.564 (0.564)  Loss:  1.4971 (1.4971)  Acc@1: 63.0859 (63.0859)  Acc@5: 87.6953 (87.6953)
2024-04-02 22:37:01,814 - train - INFO - Test: [  19/19]  Time: 0.264 (0.365)  Loss:  1.4756 (1.4833)  Acc@1: 67.6471 (63.8100)  Acc@5: 86.7647 (88.7000)
2024-04-02 22:37:02,944 - train - INFO - Train: 58 [   0/97 (  0%)]  Loss:  3.217261 (3.2173)  Time: 1.047s,  489.24/s  (1.047s,  489.24/s)  LR: 6.838e-04  Data: 0.403 (0.403)
2024-04-02 22:37:30,675 - train - INFO - Train: 58 [  50/97 ( 52%)]  Loss:  2.836792 (3.0900)  Time: 0.629s,  813.72/s  (0.564s,  907.41/s)  LR: 6.838e-04  Data: 0.019 (0.022)
2024-04-02 22:37:56,066 - train - INFO - Train: 58 [  96/97 (100%)]  Loss:  2.465031 (3.0681)  Time: 0.621s,  823.98/s  (0.558s,  916.90/s)  LR: 6.838e-04  Data: 0.000 (0.018)
2024-04-02 22:37:56,698 - train - INFO - Test: [   0/19]  Time: 0.630 (0.630)  Loss:  1.4229 (1.4229)  Acc@1: 65.2344 (65.2344)  Acc@5: 87.6953 (87.6953)
2024-04-02 22:38:03,506 - train - INFO - Test: [  19/19]  Time: 0.348 (0.372)  Loss:  1.4062 (1.4371)  Acc@1: 65.0735 (64.1800)  Acc@5: 88.2353 (88.6900)
2024-04-02 22:38:04,532 - train - INFO - Train: 59 [   0/97 (  0%)]  Loss:  2.896269 (2.8963)  Time: 0.944s,  542.49/s  (0.944s,  542.49/s)  LR: 6.816e-04  Data: 0.355 (0.355)
2024-04-02 22:38:32,077 - train - INFO - Train: 59 [  50/97 ( 52%)]  Loss:  2.929596 (3.0227)  Time: 0.617s,  829.57/s  (0.559s,  916.61/s)  LR: 6.816e-04  Data: 0.010 (0.021)
2024-04-02 22:38:57,016 - train - INFO - Train: 59 [  96/97 (100%)]  Loss:  2.853801 (3.0286)  Time: 0.531s,  964.54/s  (0.551s,  929.59/s)  LR: 6.816e-04  Data: 0.000 (0.018)
2024-04-02 22:38:57,482 - train - INFO - Test: [   0/19]  Time: 0.462 (0.462)  Loss:  1.4785 (1.4785)  Acc@1: 65.8203 (65.8203)  Acc@5: 87.6953 (87.6953)
2024-04-02 22:39:04,520 - train - INFO - Test: [  19/19]  Time: 0.402 (0.375)  Loss:  1.4512 (1.4857)  Acc@1: 66.9118 (63.8200)  Acc@5: 89.7059 (88.3600)
2024-04-02 22:39:05,431 - train - INFO - Train: 60 [   0/97 (  0%)]  Loss:  2.854559 (2.8546)  Time: 0.823s,  622.15/s  (0.823s,  622.15/s)  LR: 6.793e-04  Data: 0.314 (0.314)
2024-04-02 22:39:33,237 - train - INFO - Train: 60 [  50/97 ( 52%)]  Loss:  2.638118 (2.9810)  Time: 0.509s, 1004.95/s  (0.561s,  912.13/s)  LR: 6.793e-04  Data: 0.009 (0.020)
2024-04-02 22:39:57,925 - train - INFO - Train: 60 [  96/97 (100%)]  Loss:  2.683515 (2.9350)  Time: 0.402s, 1275.04/s  (0.550s,  931.53/s)  LR: 6.793e-04  Data: 0.000 (0.017)
2024-04-02 22:39:58,372 - train - INFO - Test: [   0/19]  Time: 0.444 (0.444)  Loss:  1.3721 (1.3721)  Acc@1: 69.5312 (69.5312)  Acc@5: 87.8906 (87.8906)
2024-04-02 22:40:05,589 - train - INFO - Test: [  19/19]  Time: 0.362 (0.383)  Loss:  1.3496 (1.3693)  Acc@1: 69.1176 (66.2600)  Acc@5: 88.9706 (89.5200)
2024-04-02 22:40:06,631 - train - INFO - Train: 61 [   0/97 (  0%)]  Loss:  2.532680 (2.5327)  Time: 0.940s,  544.73/s  (0.940s,  544.73/s)  LR: 6.770e-04  Data: 0.293 (0.293)
2024-04-02 22:40:34,394 - train - INFO - Train: 61 [  50/97 ( 52%)]  Loss:  3.386540 (2.9482)  Time: 0.568s,  901.25/s  (0.563s,  909.77/s)  LR: 6.770e-04  Data: 0.009 (0.019)
2024-04-02 22:40:59,138 - train - INFO - Train: 61 [  96/97 (100%)]  Loss:  2.876592 (2.9622)  Time: 0.458s, 1118.03/s  (0.551s,  929.27/s)  LR: 6.770e-04  Data: 0.000 (0.016)
2024-04-02 22:40:59,563 - train - INFO - Test: [   0/19]  Time: 0.422 (0.422)  Loss:  1.4170 (1.4170)  Acc@1: 65.8203 (65.8203)  Acc@5: 88.6719 (88.6719)
2024-04-02 22:41:06,454 - train - INFO - Test: [  19/19]  Time: 0.418 (0.366)  Loss:  1.3877 (1.4310)  Acc@1: 67.2794 (64.9400)  Acc@5: 87.8676 (88.9800)
2024-04-02 22:41:07,454 - train - INFO - Train: 62 [   0/97 (  0%)]  Loss:  2.444254 (2.4443)  Time: 0.913s,  560.67/s  (0.913s,  560.67/s)  LR: 6.747e-04  Data: 0.318 (0.318)
2024-04-02 22:41:34,852 - train - INFO - Train: 62 [  50/97 ( 52%)]  Loss:  3.203963 (3.0335)  Time: 0.577s,  887.33/s  (0.555s,  922.36/s)  LR: 6.747e-04  Data: 0.021 (0.020)
2024-04-02 22:42:00,775 - train - INFO - Train: 62 [  96/97 (100%)]  Loss:  3.207044 (3.0307)  Time: 0.614s,  833.30/s  (0.559s,  915.78/s)  LR: 6.747e-04  Data: 0.000 (0.017)
2024-04-02 22:42:01,401 - train - INFO - Test: [   0/19]  Time: 0.621 (0.621)  Loss:  1.4619 (1.4619)  Acc@1: 67.9688 (67.9688)  Acc@5: 87.8906 (87.8906)
2024-04-02 22:42:07,819 - train - INFO - Test: [  19/19]  Time: 0.223 (0.352)  Loss:  1.4746 (1.4683)  Acc@1: 66.1765 (64.7600)  Acc@5: 88.9706 (89.2100)
2024-04-02 22:42:08,655 - train - INFO - Train: 63 [   0/97 (  0%)]  Loss:  2.993199 (2.9932)  Time: 0.739s,  692.51/s  (0.739s,  692.51/s)  LR: 6.724e-04  Data: 0.325 (0.325)
2024-04-02 22:42:35,865 - train - INFO - Train: 63 [  50/97 ( 52%)]  Loss:  2.780438 (2.9417)  Time: 0.662s,  773.09/s  (0.548s,  934.33/s)  LR: 6.724e-04  Data: 0.016 (0.020)
2024-04-02 22:43:01,297 - train - INFO - Train: 63 [  96/97 (100%)]  Loss:  3.077939 (2.9512)  Time: 0.523s,  979.48/s  (0.550s,  930.41/s)  LR: 6.724e-04  Data: 0.000 (0.018)
2024-04-02 22:43:01,760 - train - INFO - Test: [   0/19]  Time: 0.460 (0.460)  Loss:  1.3770 (1.3770)  Acc@1: 67.5781 (67.5781)  Acc@5: 88.2812 (88.2812)
2024-04-02 22:43:08,678 - train - INFO - Test: [  19/19]  Time: 0.322 (0.369)  Loss:  1.3564 (1.3742)  Acc@1: 67.2794 (65.8000)  Acc@5: 88.9706 (89.5700)
2024-04-02 22:43:09,731 - train - INFO - Train: 64 [   0/97 (  0%)]  Loss:  2.512467 (2.5125)  Time: 0.926s,  553.19/s  (0.926s,  553.19/s)  LR: 6.700e-04  Data: 0.273 (0.273)
2024-04-02 22:43:37,479 - train - INFO - Train: 64 [  50/97 ( 52%)]  Loss:  2.555622 (2.9471)  Time: 0.529s,  968.33/s  (0.562s,  910.70/s)  LR: 6.700e-04  Data: 0.019 (0.020)
2024-04-02 22:44:03,002 - train - INFO - Train: 64 [  96/97 (100%)]  Loss:  2.492924 (2.9406)  Time: 0.499s, 1025.41/s  (0.559s,  916.41/s)  LR: 6.700e-04  Data: 0.000 (0.017)
2024-04-02 22:44:03,460 - train - INFO - Test: [   0/19]  Time: 0.455 (0.455)  Loss:  1.3594 (1.3594)  Acc@1: 67.7734 (67.7734)  Acc@5: 88.0859 (88.0859)
2024-04-02 22:44:10,642 - train - INFO - Test: [  19/19]  Time: 0.334 (0.382)  Loss:  1.3223 (1.3542)  Acc@1: 69.1176 (66.1800)  Acc@5: 88.9706 (89.8300)
2024-04-02 22:44:11,622 - train - INFO - Train: 65 [   0/97 (  0%)]  Loss:  2.667419 (2.6674)  Time: 0.880s,  581.80/s  (0.880s,  581.80/s)  LR: 6.675e-04  Data: 0.297 (0.297)
2024-04-02 22:44:39,104 - train - INFO - Train: 65 [  50/97 ( 52%)]  Loss:  3.337040 (2.9467)  Time: 0.492s, 1040.12/s  (0.556s,  920.73/s)  LR: 6.675e-04  Data: 0.011 (0.020)
2024-04-02 22:45:03,733 - train - INFO - Train: 65 [  96/97 (100%)]  Loss:  3.311129 (2.9474)  Time: 0.517s,  989.79/s  (0.546s,  937.31/s)  LR: 6.675e-04  Data: 0.000 (0.017)
2024-04-02 22:45:04,316 - train - INFO - Test: [   0/19]  Time: 0.579 (0.579)  Loss:  1.3652 (1.3652)  Acc@1: 67.7734 (67.7734)  Acc@5: 88.8672 (88.8672)
2024-04-02 22:45:10,895 - train - INFO - Test: [  19/19]  Time: 0.362 (0.358)  Loss:  1.4229 (1.3813)  Acc@1: 64.7059 (66.0200)  Acc@5: 88.9706 (89.8700)
2024-04-02 22:45:11,925 - train - INFO - Train: 66 [   0/97 (  0%)]  Loss:  3.179137 (3.1791)  Time: 0.918s,  558.01/s  (0.918s,  558.01/s)  LR: 6.651e-04  Data: 0.264 (0.264)
2024-04-02 22:45:39,443 - train - INFO - Train: 66 [  50/97 ( 52%)]  Loss:  2.981434 (3.0126)  Time: 0.634s,  807.07/s  (0.558s,  918.35/s)  LR: 6.651e-04  Data: 0.015 (0.018)
2024-04-02 22:46:04,767 - train - INFO - Train: 66 [  96/97 (100%)]  Loss:  3.195030 (3.0135)  Time: 0.598s,  856.55/s  (0.554s,  923.88/s)  LR: 6.651e-04  Data: 0.000 (0.016)
2024-04-02 22:46:05,264 - train - INFO - Test: [   0/19]  Time: 0.494 (0.494)  Loss:  1.4385 (1.4385)  Acc@1: 65.8203 (65.8203)  Acc@5: 89.2578 (89.2578)
2024-04-02 22:46:11,444 - train - INFO - Test: [  19/19]  Time: 0.197 (0.334)  Loss:  1.4219 (1.4193)  Acc@1: 64.3382 (65.7000)  Acc@5: 88.6029 (89.4200)
2024-04-02 22:46:12,371 - train - INFO - Train: 67 [   0/97 (  0%)]  Loss:  3.324490 (3.3245)  Time: 0.808s,  633.30/s  (0.808s,  633.30/s)  LR: 6.626e-04  Data: 0.284 (0.284)
2024-04-02 22:46:39,697 - train - INFO - Train: 67 [  50/97 ( 52%)]  Loss:  2.966053 (2.9930)  Time: 0.603s,  849.33/s  (0.552s,  928.13/s)  LR: 6.626e-04  Data: 0.013 (0.020)
2024-04-02 22:47:04,067 - train - INFO - Train: 67 [  96/97 (100%)]  Loss:  2.480117 (2.9650)  Time: 0.497s, 1029.58/s  (0.541s,  945.94/s)  LR: 6.626e-04  Data: 0.000 (0.016)
2024-04-02 22:47:04,555 - train - INFO - Test: [   0/19]  Time: 0.485 (0.485)  Loss:  1.4219 (1.4219)  Acc@1: 64.6484 (64.6484)  Acc@5: 88.8672 (88.8672)
2024-04-02 22:47:12,040 - train - INFO - Test: [  19/19]  Time: 0.407 (0.398)  Loss:  1.3848 (1.3826)  Acc@1: 67.2794 (65.6400)  Acc@5: 90.0735 (89.6700)
2024-04-02 22:47:13,003 - train - INFO - Train: 68 [   0/97 (  0%)]  Loss:  2.530328 (2.5303)  Time: 0.874s,  585.67/s  (0.874s,  585.67/s)  LR: 6.601e-04  Data: 0.280 (0.280)
2024-04-02 22:47:41,558 - train - INFO - Train: 68 [  50/97 ( 52%)]  Loss:  2.775847 (2.9727)  Time: 0.541s,  946.51/s  (0.577s,  887.47/s)  LR: 6.601e-04  Data: 0.014 (0.020)
2024-04-02 22:48:06,604 - train - INFO - Train: 68 [  96/97 (100%)]  Loss:  3.572331 (2.9384)  Time: 0.507s, 1009.21/s  (0.562s,  911.82/s)  LR: 6.601e-04  Data: 0.000 (0.017)
2024-04-02 22:48:07,098 - train - INFO - Test: [   0/19]  Time: 0.491 (0.491)  Loss:  1.4072 (1.4072)  Acc@1: 65.6250 (65.6250)  Acc@5: 88.8672 (88.8672)
2024-04-02 22:48:14,036 - train - INFO - Test: [  19/19]  Time: 0.357 (0.371)  Loss:  1.4258 (1.4183)  Acc@1: 65.0735 (64.8500)  Acc@5: 87.1324 (89.3200)
2024-04-02 22:48:15,038 - train - INFO - Train: 69 [   0/97 (  0%)]  Loss:  2.787379 (2.7874)  Time: 0.876s,  584.29/s  (0.876s,  584.29/s)  LR: 6.575e-04  Data: 0.282 (0.282)
2024-04-02 22:48:42,358 - train - INFO - Train: 69 [  50/97 ( 52%)]  Loss:  3.273611 (3.0419)  Time: 0.560s,  914.91/s  (0.553s,  926.15/s)  LR: 6.575e-04  Data: 0.009 (0.018)
2024-04-02 22:49:06,591 - train - INFO - Train: 69 [  96/97 (100%)]  Loss:  2.536135 (2.9942)  Time: 0.429s, 1192.10/s  (0.540s,  947.34/s)  LR: 6.575e-04  Data: 0.000 (0.015)
2024-04-02 22:49:06,921 - train - INFO - Test: [   0/19]  Time: 0.320 (0.320)  Loss:  1.2998 (1.2998)  Acc@1: 70.7031 (70.7031)  Acc@5: 89.6484 (89.6484)
2024-04-02 22:49:13,592 - train - INFO - Test: [  19/19]  Time: 0.395 (0.350)  Loss:  1.3145 (1.3274)  Acc@1: 69.4853 (66.7000)  Acc@5: 88.9706 (90.1500)
2024-04-02 22:49:14,457 - train - INFO - Train: 70 [   0/97 (  0%)]  Loss:  3.264173 (3.2642)  Time: 0.779s,  657.12/s  (0.779s,  657.12/s)  LR: 6.550e-04  Data: 0.277 (0.277)
2024-04-02 22:49:41,379 - train - INFO - Train: 70 [  50/97 ( 52%)]  Loss:  2.994151 (2.9423)  Time: 0.633s,  809.02/s  (0.543s,  942.80/s)  LR: 6.550e-04  Data: 0.012 (0.018)
2024-04-02 22:50:06,221 - train - INFO - Train: 70 [  96/97 (100%)]  Loss:  3.229882 (3.0000)  Time: 0.490s, 1044.45/s  (0.542s,  945.32/s)  LR: 6.550e-04  Data: 0.000 (0.016)
2024-04-02 22:50:06,642 - train - INFO - Test: [   0/19]  Time: 0.417 (0.417)  Loss:  1.4209 (1.4209)  Acc@1: 68.9453 (68.9453)  Acc@5: 88.8672 (88.8672)
2024-04-02 22:50:13,562 - train - INFO - Test: [  19/19]  Time: 0.422 (0.367)  Loss:  1.4209 (1.4254)  Acc@1: 69.8529 (66.4700)  Acc@5: 89.3382 (90.3800)
2024-04-02 22:50:14,558 - train - INFO - Train: 71 [   0/97 (  0%)]  Loss:  2.507481 (2.5075)  Time: 0.895s,  571.78/s  (0.895s,  571.78/s)  LR: 6.524e-04  Data: 0.248 (0.248)
2024-04-02 22:50:42,689 - train - INFO - Train: 71 [  50/97 ( 52%)]  Loss:  2.421773 (2.9276)  Time: 0.528s,  968.89/s  (0.569s,  899.66/s)  LR: 6.524e-04  Data: 0.021 (0.019)
2024-04-02 22:51:07,920 - train - INFO - Train: 71 [  96/97 (100%)]  Loss:  3.214403 (2.9062)  Time: 0.500s, 1023.61/s  (0.559s,  915.41/s)  LR: 6.524e-04  Data: 0.000 (0.017)
2024-04-02 22:51:08,450 - train - INFO - Test: [   0/19]  Time: 0.527 (0.527)  Loss:  1.4453 (1.4453)  Acc@1: 66.6016 (66.6016)  Acc@5: 88.6719 (88.6719)
2024-04-02 22:51:15,882 - train - INFO - Test: [  19/19]  Time: 0.387 (0.398)  Loss:  1.4531 (1.4330)  Acc@1: 65.4412 (65.9400)  Acc@5: 88.6029 (89.4600)
2024-04-02 22:51:16,804 - train - INFO - Train: 72 [   0/97 (  0%)]  Loss:  3.132123 (3.1321)  Time: 0.836s,  612.61/s  (0.836s,  612.61/s)  LR: 6.497e-04  Data: 0.260 (0.260)
2024-04-02 22:51:43,801 - train - INFO - Train: 72 [  50/97 ( 52%)]  Loss:  2.559904 (2.8837)  Time: 0.492s, 1040.27/s  (0.546s,  938.20/s)  LR: 6.497e-04  Data: 0.008 (0.018)
2024-04-02 22:52:09,314 - train - INFO - Train: 72 [  96/97 (100%)]  Loss:  3.348208 (2.9283)  Time: 0.608s,  842.35/s  (0.550s,  931.01/s)  LR: 6.497e-04  Data: 0.000 (0.017)
2024-04-02 22:52:09,943 - train - INFO - Test: [   0/19]  Time: 0.626 (0.626)  Loss:  1.3467 (1.3467)  Acc@1: 67.7734 (67.7734)  Acc@5: 88.6719 (88.6719)
2024-04-02 22:52:16,417 - train - INFO - Test: [  19/19]  Time: 0.391 (0.355)  Loss:  1.3184 (1.3216)  Acc@1: 69.1176 (67.1600)  Acc@5: 88.9706 (90.2400)
2024-04-02 22:52:17,441 - train - INFO - Train: 73 [   0/97 (  0%)]  Loss:  2.507094 (2.5071)  Time: 0.871s,  587.98/s  (0.871s,  587.98/s)  LR: 6.471e-04  Data: 0.273 (0.273)
2024-04-02 22:52:44,230 - train - INFO - Train: 73 [  50/97 ( 52%)]  Loss:  2.483644 (2.9072)  Time: 0.589s,  869.45/s  (0.542s,  944.06/s)  LR: 6.471e-04  Data: 0.009 (0.017)
2024-04-02 22:53:09,273 - train - INFO - Train: 73 [  96/97 (100%)]  Loss:  2.633838 (2.9536)  Time: 0.490s, 1044.02/s  (0.543s,  942.39/s)  LR: 6.471e-04  Data: 0.000 (0.015)
2024-04-02 22:53:09,720 - train - INFO - Test: [   0/19]  Time: 0.440 (0.440)  Loss:  1.3936 (1.3936)  Acc@1: 66.0156 (66.0156)  Acc@5: 88.4766 (88.4766)
2024-04-02 22:53:16,500 - train - INFO - Test: [  19/19]  Time: 0.383 (0.361)  Loss:  1.3564 (1.3469)  Acc@1: 67.6471 (67.0500)  Acc@5: 89.7059 (90.1400)
2024-04-02 22:53:17,500 - train - INFO - Train: 74 [   0/97 (  0%)]  Loss:  2.581512 (2.5815)  Time: 0.779s,  657.57/s  (0.779s,  657.57/s)  LR: 6.444e-04  Data: 0.302 (0.302)
2024-04-02 22:53:45,097 - train - INFO - Train: 74 [  50/97 ( 52%)]  Loss:  2.770214 (2.9923)  Time: 0.596s,  858.92/s  (0.556s,  920.28/s)  LR: 6.444e-04  Data: 0.008 (0.020)
2024-04-02 22:54:09,686 - train - INFO - Train: 74 [  96/97 (100%)]  Loss:  3.377777 (2.9793)  Time: 0.570s,  898.51/s  (0.546s,  937.73/s)  LR: 6.444e-04  Data: 0.000 (0.017)
2024-04-02 22:54:10,274 - train - INFO - Test: [   0/19]  Time: 0.583 (0.583)  Loss:  1.3750 (1.3750)  Acc@1: 69.3359 (69.3359)  Acc@5: 89.2578 (89.2578)
2024-04-02 22:54:17,585 - train - INFO - Test: [  19/19]  Time: 0.401 (0.395)  Loss:  1.4092 (1.3918)  Acc@1: 69.1176 (67.1500)  Acc@5: 88.6029 (90.3100)
2024-04-02 22:54:18,539 - train - INFO - Train: 75 [   0/97 (  0%)]  Loss:  2.506214 (2.5062)  Time: 0.865s,  592.04/s  (0.865s,  592.04/s)  LR: 6.416e-04  Data: 0.247 (0.247)
2024-04-02 22:54:46,025 - train - INFO - Train: 75 [  50/97 ( 52%)]  Loss:  3.054262 (2.9783)  Time: 0.586s,  873.88/s  (0.556s,  921.09/s)  LR: 6.416e-04  Data: 0.010 (0.018)
2024-04-02 22:55:11,214 - train - INFO - Train: 75 [  96/97 (100%)]  Loss:  3.172410 (2.9644)  Time: 0.644s,  795.34/s  (0.552s,  927.66/s)  LR: 6.416e-04  Data: 0.000 (0.016)
2024-04-02 22:55:11,840 - train - INFO - Test: [   0/19]  Time: 0.622 (0.622)  Loss:  1.4551 (1.4551)  Acc@1: 65.8203 (65.8203)  Acc@5: 88.4766 (88.4766)
2024-04-02 22:55:18,364 - train - INFO - Test: [  19/19]  Time: 0.373 (0.357)  Loss:  1.4062 (1.4271)  Acc@1: 69.4853 (66.5200)  Acc@5: 89.3382 (90.0500)
2024-04-02 22:55:19,378 - train - INFO - Train: 76 [   0/97 (  0%)]  Loss:  2.685405 (2.6854)  Time: 0.897s,  570.61/s  (0.897s,  570.61/s)  LR: 6.389e-04  Data: 0.274 (0.274)
2024-04-02 22:55:47,387 - train - INFO - Train: 76 [  50/97 ( 52%)]  Loss:  2.606313 (2.8920)  Time: 0.671s,  763.22/s  (0.567s,  903.35/s)  LR: 6.389e-04  Data: 0.016 (0.019)
2024-04-02 22:56:12,441 - train - INFO - Train: 76 [  96/97 (100%)]  Loss:  3.325162 (2.9168)  Time: 0.345s, 1482.45/s  (0.556s,  920.41/s)  LR: 6.389e-04  Data: 0.000 (0.017)
2024-04-02 22:56:12,840 - train - INFO - Test: [   0/19]  Time: 0.397 (0.397)  Loss:  1.3848 (1.3848)  Acc@1: 68.1641 (68.1641)  Acc@5: 88.8672 (88.8672)
2024-04-02 22:56:19,629 - train - INFO - Test: [  19/19]  Time: 0.295 (0.359)  Loss:  1.3994 (1.3874)  Acc@1: 64.3382 (66.6600)  Acc@5: 88.6029 (89.7600)
2024-04-02 22:56:20,606 - train - INFO - Train: 77 [   0/97 (  0%)]  Loss:  2.340959 (2.3410)  Time: 0.885s,  578.62/s  (0.885s,  578.62/s)  LR: 6.361e-04  Data: 0.291 (0.291)
2024-04-02 22:56:48,305 - train - INFO - Train: 77 [  50/97 ( 52%)]  Loss:  3.266618 (2.9803)  Time: 0.438s, 1168.77/s  (0.560s,  913.75/s)  LR: 6.361e-04  Data: 0.020 (0.020)
2024-04-02 22:57:13,097 - train - INFO - Train: 77 [  96/97 (100%)]  Loss:  2.468502 (2.9453)  Time: 0.608s,  841.80/s  (0.550s,  930.62/s)  LR: 6.361e-04  Data: 0.000 (0.017)
2024-04-02 22:57:13,664 - train - INFO - Test: [   0/19]  Time: 0.564 (0.564)  Loss:  1.3809 (1.3809)  Acc@1: 68.7500 (68.7500)  Acc@5: 90.2344 (90.2344)
2024-04-02 22:57:20,949 - train - INFO - Test: [  19/19]  Time: 0.343 (0.392)  Loss:  1.3994 (1.3866)  Acc@1: 67.6471 (66.8100)  Acc@5: 87.1324 (90.0500)
2024-04-02 22:57:21,932 - train - INFO - Train: 78 [   0/97 (  0%)]  Loss:  2.758591 (2.7586)  Time: 0.879s,  582.55/s  (0.879s,  582.55/s)  LR: 6.333e-04  Data: 0.275 (0.275)
2024-04-02 22:57:48,412 - train - INFO - Train: 78 [  50/97 ( 52%)]  Loss:  3.070923 (2.8829)  Time: 0.512s,  999.19/s  (0.536s,  954.47/s)  LR: 6.333e-04  Data: 0.009 (0.019)
2024-04-02 22:58:14,465 - train - INFO - Train: 78 [  96/97 (100%)]  Loss:  2.654393 (2.9167)  Time: 0.464s, 1104.55/s  (0.551s,  929.89/s)  LR: 6.333e-04  Data: 0.000 (0.017)
2024-04-02 22:58:14,896 - train - INFO - Test: [   0/19]  Time: 0.428 (0.428)  Loss:  1.3887 (1.3887)  Acc@1: 69.1406 (69.1406)  Acc@5: 90.4297 (90.4297)
2024-04-02 22:58:21,617 - train - INFO - Test: [  19/19]  Time: 0.264 (0.357)  Loss:  1.3408 (1.3920)  Acc@1: 70.2206 (67.1000)  Acc@5: 89.7059 (89.6900)
2024-04-02 22:58:22,571 - train - INFO - Train: 79 [   0/97 (  0%)]  Loss:  2.624408 (2.6244)  Time: 0.845s,  605.80/s  (0.845s,  605.80/s)  LR: 6.304e-04  Data: 0.394 (0.394)
2024-04-02 22:58:50,289 - train - INFO - Train: 79 [  50/97 ( 52%)]  Loss:  2.502797 (2.9822)  Time: 0.667s,  767.63/s  (0.560s,  914.31/s)  LR: 6.304e-04  Data: 0.024 (0.022)
2024-04-02 22:59:15,231 - train - INFO - Train: 79 [  96/97 (100%)]  Loss:  3.035880 (2.9462)  Time: 0.573s,  893.93/s  (0.552s,  928.30/s)  LR: 6.304e-04  Data: 0.000 (0.018)
2024-04-02 22:59:15,785 - train - INFO - Test: [   0/19]  Time: 0.549 (0.549)  Loss:  1.3574 (1.3574)  Acc@1: 70.3125 (70.3125)  Acc@5: 91.0156 (91.0156)
2024-04-02 22:59:22,095 - train - INFO - Test: [  19/19]  Time: 0.256 (0.343)  Loss:  1.3018 (1.3710)  Acc@1: 71.6912 (67.3400)  Acc@5: 90.0735 (90.4400)
2024-04-02 22:59:23,037 - train - INFO - Train: 80 [   0/97 (  0%)]  Loss:  2.376449 (2.3764)  Time: 0.854s,  599.59/s  (0.854s,  599.59/s)  LR: 6.276e-04  Data: 0.406 (0.406)
2024-04-02 22:59:50,589 - train - INFO - Train: 80 [  50/97 ( 52%)]  Loss:  3.222930 (2.8693)  Time: 0.510s, 1003.29/s  (0.557s,  919.28/s)  LR: 6.276e-04  Data: 0.021 (0.022)
2024-04-02 23:00:16,414 - train - INFO - Train: 80 [  96/97 (100%)]  Loss:  2.914854 (2.9063)  Time: 0.509s, 1005.01/s  (0.559s,  915.91/s)  LR: 6.276e-04  Data: 0.000 (0.018)
2024-04-02 23:00:16,853 - train - INFO - Test: [   0/19]  Time: 0.435 (0.435)  Loss:  1.3926 (1.3926)  Acc@1: 65.6250 (65.6250)  Acc@5: 87.1094 (87.1094)
2024-04-02 23:00:24,156 - train - INFO - Test: [  19/19]  Time: 0.333 (0.387)  Loss:  1.4248 (1.3876)  Acc@1: 63.6029 (65.3200)  Acc@5: 87.8676 (89.3200)
2024-04-02 23:00:25,075 - train - INFO - Train: 81 [   0/97 (  0%)]  Loss:  2.604378 (2.6044)  Time: 0.822s,  622.51/s  (0.822s,  622.51/s)  LR: 6.247e-04  Data: 0.292 (0.292)
2024-04-02 23:00:52,269 - train - INFO - Train: 81 [  50/97 ( 52%)]  Loss:  2.437573 (2.8996)  Time: 0.582s,  879.89/s  (0.549s,  932.08/s)  LR: 6.247e-04  Data: 0.014 (0.018)
2024-04-02 23:01:17,965 - train - INFO - Train: 81 [  96/97 (100%)]  Loss:  2.597109 (2.8707)  Time: 0.507s, 1009.44/s  (0.554s,  924.70/s)  LR: 6.247e-04  Data: 0.000 (0.017)
2024-04-02 23:01:18,549 - train - INFO - Test: [   0/19]  Time: 0.582 (0.582)  Loss:  1.4082 (1.4082)  Acc@1: 65.2344 (65.2344)  Acc@5: 88.2812 (88.2812)
2024-04-02 23:01:25,418 - train - INFO - Test: [  19/19]  Time: 0.387 (0.372)  Loss:  1.4268 (1.3900)  Acc@1: 68.7500 (65.8300)  Acc@5: 88.9706 (89.2000)
2024-04-02 23:01:26,451 - train - INFO - Train: 82 [   0/97 (  0%)]  Loss:  3.168643 (3.1686)  Time: 0.933s,  548.77/s  (0.933s,  548.77/s)  LR: 6.218e-04  Data: 0.292 (0.292)
2024-04-02 23:01:53,538 - train - INFO - Train: 82 [  50/97 ( 52%)]  Loss:  2.646800 (2.9768)  Time: 0.513s,  998.80/s  (0.549s,  931.95/s)  LR: 6.218e-04  Data: 0.009 (0.019)
2024-04-02 23:02:19,055 - train - INFO - Train: 82 [  96/97 (100%)]  Loss:  3.190454 (2.9802)  Time: 0.617s,  829.76/s  (0.552s,  927.70/s)  LR: 6.218e-04  Data: 0.000 (0.016)
2024-04-02 23:02:19,667 - train - INFO - Test: [   0/19]  Time: 0.609 (0.609)  Loss:  1.2939 (1.2939)  Acc@1: 68.9453 (68.9453)  Acc@5: 90.4297 (90.4297)
2024-04-02 23:02:26,308 - train - INFO - Test: [  19/19]  Time: 0.249 (0.363)  Loss:  1.2998 (1.3210)  Acc@1: 68.7500 (67.7100)  Acc@5: 90.4412 (90.4900)
2024-04-02 23:02:27,401 - train - INFO - Train: 83 [   0/97 (  0%)]  Loss:  3.398818 (3.3988)  Time: 0.965s,  530.48/s  (0.965s,  530.48/s)  LR: 6.188e-04  Data: 0.283 (0.283)
2024-04-02 23:02:54,411 - train - INFO - Train: 83 [  50/97 ( 52%)]  Loss:  2.590017 (2.9447)  Time: 0.423s, 1211.38/s  (0.548s,  933.50/s)  LR: 6.188e-04  Data: 0.016 (0.018)
2024-04-02 23:03:19,396 - train - INFO - Train: 83 [  96/97 (100%)]  Loss:  2.391965 (2.8884)  Time: 0.433s, 1181.41/s  (0.546s,  937.84/s)  LR: 6.188e-04  Data: 0.003 (0.015)
2024-04-02 23:03:19,864 - train - INFO - Test: [   0/19]  Time: 0.465 (0.465)  Loss:  1.3887 (1.3887)  Acc@1: 68.7500 (68.7500)  Acc@5: 91.0156 (91.0156)
2024-04-02 23:03:26,624 - train - INFO - Test: [  19/19]  Time: 0.324 (0.361)  Loss:  1.3770 (1.3938)  Acc@1: 69.8529 (67.6300)  Acc@5: 90.8088 (90.7100)
2024-04-02 23:03:27,512 - train - INFO - Train: 84 [   0/97 (  0%)]  Loss:  2.906461 (2.9065)  Time: 0.800s,  640.13/s  (0.800s,  640.13/s)  LR: 6.158e-04  Data: 0.282 (0.282)
2024-04-02 23:03:55,133 - train - INFO - Train: 84 [  50/97 ( 52%)]  Loss:  2.917263 (2.9165)  Time: 0.490s, 1044.56/s  (0.557s,  918.81/s)  LR: 6.158e-04  Data: 0.013 (0.020)
2024-04-02 23:04:20,949 - train - INFO - Train: 84 [  96/97 (100%)]  Loss:  2.733094 (2.8880)  Time: 0.531s,  963.69/s  (0.559s,  915.73/s)  LR: 6.158e-04  Data: 0.000 (0.017)
2024-04-02 23:04:21,450 - train - INFO - Test: [   0/19]  Time: 0.497 (0.497)  Loss:  1.4062 (1.4062)  Acc@1: 66.2109 (66.2109)  Acc@5: 89.8438 (89.8438)
2024-04-02 23:04:28,904 - train - INFO - Test: [  19/19]  Time: 0.398 (0.398)  Loss:  1.3477 (1.3890)  Acc@1: 68.0147 (67.1800)  Acc@5: 89.3382 (90.2400)
2024-04-02 23:04:29,892 - train - INFO - Train: 85 [   0/97 (  0%)]  Loss:  3.243961 (3.2440)  Time: 0.901s,  568.17/s  (0.901s,  568.17/s)  LR: 6.128e-04  Data: 0.368 (0.368)
2024-04-02 23:04:57,240 - train - INFO - Train: 85 [  50/97 ( 52%)]  Loss:  2.899209 (2.9586)  Time: 0.564s,  907.00/s  (0.554s,  924.37/s)  LR: 6.128e-04  Data: 0.010 (0.022)
2024-04-02 23:05:21,852 - train - INFO - Train: 85 [  96/97 (100%)]  Loss:  3.309693 (2.9282)  Time: 0.567s,  902.41/s  (0.545s,  939.57/s)  LR: 6.128e-04  Data: 0.000 (0.018)
2024-04-02 23:05:22,365 - train - INFO - Test: [   0/19]  Time: 0.509 (0.509)  Loss:  1.3057 (1.3057)  Acc@1: 69.3359 (69.3359)  Acc@5: 91.6016 (91.6016)
2024-04-02 23:05:28,614 - train - INFO - Test: [  19/19]  Time: 0.204 (0.338)  Loss:  1.2705 (1.3054)  Acc@1: 72.0588 (68.3300)  Acc@5: 90.0735 (91.1900)
2024-04-02 23:05:29,722 - train - INFO - Train: 86 [   0/97 (  0%)]  Loss:  2.789224 (2.7892)  Time: 0.868s,  590.03/s  (0.868s,  590.03/s)  LR: 6.098e-04  Data: 0.258 (0.258)
2024-04-02 23:05:56,361 - train - INFO - Train: 86 [  50/97 ( 52%)]  Loss:  2.718790 (2.9234)  Time: 0.414s, 1236.69/s  (0.539s,  949.40/s)  LR: 6.098e-04  Data: 0.016 (0.018)
2024-04-02 23:06:22,126 - train - INFO - Train: 86 [  96/97 (100%)]  Loss:  3.358310 (2.9318)  Time: 0.625s,  819.29/s  (0.549s,  932.35/s)  LR: 6.098e-04  Data: 0.000 (0.016)
2024-04-02 23:06:22,733 - train - INFO - Test: [   0/19]  Time: 0.604 (0.604)  Loss:  1.3408 (1.3408)  Acc@1: 68.7500 (68.7500)  Acc@5: 89.4531 (89.4531)
2024-04-02 23:06:29,168 - train - INFO - Test: [  19/19]  Time: 0.289 (0.352)  Loss:  1.2832 (1.3178)  Acc@1: 71.3235 (67.6900)  Acc@5: 90.4412 (90.3700)
2024-04-02 23:06:30,040 - train - INFO - Train: 87 [   0/97 (  0%)]  Loss:  3.155370 (3.1554)  Time: 0.762s,  671.66/s  (0.762s,  671.66/s)  LR: 6.068e-04  Data: 0.253 (0.253)
2024-04-02 23:06:55,938 - train - INFO - Train: 87 [  50/97 ( 52%)]  Loss:  3.271901 (2.9606)  Time: 0.557s,  919.46/s  (0.523s,  979.49/s)  LR: 6.068e-04  Data: 0.014 (0.017)
2024-04-02 23:07:20,712 - train - INFO - Train: 87 [  96/97 (100%)]  Loss:  3.033327 (2.9594)  Time: 0.581s,  881.45/s  (0.530s,  965.63/s)  LR: 6.068e-04  Data: 0.000 (0.015)
2024-04-02 23:07:21,196 - train - INFO - Test: [   0/19]  Time: 0.482 (0.482)  Loss:  1.3311 (1.3311)  Acc@1: 68.3594 (68.3594)  Acc@5: 90.6250 (90.6250)
2024-04-02 23:07:27,831 - train - INFO - Test: [  19/19]  Time: 0.414 (0.356)  Loss:  1.2812 (1.3180)  Acc@1: 69.1176 (67.9600)  Acc@5: 91.5441 (90.6900)
2024-04-02 23:07:28,790 - train - INFO - Train: 88 [   0/97 (  0%)]  Loss:  2.738469 (2.7385)  Time: 0.852s,  600.63/s  (0.852s,  600.63/s)  LR: 6.037e-04  Data: 0.356 (0.356)
2024-04-02 23:07:56,641 - train - INFO - Train: 88 [  50/97 ( 52%)]  Loss:  3.133981 (2.8921)  Time: 0.611s,  837.47/s  (0.563s,  909.73/s)  LR: 6.037e-04  Data: 0.008 (0.020)
2024-04-02 23:08:21,040 - train - INFO - Train: 88 [  96/97 (100%)]  Loss:  3.064311 (2.8976)  Time: 0.639s,  801.60/s  (0.547s,  935.27/s)  LR: 6.037e-04  Data: 0.000 (0.017)
2024-04-02 23:08:21,684 - train - INFO - Test: [   0/19]  Time: 0.640 (0.640)  Loss:  1.3691 (1.3691)  Acc@1: 69.3359 (69.3359)  Acc@5: 89.8438 (89.8438)
2024-04-02 23:08:28,799 - train - INFO - Test: [  19/19]  Time: 0.364 (0.388)  Loss:  1.3418 (1.3764)  Acc@1: 66.5441 (67.2900)  Acc@5: 91.5441 (91.0200)
2024-04-02 23:08:29,835 - train - INFO - Train: 89 [   0/97 (  0%)]  Loss:  3.080370 (3.0804)  Time: 0.946s,  541.14/s  (0.946s,  541.14/s)  LR: 6.006e-04  Data: 0.407 (0.407)
2024-04-02 23:08:57,767 - train - INFO - Train: 89 [  50/97 ( 52%)]  Loss:  3.225763 (2.8820)  Time: 0.626s,  817.80/s  (0.566s,  904.25/s)  LR: 6.006e-04  Data: 0.009 (0.022)
2024-04-02 23:09:23,238 - train - INFO - Train: 89 [  96/97 (100%)]  Loss:  2.467801 (2.9204)  Time: 0.687s,  745.00/s  (0.560s,  913.83/s)  LR: 6.006e-04  Data: 0.000 (0.018)
2024-04-02 23:09:23,848 - train - INFO - Test: [   0/19]  Time: 0.605 (0.605)  Loss:  1.3320 (1.3320)  Acc@1: 70.3125 (70.3125)  Acc@5: 89.8438 (89.8438)
2024-04-02 23:09:30,215 - train - INFO - Test: [  19/19]  Time: 0.319 (0.349)  Loss:  1.3047 (1.3161)  Acc@1: 68.7500 (68.4300)  Acc@5: 90.8088 (90.8100)
2024-04-02 23:09:31,231 - train - INFO - Train: 90 [   0/97 (  0%)]  Loss:  3.360117 (3.3601)  Time: 0.913s,  560.55/s  (0.913s,  560.55/s)  LR: 5.975e-04  Data: 0.260 (0.260)
2024-04-02 23:09:58,552 - train - INFO - Train: 90 [  50/97 ( 52%)]  Loss:  2.376060 (2.8917)  Time: 0.673s,  761.30/s  (0.554s,  924.88/s)  LR: 5.975e-04  Data: 0.017 (0.019)
2024-04-02 23:10:24,193 - train - INFO - Train: 90 [  96/97 (100%)]  Loss:  3.121454 (2.8914)  Time: 0.599s,  854.66/s  (0.555s,  921.88/s)  LR: 5.975e-04  Data: 0.000 (0.016)
2024-04-02 23:10:24,753 - train - INFO - Test: [   0/19]  Time: 0.555 (0.555)  Loss:  1.3008 (1.3008)  Acc@1: 71.0938 (71.0938)  Acc@5: 89.6484 (89.6484)
2024-04-02 23:10:31,518 - train - INFO - Test: [  19/19]  Time: 0.364 (0.366)  Loss:  1.3115 (1.3071)  Acc@1: 68.7500 (68.5600)  Acc@5: 90.0735 (91.0300)
2024-04-02 23:10:32,474 - train - INFO - Train: 91 [   0/97 (  0%)]  Loss:  2.514610 (2.5146)  Time: 0.857s,  597.36/s  (0.857s,  597.36/s)  LR: 5.943e-04  Data: 0.365 (0.365)
2024-04-02 23:10:59,777 - train - INFO - Train: 91 [  50/97 ( 52%)]  Loss:  3.305127 (2.9733)  Time: 0.599s,  854.99/s  (0.552s,  927.29/s)  LR: 5.943e-04  Data: 0.009 (0.021)
2024-04-02 23:11:24,580 - train - INFO - Train: 91 [  96/97 (100%)]  Loss:  3.346346 (2.9106)  Time: 0.593s,  863.86/s  (0.546s,  937.76/s)  LR: 5.943e-04  Data: 0.000 (0.018)
2024-04-02 23:11:25,147 - train - INFO - Test: [   0/19]  Time: 0.565 (0.565)  Loss:  1.2969 (1.2969)  Acc@1: 72.0703 (72.0703)  Acc@5: 89.4531 (89.4531)
2024-04-02 23:11:32,197 - train - INFO - Test: [  19/19]  Time: 0.383 (0.381)  Loss:  1.3145 (1.3124)  Acc@1: 70.2206 (68.7400)  Acc@5: 90.0735 (91.0700)
2024-04-02 23:11:33,190 - train - INFO - Train: 92 [   0/97 (  0%)]  Loss:  2.934443 (2.9344)  Time: 0.901s,  568.33/s  (0.901s,  568.33/s)  LR: 5.912e-04  Data: 0.368 (0.368)
