2024-04-17 15:40:58,934 - train - INFO - aa: rand-m9-mstd0.5-inc1
amp: true
apex_amp: false
aug_splits: 0
batch_size: 256
bn_eps: null
bn_momentum: null
bn_tf: false
budget: 0.125
channels_last: false
checkpoint_hist: 3
clip_grad: null
clip_mode: norm
color_jitter: 0.4
cooldown_epochs: 10
crop_pct: 1.0
cutmix: 1.0
cutmix_minmax: null
data_dir: /home/xts/code/dataset/cifar100/
dataset: torch/cifar100
decay_epochs: 30
decay_rate: 0.1
dist_bn: ''
drop: 0.0
drop_block: null
drop_connect: null
drop_path: null
epoch_repeats: 0.0
epochs: 300
eval_metric: top1
experiment: ''
finetune: false
fix_blocksize: -1
fix_blocksize_list: 1,1,8,1,1,1,16,16,16,16,1,1,16,16,16,16,16,16,1,1,16,16,16,16,1,1,16,16,16,16,1,16
gp: null
hflip: 0.5
img_size: 32
initial_checkpoint: /home/xts/code/njeans/MyViT/pretrained/mbv2_c100.pth.tar
input_size: null
interpolation: bicubic
jsd: false
kd_alpha: 4
lasso_alpha: 0
lasso_beta: 1
local_rank: 0
log_interval: 50
log_name: mbv2_c100_b4_hawq
log_wandb: false
lr: 0.00055
lr_cycle_limit: 1
lr_cycle_mul: 1.0
lr_noise: null
lr_noise_pct: 0.67
lr_noise_std: 1.0
mean:
- 0.5071
- 0.4867
- 0.4408
min_lr: 1.0e-05
mixup: 0.8
mixup_mode: batch
mixup_off_epoch: 175
mixup_prob: 1.0
mixup_switch_prob: 0.5
model: c100_nas_mobilenetv2
model_ema: false
model_ema_decay: 0.9998
model_ema_force_cpu: false
momentum: 0.9
native_amp: false
no_aug: false
no_prefetcher: false
no_resume_opt: false
num_classes: 100
opt: adamw
opt_betas: null
opt_eps: null
output: ''
patience_epochs: 10
pin_mem: false
pretrained: false
ratio:
- 0.75
- 1.3333333333333333
recount: 1
recovery_interval: 0
remode: pixel
reprob: 0.25
resplit: false
resume: ''
save_images: false
scale:
- 0.8
- 1.0
sched: cosine
seed: 3407
smoothing: 0.1
split_bn: false
start_epoch: null
std:
- 0.2675
- 0.2565
- 0.2761
sync_bn: false
tau: 1.0
teacher: c100_mobilenetv2
teacher_checkpoint: /home/xts/code/njeans/MyViT/pretrained/mbv2_c100.pth.tar
torchscript: false
train_interpolation: random
train_split: train
tta: 0
use_kd: true
use_multi_epochs_loader: false
val_split: validation
validation_batch_size_multiplier: 1
vflip: 0.0
warmup_epochs: 0
warmup_lr: 1.0e-05
weight_decay: 0.06
workers: 8

2024-04-17 15:40:58,935 - train - INFO - Training with a single process on 1 GPUs.
2024-04-17 15:40:59,417 - train - INFO - MobileNetV2(
  (features): Sequential(
    (0): Sequential(
      (0): Conv2d(3, 32, kernel_size=(3, 3), stride=(1, 1), padding=(1, 1), bias=False)
      (1): BatchNorm2d(32, eps=1e-05, momentum=0.1, affine=True, track_running_stats=True)
      (2): ReLU6(inplace=True)
    )
    (1): InvertedResidual(
      (conv): Sequential(
        (0): Conv2d(32, 32, kernel_size=(3, 3), stride=(1, 1), padding=(1, 1), groups=32, bias=False)
        (1): BatchNorm2d(32, eps=1e-05, momentum=0.1, affine=True, track_running_stats=True)
        (2): ReLU6(inplace=True)
        (3): Conv2d(32, 16, kernel_size=(1, 1), stride=(1, 1), bias=False)
        (4): BatchNorm2d(16, eps=1e-05, momentum=0.1, affine=True, track_running_stats=True)
      )
    )
    (2): InvertedResidual(
      (conv): Sequential(
        (0): Conv2d(16, 96, kernel_size=(1, 1), stride=(1, 1), bias=False)
        (1): BatchNorm2d(96, eps=1e-05, momentum=0.1, affine=True, track_running_stats=True)
        (2): ReLU6(inplace=True)
        (3): Conv2d(96, 96, kernel_size=(3, 3), stride=(1, 1), padding=(1, 1), groups=96, bias=False)
        (4): BatchNorm2d(96, eps=1e-05, momentum=0.1, affine=True, track_running_stats=True)
        (5): ReLU6(inplace=True)
        (6): Conv2d(96, 24, kernel_size=(1, 1), stride=(1, 1), bias=False)
        (7): BatchNorm2d(24, eps=1e-05, momentum=0.1, affine=True, track_running_stats=True)
      )
    )
    (3): InvertedResidual(
      (conv): Sequential(
        (0): Conv2d(24, 144, kernel_size=(1, 1), stride=(1, 1), bias=False)
        (1): BatchNorm2d(144, eps=1e-05, momentum=0.1, affine=True, track_running_stats=True)
        (2): ReLU6(inplace=True)
        (3): Conv2d(144, 144, kernel_size=(3, 3), stride=(1, 1), padding=(1, 1), groups=144, bias=False)
        (4): BatchNorm2d(144, eps=1e-05, momentum=0.1, affine=True, track_running_stats=True)
        (5): ReLU6(inplace=True)
        (6): Conv2d(144, 24, kernel_size=(1, 1), stride=(1, 1), bias=False)
        (7): BatchNorm2d(24, eps=1e-05, momentum=0.1, affine=True, track_running_stats=True)
      )
    )
    (4): InvertedResidual(
      (conv): Sequential(
        (0): Conv2d(24, 144, kernel_size=(1, 1), stride=(1, 1), bias=False)
        (1): BatchNorm2d(144, eps=1e-05, momentum=0.1, affine=True, track_running_stats=True)
        (2): ReLU6(inplace=True)
        (3): Conv2d(144, 144, kernel_size=(3, 3), stride=(2, 2), padding=(1, 1), groups=144, bias=False)
        (4): BatchNorm2d(144, eps=1e-05, momentum=0.1, affine=True, track_running_stats=True)
        (5): ReLU6(inplace=True)
        (6): Conv2d(144, 32, kernel_size=(1, 1), stride=(1, 1), bias=False)
        (7): BatchNorm2d(32, eps=1e-05, momentum=0.1, affine=True, track_running_stats=True)
      )
    )
    (5): InvertedResidual(
      (conv): Sequential(
        (0): Conv2d(32, 192, kernel_size=(1, 1), stride=(1, 1), bias=False)
        (1): BatchNorm2d(192, eps=1e-05, momentum=0.1, affine=True, track_running_stats=True)
        (2): ReLU6(inplace=True)
        (3): Conv2d(192, 192, kernel_size=(3, 3), stride=(1, 1), padding=(1, 1), groups=192, bias=False)
        (4): BatchNorm2d(192, eps=1e-05, momentum=0.1, affine=True, track_running_stats=True)
        (5): ReLU6(inplace=True)
        (6): Conv2d(192, 32, kernel_size=(1, 1), stride=(1, 1), bias=False)
        (7): BatchNorm2d(32, eps=1e-05, momentum=0.1, affine=True, track_running_stats=True)
      )
    )
    (6): InvertedResidual(
      (conv): Sequential(
        (0): Conv2d(32, 192, kernel_size=(1, 1), stride=(1, 1), bias=False)
        (1): BatchNorm2d(192, eps=1e-05, momentum=0.1, affine=True, track_running_stats=True)
        (2): ReLU6(inplace=True)
        (3): Conv2d(192, 192, kernel_size=(3, 3), stride=(1, 1), padding=(1, 1), groups=192, bias=False)
        (4): BatchNorm2d(192, eps=1e-05, momentum=0.1, affine=True, track_running_stats=True)
        (5): ReLU6(inplace=True)
        (6): Conv2d(192, 32, kernel_size=(1, 1), stride=(1, 1), bias=False)
        (7): BatchNorm2d(32, eps=1e-05, momentum=0.1, affine=True, track_running_stats=True)
      )
    )
    (7): InvertedResidual(
      (conv): Sequential(
        (0): Conv2d(32, 192, kernel_size=(1, 1), stride=(1, 1), bias=False)
        (1): BatchNorm2d(192, eps=1e-05, momentum=0.1, affine=True, track_running_stats=True)
        (2): ReLU6(inplace=True)
        (3): Conv2d(192, 192, kernel_size=(3, 3), stride=(2, 2), padding=(1, 1), groups=192, bias=False)
        (4): BatchNorm2d(192, eps=1e-05, momentum=0.1, affine=True, track_running_stats=True)
        (5): ReLU6(inplace=True)
        (6): Conv2d(192, 64, kernel_size=(1, 1), stride=(1, 1), bias=False)
        (7): BatchNorm2d(64, eps=1e-05, momentum=0.1, affine=True, track_running_stats=True)
      )
    )
    (8): InvertedResidual(
      (conv): Sequential(
        (0): Conv2d(64, 384, kernel_size=(1, 1), stride=(1, 1), bias=False)
        (1): BatchNorm2d(384, eps=1e-05, momentum=0.1, affine=True, track_running_stats=True)
        (2): ReLU6(inplace=True)
        (3): Conv2d(384, 384, kernel_size=(3, 3), stride=(1, 1), padding=(1, 1), groups=384, bias=False)
        (4): BatchNorm2d(384, eps=1e-05, momentum=0.1, affine=True, track_running_stats=True)
        (5): ReLU6(inplace=True)
        (6): Conv2d(384, 64, kernel_size=(1, 1), stride=(1, 1), bias=False)
        (7): BatchNorm2d(64, eps=1e-05, momentum=0.1, affine=True, track_running_stats=True)
      )
    )
    (9): InvertedResidual(
      (conv): Sequential(
        (0): Conv2d(64, 384, kernel_size=(1, 1), stride=(1, 1), bias=False)
        (1): BatchNorm2d(384, eps=1e-05, momentum=0.1, affine=True, track_running_stats=True)
        (2): ReLU6(inplace=True)
        (3): Conv2d(384, 384, kernel_size=(3, 3), stride=(1, 1), padding=(1, 1), groups=384, bias=False)
        (4): BatchNorm2d(384, eps=1e-05, momentum=0.1, affine=True, track_running_stats=True)
        (5): ReLU6(inplace=True)
        (6): Conv2d(384, 64, kernel_size=(1, 1), stride=(1, 1), bias=False)
        (7): BatchNorm2d(64, eps=1e-05, momentum=0.1, affine=True, track_running_stats=True)
      )
    )
    (10): InvertedResidual(
      (conv): Sequential(
        (0): Conv2d(64, 384, kernel_size=(1, 1), stride=(1, 1), bias=False)
        (1): BatchNorm2d(384, eps=1e-05, momentum=0.1, affine=True, track_running_stats=True)
        (2): ReLU6(inplace=True)
        (3): Conv2d(384, 384, kernel_size=(3, 3), stride=(1, 1), padding=(1, 1), groups=384, bias=False)
        (4): BatchNorm2d(384, eps=1e-05, momentum=0.1, affine=True, track_running_stats=True)
        (5): ReLU6(inplace=True)
        (6): Conv2d(384, 64, kernel_size=(1, 1), stride=(1, 1), bias=False)
        (7): BatchNorm2d(64, eps=1e-05, momentum=0.1, affine=True, track_running_stats=True)
      )
    )
    (11): InvertedResidual(
      (conv): Sequential(
        (0): Conv2d(64, 384, kernel_size=(1, 1), stride=(1, 1), bias=False)
        (1): BatchNorm2d(384, eps=1e-05, momentum=0.1, affine=True, track_running_stats=True)
        (2): ReLU6(inplace=True)
        (3): Conv2d(384, 384, kernel_size=(3, 3), stride=(1, 1), padding=(1, 1), groups=384, bias=False)
        (4): BatchNorm2d(384, eps=1e-05, momentum=0.1, affine=True, track_running_stats=True)
        (5): ReLU6(inplace=True)
        (6): Conv2d(384, 96, kernel_size=(1, 1), stride=(1, 1), bias=False)
        (7): BatchNorm2d(96, eps=1e-05, momentum=0.1, affine=True, track_running_stats=True)
      )
    )
    (12): InvertedResidual(
      (conv): Sequential(
        (0): Conv2d(96, 576, kernel_size=(1, 1), stride=(1, 1), bias=False)
        (1): BatchNorm2d(576, eps=1e-05, momentum=0.1, affine=True, track_running_stats=True)
        (2): ReLU6(inplace=True)
        (3): Conv2d(576, 576, kernel_size=(3, 3), stride=(1, 1), padding=(1, 1), groups=576, bias=False)
        (4): BatchNorm2d(576, eps=1e-05, momentum=0.1, affine=True, track_running_stats=True)
        (5): ReLU6(inplace=True)
        (6): Conv2d(576, 96, kernel_size=(1, 1), stride=(1, 1), bias=False)
        (7): BatchNorm2d(96, eps=1e-05, momentum=0.1, affine=True, track_running_stats=True)
      )
    )
    (13): InvertedResidual(
      (conv): Sequential(
        (0): Conv2d(96, 576, kernel_size=(1, 1), stride=(1, 1), bias=False)
        (1): BatchNorm2d(576, eps=1e-05, momentum=0.1, affine=True, track_running_stats=True)
        (2): ReLU6(inplace=True)
        (3): Conv2d(576, 576, kernel_size=(3, 3), stride=(1, 1), padding=(1, 1), groups=576, bias=False)
        (4): BatchNorm2d(576, eps=1e-05, momentum=0.1, affine=True, track_running_stats=True)
        (5): ReLU6(inplace=True)
        (6): Conv2d(576, 96, kernel_size=(1, 1), stride=(1, 1), bias=False)
        (7): BatchNorm2d(96, eps=1e-05, momentum=0.1, affine=True, track_running_stats=True)
      )
    )
    (14): InvertedResidual(
      (conv): Sequential(
        (0): Conv2d(96, 576, kernel_size=(1, 1), stride=(1, 1), bias=False)
        (1): BatchNorm2d(576, eps=1e-05, momentum=0.1, affine=True, track_running_stats=True)
        (2): ReLU6(inplace=True)
        (3): Conv2d(576, 576, kernel_size=(3, 3), stride=(2, 2), padding=(1, 1), groups=576, bias=False)
        (4): BatchNorm2d(576, eps=1e-05, momentum=0.1, affine=True, track_running_stats=True)
        (5): ReLU6(inplace=True)
        (6): Conv2d(576, 160, kernel_size=(1, 1), stride=(1, 1), bias=False)
        (7): BatchNorm2d(160, eps=1e-05, momentum=0.1, affine=True, track_running_stats=True)
      )
    )
    (15): InvertedResidual(
      (conv): Sequential(
        (0): Conv2d(160, 960, kernel_size=(1, 1), stride=(1, 1), bias=False)
        (1): BatchNorm2d(960, eps=1e-05, momentum=0.1, affine=True, track_running_stats=True)
        (2): ReLU6(inplace=True)
        (3): Conv2d(960, 960, kernel_size=(3, 3), stride=(1, 1), padding=(1, 1), groups=960, bias=False)
        (4): BatchNorm2d(960, eps=1e-05, momentum=0.1, affine=True, track_running_stats=True)
        (5): ReLU6(inplace=True)
        (6): Conv2d(960, 160, kernel_size=(1, 1), stride=(1, 1), bias=False)
        (7): BatchNorm2d(160, eps=1e-05, momentum=0.1, affine=True, track_running_stats=True)
      )
    )
    (16): InvertedResidual(
      (conv): Sequential(
        (0): Conv2d(160, 960, kernel_size=(1, 1), stride=(1, 1), bias=False)
        (1): BatchNorm2d(960, eps=1e-05, momentum=0.1, affine=True, track_running_stats=True)
        (2): ReLU6(inplace=True)
        (3): Conv2d(960, 960, kernel_size=(3, 3), stride=(1, 1), padding=(1, 1), groups=960, bias=False)
        (4): BatchNorm2d(960, eps=1e-05, momentum=0.1, affine=True, track_running_stats=True)
        (5): ReLU6(inplace=True)
        (6): Conv2d(960, 160, kernel_size=(1, 1), stride=(1, 1), bias=False)
        (7): BatchNorm2d(160, eps=1e-05, momentum=0.1, affine=True, track_running_stats=True)
      )
    )
    (17): InvertedResidual(
      (conv): Sequential(
        (0): Conv2d(160, 960, kernel_size=(1, 1), stride=(1, 1), bias=False)
        (1): BatchNorm2d(960, eps=1e-05, momentum=0.1, affine=True, track_running_stats=True)
        (2): ReLU6(inplace=True)
        (3): Conv2d(960, 960, kernel_size=(3, 3), stride=(1, 1), padding=(1, 1), groups=960, bias=False)
        (4): BatchNorm2d(960, eps=1e-05, momentum=0.1, affine=True, track_running_stats=True)
        (5): ReLU6(inplace=True)
        (6): Conv2d(960, 320, kernel_size=(1, 1), stride=(1, 1), bias=False)
        (7): BatchNorm2d(320, eps=1e-05, momentum=0.1, affine=True, track_running_stats=True)
      )
    )
  )
  (conv): Sequential(
    (0): Conv2d(320, 1280, kernel_size=(1, 1), stride=(1, 1), bias=False)
    (1): BatchNorm2d(1280, eps=1e-05, momentum=0.1, affine=True, track_running_stats=True)
    (2): ReLU6(inplace=True)
  )
  (avgpool): AdaptiveAvgPool2d(output_size=(1, 1))
  (classifier): Linear(in_features=1280, out_features=100, bias=True)
)
2024-04-17 15:41:01,439 - train - INFO - Model c100_nas_mobilenetv2 created, param count:2352163
2024-04-17 15:41:01,453 - train - INFO - Using native Torch AMP. Training in mixed precision.
2024-04-17 15:41:01,453 - train - INFO - Scheduled epochs: 310
2024-04-17 15:41:02,799 - train - INFO - Verifying teacher model
2024-04-17 15:41:03,888 - train - INFO - Test: [   0/39]  Time: 1.088 (1.088)  Loss:  0.9492 (0.9492)  Acc@1: 80.8594 (80.8594)  Acc@5: 95.3125 (95.3125)
2024-04-17 15:41:04,649 - train - INFO - Test: [  39/39]  Time: 0.412 (0.046)  Loss:  1.1045 (0.9844)  Acc@1: 75.0000 (78.7000)  Acc@5: 93.7500 (95.1000)
2024-04-17 15:41:04,649 - train - INFO - Verifying initial model
2024-04-17 15:41:04,785 - train - INFO - Test: [   0/39]  Time: 0.135 (0.135)  Loss:  6.5039 (6.5039)  Acc@1:  1.5625 ( 1.5625)  Acc@5:  3.9062 ( 3.9062)
2024-04-17 15:41:05,807 - train - INFO - Test: [  39/39]  Time: 0.023 (0.029)  Loss:  5.6562 (6.3895)  Acc@1:  0.0000 ( 1.0900)  Acc@5:  6.2500 ( 6.0200)
2024-04-17 15:41:07,381 - train - INFO - Train: 0 [   0/195 (  0%)]  Loss:  4.680233 (4.6802)  Time: 1.570s,  163.01/s  (1.570s,  163.01/s)  LR: 5.500e-04  Data: 0.313 (0.313)
2024-04-17 15:41:12,383 - train - INFO - Train: 0 [  50/195 ( 26%)]  Loss:  3.652316 (4.1323)  Time: 0.095s, 2698.89/s  (0.129s, 1986.79/s)  LR: 5.500e-04  Data: 0.010 (0.015)
2024-04-17 15:41:17,275 - train - INFO - Train: 0 [ 100/195 ( 52%)]  Loss:  3.445738 (3.9436)  Time: 0.092s, 2786.62/s  (0.113s, 2255.81/s)  LR: 5.500e-04  Data: 0.009 (0.012)
2024-04-17 15:41:22,283 - train - INFO - Train: 0 [ 150/195 ( 77%)]  Loss:  3.579559 (3.8153)  Time: 0.101s, 2539.42/s  (0.109s, 2347.32/s)  LR: 5.500e-04  Data: 0.008 (0.011)
2024-04-17 15:41:26,862 - train - INFO - Train: 0 [ 194/195 (100%)]  Loss:  3.817591 (3.7332)  Time: 0.101s, 2532.29/s  (0.108s, 2371.91/s)  LR: 5.500e-04  Data: 0.000 (0.011)
2024-04-17 15:41:26,983 - train - INFO - Test: [   0/39]  Time: 0.118 (0.118)  Loss:  2.0840 (2.0840)  Acc@1: 48.4375 (48.4375)  Acc@5: 76.1719 (76.1719)
2024-04-17 15:41:28,052 - train - INFO - Test: [  39/39]  Time: 0.025 (0.030)  Loss:  1.7373 (2.0504)  Acc@1: 56.2500 (49.1900)  Acc@5: 75.0000 (79.0300)
2024-04-17 15:41:28,341 - train - INFO - Train: 1 [   0/195 (  0%)]  Loss:  3.555800 (3.5558)  Time: 0.215s, 1192.58/s  (0.215s, 1192.58/s)  LR: 5.500e-04  Data: 0.119 (0.119)
2024-04-17 15:41:33,544 - train - INFO - Train: 1 [  50/195 ( 26%)]  Loss:  3.768384 (3.4431)  Time: 0.099s, 2577.93/s  (0.106s, 2410.58/s)  LR: 5.500e-04  Data: 0.011 (0.011)
2024-04-17 15:41:38,812 - train - INFO - Train: 1 [ 100/195 ( 52%)]  Loss:  3.697669 (3.4013)  Time: 0.108s, 2375.92/s  (0.106s, 2420.40/s)  LR: 5.500e-04  Data: 0.010 (0.010)
2024-04-17 15:41:44,060 - train - INFO - Train: 1 [ 150/195 ( 77%)]  Loss:  3.625121 (3.3873)  Time: 0.101s, 2523.17/s  (0.105s, 2426.72/s)  LR: 5.500e-04  Data: 0.007 (0.010)
2024-04-17 15:41:48,641 - train - INFO - Train: 1 [ 194/195 (100%)]  Loss:  3.465256 (3.3571)  Time: 0.093s, 2738.41/s  (0.105s, 2434.03/s)  LR: 5.500e-04  Data: 0.000 (0.010)
2024-04-17 15:41:48,765 - train - INFO - Test: [   0/39]  Time: 0.121 (0.121)  Loss:  1.6465 (1.6465)  Acc@1: 57.4219 (57.4219)  Acc@5: 82.0312 (82.0312)
2024-04-17 15:41:49,780 - train - INFO - Test: [  39/39]  Time: 0.023 (0.028)  Loss:  1.3037 (1.6934)  Acc@1: 81.2500 (56.6800)  Acc@5: 81.2500 (84.4200)
2024-04-17 15:41:50,063 - train - INFO - Train: 2 [   0/195 (  0%)]  Loss:  3.514998 (3.5150)  Time: 0.215s, 1189.39/s  (0.215s, 1189.39/s)  LR: 5.499e-04  Data: 0.134 (0.134)
2024-04-17 15:41:55,331 - train - INFO - Train: 2 [  50/195 ( 26%)]  Loss:  3.308200 (3.1777)  Time: 0.108s, 2379.53/s  (0.107s, 2381.52/s)  LR: 5.499e-04  Data: 0.010 (0.012)
2024-04-17 15:42:00,790 - train - INFO - Train: 2 [ 100/195 ( 52%)]  Loss:  3.194060 (3.1870)  Time: 0.112s, 2286.35/s  (0.108s, 2363.48/s)  LR: 5.499e-04  Data: 0.010 (0.011)
2024-04-17 15:42:06,104 - train - INFO - Train: 2 [ 150/195 ( 77%)]  Loss:  2.823147 (3.1767)  Time: 0.095s, 2681.55/s  (0.108s, 2378.58/s)  LR: 5.499e-04  Data: 0.007 (0.010)
2024-04-17 15:42:10,417 - train - INFO - Train: 2 [ 194/195 (100%)]  Loss:  3.046133 (3.1602)  Time: 0.095s, 2703.95/s  (0.105s, 2427.49/s)  LR: 5.499e-04  Data: 0.000 (0.010)
2024-04-17 15:42:10,537 - train - INFO - Test: [   0/39]  Time: 0.118 (0.118)  Loss:  1.4932 (1.4932)  Acc@1: 61.7188 (61.7188)  Acc@5: 87.8906 (87.8906)
2024-04-17 15:42:11,771 - train - INFO - Test: [  39/39]  Time: 0.023 (0.034)  Loss:  1.0947 (1.5569)  Acc@1: 75.0000 (60.5200)  Acc@5: 87.5000 (86.9700)
2024-04-17 15:42:12,092 - train - INFO - Train: 3 [   0/195 (  0%)]  Loss:  3.431019 (3.4310)  Time: 0.251s, 1019.95/s  (0.251s, 1019.95/s)  LR: 5.499e-04  Data: 0.149 (0.149)
2024-04-17 15:42:16,906 - train - INFO - Train: 3 [  50/195 ( 26%)]  Loss:  3.025009 (3.0800)  Time: 0.095s, 2708.60/s  (0.099s, 2578.27/s)  LR: 5.499e-04  Data: 0.009 (0.011)
2024-04-17 15:42:22,043 - train - INFO - Train: 3 [ 100/195 ( 52%)]  Loss:  2.575159 (3.1102)  Time: 0.122s, 2095.50/s  (0.101s, 2535.03/s)  LR: 5.499e-04  Data: 0.013 (0.010)
2024-04-17 15:42:27,327 - train - INFO - Train: 3 [ 150/195 ( 77%)]  Loss:  3.512478 (3.0998)  Time: 0.111s, 2300.86/s  (0.103s, 2496.84/s)  LR: 5.499e-04  Data: 0.011 (0.010)
2024-04-17 15:42:31,759 - train - INFO - Train: 3 [ 194/195 (100%)]  Loss:  3.538116 (3.1048)  Time: 0.099s, 2593.96/s  (0.102s, 2506.97/s)  LR: 5.499e-04  Data: 0.000 (0.010)
2024-04-17 15:42:31,891 - train - INFO - Test: [   0/39]  Time: 0.130 (0.130)  Loss:  1.4414 (1.4414)  Acc@1: 62.8906 (62.8906)  Acc@5: 87.5000 (87.5000)
2024-04-17 15:42:33,147 - train - INFO - Test: [  39/39]  Time: 0.029 (0.035)  Loss:  1.0889 (1.4734)  Acc@1: 81.2500 (63.0200)  Acc@5: 87.5000 (88.1000)
2024-04-17 15:42:33,471 - train - INFO - Train: 4 [   0/195 (  0%)]  Loss:  3.563118 (3.5631)  Time: 0.242s, 1059.46/s  (0.242s, 1059.46/s)  LR: 5.498e-04  Data: 0.126 (0.126)
2024-04-17 15:42:38,622 - train - INFO - Train: 4 [  50/195 ( 26%)]  Loss:  3.262849 (3.0067)  Time: 0.109s, 2342.88/s  (0.106s, 2421.52/s)  LR: 5.498e-04  Data: 0.011 (0.012)
2024-04-17 15:42:43,733 - train - INFO - Train: 4 [ 100/195 ( 52%)]  Loss:  2.727608 (3.0334)  Time: 0.092s, 2786.18/s  (0.104s, 2462.25/s)  LR: 5.498e-04  Data: 0.009 (0.010)
2024-04-17 15:42:48,784 - train - INFO - Train: 4 [ 150/195 ( 77%)]  Loss:  2.533058 (3.0506)  Time: 0.091s, 2814.36/s  (0.103s, 2485.69/s)  LR: 5.498e-04  Data: 0.010 (0.010)
2024-04-17 15:42:53,268 - train - INFO - Train: 4 [ 194/195 (100%)]  Loss:  2.924282 (3.0625)  Time: 0.102s, 2505.80/s  (0.103s, 2491.77/s)  LR: 5.498e-04  Data: 0.000 (0.010)
2024-04-17 15:42:53,386 - train - INFO - Test: [   0/39]  Time: 0.114 (0.114)  Loss:  1.3252 (1.3252)  Acc@1: 67.5781 (67.5781)  Acc@5: 89.8438 (89.8438)
2024-04-17 15:42:54,404 - train - INFO - Test: [  39/39]  Time: 0.023 (0.028)  Loss:  1.0986 (1.4386)  Acc@1: 81.2500 (64.5200)  Acc@5: 87.5000 (89.1800)
2024-04-17 15:42:54,704 - train - INFO - Train: 5 [   0/195 (  0%)]  Loss:  3.489299 (3.4893)  Time: 0.228s, 1120.40/s  (0.228s, 1120.40/s)  LR: 5.496e-04  Data: 0.140 (0.140)
2024-04-17 15:43:00,021 - train - INFO - Train: 5 [  50/195 ( 26%)]  Loss:  2.791858 (2.9800)  Time: 0.103s, 2481.27/s  (0.109s, 2355.02/s)  LR: 5.496e-04  Data: 0.011 (0.012)
2024-04-17 15:43:05,220 - train - INFO - Train: 5 [ 100/195 ( 52%)]  Loss:  2.449481 (2.9465)  Time: 0.106s, 2409.44/s  (0.106s, 2406.97/s)  LR: 5.496e-04  Data: 0.009 (0.011)
2024-04-17 15:43:10,419 - train - INFO - Train: 5 [ 150/195 ( 77%)]  Loss:  3.229851 (2.9571)  Time: 0.106s, 2407.22/s  (0.106s, 2425.14/s)  LR: 5.496e-04  Data: 0.009 (0.010)
2024-04-17 15:43:14,622 - train - INFO - Train: 5 [ 194/195 (100%)]  Loss:  3.318549 (2.9657)  Time: 0.083s, 3077.43/s  (0.103s, 2478.39/s)  LR: 5.496e-04  Data: 0.000 (0.010)
2024-04-17 15:43:14,747 - train - INFO - Test: [   0/39]  Time: 0.123 (0.123)  Loss:  1.3379 (1.3379)  Acc@1: 67.1875 (67.1875)  Acc@5: 87.8906 (87.8906)
2024-04-17 15:43:15,777 - train - INFO - Test: [  39/39]  Time: 0.023 (0.029)  Loss:  1.1611 (1.3726)  Acc@1: 75.0000 (65.9500)  Acc@5: 87.5000 (90.3200)
2024-04-17 15:43:16,098 - train - INFO - Train: 6 [   0/195 (  0%)]  Loss:  3.305361 (3.3054)  Time: 0.248s, 1032.55/s  (0.248s, 1032.55/s)  LR: 5.495e-04  Data: 0.146 (0.146)
2024-04-17 15:43:21,418 - train - INFO - Train: 6 [  50/195 ( 26%)]  Loss:  3.242266 (3.0128)  Time: 0.101s, 2522.33/s  (0.109s, 2345.67/s)  LR: 5.495e-04  Data: 0.005 (0.012)
2024-04-17 15:43:26,861 - train - INFO - Train: 6 [ 100/195 ( 52%)]  Loss:  3.084560 (3.0021)  Time: 0.112s, 2278.93/s  (0.109s, 2348.74/s)  LR: 5.495e-04  Data: 0.008 (0.011)
2024-04-17 15:43:32,368 - train - INFO - Train: 6 [ 150/195 ( 77%)]  Loss:  2.747502 (2.9982)  Time: 0.111s, 2315.17/s  (0.109s, 2340.90/s)  LR: 5.495e-04  Data: 0.010 (0.010)
2024-04-17 15:43:36,850 - train - INFO - Train: 6 [ 194/195 (100%)]  Loss:  2.741271 (2.9887)  Time: 0.092s, 2770.13/s  (0.108s, 2377.73/s)  LR: 5.495e-04  Data: 0.000 (0.010)
2024-04-17 15:43:36,975 - train - INFO - Test: [   0/39]  Time: 0.123 (0.123)  Loss:  1.3086 (1.3086)  Acc@1: 68.7500 (68.7500)  Acc@5: 87.5000 (87.5000)
2024-04-17 15:43:38,060 - train - INFO - Test: [  39/39]  Time: 0.023 (0.030)  Loss:  1.1270 (1.3916)  Acc@1: 81.2500 (65.9800)  Acc@5: 87.5000 (89.8400)
2024-04-17 15:43:38,368 - train - INFO - Train: 7 [   0/195 (  0%)]  Loss:  3.018946 (3.0189)  Time: 0.235s, 1090.60/s  (0.235s, 1090.60/s)  LR: 5.493e-04  Data: 0.132 (0.132)
2024-04-17 15:43:43,255 - train - INFO - Train: 7 [  50/195 ( 26%)]  Loss:  3.055402 (2.9183)  Time: 0.107s, 2389.42/s  (0.100s, 2549.51/s)  LR: 5.493e-04  Data: 0.009 (0.011)
2024-04-17 15:43:48,130 - train - INFO - Train: 7 [ 100/195 ( 52%)]  Loss:  2.959188 (2.8889)  Time: 0.090s, 2831.59/s  (0.099s, 2586.99/s)  LR: 5.493e-04  Data: 0.008 (0.010)
2024-04-17 15:43:53,009 - train - INFO - Train: 7 [ 150/195 ( 77%)]  Loss:  2.502628 (2.9119)  Time: 0.110s, 2328.28/s  (0.098s, 2599.07/s)  LR: 5.493e-04  Data: 0.010 (0.010)
2024-04-17 15:43:57,652 - train - INFO - Train: 7 [ 194/195 (100%)]  Loss:  3.089197 (2.9104)  Time: 0.086s, 2977.17/s  (0.100s, 2557.99/s)  LR: 5.493e-04  Data: 0.000 (0.010)
2024-04-17 15:43:57,771 - train - INFO - Test: [   0/39]  Time: 0.117 (0.117)  Loss:  1.3008 (1.3008)  Acc@1: 70.3125 (70.3125)  Acc@5: 90.2344 (90.2344)
2024-04-17 15:43:58,789 - train - INFO - Test: [  39/39]  Time: 0.023 (0.028)  Loss:  0.9805 (1.3971)  Acc@1: 75.0000 (66.4500)  Acc@5: 93.7500 (89.9200)
2024-04-17 15:43:59,126 - train - INFO - Train: 8 [   0/195 (  0%)]  Loss:  2.528158 (2.5282)  Time: 0.265s,  966.13/s  (0.265s,  966.13/s)  LR: 5.491e-04  Data: 0.169 (0.169)
2024-04-17 15:44:04,018 - train - INFO - Train: 8 [  50/195 ( 26%)]  Loss:  3.174403 (2.9213)  Time: 0.089s, 2890.07/s  (0.101s, 2532.30/s)  LR: 5.491e-04  Data: 0.009 (0.012)
2024-04-17 15:44:09,078 - train - INFO - Train: 8 [ 100/195 ( 52%)]  Loss:  2.897592 (2.8912)  Time: 0.108s, 2381.10/s  (0.101s, 2531.47/s)  LR: 5.491e-04  Data: 0.010 (0.010)
2024-04-17 15:44:14,087 - train - INFO - Train: 8 [ 150/195 ( 77%)]  Loss:  3.294230 (2.9115)  Time: 0.099s, 2576.87/s  (0.101s, 2539.61/s)  LR: 5.491e-04  Data: 0.010 (0.010)
2024-04-17 15:44:18,548 - train - INFO - Train: 8 [ 194/195 (100%)]  Loss:  2.558527 (2.9187)  Time: 0.097s, 2636.55/s  (0.101s, 2536.42/s)  LR: 5.491e-04  Data: 0.000 (0.010)
2024-04-17 15:44:18,675 - train - INFO - Test: [   0/39]  Time: 0.126 (0.126)  Loss:  1.1855 (1.1855)  Acc@1: 72.2656 (72.2656)  Acc@5: 90.2344 (90.2344)
2024-04-17 15:44:19,690 - train - INFO - Test: [  39/39]  Time: 0.023 (0.029)  Loss:  1.1035 (1.3219)  Acc@1: 81.2500 (68.0100)  Acc@5: 87.5000 (90.7900)
2024-04-17 15:44:20,008 - train - INFO - Train: 9 [   0/195 (  0%)]  Loss:  2.984515 (2.9845)  Time: 0.247s, 1036.84/s  (0.247s, 1036.84/s)  LR: 5.488e-04  Data: 0.147 (0.147)
2024-04-17 15:44:25,234 - train - INFO - Train: 9 [  50/195 ( 26%)]  Loss:  2.614856 (2.9235)  Time: 0.102s, 2519.20/s  (0.107s, 2386.31/s)  LR: 5.488e-04  Data: 0.011 (0.012)
2024-04-17 15:44:30,540 - train - INFO - Train: 9 [ 100/195 ( 52%)]  Loss:  3.448855 (2.8879)  Time: 0.106s, 2415.86/s  (0.107s, 2399.47/s)  LR: 5.488e-04  Data: 0.010 (0.011)
2024-04-17 15:44:35,645 - train - INFO - Train: 9 [ 150/195 ( 77%)]  Loss:  2.509215 (2.8910)  Time: 0.091s, 2828.49/s  (0.105s, 2434.23/s)  LR: 5.488e-04  Data: 0.008 (0.010)
2024-04-17 15:44:39,918 - train - INFO - Train: 9 [ 194/195 (100%)]  Loss:  3.106445 (2.9046)  Time: 0.089s, 2869.79/s  (0.103s, 2477.27/s)  LR: 5.488e-04  Data: 0.000 (0.010)
2024-04-17 15:44:40,033 - train - INFO - Test: [   0/39]  Time: 0.113 (0.113)  Loss:  1.2480 (1.2480)  Acc@1: 70.3125 (70.3125)  Acc@5: 89.4531 (89.4531)
2024-04-17 15:44:41,063 - train - INFO - Test: [  39/39]  Time: 0.024 (0.029)  Loss:  1.0518 (1.3501)  Acc@1: 75.0000 (68.1000)  Acc@5: 87.5000 (90.6600)
2024-04-17 15:44:41,350 - train - INFO - Train: 10 [   0/195 (  0%)]  Loss:  2.635701 (2.6357)  Time: 0.215s, 1192.30/s  (0.215s, 1192.30/s)  LR: 5.485e-04  Data: 0.117 (0.117)
2024-04-17 15:44:46,471 - train - INFO - Train: 10 [  50/195 ( 26%)]  Loss:  2.486604 (2.9016)  Time: 0.094s, 2723.50/s  (0.105s, 2447.78/s)  LR: 5.485e-04  Data: 0.010 (0.011)
2024-04-17 15:44:51,562 - train - INFO - Train: 10 [ 100/195 ( 52%)]  Loss:  2.848626 (2.8862)  Time: 0.093s, 2754.74/s  (0.103s, 2480.53/s)  LR: 5.485e-04  Data: 0.010 (0.010)
2024-04-17 15:44:56,707 - train - INFO - Train: 10 [ 150/195 ( 77%)]  Loss:  2.890030 (2.8858)  Time: 0.098s, 2622.30/s  (0.103s, 2483.28/s)  LR: 5.485e-04  Data: 0.007 (0.010)
2024-04-17 15:45:01,213 - train - INFO - Train: 10 [ 194/195 (100%)]  Loss:  2.700999 (2.8956)  Time: 0.089s, 2867.85/s  (0.103s, 2487.20/s)  LR: 5.485e-04  Data: 0.000 (0.010)
2024-04-17 15:45:01,337 - train - INFO - Test: [   0/39]  Time: 0.120 (0.120)  Loss:  1.1660 (1.1660)  Acc@1: 72.2656 (72.2656)  Acc@5: 90.6250 (90.6250)
2024-04-17 15:45:02,398 - train - INFO - Test: [  39/39]  Time: 0.023 (0.030)  Loss:  0.8862 (1.2624)  Acc@1: 81.2500 (69.1900)  Acc@5: 87.5000 (91.4600)
2024-04-17 15:45:02,727 - train - INFO - Train: 11 [   0/195 (  0%)]  Loss:  3.299781 (3.2998)  Time: 0.237s, 1081.19/s  (0.237s, 1081.19/s)  LR: 5.482e-04  Data: 0.136 (0.136)
2024-04-17 15:45:07,820 - train - INFO - Train: 11 [  50/195 ( 26%)]  Loss:  3.292471 (2.9255)  Time: 0.115s, 2217.05/s  (0.104s, 2450.06/s)  LR: 5.482e-04  Data: 0.010 (0.011)
2024-04-17 15:45:13,207 - train - INFO - Train: 11 [ 100/195 ( 52%)]  Loss:  2.535757 (2.8680)  Time: 0.113s, 2272.46/s  (0.106s, 2413.22/s)  LR: 5.482e-04  Data: 0.011 (0.011)
2024-04-17 15:45:18,603 - train - INFO - Train: 11 [ 150/195 ( 77%)]  Loss:  3.223659 (2.8751)  Time: 0.111s, 2313.87/s  (0.107s, 2399.79/s)  LR: 5.482e-04  Data: 0.010 (0.010)
2024-04-17 15:45:23,304 - train - INFO - Train: 11 [ 194/195 (100%)]  Loss:  2.326823 (2.8807)  Time: 0.115s, 2231.15/s  (0.107s, 2399.31/s)  LR: 5.482e-04  Data: 0.000 (0.010)
2024-04-17 15:45:23,439 - train - INFO - Test: [   0/39]  Time: 0.133 (0.133)  Loss:  1.1582 (1.1582)  Acc@1: 74.6094 (74.6094)  Acc@5: 91.0156 (91.0156)
2024-04-17 15:45:24,541 - train - INFO - Test: [  39/39]  Time: 0.024 (0.031)  Loss:  1.0371 (1.2430)  Acc@1: 81.2500 (68.8700)  Acc@5: 87.5000 (91.4700)
2024-04-17 15:45:24,874 - train - INFO - Train: 12 [   0/195 (  0%)]  Loss:  2.700010 (2.7000)  Time: 0.258s,  991.79/s  (0.258s,  991.79/s)  LR: 5.479e-04  Data: 0.155 (0.155)
2024-04-17 15:45:30,304 - train - INFO - Train: 12 [  50/195 ( 26%)]  Loss:  2.844735 (2.8545)  Time: 0.109s, 2356.35/s  (0.112s, 2295.62/s)  LR: 5.479e-04  Data: 0.009 (0.012)
2024-04-17 15:45:35,636 - train - INFO - Train: 12 [ 100/195 ( 52%)]  Loss:  2.386956 (2.8461)  Time: 0.089s, 2884.89/s  (0.109s, 2346.66/s)  LR: 5.479e-04  Data: 0.008 (0.011)
2024-04-17 15:45:40,706 - train - INFO - Train: 12 [ 150/195 ( 77%)]  Loss:  3.249321 (2.8428)  Time: 0.100s, 2551.09/s  (0.107s, 2403.05/s)  LR: 5.479e-04  Data: 0.011 (0.010)
2024-04-17 15:45:45,061 - train - INFO - Train: 12 [ 194/195 (100%)]  Loss:  3.330922 (2.8455)  Time: 0.093s, 2760.90/s  (0.105s, 2442.37/s)  LR: 5.479e-04  Data: 0.000 (0.010)
2024-04-17 15:45:45,195 - train - INFO - Test: [   0/39]  Time: 0.131 (0.131)  Loss:  1.2568 (1.2568)  Acc@1: 73.8281 (73.8281)  Acc@5: 91.0156 (91.0156)
2024-04-17 15:45:46,243 - train - INFO - Test: [  39/39]  Time: 0.023 (0.029)  Loss:  0.9766 (1.3027)  Acc@1: 81.2500 (68.9500)  Acc@5: 87.5000 (91.2200)
2024-04-17 15:45:46,554 - train - INFO - Train: 13 [   0/195 (  0%)]  Loss:  2.476881 (2.4769)  Time: 0.237s, 1081.28/s  (0.237s, 1081.28/s)  LR: 5.475e-04  Data: 0.137 (0.137)
2024-04-17 15:45:51,570 - train - INFO - Train: 13 [  50/195 ( 26%)]  Loss:  2.878872 (2.9081)  Time: 0.102s, 2515.10/s  (0.103s, 2486.04/s)  LR: 5.475e-04  Data: 0.010 (0.012)
2024-04-17 15:45:56,823 - train - INFO - Train: 13 [ 100/195 ( 52%)]  Loss:  3.057381 (2.9132)  Time: 0.104s, 2462.33/s  (0.104s, 2461.90/s)  LR: 5.475e-04  Data: 0.009 (0.010)
2024-04-17 15:46:02,218 - train - INFO - Train: 13 [ 150/195 ( 77%)]  Loss:  2.461218 (2.8951)  Time: 0.110s, 2326.57/s  (0.105s, 2431.71/s)  LR: 5.475e-04  Data: 0.010 (0.010)
2024-04-17 15:46:07,030 - train - INFO - Train: 13 [ 194/195 (100%)]  Loss:  3.147213 (2.9102)  Time: 0.102s, 2512.94/s  (0.106s, 2410.71/s)  LR: 5.475e-04  Data: 0.000 (0.010)
2024-04-17 15:46:07,153 - train - INFO - Test: [   0/39]  Time: 0.120 (0.120)  Loss:  1.1631 (1.1631)  Acc@1: 73.0469 (73.0469)  Acc@5: 90.2344 (90.2344)
2024-04-17 15:46:08,218 - train - INFO - Test: [  39/39]  Time: 0.023 (0.030)  Loss:  0.9893 (1.2130)  Acc@1: 81.2500 (69.7700)  Acc@5: 93.7500 (91.4400)
2024-04-17 15:46:08,573 - train - INFO - Train: 14 [   0/195 (  0%)]  Loss:  3.403871 (3.4039)  Time: 0.253s, 1012.49/s  (0.253s, 1012.49/s)  LR: 5.471e-04  Data: 0.155 (0.155)
2024-04-17 15:46:13,532 - train - INFO - Train: 14 [  50/195 ( 26%)]  Loss:  2.913873 (2.8385)  Time: 0.109s, 2340.37/s  (0.102s, 2505.55/s)  LR: 5.471e-04  Data: 0.009 (0.011)
2024-04-17 15:46:19,042 - train - INFO - Train: 14 [ 100/195 ( 52%)]  Loss:  3.274560 (2.8551)  Time: 0.113s, 2256.89/s  (0.106s, 2412.14/s)  LR: 5.471e-04  Data: 0.010 (0.010)
2024-04-17 15:46:24,391 - train - INFO - Train: 14 [ 150/195 ( 77%)]  Loss:  3.044388 (2.8484)  Time: 0.114s, 2254.17/s  (0.106s, 2406.06/s)  LR: 5.471e-04  Data: 0.009 (0.010)
2024-04-17 15:46:29,087 - train - INFO - Train: 14 [ 194/195 (100%)]  Loss:  2.980945 (2.8437)  Time: 0.117s, 2197.33/s  (0.106s, 2404.58/s)  LR: 5.471e-04  Data: 0.000 (0.010)
2024-04-17 15:46:29,203 - train - INFO - Test: [   0/39]  Time: 0.114 (0.114)  Loss:  1.1318 (1.1318)  Acc@1: 74.6094 (74.6094)  Acc@5: 92.9688 (92.9688)
2024-04-17 15:46:30,241 - train - INFO - Test: [  39/39]  Time: 0.023 (0.029)  Loss:  1.0684 (1.2561)  Acc@1: 75.0000 (69.6700)  Acc@5: 87.5000 (91.7100)
2024-04-17 15:46:30,539 - train - INFO - Train: 15 [   0/195 (  0%)]  Loss:  2.707192 (2.7072)  Time: 0.222s, 1152.29/s  (0.222s, 1152.29/s)  LR: 5.467e-04  Data: 0.126 (0.126)
2024-04-17 15:46:36,008 - train - INFO - Train: 15 [  50/195 ( 26%)]  Loss:  3.350802 (2.8386)  Time: 0.107s, 2399.42/s  (0.112s, 2294.25/s)  LR: 5.467e-04  Data: 0.009 (0.011)
2024-04-17 15:46:41,148 - train - INFO - Train: 15 [ 100/195 ( 52%)]  Loss:  2.359474 (2.8278)  Time: 0.114s, 2237.42/s  (0.107s, 2387.67/s)  LR: 5.467e-04  Data: 0.011 (0.010)
2024-04-17 15:46:46,425 - train - INFO - Train: 15 [ 150/195 ( 77%)]  Loss:  2.916077 (2.8126)  Time: 0.098s, 2605.01/s  (0.107s, 2400.38/s)  LR: 5.467e-04  Data: 0.012 (0.010)
2024-04-17 15:46:51,268 - train - INFO - Train: 15 [ 194/195 (100%)]  Loss:  2.593575 (2.8111)  Time: 0.098s, 2623.72/s  (0.107s, 2383.36/s)  LR: 5.467e-04  Data: 0.000 (0.010)
2024-04-17 15:46:51,385 - train - INFO - Test: [   0/39]  Time: 0.114 (0.114)  Loss:  1.1455 (1.1455)  Acc@1: 74.6094 (74.6094)  Acc@5: 91.4062 (91.4062)
2024-04-17 15:46:52,404 - train - INFO - Test: [  39/39]  Time: 0.023 (0.028)  Loss:  1.0166 (1.2320)  Acc@1: 75.0000 (70.3300)  Acc@5: 87.5000 (91.6800)
2024-04-17 15:46:52,737 - train - INFO - Train: 16 [   0/195 (  0%)]  Loss:  3.419474 (3.4195)  Time: 0.259s,  988.82/s  (0.259s,  988.82/s)  LR: 5.462e-04  Data: 0.146 (0.146)
2024-04-17 15:46:58,122 - train - INFO - Train: 16 [  50/195 ( 26%)]  Loss:  3.056614 (2.8770)  Time: 0.111s, 2307.08/s  (0.111s, 2313.65/s)  LR: 5.462e-04  Data: 0.010 (0.012)
2024-04-17 15:47:03,483 - train - INFO - Train: 16 [ 100/195 ( 52%)]  Loss:  2.943180 (2.7993)  Time: 0.096s, 2662.29/s  (0.109s, 2349.98/s)  LR: 5.462e-04  Data: 0.010 (0.011)
2024-04-17 15:47:08,843 - train - INFO - Train: 16 [ 150/195 ( 77%)]  Loss:  3.124633 (2.8079)  Time: 0.106s, 2413.12/s  (0.108s, 2362.81/s)  LR: 5.462e-04  Data: 0.009 (0.010)
2024-04-17 15:47:13,286 - train - INFO - Train: 16 [ 194/195 (100%)]  Loss:  3.118194 (2.8259)  Time: 0.104s, 2464.34/s  (0.107s, 2399.80/s)  LR: 5.462e-04  Data: 0.000 (0.010)
2024-04-17 15:47:13,413 - train - INFO - Test: [   0/39]  Time: 0.125 (0.125)  Loss:  1.1572 (1.1572)  Acc@1: 73.4375 (73.4375)  Acc@5: 90.6250 (90.6250)
2024-04-17 15:47:14,459 - train - INFO - Test: [  39/39]  Time: 0.023 (0.029)  Loss:  1.1396 (1.2378)  Acc@1: 68.7500 (69.5300)  Acc@5: 87.5000 (91.3500)
2024-04-17 15:47:14,759 - train - INFO - Train: 17 [   0/195 (  0%)]  Loss:  2.649630 (2.6496)  Time: 0.232s, 1105.18/s  (0.232s, 1105.18/s)  LR: 5.457e-04  Data: 0.135 (0.135)
2024-04-17 15:47:20,005 - train - INFO - Train: 17 [  50/195 ( 26%)]  Loss:  2.479085 (2.8516)  Time: 0.105s, 2446.77/s  (0.107s, 2383.78/s)  LR: 5.457e-04  Data: 0.008 (0.012)
2024-04-17 15:47:25,142 - train - INFO - Train: 17 [ 100/195 ( 52%)]  Loss:  2.968625 (2.8612)  Time: 0.091s, 2799.30/s  (0.105s, 2436.28/s)  LR: 5.457e-04  Data: 0.009 (0.011)
2024-04-17 15:47:30,260 - train - INFO - Train: 17 [ 150/195 ( 77%)]  Loss:  2.999388 (2.8627)  Time: 0.091s, 2800.24/s  (0.104s, 2457.70/s)  LR: 5.457e-04  Data: 0.007 (0.010)
2024-04-17 15:47:34,913 - train - INFO - Train: 17 [ 194/195 (100%)]  Loss:  2.644718 (2.8434)  Time: 0.084s, 3046.57/s  (0.105s, 2449.35/s)  LR: 5.457e-04  Data: 0.000 (0.010)
2024-04-17 15:47:35,030 - train - INFO - Test: [   0/39]  Time: 0.114 (0.114)  Loss:  1.0928 (1.0928)  Acc@1: 75.0000 (75.0000)  Acc@5: 91.0156 (91.0156)
2024-04-17 15:47:36,188 - train - INFO - Test: [  39/39]  Time: 0.029 (0.032)  Loss:  0.8950 (1.1970)  Acc@1: 75.0000 (70.0200)  Acc@5: 93.7500 (91.5900)
2024-04-17 15:47:36,513 - train - INFO - Train: 18 [   0/195 (  0%)]  Loss:  3.354484 (3.3545)  Time: 0.237s, 1080.97/s  (0.237s, 1080.97/s)  LR: 5.452e-04  Data: 0.141 (0.141)
2024-04-17 15:47:41,415 - train - INFO - Train: 18 [  50/195 ( 26%)]  Loss:  2.499896 (2.7995)  Time: 0.104s, 2469.14/s  (0.101s, 2541.16/s)  LR: 5.452e-04  Data: 0.009 (0.011)
2024-04-17 15:47:46,644 - train - INFO - Train: 18 [ 100/195 ( 52%)]  Loss:  3.069830 (2.8479)  Time: 0.100s, 2554.13/s  (0.103s, 2494.37/s)  LR: 5.452e-04  Data: 0.009 (0.010)
2024-04-17 15:47:51,878 - train - INFO - Train: 18 [ 150/195 ( 77%)]  Loss:  3.001055 (2.8121)  Time: 0.106s, 2418.80/s  (0.103s, 2478.30/s)  LR: 5.452e-04  Data: 0.009 (0.010)
2024-04-17 15:47:56,117 - train - INFO - Train: 18 [ 194/195 (100%)]  Loss:  2.201494 (2.8082)  Time: 0.090s, 2849.65/s  (0.102s, 2516.77/s)  LR: 5.452e-04  Data: 0.000 (0.010)
2024-04-17 15:47:56,235 - train - INFO - Test: [   0/39]  Time: 0.115 (0.115)  Loss:  1.1738 (1.1738)  Acc@1: 72.2656 (72.2656)  Acc@5: 91.4062 (91.4062)
2024-04-17 15:47:57,285 - train - INFO - Test: [  39/39]  Time: 0.024 (0.029)  Loss:  1.1357 (1.2382)  Acc@1: 75.0000 (70.1500)  Acc@5: 87.5000 (91.6000)
2024-04-17 15:47:57,586 - train - INFO - Train: 19 [   0/195 (  0%)]  Loss:  2.600003 (2.6000)  Time: 0.229s, 1117.49/s  (0.229s, 1117.49/s)  LR: 5.447e-04  Data: 0.131 (0.131)
2024-04-17 15:48:02,507 - train - INFO - Train: 19 [  50/195 ( 26%)]  Loss:  2.338310 (2.8251)  Time: 0.092s, 2784.54/s  (0.101s, 2535.61/s)  LR: 5.447e-04  Data: 0.009 (0.011)
2024-04-17 15:48:07,450 - train - INFO - Train: 19 [ 100/195 ( 52%)]  Loss:  2.213265 (2.8394)  Time: 0.096s, 2680.50/s  (0.100s, 2562.46/s)  LR: 5.447e-04  Data: 0.009 (0.010)
2024-04-17 15:48:12,563 - train - INFO - Train: 19 [ 150/195 ( 77%)]  Loss:  2.300525 (2.8119)  Time: 0.089s, 2881.10/s  (0.101s, 2542.88/s)  LR: 5.447e-04  Data: 0.009 (0.010)
2024-04-17 15:48:16,990 - train - INFO - Train: 19 [ 194/195 (100%)]  Loss:  2.785741 (2.8109)  Time: 0.108s, 2365.19/s  (0.101s, 2543.31/s)  LR: 5.447e-04  Data: 0.000 (0.010)
2024-04-17 15:48:17,116 - train - INFO - Test: [   0/39]  Time: 0.122 (0.122)  Loss:  1.1553 (1.1553)  Acc@1: 76.1719 (76.1719)  Acc@5: 91.7969 (91.7969)
2024-04-17 15:48:18,202 - train - INFO - Test: [  39/39]  Time: 0.038 (0.030)  Loss:  1.1611 (1.2629)  Acc@1: 75.0000 (70.7200)  Acc@5: 87.5000 (92.1100)
2024-04-17 15:48:18,508 - train - INFO - Train: 20 [   0/195 (  0%)]  Loss:  2.562131 (2.5621)  Time: 0.236s, 1086.62/s  (0.236s, 1086.62/s)  LR: 5.441e-04  Data: 0.139 (0.139)
2024-04-17 15:48:23,892 - train - INFO - Train: 20 [  50/195 ( 26%)]  Loss:  3.094908 (2.7943)  Time: 0.103s, 2479.58/s  (0.110s, 2323.86/s)  LR: 5.441e-04  Data: 0.009 (0.011)
2024-04-17 15:48:29,174 - train - INFO - Train: 20 [ 100/195 ( 52%)]  Loss:  2.833492 (2.7658)  Time: 0.115s, 2218.01/s  (0.108s, 2372.25/s)  LR: 5.441e-04  Data: 0.010 (0.010)
2024-04-17 15:48:34,602 - train - INFO - Train: 20 [ 150/195 ( 77%)]  Loss:  2.730570 (2.7805)  Time: 0.113s, 2275.06/s  (0.108s, 2367.77/s)  LR: 5.441e-04  Data: 0.010 (0.010)
2024-04-17 15:48:39,289 - train - INFO - Train: 20 [ 194/195 (100%)]  Loss:  2.385975 (2.7689)  Time: 0.098s, 2622.20/s  (0.108s, 2375.84/s)  LR: 5.441e-04  Data: 0.000 (0.010)
2024-04-17 15:48:39,400 - train - INFO - Test: [   0/39]  Time: 0.108 (0.108)  Loss:  1.0889 (1.0889)  Acc@1: 74.2188 (74.2188)  Acc@5: 90.6250 (90.6250)
2024-04-17 15:48:40,447 - train - INFO - Test: [  39/39]  Time: 0.024 (0.029)  Loss:  0.9175 (1.1784)  Acc@1: 81.2500 (70.9500)  Acc@5: 93.7500 (92.0000)
2024-04-17 15:48:40,783 - train - INFO - Train: 21 [   0/195 (  0%)]  Loss:  2.992743 (2.9927)  Time: 0.240s, 1068.64/s  (0.240s, 1068.64/s)  LR: 5.435e-04  Data: 0.151 (0.151)
2024-04-17 15:48:46,014 - train - INFO - Train: 21 [  50/195 ( 26%)]  Loss:  2.522619 (2.7395)  Time: 0.107s, 2390.84/s  (0.107s, 2387.03/s)  LR: 5.435e-04  Data: 0.008 (0.011)
2024-04-17 15:48:51,470 - train - INFO - Train: 21 [ 100/195 ( 52%)]  Loss:  2.693706 (2.7608)  Time: 0.119s, 2154.14/s  (0.108s, 2366.82/s)  LR: 5.435e-04  Data: 0.013 (0.011)
2024-04-17 15:48:57,122 - train - INFO - Train: 21 [ 150/195 ( 77%)]  Loss:  2.520403 (2.7672)  Time: 0.107s, 2392.07/s  (0.110s, 2332.46/s)  LR: 5.435e-04  Data: 0.008 (0.011)
2024-04-17 15:49:01,979 - train - INFO - Train: 21 [ 194/195 (100%)]  Loss:  2.982206 (2.7812)  Time: 0.099s, 2573.59/s  (0.110s, 2329.66/s)  LR: 5.435e-04  Data: 0.000 (0.010)
2024-04-17 15:49:02,083 - train - INFO - Test: [   0/39]  Time: 0.102 (0.102)  Loss:  1.1396 (1.1396)  Acc@1: 75.0000 (75.0000)  Acc@5: 91.7969 (91.7969)
2024-04-17 15:49:03,252 - train - INFO - Test: [  39/39]  Time: 0.030 (0.032)  Loss:  1.0371 (1.2106)  Acc@1: 75.0000 (71.0900)  Acc@5: 87.5000 (92.2800)
2024-04-17 15:49:03,592 - train - INFO - Train: 22 [   0/195 (  0%)]  Loss:  2.734624 (2.7346)  Time: 0.253s, 1013.33/s  (0.253s, 1013.33/s)  LR: 5.429e-04  Data: 0.150 (0.150)
2024-04-17 15:49:08,658 - train - INFO - Train: 22 [  50/195 ( 26%)]  Loss:  2.513636 (2.7856)  Time: 0.125s, 2052.84/s  (0.104s, 2455.17/s)  LR: 5.429e-04  Data: 0.008 (0.011)
2024-04-17 15:49:14,199 - train - INFO - Train: 22 [ 100/195 ( 52%)]  Loss:  2.461378 (2.8149)  Time: 0.111s, 2314.55/s  (0.107s, 2381.44/s)  LR: 5.429e-04  Data: 0.010 (0.010)
2024-04-17 15:49:19,403 - train - INFO - Train: 22 [ 150/195 ( 77%)]  Loss:  2.636096 (2.8187)  Time: 0.099s, 2597.12/s  (0.106s, 2407.17/s)  LR: 5.429e-04  Data: 0.010 (0.010)
2024-04-17 15:49:23,937 - train - INFO - Train: 22 [ 194/195 (100%)]  Loss:  2.298284 (2.8164)  Time: 0.108s, 2368.15/s  (0.106s, 2424.47/s)  LR: 5.429e-04  Data: 0.000 (0.010)
2024-04-17 15:49:24,065 - train - INFO - Test: [   0/39]  Time: 0.124 (0.124)  Loss:  1.1201 (1.1201)  Acc@1: 78.1250 (78.1250)  Acc@5: 92.9688 (92.9688)
2024-04-17 15:49:25,197 - train - INFO - Test: [  39/39]  Time: 0.023 (0.031)  Loss:  1.1572 (1.2179)  Acc@1: 68.7500 (70.8300)  Acc@5: 87.5000 (91.9300)
2024-04-17 15:49:25,520 - train - INFO - Train: 23 [   0/195 (  0%)]  Loss:  2.372009 (2.3720)  Time: 0.236s, 1086.28/s  (0.236s, 1086.28/s)  LR: 5.422e-04  Data: 0.133 (0.133)
2024-04-17 15:49:30,766 - train - INFO - Train: 23 [  50/195 ( 26%)]  Loss:  2.207839 (2.8479)  Time: 0.100s, 2572.15/s  (0.107s, 2382.32/s)  LR: 5.422e-04  Data: 0.007 (0.011)
2024-04-17 15:49:36,147 - train - INFO - Train: 23 [ 100/195 ( 52%)]  Loss:  2.251614 (2.8172)  Time: 0.111s, 2303.12/s  (0.108s, 2380.85/s)  LR: 5.422e-04  Data: 0.010 (0.010)
2024-04-17 15:49:41,255 - train - INFO - Train: 23 [ 150/195 ( 77%)]  Loss:  2.459219 (2.8387)  Time: 0.092s, 2773.62/s  (0.106s, 2421.24/s)  LR: 5.422e-04  Data: 0.009 (0.010)
2024-04-17 15:49:45,705 - train - INFO - Train: 23 [ 194/195 (100%)]  Loss:  3.090515 (2.8360)  Time: 0.098s, 2608.97/s  (0.105s, 2445.27/s)  LR: 5.422e-04  Data: 0.000 (0.010)
2024-04-17 15:49:45,837 - train - INFO - Test: [   0/39]  Time: 0.128 (0.128)  Loss:  1.1016 (1.1016)  Acc@1: 72.2656 (72.2656)  Acc@5: 93.7500 (93.7500)
2024-04-17 15:49:46,899 - train - INFO - Test: [  39/39]  Time: 0.024 (0.030)  Loss:  1.3105 (1.1528)  Acc@1: 68.7500 (71.0100)  Acc@5: 87.5000 (92.3200)
2024-04-17 15:49:47,237 - train - INFO - Train: 24 [   0/195 (  0%)]  Loss:  2.915782 (2.9158)  Time: 0.262s,  978.18/s  (0.262s,  978.18/s)  LR: 5.415e-04  Data: 0.155 (0.155)
2024-04-17 15:49:52,268 - train - INFO - Train: 24 [  50/195 ( 26%)]  Loss:  3.252202 (2.8317)  Time: 0.098s, 2616.05/s  (0.104s, 2466.98/s)  LR: 5.415e-04  Data: 0.009 (0.011)
2024-04-17 15:49:57,119 - train - INFO - Train: 24 [ 100/195 ( 52%)]  Loss:  2.434194 (2.7945)  Time: 0.107s, 2388.14/s  (0.100s, 2549.57/s)  LR: 5.415e-04  Data: 0.010 (0.010)
2024-04-17 15:50:02,105 - train - INFO - Train: 24 [ 150/195 ( 77%)]  Loss:  2.707670 (2.7951)  Time: 0.092s, 2779.86/s  (0.100s, 2555.60/s)  LR: 5.415e-04  Data: 0.009 (0.010)
2024-04-17 15:50:06,641 - train - INFO - Train: 24 [ 194/195 (100%)]  Loss:  3.198807 (2.7905)  Time: 0.107s, 2393.83/s  (0.101s, 2539.10/s)  LR: 5.415e-04  Data: 0.000 (0.010)
2024-04-17 15:50:06,761 - train - INFO - Test: [   0/39]  Time: 0.117 (0.117)  Loss:  1.1279 (1.1279)  Acc@1: 73.4375 (73.4375)  Acc@5: 91.7969 (91.7969)
2024-04-17 15:50:07,836 - train - INFO - Test: [  39/39]  Time: 0.024 (0.030)  Loss:  1.0400 (1.2301)  Acc@1: 75.0000 (70.0400)  Acc@5: 87.5000 (91.7300)
2024-04-17 15:50:08,154 - train - INFO - Train: 25 [   0/195 (  0%)]  Loss:  3.054559 (3.0546)  Time: 0.248s, 1033.49/s  (0.248s, 1033.49/s)  LR: 5.408e-04  Data: 0.145 (0.145)
2024-04-17 15:50:13,336 - train - INFO - Train: 25 [  50/195 ( 26%)]  Loss:  2.858775 (2.7821)  Time: 0.103s, 2474.94/s  (0.106s, 2404.74/s)  LR: 5.408e-04  Data: 0.009 (0.012)
2024-04-17 15:50:18,380 - train - INFO - Train: 25 [ 100/195 ( 52%)]  Loss:  2.147353 (2.8029)  Time: 0.111s, 2311.95/s  (0.104s, 2469.07/s)  LR: 5.408e-04  Data: 0.009 (0.010)
2024-04-17 15:50:23,604 - train - INFO - Train: 25 [ 150/195 ( 77%)]  Loss:  3.144870 (2.8139)  Time: 0.106s, 2424.31/s  (0.104s, 2463.29/s)  LR: 5.408e-04  Data: 0.008 (0.010)
2024-04-17 15:50:28,264 - train - INFO - Train: 25 [ 194/195 (100%)]  Loss:  3.078542 (2.7930)  Time: 0.087s, 2957.56/s  (0.104s, 2452.94/s)  LR: 5.408e-04  Data: 0.000 (0.010)
2024-04-17 15:50:28,388 - train - INFO - Test: [   0/39]  Time: 0.121 (0.121)  Loss:  1.1621 (1.1621)  Acc@1: 75.0000 (75.0000)  Acc@5: 92.1875 (92.1875)
2024-04-17 15:50:29,531 - train - INFO - Test: [  39/39]  Time: 0.041 (0.032)  Loss:  1.0488 (1.2483)  Acc@1: 81.2500 (70.7500)  Acc@5: 87.5000 (92.2700)
2024-04-17 15:50:29,841 - train - INFO - Train: 26 [   0/195 (  0%)]  Loss:  3.145607 (3.1456)  Time: 0.232s, 1101.16/s  (0.232s, 1101.16/s)  LR: 5.401e-04  Data: 0.134 (0.134)
2024-04-17 15:50:34,665 - train - INFO - Train: 26 [  50/195 ( 26%)]  Loss:  2.820292 (2.7683)  Time: 0.092s, 2777.93/s  (0.099s, 2582.26/s)  LR: 5.401e-04  Data: 0.009 (0.011)
2024-04-17 15:50:39,747 - train - INFO - Train: 26 [ 100/195 ( 52%)]  Loss:  2.950329 (2.7000)  Time: 0.112s, 2279.88/s  (0.100s, 2550.83/s)  LR: 5.401e-04  Data: 0.009 (0.010)
2024-04-17 15:50:44,730 - train - INFO - Train: 26 [ 150/195 ( 77%)]  Loss:  3.055003 (2.7253)  Time: 0.094s, 2713.96/s  (0.100s, 2556.94/s)  LR: 5.401e-04  Data: 0.009 (0.010)
2024-04-17 15:50:49,102 - train - INFO - Train: 26 [ 194/195 (100%)]  Loss:  2.566075 (2.7468)  Time: 0.092s, 2781.26/s  (0.100s, 2561.43/s)  LR: 5.401e-04  Data: 0.000 (0.009)
2024-04-17 15:50:49,223 - train - INFO - Test: [   0/39]  Time: 0.118 (0.118)  Loss:  1.0947 (1.0947)  Acc@1: 73.4375 (73.4375)  Acc@5: 91.4062 (91.4062)
2024-04-17 15:50:50,246 - train - INFO - Test: [  39/39]  Time: 0.023 (0.029)  Loss:  0.9663 (1.1632)  Acc@1: 81.2500 (71.2700)  Acc@5: 87.5000 (92.2100)
2024-04-17 15:50:50,557 - train - INFO - Train: 27 [   0/195 (  0%)]  Loss:  2.380356 (2.3804)  Time: 0.233s, 1099.67/s  (0.233s, 1099.67/s)  LR: 5.393e-04  Data: 0.138 (0.138)
2024-04-17 15:50:55,597 - train - INFO - Train: 27 [  50/195 ( 26%)]  Loss:  2.854296 (2.8051)  Time: 0.110s, 2335.25/s  (0.103s, 2476.41/s)  LR: 5.393e-04  Data: 0.008 (0.012)
2024-04-17 15:51:00,784 - train - INFO - Train: 27 [ 100/195 ( 52%)]  Loss:  2.471494 (2.7748)  Time: 0.104s, 2471.16/s  (0.104s, 2472.37/s)  LR: 5.393e-04  Data: 0.009 (0.010)
2024-04-17 15:51:05,901 - train - INFO - Train: 27 [ 150/195 ( 77%)]  Loss:  2.354657 (2.7635)  Time: 0.095s, 2703.37/s  (0.103s, 2482.12/s)  LR: 5.393e-04  Data: 0.009 (0.010)
2024-04-17 15:51:10,462 - train - INFO - Train: 27 [ 194/195 (100%)]  Loss:  2.315664 (2.7537)  Time: 0.083s, 3101.89/s  (0.103s, 2479.41/s)  LR: 5.393e-04  Data: 0.000 (0.010)
2024-04-17 15:51:10,597 - train - INFO - Test: [   0/39]  Time: 0.133 (0.133)  Loss:  1.0977 (1.0977)  Acc@1: 74.2188 (74.2188)  Acc@5: 92.5781 (92.5781)
2024-04-17 15:51:11,673 - train - INFO - Test: [  39/39]  Time: 0.025 (0.030)  Loss:  0.9873 (1.1504)  Acc@1: 75.0000 (71.6000)  Acc@5: 93.7500 (92.2900)
2024-04-17 15:51:12,006 - train - INFO - Train: 28 [   0/195 (  0%)]  Loss:  2.375096 (2.3751)  Time: 0.260s,  985.02/s  (0.260s,  985.02/s)  LR: 5.385e-04  Data: 0.155 (0.155)
2024-04-17 15:51:17,213 - train - INFO - Train: 28 [  50/195 ( 26%)]  Loss:  2.738297 (2.6473)  Time: 0.108s, 2365.28/s  (0.107s, 2388.89/s)  LR: 5.385e-04  Data: 0.009 (0.012)
2024-04-17 15:51:22,443 - train - INFO - Train: 28 [ 100/195 ( 52%)]  Loss:  3.003231 (2.7413)  Time: 0.116s, 2215.48/s  (0.106s, 2417.80/s)  LR: 5.385e-04  Data: 0.009 (0.011)
2024-04-17 15:51:27,464 - train - INFO - Train: 28 [ 150/195 ( 77%)]  Loss:  2.397428 (2.7354)  Time: 0.100s, 2558.31/s  (0.104s, 2460.12/s)  LR: 5.385e-04  Data: 0.008 (0.010)
2024-04-17 15:51:32,121 - train - INFO - Train: 28 [ 194/195 (100%)]  Loss:  2.576334 (2.7466)  Time: 0.107s, 2397.61/s  (0.104s, 2450.74/s)  LR: 5.385e-04  Data: 0.000 (0.010)
2024-04-17 15:51:32,244 - train - INFO - Test: [   0/39]  Time: 0.119 (0.119)  Loss:  1.0986 (1.0986)  Acc@1: 74.6094 (74.6094)  Acc@5: 90.2344 (90.2344)
2024-04-17 15:51:33,396 - train - INFO - Test: [  39/39]  Time: 0.024 (0.032)  Loss:  0.8647 (1.1703)  Acc@1: 81.2500 (72.0500)  Acc@5: 87.5000 (92.3700)
2024-04-17 15:51:33,715 - train - INFO - Train: 29 [   0/195 (  0%)]  Loss:  3.285276 (3.2853)  Time: 0.247s, 1037.64/s  (0.247s, 1037.64/s)  LR: 5.376e-04  Data: 0.146 (0.146)
2024-04-17 15:51:38,881 - train - INFO - Train: 29 [  50/195 ( 26%)]  Loss:  2.435771 (2.7643)  Time: 0.105s, 2445.60/s  (0.106s, 2413.00/s)  LR: 5.376e-04  Data: 0.008 (0.012)
2024-04-17 15:51:43,900 - train - INFO - Train: 29 [ 100/195 ( 52%)]  Loss:  2.697503 (2.7312)  Time: 0.090s, 2830.07/s  (0.103s, 2479.27/s)  LR: 5.376e-04  Data: 0.008 (0.010)
2024-04-17 15:51:48,656 - train - INFO - Train: 29 [ 150/195 ( 77%)]  Loss:  2.462169 (2.7394)  Time: 0.107s, 2391.76/s  (0.101s, 2545.97/s)  LR: 5.376e-04  Data: 0.009 (0.010)
2024-04-17 15:51:53,251 - train - INFO - Train: 29 [ 194/195 (100%)]  Loss:  2.423655 (2.7266)  Time: 0.099s, 2595.87/s  (0.101s, 2524.22/s)  LR: 5.376e-04  Data: 0.000 (0.010)
2024-04-17 15:51:53,373 - train - INFO - Test: [   0/39]  Time: 0.120 (0.120)  Loss:  1.1045 (1.1045)  Acc@1: 75.0000 (75.0000)  Acc@5: 91.4062 (91.4062)
2024-04-17 15:51:54,390 - train - INFO - Test: [  39/39]  Time: 0.023 (0.028)  Loss:  1.0938 (1.1521)  Acc@1: 81.2500 (71.6200)  Acc@5: 87.5000 (92.8900)
2024-04-17 15:51:54,707 - train - INFO - Train: 30 [   0/195 (  0%)]  Loss:  2.187268 (2.1873)  Time: 0.246s, 1040.44/s  (0.246s, 1040.44/s)  LR: 5.368e-04  Data: 0.148 (0.148)
2024-04-17 15:51:59,974 - train - INFO - Train: 30 [  50/195 ( 26%)]  Loss:  2.129710 (2.7674)  Time: 0.112s, 2295.94/s  (0.108s, 2368.84/s)  LR: 5.368e-04  Data: 0.011 (0.012)
2024-04-17 15:52:05,472 - train - INFO - Train: 30 [ 100/195 ( 52%)]  Loss:  2.964522 (2.7730)  Time: 0.111s, 2303.64/s  (0.109s, 2348.92/s)  LR: 5.368e-04  Data: 0.010 (0.011)
2024-04-17 15:52:10,822 - train - INFO - Train: 30 [ 150/195 ( 77%)]  Loss:  3.123656 (2.7880)  Time: 0.113s, 2261.82/s  (0.108s, 2363.28/s)  LR: 5.368e-04  Data: 0.011 (0.010)
2024-04-17 15:52:15,587 - train - INFO - Train: 30 [ 194/195 (100%)]  Loss:  3.161151 (2.7715)  Time: 0.123s, 2081.02/s  (0.108s, 2363.57/s)  LR: 5.368e-04  Data: 0.000 (0.010)
2024-04-17 15:52:15,704 - train - INFO - Test: [   0/39]  Time: 0.114 (0.114)  Loss:  1.1201 (1.1201)  Acc@1: 73.0469 (73.0469)  Acc@5: 92.5781 (92.5781)
2024-04-17 15:52:16,733 - train - INFO - Test: [  39/39]  Time: 0.023 (0.029)  Loss:  0.9980 (1.2093)  Acc@1: 81.2500 (71.6300)  Acc@5: 87.5000 (92.2600)
2024-04-17 15:52:17,044 - train - INFO - Train: 31 [   0/195 (  0%)]  Loss:  3.222314 (3.2223)  Time: 0.237s, 1082.13/s  (0.237s, 1082.13/s)  LR: 5.359e-04  Data: 0.143 (0.143)
2024-04-17 15:52:22,382 - train - INFO - Train: 31 [  50/195 ( 26%)]  Loss:  2.372158 (2.7188)  Time: 0.098s, 2607.60/s  (0.109s, 2342.58/s)  LR: 5.359e-04  Data: 0.009 (0.012)
2024-04-17 15:52:27,320 - train - INFO - Train: 31 [ 100/195 ( 52%)]  Loss:  2.218847 (2.7540)  Time: 0.095s, 2700.25/s  (0.104s, 2460.04/s)  LR: 5.359e-04  Data: 0.008 (0.010)
2024-04-17 15:52:32,323 - train - INFO - Train: 31 [ 150/195 ( 77%)]  Loss:  3.126050 (2.7430)  Time: 0.097s, 2636.12/s  (0.103s, 2491.96/s)  LR: 5.359e-04  Data: 0.011 (0.010)
2024-04-17 15:52:36,922 - train - INFO - Train: 31 [ 194/195 (100%)]  Loss:  3.241777 (2.7439)  Time: 0.113s, 2267.05/s  (0.103s, 2482.27/s)  LR: 5.359e-04  Data: 0.000 (0.010)
2024-04-17 15:52:37,046 - train - INFO - Test: [   0/39]  Time: 0.121 (0.121)  Loss:  1.1494 (1.1494)  Acc@1: 74.2188 (74.2188)  Acc@5: 91.7969 (91.7969)
2024-04-17 15:52:38,185 - train - INFO - Test: [  39/39]  Time: 0.023 (0.032)  Loss:  0.9102 (1.2232)  Acc@1: 81.2500 (71.9500)  Acc@5: 87.5000 (92.5400)
2024-04-17 15:52:38,511 - train - INFO - Train: 32 [   0/195 (  0%)]  Loss:  3.120947 (3.1209)  Time: 0.254s, 1008.84/s  (0.254s, 1008.84/s)  LR: 5.350e-04  Data: 0.152 (0.152)
2024-04-17 15:52:44,016 - train - INFO - Train: 32 [  50/195 ( 26%)]  Loss:  2.983428 (2.7623)  Time: 0.120s, 2138.46/s  (0.113s, 2267.81/s)  LR: 5.350e-04  Data: 0.008 (0.012)
2024-04-17 15:52:49,193 - train - INFO - Train: 32 [ 100/195 ( 52%)]  Loss:  2.577348 (2.7729)  Time: 0.104s, 2470.26/s  (0.108s, 2364.95/s)  LR: 5.350e-04  Data: 0.010 (0.011)
2024-04-17 15:52:54,661 - train - INFO - Train: 32 [ 150/195 ( 77%)]  Loss:  2.853806 (2.7629)  Time: 0.111s, 2304.20/s  (0.109s, 2357.23/s)  LR: 5.350e-04  Data: 0.009 (0.010)
2024-04-17 15:52:59,402 - train - INFO - Train: 32 [ 194/195 (100%)]  Loss:  2.690961 (2.7374)  Time: 0.102s, 2521.82/s  (0.108s, 2361.55/s)  LR: 5.350e-04  Data: 0.000 (0.010)
2024-04-17 15:52:59,535 - train - INFO - Test: [   0/39]  Time: 0.131 (0.131)  Loss:  1.0566 (1.0566)  Acc@1: 74.6094 (74.6094)  Acc@5: 93.7500 (93.7500)
2024-04-17 15:53:00,588 - train - INFO - Test: [  39/39]  Time: 0.023 (0.030)  Loss:  0.7212 (1.1263)  Acc@1: 81.2500 (71.9600)  Acc@5: 93.7500 (92.7400)
2024-04-17 15:53:01,139 - train - INFO - Train: 33 [   0/195 (  0%)]  Loss:  2.282822 (2.2828)  Time: 0.258s,  994.12/s  (0.258s,  994.12/s)  LR: 5.340e-04  Data: 0.154 (0.154)
2024-04-17 15:53:06,412 - train - INFO - Train: 33 [  50/195 ( 26%)]  Loss:  2.773227 (2.8383)  Time: 0.094s, 2728.28/s  (0.108s, 2361.05/s)  LR: 5.340e-04  Data: 0.009 (0.012)
2024-04-17 15:53:11,513 - train - INFO - Train: 33 [ 100/195 ( 52%)]  Loss:  3.017992 (2.8031)  Time: 0.116s, 2199.02/s  (0.105s, 2432.61/s)  LR: 5.340e-04  Data: 0.012 (0.011)
2024-04-17 15:53:16,359 - train - INFO - Train: 33 [ 150/195 ( 77%)]  Loss:  2.560018 (2.7783)  Time: 0.096s, 2655.98/s  (0.102s, 2498.24/s)  LR: 5.340e-04  Data: 0.012 (0.010)
2024-04-17 15:53:21,118 - train - INFO - Train: 33 [ 194/195 (100%)]  Loss:  2.758352 (2.7817)  Time: 0.096s, 2670.55/s  (0.104s, 2467.54/s)  LR: 5.340e-04  Data: 0.000 (0.010)
2024-04-17 15:53:21,240 - train - INFO - Test: [   0/39]  Time: 0.119 (0.119)  Loss:  1.1221 (1.1221)  Acc@1: 73.8281 (73.8281)  Acc@5: 91.0156 (91.0156)
2024-04-17 15:53:22,395 - train - INFO - Test: [  39/39]  Time: 0.029 (0.032)  Loss:  1.0869 (1.1493)  Acc@1: 81.2500 (72.4200)  Acc@5: 81.2500 (92.8300)
2024-04-17 15:53:22,732 - train - INFO - Train: 34 [   0/195 (  0%)]  Loss:  2.460227 (2.4602)  Time: 0.257s,  997.88/s  (0.257s,  997.88/s)  LR: 5.331e-04  Data: 0.153 (0.153)
2024-04-17 15:53:28,066 - train - INFO - Train: 34 [  50/195 ( 26%)]  Loss:  2.614645 (2.8408)  Time: 0.104s, 2458.22/s  (0.110s, 2335.73/s)  LR: 5.331e-04  Data: 0.010 (0.012)
2024-04-17 15:53:33,430 - train - INFO - Train: 34 [ 100/195 ( 52%)]  Loss:  3.217965 (2.8089)  Time: 0.105s, 2428.72/s  (0.108s, 2360.87/s)  LR: 5.331e-04  Data: 0.006 (0.011)
2024-04-17 15:53:38,890 - train - INFO - Train: 34 [ 150/195 ( 77%)]  Loss:  2.287476 (2.8139)  Time: 0.101s, 2530.27/s  (0.109s, 2355.84/s)  LR: 5.331e-04  Data: 0.010 (0.010)
2024-04-17 15:53:43,621 - train - INFO - Train: 34 [ 194/195 (100%)]  Loss:  3.075639 (2.7971)  Time: 0.107s, 2400.26/s  (0.108s, 2361.68/s)  LR: 5.331e-04  Data: 0.000 (0.010)
2024-04-17 15:53:43,741 - train - INFO - Test: [   0/39]  Time: 0.117 (0.117)  Loss:  1.0947 (1.0947)  Acc@1: 76.1719 (76.1719)  Acc@5: 92.1875 (92.1875)
2024-04-17 15:53:44,853 - train - INFO - Test: [  39/39]  Time: 0.023 (0.031)  Loss:  0.9697 (1.1715)  Acc@1: 75.0000 (72.6900)  Acc@5: 87.5000 (92.8400)
2024-04-17 15:53:45,159 - train - INFO - Train: 35 [   0/195 (  0%)]  Loss:  3.237092 (3.2371)  Time: 0.235s, 1090.51/s  (0.235s, 1090.51/s)  LR: 5.321e-04  Data: 0.154 (0.154)
2024-04-17 15:53:50,156 - train - INFO - Train: 35 [  50/195 ( 26%)]  Loss:  3.118388 (2.7490)  Time: 0.109s, 2341.77/s  (0.103s, 2496.01/s)  LR: 5.321e-04  Data: 0.010 (0.011)
2024-04-17 15:53:55,248 - train - INFO - Train: 35 [ 100/195 ( 52%)]  Loss:  2.899506 (2.7338)  Time: 0.101s, 2525.48/s  (0.102s, 2505.05/s)  LR: 5.321e-04  Data: 0.010 (0.010)
2024-04-17 15:54:00,159 - train - INFO - Train: 35 [ 150/195 ( 77%)]  Loss:  2.176115 (2.7258)  Time: 0.091s, 2815.34/s  (0.101s, 2537.89/s)  LR: 5.321e-04  Data: 0.006 (0.010)
2024-04-17 15:54:04,718 - train - INFO - Train: 35 [ 194/195 (100%)]  Loss:  2.269186 (2.7315)  Time: 0.110s, 2330.65/s  (0.101s, 2522.67/s)  LR: 5.321e-04  Data: 0.000 (0.010)
2024-04-17 15:54:04,843 - train - INFO - Test: [   0/39]  Time: 0.123 (0.123)  Loss:  1.1123 (1.1123)  Acc@1: 75.0000 (75.0000)  Acc@5: 91.4062 (91.4062)
2024-04-17 15:54:05,912 - train - INFO - Test: [  39/39]  Time: 0.024 (0.030)  Loss:  0.9814 (1.1961)  Acc@1: 75.0000 (71.7600)  Acc@5: 87.5000 (92.3100)
2024-04-17 15:54:06,227 - train - INFO - Train: 36 [   0/195 (  0%)]  Loss:  2.843728 (2.8437)  Time: 0.245s, 1043.49/s  (0.245s, 1043.49/s)  LR: 5.310e-04  Data: 0.142 (0.142)
2024-04-17 15:54:11,570 - train - INFO - Train: 36 [  50/195 ( 26%)]  Loss:  3.130514 (2.7257)  Time: 0.100s, 2548.57/s  (0.110s, 2336.76/s)  LR: 5.310e-04  Data: 0.010 (0.012)
2024-04-17 15:54:16,732 - train - INFO - Train: 36 [ 100/195 ( 52%)]  Loss:  3.203202 (2.7246)  Time: 0.104s, 2449.90/s  (0.106s, 2405.77/s)  LR: 5.310e-04  Data: 0.009 (0.011)
2024-04-17 15:54:22,066 - train - INFO - Train: 36 [ 150/195 ( 77%)]  Loss:  3.208952 (2.7689)  Time: 0.105s, 2448.66/s  (0.106s, 2403.92/s)  LR: 5.310e-04  Data: 0.009 (0.010)
2024-04-17 15:54:26,869 - train - INFO - Train: 36 [ 194/195 (100%)]  Loss:  3.051967 (2.7754)  Time: 0.106s, 2421.48/s  (0.107s, 2390.66/s)  LR: 5.310e-04  Data: 0.000 (0.010)
2024-04-17 15:54:26,993 - train - INFO - Test: [   0/39]  Time: 0.122 (0.122)  Loss:  1.1113 (1.1113)  Acc@1: 75.7812 (75.7812)  Acc@5: 90.6250 (90.6250)
2024-04-17 15:54:28,047 - train - INFO - Test: [  39/39]  Time: 0.023 (0.029)  Loss:  0.9941 (1.1830)  Acc@1: 75.0000 (71.8500)  Acc@5: 87.5000 (92.8200)
2024-04-17 15:54:28,363 - train - INFO - Train: 37 [   0/195 (  0%)]  Loss:  2.554402 (2.5544)  Time: 0.242s, 1059.05/s  (0.242s, 1059.05/s)  LR: 5.300e-04  Data: 0.134 (0.134)
2024-04-17 15:54:33,688 - train - INFO - Train: 37 [  50/195 ( 26%)]  Loss:  2.291428 (2.7558)  Time: 0.111s, 2303.02/s  (0.109s, 2345.58/s)  LR: 5.300e-04  Data: 0.009 (0.011)
2024-04-17 15:54:39,154 - train - INFO - Train: 37 [ 100/195 ( 52%)]  Loss:  2.269173 (2.6864)  Time: 0.101s, 2530.43/s  (0.109s, 2344.05/s)  LR: 5.300e-04  Data: 0.007 (0.010)
2024-04-17 15:54:44,725 - train - INFO - Train: 37 [ 150/195 ( 77%)]  Loss:  3.172462 (2.7078)  Time: 0.102s, 2516.18/s  (0.110s, 2328.72/s)  LR: 5.300e-04  Data: 0.010 (0.010)
2024-04-17 15:54:49,144 - train - INFO - Train: 37 [ 194/195 (100%)]  Loss:  2.196468 (2.7133)  Time: 0.085s, 3013.71/s  (0.108s, 2375.15/s)  LR: 5.300e-04  Data: 0.000 (0.010)
2024-04-17 15:54:49,281 - train - INFO - Test: [   0/39]  Time: 0.134 (0.134)  Loss:  1.0977 (1.0977)  Acc@1: 75.3906 (75.3906)  Acc@5: 91.7969 (91.7969)
2024-04-17 15:54:50,332 - train - INFO - Test: [  39/39]  Time: 0.024 (0.030)  Loss:  1.0469 (1.1555)  Acc@1: 75.0000 (72.0300)  Acc@5: 87.5000 (93.0200)
2024-04-17 15:54:50,653 - train - INFO - Train: 38 [   0/195 (  0%)]  Loss:  3.272162 (3.2722)  Time: 0.244s, 1050.39/s  (0.244s, 1050.39/s)  LR: 5.289e-04  Data: 0.140 (0.140)
2024-04-17 15:54:55,271 - train - INFO - Train: 38 [  50/195 ( 26%)]  Loss:  3.048563 (2.7477)  Time: 0.092s, 2785.70/s  (0.095s, 2685.83/s)  LR: 5.289e-04  Data: 0.007 (0.010)
2024-04-17 15:55:00,358 - train - INFO - Train: 38 [ 100/195 ( 52%)]  Loss:  2.941998 (2.7546)  Time: 0.111s, 2313.54/s  (0.098s, 2599.47/s)  LR: 5.289e-04  Data: 0.010 (0.010)
2024-04-17 15:55:05,461 - train - INFO - Train: 38 [ 150/195 ( 77%)]  Loss:  2.864094 (2.7635)  Time: 0.097s, 2642.17/s  (0.100s, 2568.77/s)  LR: 5.289e-04  Data: 0.010 (0.010)
2024-04-17 15:55:09,796 - train - INFO - Train: 38 [ 194/195 (100%)]  Loss:  2.943400 (2.7630)  Time: 0.085s, 3021.59/s  (0.099s, 2575.57/s)  LR: 5.289e-04  Data: 0.000 (0.010)
2024-04-17 15:55:09,915 - train - INFO - Test: [   0/39]  Time: 0.118 (0.118)  Loss:  1.1006 (1.1006)  Acc@1: 71.8750 (71.8750)  Acc@5: 92.9688 (92.9688)
2024-04-17 15:55:10,954 - train - INFO - Test: [  39/39]  Time: 0.023 (0.029)  Loss:  0.9106 (1.1488)  Acc@1: 75.0000 (72.1600)  Acc@5: 93.7500 (92.9300)
2024-04-17 15:55:11,282 - train - INFO - Train: 39 [   0/195 (  0%)]  Loss:  2.534894 (2.5349)  Time: 0.254s, 1008.28/s  (0.254s, 1008.28/s)  LR: 5.278e-04  Data: 0.150 (0.150)
2024-04-17 15:55:16,498 - train - INFO - Train: 39 [  50/195 ( 26%)]  Loss:  2.675429 (2.7282)  Time: 0.109s, 2352.78/s  (0.107s, 2387.76/s)  LR: 5.278e-04  Data: 0.010 (0.012)
2024-04-17 15:55:21,730 - train - INFO - Train: 39 [ 100/195 ( 52%)]  Loss:  3.347758 (2.7715)  Time: 0.098s, 2609.81/s  (0.106s, 2416.56/s)  LR: 5.278e-04  Data: 0.008 (0.011)
2024-04-17 15:55:27,003 - train - INFO - Train: 39 [ 150/195 ( 77%)]  Loss:  2.993510 (2.7468)  Time: 0.103s, 2483.81/s  (0.106s, 2420.47/s)  LR: 5.278e-04  Data: 0.011 (0.010)
2024-04-17 15:55:31,534 - train - INFO - Train: 39 [ 194/195 (100%)]  Loss:  3.020828 (2.7485)  Time: 0.093s, 2759.89/s  (0.105s, 2435.05/s)  LR: 5.278e-04  Data: 0.000 (0.010)
2024-04-17 15:55:31,644 - train - INFO - Test: [   0/39]  Time: 0.107 (0.107)  Loss:  1.1426 (1.1426)  Acc@1: 75.3906 (75.3906)  Acc@5: 91.7969 (91.7969)
2024-04-17 15:55:32,779 - train - INFO - Test: [  39/39]  Time: 0.023 (0.031)  Loss:  1.0352 (1.1874)  Acc@1: 75.0000 (71.9600)  Acc@5: 87.5000 (92.6100)
2024-04-17 15:55:33,086 - train - INFO - Train: 40 [   0/195 (  0%)]  Loss:  3.018367 (3.0184)  Time: 0.239s, 1070.72/s  (0.239s, 1070.72/s)  LR: 5.267e-04  Data: 0.134 (0.134)
2024-04-17 15:55:38,509 - train - INFO - Train: 40 [  50/195 ( 26%)]  Loss:  2.265278 (2.7400)  Time: 0.109s, 2353.18/s  (0.111s, 2306.32/s)  LR: 5.267e-04  Data: 0.010 (0.012)
2024-04-17 15:55:43,605 - train - INFO - Train: 40 [ 100/195 ( 52%)]  Loss:  2.874259 (2.7731)  Time: 0.096s, 2659.25/s  (0.106s, 2404.06/s)  LR: 5.267e-04  Data: 0.008 (0.011)
2024-04-17 15:55:48,445 - train - INFO - Train: 40 [ 150/195 ( 77%)]  Loss:  2.328067 (2.7709)  Time: 0.111s, 2296.63/s  (0.103s, 2478.81/s)  LR: 5.267e-04  Data: 0.009 (0.010)
2024-04-17 15:55:52,844 - train - INFO - Train: 40 [ 194/195 (100%)]  Loss:  3.072295 (2.7662)  Time: 0.086s, 2987.86/s  (0.103s, 2496.89/s)  LR: 5.267e-04  Data: 0.000 (0.010)
2024-04-17 15:55:52,973 - train - INFO - Test: [   0/39]  Time: 0.127 (0.127)  Loss:  1.1406 (1.1406)  Acc@1: 74.6094 (74.6094)  Acc@5: 91.4062 (91.4062)
2024-04-17 15:55:54,049 - train - INFO - Test: [  39/39]  Time: 0.023 (0.030)  Loss:  0.8506 (1.1794)  Acc@1: 81.2500 (72.7300)  Acc@5: 93.7500 (92.8600)
2024-04-17 15:55:54,369 - train - INFO - Train: 41 [   0/195 (  0%)]  Loss:  2.293491 (2.2935)  Time: 0.242s, 1056.53/s  (0.242s, 1056.53/s)  LR: 5.255e-04  Data: 0.140 (0.140)
2024-04-17 15:55:59,370 - train - INFO - Train: 41 [  50/195 ( 26%)]  Loss:  2.368241 (2.7555)  Time: 0.096s, 2661.28/s  (0.103s, 2490.58/s)  LR: 5.255e-04  Data: 0.011 (0.011)
2024-04-17 15:56:04,594 - train - INFO - Train: 41 [ 100/195 ( 52%)]  Loss:  2.210354 (2.7450)  Time: 0.110s, 2325.10/s  (0.104s, 2470.75/s)  LR: 5.255e-04  Data: 0.010 (0.011)
2024-04-17 15:56:09,909 - train - INFO - Train: 41 [ 150/195 ( 77%)]  Loss:  3.088696 (2.7180)  Time: 0.108s, 2373.74/s  (0.104s, 2449.79/s)  LR: 5.255e-04  Data: 0.009 (0.010)
2024-04-17 15:56:14,343 - train - INFO - Train: 41 [ 194/195 (100%)]  Loss:  2.746284 (2.7307)  Time: 0.096s, 2671.90/s  (0.104s, 2469.82/s)  LR: 5.255e-04  Data: 0.000 (0.010)
2024-04-17 15:56:14,465 - train - INFO - Test: [   0/39]  Time: 0.120 (0.120)  Loss:  1.0693 (1.0693)  Acc@1: 72.6562 (72.6562)  Acc@5: 91.7969 (91.7969)
2024-04-17 15:56:15,505 - train - INFO - Test: [  39/39]  Time: 0.023 (0.029)  Loss:  0.9707 (1.1090)  Acc@1: 81.2500 (72.5800)  Acc@5: 87.5000 (93.0600)
2024-04-17 15:56:15,829 - train - INFO - Train: 42 [   0/195 (  0%)]  Loss:  2.485066 (2.4851)  Time: 0.251s, 1018.78/s  (0.251s, 1018.78/s)  LR: 5.243e-04  Data: 0.144 (0.144)
2024-04-17 15:56:20,978 - train - INFO - Train: 42 [  50/195 ( 26%)]  Loss:  3.173776 (2.7355)  Time: 0.091s, 2816.79/s  (0.106s, 2418.30/s)  LR: 5.243e-04  Data: 0.008 (0.012)
2024-04-17 15:56:25,897 - train - INFO - Train: 42 [ 100/195 ( 52%)]  Loss:  3.198719 (2.7033)  Time: 0.101s, 2525.92/s  (0.102s, 2506.07/s)  LR: 5.243e-04  Data: 0.009 (0.011)
2024-04-17 15:56:30,711 - train - INFO - Train: 42 [ 150/195 ( 77%)]  Loss:  2.941684 (2.7054)  Time: 0.091s, 2818.49/s  (0.100s, 2555.01/s)  LR: 5.243e-04  Data: 0.008 (0.010)
2024-04-17 15:56:35,083 - train - INFO - Train: 42 [ 194/195 (100%)]  Loss:  3.079222 (2.7115)  Time: 0.103s, 2494.49/s  (0.100s, 2559.92/s)  LR: 5.243e-04  Data: 0.000 (0.010)
2024-04-17 15:56:35,205 - train - INFO - Test: [   0/39]  Time: 0.119 (0.119)  Loss:  1.1172 (1.1172)  Acc@1: 72.6562 (72.6562)  Acc@5: 91.7969 (91.7969)
2024-04-17 15:56:36,275 - train - INFO - Test: [  39/39]  Time: 0.024 (0.030)  Loss:  1.0166 (1.1508)  Acc@1: 81.2500 (72.2900)  Acc@5: 81.2500 (92.6900)
2024-04-17 15:56:36,593 - train - INFO - Train: 43 [   0/195 (  0%)]  Loss:  2.854897 (2.8549)  Time: 0.249s, 1026.16/s  (0.249s, 1026.16/s)  LR: 5.231e-04  Data: 0.150 (0.150)
2024-04-17 15:56:41,669 - train - INFO - Train: 43 [  50/195 ( 26%)]  Loss:  3.020171 (2.6671)  Time: 0.103s, 2485.03/s  (0.104s, 2452.03/s)  LR: 5.231e-04  Data: 0.007 (0.011)
2024-04-17 15:56:47,052 - train - INFO - Train: 43 [ 100/195 ( 52%)]  Loss:  3.469860 (2.7409)  Time: 0.111s, 2296.75/s  (0.106s, 2414.98/s)  LR: 5.231e-04  Data: 0.011 (0.010)
2024-04-17 15:56:52,288 - train - INFO - Train: 43 [ 150/195 ( 77%)]  Loss:  2.292461 (2.7313)  Time: 0.104s, 2455.83/s  (0.106s, 2424.97/s)  LR: 5.231e-04  Data: 0.009 (0.010)
2024-04-17 15:56:56,848 - train - INFO - Train: 43 [ 194/195 (100%)]  Loss:  2.668845 (2.7223)  Time: 0.097s, 2645.25/s  (0.105s, 2435.16/s)  LR: 5.231e-04  Data: 0.000 (0.010)
2024-04-17 15:56:56,962 - train - INFO - Test: [   0/39]  Time: 0.113 (0.113)  Loss:  1.1279 (1.1279)  Acc@1: 73.4375 (73.4375)  Acc@5: 92.5781 (92.5781)
2024-04-17 15:56:58,002 - train - INFO - Test: [  39/39]  Time: 0.023 (0.029)  Loss:  1.0361 (1.1772)  Acc@1: 75.0000 (72.4700)  Acc@5: 87.5000 (92.9300)
2024-04-17 15:56:58,321 - train - INFO - Train: 44 [   0/195 (  0%)]  Loss:  2.940314 (2.9403)  Time: 0.247s, 1034.52/s  (0.247s, 1034.52/s)  LR: 5.218e-04  Data: 0.147 (0.147)
2024-04-17 15:57:03,541 - train - INFO - Train: 44 [  50/195 ( 26%)]  Loss:  2.248310 (2.7820)  Time: 0.107s, 2396.20/s  (0.107s, 2388.49/s)  LR: 5.218e-04  Data: 0.010 (0.012)
2024-04-17 15:57:08,455 - train - INFO - Train: 44 [ 100/195 ( 52%)]  Loss:  3.143507 (2.7503)  Time: 0.109s, 2346.22/s  (0.103s, 2491.13/s)  LR: 5.218e-04  Data: 0.009 (0.010)
2024-04-17 15:57:13,664 - train - INFO - Train: 44 [ 150/195 ( 77%)]  Loss:  2.874266 (2.7430)  Time: 0.106s, 2418.63/s  (0.103s, 2480.08/s)  LR: 5.218e-04  Data: 0.009 (0.010)
2024-04-17 15:57:18,283 - train - INFO - Train: 44 [ 194/195 (100%)]  Loss:  3.145796 (2.7434)  Time: 0.105s, 2429.63/s  (0.104s, 2470.71/s)  LR: 5.218e-04  Data: 0.000 (0.010)
2024-04-17 15:57:18,400 - train - INFO - Test: [   0/39]  Time: 0.114 (0.114)  Loss:  1.1123 (1.1123)  Acc@1: 75.0000 (75.0000)  Acc@5: 91.7969 (91.7969)
2024-04-17 15:57:19,437 - train - INFO - Test: [  39/39]  Time: 0.024 (0.029)  Loss:  1.0146 (1.1682)  Acc@1: 81.2500 (72.7800)  Acc@5: 87.5000 (92.7400)
2024-04-17 15:57:19,761 - train - INFO - Train: 45 [   0/195 (  0%)]  Loss:  3.076050 (3.0761)  Time: 0.247s, 1035.33/s  (0.247s, 1035.33/s)  LR: 5.206e-04  Data: 0.147 (0.147)
2024-04-17 15:57:24,903 - train - INFO - Train: 45 [  50/195 ( 26%)]  Loss:  3.096177 (2.7691)  Time: 0.110s, 2323.57/s  (0.106s, 2423.20/s)  LR: 5.206e-04  Data: 0.010 (0.011)
2024-04-17 15:57:30,264 - train - INFO - Train: 45 [ 100/195 ( 52%)]  Loss:  2.495302 (2.7375)  Time: 0.111s, 2304.64/s  (0.106s, 2405.60/s)  LR: 5.206e-04  Data: 0.010 (0.010)
2024-04-17 15:57:35,501 - train - INFO - Train: 45 [ 150/195 ( 77%)]  Loss:  3.137074 (2.7261)  Time: 0.112s, 2292.09/s  (0.106s, 2418.43/s)  LR: 5.206e-04  Data: 0.011 (0.010)
2024-04-17 15:57:39,829 - train - INFO - Train: 45 [ 194/195 (100%)]  Loss:  3.188692 (2.7377)  Time: 0.081s, 3151.21/s  (0.104s, 2457.87/s)  LR: 5.206e-04  Data: 0.000 (0.010)
2024-04-17 15:57:39,961 - train - INFO - Test: [   0/39]  Time: 0.131 (0.131)  Loss:  1.0977 (1.0977)  Acc@1: 74.2188 (74.2188)  Acc@5: 93.3594 (93.3594)
2024-04-17 15:57:40,981 - train - INFO - Test: [  39/39]  Time: 0.023 (0.029)  Loss:  0.8979 (1.1721)  Acc@1: 75.0000 (72.6400)  Acc@5: 93.7500 (92.7800)
2024-04-17 15:57:41,289 - train - INFO - Train: 46 [   0/195 (  0%)]  Loss:  2.742087 (2.7421)  Time: 0.239s, 1071.72/s  (0.239s, 1071.72/s)  LR: 5.193e-04  Data: 0.138 (0.138)
2024-04-17 15:57:46,667 - train - INFO - Train: 46 [  50/195 ( 26%)]  Loss:  3.157531 (2.7421)  Time: 0.108s, 2365.23/s  (0.110s, 2324.88/s)  LR: 5.193e-04  Data: 0.009 (0.012)
2024-04-17 15:57:51,706 - train - INFO - Train: 46 [ 100/195 ( 52%)]  Loss:  2.511064 (2.7161)  Time: 0.106s, 2412.68/s  (0.105s, 2426.84/s)  LR: 5.193e-04  Data: 0.010 (0.011)
2024-04-17 15:57:57,170 - train - INFO - Train: 46 [ 150/195 ( 77%)]  Loss:  2.538869 (2.7250)  Time: 0.107s, 2401.58/s  (0.107s, 2398.49/s)  LR: 5.193e-04  Data: 0.010 (0.010)
2024-04-17 15:58:02,264 - train - INFO - Train: 46 [ 194/195 (100%)]  Loss:  3.099361 (2.7279)  Time: 0.088s, 2894.53/s  (0.109s, 2353.74/s)  LR: 5.193e-04  Data: 0.000 (0.010)
2024-04-17 15:58:02,382 - train - INFO - Test: [   0/39]  Time: 0.117 (0.117)  Loss:  1.0693 (1.0693)  Acc@1: 77.3438 (77.3438)  Acc@5: 92.5781 (92.5781)
2024-04-17 15:58:03,465 - train - INFO - Test: [  39/39]  Time: 0.024 (0.030)  Loss:  0.9585 (1.1416)  Acc@1: 75.0000 (73.2300)  Acc@5: 87.5000 (93.1800)
2024-04-17 15:58:03,789 - train - INFO - Train: 47 [   0/195 (  0%)]  Loss:  2.613105 (2.6131)  Time: 0.245s, 1045.76/s  (0.245s, 1045.76/s)  LR: 5.180e-04  Data: 0.140 (0.140)
2024-04-17 15:58:09,006 - train - INFO - Train: 47 [  50/195 ( 26%)]  Loss:  2.329867 (2.6876)  Time: 0.096s, 2669.02/s  (0.107s, 2391.14/s)  LR: 5.180e-04  Data: 0.008 (0.011)
2024-04-17 15:58:14,117 - train - INFO - Train: 47 [ 100/195 ( 52%)]  Loss:  2.862359 (2.7375)  Time: 0.111s, 2314.47/s  (0.105s, 2446.35/s)  LR: 5.180e-04  Data: 0.010 (0.010)
2024-04-17 15:58:19,435 - train - INFO - Train: 47 [ 150/195 ( 77%)]  Loss:  2.948256 (2.6932)  Time: 0.102s, 2514.97/s  (0.105s, 2433.27/s)  LR: 5.180e-04  Data: 0.007 (0.010)
2024-04-17 15:58:23,848 - train - INFO - Train: 47 [ 194/195 (100%)]  Loss:  3.441371 (2.6928)  Time: 0.090s, 2844.54/s  (0.104s, 2459.32/s)  LR: 5.180e-04  Data: 0.000 (0.010)
2024-04-17 15:58:23,967 - train - INFO - Test: [   0/39]  Time: 0.116 (0.116)  Loss:  1.0820 (1.0820)  Acc@1: 75.3906 (75.3906)  Acc@5: 92.5781 (92.5781)
2024-04-17 15:58:25,168 - train - INFO - Test: [  39/39]  Time: 0.029 (0.033)  Loss:  1.0625 (1.1304)  Acc@1: 68.7500 (73.1200)  Acc@5: 87.5000 (93.4100)
2024-04-17 15:58:25,493 - train - INFO - Train: 48 [   0/195 (  0%)]  Loss:  2.235004 (2.2350)  Time: 0.244s, 1050.41/s  (0.244s, 1050.41/s)  LR: 5.166e-04  Data: 0.139 (0.139)
2024-04-17 15:58:30,613 - train - INFO - Train: 48 [  50/195 ( 26%)]  Loss:  2.871125 (2.7287)  Time: 0.112s, 2295.35/s  (0.105s, 2434.71/s)  LR: 5.166e-04  Data: 0.010 (0.011)
2024-04-17 15:58:35,727 - train - INFO - Train: 48 [ 100/195 ( 52%)]  Loss:  2.931605 (2.7035)  Time: 0.095s, 2703.22/s  (0.104s, 2468.49/s)  LR: 5.166e-04  Data: 0.010 (0.010)
2024-04-17 15:58:40,714 - train - INFO - Train: 48 [ 150/195 ( 77%)]  Loss:  2.742344 (2.7276)  Time: 0.105s, 2431.38/s  (0.102s, 2500.33/s)  LR: 5.166e-04  Data: 0.010 (0.010)
2024-04-17 15:58:45,366 - train - INFO - Train: 48 [ 194/195 (100%)]  Loss:  2.520076 (2.7131)  Time: 0.083s, 3077.81/s  (0.103s, 2482.30/s)  LR: 5.166e-04  Data: 0.000 (0.010)
2024-04-17 15:58:45,498 - train - INFO - Test: [   0/39]  Time: 0.130 (0.130)  Loss:  1.0957 (1.0957)  Acc@1: 73.8281 (73.8281)  Acc@5: 92.5781 (92.5781)
2024-04-17 15:58:46,641 - train - INFO - Test: [  39/39]  Time: 0.023 (0.032)  Loss:  0.9170 (1.1103)  Acc@1: 81.2500 (72.7700)  Acc@5: 87.5000 (93.0500)
2024-04-17 15:58:46,945 - train - INFO - Train: 49 [   0/195 (  0%)]  Loss:  2.574280 (2.5743)  Time: 0.235s, 1090.92/s  (0.235s, 1090.92/s)  LR: 5.152e-04  Data: 0.132 (0.132)
2024-04-17 15:58:51,763 - train - INFO - Train: 49 [  50/195 ( 26%)]  Loss:  3.112463 (2.7401)  Time: 0.091s, 2823.04/s  (0.099s, 2584.57/s)  LR: 5.152e-04  Data: 0.007 (0.011)
2024-04-17 15:58:56,834 - train - INFO - Train: 49 [ 100/195 ( 52%)]  Loss:  3.156057 (2.7526)  Time: 0.117s, 2181.64/s  (0.100s, 2555.10/s)  LR: 5.152e-04  Data: 0.009 (0.010)
2024-04-17 15:59:02,295 - train - INFO - Train: 49 [ 150/195 ( 77%)]  Loss:  2.496252 (2.7210)  Time: 0.117s, 2193.80/s  (0.103s, 2481.45/s)  LR: 5.152e-04  Data: 0.012 (0.010)
2024-04-17 15:59:07,113 - train - INFO - Train: 49 [ 194/195 (100%)]  Loss:  3.149140 (2.7157)  Time: 0.091s, 2806.21/s  (0.105s, 2447.73/s)  LR: 5.152e-04  Data: 0.000 (0.010)
2024-04-17 15:59:07,232 - train - INFO - Test: [   0/39]  Time: 0.115 (0.115)  Loss:  1.0723 (1.0723)  Acc@1: 78.1250 (78.1250)  Acc@5: 90.6250 (90.6250)
2024-04-17 15:59:08,260 - train - INFO - Test: [  39/39]  Time: 0.023 (0.029)  Loss:  0.9404 (1.1103)  Acc@1: 81.2500 (73.5200)  Acc@5: 93.7500 (93.3700)
2024-04-17 15:59:08,579 - train - INFO - Train: 50 [   0/195 (  0%)]  Loss:  3.096877 (3.0969)  Time: 0.241s, 1064.29/s  (0.241s, 1064.29/s)  LR: 5.138e-04  Data: 0.136 (0.136)
2024-04-17 15:59:13,658 - train - INFO - Train: 50 [  50/195 ( 26%)]  Loss:  2.962285 (2.7670)  Time: 0.112s, 2291.89/s  (0.104s, 2454.99/s)  LR: 5.138e-04  Data: 0.010 (0.012)
2024-04-17 15:59:18,699 - train - INFO - Train: 50 [ 100/195 ( 52%)]  Loss:  2.828884 (2.7205)  Time: 0.090s, 2834.83/s  (0.103s, 2496.46/s)  LR: 5.138e-04  Data: 0.009 (0.010)
2024-04-17 15:59:23,474 - train - INFO - Train: 50 [ 150/195 ( 77%)]  Loss:  2.662502 (2.7267)  Time: 0.099s, 2595.01/s  (0.100s, 2554.73/s)  LR: 5.138e-04  Data: 0.009 (0.010)
2024-04-17 15:59:27,741 - train - INFO - Train: 50 [ 194/195 (100%)]  Loss:  2.566673 (2.7252)  Time: 0.122s, 2092.84/s  (0.099s, 2573.66/s)  LR: 5.138e-04  Data: 0.000 (0.009)
2024-04-17 15:59:27,868 - train - INFO - Test: [   0/39]  Time: 0.124 (0.124)  Loss:  1.0996 (1.0996)  Acc@1: 74.6094 (74.6094)  Acc@5: 92.1875 (92.1875)
2024-04-17 15:59:29,038 - train - INFO - Test: [  39/39]  Time: 0.023 (0.032)  Loss:  0.8584 (1.1445)  Acc@1: 81.2500 (72.7300)  Acc@5: 87.5000 (93.1200)
2024-04-17 15:59:29,346 - train - INFO - Train: 51 [   0/195 (  0%)]  Loss:  2.324668 (2.3247)  Time: 0.238s, 1075.51/s  (0.238s, 1075.51/s)  LR: 5.124e-04  Data: 0.135 (0.135)
2024-04-17 15:59:34,445 - train - INFO - Train: 51 [  50/195 ( 26%)]  Loss:  2.359229 (2.7624)  Time: 0.108s, 2371.31/s  (0.105s, 2446.89/s)  LR: 5.124e-04  Data: 0.010 (0.012)
2024-04-17 15:59:39,670 - train - INFO - Train: 51 [ 100/195 ( 52%)]  Loss:  2.287882 (2.7248)  Time: 0.098s, 2611.67/s  (0.105s, 2448.54/s)  LR: 5.124e-04  Data: 0.010 (0.011)
2024-04-17 15:59:44,557 - train - INFO - Train: 51 [ 150/195 ( 77%)]  Loss:  2.823199 (2.7348)  Time: 0.105s, 2431.74/s  (0.102s, 2502.74/s)  LR: 5.124e-04  Data: 0.009 (0.010)
2024-04-17 15:59:49,157 - train - INFO - Train: 51 [ 194/195 (100%)]  Loss:  2.669712 (2.7300)  Time: 0.086s, 2988.97/s  (0.103s, 2490.49/s)  LR: 5.124e-04  Data: 0.000 (0.010)
2024-04-17 15:59:49,285 - train - INFO - Test: [   0/39]  Time: 0.127 (0.127)  Loss:  1.0762 (1.0762)  Acc@1: 75.3906 (75.3906)  Acc@5: 90.6250 (90.6250)
2024-04-17 15:59:50,371 - train - INFO - Test: [  39/39]  Time: 0.024 (0.030)  Loss:  0.8379 (1.1387)  Acc@1: 81.2500 (72.7500)  Acc@5: 87.5000 (92.9400)
2024-04-17 15:59:50,679 - train - INFO - Train: 52 [   0/195 (  0%)]  Loss:  2.870657 (2.8707)  Time: 0.231s, 1106.06/s  (0.231s, 1106.06/s)  LR: 5.109e-04  Data: 0.139 (0.139)
2024-04-17 15:59:55,966 - train - INFO - Train: 52 [  50/195 ( 26%)]  Loss:  2.312629 (2.6859)  Time: 0.106s, 2419.12/s  (0.108s, 2366.12/s)  LR: 5.109e-04  Data: 0.005 (0.011)
2024-04-17 16:00:01,441 - train - INFO - Train: 52 [ 100/195 ( 52%)]  Loss:  2.460676 (2.6852)  Time: 0.120s, 2142.07/s  (0.109s, 2352.66/s)  LR: 5.109e-04  Data: 0.011 (0.010)
2024-04-17 16:00:07,065 - train - INFO - Train: 52 [ 150/195 ( 77%)]  Loss:  2.997340 (2.6898)  Time: 0.120s, 2132.42/s  (0.110s, 2326.82/s)  LR: 5.109e-04  Data: 0.013 (0.010)
2024-04-17 16:00:12,101 - train - INFO - Train: 52 [ 194/195 (100%)]  Loss:  3.014672 (2.6933)  Time: 0.097s, 2639.46/s  (0.111s, 2306.03/s)  LR: 5.109e-04  Data: 0.000 (0.011)
2024-04-17 16:00:12,222 - train - INFO - Test: [   0/39]  Time: 0.119 (0.119)  Loss:  1.0430 (1.0430)  Acc@1: 77.3438 (77.3438)  Acc@5: 92.5781 (92.5781)
2024-04-17 16:00:13,271 - train - INFO - Test: [  39/39]  Time: 0.023 (0.029)  Loss:  0.9653 (1.1267)  Acc@1: 81.2500 (73.1800)  Acc@5: 87.5000 (93.4600)
2024-04-17 16:00:13,597 - train - INFO - Train: 53 [   0/195 (  0%)]  Loss:  2.399915 (2.3999)  Time: 0.250s, 1024.66/s  (0.250s, 1024.66/s)  LR: 5.095e-04  Data: 0.143 (0.143)
2024-04-17 16:00:19,008 - train - INFO - Train: 53 [  50/195 ( 26%)]  Loss:  2.264132 (2.6468)  Time: 0.102s, 2511.34/s  (0.111s, 2306.68/s)  LR: 5.095e-04  Data: 0.011 (0.011)
2024-04-17 16:00:24,516 - train - INFO - Train: 53 [ 100/195 ( 52%)]  Loss:  2.621200 (2.6246)  Time: 0.110s, 2327.17/s  (0.111s, 2315.48/s)  LR: 5.095e-04  Data: 0.010 (0.010)
2024-04-17 16:00:29,721 - train - INFO - Train: 53 [ 150/195 ( 77%)]  Loss:  3.058661 (2.6512)  Time: 0.128s, 1999.64/s  (0.108s, 2361.52/s)  LR: 5.095e-04  Data: 0.018 (0.010)
2024-04-17 16:00:34,390 - train - INFO - Train: 53 [ 194/195 (100%)]  Loss:  3.078369 (2.6695)  Time: 0.097s, 2629.92/s  (0.108s, 2372.99/s)  LR: 5.095e-04  Data: 0.000 (0.010)
2024-04-17 16:00:34,513 - train - INFO - Test: [   0/39]  Time: 0.120 (0.120)  Loss:  1.1084 (1.1084)  Acc@1: 76.1719 (76.1719)  Acc@5: 91.4062 (91.4062)
2024-04-17 16:00:35,559 - train - INFO - Test: [  39/39]  Time: 0.024 (0.029)  Loss:  1.1191 (1.1643)  Acc@1: 75.0000 (73.0300)  Acc@5: 81.2500 (93.1300)
2024-04-17 16:00:35,879 - train - INFO - Train: 54 [   0/195 (  0%)]  Loss:  3.128298 (3.1283)  Time: 0.252s, 1016.01/s  (0.252s, 1016.01/s)  LR: 5.080e-04  Data: 0.150 (0.150)
2024-04-17 16:00:40,707 - train - INFO - Train: 54 [  50/195 ( 26%)]  Loss:  3.210337 (2.7656)  Time: 0.104s, 2467.79/s  (0.100s, 2570.93/s)  LR: 5.080e-04  Data: 0.007 (0.011)
2024-04-17 16:00:45,983 - train - INFO - Train: 54 [ 100/195 ( 52%)]  Loss:  2.640773 (2.7127)  Time: 0.109s, 2339.64/s  (0.103s, 2497.44/s)  LR: 5.080e-04  Data: 0.010 (0.010)
2024-04-17 16:00:51,111 - train - INFO - Train: 54 [ 150/195 ( 77%)]  Loss:  2.795045 (2.7200)  Time: 0.093s, 2751.13/s  (0.103s, 2497.22/s)  LR: 5.080e-04  Data: 0.009 (0.010)
2024-04-17 16:00:55,510 - train - INFO - Train: 54 [ 194/195 (100%)]  Loss:  2.954002 (2.7248)  Time: 0.093s, 2749.43/s  (0.102s, 2511.31/s)  LR: 5.080e-04  Data: 0.000 (0.010)
2024-04-17 16:00:55,638 - train - INFO - Test: [   0/39]  Time: 0.125 (0.125)  Loss:  1.0303 (1.0303)  Acc@1: 78.1250 (78.1250)  Acc@5: 92.9688 (92.9688)
2024-04-17 16:00:56,660 - train - INFO - Test: [  39/39]  Time: 0.023 (0.029)  Loss:  0.9824 (1.1277)  Acc@1: 81.2500 (73.4700)  Acc@5: 87.5000 (93.4700)
2024-04-17 16:00:56,980 - train - INFO - Train: 55 [   0/195 (  0%)]  Loss:  3.194852 (3.1949)  Time: 0.244s, 1049.95/s  (0.244s, 1049.95/s)  LR: 5.064e-04  Data: 0.140 (0.140)
2024-04-17 16:01:02,023 - train - INFO - Train: 55 [  50/195 ( 26%)]  Loss:  2.792204 (2.6984)  Time: 0.104s, 2472.15/s  (0.104s, 2470.16/s)  LR: 5.064e-04  Data: 0.010 (0.012)
2024-04-17 16:01:07,216 - train - INFO - Train: 55 [ 100/195 ( 52%)]  Loss:  3.051174 (2.7424)  Time: 0.108s, 2365.30/s  (0.104s, 2467.66/s)  LR: 5.064e-04  Data: 0.009 (0.010)
2024-04-17 16:01:12,565 - train - INFO - Train: 55 [ 150/195 ( 77%)]  Loss:  2.857645 (2.7396)  Time: 0.110s, 2337.82/s  (0.105s, 2442.66/s)  LR: 5.064e-04  Data: 0.010 (0.010)
2024-04-17 16:01:17,340 - train - INFO - Train: 55 [ 194/195 (100%)]  Loss:  2.911344 (2.7375)  Time: 0.099s, 2577.93/s  (0.106s, 2423.38/s)  LR: 5.064e-04  Data: 0.000 (0.010)
2024-04-17 16:01:17,452 - train - INFO - Test: [   0/39]  Time: 0.109 (0.109)  Loss:  1.0039 (1.0039)  Acc@1: 78.1250 (78.1250)  Acc@5: 92.9688 (92.9688)
2024-04-17 16:01:18,495 - train - INFO - Test: [  39/39]  Time: 0.023 (0.029)  Loss:  0.8970 (1.1075)  Acc@1: 75.0000 (72.8700)  Acc@5: 87.5000 (92.9200)
2024-04-17 16:01:18,811 - train - INFO - Train: 56 [   0/195 (  0%)]  Loss:  2.167723 (2.1677)  Time: 0.246s, 1040.49/s  (0.246s, 1040.49/s)  LR: 5.049e-04  Data: 0.151 (0.151)
2024-04-17 16:01:24,077 - train - INFO - Train: 56 [  50/195 ( 26%)]  Loss:  2.908428 (2.7503)  Time: 0.112s, 2276.43/s  (0.108s, 2368.87/s)  LR: 5.049e-04  Data: 0.011 (0.012)
2024-04-17 16:01:29,399 - train - INFO - Train: 56 [ 100/195 ( 52%)]  Loss:  3.050888 (2.7595)  Time: 0.099s, 2582.20/s  (0.107s, 2386.99/s)  LR: 5.049e-04  Data: 0.010 (0.011)
2024-04-17 16:01:34,700 - train - INFO - Train: 56 [ 150/195 ( 77%)]  Loss:  2.102698 (2.7112)  Time: 0.107s, 2399.95/s  (0.107s, 2396.30/s)  LR: 5.049e-04  Data: 0.010 (0.010)
2024-04-17 16:01:39,421 - train - INFO - Train: 56 [ 194/195 (100%)]  Loss:  3.117058 (2.6924)  Time: 0.101s, 2527.03/s  (0.107s, 2394.11/s)  LR: 5.049e-04  Data: 0.000 (0.010)
2024-04-17 16:01:39,539 - train - INFO - Test: [   0/39]  Time: 0.115 (0.115)  Loss:  1.1152 (1.1152)  Acc@1: 75.7812 (75.7812)  Acc@5: 92.1875 (92.1875)
2024-04-17 16:01:40,623 - train - INFO - Test: [  39/39]  Time: 0.024 (0.030)  Loss:  0.9785 (1.1500)  Acc@1: 75.0000 (73.2400)  Acc@5: 87.5000 (92.9900)
2024-04-17 16:01:40,944 - train - INFO - Train: 57 [   0/195 (  0%)]  Loss:  3.200540 (3.2005)  Time: 0.244s, 1049.75/s  (0.244s, 1049.75/s)  LR: 5.033e-04  Data: 0.139 (0.139)
2024-04-17 16:01:46,278 - train - INFO - Train: 57 [  50/195 ( 26%)]  Loss:  3.015265 (2.7100)  Time: 0.114s, 2243.41/s  (0.109s, 2341.13/s)  LR: 5.033e-04  Data: 0.011 (0.012)
2024-04-17 16:01:51,572 - train - INFO - Train: 57 [ 100/195 ( 52%)]  Loss:  3.178842 (2.7187)  Time: 0.099s, 2586.89/s  (0.108s, 2378.96/s)  LR: 5.033e-04  Data: 0.010 (0.010)
2024-04-17 16:01:56,638 - train - INFO - Train: 57 [ 150/195 ( 77%)]  Loss:  2.421346 (2.6856)  Time: 0.092s, 2794.25/s  (0.106s, 2426.10/s)  LR: 5.033e-04  Data: 0.007 (0.010)
2024-04-17 16:02:00,831 - train - INFO - Train: 57 [ 194/195 (100%)]  Loss:  3.332419 (2.6776)  Time: 0.088s, 2914.23/s  (0.103s, 2480.54/s)  LR: 5.033e-04  Data: 0.000 (0.010)
2024-04-17 16:02:00,951 - train - INFO - Test: [   0/39]  Time: 0.118 (0.118)  Loss:  1.0283 (1.0283)  Acc@1: 76.5625 (76.5625)  Acc@5: 93.7500 (93.7500)
2024-04-17 16:02:02,005 - train - INFO - Test: [  39/39]  Time: 0.024 (0.029)  Loss:  0.8770 (1.1054)  Acc@1: 81.2500 (72.9800)  Acc@5: 87.5000 (93.3500)
2024-04-17 16:02:02,316 - train - INFO - Train: 58 [   0/195 (  0%)]  Loss:  2.905280 (2.9053)  Time: 0.242s, 1056.36/s  (0.242s, 1056.36/s)  LR: 5.017e-04  Data: 0.139 (0.139)
2024-04-17 16:02:07,235 - train - INFO - Train: 58 [  50/195 ( 26%)]  Loss:  2.190773 (2.6270)  Time: 0.104s, 2468.55/s  (0.101s, 2530.50/s)  LR: 5.017e-04  Data: 0.010 (0.011)
2024-04-17 16:02:12,399 - train - INFO - Train: 58 [ 100/195 ( 52%)]  Loss:  2.462604 (2.6586)  Time: 0.110s, 2324.85/s  (0.102s, 2504.89/s)  LR: 5.017e-04  Data: 0.010 (0.010)
2024-04-17 16:02:17,325 - train - INFO - Train: 58 [ 150/195 ( 77%)]  Loss:  2.473377 (2.6674)  Time: 0.092s, 2776.16/s  (0.101s, 2535.23/s)  LR: 5.017e-04  Data: 0.009 (0.010)
2024-04-17 16:02:21,761 - train - INFO - Train: 58 [ 194/195 (100%)]  Loss:  2.141982 (2.6670)  Time: 0.081s, 3153.95/s  (0.101s, 2536.39/s)  LR: 5.017e-04  Data: 0.000 (0.009)
2024-04-17 16:02:21,885 - train - INFO - Test: [   0/39]  Time: 0.123 (0.123)  Loss:  1.0762 (1.0762)  Acc@1: 75.3906 (75.3906)  Acc@5: 91.7969 (91.7969)
2024-04-17 16:02:22,926 - train - INFO - Test: [  39/39]  Time: 0.024 (0.029)  Loss:  0.8682 (1.1271)  Acc@1: 81.2500 (72.5800)  Acc@5: 87.5000 (92.8400)
2024-04-17 16:02:23,503 - train - INFO - Train: 59 [   0/195 (  0%)]  Loss:  2.662355 (2.6624)  Time: 0.253s, 1010.50/s  (0.253s, 1010.50/s)  LR: 5.001e-04  Data: 0.146 (0.146)
2024-04-17 16:02:28,707 - train - INFO - Train: 59 [  50/195 ( 26%)]  Loss:  3.154591 (2.7250)  Time: 0.104s, 2456.57/s  (0.107s, 2392.76/s)  LR: 5.001e-04  Data: 0.008 (0.012)
2024-04-17 16:02:33,726 - train - INFO - Train: 59 [ 100/195 ( 52%)]  Loss:  2.309728 (2.6729)  Time: 0.092s, 2781.68/s  (0.104s, 2468.51/s)  LR: 5.001e-04  Data: 0.009 (0.011)
2024-04-17 16:02:38,649 - train - INFO - Train: 59 [ 150/195 ( 77%)]  Loss:  2.485281 (2.6984)  Time: 0.100s, 2558.12/s  (0.102s, 2510.84/s)  LR: 5.001e-04  Data: 0.007 (0.010)
2024-04-17 16:02:42,923 - train - INFO - Train: 59 [ 194/195 (100%)]  Loss:  2.383670 (2.7000)  Time: 0.080s, 3192.41/s  (0.101s, 2538.08/s)  LR: 5.001e-04  Data: 0.000 (0.010)
2024-04-17 16:02:43,040 - train - INFO - Test: [   0/39]  Time: 0.116 (0.116)  Loss:  1.0791 (1.0791)  Acc@1: 75.0000 (75.0000)  Acc@5: 93.7500 (93.7500)
2024-04-17 16:02:44,101 - train - INFO - Test: [  39/39]  Time: 0.024 (0.029)  Loss:  0.9810 (1.1639)  Acc@1: 75.0000 (73.5100)  Acc@5: 87.5000 (93.3900)
2024-04-17 16:02:44,406 - train - INFO - Train: 60 [   0/195 (  0%)]  Loss:  2.702106 (2.7021)  Time: 0.230s, 1115.36/s  (0.230s, 1115.36/s)  LR: 4.984e-04  Data: 0.128 (0.128)
2024-04-17 16:02:49,111 - train - INFO - Train: 60 [  50/195 ( 26%)]  Loss:  2.540946 (2.7266)  Time: 0.101s, 2526.42/s  (0.097s, 2646.55/s)  LR: 4.984e-04  Data: 0.007 (0.010)
2024-04-17 16:02:54,203 - train - INFO - Train: 60 [ 100/195 ( 52%)]  Loss:  2.858568 (2.6981)  Time: 0.113s, 2270.35/s  (0.099s, 2579.34/s)  LR: 4.984e-04  Data: 0.010 (0.010)
2024-04-17 16:02:59,452 - train - INFO - Train: 60 [ 150/195 ( 77%)]  Loss:  3.135291 (2.6990)  Time: 0.111s, 2309.10/s  (0.101s, 2531.27/s)  LR: 4.984e-04  Data: 0.010 (0.010)
2024-04-17 16:03:04,248 - train - INFO - Train: 60 [ 194/195 (100%)]  Loss:  3.064299 (2.6810)  Time: 0.106s, 2417.37/s  (0.103s, 2487.82/s)  LR: 4.984e-04  Data: 0.000 (0.010)
2024-04-17 16:03:04,349 - train - INFO - Test: [   0/39]  Time: 0.099 (0.099)  Loss:  1.1260 (1.1260)  Acc@1: 76.1719 (76.1719)  Acc@5: 92.1875 (92.1875)
2024-04-17 16:03:05,409 - train - INFO - Test: [  39/39]  Time: 0.025 (0.029)  Loss:  1.0342 (1.1860)  Acc@1: 81.2500 (73.0800)  Acc@5: 93.7500 (93.2200)
2024-04-17 16:03:05,732 - train - INFO - Train: 61 [   0/195 (  0%)]  Loss:  3.054859 (3.0549)  Time: 0.252s, 1015.27/s  (0.252s, 1015.27/s)  LR: 4.968e-04  Data: 0.149 (0.149)
2024-04-17 16:03:10,805 - train - INFO - Train: 61 [  50/195 ( 26%)]  Loss:  2.986656 (2.7421)  Time: 0.109s, 2357.12/s  (0.104s, 2452.03/s)  LR: 4.968e-04  Data: 0.010 (0.012)
2024-04-17 16:03:15,789 - train - INFO - Train: 61 [ 100/195 ( 52%)]  Loss:  2.904176 (2.7044)  Time: 0.095s, 2707.82/s  (0.102s, 2508.56/s)  LR: 4.968e-04  Data: 0.008 (0.010)
2024-04-17 16:03:21,028 - train - INFO - Train: 61 [ 150/195 ( 77%)]  Loss:  2.248492 (2.7032)  Time: 0.110s, 2323.22/s  (0.103s, 2486.78/s)  LR: 4.968e-04  Data: 0.010 (0.010)
2024-04-17 16:03:25,776 - train - INFO - Train: 61 [ 194/195 (100%)]  Loss:  3.069833 (2.7075)  Time: 0.102s, 2509.79/s  (0.104s, 2460.17/s)  LR: 4.968e-04  Data: 0.000 (0.010)
2024-04-17 16:03:25,899 - train - INFO - Test: [   0/39]  Time: 0.121 (0.121)  Loss:  1.0557 (1.0557)  Acc@1: 75.0000 (75.0000)  Acc@5: 93.3594 (93.3594)
2024-04-17 16:03:27,122 - train - INFO - Test: [  39/39]  Time: 0.029 (0.034)  Loss:  0.8628 (1.1475)  Acc@1: 81.2500 (72.6800)  Acc@5: 87.5000 (93.4100)
2024-04-17 16:03:27,448 - train - INFO - Train: 62 [   0/195 (  0%)]  Loss:  2.311741 (2.3117)  Time: 0.243s, 1054.91/s  (0.243s, 1054.91/s)  LR: 4.951e-04  Data: 0.139 (0.139)
2024-04-17 16:03:32,726 - train - INFO - Train: 62 [  50/195 ( 26%)]  Loss:  2.763756 (2.6843)  Time: 0.121s, 2114.12/s  (0.108s, 2365.41/s)  LR: 4.951e-04  Data: 0.011 (0.012)
