2024-04-27 22:42:11,864 - train - INFO - aa: rand-m9-mstd0.5-inc1
amp: true
apex_amp: false
aug_splits: 0
batch_size: 128
bn_eps: null
bn_momentum: null
bn_tf: false
budget: 0.25
channels_last: false
checkpoint_hist: 3
clip_grad: null
clip_mode: norm
color_jitter: 0.4
cooldown_epochs: 10
crop_pct: 0.9
cutmix: 1.0
cutmix_minmax: null
data_dir: /home/xts/code/dataset/tiny-imagenet-200
dataset: torch/image_folder
decay_epochs: 30
decay_rate: 0.1
dist_bn: ''
drop: 0.0
drop_block: null
drop_connect: null
drop_path: null
epoch_repeats: 0.0
epochs: 300
eval_metric: top1
experiment: ''
finetune: false
fix_blocksize: 1
fix_blocksize_list: 2,2,4,4,2,1,16,16,16,16,1,2,16,16,16,16,16,16,4,16,16,16,16,16,16,8,16,16,16,16,16,16
gp: null
hflip: 0.5
img_size: 64
initial_checkpoint: /home/xts/code/njeans/MyViT/pretrained/mbv2_tiny.pth.tar
input_size: null
interpolation: bicubic
jsd: false
kd_alpha: 4
lasso_alpha: 0
lasso_beta: 1
local_rank: 0
log_interval: 50
log_name: mbv2_tiny_b8_fim
log_wandb: false
lr: 0.00055
lr_cycle_limit: 1
lr_cycle_mul: 1.0
lr_noise: null
lr_noise_pct: 0.67
lr_noise_std: 1.0
mean:
- 0.485
- 0.456
- 0.406
min_lr: 1.0e-05
mixup: 0.8
mixup_mode: batch
mixup_off_epoch: 0
mixup_prob: 1.0
mixup_switch_prob: 0.5
model: tiny_nas_mobilenetv2
model_ema: false
model_ema_decay: 0.9998
model_ema_force_cpu: false
momentum: 0.9
native_amp: false
no_aug: false
no_prefetcher: false
no_resume_opt: false
num_classes: 200
opt: adamw
opt_betas: null
opt_eps: null
output: ''
patience_epochs: 10
pin_mem: false
pretrained: false
ratio:
- 0.75
- 1.3333333333333333
recount: 1
recovery_interval: 0
remode: pixel
reprob: 0.25
resplit: false
resume: ''
save_images: false
scale:
- 0.8
- 1.0
sched: cosine
seed: 3407
smoothing: 0.1
split_bn: false
start_epoch: null
std:
- 0.229
- 0.224
- 0.225
sync_bn: false
tau: 1
teacher: tiny_mobilenetv2
teacher_checkpoint: /home/xts/code/njeans/MyViT/pretrained/mbv2_tiny.pth.tar
torchscript: false
train_interpolation: random
train_split: train
tta: 0
use_kd: true
use_multi_epochs_loader: false
val_split: valid
validation_batch_size_multiplier: 1
vflip: 0.0
warmup_epochs: 10
warmup_lr: 1.0e-05
weight_decay: 0.06
workers: 4

2024-04-27 22:42:11,864 - train - INFO - Training with a single process on 1 GPUs.
2024-04-27 22:42:12,400 - train - INFO - MobileNetV2(
  (features): Sequential(
    (0): Sequential(
      (0): Conv2d(3, 32, kernel_size=(3, 3), stride=(2, 2), padding=(1, 1), bias=False)
      (1): BatchNorm2d(32, eps=1e-05, momentum=0.1, affine=True, track_running_stats=True)
      (2): ReLU6(inplace=True)
    )
    (1): InvertedResidual(
      (conv): Sequential(
        (0): Conv2d(32, 32, kernel_size=(3, 3), stride=(1, 1), padding=(1, 1), groups=32, bias=False)
        (1): BatchNorm2d(32, eps=1e-05, momentum=0.1, affine=True, track_running_stats=True)
        (2): ReLU6(inplace=True)
        (3): Conv2d(32, 16, kernel_size=(1, 1), stride=(1, 1), bias=False)
        (4): BatchNorm2d(16, eps=1e-05, momentum=0.1, affine=True, track_running_stats=True)
      )
    )
    (2): InvertedResidual(
      (conv): Sequential(
        (0): Conv2d(16, 96, kernel_size=(1, 1), stride=(1, 1), bias=False)
        (1): BatchNorm2d(96, eps=1e-05, momentum=0.1, affine=True, track_running_stats=True)
        (2): ReLU6(inplace=True)
        (3): Conv2d(96, 96, kernel_size=(3, 3), stride=(1, 1), padding=(1, 1), groups=96, bias=False)
        (4): BatchNorm2d(96, eps=1e-05, momentum=0.1, affine=True, track_running_stats=True)
        (5): ReLU6(inplace=True)
        (6): Conv2d(96, 24, kernel_size=(1, 1), stride=(1, 1), bias=False)
        (7): BatchNorm2d(24, eps=1e-05, momentum=0.1, affine=True, track_running_stats=True)
      )
    )
    (3): InvertedResidual(
      (conv): Sequential(
        (0): Conv2d(24, 144, kernel_size=(1, 1), stride=(1, 1), bias=False)
        (1): BatchNorm2d(144, eps=1e-05, momentum=0.1, affine=True, track_running_stats=True)
        (2): ReLU6(inplace=True)
        (3): Conv2d(144, 144, kernel_size=(3, 3), stride=(1, 1), padding=(1, 1), groups=144, bias=False)
        (4): BatchNorm2d(144, eps=1e-05, momentum=0.1, affine=True, track_running_stats=True)
        (5): ReLU6(inplace=True)
        (6): Conv2d(144, 24, kernel_size=(1, 1), stride=(1, 1), bias=False)
        (7): BatchNorm2d(24, eps=1e-05, momentum=0.1, affine=True, track_running_stats=True)
      )
    )
    (4): InvertedResidual(
      (conv): Sequential(
        (0): Conv2d(24, 144, kernel_size=(1, 1), stride=(1, 1), bias=False)
        (1): BatchNorm2d(144, eps=1e-05, momentum=0.1, affine=True, track_running_stats=True)
        (2): ReLU6(inplace=True)
        (3): Conv2d(144, 144, kernel_size=(3, 3), stride=(2, 2), padding=(1, 1), groups=144, bias=False)
        (4): BatchNorm2d(144, eps=1e-05, momentum=0.1, affine=True, track_running_stats=True)
        (5): ReLU6(inplace=True)
        (6): Conv2d(144, 32, kernel_size=(1, 1), stride=(1, 1), bias=False)
        (7): BatchNorm2d(32, eps=1e-05, momentum=0.1, affine=True, track_running_stats=True)
      )
    )
    (5): InvertedResidual(
      (conv): Sequential(
        (0): Conv2d(32, 192, kernel_size=(1, 1), stride=(1, 1), bias=False)
        (1): BatchNorm2d(192, eps=1e-05, momentum=0.1, affine=True, track_running_stats=True)
        (2): ReLU6(inplace=True)
        (3): Conv2d(192, 192, kernel_size=(3, 3), stride=(1, 1), padding=(1, 1), groups=192, bias=False)
        (4): BatchNorm2d(192, eps=1e-05, momentum=0.1, affine=True, track_running_stats=True)
        (5): ReLU6(inplace=True)
        (6): Conv2d(192, 32, kernel_size=(1, 1), stride=(1, 1), bias=False)
        (7): BatchNorm2d(32, eps=1e-05, momentum=0.1, affine=True, track_running_stats=True)
      )
    )
    (6): InvertedResidual(
      (conv): Sequential(
        (0): Conv2d(32, 192, kernel_size=(1, 1), stride=(1, 1), bias=False)
        (1): BatchNorm2d(192, eps=1e-05, momentum=0.1, affine=True, track_running_stats=True)
        (2): ReLU6(inplace=True)
        (3): Conv2d(192, 192, kernel_size=(3, 3), stride=(1, 1), padding=(1, 1), groups=192, bias=False)
        (4): BatchNorm2d(192, eps=1e-05, momentum=0.1, affine=True, track_running_stats=True)
        (5): ReLU6(inplace=True)
        (6): Conv2d(192, 32, kernel_size=(1, 1), stride=(1, 1), bias=False)
        (7): BatchNorm2d(32, eps=1e-05, momentum=0.1, affine=True, track_running_stats=True)
      )
    )
    (7): InvertedResidual(
      (conv): Sequential(
        (0): Conv2d(32, 192, kernel_size=(1, 1), stride=(1, 1), bias=False)
        (1): BatchNorm2d(192, eps=1e-05, momentum=0.1, affine=True, track_running_stats=True)
        (2): ReLU6(inplace=True)
        (3): Conv2d(192, 192, kernel_size=(3, 3), stride=(2, 2), padding=(1, 1), groups=192, bias=False)
        (4): BatchNorm2d(192, eps=1e-05, momentum=0.1, affine=True, track_running_stats=True)
        (5): ReLU6(inplace=True)
        (6): Conv2d(192, 64, kernel_size=(1, 1), stride=(1, 1), bias=False)
        (7): BatchNorm2d(64, eps=1e-05, momentum=0.1, affine=True, track_running_stats=True)
      )
    )
    (8): InvertedResidual(
      (conv): Sequential(
        (0): Conv2d(64, 384, kernel_size=(1, 1), stride=(1, 1), bias=False)
        (1): BatchNorm2d(384, eps=1e-05, momentum=0.1, affine=True, track_running_stats=True)
        (2): ReLU6(inplace=True)
        (3): Conv2d(384, 384, kernel_size=(3, 3), stride=(1, 1), padding=(1, 1), groups=384, bias=False)
        (4): BatchNorm2d(384, eps=1e-05, momentum=0.1, affine=True, track_running_stats=True)
        (5): ReLU6(inplace=True)
        (6): Conv2d(384, 64, kernel_size=(1, 1), stride=(1, 1), bias=False)
        (7): BatchNorm2d(64, eps=1e-05, momentum=0.1, affine=True, track_running_stats=True)
      )
    )
    (9): InvertedResidual(
      (conv): Sequential(
        (0): Conv2d(64, 384, kernel_size=(1, 1), stride=(1, 1), bias=False)
        (1): BatchNorm2d(384, eps=1e-05, momentum=0.1, affine=True, track_running_stats=True)
        (2): ReLU6(inplace=True)
        (3): Conv2d(384, 384, kernel_size=(3, 3), stride=(1, 1), padding=(1, 1), groups=384, bias=False)
        (4): BatchNorm2d(384, eps=1e-05, momentum=0.1, affine=True, track_running_stats=True)
        (5): ReLU6(inplace=True)
        (6): Conv2d(384, 64, kernel_size=(1, 1), stride=(1, 1), bias=False)
        (7): BatchNorm2d(64, eps=1e-05, momentum=0.1, affine=True, track_running_stats=True)
      )
    )
    (10): InvertedResidual(
      (conv): Sequential(
        (0): Conv2d(64, 384, kernel_size=(1, 1), stride=(1, 1), bias=False)
        (1): BatchNorm2d(384, eps=1e-05, momentum=0.1, affine=True, track_running_stats=True)
        (2): ReLU6(inplace=True)
        (3): Conv2d(384, 384, kernel_size=(3, 3), stride=(1, 1), padding=(1, 1), groups=384, bias=False)
        (4): BatchNorm2d(384, eps=1e-05, momentum=0.1, affine=True, track_running_stats=True)
        (5): ReLU6(inplace=True)
        (6): Conv2d(384, 64, kernel_size=(1, 1), stride=(1, 1), bias=False)
        (7): BatchNorm2d(64, eps=1e-05, momentum=0.1, affine=True, track_running_stats=True)
      )
    )
    (11): InvertedResidual(
      (conv): Sequential(
        (0): Conv2d(64, 384, kernel_size=(1, 1), stride=(1, 1), bias=False)
        (1): BatchNorm2d(384, eps=1e-05, momentum=0.1, affine=True, track_running_stats=True)
        (2): ReLU6(inplace=True)
        (3): Conv2d(384, 384, kernel_size=(3, 3), stride=(1, 1), padding=(1, 1), groups=384, bias=False)
        (4): BatchNorm2d(384, eps=1e-05, momentum=0.1, affine=True, track_running_stats=True)
        (5): ReLU6(inplace=True)
        (6): Conv2d(384, 96, kernel_size=(1, 1), stride=(1, 1), bias=False)
        (7): BatchNorm2d(96, eps=1e-05, momentum=0.1, affine=True, track_running_stats=True)
      )
    )
    (12): InvertedResidual(
      (conv): Sequential(
        (0): Conv2d(96, 576, kernel_size=(1, 1), stride=(1, 1), bias=False)
        (1): BatchNorm2d(576, eps=1e-05, momentum=0.1, affine=True, track_running_stats=True)
        (2): ReLU6(inplace=True)
        (3): Conv2d(576, 576, kernel_size=(3, 3), stride=(1, 1), padding=(1, 1), groups=576, bias=False)
        (4): BatchNorm2d(576, eps=1e-05, momentum=0.1, affine=True, track_running_stats=True)
        (5): ReLU6(inplace=True)
        (6): Conv2d(576, 96, kernel_size=(1, 1), stride=(1, 1), bias=False)
        (7): BatchNorm2d(96, eps=1e-05, momentum=0.1, affine=True, track_running_stats=True)
      )
    )
    (13): InvertedResidual(
      (conv): Sequential(
        (0): Conv2d(96, 576, kernel_size=(1, 1), stride=(1, 1), bias=False)
        (1): BatchNorm2d(576, eps=1e-05, momentum=0.1, affine=True, track_running_stats=True)
        (2): ReLU6(inplace=True)
        (3): Conv2d(576, 576, kernel_size=(3, 3), stride=(1, 1), padding=(1, 1), groups=576, bias=False)
        (4): BatchNorm2d(576, eps=1e-05, momentum=0.1, affine=True, track_running_stats=True)
        (5): ReLU6(inplace=True)
        (6): Conv2d(576, 96, kernel_size=(1, 1), stride=(1, 1), bias=False)
        (7): BatchNorm2d(96, eps=1e-05, momentum=0.1, affine=True, track_running_stats=True)
      )
    )
    (14): InvertedResidual(
      (conv): Sequential(
        (0): Conv2d(96, 576, kernel_size=(1, 1), stride=(1, 1), bias=False)
        (1): BatchNorm2d(576, eps=1e-05, momentum=0.1, affine=True, track_running_stats=True)
        (2): ReLU6(inplace=True)
        (3): Conv2d(576, 576, kernel_size=(3, 3), stride=(2, 2), padding=(1, 1), groups=576, bias=False)
        (4): BatchNorm2d(576, eps=1e-05, momentum=0.1, affine=True, track_running_stats=True)
        (5): ReLU6(inplace=True)
        (6): Conv2d(576, 160, kernel_size=(1, 1), stride=(1, 1), bias=False)
        (7): BatchNorm2d(160, eps=1e-05, momentum=0.1, affine=True, track_running_stats=True)
      )
    )
    (15): InvertedResidual(
      (conv): Sequential(
        (0): Conv2d(160, 960, kernel_size=(1, 1), stride=(1, 1), bias=False)
        (1): BatchNorm2d(960, eps=1e-05, momentum=0.1, affine=True, track_running_stats=True)
        (2): ReLU6(inplace=True)
        (3): Conv2d(960, 960, kernel_size=(3, 3), stride=(1, 1), padding=(1, 1), groups=960, bias=False)
        (4): BatchNorm2d(960, eps=1e-05, momentum=0.1, affine=True, track_running_stats=True)
        (5): ReLU6(inplace=True)
        (6): Conv2d(960, 160, kernel_size=(1, 1), stride=(1, 1), bias=False)
        (7): BatchNorm2d(160, eps=1e-05, momentum=0.1, affine=True, track_running_stats=True)
      )
    )
    (16): InvertedResidual(
      (conv): Sequential(
        (0): Conv2d(160, 960, kernel_size=(1, 1), stride=(1, 1), bias=False)
        (1): BatchNorm2d(960, eps=1e-05, momentum=0.1, affine=True, track_running_stats=True)
        (2): ReLU6(inplace=True)
        (3): Conv2d(960, 960, kernel_size=(3, 3), stride=(1, 1), padding=(1, 1), groups=960, bias=False)
        (4): BatchNorm2d(960, eps=1e-05, momentum=0.1, affine=True, track_running_stats=True)
        (5): ReLU6(inplace=True)
        (6): Conv2d(960, 160, kernel_size=(1, 1), stride=(1, 1), bias=False)
        (7): BatchNorm2d(160, eps=1e-05, momentum=0.1, affine=True, track_running_stats=True)
      )
    )
    (17): InvertedResidual(
      (conv): Sequential(
        (0): Conv2d(160, 960, kernel_size=(1, 1), stride=(1, 1), bias=False)
        (1): BatchNorm2d(960, eps=1e-05, momentum=0.1, affine=True, track_running_stats=True)
        (2): ReLU6(inplace=True)
        (3): Conv2d(960, 960, kernel_size=(3, 3), stride=(1, 1), padding=(1, 1), groups=960, bias=False)
        (4): BatchNorm2d(960, eps=1e-05, momentum=0.1, affine=True, track_running_stats=True)
        (5): ReLU6(inplace=True)
        (6): Conv2d(960, 320, kernel_size=(1, 1), stride=(1, 1), bias=False)
        (7): BatchNorm2d(320, eps=1e-05, momentum=0.1, affine=True, track_running_stats=True)
      )
    )
  )
  (conv): Sequential(
    (0): Conv2d(320, 1280, kernel_size=(1, 1), stride=(1, 1), bias=False)
    (1): BatchNorm2d(1280, eps=1e-05, momentum=0.1, affine=True, track_running_stats=True)
    (2): ReLU6(inplace=True)
  )
  (avgpool): AdaptiveAvgPool2d(output_size=(1, 1))
  (classifier): Linear(in_features=1280, out_features=200, bias=True)
)
2024-04-27 22:42:14,788 - train - INFO - Model tiny_nas_mobilenetv2 created, param count:2480263
2024-04-27 22:42:14,870 - train - INFO - Using native Torch AMP. Training in mixed precision.
2024-04-27 22:42:14,870 - train - INFO - Scheduled epochs: 310
2024-04-27 22:42:15,110 - train - INFO - Verifying teacher model
2024-04-27 22:42:16,494 - train - INFO - Test: [   0/78]  Time: 1.383 (1.383)  Loss:  0.9253 (0.9253)  Acc@1: 82.8125 (82.8125)  Acc@5: 93.7500 (93.7500)
2024-04-27 22:42:17,138 - train - INFO - Test: [  50/78]  Time: 0.033 (0.040)  Loss:  1.4883 (1.5408)  Acc@1: 69.5312 (66.6207)  Acc@5: 89.8438 (86.7188)
2024-04-27 22:42:18,251 - train - INFO - Test: [  78/78]  Time: 0.781 (0.040)  Loss:  1.7324 (1.5640)  Acc@1: 68.7500 (66.1400)  Acc@5: 100.0000 (86.4500)
2024-04-27 22:42:18,252 - train - INFO - Verifying initial model
2024-04-27 22:42:18,415 - train - INFO - Test: [   0/78]  Time: 0.162 (0.162)  Loss:  0.9253 (0.9253)  Acc@1: 82.8125 (82.8125)  Acc@5: 93.7500 (93.7500)
2024-04-27 22:42:21,525 - train - INFO - Test: [  50/78]  Time: 0.086 (0.064)  Loss:  1.4883 (1.5408)  Acc@1: 69.5312 (66.6207)  Acc@5: 89.8438 (86.7188)
2024-04-27 22:42:23,361 - train - INFO - Test: [  78/78]  Time: 0.078 (0.065)  Loss:  1.7324 (1.5640)  Acc@1: 68.7500 (66.1400)  Acc@5: 100.0000 (86.4500)
2024-04-27 22:42:25,645 - train - INFO - Train: 0 [   0/781 (  0%)]  Loss:  5.674247 (5.6742)  Time: 2.280s,   56.14/s  (2.280s,   56.14/s)  LR: 1.000e-05  Data: 0.268 (0.268)
2024-04-27 22:42:34,853 - train - INFO - Train: 0 [  50/781 (  6%)]  Loss:  5.575784 (5.6324)  Time: 0.157s,  816.36/s  (0.225s,  568.38/s)  LR: 1.000e-05  Data: 0.008 (0.013)
2024-04-27 22:42:43,912 - train - INFO - Train: 0 [ 100/781 ( 13%)]  Loss:  5.595547 (5.5953)  Time: 0.161s,  795.66/s  (0.203s,  629.34/s)  LR: 1.000e-05  Data: 0.006 (0.010)
2024-04-27 22:42:52,726 - train - INFO - Train: 0 [ 150/781 ( 19%)]  Loss:  5.465081 (5.5633)  Time: 0.140s,  916.19/s  (0.194s,  658.43/s)  LR: 1.000e-05  Data: 0.006 (0.009)
2024-04-27 22:43:01,903 - train - INFO - Train: 0 [ 200/781 ( 26%)]  Loss:  5.402465 (5.5356)  Time: 0.159s,  803.16/s  (0.192s,  667.76/s)  LR: 1.000e-05  Data: 0.007 (0.009)
2024-04-27 22:43:10,373 - train - INFO - Train: 0 [ 250/781 ( 32%)]  Loss:  5.449210 (5.5110)  Time: 0.129s,  990.15/s  (0.187s,  683.63/s)  LR: 1.000e-05  Data: 0.007 (0.008)
2024-04-27 22:43:19,328 - train - INFO - Train: 0 [ 300/781 ( 38%)]  Loss:  5.315746 (5.4848)  Time: 0.195s,  657.31/s  (0.186s,  688.63/s)  LR: 1.000e-05  Data: 0.009 (0.008)
2024-04-27 22:43:27,945 - train - INFO - Train: 0 [ 350/781 ( 45%)]  Loss:  5.326686 (5.4624)  Time: 0.152s,  841.69/s  (0.184s,  695.87/s)  LR: 1.000e-05  Data: 0.006 (0.008)
2024-04-27 22:43:36,805 - train - INFO - Train: 0 [ 400/781 ( 51%)]  Loss:  5.238827 (5.4442)  Time: 0.186s,  687.89/s  (0.183s,  699.08/s)  LR: 1.000e-05  Data: 0.008 (0.008)
2024-04-27 22:43:45,589 - train - INFO - Train: 0 [ 450/781 ( 58%)]  Loss:  5.385990 (5.4277)  Time: 0.123s, 1036.82/s  (0.182s,  702.25/s)  LR: 1.000e-05  Data: 0.006 (0.008)
2024-04-27 22:43:54,538 - train - INFO - Train: 0 [ 500/781 ( 64%)]  Loss:  5.260005 (5.4116)  Time: 0.157s,  813.84/s  (0.182s,  703.53/s)  LR: 1.000e-05  Data: 0.006 (0.008)
2024-04-27 22:44:03,099 - train - INFO - Train: 0 [ 550/781 ( 71%)]  Loss:  5.231279 (5.3968)  Time: 0.104s, 1235.14/s  (0.181s,  707.33/s)  LR: 1.000e-05  Data: 0.005 (0.008)
2024-04-27 22:44:12,096 - train - INFO - Train: 0 [ 600/781 ( 77%)]  Loss:  5.162786 (5.3820)  Time: 0.165s,  775.29/s  (0.181s,  707.67/s)  LR: 1.000e-05  Data: 0.007 (0.008)
2024-04-27 22:44:20,557 - train - INFO - Train: 0 [ 650/781 ( 83%)]  Loss:  5.293614 (5.3704)  Time: 0.100s, 1273.99/s  (0.180s,  711.20/s)  LR: 1.000e-05  Data: 0.004 (0.008)
2024-04-27 22:44:29,534 - train - INFO - Train: 0 [ 700/781 ( 90%)]  Loss:  5.145942 (5.3577)  Time: 0.178s,  719.56/s  (0.180s,  711.33/s)  LR: 1.000e-05  Data: 0.007 (0.008)
2024-04-27 22:44:38,355 - train - INFO - Train: 0 [ 750/781 ( 96%)]  Loss:  5.288513 (5.3469)  Time: 0.157s,  815.40/s  (0.180s,  712.27/s)  LR: 1.000e-05  Data: 0.009 (0.008)
2024-04-27 22:44:43,724 - train - INFO - Train: 0 [ 780/781 (100%)]  Loss:  5.300856 (5.3411)  Time: 0.169s,  756.75/s  (0.180s,  712.39/s)  LR: 1.000e-05  Data: 0.000 (0.008)
2024-04-27 22:44:43,892 - train - INFO - Test: [   0/78]  Time: 0.165 (0.165)  Loss:  4.1016 (4.1016)  Acc@1:  8.5938 ( 8.5938)  Acc@5: 39.0625 (39.0625)
2024-04-27 22:44:48,639 - train - INFO - Test: [  50/78]  Time: 0.096 (0.096)  Loss:  4.5625 (4.8145)  Acc@1: 13.2812 ( 4.4271)  Acc@5: 27.3438 (14.9357)
2024-04-27 22:44:51,288 - train - INFO - Test: [  78/78]  Time: 0.082 (0.096)  Loss:  4.5508 (4.7876)  Acc@1: 12.5000 ( 4.7400)  Acc@5: 12.5000 (16.0700)
2024-04-27 22:44:51,699 - train - INFO - Train: 1 [   0/781 (  0%)]  Loss:  5.105564 (5.1056)  Time: 0.307s,  417.52/s  (0.307s,  417.52/s)  LR: 6.400e-05  Data: 0.127 (0.127)
2024-04-27 22:45:00,138 - train - INFO - Train: 1 [  50/781 (  6%)]  Loss:  5.199922 (5.1662)  Time: 0.172s,  742.61/s  (0.171s,  746.51/s)  LR: 6.400e-05  Data: 0.008 (0.008)
2024-04-27 22:45:08,912 - train - INFO - Train: 1 [ 100/781 ( 13%)]  Loss:  5.055148 (5.1281)  Time: 0.197s,  650.09/s  (0.173s,  738.02/s)  LR: 6.400e-05  Data: 0.009 (0.008)
2024-04-27 22:45:17,841 - train - INFO - Train: 1 [ 150/781 ( 19%)]  Loss:  4.974238 (5.1049)  Time: 0.181s,  705.28/s  (0.175s,  730.91/s)  LR: 6.400e-05  Data: 0.008 (0.007)
2024-04-27 22:45:26,777 - train - INFO - Train: 1 [ 200/781 ( 26%)]  Loss:  5.012820 (5.0878)  Time: 0.183s,  699.30/s  (0.176s,  727.21/s)  LR: 6.400e-05  Data: 0.005 (0.007)
2024-04-27 22:45:35,469 - train - INFO - Train: 1 [ 250/781 ( 32%)]  Loss:  4.910339 (5.0764)  Time: 0.220s,  582.86/s  (0.176s,  729.04/s)  LR: 6.400e-05  Data: 0.004 (0.007)
2024-04-27 22:45:44,415 - train - INFO - Train: 1 [ 300/781 ( 38%)]  Loss:  5.001624 (5.0618)  Time: 0.205s,  623.60/s  (0.176s,  726.75/s)  LR: 6.400e-05  Data: 0.009 (0.007)
2024-04-27 22:45:52,855 - train - INFO - Train: 1 [ 350/781 ( 45%)]  Loss:  4.985596 (5.0490)  Time: 0.163s,  785.72/s  (0.175s,  731.10/s)  LR: 6.400e-05  Data: 0.005 (0.007)
2024-04-27 22:46:01,961 - train - INFO - Train: 1 [ 400/781 ( 51%)]  Loss:  5.122005 (5.0372)  Time: 0.171s,  750.47/s  (0.176s,  727.46/s)  LR: 6.400e-05  Data: 0.007 (0.007)
2024-04-27 22:46:10,541 - train - INFO - Train: 1 [ 450/781 ( 58%)]  Loss:  4.863017 (5.0227)  Time: 0.178s,  717.80/s  (0.175s,  729.47/s)  LR: 6.400e-05  Data: 0.007 (0.007)
2024-04-27 22:46:19,669 - train - INFO - Train: 1 [ 500/781 ( 64%)]  Loss:  4.949295 (5.0101)  Time: 0.169s,  755.84/s  (0.176s,  726.56/s)  LR: 6.400e-05  Data: 0.004 (0.007)
2024-04-27 22:46:28,128 - train - INFO - Train: 1 [ 550/781 ( 71%)]  Loss:  4.663043 (4.9981)  Time: 0.167s,  767.30/s  (0.176s,  729.20/s)  LR: 6.400e-05  Data: 0.005 (0.007)
2024-04-27 22:46:37,217 - train - INFO - Train: 1 [ 600/781 ( 77%)]  Loss:  5.008167 (4.9905)  Time: 0.169s,  756.23/s  (0.176s,  727.05/s)  LR: 6.400e-05  Data: 0.007 (0.007)
2024-04-27 22:46:45,896 - train - INFO - Train: 1 [ 650/781 ( 83%)]  Loss:  4.862069 (4.9806)  Time: 0.177s,  724.10/s  (0.176s,  727.85/s)  LR: 6.400e-05  Data: 0.008 (0.007)
2024-04-27 22:46:54,770 - train - INFO - Train: 1 [ 700/781 ( 90%)]  Loss:  4.622384 (4.9687)  Time: 0.172s,  744.47/s  (0.176s,  727.38/s)  LR: 6.400e-05  Data: 0.004 (0.007)
2024-04-27 22:47:03,669 - train - INFO - Train: 1 [ 750/781 ( 96%)]  Loss:  4.974315 (4.9603)  Time: 0.194s,  661.41/s  (0.176s,  726.84/s)  LR: 6.400e-05  Data: 0.005 (0.007)
2024-04-27 22:47:09,105 - train - INFO - Train: 1 [ 780/781 (100%)]  Loss:  4.798944 (4.9550)  Time: 0.182s,  703.94/s  (0.176s,  726.04/s)  LR: 6.400e-05  Data: 0.000 (0.007)
2024-04-27 22:47:09,270 - train - INFO - Test: [   0/78]  Time: 0.163 (0.163)  Loss:  3.3945 (3.3945)  Acc@1: 28.1250 (28.1250)  Acc@5: 56.2500 (56.2500)
2024-04-27 22:47:13,386 - train - INFO - Test: [  50/78]  Time: 0.121 (0.084)  Loss:  3.6055 (4.1127)  Acc@1: 31.2500 (13.3425)  Acc@5: 55.4688 (33.2414)
2024-04-27 22:47:16,216 - train - INFO - Test: [  78/78]  Time: 0.085 (0.090)  Loss:  4.4062 (4.0684)  Acc@1:  6.2500 (13.7600)  Acc@5: 12.5000 (34.6200)
2024-04-27 22:47:16,640 - train - INFO - Train: 2 [   0/781 (  0%)]  Loss:  4.704393 (4.7044)  Time: 0.324s,  395.67/s  (0.324s,  395.67/s)  LR: 1.180e-04  Data: 0.147 (0.147)
2024-04-27 22:47:25,675 - train - INFO - Train: 2 [  50/781 (  6%)]  Loss:  4.863361 (4.8631)  Time: 0.185s,  692.77/s  (0.183s,  697.64/s)  LR: 1.180e-04  Data: 0.009 (0.009)
2024-04-27 22:47:36,542 - train - INFO - Train: 2 [ 100/781 ( 13%)]  Loss:  4.758939 (4.8490)  Time: 0.197s,  650.38/s  (0.200s,  639.28/s)  LR: 1.180e-04  Data: 0.005 (0.008)
2024-04-27 22:47:49,830 - train - INFO - Train: 2 [ 150/781 ( 19%)]  Loss:  4.665169 (4.8340)  Time: 0.292s,  437.74/s  (0.222s,  576.79/s)  LR: 1.180e-04  Data: 0.005 (0.007)
2024-04-27 22:48:03,240 - train - INFO - Train: 2 [ 200/781 ( 26%)]  Loss:  4.998450 (4.8232)  Time: 0.281s,  455.17/s  (0.233s,  548.37/s)  LR: 1.180e-04  Data: 0.006 (0.007)
2024-04-27 22:48:16,124 - train - INFO - Train: 2 [ 250/781 ( 32%)]  Loss:  4.678757 (4.8149)  Time: 0.272s,  470.49/s  (0.238s,  537.25/s)  LR: 1.180e-04  Data: 0.004 (0.007)
2024-04-27 22:48:28,889 - train - INFO - Train: 2 [ 300/781 ( 38%)]  Loss:  5.003289 (4.8087)  Time: 0.261s,  491.23/s  (0.241s,  530.96/s)  LR: 1.180e-04  Data: 0.005 (0.006)
2024-04-27 22:48:41,337 - train - INFO - Train: 2 [ 350/781 ( 45%)]  Loss:  4.762283 (4.8006)  Time: 0.313s,  408.45/s  (0.242s,  528.50/s)  LR: 1.180e-04  Data: 0.015 (0.006)
2024-04-27 22:48:54,011 - train - INFO - Train: 2 [ 400/781 ( 51%)]  Loss:  4.945296 (4.7926)  Time: 0.234s,  546.64/s  (0.244s,  525.46/s)  LR: 1.180e-04  Data: 0.004 (0.007)
2024-04-27 22:49:06,682 - train - INFO - Train: 2 [ 450/781 ( 58%)]  Loss:  4.642866 (4.7839)  Time: 0.203s,  632.01/s  (0.245s,  523.13/s)  LR: 1.180e-04  Data: 0.007 (0.006)
2024-04-27 22:49:19,461 - train - INFO - Train: 2 [ 500/781 ( 64%)]  Loss:  4.752382 (4.7746)  Time: 0.287s,  446.25/s  (0.246s,  520.82/s)  LR: 1.180e-04  Data: 0.005 (0.006)
2024-04-27 22:49:31,365 - train - INFO - Train: 2 [ 550/781 ( 71%)]  Loss:  4.768874 (4.7664)  Time: 0.280s,  457.20/s  (0.245s,  522.31/s)  LR: 1.180e-04  Data: 0.006 (0.006)
2024-04-27 22:49:44,349 - train - INFO - Train: 2 [ 600/781 ( 77%)]  Loss:  4.729660 (4.7591)  Time: 0.243s,  527.00/s  (0.246s,  519.74/s)  LR: 1.180e-04  Data: 0.006 (0.006)
2024-04-27 22:49:56,813 - train - INFO - Train: 2 [ 650/781 ( 83%)]  Loss:  5.007288 (4.7547)  Time: 0.288s,  445.13/s  (0.247s,  519.26/s)  LR: 1.180e-04  Data: 0.008 (0.006)
2024-04-27 22:50:09,162 - train - INFO - Train: 2 [ 700/781 ( 90%)]  Loss:  4.897636 (4.7475)  Time: 0.294s,  435.20/s  (0.247s,  519.19/s)  LR: 1.180e-04  Data: 0.008 (0.006)
2024-04-27 22:50:21,635 - train - INFO - Train: 2 [ 750/781 ( 96%)]  Loss:  4.913129 (4.7421)  Time: 0.230s,  556.95/s  (0.247s,  518.78/s)  LR: 1.180e-04  Data: 0.006 (0.006)
2024-04-27 22:50:28,827 - train - INFO - Train: 2 [ 780/781 (100%)]  Loss:  4.485992 (4.7392)  Time: 0.237s,  539.25/s  (0.246s,  519.35/s)  LR: 1.180e-04  Data: 0.000 (0.006)
2024-04-27 22:50:29,129 - train - INFO - Test: [   0/78]  Time: 0.300 (0.300)  Loss:  2.9160 (2.9160)  Acc@1: 32.8125 (32.8125)  Acc@5: 66.4062 (66.4062)
2024-04-27 22:50:38,918 - train - INFO - Test: [  50/78]  Time: 0.190 (0.198)  Loss:  3.2910 (3.6950)  Acc@1: 33.5938 (19.5772)  Acc@5: 52.3438 (43.8725)
2024-04-27 22:50:43,505 - train - INFO - Test: [  78/78]  Time: 0.173 (0.186)  Loss:  3.5801 (3.6552)  Acc@1: 31.2500 (19.9600)  Acc@5: 43.7500 (45.0400)
2024-04-27 22:50:43,945 - train - INFO - Train: 3 [   0/781 (  0%)]  Loss:  4.820927 (4.8209)  Time: 0.337s,  379.30/s  (0.337s,  379.30/s)  LR: 1.720e-04  Data: 0.131 (0.131)
2024-04-27 22:50:56,825 - train - INFO - Train: 3 [  50/781 (  6%)]  Loss:  4.825673 (4.6722)  Time: 0.265s,  482.85/s  (0.259s,  493.93/s)  LR: 1.720e-04  Data: 0.005 (0.008)
2024-04-27 22:51:09,124 - train - INFO - Train: 3 [ 100/781 ( 13%)]  Loss:  4.891659 (4.6417)  Time: 0.241s,  531.45/s  (0.253s,  506.70/s)  LR: 1.720e-04  Data: 0.005 (0.007)
2024-04-27 22:51:20,584 - train - INFO - Train: 3 [ 150/781 ( 19%)]  Loss:  4.810286 (4.6190)  Time: 0.186s,  688.30/s  (0.245s,  522.78/s)  LR: 1.720e-04  Data: 0.008 (0.007)
2024-04-27 22:51:33,340 - train - INFO - Train: 3 [ 200/781 ( 26%)]  Loss:  4.621713 (4.6049)  Time: 0.272s,  469.73/s  (0.247s,  517.39/s)  LR: 1.720e-04  Data: 0.007 (0.007)
2024-04-27 22:51:45,505 - train - INFO - Train: 3 [ 250/781 ( 32%)]  Loss:  4.366004 (4.6071)  Time: 0.272s,  470.23/s  (0.247s,  519.11/s)  LR: 1.720e-04  Data: 0.004 (0.006)
2024-04-27 22:51:58,479 - train - INFO - Train: 3 [ 300/781 ( 38%)]  Loss:  4.888715 (4.6057)  Time: 0.252s,  508.74/s  (0.249s,  514.64/s)  LR: 1.720e-04  Data: 0.006 (0.006)
2024-04-27 22:52:10,417 - train - INFO - Train: 3 [ 350/781 ( 45%)]  Loss:  4.783597 (4.6001)  Time: 0.200s,  639.61/s  (0.247s,  517.60/s)  LR: 1.720e-04  Data: 0.010 (0.006)
2024-04-27 22:52:21,849 - train - INFO - Train: 3 [ 400/781 ( 51%)]  Loss:  4.582064 (4.5961)  Time: 0.275s,  465.96/s  (0.245s,  522.52/s)  LR: 1.720e-04  Data: 0.006 (0.006)
2024-04-27 22:52:35,145 - train - INFO - Train: 3 [ 450/781 ( 58%)]  Loss:  4.763609 (4.5904)  Time: 0.630s,  203.20/s  (0.247s,  517.62/s)  LR: 1.720e-04  Data: 0.007 (0.006)
2024-04-27 22:53:19,435 - train - INFO - Train: 3 [ 500/781 ( 64%)]  Loss:  4.214482 (4.5845)  Time: 0.755s,  169.53/s  (0.311s,  411.57/s)  LR: 1.720e-04  Data: 0.006 (0.006)
2024-04-27 22:53:48,761 - train - INFO - Train: 3 [ 550/781 ( 71%)]  Loss:  4.549796 (4.5751)  Time: 0.654s,  195.62/s  (0.336s,  380.95/s)  LR: 1.720e-04  Data: 0.006 (0.006)
2024-04-27 22:54:16,007 - train - INFO - Train: 3 [ 600/781 ( 77%)]  Loss:  4.612411 (4.5712)  Time: 0.421s,  303.87/s  (0.353s,  362.21/s)  LR: 1.720e-04  Data: 0.005 (0.006)
2024-04-27 22:54:44,838 - train - INFO - Train: 3 [ 650/781 ( 83%)]  Loss:  4.497622 (4.5666)  Time: 0.367s,  348.59/s  (0.371s,  345.45/s)  LR: 1.720e-04  Data: 0.008 (0.006)
2024-04-27 22:55:14,084 - train - INFO - Train: 3 [ 700/781 ( 90%)]  Loss:  4.273283 (4.5627)  Time: 0.622s,  205.69/s  (0.386s,  331.76/s)  LR: 1.720e-04  Data: 0.008 (0.006)
2024-04-27 22:55:42,674 - train - INFO - Train: 3 [ 750/781 ( 96%)]  Loss:  4.327519 (4.5590)  Time: 0.626s,  204.35/s  (0.398s,  321.45/s)  LR: 1.720e-04  Data: 0.004 (0.006)
2024-04-27 22:56:00,655 - train - INFO - Train: 3 [ 780/781 (100%)]  Loss:  4.256391 (4.5564)  Time: 0.589s,  217.23/s  (0.406s,  315.33/s)  LR: 1.720e-04  Data: 0.000 (0.006)
2024-04-27 22:56:01,248 - train - INFO - Test: [   0/78]  Time: 0.592 (0.592)  Loss:  2.1602 (2.1602)  Acc@1: 53.1250 (53.1250)  Acc@5: 76.5625 (76.5625)
2024-04-27 22:56:23,626 - train - INFO - Test: [  50/78]  Time: 0.506 (0.450)  Loss:  3.1797 (3.3827)  Acc@1: 28.9062 (23.6673)  Acc@5: 51.5625 (50.6893)
2024-04-27 22:56:36,570 - train - INFO - Test: [  78/78]  Time: 0.504 (0.455)  Loss:  3.9668 (3.3529)  Acc@1: 12.5000 (24.7400)  Acc@5: 37.5000 (51.5400)
2024-04-27 22:56:37,410 - train - INFO - Train: 4 [   0/781 (  0%)]  Loss:  4.310128 (4.3101)  Time: 0.731s,  174.99/s  (0.731s,  174.99/s)  LR: 2.260e-04  Data: 0.152 (0.152)
2024-04-27 22:57:05,721 - train - INFO - Train: 4 [  50/781 (  6%)]  Loss:  4.538690 (4.4300)  Time: 0.574s,  223.06/s  (0.569s,  224.78/s)  LR: 2.260e-04  Data: 0.006 (0.008)
2024-04-27 22:57:34,225 - train - INFO - Train: 4 [ 100/781 ( 13%)]  Loss:  4.577357 (4.4641)  Time: 0.587s,  218.17/s  (0.570s,  224.66/s)  LR: 2.260e-04  Data: 0.005 (0.007)
2024-04-27 22:58:02,918 - train - INFO - Train: 4 [ 150/781 ( 19%)]  Loss:  4.595634 (4.4700)  Time: 0.526s,  243.39/s  (0.571s,  224.13/s)  LR: 2.260e-04  Data: 0.006 (0.007)
2024-04-27 22:58:29,859 - train - INFO - Train: 4 [ 200/781 ( 26%)]  Loss:  4.312249 (4.4755)  Time: 0.617s,  207.46/s  (0.563s,  227.33/s)  LR: 2.260e-04  Data: 0.004 (0.007)
2024-04-27 22:58:57,500 - train - INFO - Train: 4 [ 250/781 ( 32%)]  Loss:  4.481395 (4.4647)  Time: 0.596s,  214.91/s  (0.561s,  228.16/s)  LR: 2.260e-04  Data: 0.005 (0.006)
2024-04-27 22:59:25,338 - train - INFO - Train: 4 [ 300/781 ( 38%)]  Loss:  4.603951 (4.4543)  Time: 0.570s,  224.37/s  (0.560s,  228.45/s)  LR: 2.260e-04  Data: 0.005 (0.006)
2024-04-27 22:59:53,152 - train - INFO - Train: 4 [ 350/781 ( 45%)]  Loss:  4.492084 (4.4568)  Time: 0.584s,  219.03/s  (0.560s,  228.68/s)  LR: 2.260e-04  Data: 0.004 (0.006)
2024-04-27 23:00:19,995 - train - INFO - Train: 4 [ 400/781 ( 51%)]  Loss:  4.245379 (4.4547)  Time: 0.524s,  244.42/s  (0.557s,  229.86/s)  LR: 2.260e-04  Data: 0.009 (0.006)
2024-04-27 23:00:46,322 - train - INFO - Train: 4 [ 450/781 ( 58%)]  Loss:  4.086293 (4.4489)  Time: 0.539s,  237.68/s  (0.554s,  231.25/s)  LR: 2.260e-04  Data: 0.005 (0.006)
2024-04-27 23:01:13,539 - train - INFO - Train: 4 [ 500/781 ( 64%)]  Loss:  4.663321 (4.4497)  Time: 0.574s,  222.97/s  (0.553s,  231.64/s)  LR: 2.260e-04  Data: 0.008 (0.006)
2024-04-27 23:01:41,543 - train - INFO - Train: 4 [ 550/781 ( 71%)]  Loss:  4.397194 (4.4513)  Time: 0.575s,  222.58/s  (0.553s,  231.35/s)  LR: 2.260e-04  Data: 0.004 (0.006)
2024-04-27 23:02:09,288 - train - INFO - Train: 4 [ 600/781 ( 77%)]  Loss:  4.638316 (4.4454)  Time: 0.594s,  215.34/s  (0.553s,  231.30/s)  LR: 2.260e-04  Data: 0.005 (0.006)
2024-04-27 23:02:35,312 - train - INFO - Train: 4 [ 650/781 ( 83%)]  Loss:  4.229931 (4.4371)  Time: 0.515s,  248.37/s  (0.551s,  232.36/s)  LR: 2.260e-04  Data: 0.014 (0.006)
2024-04-27 23:03:03,597 - train - INFO - Train: 4 [ 700/781 ( 90%)]  Loss:  4.551358 (4.4336)  Time: 0.564s,  226.86/s  (0.552s,  231.92/s)  LR: 2.260e-04  Data: 0.005 (0.006)
2024-04-27 23:03:31,477 - train - INFO - Train: 4 [ 750/781 ( 96%)]  Loss:  4.253417 (4.4294)  Time: 0.580s,  220.65/s  (0.552s,  231.76/s)  LR: 2.260e-04  Data: 0.005 (0.006)
2024-04-27 23:03:48,028 - train - INFO - Train: 4 [ 780/781 (100%)]  Loss:  4.082670 (4.4273)  Time: 0.585s,  218.84/s  (0.552s,  231.77/s)  LR: 2.260e-04  Data: 0.000 (0.006)
2024-04-27 23:03:48,551 - train - INFO - Test: [   0/78]  Time: 0.521 (0.521)  Loss:  2.2617 (2.2617)  Acc@1: 53.1250 (53.1250)  Acc@5: 73.4375 (73.4375)
2024-04-27 23:04:12,290 - train - INFO - Test: [  50/78]  Time: 0.498 (0.476)  Loss:  2.9121 (3.1731)  Acc@1: 41.4062 (28.6152)  Acc@5: 59.3750 (56.2653)
2024-04-27 23:04:25,442 - train - INFO - Test: [  78/78]  Time: 0.470 (0.474)  Loss:  3.1641 (3.1423)  Acc@1: 18.7500 (29.3600)  Acc@5: 56.2500 (56.7300)
2024-04-27 23:04:26,252 - train - INFO - Train: 5 [   0/781 (  0%)]  Loss:  4.023757 (4.0238)  Time: 0.693s,  184.60/s  (0.693s,  184.60/s)  LR: 2.800e-04  Data: 0.137 (0.137)
2024-04-27 23:04:53,356 - train - INFO - Train: 5 [  50/781 (  6%)]  Loss:  4.542505 (4.3238)  Time: 0.564s,  227.05/s  (0.545s,  234.86/s)  LR: 2.800e-04  Data: 0.005 (0.009)
2024-04-27 23:05:21,297 - train - INFO - Train: 5 [ 100/781 ( 13%)]  Loss:  4.111450 (4.3198)  Time: 0.550s,  232.59/s  (0.552s,  231.95/s)  LR: 2.800e-04  Data: 0.005 (0.007)
2024-04-27 23:05:48,171 - train - INFO - Train: 5 [ 150/781 ( 19%)]  Loss:  4.720039 (4.3248)  Time: 0.569s,  225.14/s  (0.547s,  233.98/s)  LR: 2.800e-04  Data: 0.006 (0.007)
2024-04-27 23:06:15,166 - train - INFO - Train: 5 [ 200/781 ( 26%)]  Loss:  3.979602 (4.3114)  Time: 0.560s,  228.70/s  (0.545s,  234.74/s)  LR: 2.800e-04  Data: 0.005 (0.007)
2024-04-27 23:06:40,599 - train - INFO - Train: 5 [ 250/781 ( 32%)]  Loss:  4.316118 (4.3192)  Time: 0.391s,  327.68/s  (0.538s,  237.93/s)  LR: 2.800e-04  Data: 0.004 (0.007)
2024-04-27 23:07:07,232 - train - INFO - Train: 5 [ 300/781 ( 38%)]  Loss:  3.861438 (4.3175)  Time: 0.353s,  362.12/s  (0.537s,  238.32/s)  LR: 2.800e-04  Data: 0.004 (0.007)
2024-04-27 23:07:32,712 - train - INFO - Train: 5 [ 350/781 ( 45%)]  Loss:  4.570477 (4.3257)  Time: 0.202s,  634.14/s  (0.533s,  240.08/s)  LR: 2.800e-04  Data: 0.005 (0.006)
2024-04-27 23:07:46,537 - train - INFO - Train: 5 [ 400/781 ( 51%)]  Loss:  4.474756 (4.3258)  Time: 0.246s,  520.32/s  (0.501s,  255.41/s)  LR: 2.800e-04  Data: 0.007 (0.006)
2024-04-27 23:07:58,843 - train - INFO - Train: 5 [ 450/781 ( 58%)]  Loss:  3.965806 (4.3225)  Time: 0.241s,  531.93/s  (0.473s,  270.68/s)  LR: 2.800e-04  Data: 0.006 (0.006)
2024-04-27 23:08:12,035 - train - INFO - Train: 5 [ 500/781 ( 64%)]  Loss:  4.051098 (4.3204)  Time: 0.176s,  728.29/s  (0.452s,  283.18/s)  LR: 2.800e-04  Data: 0.007 (0.006)
2024-04-27 23:08:25,390 - train - INFO - Train: 5 [ 550/781 ( 71%)]  Loss:  3.890210 (4.3128)  Time: 0.252s,  507.97/s  (0.435s,  294.10/s)  LR: 2.800e-04  Data: 0.005 (0.006)
2024-04-27 23:08:38,514 - train - INFO - Train: 5 [ 600/781 ( 77%)]  Loss:  4.435360 (4.3081)  Time: 0.279s,  458.81/s  (0.421s,  304.14/s)  LR: 2.800e-04  Data: 0.006 (0.006)
2024-04-27 23:08:51,098 - train - INFO - Train: 5 [ 650/781 ( 83%)]  Loss:  3.871809 (4.3036)  Time: 0.136s,  939.77/s  (0.408s,  313.84/s)  LR: 2.800e-04  Data: 0.005 (0.006)
2024-04-27 23:09:03,924 - train - INFO - Train: 5 [ 700/781 ( 90%)]  Loss:  4.077777 (4.3034)  Time: 0.244s,  524.60/s  (0.397s,  322.37/s)  LR: 2.800e-04  Data: 0.005 (0.006)
2024-04-27 23:09:15,772 - train - INFO - Train: 5 [ 750/781 ( 96%)]  Loss:  4.579399 (4.3023)  Time: 0.235s,  544.68/s  (0.386s,  331.27/s)  LR: 2.800e-04  Data: 0.006 (0.006)
2024-04-27 23:09:23,322 - train - INFO - Train: 5 [ 780/781 (100%)]  Loss:  4.563396 (4.3030)  Time: 0.236s,  541.48/s  (0.381s,  335.76/s)  LR: 2.800e-04  Data: 0.000 (0.006)
2024-04-27 23:09:23,608 - train - INFO - Test: [   0/78]  Time: 0.282 (0.282)  Loss:  1.5586 (1.5586)  Acc@1: 68.7500 (68.7500)  Acc@5: 87.5000 (87.5000)
2024-04-27 23:09:32,324 - train - INFO - Test: [  50/78]  Time: 0.145 (0.176)  Loss:  2.7559 (2.9750)  Acc@1: 37.5000 (32.3989)  Acc@5: 67.1875 (60.5086)
2024-04-27 23:09:37,758 - train - INFO - Test: [  78/78]  Time: 0.215 (0.183)  Loss:  3.0410 (2.9786)  Acc@1: 18.7500 (32.5700)  Acc@5: 50.0000 (60.4200)
2024-04-27 23:09:38,289 - train - INFO - Train: 6 [   0/781 (  0%)]  Loss:  4.171159 (4.1712)  Time: 0.423s,  302.39/s  (0.423s,  302.39/s)  LR: 3.340e-04  Data: 0.128 (0.128)
2024-04-27 23:09:49,822 - train - INFO - Train: 6 [  50/781 (  6%)]  Loss:  4.122383 (4.2570)  Time: 0.276s,  463.25/s  (0.234s,  546.03/s)  LR: 3.340e-04  Data: 0.004 (0.008)
2024-04-27 23:10:03,155 - train - INFO - Train: 6 [ 100/781 ( 13%)]  Loss:  4.033443 (4.2771)  Time: 0.269s,  475.64/s  (0.250s,  511.26/s)  LR: 3.340e-04  Data: 0.007 (0.007)
2024-04-27 23:10:15,571 - train - INFO - Train: 6 [ 150/781 ( 19%)]  Loss:  4.680653 (4.2871)  Time: 0.284s,  451.36/s  (0.250s,  512.66/s)  LR: 3.340e-04  Data: 0.004 (0.007)
2024-04-27 23:10:28,207 - train - INFO - Train: 6 [ 200/781 ( 26%)]  Loss:  4.575503 (4.2749)  Time: 0.255s,  501.62/s  (0.250s,  511.12/s)  LR: 3.340e-04  Data: 0.006 (0.007)
2024-04-27 23:10:40,251 - train - INFO - Train: 6 [ 250/781 ( 32%)]  Loss:  4.374148 (4.2790)  Time: 0.200s,  639.69/s  (0.249s,  515.04/s)  LR: 3.340e-04  Data: 0.005 (0.007)
2024-04-27 23:10:52,551 - train - INFO - Train: 6 [ 300/781 ( 38%)]  Loss:  4.168399 (4.2742)  Time: 0.242s,  529.79/s  (0.248s,  515.93/s)  LR: 3.340e-04  Data: 0.005 (0.007)
2024-04-27 23:11:05,384 - train - INFO - Train: 6 [ 350/781 ( 45%)]  Loss:  3.840544 (4.2708)  Time: 0.216s,  593.18/s  (0.249s,  513.41/s)  LR: 3.340e-04  Data: 0.007 (0.007)
2024-04-27 23:11:17,880 - train - INFO - Train: 6 [ 400/781 ( 51%)]  Loss:  4.699605 (4.2673)  Time: 0.246s,  520.13/s  (0.249s,  513.26/s)  LR: 3.340e-04  Data: 0.006 (0.006)
2024-04-27 23:11:30,177 - train - INFO - Train: 6 [ 450/781 ( 58%)]  Loss:  3.847849 (4.2608)  Time: 0.202s,  635.06/s  (0.249s,  514.06/s)  LR: 3.340e-04  Data: 0.014 (0.006)
2024-04-27 23:11:42,005 - train - INFO - Train: 6 [ 500/781 ( 64%)]  Loss:  3.966730 (4.2558)  Time: 0.258s,  496.02/s  (0.248s,  516.65/s)  LR: 3.340e-04  Data: 0.008 (0.006)
2024-04-27 23:11:54,195 - train - INFO - Train: 6 [ 550/781 ( 71%)]  Loss:  3.883845 (4.2474)  Time: 0.262s,  488.18/s  (0.247s,  517.40/s)  LR: 3.340e-04  Data: 0.005 (0.006)
2024-04-27 23:12:06,732 - train - INFO - Train: 6 [ 600/781 ( 77%)]  Loss:  4.038336 (4.2458)  Time: 0.262s,  488.59/s  (0.248s,  516.82/s)  LR: 3.340e-04  Data: 0.005 (0.006)
2024-04-27 23:12:19,728 - train - INFO - Train: 6 [ 650/781 ( 83%)]  Loss:  4.530761 (4.2470)  Time: 0.258s,  496.68/s  (0.249s,  514.87/s)  LR: 3.340e-04  Data: 0.004 (0.006)
2024-04-27 23:12:30,862 - train - INFO - Train: 6 [ 700/781 ( 90%)]  Loss:  3.656572 (4.2456)  Time: 0.182s,  704.41/s  (0.247s,  518.73/s)  LR: 3.340e-04  Data: 0.011 (0.006)
2024-04-27 23:12:43,820 - train - INFO - Train: 6 [ 750/781 ( 96%)]  Loss:  3.855636 (4.2405)  Time: 0.229s,  559.18/s  (0.248s,  517.01/s)  LR: 3.340e-04  Data: 0.005 (0.006)
2024-04-27 23:12:51,371 - train - INFO - Train: 6 [ 780/781 (100%)]  Loss:  4.174630 (4.2354)  Time: 0.244s,  524.42/s  (0.248s,  516.68/s)  LR: 3.340e-04  Data: 0.000 (0.006)
2024-04-27 23:12:51,606 - train - INFO - Test: [   0/78]  Time: 0.232 (0.232)  Loss:  2.4902 (2.4902)  Acc@1: 46.8750 (46.8750)  Acc@5: 69.5312 (69.5312)
2024-04-27 23:13:00,808 - train - INFO - Test: [  50/78]  Time: 0.146 (0.185)  Loss:  2.8906 (2.9187)  Acc@1: 36.7188 (33.1648)  Acc@5: 60.1562 (61.5656)
2024-04-27 23:13:05,449 - train - INFO - Test: [  78/78]  Time: 0.197 (0.178)  Loss:  3.5117 (2.8928)  Acc@1: 25.0000 (34.0800)  Acc@5: 56.2500 (62.1500)
2024-04-27 23:13:05,943 - train - INFO - Train: 7 [   0/781 (  0%)]  Loss:  3.904932 (3.9049)  Time: 0.391s,  327.43/s  (0.391s,  327.43/s)  LR: 3.880e-04  Data: 0.140 (0.140)
2024-04-27 23:13:19,065 - train - INFO - Train: 7 [  50/781 (  6%)]  Loss:  4.440073 (4.1707)  Time: 0.223s,  573.91/s  (0.265s,  483.14/s)  LR: 3.880e-04  Data: 0.008 (0.009)
2024-04-27 23:13:30,505 - train - INFO - Train: 7 [ 100/781 ( 13%)]  Loss:  4.521691 (4.1796)  Time: 0.259s,  495.01/s  (0.247s,  518.14/s)  LR: 3.880e-04  Data: 0.008 (0.008)
2024-04-27 23:13:42,725 - train - INFO - Train: 7 [ 150/781 ( 19%)]  Loss:  4.511519 (4.1723)  Time: 0.261s,  490.18/s  (0.246s,  520.00/s)  LR: 3.880e-04  Data: 0.006 (0.008)
2024-04-27 23:13:55,562 - train - INFO - Train: 7 [ 200/781 ( 26%)]  Loss:  4.515163 (4.1861)  Time: 0.277s,  461.59/s  (0.249s,  514.52/s)  LR: 3.880e-04  Data: 0.008 (0.007)
2024-04-27 23:14:07,917 - train - INFO - Train: 7 [ 250/781 ( 32%)]  Loss:  4.537683 (4.1777)  Time: 0.256s,  500.26/s  (0.248s,  515.22/s)  LR: 3.880e-04  Data: 0.007 (0.007)
2024-04-27 23:14:19,353 - train - INFO - Train: 7 [ 300/781 ( 38%)]  Loss:  3.945219 (4.1779)  Time: 0.230s,  556.24/s  (0.245s,  522.12/s)  LR: 3.880e-04  Data: 0.007 (0.007)
2024-04-27 23:14:31,783 - train - INFO - Train: 7 [ 350/781 ( 45%)]  Loss:  3.774967 (4.1761)  Time: 0.243s,  527.08/s  (0.246s,  521.08/s)  LR: 3.880e-04  Data: 0.006 (0.007)
2024-04-27 23:14:43,741 - train - INFO - Train: 7 [ 400/781 ( 51%)]  Loss:  4.227656 (4.1758)  Time: 0.242s,  528.92/s  (0.245s,  522.81/s)  LR: 3.880e-04  Data: 0.008 (0.007)
2024-04-27 23:14:56,186 - train - INFO - Train: 7 [ 450/781 ( 58%)]  Loss:  3.975079 (4.1774)  Time: 0.266s,  480.73/s  (0.245s,  521.85/s)  LR: 3.880e-04  Data: 0.008 (0.007)
2024-04-27 23:15:07,687 - train - INFO - Train: 7 [ 500/781 ( 64%)]  Loss:  3.827958 (4.1726)  Time: 0.226s,  566.83/s  (0.244s,  525.12/s)  LR: 3.880e-04  Data: 0.007 (0.007)
2024-04-27 23:15:19,081 - train - INFO - Train: 7 [ 550/781 ( 71%)]  Loss:  4.246599 (4.1783)  Time: 0.220s,  580.53/s  (0.242s,  528.25/s)  LR: 3.880e-04  Data: 0.006 (0.007)
2024-04-27 23:15:31,799 - train - INFO - Train: 7 [ 600/781 ( 77%)]  Loss:  3.809328 (4.1784)  Time: 0.256s,  499.56/s  (0.243s,  526.07/s)  LR: 3.880e-04  Data: 0.009 (0.007)
2024-04-27 23:15:43,846 - train - INFO - Train: 7 [ 650/781 ( 83%)]  Loss:  4.391723 (4.1746)  Time: 0.265s,  482.92/s  (0.243s,  526.47/s)  LR: 3.880e-04  Data: 0.007 (0.007)
2024-04-27 23:15:56,421 - train - INFO - Train: 7 [ 700/781 ( 90%)]  Loss:  4.352843 (4.1740)  Time: 0.278s,  460.49/s  (0.244s,  525.19/s)  LR: 3.880e-04  Data: 0.008 (0.007)
2024-04-27 23:16:07,294 - train - INFO - Train: 7 [ 750/781 ( 96%)]  Loss:  4.116894 (4.1708)  Time: 0.239s,  534.86/s  (0.242s,  528.99/s)  LR: 3.880e-04  Data: 0.007 (0.007)
2024-04-27 23:16:14,835 - train - INFO - Train: 7 [ 780/781 (100%)]  Loss:  3.982830 (4.1695)  Time: 0.244s,  523.64/s  (0.242s,  528.20/s)  LR: 3.880e-04  Data: 0.000 (0.007)
2024-04-27 23:16:15,098 - train - INFO - Test: [   0/78]  Time: 0.262 (0.262)  Loss:  1.9990 (1.9990)  Acc@1: 60.1562 (60.1562)  Acc@5: 78.1250 (78.1250)
2024-04-27 23:16:23,700 - train - INFO - Test: [  50/78]  Time: 0.145 (0.174)  Loss:  2.6348 (2.7624)  Acc@1: 39.0625 (36.8719)  Acc@5: 68.7500 (65.2267)
2024-04-27 23:16:29,034 - train - INFO - Test: [  78/78]  Time: 0.217 (0.180)  Loss:  3.3301 (2.7617)  Acc@1: 25.0000 (36.9200)  Acc@5: 56.2500 (65.1900)
2024-04-27 23:16:29,546 - train - INFO - Train: 8 [   0/781 (  0%)]  Loss:  3.736085 (3.7361)  Time: 0.400s,  319.66/s  (0.400s,  319.66/s)  LR: 4.420e-04  Data: 0.123 (0.123)
2024-04-27 23:16:41,677 - train - INFO - Train: 8 [  50/781 (  6%)]  Loss:  4.284066 (4.1694)  Time: 0.244s,  524.29/s  (0.246s,  520.97/s)  LR: 4.420e-04  Data: 0.007 (0.008)
2024-04-27 23:16:53,998 - train - INFO - Train: 8 [ 100/781 ( 13%)]  Loss:  3.821783 (4.1668)  Time: 0.273s,  468.25/s  (0.246s,  520.23/s)  LR: 4.420e-04  Data: 0.007 (0.007)
2024-04-27 23:17:05,909 - train - INFO - Train: 8 [ 150/781 ( 19%)]  Loss:  3.657991 (4.1593)  Time: 0.280s,  456.70/s  (0.243s,  525.79/s)  LR: 4.420e-04  Data: 0.006 (0.007)
2024-04-27 23:17:17,634 - train - INFO - Train: 8 [ 200/781 ( 26%)]  Loss:  4.210860 (4.1714)  Time: 0.242s,  529.64/s  (0.241s,  530.65/s)  LR: 4.420e-04  Data: 0.004 (0.006)
2024-04-27 23:17:30,485 - train - INFO - Train: 8 [ 250/781 ( 32%)]  Loss:  4.184900 (4.1479)  Time: 0.232s,  550.80/s  (0.244s,  523.83/s)  LR: 4.420e-04  Data: 0.008 (0.006)
2024-04-27 23:17:42,900 - train - INFO - Train: 8 [ 300/781 ( 38%)]  Loss:  3.684359 (4.1382)  Time: 0.253s,  505.35/s  (0.245s,  522.43/s)  LR: 4.420e-04  Data: 0.004 (0.006)
2024-04-27 23:17:54,329 - train - INFO - Train: 8 [ 350/781 ( 45%)]  Loss:  4.617740 (4.1317)  Time: 0.256s,  500.84/s  (0.243s,  527.48/s)  LR: 4.420e-04  Data: 0.004 (0.006)
2024-04-27 23:18:06,062 - train - INFO - Train: 8 [ 400/781 ( 51%)]  Loss:  4.648211 (4.1369)  Time: 0.263s,  487.27/s  (0.242s,  529.66/s)  LR: 4.420e-04  Data: 0.005 (0.006)
2024-04-27 23:18:17,992 - train - INFO - Train: 8 [ 450/781 ( 58%)]  Loss:  3.900284 (4.1330)  Time: 0.279s,  459.57/s  (0.241s,  530.42/s)  LR: 4.420e-04  Data: 0.004 (0.006)
2024-04-27 23:18:30,758 - train - INFO - Train: 8 [ 500/781 ( 64%)]  Loss:  4.218942 (4.1381)  Time: 0.265s,  483.62/s  (0.243s,  527.37/s)  LR: 4.420e-04  Data: 0.005 (0.006)
2024-04-27 23:18:42,523 - train - INFO - Train: 8 [ 550/781 ( 71%)]  Loss:  4.533308 (4.1424)  Time: 0.222s,  577.56/s  (0.242s,  528.84/s)  LR: 4.420e-04  Data: 0.007 (0.006)
2024-04-27 23:18:54,179 - train - INFO - Train: 8 [ 600/781 ( 77%)]  Loss:  3.762619 (4.1371)  Time: 0.190s,  672.91/s  (0.241s,  530.47/s)  LR: 4.420e-04  Data: 0.004 (0.006)
2024-04-27 23:19:06,817 - train - INFO - Train: 8 [ 650/781 ( 83%)]  Loss:  3.695806 (4.1369)  Time: 0.266s,  481.52/s  (0.242s,  528.54/s)  LR: 4.420e-04  Data: 0.005 (0.006)
2024-04-27 23:19:18,762 - train - INFO - Train: 8 [ 700/781 ( 90%)]  Loss:  4.230484 (4.1348)  Time: 0.268s,  476.93/s  (0.242s,  529.06/s)  LR: 4.420e-04  Data: 0.005 (0.006)
2024-04-27 23:19:31,237 - train - INFO - Train: 8 [ 750/781 ( 96%)]  Loss:  3.847630 (4.1293)  Time: 0.259s,  493.67/s  (0.242s,  527.96/s)  LR: 4.420e-04  Data: 0.004 (0.006)
2024-04-27 23:19:37,705 - train - INFO - Train: 8 [ 780/781 (100%)]  Loss:  3.747353 (4.1284)  Time: 0.218s,  587.02/s  (0.241s,  530.22/s)  LR: 4.420e-04  Data: 0.000 (0.006)
2024-04-27 23:19:37,909 - train - INFO - Test: [   0/78]  Time: 0.202 (0.202)  Loss:  1.9297 (1.9297)  Acc@1: 52.3438 (52.3438)  Acc@5: 77.3438 (77.3438)
2024-04-27 23:19:46,782 - train - INFO - Test: [  50/78]  Time: 0.163 (0.178)  Loss:  2.6660 (2.7341)  Acc@1: 40.6250 (36.7647)  Acc@5: 65.6250 (64.8744)
2024-04-27 23:19:52,151 - train - INFO - Test: [  78/78]  Time: 0.191 (0.183)  Loss:  2.2891 (2.7513)  Acc@1: 31.2500 (36.6500)  Acc@5: 75.0000 (64.4000)
2024-04-27 23:19:52,591 - train - INFO - Train: 9 [   0/781 (  0%)]  Loss:  4.464621 (4.4646)  Time: 0.342s,  374.45/s  (0.342s,  374.45/s)  LR: 4.960e-04  Data: 0.135 (0.135)
2024-04-27 23:20:04,903 - train - INFO - Train: 9 [  50/781 (  6%)]  Loss:  4.160121 (4.0693)  Time: 0.226s,  567.26/s  (0.248s,  515.93/s)  LR: 4.960e-04  Data: 0.004 (0.007)
2024-04-27 23:20:16,875 - train - INFO - Train: 9 [ 100/781 ( 13%)]  Loss:  4.269846 (4.0537)  Time: 0.269s,  475.99/s  (0.244s,  525.02/s)  LR: 4.960e-04  Data: 0.004 (0.006)
2024-04-27 23:20:29,023 - train - INFO - Train: 9 [ 150/781 ( 19%)]  Loss:  3.812980 (4.0676)  Time: 0.161s,  796.16/s  (0.244s,  525.63/s)  LR: 4.960e-04  Data: 0.005 (0.006)
2024-04-27 23:20:40,930 - train - INFO - Train: 9 [ 200/781 ( 26%)]  Loss:  4.353709 (4.0740)  Time: 0.246s,  520.12/s  (0.242s,  528.55/s)  LR: 4.960e-04  Data: 0.005 (0.006)
2024-04-27 23:20:53,339 - train - INFO - Train: 9 [ 250/781 ( 32%)]  Loss:  4.435316 (4.0866)  Time: 0.230s,  557.53/s  (0.243s,  525.96/s)  LR: 4.960e-04  Data: 0.007 (0.006)
2024-04-27 23:21:06,148 - train - INFO - Train: 9 [ 300/781 ( 38%)]  Loss:  4.341117 (4.0913)  Time: 0.266s,  480.86/s  (0.245s,  521.41/s)  LR: 4.960e-04  Data: 0.004 (0.006)
2024-04-27 23:21:18,660 - train - INFO - Train: 9 [ 350/781 ( 45%)]  Loss:  3.927355 (4.0894)  Time: 0.268s,  477.37/s  (0.246s,  519.98/s)  LR: 4.960e-04  Data: 0.005 (0.006)
2024-04-27 23:21:30,073 - train - INFO - Train: 9 [ 400/781 ( 51%)]  Loss:  4.211723 (4.0910)  Time: 0.186s,  687.00/s  (0.244s,  524.75/s)  LR: 4.960e-04  Data: 0.004 (0.006)
2024-04-27 23:21:42,766 - train - INFO - Train: 9 [ 450/781 ( 58%)]  Loss:  3.802839 (4.0894)  Time: 0.252s,  508.81/s  (0.245s,  522.39/s)  LR: 4.960e-04  Data: 0.005 (0.006)
2024-04-27 23:21:54,913 - train - INFO - Train: 9 [ 500/781 ( 64%)]  Loss:  4.148677 (4.0916)  Time: 0.233s,  548.18/s  (0.245s,  522.84/s)  LR: 4.960e-04  Data: 0.005 (0.006)
2024-04-27 23:22:07,430 - train - INFO - Train: 9 [ 550/781 ( 71%)]  Loss:  4.216193 (4.0920)  Time: 0.255s,  501.36/s  (0.245s,  521.78/s)  LR: 4.960e-04  Data: 0.004 (0.006)
2024-04-27 23:22:19,419 - train - INFO - Train: 9 [ 600/781 ( 77%)]  Loss:  4.082174 (4.0931)  Time: 0.235s,  545.06/s  (0.245s,  522.77/s)  LR: 4.960e-04  Data: 0.009 (0.006)
2024-04-27 23:22:31,220 - train - INFO - Train: 9 [ 650/781 ( 83%)]  Loss:  4.287196 (4.0865)  Time: 0.259s,  493.56/s  (0.244s,  524.22/s)  LR: 4.960e-04  Data: 0.007 (0.006)
2024-04-27 23:22:44,211 - train - INFO - Train: 9 [ 700/781 ( 90%)]  Loss:  4.439366 (4.0870)  Time: 0.257s,  497.93/s  (0.245s,  521.84/s)  LR: 4.960e-04  Data: 0.005 (0.006)
2024-04-27 23:22:56,612 - train - INFO - Train: 9 [ 750/781 ( 96%)]  Loss:  4.019413 (4.0840)  Time: 0.264s,  484.47/s  (0.245s,  521.46/s)  LR: 4.960e-04  Data: 0.005 (0.006)
2024-04-27 23:23:04,580 - train - INFO - Train: 9 [ 780/781 (100%)]  Loss:  3.930597 (4.0816)  Time: 0.282s,  454.23/s  (0.246s,  519.82/s)  LR: 4.960e-04  Data: 0.000 (0.006)
2024-04-27 23:23:04,814 - train - INFO - Test: [   0/78]  Time: 0.232 (0.232)  Loss:  1.6758 (1.6758)  Acc@1: 60.1562 (60.1562)  Acc@5: 82.0312 (82.0312)
2024-04-27 23:23:12,997 - train - INFO - Test: [  50/78]  Time: 0.159 (0.165)  Loss:  2.6953 (2.6547)  Acc@1: 34.3750 (38.0821)  Acc@5: 71.0938 (66.2377)
2024-04-27 23:23:17,285 - train - INFO - Test: [  78/78]  Time: 0.147 (0.161)  Loss:  2.3926 (2.6464)  Acc@1: 50.0000 (38.6300)  Acc@5: 75.0000 (66.2800)
2024-04-27 23:23:17,712 - train - INFO - Train: 10 [   0/781 (  0%)]  Loss:  3.847722 (3.8477)  Time: 0.322s,  397.23/s  (0.322s,  397.23/s)  LR: 5.485e-04  Data: 0.129 (0.129)
2024-04-27 23:23:30,223 - train - INFO - Train: 10 [  50/781 (  6%)]  Loss:  4.360172 (4.1005)  Time: 0.257s,  498.01/s  (0.252s,  508.71/s)  LR: 5.485e-04  Data: 0.006 (0.008)
2024-04-27 23:23:43,164 - train - INFO - Train: 10 [ 100/781 ( 13%)]  Loss:  4.151040 (4.0779)  Time: 0.273s,  469.06/s  (0.255s,  501.60/s)  LR: 5.485e-04  Data: 0.007 (0.006)
2024-04-27 23:23:55,584 - train - INFO - Train: 10 [ 150/781 ( 19%)]  Loss:  3.574248 (4.0771)  Time: 0.293s,  436.83/s  (0.253s,  506.07/s)  LR: 5.485e-04  Data: 0.006 (0.006)
2024-04-27 23:24:08,008 - train - INFO - Train: 10 [ 200/781 ( 26%)]  Loss:  4.314247 (4.0620)  Time: 0.234s,  547.15/s  (0.252s,  508.31/s)  LR: 5.485e-04  Data: 0.008 (0.006)
2024-04-27 23:24:19,968 - train - INFO - Train: 10 [ 250/781 ( 32%)]  Loss:  4.435325 (4.0605)  Time: 0.267s,  478.54/s  (0.249s,  513.44/s)  LR: 5.485e-04  Data: 0.006 (0.006)
2024-04-27 23:24:32,828 - train - INFO - Train: 10 [ 300/781 ( 38%)]  Loss:  4.157934 (4.0704)  Time: 0.263s,  486.64/s  (0.251s,  510.76/s)  LR: 5.485e-04  Data: 0.005 (0.006)
2024-04-27 23:24:45,402 - train - INFO - Train: 10 [ 350/781 ( 45%)]  Loss:  3.547884 (4.0643)  Time: 0.220s,  581.64/s  (0.251s,  510.51/s)  LR: 5.485e-04  Data: 0.004 (0.006)
2024-04-27 23:24:58,288 - train - INFO - Train: 10 [ 400/781 ( 51%)]  Loss:  4.543889 (4.0540)  Time: 0.260s,  492.60/s  (0.252s,  508.75/s)  LR: 5.485e-04  Data: 0.005 (0.006)
2024-04-27 23:25:28,033 - train - INFO - Train: 10 [ 450/781 ( 58%)]  Loss:  3.927069 (4.0624)  Time: 0.998s,  128.30/s  (0.290s,  441.90/s)  LR: 5.485e-04  Data: 0.006 (0.006)
2024-04-27 23:26:02,572 - train - INFO - Train: 10 [ 500/781 ( 64%)]  Loss:  4.119241 (4.0588)  Time: 0.584s,  219.09/s  (0.330s,  388.25/s)  LR: 5.485e-04  Data: 0.009 (0.006)
2024-04-27 23:26:31,346 - train - INFO - Train: 10 [ 550/781 ( 71%)]  Loss:  3.531688 (4.0583)  Time: 0.636s,  201.23/s  (0.352s,  363.65/s)  LR: 5.485e-04  Data: 0.004 (0.006)
2024-04-27 23:26:59,821 - train - INFO - Train: 10 [ 600/781 ( 77%)]  Loss:  3.870156 (4.0525)  Time: 0.549s,  233.19/s  (0.370s,  345.87/s)  LR: 5.485e-04  Data: 0.004 (0.006)
2024-04-27 23:27:28,094 - train - INFO - Train: 10 [ 650/781 ( 83%)]  Loss:  3.643696 (4.0567)  Time: 0.522s,  245.08/s  (0.385s,  332.39/s)  LR: 5.485e-04  Data: 0.008 (0.006)
2024-04-27 23:27:55,050 - train - INFO - Train: 10 [ 700/781 ( 90%)]  Loss:  4.337951 (4.0549)  Time: 0.628s,  203.66/s  (0.396s,  323.17/s)  LR: 5.485e-04  Data: 0.004 (0.006)
2024-04-27 23:28:23,230 - train - INFO - Train: 10 [ 750/781 ( 96%)]  Loss:  3.941894 (4.0517)  Time: 0.553s,  231.37/s  (0.407s,  314.32/s)  LR: 5.485e-04  Data: 0.005 (0.006)
2024-04-27 23:28:39,553 - train - INFO - Train: 10 [ 780/781 (100%)]  Loss:  4.473343 (4.0520)  Time: 0.582s,  219.98/s  (0.412s,  310.32/s)  LR: 5.485e-04  Data: 0.000 (0.006)
2024-04-27 23:28:40,171 - train - INFO - Test: [   0/78]  Time: 0.616 (0.616)  Loss:  1.5635 (1.5635)  Acc@1: 67.1875 (67.1875)  Acc@5: 88.2812 (88.2812)
2024-04-27 23:29:02,838 - train - INFO - Test: [  50/78]  Time: 0.398 (0.457)  Loss:  2.8809 (2.6354)  Acc@1: 35.1562 (39.5221)  Acc@5: 64.8438 (67.1415)
2024-04-27 23:29:14,931 - train - INFO - Test: [  78/78]  Time: 0.268 (0.448)  Loss:  2.4512 (2.6356)  Acc@1: 31.2500 (39.4900)  Acc@5: 68.7500 (67.0900)
2024-04-27 23:29:15,612 - train - INFO - Train: 11 [   0/781 (  0%)]  Loss:  4.340848 (4.3408)  Time: 0.582s,  220.00/s  (0.582s,  220.00/s)  LR: 5.482e-04  Data: 0.124 (0.124)
2024-04-27 23:29:41,847 - train - INFO - Train: 11 [  50/781 (  6%)]  Loss:  4.334946 (4.0471)  Time: 0.354s,  361.45/s  (0.526s,  243.44/s)  LR: 5.482e-04  Data: 0.006 (0.008)
2024-04-27 23:30:09,076 - train - INFO - Train: 11 [ 100/781 ( 13%)]  Loss:  4.003030 (4.0174)  Time: 0.410s,  312.31/s  (0.535s,  239.21/s)  LR: 5.482e-04  Data: 0.005 (0.006)
2024-04-27 23:30:36,429 - train - INFO - Train: 11 [ 150/781 ( 19%)]  Loss:  4.517694 (3.9961)  Time: 0.376s,  340.61/s  (0.539s,  237.46/s)  LR: 5.482e-04  Data: 0.007 (0.006)
2024-04-27 23:31:03,380 - train - INFO - Train: 11 [ 200/781 ( 26%)]  Loss:  3.978285 (4.0030)  Time: 0.392s,  326.18/s  (0.539s,  237.46/s)  LR: 5.482e-04  Data: 0.006 (0.006)
2024-04-27 23:31:30,268 - train - INFO - Train: 11 [ 250/781 ( 32%)]  Loss:  4.145913 (4.0073)  Time: 0.393s,  326.03/s  (0.539s,  237.58/s)  LR: 5.482e-04  Data: 0.004 (0.006)
2024-04-27 23:31:55,808 - train - INFO - Train: 11 [ 300/781 ( 38%)]  Loss:  4.484607 (4.0230)  Time: 0.410s,  312.20/s  (0.534s,  239.65/s)  LR: 5.482e-04  Data: 0.007 (0.006)
2024-04-27 23:32:22,486 - train - INFO - Train: 11 [ 350/781 ( 45%)]  Loss:  3.511516 (4.0286)  Time: 0.409s,  312.78/s  (0.534s,  239.68/s)  LR: 5.482e-04  Data: 0.005 (0.006)
2024-04-27 23:32:49,820 - train - INFO - Train: 11 [ 400/781 ( 51%)]  Loss:  3.838448 (4.0401)  Time: 0.415s,  308.19/s  (0.536s,  238.98/s)  LR: 5.482e-04  Data: 0.004 (0.006)
2024-04-27 23:33:17,080 - train - INFO - Train: 11 [ 450/781 ( 58%)]  Loss:  3.923246 (4.0364)  Time: 0.394s,  325.09/s  (0.537s,  238.51/s)  LR: 5.482e-04  Data: 0.004 (0.005)
2024-04-27 23:33:43,724 - train - INFO - Train: 11 [ 500/781 ( 64%)]  Loss:  4.341166 (4.0341)  Time: 0.374s,  342.51/s  (0.536s,  238.68/s)  LR: 5.482e-04  Data: 0.008 (0.006)
2024-04-27 23:34:10,509 - train - INFO - Train: 11 [ 550/781 ( 71%)]  Loss:  3.780767 (4.0275)  Time: 0.381s,  336.12/s  (0.536s,  238.70/s)  LR: 5.482e-04  Data: 0.004 (0.006)
2024-04-27 23:34:37,577 - train - INFO - Train: 11 [ 600/781 ( 77%)]  Loss:  3.992322 (4.0300)  Time: 0.421s,  303.73/s  (0.537s,  238.51/s)  LR: 5.482e-04  Data: 0.004 (0.006)
2024-04-27 23:35:04,185 - train - INFO - Train: 11 [ 650/781 ( 83%)]  Loss:  4.457952 (4.0315)  Time: 0.367s,  349.23/s  (0.536s,  238.67/s)  LR: 5.482e-04  Data: 0.006 (0.006)
2024-04-27 23:35:30,660 - train - INFO - Train: 11 [ 700/781 ( 90%)]  Loss:  4.132404 (4.0261)  Time: 0.569s,  224.94/s  (0.536s,  238.88/s)  LR: 5.482e-04  Data: 0.004 (0.005)
2024-04-27 23:35:56,301 - train - INFO - Train: 11 [ 750/781 ( 96%)]  Loss:  4.395236 (4.0222)  Time: 0.553s,  231.46/s  (0.534s,  239.57/s)  LR: 5.482e-04  Data: 0.005 (0.005)
2024-04-27 23:36:11,863 - train - INFO - Train: 11 [ 780/781 (100%)]  Loss:  4.329841 (4.0224)  Time: 0.538s,  237.74/s  (0.534s,  239.84/s)  LR: 5.482e-04  Data: 0.000 (0.005)
2024-04-27 23:36:12,386 - train - INFO - Test: [   0/78]  Time: 0.520 (0.520)  Loss:  1.9492 (1.9492)  Acc@1: 54.6875 (54.6875)  Acc@5: 80.4688 (80.4688)
2024-04-27 23:36:35,744 - train - INFO - Test: [  50/78]  Time: 0.505 (0.468)  Loss:  2.7109 (2.6100)  Acc@1: 39.0625 (40.4565)  Acc@5: 67.9688 (68.4283)
2024-04-27 23:36:46,919 - train - INFO - Test: [  78/78]  Time: 0.366 (0.444)  Loss:  2.9141 (2.6072)  Acc@1: 31.2500 (40.9500)  Acc@5: 75.0000 (68.6000)
2024-04-27 23:36:47,514 - train - INFO - Train: 12 [   0/781 (  0%)]  Loss:  3.959490 (3.9595)  Time: 0.484s,  264.54/s  (0.484s,  264.54/s)  LR: 5.479e-04  Data: 0.147 (0.147)
2024-04-27 23:37:07,353 - train - INFO - Train: 12 [  50/781 (  6%)]  Loss:  4.265495 (3.9644)  Time: 0.383s,  334.34/s  (0.398s,  321.23/s)  LR: 5.479e-04  Data: 0.004 (0.010)
2024-04-27 23:37:26,795 - train - INFO - Train: 12 [ 100/781 ( 13%)]  Loss:  4.375969 (4.0110)  Time: 0.307s,  416.84/s  (0.394s,  325.13/s)  LR: 5.479e-04  Data: 0.004 (0.009)
2024-04-27 23:37:49,648 - train - INFO - Train: 12 [ 150/781 ( 19%)]  Loss:  4.059395 (4.0013)  Time: 0.411s,  311.36/s  (0.415s,  308.68/s)  LR: 5.479e-04  Data: 0.004 (0.008)
2024-04-27 23:38:16,466 - train - INFO - Train: 12 [ 200/781 ( 26%)]  Loss:  4.151743 (4.0109)  Time: 0.436s,  293.45/s  (0.445s,  287.68/s)  LR: 5.479e-04  Data: 0.004 (0.007)
2024-04-27 23:38:42,416 - train - INFO - Train: 12 [ 250/781 ( 32%)]  Loss:  4.316674 (3.9954)  Time: 0.509s,  251.45/s  (0.460s,  278.45/s)  LR: 5.479e-04  Data: 0.007 (0.007)
2024-04-27 23:39:08,122 - train - INFO - Train: 12 [ 300/781 ( 38%)]  Loss:  3.610746 (3.9925)  Time: 0.539s,  237.56/s  (0.469s,  273.08/s)  LR: 5.479e-04  Data: 0.006 (0.006)
2024-04-27 23:39:32,376 - train - INFO - Train: 12 [ 350/781 ( 45%)]  Loss:  4.239585 (3.9908)  Time: 0.553s,  231.41/s  (0.471s,  271.73/s)  LR: 5.479e-04  Data: 0.005 (0.006)
2024-04-27 23:39:57,530 - train - INFO - Train: 12 [ 400/781 ( 51%)]  Loss:  3.630812 (3.9908)  Time: 0.444s,  288.52/s  (0.475s,  269.45/s)  LR: 5.479e-04  Data: 0.004 (0.006)
2024-04-27 23:40:16,841 - train - INFO - Train: 12 [ 450/781 ( 58%)]  Loss:  4.201415 (3.9884)  Time: 0.263s,  487.52/s  (0.465s,  275.16/s)  LR: 5.479e-04  Data: 0.005 (0.006)
2024-04-27 23:40:28,942 - train - INFO - Train: 12 [ 500/781 ( 64%)]  Loss:  4.051660 (3.9834)  Time: 0.265s,  482.14/s  (0.443s,  288.99/s)  LR: 5.479e-04  Data: 0.004 (0.006)
2024-04-27 23:40:41,090 - train - INFO - Train: 12 [ 550/781 ( 71%)]  Loss:  4.212905 (3.9791)  Time: 0.221s,  579.29/s  (0.425s,  301.34/s)  LR: 5.479e-04  Data: 0.005 (0.006)
2024-04-27 23:40:52,499 - train - INFO - Train: 12 [ 600/781 ( 77%)]  Loss:  3.493124 (3.9837)  Time: 0.270s,  473.56/s  (0.408s,  313.41/s)  LR: 5.479e-04  Data: 0.005 (0.006)
2024-04-27 23:41:04,659 - train - INFO - Train: 12 [ 650/781 ( 83%)]  Loss:  3.785038 (3.9791)  Time: 0.274s,  466.50/s  (0.396s,  323.46/s)  LR: 5.479e-04  Data: 0.004 (0.006)
2024-04-27 23:41:16,632 - train - INFO - Train: 12 [ 700/781 ( 90%)]  Loss:  4.177724 (3.9787)  Time: 0.243s,  525.74/s  (0.385s,  332.84/s)  LR: 5.479e-04  Data: 0.010 (0.006)
2024-04-27 23:41:28,930 - train - INFO - Train: 12 [ 750/781 ( 96%)]  Loss:  3.921020 (3.9806)  Time: 0.280s,  456.38/s  (0.375s,  341.02/s)  LR: 5.479e-04  Data: 0.008 (0.006)
2024-04-27 23:41:35,796 - train - INFO - Train: 12 [ 780/781 (100%)]  Loss:  3.853129 (3.9839)  Time: 0.211s,  606.28/s  (0.370s,  346.21/s)  LR: 5.479e-04  Data: 0.000 (0.006)
2024-04-27 23:41:35,984 - train - INFO - Test: [   0/78]  Time: 0.187 (0.187)  Loss:  2.2578 (2.2578)  Acc@1: 52.3438 (52.3438)  Acc@5: 72.6562 (72.6562)
2024-04-27 23:41:44,348 - train - INFO - Test: [  50/78]  Time: 0.126 (0.168)  Loss:  2.6426 (2.6149)  Acc@1: 38.2812 (40.8088)  Acc@5: 70.3125 (68.5202)
2024-04-27 23:41:48,826 - train - INFO - Test: [  78/78]  Time: 0.221 (0.165)  Loss:  3.2793 (2.6351)  Acc@1: 18.7500 (40.5000)  Acc@5: 56.2500 (67.9400)
2024-04-27 23:41:49,322 - train - INFO - Train: 13 [   0/781 (  0%)]  Loss:  4.065912 (4.0659)  Time: 0.397s,  322.16/s  (0.397s,  322.16/s)  LR: 5.475e-04  Data: 0.129 (0.129)
2024-04-27 23:42:01,704 - train - INFO - Train: 13 [  50/781 (  6%)]  Loss:  3.657619 (3.9067)  Time: 0.261s,  490.47/s  (0.251s,  510.87/s)  LR: 5.475e-04  Data: 0.004 (0.007)
2024-04-27 23:42:13,844 - train - INFO - Train: 13 [ 100/781 ( 13%)]  Loss:  3.896671 (3.9327)  Time: 0.259s,  494.95/s  (0.247s,  518.86/s)  LR: 5.475e-04  Data: 0.006 (0.006)
2024-04-27 23:42:26,198 - train - INFO - Train: 13 [ 150/781 ( 19%)]  Loss:  3.351251 (3.9236)  Time: 0.145s,  880.89/s  (0.247s,  518.60/s)  LR: 5.475e-04  Data: 0.007 (0.006)
2024-04-27 23:42:38,233 - train - INFO - Train: 13 [ 200/781 ( 26%)]  Loss:  3.656683 (3.9140)  Time: 0.218s,  587.53/s  (0.245s,  521.84/s)  LR: 5.475e-04  Data: 0.006 (0.006)
2024-04-27 23:42:50,173 - train - INFO - Train: 13 [ 250/781 ( 32%)]  Loss:  3.932344 (3.9185)  Time: 0.258s,  496.03/s  (0.244s,  524.61/s)  LR: 5.475e-04  Data: 0.007 (0.006)
2024-04-27 23:43:02,987 - train - INFO - Train: 13 [ 300/781 ( 38%)]  Loss:  4.243583 (3.9386)  Time: 0.244s,  524.43/s  (0.246s,  520.27/s)  LR: 5.475e-04  Data: 0.008 (0.006)
2024-04-27 23:43:15,123 - train - INFO - Train: 13 [ 350/781 ( 45%)]  Loss:  3.444272 (3.9337)  Time: 0.259s,  493.75/s  (0.246s,  521.27/s)  LR: 5.475e-04  Data: 0.004 (0.006)
2024-04-27 23:43:26,410 - train - INFO - Train: 13 [ 400/781 ( 51%)]  Loss:  3.575873 (3.9286)  Time: 0.270s,  474.87/s  (0.243s,  526.57/s)  LR: 5.475e-04  Data: 0.005 (0.006)
2024-04-27 23:43:38,792 - train - INFO - Train: 13 [ 450/781 ( 58%)]  Loss:  3.983243 (3.9308)  Time: 0.273s,  469.33/s  (0.244s,  525.48/s)  LR: 5.475e-04  Data: 0.004 (0.006)
2024-04-27 23:43:51,060 - train - INFO - Train: 13 [ 500/781 ( 64%)]  Loss:  4.307704 (3.9379)  Time: 0.249s,  514.72/s  (0.244s,  525.11/s)  LR: 5.475e-04  Data: 0.005 (0.006)
2024-04-27 23:44:03,644 - train - INFO - Train: 13 [ 550/781 ( 71%)]  Loss:  4.247365 (3.9439)  Time: 0.219s,  585.22/s  (0.244s,  523.57/s)  LR: 5.475e-04  Data: 0.006 (0.006)
2024-04-27 23:44:15,610 - train - INFO - Train: 13 [ 600/781 ( 77%)]  Loss:  3.758578 (3.9432)  Time: 0.219s,  584.28/s  (0.244s,  524.50/s)  LR: 5.475e-04  Data: 0.004 (0.006)
2024-04-27 23:44:27,123 - train - INFO - Train: 13 [ 650/781 ( 83%)]  Loss:  3.983300 (3.9426)  Time: 0.230s,  556.87/s  (0.243s,  526.79/s)  LR: 5.475e-04  Data: 0.006 (0.006)
2024-04-27 23:44:39,915 - train - INFO - Train: 13 [ 700/781 ( 90%)]  Loss:  4.045056 (3.9426)  Time: 0.242s,  527.86/s  (0.244s,  524.81/s)  LR: 5.475e-04  Data: 0.004 (0.006)
2024-04-27 23:44:52,110 - train - INFO - Train: 13 [ 750/781 ( 96%)]  Loss:  3.690987 (3.9390)  Time: 0.238s,  537.78/s  (0.244s,  524.81/s)  LR: 5.475e-04  Data: 0.004 (0.006)
2024-04-27 23:44:59,442 - train - INFO - Train: 13 [ 780/781 (100%)]  Loss:  4.050224 (3.9409)  Time: 0.217s,  589.21/s  (0.244s,  524.77/s)  LR: 5.475e-04  Data: 0.000 (0.006)
2024-04-27 23:44:59,675 - train - INFO - Test: [   0/78]  Time: 0.230 (0.230)  Loss:  1.5146 (1.5146)  Acc@1: 67.9688 (67.9688)  Acc@5: 85.1562 (85.1562)
2024-04-27 23:45:07,682 - train - INFO - Test: [  50/78]  Time: 0.155 (0.162)  Loss:  2.3750 (2.4995)  Acc@1: 48.4375 (43.3364)  Acc@5: 73.4375 (69.9908)
2024-04-27 23:45:11,748 - train - INFO - Test: [  78/78]  Time: 0.145 (0.156)  Loss:  2.2617 (2.4916)  Acc@1: 37.5000 (43.1300)  Acc@5: 75.0000 (70.3900)
2024-04-27 23:45:12,161 - train - INFO - Train: 14 [   0/781 (  0%)]  Loss:  3.979551 (3.9796)  Time: 0.314s,  407.91/s  (0.314s,  407.91/s)  LR: 5.471e-04  Data: 0.114 (0.114)
2024-04-27 23:45:24,254 - train - INFO - Train: 14 [  50/781 (  6%)]  Loss:  4.047495 (3.9389)  Time: 0.281s,  455.46/s  (0.243s,  526.22/s)  LR: 5.471e-04  Data: 0.004 (0.007)
2024-04-27 23:45:36,902 - train - INFO - Train: 14 [ 100/781 ( 13%)]  Loss:  4.271633 (3.9711)  Time: 0.229s,  558.57/s  (0.248s,  516.04/s)  LR: 5.471e-04  Data: 0.005 (0.006)
2024-04-27 23:45:48,799 - train - INFO - Train: 14 [ 150/781 ( 19%)]  Loss:  3.584339 (3.9895)  Time: 0.265s,  483.33/s  (0.245s,  523.12/s)  LR: 5.471e-04  Data: 0.004 (0.006)
2024-04-27 23:46:01,211 - train - INFO - Train: 14 [ 200/781 ( 26%)]  Loss:  4.151468 (3.9919)  Time: 0.176s,  729.00/s  (0.246s,  521.25/s)  LR: 5.471e-04  Data: 0.007 (0.006)
2024-04-27 23:46:12,324 - train - INFO - Train: 14 [ 250/781 ( 32%)]  Loss:  3.494606 (3.9677)  Time: 0.225s,  569.35/s  (0.241s,  531.30/s)  LR: 5.471e-04  Data: 0.004 (0.006)
2024-04-27 23:46:24,333 - train - INFO - Train: 14 [ 300/781 ( 38%)]  Loss:  4.299894 (3.9731)  Time: 0.245s,  522.13/s  (0.241s,  531.59/s)  LR: 5.471e-04  Data: 0.008 (0.006)
2024-04-27 23:46:37,110 - train - INFO - Train: 14 [ 350/781 ( 45%)]  Loss:  4.399855 (3.9661)  Time: 0.224s,  572.28/s  (0.243s,  527.00/s)  LR: 5.471e-04  Data: 0.005 (0.006)
2024-04-27 23:46:49,183 - train - INFO - Train: 14 [ 400/781 ( 51%)]  Loss:  3.608628 (3.9615)  Time: 0.255s,  501.34/s  (0.243s,  527.39/s)  LR: 5.471e-04  Data: 0.005 (0.006)
2024-04-27 23:47:00,663 - train - INFO - Train: 14 [ 450/781 ( 58%)]  Loss:  3.598505 (3.9499)  Time: 0.134s,  954.54/s  (0.241s,  530.57/s)  LR: 5.471e-04  Data: 0.004 (0.006)
2024-04-27 23:47:13,078 - train - INFO - Train: 14 [ 500/781 ( 64%)]  Loss:  3.660122 (3.9474)  Time: 0.262s,  488.18/s  (0.242s,  529.03/s)  LR: 5.471e-04  Data: 0.005 (0.006)
2024-04-27 23:47:25,587 - train - INFO - Train: 14 [ 550/781 ( 71%)]  Loss:  3.906165 (3.9444)  Time: 0.281s,  456.33/s  (0.243s,  527.41/s)  LR: 5.471e-04  Data: 0.005 (0.005)
2024-04-27 23:47:38,010 - train - INFO - Train: 14 [ 600/781 ( 77%)]  Loss:  4.407427 (3.9437)  Time: 0.209s,  611.04/s  (0.243s,  526.37/s)  LR: 5.471e-04  Data: 0.004 (0.005)
2024-04-27 23:47:50,375 - train - INFO - Train: 14 [ 650/781 ( 83%)]  Loss:  4.004009 (3.9367)  Time: 0.230s,  556.67/s  (0.243s,  525.69/s)  LR: 5.471e-04  Data: 0.004 (0.005)
2024-04-27 23:48:01,763 - train - INFO - Train: 14 [ 700/781 ( 90%)]  Loss:  4.345269 (3.9377)  Time: 0.224s,  570.58/s  (0.242s,  528.13/s)  LR: 5.471e-04  Data: 0.005 (0.005)
2024-04-27 23:48:14,501 - train - INFO - Train: 14 [ 750/781 ( 96%)]  Loss:  3.401780 (3.9362)  Time: 0.267s,  479.52/s  (0.243s,  526.34/s)  LR: 5.471e-04  Data: 0.004 (0.005)
2024-04-27 23:48:21,567 - train - INFO - Train: 14 [ 780/781 (100%)]  Loss:  4.227718 (3.9385)  Time: 0.244s,  524.59/s  (0.243s,  526.98/s)  LR: 5.471e-04  Data: 0.000 (0.005)
2024-04-27 23:48:21,793 - train - INFO - Test: [   0/78]  Time: 0.223 (0.223)  Loss:  1.4023 (1.4023)  Acc@1: 74.2188 (74.2188)  Acc@5: 85.1562 (85.1562)
2024-04-27 23:48:31,172 - train - INFO - Test: [  50/78]  Time: 0.164 (0.188)  Loss:  2.6406 (2.4822)  Acc@1: 45.3125 (43.4896)  Acc@5: 69.5312 (70.6495)
2024-04-27 23:48:36,394 - train - INFO - Test: [  78/78]  Time: 0.125 (0.188)  Loss:  2.1719 (2.4507)  Acc@1: 43.7500 (43.7500)  Acc@5: 87.5000 (71.1800)
2024-04-27 23:48:36,878 - train - INFO - Train: 15 [   0/781 (  0%)]  Loss:  4.392132 (4.3921)  Time: 0.376s,  340.25/s  (0.376s,  340.25/s)  LR: 5.467e-04  Data: 0.126 (0.126)
2024-04-27 23:48:48,386 - train - INFO - Train: 15 [  50/781 (  6%)]  Loss:  3.960502 (3.8564)  Time: 0.228s,  561.45/s  (0.233s,  549.36/s)  LR: 5.467e-04  Data: 0.006 (0.008)
2024-04-27 23:49:00,165 - train - INFO - Train: 15 [ 100/781 ( 13%)]  Loss:  3.843664 (3.8966)  Time: 0.280s,  457.59/s  (0.234s,  546.37/s)  LR: 5.467e-04  Data: 0.005 (0.007)
2024-04-27 23:49:13,120 - train - INFO - Train: 15 [ 150/781 ( 19%)]  Loss:  4.336963 (3.8952)  Time: 0.284s,  450.81/s  (0.242s,  527.87/s)  LR: 5.467e-04  Data: 0.004 (0.006)
2024-04-27 23:49:25,603 - train - INFO - Train: 15 [ 200/781 ( 26%)]  Loss:  3.725244 (3.8829)  Time: 0.261s,  489.56/s  (0.244s,  524.02/s)  LR: 5.467e-04  Data: 0.005 (0.006)
2024-04-27 23:49:37,591 - train - INFO - Train: 15 [ 250/781 ( 32%)]  Loss:  4.092847 (3.9002)  Time: 0.273s,  468.59/s  (0.243s,  525.96/s)  LR: 5.467e-04  Data: 0.006 (0.006)
2024-04-27 23:49:49,541 - train - INFO - Train: 15 [ 300/781 ( 38%)]  Loss:  3.561681 (3.8950)  Time: 0.262s,  489.42/s  (0.243s,  527.54/s)  LR: 5.467e-04  Data: 0.005 (0.006)
2024-04-27 23:50:02,011 - train - INFO - Train: 15 [ 350/781 ( 45%)]  Loss:  3.804193 (3.9109)  Time: 0.250s,  512.56/s  (0.244s,  525.46/s)  LR: 5.467e-04  Data: 0.004 (0.006)
2024-04-27 23:50:14,498 - train - INFO - Train: 15 [ 400/781 ( 51%)]  Loss:  3.992839 (3.8961)  Time: 0.199s,  642.70/s  (0.244s,  523.82/s)  LR: 5.467e-04  Data: 0.005 (0.006)
2024-04-27 23:50:26,714 - train - INFO - Train: 15 [ 450/781 ( 58%)]  Loss:  3.589343 (3.9005)  Time: 0.251s,  509.79/s  (0.244s,  523.83/s)  LR: 5.467e-04  Data: 0.005 (0.006)
2024-04-27 23:50:38,174 - train - INFO - Train: 15 [ 500/781 ( 64%)]  Loss:  3.745869 (3.9006)  Time: 0.240s,  532.32/s  (0.243s,  527.10/s)  LR: 5.467e-04  Data: 0.004 (0.006)
2024-04-27 23:50:50,746 - train - INFO - Train: 15 [ 550/781 ( 71%)]  Loss:  4.253209 (3.9043)  Time: 0.271s,  472.43/s  (0.244s,  525.42/s)  LR: 5.467e-04  Data: 0.005 (0.006)
2024-04-27 23:51:03,212 - train - INFO - Train: 15 [ 600/781 ( 77%)]  Loss:  3.382347 (3.9054)  Time: 0.252s,  508.11/s  (0.244s,  524.40/s)  LR: 5.467e-04  Data: 0.004 (0.006)
2024-04-27 23:51:15,192 - train - INFO - Train: 15 [ 650/781 ( 83%)]  Loss:  3.732396 (3.8986)  Time: 0.272s,  470.53/s  (0.244s,  525.14/s)  LR: 5.467e-04  Data: 0.005 (0.006)
2024-04-27 23:51:27,948 - train - INFO - Train: 15 [ 700/781 ( 90%)]  Loss:  3.269341 (3.9010)  Time: 0.248s,  516.97/s  (0.245s,  523.41/s)  LR: 5.467e-04  Data: 0.007 (0.006)
2024-04-27 23:51:39,478 - train - INFO - Train: 15 [ 750/781 ( 96%)]  Loss:  4.075866 (3.8997)  Time: 0.255s,  502.63/s  (0.244s,  525.41/s)  LR: 5.467e-04  Data: 0.004 (0.006)
2024-04-27 23:51:47,259 - train - INFO - Train: 15 [ 780/781 (100%)]  Loss:  3.995077 (3.8980)  Time: 0.280s,  456.91/s  (0.244s,  524.11/s)  LR: 5.467e-04  Data: 0.000 (0.006)
2024-04-27 23:51:47,496 - train - INFO - Test: [   0/78]  Time: 0.235 (0.235)  Loss:  1.1416 (1.1416)  Acc@1: 76.5625 (76.5625)  Acc@5: 89.0625 (89.0625)
2024-04-27 23:51:55,688 - train - INFO - Test: [  50/78]  Time: 0.172 (0.165)  Loss:  2.1895 (2.3628)  Acc@1: 51.5625 (45.3738)  Acc@5: 77.3438 (72.3039)
2024-04-27 23:52:00,788 - train - INFO - Test: [  78/78]  Time: 0.155 (0.171)  Loss:  2.7051 (2.3773)  Acc@1: 31.2500 (44.8000)  Acc@5: 68.7500 (72.1100)
2024-04-27 23:52:01,270 - train - INFO - Train: 16 [   0/781 (  0%)]  Loss:  3.815370 (3.8154)  Time: 0.387s,  330.71/s  (0.387s,  330.71/s)  LR: 5.462e-04  Data: 0.131 (0.131)
2024-04-27 23:52:13,582 - train - INFO - Train: 16 [  50/781 (  6%)]  Loss:  3.962908 (3.9134)  Time: 0.266s,  480.72/s  (0.249s,  514.12/s)  LR: 5.462e-04  Data: 0.004 (0.009)
2024-04-27 23:52:25,665 - train - INFO - Train: 16 [ 100/781 ( 13%)]  Loss:  3.642204 (3.9551)  Time: 0.214s,  597.15/s  (0.245s,  521.74/s)  LR: 5.462e-04  Data: 0.008 (0.008)
2024-04-27 23:52:37,690 - train - INFO - Train: 16 [ 150/781 ( 19%)]  Loss:  4.114888 (3.9332)  Time: 0.256s,  500.13/s  (0.244s,  525.18/s)  LR: 5.462e-04  Data: 0.004 (0.007)
2024-04-27 23:52:50,234 - train - INFO - Train: 16 [ 200/781 ( 26%)]  Loss:  4.097430 (3.9213)  Time: 0.175s,  731.14/s  (0.246s,  521.38/s)  LR: 5.462e-04  Data: 0.004 (0.007)
2024-04-27 23:53:02,752 - train - INFO - Train: 16 [ 250/781 ( 32%)]  Loss:  4.275314 (3.9050)  Time: 0.234s,  547.62/s  (0.246s,  519.34/s)  LR: 5.462e-04  Data: 0.007 (0.006)
2024-04-27 23:53:14,800 - train - INFO - Train: 16 [ 300/781 ( 38%)]  Loss:  3.473626 (3.9012)  Time: 0.200s,  640.76/s  (0.246s,  521.29/s)  LR: 5.462e-04  Data: 0.008 (0.006)
2024-04-27 23:53:26,262 - train - INFO - Train: 16 [ 350/781 ( 45%)]  Loss:  3.592021 (3.8790)  Time: 0.259s,  494.91/s  (0.243s,  526.27/s)  LR: 5.462e-04  Data: 0.005 (0.006)
2024-04-27 23:53:38,525 - train - INFO - Train: 16 [ 400/781 ( 51%)]  Loss:  4.405225 (3.8892)  Time: 0.272s,  470.89/s  (0.243s,  525.73/s)  LR: 5.462e-04  Data: 0.005 (0.006)
2024-04-27 23:53:51,143 - train - INFO - Train: 16 [ 450/781 ( 58%)]  Loss:  4.364376 (3.8899)  Time: 0.266s,  480.93/s  (0.244s,  523.62/s)  LR: 5.462e-04  Data: 0.004 (0.006)
2024-04-27 23:54:03,532 - train - INFO - Train: 16 [ 500/781 ( 64%)]  Loss:  3.784663 (3.8870)  Time: 0.261s,  490.69/s  (0.245s,  522.91/s)  LR: 5.462e-04  Data: 0.005 (0.006)
2024-04-27 23:54:15,046 - train - INFO - Train: 16 [ 550/781 ( 71%)]  Loss:  4.381991 (3.8816)  Time: 0.244s,  523.81/s  (0.243s,  525.74/s)  LR: 5.462e-04  Data: 0.004 (0.006)
2024-04-27 23:54:27,630 - train - INFO - Train: 16 [ 600/781 ( 77%)]  Loss:  4.243814 (3.8846)  Time: 0.274s,  467.01/s  (0.244s,  524.28/s)  LR: 5.462e-04  Data: 0.008 (0.006)
2024-04-27 23:54:39,860 - train - INFO - Train: 16 [ 650/781 ( 83%)]  Loss:  4.379265 (3.8922)  Time: 0.259s,  494.95/s  (0.244s,  524.21/s)  LR: 5.462e-04  Data: 0.006 (0.006)
2024-04-27 23:54:52,208 - train - INFO - Train: 16 [ 700/781 ( 90%)]  Loss:  3.622863 (3.8907)  Time: 0.326s,  393.09/s  (0.244s,  523.79/s)  LR: 5.462e-04  Data: 0.007 (0.006)
2024-04-27 23:55:05,071 - train - INFO - Train: 16 [ 750/781 ( 96%)]  Loss:  4.237241 (3.8846)  Time: 0.232s,  551.30/s  (0.245s,  521.96/s)  LR: 5.462e-04  Data: 0.005 (0.006)
2024-04-27 23:55:11,624 - train - INFO - Train: 16 [ 780/781 (100%)]  Loss:  4.211497 (3.8858)  Time: 0.249s,  513.92/s  (0.244s,  524.16/s)  LR: 5.462e-04  Data: 0.000 (0.006)
2024-04-27 23:55:11,813 - train - INFO - Test: [   0/78]  Time: 0.186 (0.186)  Loss:  1.4326 (1.4326)  Acc@1: 72.6562 (72.6562)  Acc@5: 87.5000 (87.5000)
2024-04-27 23:55:21,437 - train - INFO - Test: [  50/78]  Time: 0.217 (0.192)  Loss:  2.3770 (2.3595)  Acc@1: 47.6562 (45.5882)  Acc@5: 71.8750 (71.7525)
2024-04-27 23:55:26,281 - train - INFO - Test: [  78/78]  Time: 0.096 (0.185)  Loss:  2.3887 (2.3813)  Acc@1: 25.0000 (45.3400)  Acc@5: 81.2500 (71.3800)
2024-04-27 23:55:26,653 - train - INFO - Train: 17 [   0/781 (  0%)]  Loss:  3.478278 (3.4783)  Time: 0.272s,  469.92/s  (0.272s,  469.92/s)  LR: 5.457e-04  Data: 0.126 (0.126)
2024-04-27 23:55:39,169 - train - INFO - Train: 17 [  50/781 (  6%)]  Loss:  4.471806 (3.8767)  Time: 0.278s,  460.60/s  (0.251s,  510.54/s)  LR: 5.457e-04  Data: 0.005 (0.008)
2024-04-27 23:55:51,669 - train - INFO - Train: 17 [ 100/781 ( 13%)]  Loss:  3.522721 (3.8986)  Time: 0.279s,  458.71/s  (0.250s,  511.29/s)  LR: 5.457e-04  Data: 0.006 (0.007)
2024-04-27 23:56:03,369 - train - INFO - Train: 17 [ 150/781 ( 19%)]  Loss:  4.150498 (3.8901)  Time: 0.174s,  737.00/s  (0.245s,  522.60/s)  LR: 5.457e-04  Data: 0.004 (0.006)
2024-04-27 23:56:15,514 - train - INFO - Train: 17 [ 200/781 ( 26%)]  Loss:  3.455327 (3.8794)  Time: 0.212s,  604.60/s  (0.244s,  523.69/s)  LR: 5.457e-04  Data: 0.005 (0.006)
2024-04-27 23:56:27,409 - train - INFO - Train: 17 [ 250/781 ( 32%)]  Loss:  3.875453 (3.8759)  Time: 0.219s,  584.83/s  (0.243s,  526.50/s)  LR: 5.457e-04  Data: 0.004 (0.006)
2024-04-27 23:56:40,321 - train - INFO - Train: 17 [ 300/781 ( 38%)]  Loss:  4.143025 (3.8612)  Time: 0.251s,  510.65/s  (0.246s,  521.12/s)  LR: 5.457e-04  Data: 0.005 (0.006)
2024-04-27 23:56:52,072 - train - INFO - Train: 17 [ 350/781 ( 45%)]  Loss:  3.429670 (3.8619)  Time: 0.194s,  660.59/s  (0.244s,  524.36/s)  LR: 5.457e-04  Data: 0.004 (0.006)
2024-04-27 23:57:03,722 - train - INFO - Train: 17 [ 400/781 ( 51%)]  Loss:  4.252490 (3.8722)  Time: 0.164s,  781.51/s  (0.243s,  527.35/s)  LR: 5.457e-04  Data: 0.005 (0.006)
2024-04-27 23:57:16,068 - train - INFO - Train: 17 [ 450/781 ( 58%)]  Loss:  3.882257 (3.8730)  Time: 0.230s,  557.09/s  (0.243s,  526.35/s)  LR: 5.457e-04  Data: 0.005 (0.006)
2024-04-27 23:57:28,155 - train - INFO - Train: 17 [ 500/781 ( 64%)]  Loss:  3.495153 (3.8717)  Time: 0.268s,  477.48/s  (0.243s,  526.67/s)  LR: 5.457e-04  Data: 0.006 (0.006)
2024-04-27 23:57:41,115 - train - INFO - Train: 17 [ 550/781 ( 71%)]  Loss:  4.110044 (3.8666)  Time: 0.291s,  440.05/s  (0.245s,  523.51/s)  LR: 5.457e-04  Data: 0.007 (0.006)
2024-04-27 23:57:52,132 - train - INFO - Train: 17 [ 600/781 ( 77%)]  Loss:  4.127329 (3.8718)  Time: 0.176s,  728.12/s  (0.242s,  527.86/s)  LR: 5.457e-04  Data: 0.004 (0.006)
2024-04-27 23:58:04,239 - train - INFO - Train: 17 [ 650/781 ( 83%)]  Loss:  4.405460 (3.8749)  Time: 0.254s,  504.22/s  (0.242s,  527.92/s)  LR: 5.457e-04  Data: 0.008 (0.006)
2024-04-27 23:58:17,255 - train - INFO - Train: 17 [ 700/781 ( 90%)]  Loss:  4.211295 (3.8774)  Time: 0.281s,  455.23/s  (0.244s,  525.16/s)  LR: 5.457e-04  Data: 0.006 (0.006)
2024-04-27 23:58:29,395 - train - INFO - Train: 17 [ 750/781 ( 96%)]  Loss:  3.222075 (3.8755)  Time: 0.259s,  493.85/s  (0.244s,  525.30/s)  LR: 5.457e-04  Data: 0.006 (0.006)
2024-04-27 23:58:36,994 - train - INFO - Train: 17 [ 780/781 (100%)]  Loss:  3.791135 (3.8742)  Time: 0.223s,  572.74/s  (0.244s,  524.50/s)  LR: 5.457e-04  Data: 0.000 (0.006)
2024-04-27 23:58:37,222 - train - INFO - Test: [   0/78]  Time: 0.226 (0.226)  Loss:  1.7178 (1.7178)  Acc@1: 64.0625 (64.0625)  Acc@5: 87.5000 (87.5000)
2024-04-27 23:58:44,329 - train - INFO - Test: [  50/78]  Time: 0.157 (0.144)  Loss:  2.4785 (2.3930)  Acc@1: 43.7500 (44.1023)  Acc@5: 73.4375 (72.2120)
2024-04-27 23:58:48,939 - train - INFO - Test: [  78/78]  Time: 0.196 (0.151)  Loss:  2.2012 (2.3908)  Acc@1: 25.0000 (45.3100)  Acc@5: 87.5000 (72.2800)
2024-04-27 23:58:49,424 - train - INFO - Train: 18 [   0/781 (  0%)]  Loss:  4.262887 (4.2629)  Time: 0.382s,  335.37/s  (0.382s,  335.37/s)  LR: 5.452e-04  Data: 0.121 (0.121)
2024-04-27 23:59:02,121 - train - INFO - Train: 18 [  50/781 (  6%)]  Loss:  3.846841 (3.9108)  Time: 0.190s,  672.88/s  (0.256s,  499.18/s)  LR: 5.452e-04  Data: 0.005 (0.008)
2024-04-27 23:59:14,662 - train - INFO - Train: 18 [ 100/781 ( 13%)]  Loss:  4.120074 (3.8921)  Time: 0.298s,  429.01/s  (0.254s,  504.68/s)  LR: 5.452e-04  Data: 0.008 (0.007)
2024-04-27 23:59:27,107 - train - INFO - Train: 18 [ 150/781 ( 19%)]  Loss:  4.292181 (3.8856)  Time: 0.257s,  497.93/s  (0.252s,  507.83/s)  LR: 5.452e-04  Data: 0.005 (0.006)
2024-04-27 23:59:38,884 - train - INFO - Train: 18 [ 200/781 ( 26%)]  Loss:  4.241203 (3.8611)  Time: 0.216s,  592.80/s  (0.248s,  516.26/s)  LR: 5.452e-04  Data: 0.004 (0.006)
2024-04-27 23:59:50,593 - train - INFO - Train: 18 [ 250/781 ( 32%)]  Loss:  3.803170 (3.8651)  Time: 0.250s,  511.42/s  (0.245s,  522.04/s)  LR: 5.452e-04  Data: 0.005 (0.006)
2024-04-28 00:00:02,981 - train - INFO - Train: 18 [ 300/781 ( 38%)]  Loss:  3.476368 (3.8620)  Time: 0.262s,  488.71/s  (0.246s,  521.14/s)  LR: 5.452e-04  Data: 0.006 (0.006)
2024-04-28 00:00:16,189 - train - INFO - Train: 18 [ 350/781 ( 45%)]  Loss:  4.059083 (3.8585)  Time: 0.258s,  495.34/s  (0.248s,  515.60/s)  LR: 5.452e-04  Data: 0.005 (0.006)
2024-04-28 00:00:28,196 - train - INFO - Train: 18 [ 400/781 ( 51%)]  Loss:  3.814587 (3.8605)  Time: 0.218s,  586.20/s  (0.247s,  517.72/s)  LR: 5.452e-04  Data: 0.004 (0.006)
2024-04-28 00:00:39,729 - train - INFO - Train: 18 [ 450/781 ( 58%)]  Loss:  3.818661 (3.8585)  Time: 0.185s,  690.43/s  (0.245s,  521.60/s)  LR: 5.452e-04  Data: 0.008 (0.006)
2024-04-28 00:00:52,254 - train - INFO - Train: 18 [ 500/781 ( 64%)]  Loss:  3.648711 (3.8518)  Time: 0.215s,  595.78/s  (0.246s,  520.53/s)  LR: 5.452e-04  Data: 0.004 (0.006)
2024-04-28 00:01:03,888 - train - INFO - Train: 18 [ 550/781 ( 71%)]  Loss:  3.823818 (3.8479)  Time: 0.253s,  505.03/s  (0.245s,  523.08/s)  LR: 5.452e-04  Data: 0.004 (0.006)
2024-04-28 00:01:16,942 - train - INFO - Train: 18 [ 600/781 ( 77%)]  Loss:  3.372148 (3.8476)  Time: 0.231s,  554.11/s  (0.246s,  520.20/s)  LR: 5.452e-04  Data: 0.005 (0.006)
2024-04-28 00:01:28,065 - train - INFO - Train: 18 [ 650/781 ( 83%)]  Loss:  3.454376 (3.8507)  Time: 0.154s,  830.81/s  (0.244s,  524.06/s)  LR: 5.452e-04  Data: 0.004 (0.006)
2024-04-28 00:01:40,363 - train - INFO - Train: 18 [ 700/781 ( 90%)]  Loss:  3.435038 (3.8562)  Time: 0.246s,  520.18/s  (0.244s,  523.80/s)  LR: 5.452e-04  Data: 0.005 (0.006)
2024-04-28 00:01:53,010 - train - INFO - Train: 18 [ 750/781 ( 96%)]  Loss:  3.449439 (3.8578)  Time: 0.211s,  606.14/s  (0.245s,  522.58/s)  LR: 5.452e-04  Data: 0.004 (0.006)
2024-04-28 00:02:00,303 - train - INFO - Train: 18 [ 780/781 (100%)]  Loss:  4.360453 (3.8550)  Time: 0.264s,  485.36/s  (0.245s,  522.74/s)  LR: 5.452e-04  Data: 0.000 (0.006)
2024-04-28 00:02:00,607 - train - INFO - Test: [   0/78]  Time: 0.303 (0.303)  Loss:  1.8203 (1.8203)  Acc@1: 60.9375 (60.9375)  Acc@5: 81.2500 (81.2500)
2024-04-28 00:02:09,831 - train - INFO - Test: [  50/78]  Time: 0.163 (0.187)  Loss:  2.2988 (2.3559)  Acc@1: 50.7812 (46.5839)  Acc@5: 77.3438 (73.2996)
2024-04-28 00:02:15,138 - train - INFO - Test: [  78/78]  Time: 0.196 (0.188)  Loss:  1.9766 (2.3440)  Acc@1: 43.7500 (47.1800)  Acc@5: 93.7500 (73.5100)
2024-04-28 00:02:15,567 - train - INFO - Train: 19 [   0/781 (  0%)]  Loss:  3.919219 (3.9192)  Time: 0.320s,  400.56/s  (0.320s,  400.56/s)  LR: 5.447e-04  Data: 0.126 (0.126)
2024-04-28 00:02:26,813 - train - INFO - Train: 19 [  50/781 (  6%)]  Loss:  3.423302 (3.8022)  Time: 0.267s,  479.42/s  (0.227s,  564.48/s)  LR: 5.447e-04  Data: 0.004 (0.007)
2024-04-28 00:02:39,105 - train - INFO - Train: 19 [ 100/781 ( 13%)]  Loss:  3.844271 (3.8288)  Time: 0.267s,  480.26/s  (0.236s,  541.93/s)  LR: 5.447e-04  Data: 0.004 (0.006)
2024-04-28 00:02:51,996 - train - INFO - Train: 19 [ 150/781 ( 19%)]  Loss:  4.127186 (3.8430)  Time: 0.239s,  535.69/s  (0.243s,  526.00/s)  LR: 5.447e-04  Data: 0.007 (0.006)
2024-04-28 00:03:04,297 - train - INFO - Train: 19 [ 200/781 ( 26%)]  Loss:  3.364464 (3.8353)  Time: 0.250s,  511.85/s  (0.244s,  524.58/s)  LR: 5.447e-04  Data: 0.005 (0.006)
2024-04-28 00:03:15,792 - train - INFO - Train: 19 [ 250/781 ( 32%)]  Loss:  3.809370 (3.8150)  Time: 0.174s,  734.04/s  (0.241s,  530.70/s)  LR: 5.447e-04  Data: 0.006 (0.006)
2024-04-28 00:03:27,775 - train - INFO - Train: 19 [ 300/781 ( 38%)]  Loss:  3.403509 (3.8087)  Time: 0.246s,  520.46/s  (0.241s,  531.27/s)  LR: 5.447e-04  Data: 0.006 (0.006)
2024-04-28 00:03:39,720 - train - INFO - Train: 19 [ 350/781 ( 45%)]  Loss:  3.542639 (3.8228)  Time: 0.209s,  613.69/s  (0.241s,  531.91/s)  LR: 5.447e-04  Data: 0.005 (0.006)
2024-04-28 00:03:52,423 - train - INFO - Train: 19 [ 400/781 ( 51%)]  Loss:  3.456177 (3.8224)  Time: 0.252s,  507.01/s  (0.242s,  528.25/s)  LR: 5.447e-04  Data: 0.004 (0.006)
2024-04-28 00:04:04,294 - train - INFO - Train: 19 [ 450/781 ( 58%)]  Loss:  3.593898 (3.8240)  Time: 0.218s,  587.31/s  (0.242s,  529.44/s)  LR: 5.447e-04  Data: 0.004 (0.006)
2024-04-28 00:04:15,585 - train - INFO - Train: 19 [ 500/781 ( 64%)]  Loss:  3.291719 (3.8291)  Time: 0.209s,  611.52/s  (0.240s,  532.95/s)  LR: 5.447e-04  Data: 0.009 (0.006)
2024-04-28 00:04:28,872 - train - INFO - Train: 19 [ 550/781 ( 71%)]  Loss:  4.044362 (3.8295)  Time: 0.268s,  478.21/s  (0.242s,  527.86/s)  LR: 5.447e-04  Data: 0.004 (0.006)
2024-04-28 00:04:40,985 - train - INFO - Train: 19 [ 600/781 ( 77%)]  Loss:  3.998960 (3.8258)  Time: 0.240s,  532.60/s  (0.242s,  527.91/s)  LR: 5.447e-04  Data: 0.004 (0.006)
2024-04-28 00:04:53,631 - train - INFO - Train: 19 [ 650/781 ( 83%)]  Loss:  4.212829 (3.8263)  Time: 0.196s,  651.99/s  (0.243s,  526.17/s)  LR: 5.447e-04  Data: 0.005 (0.006)
2024-04-28 00:05:05,177 - train - INFO - Train: 19 [ 700/781 ( 90%)]  Loss:  3.428680 (3.8309)  Time: 0.261s,  490.72/s  (0.242s,  528.08/s)  LR: 5.447e-04  Data: 0.006 (0.006)
2024-04-28 00:05:17,430 - train - INFO - Train: 19 [ 750/781 ( 96%)]  Loss:  4.188378 (3.8349)  Time: 0.259s,  494.10/s  (0.243s,  527.70/s)  LR: 5.447e-04  Data: 0.004 (0.006)
2024-04-28 00:05:25,417 - train - INFO - Train: 19 [ 780/781 (100%)]  Loss:  3.564944 (3.8307)  Time: 0.271s,  472.05/s  (0.243s,  525.73/s)  LR: 5.447e-04  Data: 0.000 (0.006)
2024-04-28 00:05:25,678 - train - INFO - Test: [   0/78]  Time: 0.259 (0.259)  Loss:  1.6533 (1.6533)  Acc@1: 63.2812 (63.2812)  Acc@5: 84.3750 (84.3750)
2024-04-28 00:05:34,324 - train - INFO - Test: [  50/78]  Time: 0.198 (0.175)  Loss:  2.1445 (2.2739)  Acc@1: 51.5625 (46.6605)  Acc@5: 75.7812 (74.0349)
2024-04-28 00:05:39,591 - train - INFO - Test: [  78/78]  Time: 0.195 (0.179)  Loss:  2.5352 (2.2941)  Acc@1: 31.2500 (46.7200)  Acc@5: 81.2500 (73.4400)
2024-04-28 00:05:40,089 - train - INFO - Train: 20 [   0/781 (  0%)]  Loss:  4.022773 (4.0228)  Time: 0.390s,  328.02/s  (0.390s,  328.02/s)  LR: 5.441e-04  Data: 0.124 (0.124)
2024-04-28 00:05:52,607 - train - INFO - Train: 20 [  50/781 (  6%)]  Loss:  3.826121 (3.8511)  Time: 0.138s,  930.23/s  (0.253s,  505.76/s)  LR: 5.441e-04  Data: 0.004 (0.008)
2024-04-28 00:06:04,641 - train - INFO - Train: 20 [ 100/781 ( 13%)]  Loss:  4.279772 (3.8379)  Time: 0.233s,  550.22/s  (0.247s,  518.38/s)  LR: 5.441e-04  Data: 0.007 (0.007)
2024-04-28 00:06:16,812 - train - INFO - Train: 20 [ 150/781 ( 19%)]  Loss:  4.187142 (3.8377)  Time: 0.242s,  528.25/s  (0.246s,  520.84/s)  LR: 5.441e-04  Data: 0.006 (0.006)
2024-04-28 00:06:29,296 - train - INFO - Train: 20 [ 200/781 ( 26%)]  Loss:  3.434178 (3.8272)  Time: 0.270s,  473.35/s  (0.247s,  518.80/s)  LR: 5.441e-04  Data: 0.006 (0.006)
2024-04-28 00:06:41,462 - train - INFO - Train: 20 [ 250/781 ( 32%)]  Loss:  3.456750 (3.8124)  Time: 0.203s,  630.82/s  (0.246s,  520.24/s)  LR: 5.441e-04  Data: 0.006 (0.006)
2024-04-28 00:06:52,553 - train - INFO - Train: 20 [ 300/781 ( 38%)]  Loss:  4.334022 (3.8219)  Time: 0.271s,  472.79/s  (0.242s,  528.90/s)  LR: 5.441e-04  Data: 0.004 (0.006)
2024-04-28 00:07:05,737 - train - INFO - Train: 20 [ 350/781 ( 45%)]  Loss:  4.024989 (3.8442)  Time: 0.281s,  456.02/s  (0.245s,  522.24/s)  LR: 5.441e-04  Data: 0.007 (0.006)
2024-04-28 00:07:18,138 - train - INFO - Train: 20 [ 400/781 ( 51%)]  Loss:  3.624273 (3.8423)  Time: 0.257s,  498.75/s  (0.245s,  521.48/s)  LR: 5.441e-04  Data: 0.004 (0.006)
2024-04-28 00:07:30,504 - train - INFO - Train: 20 [ 450/781 ( 58%)]  Loss:  4.197493 (3.8355)  Time: 0.173s,  741.85/s  (0.246s,  521.04/s)  LR: 5.441e-04  Data: 0.005 (0.006)
2024-04-28 00:07:42,613 - train - INFO - Train: 20 [ 500/781 ( 64%)]  Loss:  4.177877 (3.8309)  Time: 0.214s,  597.53/s  (0.245s,  521.79/s)  LR: 5.441e-04  Data: 0.005 (0.006)
2024-04-28 00:07:53,794 - train - INFO - Train: 20 [ 550/781 ( 71%)]  Loss:  3.252379 (3.8368)  Time: 0.255s,  501.39/s  (0.243s,  526.01/s)  LR: 5.441e-04  Data: 0.004 (0.006)
2024-04-28 00:08:06,365 - train - INFO - Train: 20 [ 600/781 ( 77%)]  Loss:  3.901293 (3.8308)  Time: 0.246s,  519.92/s  (0.244s,  524.57/s)  LR: 5.441e-04  Data: 0.004 (0.006)
2024-04-28 00:08:18,415 - train - INFO - Train: 20 [ 650/781 ( 83%)]  Loss:  3.629134 (3.8257)  Time: 0.260s,  491.62/s  (0.244s,  525.07/s)  LR: 5.441e-04  Data: 0.007 (0.006)
2024-04-28 00:08:30,663 - train - INFO - Train: 20 [ 700/781 ( 90%)]  Loss:  4.018642 (3.8125)  Time: 0.260s,  492.14/s  (0.244s,  524.89/s)  LR: 5.441e-04  Data: 0.005 (0.006)
2024-04-28 00:08:42,049 - train - INFO - Train: 20 [ 750/781 ( 96%)]  Loss:  3.496002 (3.8126)  Time: 0.268s,  476.85/s  (0.243s,  527.22/s)  LR: 5.441e-04  Data: 0.005 (0.006)
2024-04-28 00:08:49,123 - train - INFO - Train: 20 [ 780/781 (100%)]  Loss:  3.684511 (3.8123)  Time: 0.138s,  930.44/s  (0.243s,  527.80/s)  LR: 5.441e-04  Data: 0.000 (0.006)
2024-04-28 00:08:49,367 - train - INFO - Test: [   0/78]  Time: 0.243 (0.243)  Loss:  1.1172 (1.1172)  Acc@1: 75.0000 (75.0000)  Acc@5: 92.9688 (92.9688)
2024-04-28 00:08:59,142 - train - INFO - Test: [  50/78]  Time: 0.171 (0.196)  Loss:  2.4902 (2.2127)  Acc@1: 42.1875 (47.9013)  Acc@5: 76.5625 (74.9081)
2024-04-28 00:09:04,428 - train - INFO - Test: [  78/78]  Time: 0.190 (0.194)  Loss:  2.6484 (2.2303)  Acc@1: 43.7500 (47.6300)  Acc@5: 68.7500 (74.5500)
2024-04-28 00:09:04,948 - train - INFO - Train: 21 [   0/781 (  0%)]  Loss:  4.128054 (4.1281)  Time: 0.415s,  308.53/s  (0.415s,  308.53/s)  LR: 5.435e-04  Data: 0.132 (0.132)
2024-04-28 00:09:16,993 - train - INFO - Train: 21 [  50/781 (  6%)]  Loss:  3.416353 (3.8204)  Time: 0.243s,  526.00/s  (0.244s,  523.96/s)  LR: 5.435e-04  Data: 0.004 (0.008)
2024-04-28 00:09:28,955 - train - INFO - Train: 21 [ 100/781 ( 13%)]  Loss:  4.159774 (3.8213)  Time: 0.249s,  513.59/s  (0.242s,  529.40/s)  LR: 5.435e-04  Data: 0.004 (0.006)
2024-04-28 00:09:40,987 - train - INFO - Train: 21 [ 150/781 ( 19%)]  Loss:  4.105477 (3.8231)  Time: 0.228s,  560.62/s  (0.241s,  530.25/s)  LR: 5.435e-04  Data: 0.004 (0.006)
2024-04-28 00:09:53,020 - train - INFO - Train: 21 [ 200/781 ( 26%)]  Loss:  3.906891 (3.8071)  Time: 0.287s,  445.35/s  (0.241s,  530.67/s)  LR: 5.435e-04  Data: 0.006 (0.006)
2024-04-28 00:10:05,486 - train - INFO - Train: 21 [ 250/781 ( 32%)]  Loss:  3.257976 (3.8054)  Time: 0.232s,  552.15/s  (0.243s,  527.15/s)  LR: 5.435e-04  Data: 0.004 (0.006)
2024-04-28 00:10:17,527 - train - INFO - Train: 21 [ 300/781 ( 38%)]  Loss:  4.009643 (3.8154)  Time: 0.277s,  462.55/s  (0.242s,  527.88/s)  LR: 5.435e-04  Data: 0.007 (0.006)
2024-04-28 00:10:29,010 - train - INFO - Train: 21 [ 350/781 ( 45%)]  Loss:  3.376641 (3.8139)  Time: 0.220s,  582.09/s  (0.241s,  531.90/s)  LR: 5.435e-04  Data: 0.008 (0.006)
2024-04-28 00:10:41,440 - train - INFO - Train: 21 [ 400/781 ( 51%)]  Loss:  3.341363 (3.8134)  Time: 0.238s,  538.92/s  (0.242s,  529.72/s)  LR: 5.435e-04  Data: 0.007 (0.006)
2024-04-28 00:10:53,516 - train - INFO - Train: 21 [ 450/781 ( 58%)]  Loss:  3.941492 (3.8180)  Time: 0.236s,  542.13/s  (0.242s,  529.76/s)  LR: 5.435e-04  Data: 0.007 (0.006)
2024-04-28 00:11:05,875 - train - INFO - Train: 21 [ 500/781 ( 64%)]  Loss:  3.985728 (3.8215)  Time: 0.263s,  487.39/s  (0.242s,  528.55/s)  LR: 5.435e-04  Data: 0.007 (0.006)
2024-04-28 00:11:17,331 - train - INFO - Train: 21 [ 550/781 ( 71%)]  Loss:  3.802918 (3.8204)  Time: 0.231s,  553.24/s  (0.241s,  531.15/s)  LR: 5.435e-04  Data: 0.007 (0.006)
2024-04-28 00:11:29,220 - train - INFO - Train: 21 [ 600/781 ( 77%)]  Loss:  3.870004 (3.8135)  Time: 0.253s,  505.87/s  (0.241s,  531.75/s)  LR: 5.435e-04  Data: 0.006 (0.006)
2024-04-28 00:11:41,773 - train - INFO - Train: 21 [ 650/781 ( 83%)]  Loss:  3.349196 (3.8129)  Time: 0.257s,  498.86/s  (0.242s,  530.00/s)  LR: 5.435e-04  Data: 0.004 (0.006)
2024-04-28 00:11:54,057 - train - INFO - Train: 21 [ 700/781 ( 90%)]  Loss:  3.629537 (3.8087)  Time: 0.257s,  498.80/s  (0.242s,  529.35/s)  LR: 5.435e-04  Data: 0.007 (0.006)
2024-04-28 00:12:06,331 - train - INFO - Train: 21 [ 750/781 ( 96%)]  Loss:  3.699868 (3.8052)  Time: 0.188s,  681.30/s  (0.242s,  528.82/s)  LR: 5.435e-04  Data: 0.005 (0.006)
2024-04-28 00:12:12,852 - train - INFO - Train: 21 [ 780/781 (100%)]  Loss:  3.437042 (3.8045)  Time: 0.187s,  686.28/s  (0.241s,  530.90/s)  LR: 5.435e-04  Data: 0.000 (0.006)
2024-04-28 00:12:13,079 - train - INFO - Test: [   0/78]  Time: 0.226 (0.226)  Loss:  1.5381 (1.5381)  Acc@1: 64.8438 (64.8438)  Acc@5: 85.9375 (85.9375)
2024-04-28 00:12:21,748 - train - INFO - Test: [  50/78]  Time: 0.160 (0.174)  Loss:  2.2188 (2.2829)  Acc@1: 51.5625 (47.3346)  Acc@5: 73.4375 (73.3303)
2024-04-28 00:12:26,383 - train - INFO - Test: [  78/78]  Time: 0.189 (0.171)  Loss:  3.2539 (2.3180)  Acc@1: 25.0000 (46.5300)  Acc@5: 68.7500 (73.0200)
2024-04-28 00:12:26,891 - train - INFO - Train: 22 [   0/781 (  0%)]  Loss:  4.059028 (4.0590)  Time: 0.408s,  313.35/s  (0.408s,  313.35/s)  LR: 5.429e-04  Data: 0.128 (0.128)
2024-04-28 00:12:39,183 - train - INFO - Train: 22 [  50/781 (  6%)]  Loss:  3.292318 (3.8944)  Time: 0.269s,  475.89/s  (0.249s,  514.06/s)  LR: 5.429e-04  Data: 0.004 (0.007)
2024-04-28 00:12:50,631 - train - INFO - Train: 22 [ 100/781 ( 13%)]  Loss:  3.837920 (3.8464)  Time: 0.221s,  579.68/s  (0.239s,  535.40/s)  LR: 5.429e-04  Data: 0.004 (0.006)
2024-04-28 00:13:02,532 - train - INFO - Train: 22 [ 150/781 ( 19%)]  Loss:  4.021959 (3.8314)  Time: 0.204s,  626.82/s  (0.239s,  536.20/s)  LR: 5.429e-04  Data: 0.004 (0.006)
2024-04-28 00:13:13,763 - train - INFO - Train: 22 [ 200/781 ( 26%)]  Loss:  4.226977 (3.8377)  Time: 0.246s,  521.23/s  (0.235s,  544.21/s)  LR: 5.429e-04  Data: 0.004 (0.006)
2024-04-28 00:13:25,679 - train - INFO - Train: 22 [ 250/781 ( 32%)]  Loss:  4.143217 (3.8136)  Time: 0.174s,  733.91/s  (0.236s,  542.78/s)  LR: 5.429e-04  Data: 0.006 (0.006)
2024-04-28 00:13:37,810 - train - INFO - Train: 22 [ 300/781 ( 38%)]  Loss:  4.328904 (3.8151)  Time: 0.225s,  568.09/s  (0.237s,  540.21/s)  LR: 5.429e-04  Data: 0.004 (0.005)
2024-04-28 00:13:49,226 - train - INFO - Train: 22 [ 350/781 ( 45%)]  Loss:  3.747570 (3.8136)  Time: 0.280s,  456.47/s  (0.236s,  543.03/s)  LR: 5.429e-04  Data: 0.004 (0.005)
2024-04-28 00:14:00,492 - train - INFO - Train: 22 [ 400/781 ( 51%)]  Loss:  4.130116 (3.8141)  Time: 0.216s,  593.64/s  (0.234s,  546.04/s)  LR: 5.429e-04  Data: 0.006 (0.005)
2024-04-28 00:14:12,228 - train - INFO - Train: 22 [ 450/781 ( 58%)]  Loss:  3.332549 (3.8074)  Time: 0.249s,  513.10/s  (0.234s,  545.97/s)  LR: 5.429e-04  Data: 0.004 (0.005)
2024-04-28 00:14:24,520 - train - INFO - Train: 22 [ 500/781 ( 64%)]  Loss:  3.745170 (3.8095)  Time: 0.253s,  505.64/s  (0.236s,  543.33/s)  LR: 5.429e-04  Data: 0.009 (0.005)
2024-04-28 00:14:36,368 - train - INFO - Train: 22 [ 550/781 ( 71%)]  Loss:  3.761598 (3.8118)  Time: 0.246s,  520.34/s  (0.236s,  543.05/s)  LR: 5.429e-04  Data: 0.005 (0.005)
2024-04-28 00:14:47,912 - train - INFO - Train: 22 [ 600/781 ( 77%)]  Loss:  3.410821 (3.8062)  Time: 0.168s,  760.37/s  (0.235s,  543.98/s)  LR: 5.429e-04  Data: 0.005 (0.005)
2024-04-28 00:14:59,237 - train - INFO - Train: 22 [ 650/781 ( 83%)]  Loss:  3.962947 (3.7989)  Time: 0.254s,  504.67/s  (0.235s,  545.55/s)  LR: 5.429e-04  Data: 0.005 (0.005)
2024-04-28 00:15:11,178 - train - INFO - Train: 22 [ 700/781 ( 90%)]  Loss:  3.556363 (3.8063)  Time: 0.272s,  471.06/s  (0.235s,  544.86/s)  LR: 5.429e-04  Data: 0.004 (0.005)
2024-04-28 00:15:23,662 - train - INFO - Train: 22 [ 750/781 ( 96%)]  Loss:  3.867729 (3.8079)  Time: 0.227s,  564.10/s  (0.236s,  542.59/s)  LR: 5.429e-04  Data: 0.005 (0.005)
2024-04-28 00:15:30,473 - train - INFO - Train: 22 [ 780/781 (100%)]  Loss:  3.418266 (3.8107)  Time: 0.242s,  529.34/s  (0.236s,  543.38/s)  LR: 5.429e-04  Data: 0.000 (0.005)
2024-04-28 00:15:30,703 - train - INFO - Test: [   0/78]  Time: 0.228 (0.228)  Loss:  1.2012 (1.2012)  Acc@1: 75.0000 (75.0000)  Acc@5: 90.6250 (90.6250)
2024-04-28 00:15:39,052 - train - INFO - Test: [  50/78]  Time: 0.138 (0.168)  Loss:  1.9805 (2.2338)  Acc@1: 49.2188 (48.1924)  Acc@5: 78.1250 (74.6783)
2024-04-28 00:15:42,877 - train - INFO - Test: [  78/78]  Time: 0.103 (0.157)  Loss:  2.9102 (2.2435)  Acc@1: 25.0000 (48.1900)  Acc@5: 62.5000 (74.5200)
2024-04-28 00:15:43,379 - train - INFO - Train: 23 [   0/781 (  0%)]  Loss:  3.492709 (3.4927)  Time: 0.376s,  340.00/s  (0.376s,  340.00/s)  LR: 5.422e-04  Data: 0.122 (0.122)
2024-04-28 00:15:55,374 - train - INFO - Train: 23 [  50/781 (  6%)]  Loss:  3.586230 (3.6959)  Time: 0.255s,  502.89/s  (0.243s,  527.72/s)  LR: 5.422e-04  Data: 0.007 (0.007)
2024-04-28 00:16:07,524 - train - INFO - Train: 23 [ 100/781 ( 13%)]  Loss:  4.106869 (3.7308)  Time: 0.181s,  707.43/s  (0.243s,  527.25/s)  LR: 5.422e-04  Data: 0.008 (0.006)
2024-04-28 00:16:19,958 - train - INFO - Train: 23 [ 150/781 ( 19%)]  Loss:  3.404569 (3.7609)  Time: 0.261s,  490.58/s  (0.245s,  523.05/s)  LR: 5.422e-04  Data: 0.006 (0.006)
2024-04-28 00:16:31,885 - train - INFO - Train: 23 [ 200/781 ( 26%)]  Loss:  4.129026 (3.7587)  Time: 0.213s,  601.20/s  (0.243s,  526.37/s)  LR: 5.422e-04  Data: 0.008 (0.006)
2024-04-28 00:16:44,164 - train - INFO - Train: 23 [ 250/781 ( 32%)]  Loss:  3.872281 (3.7711)  Time: 0.273s,  468.32/s  (0.244s,  525.35/s)  LR: 5.422e-04  Data: 0.004 (0.006)
2024-04-28 00:16:56,413 - train - INFO - Train: 23 [ 300/781 ( 38%)]  Loss:  3.196545 (3.7639)  Time: 0.269s,  476.48/s  (0.244s,  524.87/s)  LR: 5.422e-04  Data: 0.004 (0.006)
2024-04-28 00:17:08,684 - train - INFO - Train: 23 [ 350/781 ( 45%)]  Loss:  3.100039 (3.7772)  Time: 0.218s,  587.29/s  (0.244s,  524.41/s)  LR: 5.422e-04  Data: 0.005 (0.006)
2024-04-28 00:17:21,142 - train - INFO - Train: 23 [ 400/781 ( 51%)]  Loss:  4.293529 (3.7746)  Time: 0.249s,  514.69/s  (0.245s,  523.06/s)  LR: 5.422e-04  Data: 0.005 (0.006)
2024-04-28 00:17:31,927 - train - INFO - Train: 23 [ 450/781 ( 58%)]  Loss:  3.961382 (3.7705)  Time: 0.234s,  547.32/s  (0.241s,  530.03/s)  LR: 5.422e-04  Data: 0.005 (0.006)
2024-04-28 00:17:44,768 - train - INFO - Train: 23 [ 500/781 ( 64%)]  Loss:  3.377755 (3.7700)  Time: 0.226s,  567.19/s  (0.243s,  526.70/s)  LR: 5.422e-04  Data: 0.005 (0.005)
2024-04-28 00:17:57,054 - train - INFO - Train: 23 [ 550/781 ( 71%)]  Loss:  3.387323 (3.7691)  Time: 0.268s,  477.13/s  (0.243s,  526.18/s)  LR: 5.422e-04  Data: 0.008 (0.005)
2024-04-28 00:18:09,476 - train - INFO - Train: 23 [ 600/781 ( 77%)]  Loss:  3.740073 (3.7664)  Time: 0.276s,  463.62/s  (0.244s,  525.25/s)  LR: 5.422e-04  Data: 0.007 (0.005)
2024-04-28 00:18:21,974 - train - INFO - Train: 23 [ 650/781 ( 83%)]  Loss:  4.281260 (3.7668)  Time: 0.218s,  587.59/s  (0.244s,  524.22/s)  LR: 5.422e-04  Data: 0.005 (0.005)
2024-04-28 00:18:32,650 - train - INFO - Train: 23 [ 700/781 ( 90%)]  Loss:  3.469890 (3.7698)  Time: 0.235s,  544.01/s  (0.242s,  528.96/s)  LR: 5.422e-04  Data: 0.007 (0.005)
2024-04-28 00:18:45,033 - train - INFO - Train: 23 [ 750/781 ( 96%)]  Loss:  3.593946 (3.7719)  Time: 0.229s,  558.37/s  (0.242s,  528.14/s)  LR: 5.422e-04  Data: 0.004 (0.005)
2024-04-28 00:18:51,848 - train - INFO - Train: 23 [ 780/781 (100%)]  Loss:  3.672876 (3.7720)  Time: 0.268s,  477.91/s  (0.242s,  529.41/s)  LR: 5.422e-04  Data: 0.000 (0.005)
2024-04-28 00:18:52,108 - train - INFO - Test: [   0/78]  Time: 0.257 (0.257)  Loss:  1.1484 (1.1484)  Acc@1: 75.0000 (75.0000)  Acc@5: 91.4062 (91.4062)
2024-04-28 00:19:01,212 - train - INFO - Test: [  50/78]  Time: 0.156 (0.184)  Loss:  2.3047 (2.2473)  Acc@1: 42.9688 (48.0545)  Acc@5: 72.6562 (74.1115)
2024-04-28 00:19:05,955 - train - INFO - Test: [  78/78]  Time: 0.116 (0.179)  Loss:  2.4629 (2.2572)  Acc@1: 25.0000 (47.9200)  Acc@5: 87.5000 (73.8500)
2024-04-28 00:19:06,357 - train - INFO - Train: 24 [   0/781 (  0%)]  Loss:  3.405885 (3.4059)  Time: 0.299s,  427.56/s  (0.299s,  427.56/s)  LR: 5.415e-04  Data: 0.125 (0.125)
