2024-04-23 14:10:27,303 - train - INFO - Model c10_nas_mobilenetv2 created, param count:2236873
2024-04-23 14:10:27,318 - train - INFO - Using native Torch AMP. Training in mixed precision.
2024-04-23 14:10:27,318 - train - INFO - Scheduled epochs: 11
2024-04-23 14:10:28,375 - train - INFO - Verifying teacher model
2024-04-23 14:10:29,314 - train - INFO - Test: [   0/39]  Time: 0.939 (0.939)  Loss:  0.3928 (0.3928)  Acc@1: 94.1406 (94.1406)  Acc@5: 100.0000 (100.0000)
2024-04-23 14:10:30,162 - train - INFO - Test: [  39/39]  Time: 0.480 (0.045)  Loss:  0.4517 (0.3957)  Acc@1: 93.7500 (94.7100)  Acc@5: 100.0000 (99.8500)
2024-04-23 14:10:30,162 - train - INFO - Verifying initial model in training dataset
2024-04-23 14:10:46,730 - train - INFO - target_block_size:8
2024-04-23 14:10:46,731 - train - INFO - use cal_delta_w
2024-04-23 14:10:47,150 - train - INFO - delta_weights_b1:[0, 0, 0, 0, 0, 0, 0, 0, 0, 0, 0, 0, 0, 0, 0, 0, 0, 0, 0, 0, 0, 0, 0, 0, 0, 0, 0, 0, 0, 0, 0, 0]
2024-04-23 14:10:47,151 - train - INFO - delta_weights_b2:[6.292803764343262, 24.092971801757812, 11.775638580322266, 38.079185485839844, 11.917694091796875, 42.90016555786133, 17.656700134277344, 54.28764343261719, 18.553342819213867, 54.01609802246094, 18.62574005126953, 66.60718536376953, 58.56868362426758, 130.94143676757812, 58.2216682434082, 131.55291748046875, 58.556392669677734, 129.14199829101562, 59.976966857910156, 152.26632690429688, 121.48041534423828, 234.408203125, 121.1324691772461, 234.66981506347656, 124.93982696533203, 296.81781005859375, 312.560546875, 501.6653137207031, 321.5986633300781, 501.15423583984375, 320.19207763671875, 734.0859375]
2024-04-23 14:10:47,151 - train - INFO - delta_weights_b4:[8.518904685974121, 33.241817474365234, 15.04018783569336, 50.56352615356445, 15.440189361572266, 55.68190383911133, 23.979421615600586, 75.11156463623047, 24.835494995117188, 74.86518096923828, 24.76114845275879, 90.46607971191406, 78.73163604736328, 177.55206298828125, 78.35321807861328, 178.55455017089844, 78.51801300048828, 177.37298583984375, 79.85154724121094, 210.01788330078125, 165.2177734375, 316.49127197265625, 165.25494384765625, 317.8054504394531, 167.84437561035156, 405.4069519042969, 420.5130310058594, 683.4200439453125, 437.4690856933594, 686.7288208007812, 435.95477294921875, 1039.912109375]
2024-04-23 14:10:47,151 - train - INFO - delta_weights_b8:[9.159306526184082, 34.54777526855469, 16.448415756225586, 55.46359634399414, 16.549623489379883, 59.98521423339844, 25.487550735473633, 78.57910919189453, 26.115907669067383, 80.7924575805664, 26.69559097290039, 95.09253692626953, 83.3950424194336, 190.76429748535156, 83.85157012939453, 192.41195678710938, 82.28910064697266, 189.0816650390625, 85.27162170410156, 223.5513458251953, 173.2354736328125, 336.66644287109375, 175.4852294921875, 337.90423583984375, 179.0224151611328, 434.2424011230469, 447.4466552734375, 728.7886962890625, 469.1636047363281, 736.2730712890625, 467.3356018066406, 1138.0111083984375]
2024-04-23 14:10:47,151 - train - INFO - delta_weights_b16:[9.03792953491211, 34.54777526855469, 16.448415756225586, 55.46359634399414, 16.549623489379883, 59.50605010986328, 25.465190887451172, 77.71179962158203, 25.581146240234375, 80.3733139038086, 26.040103912353516, 95.43717956542969, 82.53491973876953, 188.2270965576172, 83.12611389160156, 191.02662658691406, 82.74980926513672, 188.13352966308594, 84.08204650878906, 218.9453887939453, 173.1461944580078, 334.6080627441406, 174.23797607421875, 335.9947814941406, 179.59056091308594, 426.7774353027344, 443.3993835449219, 720.8544311523438, 467.1299743652344, 731.443359375, 465.4259338378906, 1131.6495361328125]
2024-04-23 14:10:47,954 - train - INFO - cir_idx:[3, 5, 6, 8, 9, 11, 12, 14, 15, 17, 18, 20, 21, 23, 24, 26, 27, 29, 30, 32, 33, 35, 36, 38, 39, 41, 42, 44, 45, 47, 48, 50]
2024-04-23 14:10:47,955 - train - INFO - len params:32
2024-04-23 14:10:47,955 - train - INFO - params[0].shape:torch.Size([96, 16, 1, 1])
2024-04-23 14:10:47,965 - train - INFO - sensitivity_b2:[3.0618949317998394e-15, 4.425946202146324e-15, 2.382754502603182e-15, 3.1012684113200083e-15, 4.776545844509088e-15, 4.1483294596178326e-15, 1.597157066771473e-15, 1.8556217590878343e-15, 1.5357152026017774e-15, 1.5707110040922992e-15, 3.639309668646571e-15, 3.208019761904231e-15, 9.462430576299996e-16, 1.1036863654920767e-15, 8.65630984979367e-16, 9.765899187895162e-16, 8.470885867310231e-16, 8.076893256455222e-16, 3.2744894018905913e-15, 2.650547780525892e-15, 1.3225265388985266e-15, 1.2627789523815764e-15, 1.2455702075086844e-15, 9.865232859202042e-16, 1.7946650330386785e-15, 1.1538750793201437e-15, 4.95550273044024e-16, 5.539010492913927e-16, 5.496987600213865e-16, 3.613186854915893e-16, 6.638152209006629e-16, 1.3014003460539223e-16]
2024-04-23 14:10:47,965 - train - INFO - sensitivity_b4:[6.7631193207589105e-15, 9.163116873069348e-15, 4.404562855392889e-15, 6.4055070926258284e-15, 1.0356296610482697e-14, 8.050453546523152e-15, 3.3215886689226667e-15, 3.8616071129063574e-15, 3.0312039635055008e-15, 3.3195259319378657e-15, 7.2215454102742e-15, 7.0026932725273695e-15, 1.9007163108919955e-15, 2.301923630754362e-15, 1.8630028041902082e-15, 2.01605636380314e-15, 1.775671377987685e-15, 1.7744829907626871e-15, 6.954676668813418e-15, 5.490500598387318e-15, 2.5773308878399405e-15, 2.5874650017791278e-15, 2.5772663015777124e-15, 1.976406751542166e-15, 3.924476862866887e-15, 2.427288318596261e-15, 1.0383975953133073e-15, 1.1881928309363885e-15, 1.1790616040067503e-15, 7.647295086266786e-16, 1.4093033702788351e-15, 2.9636698148626786e-16]
2024-04-23 14:10:47,966 - train - INFO - sensitivity_b8:[1.1801615186404074e-14, 1.3635297521608601e-14, 6.8006945493320585e-15, 9.821780704282607e-15, 1.4784062239399723e-14, 1.1526038099212571e-14, 4.563487835637951e-15, 5.360702116583016e-15, 4.3610147739921775e-15, 4.951294247241807e-15, 1.0660046860532825e-14, 1.0091930004348104e-14, 2.6439133949665225e-15, 3.3230193075705792e-15, 2.6925191100952896e-15, 2.9395107411410914e-15, 2.529730812577801e-15, 2.60921469028225e-15, 1.0284281869307136e-14, 7.942884597386592e-15, 3.8591092127449045e-15, 3.847083038959788e-15, 3.7467968791037205e-15, 2.8992887463660105e-15, 5.885581328942194e-15, 3.591468824269174e-15, 1.512748963028161e-15, 1.7384838787461426e-15, 1.7867558628936915e-15, 1.1444754488253443e-15, 2.1666135055622765e-15, 4.857295612953208e-16]
2024-04-23 14:10:47,966 - train - INFO - sensitivity_b16:[1.5149880522725805e-14, 1.3635297521608601e-14, 6.8006945493320585e-15, 9.821780704282607e-15, 1.4784062239399723e-14, 1.4599483595797644e-14, 5.5347402821894626e-15, 6.8005429304345e-15, 5.576184757265668e-15, 6.061391063957823e-15, 1.349359737986243e-14, 1.2274156232952409e-14, 3.243918288758289e-15, 4.166348391504773e-15, 3.3293025979733116e-15, 3.631422944874686e-15, 3.09986276014404e-15, 3.1431802368248616e-15, 1.259541888918702e-14, 9.877639986055186e-15, 4.7974349475378e-15, 4.7779773301899475e-15, 4.6572061020210085e-15, 3.683897906506511e-15, 7.535122089545425e-15, 4.52922831753683e-15, 1.8737796043781247e-15, 2.160426988673768e-15, 2.2701385076504075e-15, 1.4658234436293912e-15, 2.8237653829646858e-15, 6.528887605788784e-16]
2024-04-23 14:10:48,034 - train - INFO - result:[ 2  2  4  2  2  1 16  8  8  8  1  2 16 16 16 16 16 16  2  4 16 16 16 16
 16 16 16 16 16 16 16 16]
2024-04-23 14:10:48,035 - train - INFO - origin_latency:641.3499963283539
2024-04-23 14:10:48,035 - train - INFO - current_latency-origin_latency:-8.3300049304962162024-04-23 19:23:33,022 - train - INFO - Model c10_nas_mobilenetv2 created, param count:2236873
2024-04-23 19:23:33,038 - train - INFO - Using native Torch AMP. Training in mixed precision.
2024-04-23 19:23:33,038 - train - INFO - Scheduled epochs: 11
2024-04-23 19:23:34,435 - train - INFO - Verifying teacher model
2024-04-23 19:23:35,534 - train - INFO - Test: [   0/39]  Time: 1.097 (1.097)  Loss:  0.3928 (0.3928)  Acc@1: 94.1406 (94.1406)  Acc@5: 100.0000 (100.0000)
2024-04-23 19:23:36,142 - train - INFO - Test: [  39/39]  Time: 0.335 (0.043)  Loss:  0.4517 (0.3957)  Acc@1: 93.7500 (94.7100)  Acc@5: 100.0000 (99.8500)
2024-04-23 19:23:36,142 - train - INFO - Verifying initial model in training dataset
2024-04-23 19:23:53,204 - train - INFO - len loader.dataset:50000
2024-04-23 19:23:53,318 - train - INFO - target_block_size:4
2024-04-23 19:23:53,318 - train - INFO - use cal_delta_w
2024-04-23 19:23:53,705 - train - INFO - delta_weights_b1:[0, 0, 0, 0, 0, 0, 0, 0, 0, 0, 0, 0, 0, 0, 0, 0, 0, 0, 0, 0, 0, 0, 0, 0, 0, 0, 0, 0, 0, 0, 0, 0]
2024-04-23 19:23:53,705 - train - INFO - delta_weights_b2:[6.295716762542725, 24.132354736328125, 11.809853553771973, 38.00860595703125, 11.97273063659668, 42.91986846923828, 17.662179946899414, 54.31239318847656, 18.53829574584961, 54.02586364746094, 18.632226943969727, 66.5335922241211, 58.6446647644043, 130.9154510498047, 58.275455474853516, 131.63983154296875, 58.538719177246094, 129.35020446777344, 59.977298736572266, 152.39019775390625, 121.39593505859375, 234.60919189453125, 121.0176010131836, 234.807861328125, 124.86040496826172, 296.7623291015625, 312.5816650390625, 501.5262145996094, 321.54840087890625, 501.2696228027344, 320.2714538574219, 734.146728515625]
2024-04-23 19:23:53,705 - train - INFO - delta_weights_b4:[8.495298385620117, 33.29995346069336, 15.049851417541504, 50.640296936035156, 15.464692115783691, 55.7440185546875, 23.953449249267578, 75.15775299072266, 24.799673080444336, 74.7891845703125, 24.793476104736328, 90.4325942993164, 78.7685546875, 177.49322509765625, 78.39330291748047, 178.62237548828125, 78.5813217163086, 177.38613891601562, 79.8751220703125, 209.9454803466797, 165.22169494628906, 316.617919921875, 165.29437255859375, 317.8061218261719, 167.69065856933594, 405.4193115234375, 420.4135437011719, 683.590576171875, 437.4071960449219, 686.6175537109375, 435.8026428222656, 1039.896728515625]
2024-04-23 19:23:53,705 - train - INFO - delta_weights_b8:[9.15389633178711, 34.67718505859375, 16.54120635986328, 55.52537536621094, 16.562774658203125, 60.067623138427734, 25.47577476501465, 78.57852935791016, 26.060991287231445, 80.78697204589844, 26.701730728149414, 95.09748077392578, 83.42847442626953, 190.7291717529297, 83.84456634521484, 192.45904541015625, 82.40575408935547, 189.2115936279297, 85.2441635131836, 223.46163940429688, 173.29791259765625, 336.7004699707031, 175.50726318359375, 338.0098571777344, 179.02943420410156, 434.2996520996094, 447.3329772949219, 728.8350219726562, 468.99383544921875, 736.1517333984375, 467.38543701171875, 1137.9962158203125]
2024-04-23 19:23:53,705 - train - INFO - delta_weights_b16:[9.048843383789062, 34.67718505859375, 16.54120635986328, 55.52537536621094, 16.562774658203125, 59.42255783081055, 25.45273780822754, 77.79971313476562, 25.54293441772461, 80.41007995605469, 26.067846298217773, 95.4035873413086, 82.56266784667969, 188.14874267578125, 83.08452606201172, 191.157958984375, 82.78702545166016, 188.32347106933594, 84.12824249267578, 218.8883056640625, 173.10726928710938, 334.5885314941406, 174.29458618164062, 336.061767578125, 179.60983276367188, 426.8058166503906, 443.3251647949219, 720.8538208007812, 467.0592346191406, 731.491943359375, 465.44122314453125, 1131.652099609375]
2024-04-23 19:23:54,484 - train - INFO - cir_idx:[3, 5, 6, 8, 9, 11, 12, 14, 15, 17, 18, 20, 21, 23, 24, 26, 27, 29, 30, 32, 33, 35, 36, 38, 39, 41, 42, 44, 45, 47, 48, 50]
2024-04-23 19:23:54,484 - train - INFO - len params:32
2024-04-23 19:23:54,484 - train - INFO - params[0].shape:torch.Size([96, 16, 1, 1])
2024-04-23 19:23:54,498 - train - INFO - sensitivity_b2:[3.1257997560219138e-15, 4.5460728382424025e-15, 2.4159493002896045e-15, 3.1506351855518835e-15, 4.767391112415163e-15, 4.185340987764583e-15, 1.5998557137414252e-15, 1.856574882911732e-15, 1.5449177920572217e-15, 1.5575177247849846e-15, 3.603641534754166e-15, 3.1908582391181484e-15, 9.461675658185755e-16, 1.1037578338970013e-15, 8.641147430642226e-16, 9.68696312874935e-16, 8.427838064743991e-16, 8.0426212446181285e-16, 3.261076211654346e-15, 2.6382509797141275e-15, 1.324325213362021e-15, 1.2615697069702525e-15, 1.2463213139746621e-15, 9.86138521203914e-16, 1.794798440727871e-15, 1.1534051877926544e-15, 4.944685590308211e-16, 5.527656545651575e-16, 5.492172217908724e-16, 3.6172658479525143e-16, 6.645364694552499e-16, 1.3006701771836094e-16]
2024-04-23 19:23:54,499 - train - INFO - sensitivity_b4:[6.8943247242886016e-15, 9.457035611700696e-15, 4.459415014991183e-15, 6.468655092909531e-15, 1.0388678680056228e-14, 8.143898221264247e-15, 3.3147461250165097e-15, 3.862143284761969e-15, 3.0325719217153164e-15, 3.2919022817037716e-15, 7.195254354624373e-15, 6.982207780698024e-15, 1.896090452208803e-15, 2.301709966693417e-15, 1.8649823201879415e-15, 2.004202349464553e-15, 1.7623058333547225e-15, 1.7708721951876605e-15, 6.92811456262047e-15, 5.474730538975337e-15, 2.577515329264205e-15, 2.5863871523537467e-15, 2.572066789830992e-15, 1.977338276025909e-15, 3.92710901775048e-15, 2.4239457148281587e-15, 1.037114869793809e-15, 1.1856764019292144e-15, 1.179352771582369e-15, 7.656145521774409e-16, 1.4112454050686524e-15, 2.9623579725856185e-16]
2024-04-23 19:23:54,499 - train - INFO - sensitivity_b8:[1.205711759274565e-14, 1.4025815285676618e-14, 6.893053327834773e-15, 9.935088301636814e-15, 1.482077434139962e-14, 1.1626618179501336e-14, 4.546100790329662e-15, 5.347861944135588e-15, 4.346069301154349e-15, 4.909768880519139e-15, 1.0635691275167475e-14, 1.0049331023364791e-14, 2.6377990876367673e-15, 3.320099373243157e-15, 2.6925610382261787e-15, 2.9263993063923053e-15, 2.5154680482954595e-15, 2.602071237921581e-15, 1.0269884003269707e-14, 7.920046895062722e-15, 3.858178747052346e-15, 3.848055009266762e-15, 3.738855098190264e-15, 2.901640533344062e-15, 5.881874712765009e-15, 3.5866386188874565e-15, 1.5109106897743824e-15, 1.735273941513404e-15, 1.7862603486195477e-15, 1.1453625040793564e-15, 2.1695232754943318e-15, 4.855209264925003e-16]
2024-04-23 19:23:54,499 - train - INFO - sensitivity_b16:[1.5400124548530826e-14, 1.4025815285676618e-14, 6.893053327834773e-15, 9.935088301636814e-15, 1.482077434139962e-14, 1.4737839651468056e-14, 5.509599497282008e-15, 6.7678161184514356e-15, 5.549498137229474e-15, 6.0127853488290556e-15, 1.3442784720389591e-14, 1.2244171266619606e-14, 3.2362960510241845e-15, 4.162449498848562e-15, 3.3297015504914684e-15, 3.6144009707666635e-15, 3.0806507823508914e-15, 3.1363152465456023e-15, 1.2571064150854617e-14, 9.850063981424375e-15, 4.799442415622792e-15, 4.77941728620028e-15, 4.647905680260156e-15, 3.686048523159589e-15, 7.531759368744825e-15, 4.519959235995026e-15, 1.8711057331218797e-15, 2.1572415095173813e-15, 2.2683618560435416e-15, 1.4664517303180171e-15, 2.828170166048645e-15, 6.526136866292576e-16]
2024-04-23 19:23:54,582 - train - INFO - result:[ 1  1  2  1  1  1  4  2  4  4  1  1 16  8  8  8 16 16  1  1  4  4  4  4
  2  4 16 16 16 16 16 16]
2024-04-23 19:23:54,583 - train - INFO - origin_latency:1251.299994468689
2024-04-23 19:23:54,583 - train - INFO - current_latency-origin_latency:-14.800015449523926
2024-04-23 19:24:28,823 - train - INFO - Model c10_nas_mobilenetv2 created, param count:2236873
2024-04-23 19:24:28,839 - train - INFO - Using native Torch AMP. Training in mixed precision.
2024-04-23 19:24:28,839 - train - INFO - Scheduled epochs: 11
2024-04-23 19:24:30,064 - train - INFO - Verifying teacher model
2024-04-23 19:24:31,149 - train - INFO - Test: [   0/39]  Time: 1.084 (1.084)  Loss:  0.3928 (0.3928)  Acc@1: 94.1406 (94.1406)  Acc@5: 100.0000 (100.0000)
2024-04-23 19:24:31,920 - train - INFO - Test: [  39/39]  Time: 0.364 (0.046)  Loss:  0.4517 (0.3957)  Acc@1: 93.7500 (94.7100)  Acc@5: 100.0000 (99.8500)
2024-04-23 19:24:31,920 - train - INFO - Verifying initial model in training dataset
2024-04-23 19:24:49,099 - train - INFO - len loader.dataset:50000
2024-04-23 19:24:49,226 - train - INFO - target_block_size:2
2024-04-23 19:24:49,226 - train - INFO - use cal_delta_w
2024-04-23 19:24:49,630 - train - INFO - delta_weights_b1:[0, 0, 0, 0, 0, 0, 0, 0, 0, 0, 0, 0, 0, 0, 0, 0, 0, 0, 0, 0, 0, 0, 0, 0, 0, 0, 0, 0, 0, 0, 0, 0]
2024-04-23 19:24:49,630 - train - INFO - delta_weights_b2:[6.295716762542725, 24.132354736328125, 11.809853553771973, 38.00860595703125, 11.97273063659668, 42.91986846923828, 17.662179946899414, 54.31239318847656, 18.53829574584961, 54.02586364746094, 18.632226943969727, 66.5335922241211, 58.6446647644043, 130.9154510498047, 58.275455474853516, 131.63983154296875, 58.538719177246094, 129.35020446777344, 59.977298736572266, 152.39019775390625, 121.39593505859375, 234.60919189453125, 121.0176010131836, 234.807861328125, 124.86040496826172, 296.7623291015625, 312.5816650390625, 501.5262145996094, 321.54840087890625, 501.2696228027344, 320.2714538574219, 734.146728515625]
2024-04-23 19:24:49,630 - train - INFO - delta_weights_b4:[8.495298385620117, 33.29995346069336, 15.049851417541504, 50.640296936035156, 15.464692115783691, 55.7440185546875, 23.953449249267578, 75.15775299072266, 24.799673080444336, 74.7891845703125, 24.793476104736328, 90.4325942993164, 78.7685546875, 177.49322509765625, 78.39330291748047, 178.62237548828125, 78.5813217163086, 177.38613891601562, 79.8751220703125, 209.9454803466797, 165.22169494628906, 316.617919921875, 165.29437255859375, 317.8061218261719, 167.69065856933594, 405.4193115234375, 420.4135437011719, 683.590576171875, 437.4071960449219, 686.6175537109375, 435.8026428222656, 1039.896728515625]
2024-04-23 19:24:49,630 - train - INFO - delta_weights_b8:[9.15389633178711, 34.67718505859375, 16.54120635986328, 55.52537536621094, 16.562774658203125, 60.067623138427734, 25.47577476501465, 78.57852935791016, 26.060991287231445, 80.78697204589844, 26.701730728149414, 95.09748077392578, 83.42847442626953, 190.7291717529297, 83.84456634521484, 192.45904541015625, 82.40575408935547, 189.2115936279297, 85.2441635131836, 223.46163940429688, 173.29791259765625, 336.7004699707031, 175.50726318359375, 338.0098571777344, 179.02943420410156, 434.2996520996094, 447.3329772949219, 728.8350219726562, 468.99383544921875, 736.1517333984375, 467.38543701171875, 1137.9962158203125]
2024-04-23 19:24:49,630 - train - INFO - delta_weights_b16:[9.048843383789062, 34.67718505859375, 16.54120635986328, 55.52537536621094, 16.562774658203125, 59.42255783081055, 25.45273780822754, 77.79971313476562, 25.54293441772461, 80.41007995605469, 26.067846298217773, 95.4035873413086, 82.56266784667969, 188.14874267578125, 83.08452606201172, 191.157958984375, 82.78702545166016, 188.32347106933594, 84.12824249267578, 218.8883056640625, 173.10726928710938, 334.5885314941406, 174.29458618164062, 336.061767578125, 179.60983276367188, 426.8058166503906, 443.3251647949219, 720.8538208007812, 467.0592346191406, 731.491943359375, 465.44122314453125, 1131.652099609375]
2024-04-23 19:24:50,411 - train - INFO - cir_idx:[3, 5, 6, 8, 9, 11, 12, 14, 15, 17, 18, 20, 21, 23, 24, 26, 27, 29, 30, 32, 33, 35, 36, 38, 39, 41, 42, 44, 45, 47, 48, 50]
2024-04-23 19:24:50,412 - train - INFO - len params:32
2024-04-23 19:24:50,412 - train - INFO - params[0].shape:torch.Size([96, 16, 1, 1])
2024-04-23 19:24:50,427 - train - INFO - sensitivity_b2:[3.1257997560219138e-15, 4.5460728382424025e-15, 2.4159493002896045e-15, 3.1506351855518835e-15, 4.767391112415163e-15, 4.185340987764583e-15, 1.5998557137414252e-15, 1.856574882911732e-15, 1.5449177920572217e-15, 1.5575177247849846e-15, 3.603641534754166e-15, 3.1908582391181484e-15, 9.461675658185755e-16, 1.1037578338970013e-15, 8.641147430642226e-16, 9.68696312874935e-16, 8.427838064743991e-16, 8.0426212446181285e-16, 3.261076211654346e-15, 2.6382509797141275e-15, 1.324325213362021e-15, 1.2615697069702525e-15, 1.2463213139746621e-15, 9.86138521203914e-16, 1.794798440727871e-15, 1.1534051877926544e-15, 4.944685590308211e-16, 5.527656545651575e-16, 5.492172217908724e-16, 3.6172658479525143e-16, 6.645364694552499e-16, 1.3006701771836094e-16]
2024-04-23 19:24:50,427 - train - INFO - sensitivity_b4:[6.8943247242886016e-15, 9.457035611700696e-15, 4.459415014991183e-15, 6.468655092909531e-15, 1.0388678680056228e-14, 8.143898221264247e-15, 3.3147461250165097e-15, 3.862143284761969e-15, 3.0325719217153164e-15, 3.2919022817037716e-15, 7.195254354624373e-15, 6.982207780698024e-15, 1.896090452208803e-15, 2.301709966693417e-15, 1.8649823201879415e-15, 2.004202349464553e-15, 1.7623058333547225e-15, 1.7708721951876605e-15, 6.92811456262047e-15, 5.474730538975337e-15, 2.577515329264205e-15, 2.5863871523537467e-15, 2.572066789830992e-15, 1.977338276025909e-15, 3.92710901775048e-15, 2.4239457148281587e-15, 1.037114869793809e-15, 1.1856764019292144e-15, 1.179352771582369e-15, 7.656145521774409e-16, 1.4112454050686524e-15, 2.9623579725856185e-16]
2024-04-23 19:24:50,427 - train - INFO - sensitivity_b8:[1.205711759274565e-14, 1.4025815285676618e-14, 6.893053327834773e-15, 9.935088301636814e-15, 1.482077434139962e-14, 1.1626618179501336e-14, 4.546100790329662e-15, 5.347861944135588e-15, 4.346069301154349e-15, 4.909768880519139e-15, 1.0635691275167475e-14, 1.0049331023364791e-14, 2.6377990876367673e-15, 3.320099373243157e-15, 2.6925610382261787e-15, 2.9263993063923053e-15, 2.5154680482954595e-15, 2.602071237921581e-15, 1.0269884003269707e-14, 7.920046895062722e-15, 3.858178747052346e-15, 3.848055009266762e-15, 3.738855098190264e-15, 2.901640533344062e-15, 5.881874712765009e-15, 3.5866386188874565e-15, 1.5109106897743824e-15, 1.735273941513404e-15, 1.7862603486195477e-15, 1.1453625040793564e-15, 2.1695232754943318e-15, 4.855209264925003e-16]
2024-04-23 19:24:50,428 - train - INFO - sensitivity_b16:[1.5400124548530826e-14, 1.4025815285676618e-14, 6.893053327834773e-15, 9.935088301636814e-15, 1.482077434139962e-14, 1.4737839651468056e-14, 5.509599497282008e-15, 6.7678161184514356e-15, 5.549498137229474e-15, 6.0127853488290556e-15, 1.3442784720389591e-14, 1.2244171266619606e-14, 3.2362960510241845e-15, 4.162449498848562e-15, 3.3297015504914684e-15, 3.6144009707666635e-15, 3.0806507823508914e-15, 3.1363152465456023e-15, 1.2571064150854617e-14, 9.850063981424375e-15, 4.799442415622792e-15, 4.77941728620028e-15, 4.647905680260156e-15, 3.686048523159589e-15, 7.531759368744825e-15, 4.519959235995026e-15, 1.8711057331218797e-15, 2.1572415095173813e-15, 2.2683618560435416e-15, 1.4664517303180171e-15, 2.828170166048645e-15, 6.526136866292576e-16]
2024-04-23 19:24:50,511 - train - INFO - result:[ 1  1  1  1  1  1  1  1  2  1  1  1  2  2  2  2  2  2  1  1  1  1  1  2
  1  2 16 16 16 16  4 16]
2024-04-23 19:24:50,512 - train - INFO - origin_latency:2383.899984359741
2024-04-23 19:24:50,512 - train - INFO - current_latency-origin_latency:-15.460033416748047
2024-04-23 21:53:45,719 - train - INFO - Model c10_nas_mobilenetv2 created, param count:2236873
2024-04-23 21:53:45,774 - train - INFO - Using native Torch AMP. Training in mixed precision.
2024-04-23 21:53:45,774 - train - INFO - Scheduled epochs: 11
