2024-04-17 15:34:19,881 - train - INFO - Model c100_nas_mobilenetv2 created, param count:2352163
2024-04-17 15:34:20,191 - train - INFO - Using native Torch AMP. Training in mixed precision.
2024-04-17 15:34:20,191 - train - INFO - Scheduled epochs: 11
2024-04-17 15:34:21,551 - train - INFO - Verifying initial model
2024-04-17 15:34:22,640 - train - INFO - Test: [   0/39]  Time: 1.088 (1.088)  Loss:  0.9492 (0.9492)  Acc@1: 80.8594 (80.8594)  Acc@5: 95.3125 (95.3125)
2024-04-17 15:34:23,726 - train - INFO - Test: [  39/39]  Time: 0.347 (0.054)  Loss:  1.1045 (0.9844)  Acc@1: 75.0000 (78.7000)  Acc@5: 93.7500 (95.1000)
2024-04-17 15:35:48,793 - train - INFO - len trace:53
2024-04-17 15:35:48,989 - train - INFO - cir_idx:[3, 5, 6, 8, 9, 11, 12, 14, 15, 17, 18, 20, 21, 23, 24, 26, 27, 29, 30, 32, 33, 35, 36, 38, 39, 41, 42, 44, 45, 47, 48, 50]
2024-04-17 15:35:48,989 - train - INFO - len traces:(53,)
2024-04-17 15:35:48,990 - train - INFO - traces:[3.18790167e+00 9.40040268e+00 7.01304406e-01 7.82899525e-02
 1.60572639e+00 9.43663945e-02 3.13656129e-02 3.07513074e-01
 4.67219302e-02 5.15556855e-02 1.48745308e-01 5.72517875e-02
 4.19542546e-03 9.24344301e-02 8.00798767e-03 3.90369132e-03
 8.34546464e-02 5.41958512e-03 3.58817388e-02 9.11183118e-02
 2.34678891e-02 7.71491396e-04 1.40757819e-02 1.22115886e-03
 1.09212182e-03 1.24909018e-02 6.50227846e-04 8.15508311e-04
 1.43628094e-02 9.50393007e-04 5.02020688e-03 4.45518583e-02
 3.50991111e-03 3.97386441e-04 1.29864066e-02 7.91846426e-04
 6.77791448e-04 1.42714120e-02 7.48304738e-04 2.98611408e-03
 2.27707415e-02 2.58481872e-03 2.98138864e-04 1.54316318e-02
 5.52669303e-04 5.37118115e-04 1.76982138e-02 6.50177773e-04
 2.06824933e-03 2.82596388e-02 3.40220781e-04 6.64944744e-05
 3.82849960e-04]
2024-04-17 15:35:48,991 - train - INFO - len params:32
2024-04-17 15:35:48,991 - train - INFO - params[0].shape:torch.Size([96, 16, 1, 1])
2024-04-17 15:35:48,991 - train - INFO - delta_weights_b1:[0, 0, 0, 0, 0, 0, 0, 0, 0, 0, 0, 0, 0, 0, 0, 0, 0, 0, 0, 0, 0, 0, 0, 0, 0, 0, 0, 0, 0, 0, 0, 0]
2024-04-17 15:35:48,991 - train - INFO - delta_weights_b2:[2.1211090087890625, 4.398468494415283, 4.397817611694336, 6.499355792999268, 4.516099452972412, 8.07382869720459, 7.979457378387451, 10.233357429504395, 7.7054362297058105, 10.29725456237793, 7.647948265075684, 17.491016387939453, 29.37383270263672, 34.758880615234375, 29.876224517822266, 34.71506881713867, 29.96062469482422, 34.74490737915039, 30.036462783813477, 48.84161376953125, 66.59571075439453, 75.50495147705078, 66.99635314941406, 74.9271011352539, 67.04814910888672, 115.57636260986328, 183.20358276367188, 196.36936950683594, 185.1612091064453, 198.6401824951172, 186.16217041015625, 390.20928955078125]
2024-04-17 15:35:48,991 - train - INFO - delta_weights_b4:[3.286313056945801, 6.505547046661377, 6.829761028289795, 9.637761116027832, 6.717442035675049, 11.765863418579102, 11.806131362915039, 15.424840927124023, 11.684741973876953, 15.775618553161621, 11.524399757385254, 26.025793075561523, 44.24773406982422, 52.713157653808594, 44.304046630859375, 52.111061096191406, 44.43209457397461, 51.683101654052734, 44.92831039428711, 73.64009857177734, 99.72699737548828, 112.45723724365234, 100.84756469726562, 113.14893341064453, 101.06575012207031, 173.77842712402344, 274.4544677734375, 295.7334899902344, 277.60540771484375, 298.0032958984375, 278.210205078125, 586.3208618164062]
2024-04-17 15:35:48,991 - train - INFO - delta_weights_b8:[3.7095344066619873, 7.507622241973877, 7.980517387390137, 11.204179763793945, 7.878798961639404, 13.6984281539917, 13.612157821655273, 18.03481101989746, 13.594865798950195, 18.080062866210938, 13.466148376464844, 30.27025032043457, 51.846473693847656, 60.91415786743164, 52.05807876586914, 60.59061050415039, 52.66471481323242, 60.19569396972656, 52.39989471435547, 86.22254180908203, 116.2772445678711, 131.4506072998047, 117.12399291992188, 131.8737335205078, 117.45819854736328, 202.6791229248047, 320.62109375, 344.7933349609375, 323.040771484375, 347.8284606933594, 323.9530334472656, 683.2836303710938]
2024-04-17 15:35:48,991 - train - INFO - delta_weights_b16:[3.9114699363708496, 7.507622241973877, 7.980517387390137, 11.204179763793945, 7.878798961639404, 14.709468841552734, 14.665989875793457, 19.143428802490234, 14.623311042785645, 19.479148864746094, 14.573399543762207, 32.45427322387695, 55.572593688964844, 65.09455871582031, 56.095726013183594, 64.94096374511719, 56.28171920776367, 64.4314956665039, 56.18876266479492, 92.22982025146484, 124.81372833251953, 141.10977172851562, 125.34210968017578, 141.16835021972656, 125.76979064941406, 217.3460693359375, 343.2186584472656, 369.6793212890625, 346.6077575683594, 372.6943054199219, 346.75372314453125, 732.71240234375]
2024-04-17 15:35:48,991 - train - INFO - delta_weights_b32:[]
2024-04-17 15:35:48,996 - train - INFO - sensitivity_b2:[0.16606152 0.41506761 0.13794024 0.30366245 0.2328306  0.46224112
 0.03347722 0.0819486  0.03007964 0.05580685 0.27442168 0.41047723
 0.02266166 0.04244611 0.03262848 0.0225727  0.02443314 0.03302132
 0.15078926 0.17142972 0.02646423 0.05978833 0.04540956 0.0560683
 0.20021342 0.29874395 0.05462011 0.10852732 0.09945344 0.12915143
 0.38502978 0.13275731]
2024-04-17 15:35:48,996 - train - INFO - sensitivity_b4:[0.25728529 0.61390502 0.21421964 0.4502948  0.34632233 0.67361671
 0.04953174 0.12352194 0.04561363 0.08549731 0.4135155  0.61077042
 0.03413675 0.06437114 0.04838542 0.03388406 0.03623474 0.04911926
 0.22554941 0.2584702  0.03963016 0.08904886 0.06835362 0.08466988
 0.30179386 0.44918573 0.08182554 0.16344282 0.14910689 0.19375512
 0.57540807 0.19947854]
2024-04-17 15:35:48,996 - train - INFO - sensitivity_b8:[0.29041927 0.70846724 0.25031382 0.5234809  0.40619688 0.7842595
 0.05710879 0.14442254 0.05307016 0.09798644 0.48318882 0.71037888
 0.03999911 0.07438586 0.05685376 0.0393977  0.04294851 0.05720957
 0.26305831 0.30263346 0.046207   0.10408869 0.07938564 0.09868174
 0.35074358 0.52388879 0.09558961 0.19055669 0.17351105 0.22615033
 0.67001565 0.23246729]
2024-04-17 15:35:48,997 - train - INFO - sensitivity_b16:[0.3062288  0.70846724 0.25031382 0.5234809  0.40619688 0.84214338
 0.06153007 0.15330034 0.05708489 0.10556891 0.52291892 0.76163328
 0.04287378 0.0794908  0.06126337 0.04222642 0.04589821 0.06123524
 0.28207921 0.32371847 0.04959928 0.11173727 0.08495581 0.10563695
 0.37556294 0.56180019 0.10232682 0.20431041 0.18616931 0.24231755
 0.71717316 0.24928399]
2024-04-17 15:35:49,068 - train - INFO - result:[ 1  1  8  1  4  1 16 16 16 16  1  1 16 16 16 16 16 16 16 16 16 16 16 16
 16 16 16 16 16 16 16 16]
2024-04-17 15:35:49,068 - train - INFO - origin_latency:641.3499963283539
2024-04-17 15:35:49,069 - train - INFO - current_latency-origin_latency:-4.520004034042358
2024-04-17 15:38:39,154 - train - INFO - Model c100_nas_mobilenetv2 created, param count:2352163
2024-04-17 15:38:39,474 - train - INFO - Using native Torch AMP. Training in mixed precision.
2024-04-17 15:38:39,474 - train - INFO - Scheduled epochs: 11
2024-04-17 15:38:40,891 - train - INFO - Verifying initial model
2024-04-17 15:38:41,980 - train - INFO - Test: [   0/39]  Time: 1.088 (1.088)  Loss:  0.9492 (0.9492)  Acc@1: 80.8594 (80.8594)  Acc@5: 95.3125 (95.3125)
2024-04-17 15:38:43,237 - train - INFO - Test: [  39/39]  Time: 0.387 (0.059)  Loss:  1.1045 (0.9844)  Acc@1: 75.0000 (78.7000)  Acc@5: 93.7500 (95.1000)
2024-04-17 15:40:07,078 - train - INFO - len trace:53
2024-04-17 15:40:07,290 - train - INFO - cir_idx:[3, 5, 6, 8, 9, 11, 12, 14, 15, 17, 18, 20, 21, 23, 24, 26, 27, 29, 30, 32, 33, 35, 36, 38, 39, 41, 42, 44, 45, 47, 48, 50]
2024-04-17 15:40:07,290 - train - INFO - len traces:(53,)
2024-04-17 15:40:07,291 - train - INFO - traces:[3.18294442e+00 9.39172498e+00 6.98741996e-01 7.78471266e-02
 1.60144288e+00 9.41795160e-02 3.13967654e-02 3.08000277e-01
 4.67530627e-02 5.14166261e-02 1.48914073e-01 5.72080108e-02
 4.19433092e-03 9.24776795e-02 8.05331901e-03 3.88133152e-03
 8.32393834e-02 5.42169163e-03 3.59000126e-02 9.08126705e-02
 2.33988887e-02 7.74772826e-04 1.40994546e-02 1.22077357e-03
 1.09875044e-03 1.23935051e-02 6.47917210e-04 8.19878190e-04
 1.43254851e-02 9.51438232e-04 5.04767550e-03 4.45273803e-02
 3.49683926e-03 3.96936886e-04 1.28999487e-02 7.92765632e-04
 6.74565091e-04 1.42955520e-02 7.50902319e-04 2.99058275e-03
 2.26432393e-02 2.58727434e-03 2.95892969e-04 1.54592874e-02
 5.53236121e-04 5.35028230e-04 1.77197605e-02 6.49855575e-04
 2.06857390e-03 2.82896597e-02 3.40343815e-04 6.61328348e-05
 3.83191008e-04]
2024-04-17 15:40:07,291 - train - INFO - len params:32
2024-04-17 15:40:07,291 - train - INFO - params[0].shape:torch.Size([96, 16, 1, 1])
2024-04-17 15:40:07,291 - train - INFO - delta_weights_b1:[0, 0, 0, 0, 0, 0, 0, 0, 0, 0, 0, 0, 0, 0, 0, 0, 0, 0, 0, 0, 0, 0, 0, 0, 0, 0, 0, 0, 0, 0, 0, 0]
2024-04-17 15:40:07,291 - train - INFO - delta_weights_b2:[2.1211090087890625, 4.398468494415283, 4.397817611694336, 6.499355792999268, 4.516099452972412, 8.07382869720459, 7.979457378387451, 10.233357429504395, 7.7054362297058105, 10.29725456237793, 7.647948265075684, 17.491016387939453, 29.37383270263672, 34.758880615234375, 29.876224517822266, 34.71506881713867, 29.96062469482422, 34.74490737915039, 30.036462783813477, 48.84161376953125, 66.59571075439453, 75.50495147705078, 66.99635314941406, 74.9271011352539, 67.04814910888672, 115.57636260986328, 183.20358276367188, 196.36936950683594, 185.1612091064453, 198.6401824951172, 186.16217041015625, 390.20928955078125]
2024-04-17 15:40:07,291 - train - INFO - delta_weights_b4:[3.286313056945801, 6.505547046661377, 6.829761028289795, 9.637761116027832, 6.717442035675049, 11.765863418579102, 11.806131362915039, 15.424840927124023, 11.684741973876953, 15.775618553161621, 11.524399757385254, 26.025793075561523, 44.24773406982422, 52.713157653808594, 44.304046630859375, 52.111061096191406, 44.43209457397461, 51.683101654052734, 44.92831039428711, 73.64009857177734, 99.72699737548828, 112.45723724365234, 100.84756469726562, 113.14893341064453, 101.06575012207031, 173.77842712402344, 274.4544677734375, 295.7334899902344, 277.60540771484375, 298.0032958984375, 278.210205078125, 586.3208618164062]
2024-04-17 15:40:07,291 - train - INFO - delta_weights_b8:[3.7095344066619873, 7.507622241973877, 7.980517387390137, 11.204179763793945, 7.878798961639404, 13.6984281539917, 13.612157821655273, 18.03481101989746, 13.594865798950195, 18.080062866210938, 13.466148376464844, 30.27025032043457, 51.846473693847656, 60.91415786743164, 52.05807876586914, 60.59061050415039, 52.66471481323242, 60.19569396972656, 52.39989471435547, 86.22254180908203, 116.2772445678711, 131.4506072998047, 117.12399291992188, 131.8737335205078, 117.45819854736328, 202.6791229248047, 320.62109375, 344.7933349609375, 323.040771484375, 347.8284606933594, 323.9530334472656, 683.2836303710938]
2024-04-17 15:40:07,291 - train - INFO - delta_weights_b16:[3.9114699363708496, 7.507622241973877, 7.980517387390137, 11.204179763793945, 7.878798961639404, 14.709468841552734, 14.665989875793457, 19.143428802490234, 14.623311042785645, 19.479148864746094, 14.573399543762207, 32.45427322387695, 55.572593688964844, 65.09455871582031, 56.095726013183594, 64.94096374511719, 56.28171920776367, 64.4314956665039, 56.18876266479492, 92.22982025146484, 124.81372833251953, 141.10977172851562, 125.34210968017578, 141.16835021972656, 125.76979064941406, 217.3460693359375, 343.2186584472656, 369.6793212890625, 346.6077575683594, 372.6943054199219, 346.75372314453125, 732.71240234375]
2024-04-17 15:40:07,291 - train - INFO - delta_weights_b32:[]
2024-04-17 15:40:07,296 - train - INFO - sensitivity_b2:[0.16512224 0.41424563 0.13807725 0.30386479 0.2322026  0.46188768
 0.03346848 0.08241249 0.02990735 0.05582854 0.27456144 0.40927034
 0.02275805 0.04243272 0.03282651 0.02249249 0.02456406 0.03305763
 0.15161432 0.17079127 0.02643429 0.05985773 0.0451934  0.05626293
 0.20051304 0.29902776 0.05420865 0.10863863 0.09906647 0.12908743
 0.38509021 0.13280532]
2024-04-17 15:40:07,297 - train - INFO - sensitivity_b4:[0.25583003 0.61268927 0.2144324  0.45059485 0.34538821 0.67310164
 0.04951882 0.12422116 0.04535236 0.08553054 0.4137261  0.60897463
 0.03428194 0.06435083 0.04867909 0.03376365 0.03642891 0.04917328
 0.22678353 0.25750759 0.03958532 0.08915223 0.06802825 0.0849638
 0.30224549 0.44961247 0.08120915 0.16361045 0.14852673 0.1936591
 0.57549837 0.19955068]
2024-04-17 15:40:07,297 - train - INFO - sensitivity_b8:[0.28877659 0.70706423 0.25056243 0.52382972 0.40510126 0.78365983
 0.05709389 0.14524009 0.05276618 0.09802453 0.4834349  0.70829022
 0.04016924 0.07436239 0.05719884 0.0392577  0.04317865 0.05727248
 0.26449766 0.30150637 0.04615473 0.10420952 0.07900776 0.09902429
 0.35126846 0.52438649 0.09486953 0.19075213 0.17283593 0.22603826
 0.67012079 0.23255136]
2024-04-17 15:40:07,297 - train - INFO - sensitivity_b16:[0.3044967  0.70706423 0.25056243 0.52382972 0.40510126 0.84149945
 0.06151401 0.15416814 0.05675792 0.10560994 0.52318523 0.75939393
 0.04305614 0.07946572 0.0616352  0.04207637 0.04614415 0.06130259
 0.28362264 0.32251286 0.04954317 0.11186698 0.08455141 0.10600364
 0.37612497 0.56233391 0.10155599 0.20451995 0.18544493 0.24219747
 0.7172857  0.24937413]
2024-04-17 15:40:07,354 - train - INFO - result:[ 1  1  8  1  1  1 16 16 16 16  1  1 16 16 16 16 16 16  1  1 16 16 16 16
  1  1 16 16 16 16  1 16]
2024-04-17 15:40:07,355 - train - INFO - origin_latency:1251.299994468689
2024-04-17 15:40:07,355 - train - INFO - current_latency-origin_latency:-1.5299949645996094
2024-04-17 22:43:25,352 - train - INFO - Model c100_nas_mobilenetv2 created, param count:2352163
2024-04-17 22:43:25,611 - train - INFO - Using native Torch AMP. Training in mixed precision.
2024-04-17 22:43:25,611 - train - INFO - Scheduled epochs: 11
2024-04-17 22:43:27,218 - train - INFO - Verifying initial model
2024-04-17 22:43:28,445 - train - INFO - Test: [   0/39]  Time: 1.226 (1.226)  Loss:  0.9492 (0.9492)  Acc@1: 80.8594 (80.8594)  Acc@5: 95.3125 (95.3125)
2024-04-17 22:43:29,717 - train - INFO - Test: [  39/39]  Time: 0.389 (0.062)  Loss:  1.1045 (0.9844)  Acc@1: 75.0000 (78.7000)  Acc@5: 93.7500 (95.1000)
2024-04-17 22:44:51,411 - train - INFO - len trace:53
2024-04-17 22:44:51,411 - train - INFO - target_block_size:8
2024-04-17 22:44:51,411 - train - INFO - use cal_delta_z
2024-04-17 22:44:51,443 - train - INFO - use cal_delta_z
2024-04-17 22:44:51,449 - train - INFO - use cal_delta_z
2024-04-17 22:44:51,457 - train - INFO - use cal_delta_z
2024-04-17 22:44:51,463 - train - INFO - use cal_delta_z
2024-04-17 22:44:51,471 - train - INFO - use cal_delta_z
2024-04-17 22:44:51,476 - train - INFO - use cal_delta_z
2024-04-17 22:44:51,481 - train - INFO - use cal_delta_z
2024-04-17 22:44:51,486 - train - INFO - use cal_delta_z
2024-04-17 22:44:51,492 - train - INFO - use cal_delta_z
2024-04-17 22:44:51,497 - train - INFO - use cal_delta_z
2024-04-17 22:44:51,503 - train - INFO - use cal_delta_z
2024-04-17 22:44:51,509 - train - INFO - use cal_delta_z
2024-04-17 22:44:51,516 - train - INFO - use cal_delta_z
2024-04-17 22:44:51,522 - train - INFO - use cal_delta_z
2024-04-17 22:44:51,528 - train - INFO - use cal_delta_z
2024-04-17 22:44:51,535 - train - INFO - use cal_delta_z
2024-04-17 22:44:51,541 - train - INFO - use cal_delta_z
2024-04-17 22:44:51,548 - train - INFO - use cal_delta_z
2024-04-17 22:44:51,554 - train - INFO - use cal_delta_z
2024-04-17 22:44:51,562 - train - INFO - use cal_delta_z
2024-04-17 22:44:51,570 - train - INFO - use cal_delta_z
2024-04-17 22:44:51,578 - train - INFO - use cal_delta_z
2024-04-17 22:44:51,586 - train - INFO - use cal_delta_z
2024-04-17 22:44:51,593 - train - INFO - use cal_delta_z
2024-04-17 22:44:51,601 - train - INFO - use cal_delta_z
2024-04-17 22:44:51,614 - train - INFO - use cal_delta_z
2024-04-17 22:44:51,627 - train - INFO - use cal_delta_z
2024-04-17 22:44:51,640 - train - INFO - use cal_delta_z
2024-04-17 22:44:51,653 - train - INFO - use cal_delta_z
2024-04-17 22:44:51,666 - train - INFO - use cal_delta_z
2024-04-17 22:44:51,679 - train - INFO - use cal_delta_z
2024-04-17 22:44:51,716 - train - INFO - cir_idx:[3, 5, 6, 8, 9, 11, 12, 14, 15, 17, 18, 20, 21, 23, 24, 26, 27, 29, 30, 32, 33, 35, 36, 38, 39, 41, 42, 44, 45, 47, 48, 50]
2024-04-17 22:44:51,716 - train - INFO - len traces:(53,)
2024-04-17 22:44:51,717 - train - INFO - traces:[3.18293085e+00 9.39172161e+00 6.98722312e-01 7.78505153e-02
 1.60143618e+00 9.41833736e-02 3.13946260e-02 3.07995790e-01
 4.67497849e-02 5.14178342e-02 1.48914210e-01 5.72065428e-02
 4.19440457e-03 9.24776382e-02 8.05381899e-03 3.88082302e-03
 8.32388218e-02 5.42152867e-03 3.58992983e-02 9.08152276e-02
 2.33989665e-02 7.74637130e-04 1.41005616e-02 1.22083973e-03
 1.09878482e-03 1.23935518e-02 6.47993850e-04 8.19798787e-04
 1.43261204e-02 9.51527449e-04 5.04734598e-03 4.45268203e-02
 3.49682632e-03 3.96989391e-04 1.28996400e-02 7.92776653e-04
 6.74613156e-04 1.42961116e-02 7.50893461e-04 2.99058521e-03
 2.26433866e-02 2.58733253e-03 2.95887748e-04 1.54591442e-02
 5.53220852e-04 5.35044087e-04 1.77189905e-02 6.49850748e-04
 2.06848275e-03 2.82897549e-02 3.40352341e-04 6.61389308e-05
 3.83209245e-04]
2024-04-17 22:44:51,717 - train - INFO - len params:32
2024-04-17 22:44:51,717 - train - INFO - params[0].shape:torch.Size([96, 16, 1, 1])
2024-04-17 22:44:51,717 - train - INFO - delta_weights_b1:[0, 0, 0, 0, 0, 0, 0, 0, 0, 0, 0, 0, 0, 0, 0, 0, 0, 0, 0, 0, 0, 0, 0, 0, 0, 0, 0, 0, 0, 0, 0, 0]
2024-04-17 22:44:51,717 - train - INFO - delta_weights_b2:[517218.90625, 1095877.0, 1110546.75, 1543041.0, 3510624.75, 874189.625, 1128588.5, 450838.21875, 1388773.875, 443591.125, 1889938.875, 484365.03125, 1792468.875, 473239.03125, 1905974.0, 301104.1875, 1986516.5, 386796.21875, 2094093.75, 918785.8125, 3233535.25, 979291.4375, 4660905.5, 786555.375, 6330386.0, 562701.5, 2187351.0, 552179.625, 2872679.0, 683321.8125, 3633132.0, 1655698.5]
2024-04-17 22:44:51,717 - train - INFO - delta_weights_b4:[908633.6875, 1701003.75, 1789184.75, 2415712.5, 6092723.5, 1321705.875, 1882168.25, 658288.375, 2368950.75, 687296.0625, 3044776.25, 965390.5625, 3156030.0, 867977.5625, 3150999.75, 514911.96875, 3148339.0, 595260.5, 3381229.25, 1678784.0, 5685375.5, 1533212.25, 7941682.5, 1260836.25, 11011728.0, 990352.75, 3965634.25, 892388.9375, 4945332.5, 1077284.375, 6018300.0, 2682581.25]
2024-04-17 22:44:51,717 - train - INFO - delta_weights_b8:[1047128.875, 2089571.5, 2146633.0, 2879496.25, 7364337.0, 1601841.5, 2294679.0, 759728.25, 2880205.5, 806475.0625, 3701088.25, 1183072.125, 3939297.0, 1006527.5625, 3893604.25, 631462.75, 3901968.5, 731423.875, 4090225.75, 2077668.125, 7169390.5, 1865280.75, 9864527.0, 1492075.375, 13525254.0, 1229773.0, 5057113.5, 1103222.0, 6127827.0, 1282518.625, 7367446.0, 3212425.75]
2024-04-17 22:44:51,717 - train - INFO - delta_weights_b16:[1136664.125, 2089571.5, 2146633.0, 2879496.25, 7364337.0, 1704445.0, 2578297.5, 814477.625, 3149141.5, 905212.3125, 4110283.5, 1285510.625, 4395976.5, 1088040.75, 4347314.5, 686490.5, 4280453.0, 800543.5, 4471533.5, 2347784.0, 7976300.0, 2013050.0, 10846309.0, 1619519.75, 14871666.0, 1339798.625, 5625824.5, 1196644.25, 6790243.5, 1398921.5, 8086040.5, 3473908.5]
2024-04-17 22:44:51,717 - train - INFO - delta_weights_b32:[]
2024-04-17 22:44:51,722 - train - INFO - sensitivity_b2:[ 40265.75839491 103213.3928837   34865.19983055  72136.83486245
 180508.72128051  50009.3661927    4733.75676178   3630.96940654
   5389.58562827   2404.94200346  67847.47935386  11333.64112972
   1388.5129458     577.74901161   2094.25529345    195.11366185
   1628.54381692    368.04721926  10569.61568103   3212.83440928
   1283.67918905    776.35938807   3144.3081693     590.6192878
  18931.5587732    1455.89589467    647.21036242    305.47728246
   1537.00991346    444.0571908    7515.07087105    563.52086063]
2024-04-17 22:44:51,722 - train - INFO - sensitivity_b4:[ 70737.60082673 160206.27163942  56170.78600475 112934.03978744
 313274.64665676  75610.22369937   7894.57510887   5301.73541395
   9193.47861168   3726.19530997 109305.33071288  22589.14141089
   2444.7780229    1059.66149392   3462.27068475    333.65978929
   2581.00449305    566.40670498  17066.23387895   5870.41607258
   2257.03375625   1215.4948758    5357.5634955     946.75369552
  32931.51094206   2562.37188456   1173.38258934    493.6881681
   2645.97091351    700.07405662  12448.74973527    913.02280862]
2024-04-17 22:44:51,723 - train - INFO - sensitivity_b8:[ 81519.52254565 196802.89319703  67392.74011458 134615.83034623
 378658.2587469   91635.81431908   9624.81208374   6118.71380533
  11177.56781625   4372.32767574 132866.47094801  27682.66499488
   3051.52572418   1228.80883865   4278.23323465    409.18397881
   3198.82904294    695.96989383  20644.78451652   7265.2445785
   2846.17196704   1478.75102978   6654.7396922    1120.38964241
  40448.42463373   3181.83168531   1496.33792708    610.32541451
   3278.65760391    833.44568744  15239.43496372   1093.35662462]
2024-04-17 22:44:51,723 - train - INFO - sensitivity_b16:[ 88489.8878992  196802.89319703  67392.74011458 134615.83034623
 378658.2587469   97505.40583265  10814.42281621   6559.65536127
  12221.26083685   4907.63450775 147556.29327154  30079.62002252
   3405.28662161   1328.32337655   4776.76316882    444.84162241
   3509.11017691    761.73911427  22569.37665749   8209.79287898
   3166.50647789   1595.8990412    7317.06274575   1216.08679024
  44474.98445345   3466.50456382   1664.61254438    662.00855123
   3633.07963552    909.0901828   16725.83529133   1182.35289074]
2024-04-17 22:44:51,789 - train - INFO - result:[ 2  1  8  1  1  1 16 16 16 16  1  8 16 16 16 16 16 16 16 16 16 16 16 16
 16 16 16 16 16 16 16 16]
2024-04-17 22:44:51,789 - train - INFO - origin_latency:641.3499963283539
2024-04-17 22:44:51,789 - train - INFO - current_latency-origin_latency:-4.420001745223999
2024-04-17 22:51:18,681 - train - INFO - Model c100_nas_mobilenetv2 created, param count:2352163
2024-04-17 22:51:19,032 - train - INFO - Using native Torch AMP. Training in mixed precision.
2024-04-17 22:51:19,033 - train - INFO - Scheduled epochs: 11
2024-04-17 22:51:20,651 - train - INFO - Verifying initial model
2024-04-17 22:51:21,727 - train - INFO - Test: [   0/39]  Time: 1.075 (1.075)  Loss:  0.9492 (0.9492)  Acc@1: 80.8594 (80.8594)  Acc@5: 95.3125 (95.3125)
2024-04-17 22:51:22,870 - train - INFO - Test: [  39/39]  Time: 0.378 (0.055)  Loss:  1.1045 (0.9844)  Acc@1: 75.0000 (78.7000)  Acc@5: 93.7500 (95.1000)
2024-04-17 22:52:44,581 - train - INFO - len trace:53
2024-04-17 22:52:44,581 - train - INFO - target_block_size:8
2024-04-17 22:52:44,582 - train - INFO - use cal_delta_z
2024-04-17 22:52:44,620 - train - INFO - use cal_delta_z
2024-04-17 22:52:44,625 - train - INFO - use cal_delta_z
2024-04-17 22:52:44,633 - train - INFO - use cal_delta_z
2024-04-17 22:52:44,639 - train - INFO - use cal_delta_z
2024-04-17 22:52:44,647 - train - INFO - use cal_delta_z
2024-04-17 22:52:44,652 - train - INFO - use cal_delta_z
2024-04-17 22:52:44,658 - train - INFO - use cal_delta_z
2024-04-17 22:52:44,663 - train - INFO - use cal_delta_z
2024-04-17 22:52:44,669 - train - INFO - use cal_delta_z
2024-04-17 22:52:44,674 - train - INFO - use cal_delta_z
2024-04-17 22:52:44,679 - train - INFO - use cal_delta_z
2024-04-17 22:52:44,685 - train - INFO - use cal_delta_z
2024-04-17 22:52:44,692 - train - INFO - use cal_delta_z
2024-04-17 22:52:44,698 - train - INFO - use cal_delta_z
2024-04-17 22:52:44,705 - train - INFO - use cal_delta_z
2024-04-17 22:52:44,711 - train - INFO - use cal_delta_z
2024-04-17 22:52:44,717 - train - INFO - use cal_delta_z
2024-04-17 22:52:44,724 - train - INFO - use cal_delta_z
2024-04-17 22:52:44,730 - train - INFO - use cal_delta_z
2024-04-17 22:52:44,738 - train - INFO - use cal_delta_z
2024-04-17 22:52:44,746 - train - INFO - use cal_delta_z
2024-04-17 22:52:44,753 - train - INFO - use cal_delta_z
2024-04-17 22:52:44,761 - train - INFO - use cal_delta_z
2024-04-17 22:52:44,769 - train - INFO - use cal_delta_z
2024-04-17 22:52:44,777 - train - INFO - use cal_delta_z
2024-04-17 22:52:44,789 - train - INFO - use cal_delta_z
2024-04-17 22:52:44,802 - train - INFO - use cal_delta_z
2024-04-17 22:52:44,815 - train - INFO - use cal_delta_z
2024-04-17 22:52:44,828 - train - INFO - use cal_delta_z
2024-04-17 22:52:44,841 - train - INFO - use cal_delta_z
2024-04-17 22:52:44,854 - train - INFO - use cal_delta_z
2024-04-17 22:52:44,891 - train - INFO - cir_idx:[3, 5, 6, 8, 9, 11, 12, 14, 15, 17, 18, 20, 21, 23, 24, 26, 27, 29, 30, 32, 33, 35, 36, 38, 39, 41, 42, 44, 45, 47, 48, 50]
2024-04-17 22:52:44,892 - train - INFO - len traces:(53,)
2024-04-17 22:52:44,892 - train - INFO - traces:[3.18791940e+00 9.40042735e+00 7.01297809e-01 7.82926600e-02
 1.60573104e+00 9.43649154e-02 3.13655640e-02 3.07519744e-01
 4.67235642e-02 5.15586705e-02 1.48748440e-01 5.72509039e-02
 4.19527796e-03 9.24346912e-02 8.00776412e-03 3.90424482e-03
 8.34534724e-02 5.41976598e-03 3.58828077e-02 9.11160930e-02
 2.34682334e-02 7.71495661e-04 1.40758316e-02 1.22113472e-03
 1.09210185e-03 1.24912200e-02 6.50188143e-04 8.15613856e-04
 1.43629893e-02 9.50473754e-04 5.02011825e-03 4.45515084e-02
 3.50993463e-03 3.97344178e-04 1.29862570e-02 7.91873631e-04
 6.77809446e-04 1.42712122e-02 7.48335471e-04 2.98613597e-03
 2.27703609e-02 2.58481872e-03 2.98138864e-04 1.54316318e-02
 5.52669303e-04 5.37118115e-04 1.76982138e-02 6.50177773e-04
 2.06824933e-03 2.82596388e-02 3.40220781e-04 6.64942362e-05
 3.82849960e-04]
2024-04-17 22:52:44,893 - train - INFO - len params:32
2024-04-17 22:52:44,893 - train - INFO - params[0].shape:torch.Size([96, 16, 1, 1])
2024-04-17 22:52:44,893 - train - INFO - delta_weights_b1:[0, 0, 0, 0, 0, 0, 0, 0, 0, 0, 0, 0, 0, 0, 0, 0, 0, 0, 0, 0, 0, 0, 0, 0, 0, 0, 0, 0, 0, 0, 0, 0]
2024-04-17 22:52:44,893 - train - INFO - delta_weights_b2:[517218.90625, 1095801.875, 1110525.375, 1543020.375, 3510589.0, 874187.3125, 1128582.75, 450844.625, 1388780.875, 443594.21875, 1889947.0, 484363.75, 1792468.625, 473235.15625, 1905983.5, 301108.625, 1986525.375, 386803.53125, 2094111.0, 918770.5625, 3233495.0, 979286.625, 4660844.5, 786548.8125, 6330313.5, 562693.8125, 2187326.5, 552169.0, 2872653.75, 683321.625, 3633122.75, 1655694.75]
2024-04-17 22:52:44,893 - train - INFO - delta_weights_b4:[908633.6875, 1700968.75, 1789147.875, 2415685.5, 6092666.5, 1321703.375, 1882168.25, 658301.875, 2368963.25, 687293.125, 3044794.5, 965386.5, 3156020.25, 867968.5, 3151025.5, 514918.09375, 3148357.25, 595266.9375, 3381262.0, 1678754.25, 5685296.5, 1533205.0, 7941587.5, 1260825.75, 11011590.0, 990342.5, 3965588.0, 892372.0625, 4945296.5, 1077287.625, 6018277.5, 2682575.25]
2024-04-17 22:52:44,893 - train - INFO - delta_weights_b8:[1047128.875, 2089533.375, 2146601.75, 2879466.0, 7364280.0, 1601829.25, 2294675.5, 759745.25, 2880215.75, 806472.8125, 3701109.0, 1183066.75, 3939288.75, 1006518.75, 3893636.5, 631469.25, 3901995.5, 731435.9375, 4090259.75, 2077632.625, 7169296.5, 1865267.375, 9864409.0, 1492065.5, 13525089.0, 1229761.375, 5057059.0, 1103203.0, 6127781.0, 1282523.875, 7367419.5, 3212413.0]
2024-04-17 22:52:44,893 - train - INFO - delta_weights_b16:[1136664.125, 2089533.375, 2146601.75, 2879466.0, 7364280.0, 1704435.125, 2578292.25, 814496.4375, 3149156.0, 905210.8125, 4110305.25, 1285506.375, 4395963.5, 1088030.625, 4347349.0, 686499.5625, 4280477.0, 800556.375, 4471574.0, 2347745.25, 7976189.5, 2013037.625, 10846177.0, 1619507.25, 14871481.0, 1339786.125, 5625764.5, 1196622.625, 6790197.5, 1398928.125, 8086015.5, 3473894.5]
2024-04-17 22:52:44,893 - train - INFO - delta_weights_b32:[]
2024-04-17 22:52:44,897 - train - INFO - sensitivity_b2:[ 40494.44396255 103405.25122854  34832.25474372  72095.41149505
 181001.30151513  50048.01383544   4734.71833295   3610.25741357
   5422.14053384   2404.1768568   67816.60467612  11367.16153386
   1382.88176628    577.88387922   2081.52810731    195.77725773
   1620.23762183    367.64660449  10512.68484905   3224.82461072
   1284.8104119     775.47125512   3159.16442746    588.60237628
  18903.17683832   1454.46150017    652.1270377     305.1668565
   1542.95436619    444.28053245   7514.20370585    563.30176143]
2024-04-17 22:52:44,897 - train - INFO - sensitivity_b4:[ 71139.34834232 160511.77219024  56117.63221185 112869.43645518
 314129.78454546  75668.71293199   7896.2189693    5271.52613739
   9249.01249162   3724.96789886 109255.77538762  22655.91569994
   2434.85592823   1059.90646975   3441.24077943    334.79363917
   2567.84379782    565.78560084  16974.33507491   5892.31767071
   2259.01946283   1214.10460978   5382.88302208    943.52063182
  32882.10497648   2559.8558332    1182.29590103    493.18664602
   2656.20833237    700.428469    12447.2984276     912.66784743]
2024-04-17 22:52:44,898 - train - INFO - sensitivity_b8:[ 81982.5049662  197178.64015545  67329.37461182 134538.91440416
 379692.48599647  91706.17248694   9626.80154204   6083.86075633
  11245.06741517   4370.89391497 132806.18235126  27764.48661277
   3039.14417721   1229.09499026   4252.2476267     410.57381902
   3182.5215972     695.21066147  20533.58761904   7292.35469071
   2848.67822255   1477.05604825   6686.18959735   1116.56553911
  40387.75474879   3178.71022322   1507.70582495    609.70643335
   3291.34217759    833.86851698  15237.66046976   1092.92966069]
2024-04-17 22:52:44,898 - train - INFO - sensitivity_b16:[ 88992.45785072 197178.64015545  67329.37461182 134538.91440416
 379692.48599647  97580.45157812  10816.65264136   6522.29535134
  12295.07599245   4906.03076855 147489.2926825   30168.56364133
   3391.46676523   1328.63197078   4747.74788754    446.35387571
   3491.21635297    760.9078232   22447.83024452   8240.43234613
   3169.29245813   1594.07141261   7351.64122132   1211.93472116
  44408.26432856   3463.10425668   1677.25903662    661.3365924
   3647.13807917    909.55197302  16723.89616775   1181.89110091]
2024-04-17 22:52:44,960 - train - INFO - result:[ 2  2  2  2  2  2  8 16 16 16  2  2 16 16 16 16 16 16  2 16 16 16 16 16
  2 16 16 16 16 16 16 16]
2024-04-17 22:52:44,960 - train - INFO - origin_latency:641.3499963283539
2024-04-17 22:52:44,960 - train - INFO - current_latency-origin_latency:-4.1700050830841064
