2024-04-24 09:21:10,978 - train - INFO - Model tiny_nas_mobilenetv2 created, param count:2480263
2024-04-24 09:21:10,990 - train - INFO - Using native Torch AMP. Training in mixed precision.
2024-04-24 09:21:10,990 - train - INFO - Scheduled epochs: 11
2024-04-24 09:21:11,227 - train - INFO - Verifying teacher model
2024-04-24 09:21:12,274 - train - INFO - Test: [   0/78]  Time: 1.046 (1.046)  Loss:  0.9253 (0.9253)  Acc@1: 82.8125 (82.8125)  Acc@5: 93.7500 (93.7500)
2024-04-24 09:21:12,650 - train - INFO - Test: [  50/78]  Time: 0.006 (0.028)  Loss:  1.4883 (1.5408)  Acc@1: 69.5312 (66.6207)  Acc@5: 89.8438 (86.7188)
2024-04-24 09:21:13,238 - train - INFO - Test: [  78/78]  Time: 0.389 (0.025)  Loss:  1.7324 (1.5640)  Acc@1: 68.7500 (66.1400)  Acc@5: 100.0000 (86.4500)
2024-04-24 09:21:13,238 - train - INFO - Verifying initial model in training dataset
2024-04-24 09:21:36,018 - train - INFO - len loader.dataset:300
2024-04-24 09:21:36,153 - train - INFO - target_block_size:8
2024-04-24 09:21:36,154 - train - INFO - use cal_delta_w
2024-04-24 09:21:36,532 - train - INFO - delta_weights_b1:[0, 0, 0, 0, 0, 0, 0, 0, 0, 0, 0, 0, 0, 0, 0, 0, 0, 0, 0, 0, 0, 0, 0, 0, 0, 0, 0, 0, 0, 0, 0, 0]
2024-04-24 09:21:36,532 - train - INFO - delta_weights_b2:[1.3654447793960571, 1.9493995904922485, 2.829625129699707, 2.8437936305999756, 2.8138070106506348, 3.6661624908447266, 4.997021675109863, 5.201387882232666, 5.20100736618042, 5.027761936187744, 5.199668884277344, 9.945157051086426, 19.68864631652832, 20.596261978149414, 20.179466247558594, 20.283796310424805, 19.743425369262695, 19.782569885253906, 19.76398277282715, 29.965412139892578, 45.22218704223633, 45.30571365356445, 44.704891204833984, 45.51568603515625, 44.254913330078125, 74.19915771484375, 123.54605865478516, 127.45160675048828, 124.11841583251953, 126.72814178466797, 123.48473358154297, 256.4927978515625]
2024-04-24 09:21:36,532 - train - INFO - delta_weights_b4:[1.884605050086975, 2.790261745452881, 4.296802997589111, 4.234947204589844, 4.312796592712402, 5.629664421081543, 7.635772705078125, 7.9110026359558105, 7.5973734855651855, 7.562030792236328, 7.57357931137085, 14.887297630310059, 29.94145393371582, 30.73933219909668, 30.080257415771484, 30.516674041748047, 29.795372009277344, 29.596765518188477, 29.582136154174805, 44.825889587402344, 66.84734344482422, 67.93873596191406, 67.06609344482422, 67.66596221923828, 66.44055938720703, 110.69696044921875, 186.6492156982422, 190.9189910888672, 186.9503936767578, 190.5107879638672, 185.98834228515625, 384.1274108886719]
2024-04-24 09:21:36,532 - train - INFO - delta_weights_b8:[2.2775344848632812, 3.3008904457092285, 5.0302653312683105, 4.944697856903076, 5.025553226470947, 6.688061714172363, 8.695441246032715, 9.045682907104492, 8.797412872314453, 8.830063819885254, 8.768943786621094, 17.45883560180664, 34.7627067565918, 35.72593307495117, 34.850379943847656, 35.64469909667969, 34.82810974121094, 34.675662994384766, 34.624732971191406, 52.192630767822266, 78.34075164794922, 79.05218505859375, 78.04740142822266, 79.24442291259766, 77.92276000976562, 129.49591064453125, 217.0828399658203, 222.79588317871094, 217.22413635253906, 222.29080200195312, 216.99546813964844, 448.69366455078125]
2024-04-24 09:21:36,532 - train - INFO - delta_weights_b16:[2.4824557304382324, 3.3008904457092285, 5.0302653312683105, 4.944697856903076, 5.025553226470947, 7.190789699554443, 9.348548889160156, 9.756580352783203, 9.471918106079102, 9.527480125427246, 9.387479782104492, 18.62240219116211, 37.3610954284668, 38.259822845458984, 37.50483703613281, 38.14658737182617, 37.5159797668457, 37.22278594970703, 37.449832916259766, 56.23598098754883, 83.797119140625, 84.68418884277344, 83.86946868896484, 85.13823699951172, 83.46649169921875, 138.9287109375, 232.7258758544922, 238.36434936523438, 233.38986206054688, 238.2332000732422, 232.08409118652344, 480.8733825683594]
2024-04-24 09:21:37,145 - train - INFO - cir_idx:[3, 5, 6, 8, 9, 11, 12, 14, 15, 17, 18, 20, 21, 23, 24, 26, 27, 29, 30, 32, 33, 35, 36, 38, 39, 41, 42, 44, 45, 47, 48, 50]
2024-04-24 09:21:37,146 - train - INFO - len params:32
2024-04-24 09:21:37,146 - train - INFO - params[0].shape:torch.Size([96, 16, 1, 1])
2024-04-24 09:21:37,155 - train - INFO - sensitivity_b2:[1.9530854711291568e-09, 1.5221581772806303e-09, 1.330401344645793e-09, 1.1378828990160628e-09, 2.3915407432184566e-09, 2.423758305170054e-09, 3.93846871782344e-10, 3.9571113052971896e-10, 4.4794459808095155e-10, 3.5363087458328835e-10, 2.4641029217065125e-09, 1.906794500072806e-09, 2.1316656773073817e-10, 2.561889589358657e-10, 3.2566208063578017e-10, 2.380214358943533e-10, 4.423245936191478e-10, 2.2198641536075314e-10, 1.503770774569091e-09, 7.991208805790961e-10, 3.021126127045193e-10, 3.206312992887206e-10, 3.573258910982702e-10, 2.7207053276967486e-10, 1.3891439110125248e-09, 1.2073066990581083e-09, 4.0002304246833376e-10, 4.0429160019783694e-10, 6.056414814104016e-10, 4.0363717923597164e-10, 1.525600534790783e-09, 7.119653755438549e-10]
2024-04-24 09:21:37,155 - train - INFO - sensitivity_b4:[2.7441822147977746e-09, 1.971060203942443e-09, 1.8226081754946222e-09, 1.5983261381080638e-09, 3.93565091627579e-09, 3.2951834594285856e-09, 5.177189787985981e-10, 5.930836932677153e-10, 6.315175604676426e-10, 5.398305136239401e-10, 3.5029206202352725e-09, 2.808452137514905e-09, 3.122543890121676e-10, 3.641426049583174e-10, 4.89974394390913e-10, 3.6696587435436356e-10, 6.86723511389431e-10, 3.4405786553115547e-10, 2.085226658010697e-09, 1.2328345011525244e-09, 4.235296002796929e-10, 4.842202194765832e-10, 5.420868198768858e-10, 3.988396279908102e-10, 1.9455606015128524e-09, 1.796000903553363e-09, 5.876976683083512e-10, 6.076210645744595e-10, 9.092424591017334e-10, 6.124009632735294e-10, 2.2809960587011346e-09, 1.050047715445146e-09]
2024-04-24 09:21:37,155 - train - INFO - sensitivity_b8:[2.923934872001155e-09, 2.5309458973055143e-09, 1.9873218626287326e-09, 1.8621716391109544e-09, 4.4860262171653176e-09, 3.890487043634039e-09, 5.815058989888655e-10, 7.032330273659682e-10, 7.098223120394209e-10, 6.309464062326242e-10, 4.0222389863231456e-09, 3.3125497900243772e-09, 3.478229926301424e-10, 4.202357073435081e-10, 5.570462979775925e-10, 4.259426977792913e-10, 7.768228282856171e-10, 4.119716789929839e-10, 2.39499531318188e-09, 1.451945674801891e-09, 4.997084968039189e-10, 5.599354313545746e-10, 6.182517831021528e-10, 4.761862015811857e-10, 2.2842303604164726e-09, 2.121879116856462e-09, 6.764560023242439e-10, 7.022130099620938e-10, 1.0486832513478817e-09, 7.080315223007005e-10, 2.6648800943718243e-09, 1.2247767244843999e-09]
2024-04-24 09:21:37,155 - train - INFO - sensitivity_b16:[3.195270492639679e-09, 2.5309458973055143e-09, 1.9873218626287326e-09, 1.8621716391109544e-09, 4.4860262171653176e-09, 4.0575383053464975e-09, 6.246068662285609e-10, 7.406329438630621e-10, 7.88040355192976e-10, 6.673840369231243e-10, 4.369421713334987e-09, 3.5209468673969013e-09, 3.830407935279112e-10, 4.530325004026281e-10, 5.953922355139696e-10, 4.576140022471975e-10, 8.317913580135894e-10, 4.3654022063854825e-10, 2.6425146515407505e-09, 1.5548948795185424e-09, 5.403212322008244e-10, 6.029426957709916e-10, 6.693499643439793e-10, 5.110043499456651e-10, 2.454004999208337e-09, 2.28306795690969e-09, 7.251010902820099e-10, 7.515417177472727e-10, 1.1271688027392202e-09, 7.570232218867545e-10, 2.830959466848526e-09, 1.3079133331928006e-09]
2024-04-24 09:21:37,239 - train - INFO - result:[ 1  4  8  8  2  1 16 16 16 16  1  1 16 16 16 16 16 16  1 16 16 16 16 16
 16 16 16 16 16 16 16 16]
2024-04-24 09:21:37,239 - train - INFO - origin_latency:1458.1399965286255
2024-04-24 09:21:37,240 - train - INFO - current_latency-origin_latency:-37.84001350402832
