2024-04-10 21:17:13,404 - train - INFO - Model c10_nas_mobilenetv2 created, param count:2236878
2024-04-10 21:17:13,660 - train - INFO - Using native Torch AMP. Training in mixed precision.
2024-04-10 21:17:13,660 - train - INFO - Scheduled epochs: 11
2024-04-10 21:17:15,008 - train - INFO - Verifying initial model
2024-04-10 21:17:16,383 - train - INFO - Test: [   0/39]  Time: 1.374 (1.374)  Loss:  0.3928 (0.3928)  Acc@1: 94.1406 (94.1406)  Acc@5: 100.0000 (100.0000)
2024-04-10 21:17:17,698 - train - INFO - Test: [  39/39]  Time: 0.439 (0.067)  Loss:  0.4517 (0.3957)  Acc@1: 93.7500 (94.7100)  Acc@5: 100.0000 (99.8500)
2024-04-10 21:18:47,153 - train - INFO - cir_idx:[2, 3, 5, 6, 8, 9, 11, 12, 14, 15, 17, 18, 20, 21, 23, 24, 26, 27, 29, 30, 32, 33, 35, 36, 38, 39, 41, 42, 44, 45, 47, 48, 50]
2024-04-10 21:18:47,153 - train - INFO - len traces:(52,)
2024-04-10 21:18:47,155 - train - INFO - traces:[6.25313097e-01 1.20273056e+00 3.54487132e-02 1.54255665e-02
 2.15627780e-01 5.75071844e-03 6.24541042e-03 1.11202562e-01
 4.85642502e-03 1.44586479e-02 4.36204373e-02 6.32218024e-03
 2.36051940e-03 4.35702574e-02 1.06963557e-03 1.56269380e-03
 3.17065869e-02 1.42056689e-03 5.97144170e-03 2.63086212e-02
 2.34354559e-03 4.94866263e-04 1.02661094e-02 3.76558377e-04
 3.15824137e-04 7.07823050e-03 2.75122740e-04 3.19546855e-04
 5.57556843e-03 2.23127603e-04 1.37361947e-03 1.85898900e-02
 7.69907508e-04 2.28418977e-04 5.35200226e-03 1.74851232e-04
 2.48260108e-04 4.36736281e-03 1.34925014e-04 4.66655136e-04
 3.77384221e-03 1.41875649e-04 5.45008993e-05 2.19543794e-03
 5.95272433e-05 9.06417077e-05 2.73214509e-03 4.48291855e-05
 1.54029850e-04 7.15364265e-03 9.29471339e-06 3.48308653e-06]
2024-04-10 21:18:47,155 - train - INFO - len params:33
2024-04-10 21:18:47,155 - train - INFO - params[0].shape:torch.Size([16, 32, 1, 1])
2024-04-10 21:18:47,156 - train - INFO - delta_weights_b2:[5.174286842346191, 4.000999450683594, 15.825786590576172, 7.6678314208984375, 24.710771560668945, 7.7204718589782715, 28.186290740966797, 11.574718475341797, 35.64104461669922, 12.204500198364258, 35.376155853271484, 12.07003402709961, 43.63850402832031, 38.34061050415039, 85.99087524414062, 37.9030876159668, 86.7587890625, 38.39073181152344, 84.66277313232422, 39.14494705200195, 100.0866470336914, 79.33195495605469, 153.61892700195312, 79.19524383544922, 153.8057403564453, 80.24069213867188, 193.70755004882812, 203.93887329101562, 326.9056396484375, 207.24940490722656, 324.27691650390625, 205.66746520996094, 464.638916015625]
2024-04-10 21:18:47,156 - train - INFO - delta_weights_b4:[7.278031826019287, 5.957420825958252, 24.12876319885254, 11.020995140075684, 37.09903335571289, 11.46350383758545, 40.51864242553711, 17.792814254760742, 53.349876403808594, 18.13916015625, 54.18302917480469, 17.916385650634766, 64.6996841430664, 57.7628173828125, 129.0997314453125, 57.29889678955078, 129.71974182128906, 57.33694076538086, 128.5363311767578, 57.990211486816406, 152.64112854003906, 119.31507873535156, 230.3299560546875, 120.31098937988281, 228.7740478515625, 119.54668426513672, 289.79156494140625, 305.9777526855469, 491.5926208496094, 310.2743835449219, 484.8553161621094, 307.2555847167969, 699.551513671875]
2024-04-10 21:18:47,156 - train - INFO - delta_weights_b8:[8.216806411743164, 7.025774955749512, 28.063831329345703, 13.252546310424805, 44.17674255371094, 13.333589553833008, 47.16188430786133, 20.851696014404297, 62.67769241333008, 20.907142639160156, 63.71112060546875, 21.06056022644043, 75.48036193847656, 66.82085418701172, 151.55795288085938, 67.07159423828125, 151.76028442382812, 66.87582397460938, 151.02931213378906, 67.92526245117188, 177.2840118408203, 139.00735473632812, 269.368408203125, 140.35658264160156, 266.1334533691406, 139.82705688476562, 339.1775207519531, 357.0853271484375, 574.74951171875, 362.8836364746094, 566.5868530273438, 357.8307189941406, 817.2164306640625]
2024-04-10 21:18:47,156 - train - INFO - delta_weights_b16:[8.73198127746582, 7.468192100524902, 28.063831329345703, 13.252546310424805, 44.17674255371094, 13.333589553833008, 50.93596649169922, 22.237548828125, 67.04363250732422, 22.378583908081055, 67.85416412353516, 22.475942611694336, 81.08161163330078, 71.4909896850586, 162.65724182128906, 71.78604888916016, 161.42630004882812, 71.7716064453125, 162.29568481445312, 72.8798599243164, 189.5688934326172, 149.35572814941406, 288.1099853515625, 150.7008514404297, 285.7831726074219, 150.45816040039062, 363.2278137207031, 381.2398986816406, 615.026123046875, 387.9985656738281, 605.2909545898438, 384.49737548828125, 874.5205688476562]
2024-04-10 21:18:47,156 - train - INFO - delta_weights_b32:[]
2024-04-10 21:18:47,249 - train - INFO - result:[ 1  1  1  8  1  1  1 16 16 16 16  1  1 16 16 16 16 16 16 16  1 16 16 16
 16 16 16 16 16 16 16 16 16]
2024-04-10 21:18:47,252 - train - INFO - ratio:tensor(0.1987)
2024-04-10 21:19:13,856 - train - INFO - Model c10_nas_mobilenetv2 created, param count:2236878
2024-04-10 21:19:14,167 - train - INFO - Using native Torch AMP. Training in mixed precision.
2024-04-10 21:19:14,167 - train - INFO - Scheduled epochs: 11
2024-04-10 21:19:15,526 - train - INFO - Verifying initial model
2024-04-10 21:19:16,749 - train - INFO - Test: [   0/39]  Time: 1.222 (1.222)  Loss:  0.3928 (0.3928)  Acc@1: 94.1406 (94.1406)  Acc@5: 100.0000 (100.0000)
2024-04-10 21:19:18,221 - train - INFO - Test: [  39/39]  Time: 0.405 (0.067)  Loss:  0.4517 (0.3957)  Acc@1: 93.7500 (94.7100)  Acc@5: 100.0000 (99.8500)
2024-04-10 21:20:48,144 - train - INFO - cir_idx:[2, 3, 5, 6, 8, 9, 11, 12, 14, 15, 17, 18, 20, 21, 23, 24, 26, 27, 29, 30, 32, 33, 35, 36, 38, 39, 41, 42, 44, 45, 47, 48, 50]
2024-04-10 21:20:48,149 - train - INFO - len traces:(52,)
2024-04-10 21:20:48,150 - train - INFO - traces:[6.24704642e-01 1.20358248e+00 3.54416037e-02 1.55063241e-02
 2.15061555e-01 5.72685015e-03 6.22012434e-03 1.10988494e-01
 4.84320717e-03 1.45139647e-02 4.38530051e-02 6.32717168e-03
 2.35578456e-03 4.37274594e-02 1.05570927e-03 1.58012026e-03
 3.15854243e-02 1.40345378e-03 5.96827801e-03 2.63075309e-02
 2.32393644e-03 4.96684980e-04 1.02341554e-02 3.75754812e-04
 3.21201311e-04 7.07869347e-03 2.73996371e-04 3.20315294e-04
 5.59185470e-03 2.23270758e-04 1.37593430e-03 1.85313476e-02
 7.69830847e-04 2.27386326e-04 5.33672219e-03 1.75110063e-04
 2.46774705e-04 4.34808148e-03 1.35814383e-04 4.63887956e-04
 3.82290941e-03 1.42233687e-04 5.44978268e-05 2.18843333e-03
 5.93159131e-05 9.17748045e-05 2.72117783e-03 4.48761758e-05
 1.53509055e-04 7.13841102e-03 9.24822548e-06 3.47792951e-06]
2024-04-10 21:20:48,150 - train - INFO - len params:33
2024-04-10 21:20:48,151 - train - INFO - params[0].shape:torch.Size([16, 32, 1, 1])
2024-04-10 21:20:48,151 - train - INFO - delta_weights_b2:[5.174286842346191, 4.000999450683594, 15.825786590576172, 7.6678314208984375, 24.710771560668945, 7.7204718589782715, 28.186290740966797, 11.574718475341797, 35.64104461669922, 12.204500198364258, 35.376155853271484, 12.07003402709961, 43.63850402832031, 38.34061050415039, 85.99087524414062, 37.9030876159668, 86.7587890625, 38.39073181152344, 84.66277313232422, 39.14494705200195, 100.0866470336914, 79.33195495605469, 153.61892700195312, 79.19524383544922, 153.8057403564453, 80.24069213867188, 193.70755004882812, 203.93887329101562, 326.9056396484375, 207.24940490722656, 324.27691650390625, 205.66746520996094, 464.638916015625]
2024-04-10 21:20:48,151 - train - INFO - delta_weights_b4:[7.278031826019287, 5.957420825958252, 24.12876319885254, 11.020995140075684, 37.09903335571289, 11.46350383758545, 40.51864242553711, 17.792814254760742, 53.349876403808594, 18.13916015625, 54.18302917480469, 17.916385650634766, 64.6996841430664, 57.7628173828125, 129.0997314453125, 57.29889678955078, 129.71974182128906, 57.33694076538086, 128.5363311767578, 57.990211486816406, 152.64112854003906, 119.31507873535156, 230.3299560546875, 120.31098937988281, 228.7740478515625, 119.54668426513672, 289.79156494140625, 305.9777526855469, 491.5926208496094, 310.2743835449219, 484.8553161621094, 307.2555847167969, 699.551513671875]
2024-04-10 21:20:48,151 - train - INFO - delta_weights_b8:[8.216806411743164, 7.025774955749512, 28.063831329345703, 13.252546310424805, 44.17674255371094, 13.333589553833008, 47.16188430786133, 20.851696014404297, 62.67769241333008, 20.907142639160156, 63.71112060546875, 21.06056022644043, 75.48036193847656, 66.82085418701172, 151.55795288085938, 67.07159423828125, 151.76028442382812, 66.87582397460938, 151.02931213378906, 67.92526245117188, 177.2840118408203, 139.00735473632812, 269.368408203125, 140.35658264160156, 266.1334533691406, 139.82705688476562, 339.1775207519531, 357.0853271484375, 574.74951171875, 362.8836364746094, 566.5868530273438, 357.8307189941406, 817.2164306640625]
2024-04-10 21:20:48,151 - train - INFO - delta_weights_b16:[8.73198127746582, 7.468192100524902, 28.063831329345703, 13.252546310424805, 44.17674255371094, 13.333589553833008, 50.93596649169922, 22.237548828125, 67.04363250732422, 22.378583908081055, 67.85416412353516, 22.475942611694336, 81.08161163330078, 71.4909896850586, 162.65724182128906, 71.78604888916016, 161.42630004882812, 71.7716064453125, 162.29568481445312, 72.8798599243164, 189.5688934326172, 149.35572814941406, 288.1099853515625, 150.7008514404297, 285.7831726074219, 150.45816040039062, 363.2278137207031, 381.2398986816406, 615.026123046875, 387.9985656738281, 605.2909545898438, 384.49737548828125, 874.5205688476562]
2024-04-10 21:20:48,151 - train - INFO - delta_weights_b32:[]
2024-04-10 21:20:48,213 - train - INFO - result:[ 1  1  1  8  2  8  1 16 16 16 16  1  1 16 16 16 16 16 16 16 16 16 16 16
 16 16 16 16 16 16 16 16 16]
2024-04-10 21:20:48,215 - train - INFO - ratio:tensor(0.1498)
2024-04-10 21:21:16,844 - train - INFO - Model c10_nas_mobilenetv2 created, param count:2236878
2024-04-10 21:21:17,203 - train - INFO - Using native Torch AMP. Training in mixed precision.
2024-04-10 21:21:17,204 - train - INFO - Scheduled epochs: 11
2024-04-10 21:21:18,558 - train - INFO - Verifying initial model
2024-04-10 21:21:19,890 - train - INFO - Test: [   0/39]  Time: 1.331 (1.331)  Loss:  0.3928 (0.3928)  Acc@1: 94.1406 (94.1406)  Acc@5: 100.0000 (100.0000)
2024-04-10 21:21:21,316 - train - INFO - Test: [  39/39]  Time: 0.417 (0.069)  Loss:  0.4517 (0.3957)  Acc@1: 93.7500 (94.7100)  Acc@5: 100.0000 (99.8500)
2024-04-10 21:22:50,384 - train - INFO - cir_idx:[2, 3, 5, 6, 8, 9, 11, 12, 14, 15, 17, 18, 20, 21, 23, 24, 26, 27, 29, 30, 32, 33, 35, 36, 38, 39, 41, 42, 44, 45, 47, 48, 50]
2024-04-10 21:22:50,385 - train - INFO - len traces:(52,)
2024-04-10 21:22:50,386 - train - INFO - traces:[6.24716615e-01 1.20353837e+00 3.54452645e-02 1.55073980e-02
 2.15064619e-01 5.72720675e-03 6.21999715e-03 1.10987840e-01
 4.84288976e-03 1.45134383e-02 4.38537099e-02 6.32678131e-03
 2.35591881e-03 4.37282224e-02 1.05573779e-03 1.58037970e-03
 3.15860829e-02 1.40334546e-03 5.96777660e-03 2.63064475e-02
 2.32386463e-03 4.96722352e-04 1.02346090e-02 3.75785508e-04
 3.21223086e-04 7.07938621e-03 2.73975737e-04 3.20312766e-04
 5.59144822e-03 2.23263765e-04 1.37591216e-03 1.85322127e-02
 7.69853736e-04 2.27395944e-04 5.33669312e-03 1.75070635e-04
 2.46742116e-04 4.34887778e-03 1.35817817e-04 4.63854495e-04
 3.82281574e-03 1.42226395e-04 5.45009717e-05 2.18865329e-03
 5.93214132e-05 9.17885022e-05 2.72115682e-03 4.48811268e-05
 1.53518149e-04 7.13834202e-03 9.24845351e-06 3.47800272e-06]
2024-04-10 21:22:50,386 - train - INFO - len params:33
2024-04-10 21:22:50,387 - train - INFO - params[0].shape:torch.Size([16, 32, 1, 1])
2024-04-10 21:22:50,387 - train - INFO - delta_weights_b2:[5.174286842346191, 4.000999450683594, 15.825786590576172, 7.6678314208984375, 24.710771560668945, 7.7204718589782715, 28.186290740966797, 11.574718475341797, 35.64104461669922, 12.204500198364258, 35.376155853271484, 12.07003402709961, 43.63850402832031, 38.34061050415039, 85.99087524414062, 37.9030876159668, 86.7587890625, 38.39073181152344, 84.66277313232422, 39.14494705200195, 100.0866470336914, 79.33195495605469, 153.61892700195312, 79.19524383544922, 153.8057403564453, 80.24069213867188, 193.70755004882812, 203.93887329101562, 326.9056396484375, 207.24940490722656, 324.27691650390625, 205.66746520996094, 464.638916015625]
2024-04-10 21:22:50,387 - train - INFO - delta_weights_b4:[7.278031826019287, 5.957420825958252, 24.12876319885254, 11.020995140075684, 37.09903335571289, 11.46350383758545, 40.51864242553711, 17.792814254760742, 53.349876403808594, 18.13916015625, 54.18302917480469, 17.916385650634766, 64.6996841430664, 57.7628173828125, 129.0997314453125, 57.29889678955078, 129.71974182128906, 57.33694076538086, 128.5363311767578, 57.990211486816406, 152.64112854003906, 119.31507873535156, 230.3299560546875, 120.31098937988281, 228.7740478515625, 119.54668426513672, 289.79156494140625, 305.9777526855469, 491.5926208496094, 310.2743835449219, 484.8553161621094, 307.2555847167969, 699.551513671875]
2024-04-10 21:22:50,387 - train - INFO - delta_weights_b8:[8.216806411743164, 7.025774955749512, 28.063831329345703, 13.252546310424805, 44.17674255371094, 13.333589553833008, 47.16188430786133, 20.851696014404297, 62.67769241333008, 20.907142639160156, 63.71112060546875, 21.06056022644043, 75.48036193847656, 66.82085418701172, 151.55795288085938, 67.07159423828125, 151.76028442382812, 66.87582397460938, 151.02931213378906, 67.92526245117188, 177.2840118408203, 139.00735473632812, 269.368408203125, 140.35658264160156, 266.1334533691406, 139.82705688476562, 339.1775207519531, 357.0853271484375, 574.74951171875, 362.8836364746094, 566.5868530273438, 357.8307189941406, 817.2164306640625]
2024-04-10 21:22:50,387 - train - INFO - delta_weights_b16:[8.73198127746582, 7.468192100524902, 28.063831329345703, 13.252546310424805, 44.17674255371094, 13.333589553833008, 50.93596649169922, 22.237548828125, 67.04363250732422, 22.378583908081055, 67.85416412353516, 22.475942611694336, 81.08161163330078, 71.4909896850586, 162.65724182128906, 71.78604888916016, 161.42630004882812, 71.7716064453125, 162.29568481445312, 72.8798599243164, 189.5688934326172, 149.35572814941406, 288.1099853515625, 150.7008514404297, 285.7831726074219, 150.45816040039062, 363.2278137207031, 381.2398986816406, 615.026123046875, 387.9985656738281, 605.2909545898438, 384.49737548828125, 874.5205688476562]
2024-04-10 21:22:50,387 - train - INFO - delta_weights_b32:[]
2024-04-10 21:22:50,453 - train - INFO - result:[ 1  4  8  8  1  8  1 16 16 16 16 16  1 16 16 16 16 16 16 16 16 16 16 16
 16 16 16 16 16 16 16 16 16]
2024-04-10 21:22:50,455 - train - INFO - ratio:tensor(0.1247)
