2024-04-16 22:04:33,781 - train - INFO - Model c10_nas_mobilenetv2 created, param count:2236873
2024-04-16 22:04:34,566 - train - INFO - Using native Torch AMP. Training in mixed precision.
2024-04-16 22:04:34,566 - train - INFO - Scheduled epochs: 11
2024-04-16 22:04:35,779 - train - INFO - Verifying initial model
2024-04-16 22:04:38,663 - train - INFO - Test: [   0/39]  Time: 2.882 (2.882)  Loss:  0.3928 (0.3928)  Acc@1: 94.1406 (94.1406)  Acc@5: 100.0000 (100.0000)
2024-04-16 22:04:51,163 - train - INFO - Test: [  39/39]  Time: 1.733 (0.385)  Loss:  0.4517 (0.3957)  Acc@1: 93.7500 (94.7100)  Acc@5: 100.0000 (99.8500)
2024-04-16 22:07:26,992 - train - INFO - len trace:53
2024-04-16 22:07:27,989 - train - INFO - cir_idx:[3, 5, 6, 8, 9, 11, 12, 14, 15, 17, 18, 20, 21, 23, 24, 26, 27, 29, 30, 32, 33, 35, 36, 38, 39, 41, 42, 44, 45, 47, 48, 50]
2024-04-16 22:07:27,989 - train - INFO - len traces:(53,)
2024-04-16 22:07:27,990 - train - INFO - traces:[6.05749586e-01 1.24175059e+00 2.17863031e-02 1.50108475e-02
 2.14804606e-01 7.60306440e-03 6.52340830e-03 9.31034932e-02
 5.78424872e-03 1.26389265e-02 3.61978560e-02 5.35619082e-03
 2.52748490e-03 4.01571942e-02 1.34080620e-03 2.17988244e-03
 2.99973054e-02 1.74823656e-03 6.14869222e-03 1.52057410e-02
 2.51794898e-03 4.24791199e-04 5.58055624e-03 3.04198873e-04
 3.43941791e-04 4.40934863e-03 2.98212820e-04 5.60388620e-04
 4.58415809e-03 2.83947129e-04 1.09255308e-03 1.75477298e-02
 7.02120525e-04 1.82888962e-04 5.78118956e-03 1.70537464e-04
 2.18134834e-04 5.14407359e-03 1.58910492e-04 4.63830823e-04
 5.20530878e-03 1.60680126e-04 3.64852050e-05 2.64954398e-03
 3.62201655e-05 8.56979539e-05 2.86918134e-03 4.71437391e-05
 1.51476247e-04 7.45114733e-03 2.13900920e-05 2.15152823e-06
 1.76350881e-03]
2024-04-16 22:07:27,990 - train - INFO - len params:32
2024-04-16 22:07:27,990 - train - INFO - params[0].shape:torch.Size([96, 16, 1, 1])
2024-04-16 22:07:27,990 - train - INFO - delta_weights_b1:[0, 0, 0, 0, 0, 0, 0, 0, 0, 0, 0, 0, 0, 0, 0, 0, 0, 0, 0, 0, 0, 0, 0, 0, 0, 0, 0, 0, 0, 0, 0, 0]
2024-04-16 22:07:27,990 - train - INFO - delta_weights_b2:[4.000999450683594, 15.825786590576172, 7.6678314208984375, 24.710771560668945, 7.7204718589782715, 28.186290740966797, 11.574718475341797, 35.64104461669922, 12.204500198364258, 35.376155853271484, 12.07003402709961, 43.63850402832031, 38.34061050415039, 85.99087524414062, 37.9030876159668, 86.7587890625, 38.39073181152344, 84.66277313232422, 39.14494705200195, 100.0866470336914, 79.33195495605469, 153.61892700195312, 79.19524383544922, 153.8057403564453, 80.24069213867188, 193.70755004882812, 203.93887329101562, 326.9056396484375, 207.24940490722656, 324.27691650390625, 205.66746520996094, 464.638916015625]
2024-04-16 22:07:27,990 - train - INFO - delta_weights_b4:[5.957420825958252, 24.12876319885254, 11.020995140075684, 37.09903335571289, 11.46350383758545, 40.51864242553711, 17.792814254760742, 53.349876403808594, 18.13916015625, 54.18302917480469, 17.916385650634766, 64.6996841430664, 57.7628173828125, 129.0997314453125, 57.29889678955078, 129.71974182128906, 57.33694076538086, 128.5363311767578, 57.990211486816406, 152.64112854003906, 119.31507873535156, 230.3299560546875, 120.31098937988281, 228.7740478515625, 119.54668426513672, 289.79156494140625, 305.9777526855469, 491.5926208496094, 310.2743835449219, 484.8553161621094, 307.2555847167969, 699.551513671875]
2024-04-16 22:07:27,990 - train - INFO - delta_weights_b8:[7.025774955749512, 28.063831329345703, 13.252546310424805, 44.17674255371094, 13.333589553833008, 47.16188430786133, 20.851696014404297, 62.67769241333008, 20.907142639160156, 63.71112060546875, 21.06056022644043, 75.48036193847656, 66.82085418701172, 151.55795288085938, 67.07159423828125, 151.76028442382812, 66.87582397460938, 151.02931213378906, 67.92526245117188, 177.2840118408203, 139.00735473632812, 269.368408203125, 140.35658264160156, 266.1334533691406, 139.82705688476562, 339.1775207519531, 357.0853271484375, 574.74951171875, 362.8836364746094, 566.5868530273438, 357.8307189941406, 817.2164306640625]
2024-04-16 22:07:27,991 - train - INFO - delta_weights_b16:[7.468192100524902, 28.063831329345703, 13.252546310424805, 44.17674255371094, 13.333589553833008, 50.93596649169922, 22.237548828125, 67.04363250732422, 22.378583908081055, 67.85416412353516, 22.475942611694336, 81.08161163330078, 71.4909896850586, 162.65724182128906, 71.78604888916016, 161.42630004882812, 71.7716064453125, 162.29568481445312, 72.8798599243164, 189.5688934326172, 149.35572814941406, 288.1099853515625, 150.7008514404297, 285.7831726074219, 150.45816040039062, 363.2278137207031, 381.2398986816406, 615.026123046875, 387.9985656738281, 605.2909545898438, 384.49737548828125, 874.5205688476562]
2024-04-16 22:07:27,991 - train - INFO - delta_weights_b32:[]
2024-04-16 22:07:27,996 - train - INFO - sensitivity_b2:[0.06005839 0.12032447 0.0500204  0.14293325 0.09757848 0.15097115
 0.02925493 0.04778773 0.02660438 0.06184589 0.07421492 0.10987953
 0.01628675 0.02615833 0.01303646 0.02587258 0.02151373 0.02403975
 0.04276793 0.07027289 0.01450894 0.02619778 0.01727524 0.02444135
 0.03721811 0.03112495 0.00744075 0.01184058 0.01776085 0.01528763
 0.03115374 0.00993867]
2024-04-16 22:07:27,996 - train - INFO - sensitivity_b4:[0.08942594 0.18345254 0.07189445 0.21459004 0.14488638 0.21702558
 0.04497107 0.07153185 0.03954124 0.09472475 0.11016234 0.1629105
 0.02453714 0.03927199 0.01970749 0.03868409 0.03213097 0.03649752
 0.06335738 0.10717247 0.02182141 0.03927989 0.02624402 0.0363546
 0.05544944 0.04656375 0.01116366 0.01780557 0.02658988 0.02285789
 0.04654192 0.01496347]
2024-04-16 22:07:27,996 - train - INFO - sensitivity_b8:[0.10546284 0.21337112 0.08645177 0.25552927 0.16852226 0.25260805
 0.05270235 0.08403864 0.04557511 0.11138211 0.1294949  0.1900557
 0.02838491 0.04610376 0.02306872 0.04525686 0.03747645 0.04288434
 0.07421195 0.12447474 0.02542291 0.04593741 0.03061666 0.0422914
 0.0648561  0.05449909 0.01302833 0.02081752 0.03109839 0.02671102
 0.05420285 0.01748033]
2024-04-16 22:07:27,996 - train - INFO - sensitivity_b16:[0.11210389 0.21337112 0.08645177 0.25552927 0.16852226 0.27282276
 0.05620507 0.08989252 0.04878268 0.11862513 0.13819765 0.20415936
 0.03036874 0.04948015 0.02469022 0.04813939 0.04021999 0.04608339
 0.07962512 0.13310021 0.02731551 0.04913355 0.03287311 0.04541394
 0.06978713 0.05836349 0.01390962 0.02227635 0.03325068 0.02853568
 0.05824222 0.01870608]
2024-04-16 22:07:28,059 - train - INFO - result:[ 1  1  8  1  4  1 16 16 16 16  1  1 16 16 16 16 16 16 16 16 16 16 16 16
 16 16 16 16 16 16 16 16]
2024-04-16 22:07:28,060 - train - INFO - origin_latency:641.3499963283539
2024-04-16 22:07:28,060 - train - INFO - current_latency-origin_latency:-4.520004034042358
2024-04-16 22:09:05,205 - train - INFO - Model c10_nas_mobilenetv2 created, param count:2236873
2024-04-16 22:09:05,445 - train - INFO - Using native Torch AMP. Training in mixed precision.
2024-04-16 22:09:05,445 - train - INFO - Scheduled epochs: 11
2024-04-16 22:09:06,718 - train - INFO - Verifying initial model
2024-04-16 22:09:07,811 - train - INFO - Test: [   0/39]  Time: 1.092 (1.092)  Loss:  0.3928 (0.3928)  Acc@1: 94.1406 (94.1406)  Acc@5: 100.0000 (100.0000)
2024-04-16 22:09:08,990 - train - INFO - Test: [  39/39]  Time: 0.419 (0.057)  Loss:  0.4517 (0.3957)  Acc@1: 93.7500 (94.7100)  Acc@5: 100.0000 (99.8500)
2024-04-16 22:11:08,277 - train - INFO - len trace:53
2024-04-16 22:11:09,272 - train - INFO - cir_idx:[3, 5, 6, 8, 9, 11, 12, 14, 15, 17, 18, 20, 21, 23, 24, 26, 27, 29, 30, 32, 33, 35, 36, 38, 39, 41, 42, 44, 45, 47, 48, 50]
2024-04-16 22:11:09,272 - train - INFO - len traces:(53,)
2024-04-16 22:11:09,274 - train - INFO - traces:[6.05397640e-01 1.24328343e+00 2.20709313e-02 1.50923760e-02
 2.15675104e-01 7.59267819e-03 6.48799554e-03 9.31863529e-02
 5.77305135e-03 1.26600650e-02 3.64576710e-02 5.33333245e-03
 2.54111436e-03 4.01388925e-02 1.35124601e-03 2.20109878e-03
 2.99619372e-02 1.74480921e-03 6.14291404e-03 1.53202191e-02
 2.54105277e-03 4.23445561e-04 5.55777277e-03 3.04921628e-04
 3.38361384e-04 4.44167332e-03 2.99527188e-04 5.58336372e-04
 4.56536238e-03 2.81050523e-04 1.09958941e-03 1.74726310e-02
 6.99185824e-04 1.82236595e-04 5.74819652e-03 1.70989405e-04
 2.19679388e-04 5.18549535e-03 1.58215121e-04 4.63216758e-04
 5.17508403e-03 1.60772898e-04 3.58010668e-05 2.65792034e-03
 3.61035203e-05 8.59033447e-05 2.88306686e-03 4.69310198e-05
 1.51874096e-04 7.45809001e-03 2.13558327e-05 2.11818359e-06
 1.75460342e-03]
2024-04-16 22:11:09,274 - train - INFO - len params:32
2024-04-16 22:11:09,274 - train - INFO - params[0].shape:torch.Size([96, 16, 1, 1])
2024-04-16 22:11:09,274 - train - INFO - delta_weights_b1:[0, 0, 0, 0, 0, 0, 0, 0, 0, 0, 0, 0, 0, 0, 0, 0, 0, 0, 0, 0, 0, 0, 0, 0, 0, 0, 0, 0, 0, 0, 0, 0]
2024-04-16 22:11:09,274 - train - INFO - delta_weights_b2:[4.000999450683594, 15.825786590576172, 7.6678314208984375, 24.710771560668945, 7.7204718589782715, 28.186290740966797, 11.574718475341797, 35.64104461669922, 12.204500198364258, 35.376155853271484, 12.07003402709961, 43.63850402832031, 38.34061050415039, 85.99087524414062, 37.9030876159668, 86.7587890625, 38.39073181152344, 84.66277313232422, 39.14494705200195, 100.0866470336914, 79.33195495605469, 153.61892700195312, 79.19524383544922, 153.8057403564453, 80.24069213867188, 193.70755004882812, 203.93887329101562, 326.9056396484375, 207.24940490722656, 324.27691650390625, 205.66746520996094, 464.638916015625]
2024-04-16 22:11:09,274 - train - INFO - delta_weights_b4:[5.957420825958252, 24.12876319885254, 11.020995140075684, 37.09903335571289, 11.46350383758545, 40.51864242553711, 17.792814254760742, 53.349876403808594, 18.13916015625, 54.18302917480469, 17.916385650634766, 64.6996841430664, 57.7628173828125, 129.0997314453125, 57.29889678955078, 129.71974182128906, 57.33694076538086, 128.5363311767578, 57.990211486816406, 152.64112854003906, 119.31507873535156, 230.3299560546875, 120.31098937988281, 228.7740478515625, 119.54668426513672, 289.79156494140625, 305.9777526855469, 491.5926208496094, 310.2743835449219, 484.8553161621094, 307.2555847167969, 699.551513671875]
2024-04-16 22:11:09,274 - train - INFO - delta_weights_b8:[7.025774955749512, 28.063831329345703, 13.252546310424805, 44.17674255371094, 13.333589553833008, 47.16188430786133, 20.851696014404297, 62.67769241333008, 20.907142639160156, 63.71112060546875, 21.06056022644043, 75.48036193847656, 66.82085418701172, 151.55795288085938, 67.07159423828125, 151.76028442382812, 66.87582397460938, 151.02931213378906, 67.92526245117188, 177.2840118408203, 139.00735473632812, 269.368408203125, 140.35658264160156, 266.1334533691406, 139.82705688476562, 339.1775207519531, 357.0853271484375, 574.74951171875, 362.8836364746094, 566.5868530273438, 357.8307189941406, 817.2164306640625]
2024-04-16 22:11:09,274 - train - INFO - delta_weights_b16:[7.468192100524902, 28.063831329345703, 13.252546310424805, 44.17674255371094, 13.333589553833008, 50.93596649169922, 22.237548828125, 67.04363250732422, 22.378583908081055, 67.85416412353516, 22.475942611694336, 81.08161163330078, 71.4909896850586, 162.65724182128906, 71.78604888916016, 161.42630004882812, 71.7716064453125, 162.29568481445312, 72.8798599243164, 189.5688934326172, 149.35572814941406, 288.1099853515625, 150.7008514404297, 285.7831726074219, 150.45816040039062, 363.2278137207031, 381.2398986816406, 615.026123046875, 387.9985656738281, 605.2909545898438, 384.49737548828125, 874.5205688476562]
2024-04-16 22:11:09,274 - train - INFO - delta_weights_b32:[]
2024-04-16 22:11:09,279 - train - INFO - sensitivity_b2:[0.06038459 0.1201601  0.04974886 0.14265655 0.09774168 0.15032686
 0.02941268 0.04815982 0.02686331 0.06172464 0.07414518 0.11088774
 0.01623516 0.02622048 0.01282494 0.02598662 0.02143494 0.02379452
 0.04304337 0.06997916 0.01445719 0.02626721 0.01739756 0.02433439
 0.03716883 0.03114292 0.00730123 0.01180244 0.01780342 0.01521865
 0.03123556 0.00992275]
2024-04-16 22:11:09,280 - train - INFO - sensitivity_b4:[0.08991164 0.18320193 0.07150417 0.21417462 0.1451287  0.21609939
 0.04521358 0.07208881 0.03992608 0.09453905 0.11005882 0.16440531
 0.02445941 0.0393653  0.01938773 0.03885459 0.0320133  0.0361252
 0.06376542 0.10672451 0.02174357 0.03938398 0.02642984 0.03619551
 0.05537603 0.04659063 0.01095433 0.01774822 0.02665361 0.02275475
 0.04666416 0.01493951]
2024-04-16 22:11:09,280 - train - INFO - sensitivity_b8:[0.10603564 0.21307964 0.08598246 0.2550346  0.16880411 0.25153001
 0.05298654 0.08469298 0.04601869 0.11116375 0.12937321 0.19179958
 0.02829499 0.0462133  0.02269444 0.04545633 0.0373392  0.04244687
 0.0746899  0.12395447 0.02533223 0.04605914 0.03083345 0.04210634
 0.06477024 0.05453055 0.01278404 0.02075048 0.03117292 0.0265905
 0.05434522 0.01745234]
2024-04-16 22:11:09,280 - train - INFO - sensitivity_b16:[0.11271276 0.21307964 0.08598246 0.2550346  0.16880411 0.27165844
 0.05650815 0.09059244 0.04925747 0.11839257 0.13806778 0.20603265
 0.03027254 0.04959771 0.02428963 0.04835157 0.0400727  0.04561329
 0.08013792 0.13254388 0.02721808 0.04926376 0.03310587 0.04521522
 0.06969474 0.05839719 0.0136488  0.02220461 0.03333037 0.02840692
 0.05839519 0.01867611]
2024-04-16 22:11:09,348 - train - INFO - result:[ 1  1  1  1  1  1  8  1 16  1  1  1 16 16 16 16 16 16  1  1 16 16 16 16
  2  8 16 16 16 16 16 16]
2024-04-16 22:11:09,348 - train - INFO - origin_latency:1251.299994468689
2024-04-16 22:11:09,348 - train - INFO - current_latency-origin_latency:-0.20002698898315432024-04-17 22:23:21,000 - train - INFO - Model c10_nas_mobilenetv2 created, param count:2236873
2024-04-17 22:23:21,244 - train - INFO - Using native Torch AMP. Training in mixed precision.
2024-04-17 22:23:21,245 - train - INFO - Scheduled epochs: 11
2024-04-17 22:23:22,604 - train - INFO - Verifying initial model
2024-04-17 22:23:23,806 - train - INFO - Test: [   0/39]  Time: 1.201 (1.201)  Loss:  0.3928 (0.3928)  Acc@1: 94.1406 (94.1406)  Acc@5: 100.0000 (100.0000)
2024-04-17 22:23:25,027 - train - INFO - Test: [  39/39]  Time: 0.383 (0.061)  Loss:  0.4517 (0.3957)  Acc@1: 93.7500 (94.7100)  Acc@5: 100.0000 (99.8500)
2024-04-17 22:24:48,901 - train - INFO - len trace:53
2024-04-17 22:24:48,901 - train - INFO - target_block_size:8
2024-04-17 22:24:48,902 - train - INFO - use cal_delta_z
2024-04-17 22:24:48,936 - train - INFO - use cal_delta_z
2024-04-17 22:24:48,941 - train - INFO - use cal_delta_z
2024-04-17 22:24:48,949 - train - INFO - use cal_delta_z
2024-04-17 22:24:48,955 - train - INFO - use cal_delta_z
2024-04-17 22:24:48,963 - train - INFO - use cal_delta_z
2024-04-17 22:24:48,968 - train - INFO - use cal_delta_z
2024-04-17 22:24:48,974 - train - INFO - use cal_delta_z
2024-04-17 22:24:48,979 - train - INFO - use cal_delta_z
2024-04-17 22:24:48,984 - train - INFO - use cal_delta_z
2024-04-17 22:24:48,989 - train - INFO - use cal_delta_z
2024-04-17 22:24:48,995 - train - INFO - use cal_delta_z
2024-04-17 22:24:49,001 - train - INFO - use cal_delta_z
2024-04-17 22:24:49,008 - train - INFO - use cal_delta_z
2024-04-17 22:24:49,014 - train - INFO - use cal_delta_z
2024-04-17 22:24:49,021 - train - INFO - use cal_delta_z
2024-04-17 22:24:49,027 - train - INFO - use cal_delta_z
2024-04-17 22:24:49,033 - train - INFO - use cal_delta_z
2024-04-17 22:24:49,040 - train - INFO - use cal_delta_z
2024-04-17 22:24:49,046 - train - INFO - use cal_delta_z
2024-04-17 22:24:49,054 - train - INFO - use cal_delta_z
2024-04-17 22:24:49,062 - train - INFO - use cal_delta_z
2024-04-17 22:24:49,069 - train - INFO - use cal_delta_z
2024-04-17 22:24:49,077 - train - INFO - use cal_delta_z
2024-04-17 22:24:49,085 - train - INFO - use cal_delta_z
2024-04-17 22:24:49,093 - train - INFO - use cal_delta_z
2024-04-17 22:24:49,106 - train - INFO - use cal_delta_z
2024-04-17 22:24:49,119 - train - INFO - use cal_delta_z
2024-04-17 22:24:49,133 - train - INFO - use cal_delta_z
2024-04-17 22:24:49,146 - train - INFO - use cal_delta_z
2024-04-17 22:24:49,159 - train - INFO - use cal_delta_z
2024-04-17 22:24:49,172 - train - INFO - use cal_delta_z
2024-04-17 22:24:49,210 - train - INFO - cir_idx:[3, 5, 6, 8, 9, 11, 12, 14, 15, 17, 18, 20, 21, 23, 24, 26, 27, 29, 30, 32, 33, 35, 36, 38, 39, 41, 42, 44, 45, 47, 48, 50]
2024-04-17 22:24:49,211 - train - INFO - len traces:(53,)
2024-04-17 22:24:49,211 - train - INFO - traces:[6.07067480e-01 1.24881546e+00 2.18483962e-02 1.51104922e-02
 2.14762031e-01 7.56721809e-03 6.50150756e-03 9.32646476e-02
 5.80765401e-03 1.26975435e-02 3.63461426e-02 5.31770593e-03
 2.54536698e-03 4.03740023e-02 1.34364021e-03 2.17190342e-03
 2.99932086e-02 1.74220534e-03 6.13417536e-03 1.53478115e-02
 2.52549452e-03 4.26243504e-04 5.63506193e-03 3.03214240e-04
 3.40815800e-04 4.45705110e-03 2.99396326e-04 5.63583878e-04
 4.56959058e-03 2.85181488e-04 1.09757729e-03 1.75290817e-02
 7.03862698e-04 1.84454334e-04 5.77365017e-03 1.71945782e-04
 2.20535940e-04 5.17907110e-03 1.59097089e-04 4.64043944e-04
 5.21718944e-03 1.60383173e-04 3.64256113e-05 2.64747329e-03
 3.56294280e-05 8.56674958e-05 2.89263078e-03 4.72624115e-05
 1.51709721e-04 7.46919102e-03 2.13611475e-05 2.12590931e-06
 1.75895225e-03]
2024-04-17 22:24:49,212 - train - INFO - len params:32
2024-04-17 22:24:49,212 - train - INFO - params[0].shape:torch.Size([96, 16, 1, 1])
2024-04-17 22:24:49,212 - train - INFO - delta_weights_b1:[0, 0, 0, 0, 0, 0, 0, 0, 0, 0, 0, 0, 0, 0, 0, 0, 0, 0, 0, 0, 0, 0, 0, 0, 0, 0, 0, 0, 0, 0, 0, 0]
2024-04-17 22:24:49,212 - train - INFO - delta_weights_b2:[1041614.5625, 2852841.0, 2330389.25, 4103614.5, 5320397.5, 2425740.75, 1390740.875, 1988466.625, 2243342.5, 1360830.75, 3502449.75, 1097647.875, 1688492.75, 1021131.6875, 2544997.0, 1086861.0, 3356084.0, 950969.6875, 4312560.0, 1581929.25, 2425473.25, 1954459.625, 4859952.5, 1724615.25, 7824051.5, 999907.6875, 1818717.25, 1178030.375, 3288884.5, 1249841.875, 5748327.0, 3211702.75]
2024-04-17 22:24:49,212 - train - INFO - delta_weights_b4:[1778175.0, 4845193.0, 3665806.25, 6072801.0, 8349643.5, 3756874.0, 2456353.25, 3038352.75, 3710927.25, 1999509.25, 5800619.5, 1603355.375, 2923553.5, 1777219.0, 4362057.5, 1712327.5, 5479684.5, 1569758.125, 6890959.5, 2668668.75, 4151609.25, 3154678.5, 8185882.5, 2668479.0, 12893594.0, 1645337.375, 3326222.25, 1970655.25, 5808233.0, 2091784.875, 10186409.0, 5649322.5]
2024-04-17 22:24:49,212 - train - INFO - delta_weights_b8:[2142007.75, 6071527.0, 4706608.5, 7161578.5, 10099277.0, 4517732.5, 3022471.75, 3535776.25, 4422778.5, 2542249.75, 7226835.0, 1957575.0, 3654111.25, 2114062.75, 5365053.5, 2029636.375, 6654423.5, 1878488.375, 8426804.0, 3348320.0, 5124262.5, 3812956.5, 10010528.0, 3271936.5, 15840443.0, 2020667.5, 4236207.0, 2416323.5, 7296408.5, 2674427.0, 12908503.0, 7118052.0]
2024-04-17 22:24:49,212 - train - INFO - delta_weights_b16:[2349444.5, 6071527.0, 4706608.5, 7161578.5, 10099277.0, 5234091.5, 3283679.25, 3827720.75, 4833397.0, 2672726.0, 7791819.5, 2147474.25, 4029737.25, 2346703.75, 5914089.5, 2207980.25, 7310916.5, 2043969.375, 9245878.0, 3640421.25, 5708194.5, 4196383.5, 11003446.0, 3583145.25, 17515218.0, 2214750.75, 4703654.5, 2662307.0, 8065041.0, 2989155.25, 14467751.0, 7903114.0]
2024-04-17 22:24:49,212 - train - INFO - delta_weights_b32:[]
2024-04-17 22:24:49,216 - train - INFO - sensitivity_b2:[1.57393087e+04 2.15880700e+04 1.51510433e+04 2.38323732e+04
 6.75559789e+04 1.28993760e+04 3.53994591e+03 2.67178371e+03
 4.87232325e+03 2.37084660e+03 2.14846409e+04 2.77210369e+03
 7.19709066e+02 3.09621668e+02 8.67375190e+02 3.25402191e+02
 1.89143484e+03 2.71198950e+02 4.73336794e+03 1.11346099e+03
 4.47389053e+02 3.36061089e+02 1.07179420e+03 2.74381266e+02
 3.63070372e+03 1.60368367e+02 6.62478877e+01 4.19725485e+01
 2.81750499e+02 5.90705410e+01 8.72077086e+02 6.86056561e+01]
2024-04-17 22:24:49,216 - train - INFO - sensitivity_b4:[2.68690994e+04 3.66646321e+04 2.38332671e+04 3.52687271e+04
 1.06019962e+05 1.99779512e+04 6.25232046e+03 4.08245292e+03
 8.05977558e+03 3.48355569e+03 3.55820172e+04 4.04926521e+03
 1.24614569e+03 5.38878108e+02 1.48665812e+03 5.12664563e+02
 3.08826184e+03 4.47665957e+02 7.56336069e+03 1.87837639e+03
 7.65782319e+02 5.42433662e+02 1.80528130e+03 4.24547241e+02
 5.98319421e+03 2.63884428e+02 1.21159679e+02 7.02133194e+01
 4.97576776e+02 9.88627976e+01 1.54537727e+03 1.20676011e+02]
2024-04-17 22:24:49,217 - train - INFO - sensitivity_b8:[3.23667913e+04 4.59445690e+04 3.06000508e+04 4.15919701e+04
 1.28236009e+05 2.40239729e+04 7.69329980e+03 4.75081113e+03
 9.60584775e+03 4.42912109e+03 4.43306732e+04 4.94384493e+03
 1.55754118e+03 6.41013929e+02 1.82849500e+03 6.07665675e+02
 3.75032580e+03 5.35710109e+02 9.24906874e+03 2.35675755e+03
 9.45192427e+02 6.55621787e+02 2.20768121e+03 5.20555573e+02
 7.35066165e+03 3.24081064e+02 1.54306430e+02 8.60922242e+01
 6.25065045e+02 1.26399869e+02 1.95834539e+03 1.52049759e+02]
2024-04-17 22:24:49,217 - train - INFO - sensitivity_b16:[3.55012627e+04 4.59445690e+04 3.06000508e+04 4.15919701e+04
 1.28236009e+05 2.78333594e+04 8.35816875e+03 5.14307950e+03
 1.04976715e+04 4.65643751e+03 4.77963872e+04 5.42343445e+03
 1.71764932e+03 7.11553993e+02 2.01561515e+03 6.61061176e+02
 4.12031467e+03 5.82902227e+02 1.01480658e+04 2.56235672e+03
 1.05290122e+03 7.21550442e+02 2.42665531e+03 5.70067979e+02
 8.12783084e+03 3.55208752e+02 1.71333491e+02 9.48564757e+01
 6.90911866e+02 1.41274686e+02 2.19489847e+03 1.68819584e+02]
2024-04-17 22:24:49,298 - train - INFO - result:[ 2  2  2  2  2  2 16 16  4 16  2  2 16 16 16 16 16 16  2 16 16 16 16 16
  8 16 16 16 16 16 16 16]
2024-04-17 22:24:49,299 - train - INFO - origin_latency:540.2349979877472
2024-04-17 22:24:49,299 - train - INFO - current_latency-origin_latency:-0.98250222206115722024-04-17 22:29:30,944 - train - INFO - Model c10_nas_mobilenetv2 created, param count:2236873
2024-04-17 22:29:31,323 - train - INFO - Using native Torch AMP. Training in mixed precision.
2024-04-17 22:29:31,323 - train - INFO - Scheduled epochs: 11
2024-04-17 22:29:32,659 - train - INFO - Verifying initial model
2024-04-17 22:29:33,900 - train - INFO - Test: [   0/39]  Time: 1.240 (1.240)  Loss:  0.3928 (0.3928)  Acc@1: 94.1406 (94.1406)  Acc@5: 100.0000 (100.0000)
2024-04-17 22:29:35,061 - train - INFO - Test: [  39/39]  Time: 0.370 (0.060)  Loss:  0.4517 (0.3957)  Acc@1: 93.7500 (94.7100)  Acc@5: 100.0000 (99.8500)
2024-04-17 22:30:57,288 - train - INFO - len trace:53
2024-04-17 22:30:57,289 - train - INFO - target_block_size:8
2024-04-17 22:30:57,289 - train - INFO - use cal_mse
2024-04-17 22:30:57,317 - train - INFO - use cal_mse
2024-04-17 22:30:57,319 - train - INFO - use cal_mse
2024-04-17 22:30:57,321 - train - INFO - use cal_mse
2024-04-17 22:30:57,323 - train - INFO - use cal_mse
2024-04-17 22:30:57,325 - train - INFO - use cal_mse
2024-04-17 22:30:57,327 - train - INFO - use cal_mse
2024-04-17 22:30:57,329 - train - INFO - use cal_mse
2024-04-17 22:30:57,331 - train - INFO - use cal_mse
2024-04-17 22:30:57,333 - train - INFO - use cal_mse
2024-04-17 22:30:57,335 - train - INFO - use cal_mse
2024-04-17 22:30:57,337 - train - INFO - use cal_mse
2024-04-17 22:30:57,340 - train - INFO - use cal_mse
2024-04-17 22:30:57,343 - train - INFO - use cal_mse
2024-04-17 22:30:57,346 - train - INFO - use cal_mse
2024-04-17 22:30:57,349 - train - INFO - use cal_mse
2024-04-17 22:30:57,352 - train - INFO - use cal_mse
2024-04-17 22:30:57,355 - train - INFO - use cal_mse
2024-04-17 22:30:57,358 - train - INFO - use cal_mse
2024-04-17 22:30:57,361 - train - INFO - use cal_mse
2024-04-17 22:30:57,366 - train - INFO - use cal_mse
2024-04-17 22:30:57,370 - train - INFO - use cal_mse
2024-04-17 22:30:57,375 - train - INFO - use cal_mse
2024-04-17 22:30:57,380 - train - INFO - use cal_mse
2024-04-17 22:30:57,384 - train - INFO - use cal_mse
2024-04-17 22:30:57,389 - train - INFO - use cal_mse
2024-04-17 22:30:57,399 - train - INFO - use cal_mse
2024-04-17 22:30:57,411 - train - INFO - use cal_mse
2024-04-17 22:30:57,421 - train - INFO - use cal_mse
2024-04-17 22:30:57,431 - train - INFO - use cal_mse
2024-04-17 22:30:57,441 - train - INFO - use cal_mse
2024-04-17 22:30:57,451 - train - INFO - use cal_mse
2024-04-17 22:30:57,484 - train - INFO - cir_idx:[3, 5, 6, 8, 9, 11, 12, 14, 15, 17, 18, 20, 21, 23, 24, 26, 27, 29, 30, 32, 33, 35, 36, 38, 39, 41, 42, 44, 45, 47, 48, 50]
2024-04-17 22:30:57,485 - train - INFO - len traces:(53,)
2024-04-17 22:30:57,485 - train - INFO - traces:[6.07060677e-01 1.24877523e+00 2.18480979e-02 1.51084317e-02
 2.14765535e-01 7.56742176e-03 6.50115503e-03 9.32643734e-02
 5.80731892e-03 1.26967924e-02 3.63471871e-02 5.31780985e-03
 2.54562372e-03 4.03757694e-02 1.34349569e-03 2.17173562e-03
 2.99930136e-02 1.74226837e-03 6.13456403e-03 1.53472195e-02
 2.52552217e-03 4.26181488e-04 5.63498106e-03 3.03262180e-04
 3.40780129e-04 4.45650532e-03 2.99370457e-04 5.63658585e-04
 4.56934441e-03 2.85124878e-04 1.09754790e-03 1.75301847e-02
 7.03864483e-04 1.84421112e-04 5.77386691e-03 1.71944189e-04
 2.20538269e-04 5.17926730e-03 1.59095310e-04 4.64050536e-04
 5.21761964e-03 1.60385301e-04 3.64238611e-05 2.64749969e-03
 3.56241256e-05 8.56751312e-05 2.89268313e-03 4.72624842e-05
 1.51700830e-04 7.46905134e-03 2.13606742e-05 2.12589138e-06
 1.75894851e-03]
2024-04-17 22:30:57,486 - train - INFO - len params:32
2024-04-17 22:30:57,486 - train - INFO - params[0].shape:torch.Size([96, 16, 1, 1])
2024-04-17 22:30:57,486 - train - INFO - delta_weights_b1:[0, 0, 0, 0, 0, 0, 0, 0, 0, 0, 0, 0, 0, 0, 0, 0, 0, 0, 0, 0, 0, 0, 0, 0, 0, 0, 0, 0, 0, 0, 0, 0]
2024-04-17 22:30:57,486 - train - INFO - delta_weights_b2:[4.000999450683594, 15.825786590576172, 7.6678314208984375, 24.710771560668945, 7.7204718589782715, 28.186290740966797, 11.574718475341797, 35.64104461669922, 12.204500198364258, 35.376155853271484, 12.07003402709961, 43.63850402832031, 38.34061050415039, 85.99087524414062, 37.9030876159668, 86.7587890625, 38.39073181152344, 84.66277313232422, 39.14494705200195, 100.0866470336914, 79.33195495605469, 153.61892700195312, 79.19524383544922, 153.8057403564453, 80.24069213867188, 193.70755004882812, 203.93887329101562, 326.9056396484375, 207.24940490722656, 324.27691650390625, 205.66746520996094, 464.638916015625]
2024-04-17 22:30:57,486 - train - INFO - delta_weights_b4:[5.957420825958252, 24.12876319885254, 11.020995140075684, 37.09903335571289, 11.46350383758545, 40.51864242553711, 17.792814254760742, 53.349876403808594, 18.13916015625, 54.18302917480469, 17.916385650634766, 64.6996841430664, 57.7628173828125, 129.0997314453125, 57.29889678955078, 129.71974182128906, 57.33694076538086, 128.5363311767578, 57.990211486816406, 152.64112854003906, 119.31507873535156, 230.3299560546875, 120.31098937988281, 228.7740478515625, 119.54668426513672, 289.79156494140625, 305.9777526855469, 491.5926208496094, 310.2743835449219, 484.8553161621094, 307.2555847167969, 699.551513671875]
2024-04-17 22:30:57,486 - train - INFO - delta_weights_b8:[7.025774955749512, 28.063831329345703, 13.252546310424805, 44.17674255371094, 13.333589553833008, 47.16188430786133, 20.851696014404297, 62.67769241333008, 20.907142639160156, 63.71112060546875, 21.06056022644043, 75.48036193847656, 66.82085418701172, 151.55795288085938, 67.07159423828125, 151.76028442382812, 66.87582397460938, 151.02931213378906, 67.92526245117188, 177.2840118408203, 139.00735473632812, 269.368408203125, 140.35658264160156, 266.1334533691406, 139.82705688476562, 339.1775207519531, 357.0853271484375, 574.74951171875, 362.8836364746094, 566.5868530273438, 357.8307189941406, 817.2164306640625]
2024-04-17 22:30:57,486 - train - INFO - delta_weights_b16:[7.468192100524902, 28.063831329345703, 13.252546310424805, 44.17674255371094, 13.333589553833008, 50.93596649169922, 22.237548828125, 67.04363250732422, 22.378583908081055, 67.85416412353516, 22.475942611694336, 81.08161163330078, 71.4909896850586, 162.65724182128906, 71.78604888916016, 161.42630004882812, 71.7716064453125, 162.29568481445312, 72.8798599243164, 189.5688934326172, 149.35572814941406, 288.1099853515625, 150.7008514404297, 285.7831726074219, 150.45816040039062, 363.2278137207031, 381.2398986816406, 615.026123046875, 387.9985656738281, 605.2909545898438, 384.49737548828125, 874.5205688476562]
2024-04-17 22:30:57,486 - train - INFO - delta_weights_b32:[]
2024-04-17 22:30:57,491 - train - INFO - sensitivity_b2:[0.06044883 0.1197604  0.04984976 0.14350333 0.09802523 0.14988933
 0.02946488 0.04788359 0.02650495 0.06163476 0.0740444  0.11021001
 0.01634006 0.02607778 0.01291662 0.02597302 0.02163927 0.02413946
 0.04296345 0.07044744 0.01463049 0.02641388 0.01746558 0.02446977
 0.03723574 0.03106784 0.00742824 0.01164573 0.01775612 0.01532613
 0.03119993 0.009925  ]
2024-04-17 22:30:57,491 - train - INFO - sensitivity_b4:[0.09000729 0.18259253 0.0716492  0.21544592 0.14554973 0.21547044
 0.04529381 0.07167533 0.03939346 0.09440138 0.10990921 0.16340049
 0.02461744 0.03915107 0.01952633 0.03883426 0.03231846 0.03664891
 0.06364704 0.10743867 0.02200422 0.0396039  0.02653318 0.03639688
 0.0554757  0.04647831 0.01114489 0.01751256 0.0265828  0.02291547
 0.04661093 0.01494289]
2024-04-17 22:30:57,491 - train - INFO - sensitivity_b8:[0.10614844 0.21237085 0.08615686 0.25654843 0.16929382 0.25079793
 0.05308057 0.08420721 0.04540479 0.11100187 0.12919736 0.19062733
 0.02847781 0.0459618  0.02285667 0.04543255 0.03769513 0.04306221
 0.07455123 0.12478392 0.02563589 0.04631633 0.030954   0.04234058
 0.06488682 0.05439909 0.01300643 0.02047495 0.0310901  0.0267783
 0.05428322 0.01745629]
2024-04-17 22:30:57,492 - train - INFO - sensitivity_b16:[0.11283267 0.21237085 0.08615686 0.25654843 0.16929382 0.27086778
 0.05660843 0.09007283 0.04860037 0.11822016 0.13788011 0.20477341
 0.03046814 0.04932779 0.02446326 0.04832627 0.04045468 0.04627454
 0.07998914 0.13343081 0.02754435 0.04953884 0.0332353  0.04546676
 0.06982019 0.0582564  0.01388623 0.02190977 0.03324183 0.02860755
 0.05832857 0.01868035]
2024-04-17 22:30:57,559 - train - INFO - result:[16  1  8  1  4  1 16 16 16 16  1  1 16 16 16 16 16 16 16  8 16 16 16 16
 16 16 16 16 16 16 16 16]
2024-04-17 22:30:57,559 - train - INFO - origin_latency:540.2349979877472
2024-04-17 22:30:57,559 - train - INFO - current_latency-origin_latency:-0.0075026750564575195
2024-04-17 22:33:23,173 - train - INFO - Model c10_nas_mobilenetv2 created, param count:2236873
2024-04-17 22:33:23,482 - train - INFO - Using native Torch AMP. Training in mixed precision.
2024-04-17 22:33:23,483 - train - INFO - Scheduled epochs: 11
2024-04-17 22:33:24,862 - train - INFO - Verifying initial model
2024-04-17 22:33:26,088 - train - INFO - Test: [   0/39]  Time: 1.225 (1.225)  Loss:  0.3928 (0.3928)  Acc@1: 94.1406 (94.1406)  Acc@5: 100.0000 (100.0000)
2024-04-17 22:33:27,309 - train - INFO - Test: [  39/39]  Time: 0.375 (0.061)  Loss:  0.4517 (0.3957)  Acc@1: 93.7500 (94.7100)  Acc@5: 100.0000 (99.8500)
2024-04-17 22:34:49,294 - train - INFO - len trace:53
2024-04-17 22:34:49,294 - train - INFO - target_block_size:8
2024-04-17 22:34:49,295 - train - INFO - use cal_mse
2024-04-17 22:34:49,319 - train - INFO - use cal_mse
2024-04-17 22:34:49,320 - train - INFO - use cal_mse
2024-04-17 22:34:49,322 - train - INFO - use cal_mse
2024-04-17 22:34:49,324 - train - INFO - use cal_mse
2024-04-17 22:34:49,326 - train - INFO - use cal_mse
2024-04-17 22:34:49,328 - train - INFO - use cal_mse
2024-04-17 22:34:49,330 - train - INFO - use cal_mse
2024-04-17 22:34:49,332 - train - INFO - use cal_mse
2024-04-17 22:34:49,334 - train - INFO - use cal_mse
2024-04-17 22:34:49,336 - train - INFO - use cal_mse
2024-04-17 22:34:49,338 - train - INFO - use cal_mse
2024-04-17 22:34:49,341 - train - INFO - use cal_mse
2024-04-17 22:34:49,344 - train - INFO - use cal_mse
2024-04-17 22:34:49,347 - train - INFO - use cal_mse
2024-04-17 22:34:49,350 - train - INFO - use cal_mse
2024-04-17 22:34:49,353 - train - INFO - use cal_mse
2024-04-17 22:34:49,356 - train - INFO - use cal_mse
2024-04-17 22:34:49,359 - train - INFO - use cal_mse
2024-04-17 22:34:49,362 - train - INFO - use cal_mse
2024-04-17 22:34:49,367 - train - INFO - use cal_mse
2024-04-17 22:34:49,371 - train - INFO - use cal_mse
2024-04-17 22:34:49,376 - train - INFO - use cal_mse
2024-04-17 22:34:49,380 - train - INFO - use cal_mse
2024-04-17 22:34:49,385 - train - INFO - use cal_mse
2024-04-17 22:34:49,389 - train - INFO - use cal_mse
2024-04-17 22:34:49,399 - train - INFO - use cal_mse
2024-04-17 22:34:49,409 - train - INFO - use cal_mse
2024-04-17 22:34:49,419 - train - INFO - use cal_mse
2024-04-17 22:34:49,429 - train - INFO - use cal_mse
2024-04-17 22:34:49,439 - train - INFO - use cal_mse
2024-04-17 22:34:49,449 - train - INFO - use cal_mse
2024-04-17 22:34:49,483 - train - INFO - cir_idx:[3, 5, 6, 8, 9, 11, 12, 14, 15, 17, 18, 20, 21, 23, 24, 26, 27, 29, 30, 32, 33, 35, 36, 38, 39, 41, 42, 44, 45, 47, 48, 50]
2024-04-17 22:34:49,483 - train - INFO - len traces:(53,)
2024-04-17 22:34:49,484 - train - INFO - traces:[6.05375657e-01 1.24328453e+00 2.20738833e-02 1.50921535e-02
 2.15676591e-01 7.59247790e-03 6.48765074e-03 9.31863175e-02
 5.77337554e-03 1.26614611e-02 3.64598862e-02 5.33321858e-03
 2.54097655e-03 4.01374407e-02 1.35154203e-03 2.20132671e-03
 2.99637418e-02 1.74489773e-03 6.14339343e-03 1.53209144e-02
 2.54092711e-03 4.23385434e-04 5.55794457e-03 3.04910797e-04
 3.38455971e-04 4.44182537e-03 2.99552382e-04 5.58316825e-04
 4.56579631e-03 2.81026443e-04 1.09960153e-03 1.74737260e-02
 6.99263450e-04 1.82223998e-04 5.74823505e-03 1.71024409e-04
 2.19669803e-04 5.18515504e-03 1.58203939e-04 4.63158734e-04
 5.17470661e-03 1.60767519e-04 3.57984205e-05 2.65772262e-03
 3.61012425e-05 8.59059930e-05 2.88311401e-03 4.69336066e-05
 1.51884505e-04 7.45800468e-03 2.13557349e-05 2.11861216e-06
 1.75462164e-03]
2024-04-17 22:34:49,484 - train - INFO - len params:32
2024-04-17 22:34:49,485 - train - INFO - params[0].shape:torch.Size([96, 16, 1, 1])
2024-04-17 22:34:49,485 - train - INFO - delta_weights_b1:[0, 0, 0, 0, 0, 0, 0, 0, 0, 0, 0, 0, 0, 0, 0, 0, 0, 0, 0, 0, 0, 0, 0, 0, 0, 0, 0, 0, 0, 0, 0, 0]
2024-04-17 22:34:49,485 - train - INFO - delta_weights_b2:[4.000999450683594, 15.825786590576172, 7.6678314208984375, 24.710771560668945, 7.7204718589782715, 28.186290740966797, 11.574718475341797, 35.64104461669922, 12.204500198364258, 35.376155853271484, 12.07003402709961, 43.63850402832031, 38.34061050415039, 85.99087524414062, 37.9030876159668, 86.7587890625, 38.39073181152344, 84.66277313232422, 39.14494705200195, 100.0866470336914, 79.33195495605469, 153.61892700195312, 79.19524383544922, 153.8057403564453, 80.24069213867188, 193.70755004882812, 203.93887329101562, 326.9056396484375, 207.24940490722656, 324.27691650390625, 205.66746520996094, 464.638916015625]
2024-04-17 22:34:49,485 - train - INFO - delta_weights_b4:[5.957420825958252, 24.12876319885254, 11.020995140075684, 37.09903335571289, 11.46350383758545, 40.51864242553711, 17.792814254760742, 53.349876403808594, 18.13916015625, 54.18302917480469, 17.916385650634766, 64.6996841430664, 57.7628173828125, 129.0997314453125, 57.29889678955078, 129.71974182128906, 57.33694076538086, 128.5363311767578, 57.990211486816406, 152.64112854003906, 119.31507873535156, 230.3299560546875, 120.31098937988281, 228.7740478515625, 119.54668426513672, 289.79156494140625, 305.9777526855469, 491.5926208496094, 310.2743835449219, 484.8553161621094, 307.2555847167969, 699.551513671875]
2024-04-17 22:34:49,485 - train - INFO - delta_weights_b8:[7.025774955749512, 28.063831329345703, 13.252546310424805, 44.17674255371094, 13.333589553833008, 47.16188430786133, 20.851696014404297, 62.67769241333008, 20.907142639160156, 63.71112060546875, 21.06056022644043, 75.48036193847656, 66.82085418701172, 151.55795288085938, 67.07159423828125, 151.76028442382812, 66.87582397460938, 151.02931213378906, 67.92526245117188, 177.2840118408203, 139.00735473632812, 269.368408203125, 140.35658264160156, 266.1334533691406, 139.82705688476562, 339.1775207519531, 357.0853271484375, 574.74951171875, 362.8836364746094, 566.5868530273438, 357.8307189941406, 817.2164306640625]
2024-04-17 22:34:49,485 - train - INFO - delta_weights_b16:[7.468192100524902, 28.063831329345703, 13.252546310424805, 44.17674255371094, 13.333589553833008, 50.93596649169922, 22.237548828125, 67.04363250732422, 22.378583908081055, 67.85416412353516, 22.475942611694336, 81.08161163330078, 71.4909896850586, 162.65724182128906, 71.78604888916016, 161.42630004882812, 71.7716064453125, 162.29568481445312, 72.8798599243164, 189.5688934326172, 149.35572814941406, 288.1099853515625, 150.7008514404297, 285.7831726074219, 150.45816040039062, 363.2278137207031, 381.2398986816406, 615.026123046875, 387.9985656738281, 605.2909545898438, 384.49737548828125, 874.5205688476562]
2024-04-17 22:34:49,485 - train - INFO - delta_weights_b32:[]
2024-04-17 22:34:49,490 - train - INFO - sensitivity_b2:[0.0603837  0.12015693 0.04974621 0.14266456 0.09775245 0.15032365
 0.02941109 0.04817037 0.02686609 0.06172777 0.07415097 0.11088226
 0.01623286 0.02621955 0.01282853 0.0259888  0.02143419 0.02379248
 0.04304384 0.06998693 0.01445619 0.02627259 0.0173968  0.02433267
 0.03716418 0.03114188 0.00730069 0.0118017  0.01780397 0.01521949
 0.0312377  0.00992271]
2024-04-17 22:34:49,490 - train - INFO - sensitivity_b4:[0.08991031 0.1831971  0.07150037 0.21418665 0.14514471 0.21609478
 0.04521112 0.0721046  0.03993022 0.09454384 0.11006741 0.16439718
 0.02445594 0.0393639  0.01939315 0.03885786 0.03201218 0.03612211
 0.06376613 0.10673636 0.02174207 0.03939204 0.02642869 0.03619296
 0.05536909 0.04658907 0.01095352 0.0177471  0.02665443 0.02275601
 0.04666736 0.01493944]
2024-04-17 22:34:49,490 - train - INFO - sensitivity_b8:[0.10603407 0.21307402 0.08597789 0.25504892 0.16882273 0.25152464
 0.05298367 0.08471154 0.04602345 0.11116939 0.12938331 0.1917901
 0.02829098 0.04621166 0.02270078 0.04546015 0.0373379  0.04244323
 0.07469072 0.12396823 0.02533048 0.04606857 0.0308321  0.04210336
 0.06476212 0.05452873 0.01278309 0.02074917 0.03117388 0.02659196
 0.05434894 0.01745226]
2024-04-17 22:34:49,490 - train - INFO - sensitivity_b16:[0.1127111  0.21307402 0.08597789 0.25504892 0.16882273 0.27165264
 0.05650509 0.09061229 0.04926257 0.11839858 0.13807856 0.20602246
 0.03026824 0.04959595 0.02429642 0.04835563 0.0400713  0.04560938
 0.08013881 0.1325586  0.0272162  0.04927384 0.03310443 0.04521202
 0.06968601 0.05839523 0.01364779 0.02220321 0.0333314  0.02840849
 0.05839919 0.01867603]
2024-04-17 22:34:49,563 - train - INFO - result:[ 1  1  8  1  4  1 16 16 16 16  1  1 16 16 16 16 16 16 16 16 16 16 16 16
 16 16 16 16 16 16 16 16]
2024-04-17 22:34:49,563 - train - INFO - origin_latency:641.3499963283539
2024-04-17 22:34:49,563 - train - INFO - current_latency-origin_latency:-4.520004034042358
