2024-04-23 14:44:42,990 - train - INFO - Model tiny_nas_mobilenetv2 created, param count:2480263
2024-04-23 14:44:43,000 - train - INFO - Using native Torch AMP. Training in mixed precision.
2024-04-23 14:44:43,000 - train - INFO - Scheduled epochs: 11
2024-04-23 14:44:43,221 - train - INFO - Verifying teacher model
2024-04-23 14:44:44,065 - train - INFO - Test: [   0/78]  Time: 0.843 (0.843)  Loss:  0.9253 (0.9253)  Acc@1: 82.8125 (82.8125)  Acc@5: 93.7500 (93.7500)
2024-04-23 14:44:44,445 - train - INFO - Test: [  50/78]  Time: 0.008 (0.024)  Loss:  1.4883 (1.5408)  Acc@1: 69.5312 (66.6207)  Acc@5: 89.8438 (86.7188)
2024-04-23 14:44:44,985 - train - INFO - Test: [  78/78]  Time: 0.343 (0.022)  Loss:  1.7324 (1.5640)  Acc@1: 68.7500 (66.1400)  Acc@5: 100.0000 (86.4500)
2024-04-23 14:44:44,985 - train - INFO - Verifying initial model in training dataset
2024-04-23 14:45:08,029 - train - INFO - len loader.dataset:300
2024-04-23 14:45:08,149 - train - INFO - target_block_size:8
2024-04-23 14:45:08,149 - train - INFO - use cal_delta_w
2024-04-23 14:45:08,542 - train - INFO - delta_weights_b1:[0, 0, 0, 0, 0, 0, 0, 0, 0, 0, 0, 0, 0, 0, 0, 0, 0, 0, 0, 0, 0, 0, 0, 0, 0, 0, 0, 0, 0, 0, 0, 0]
2024-04-23 14:45:08,542 - train - INFO - delta_weights_b2:[2.0810155868530273, 2.986170768737793, 4.440081596374512, 4.336347579956055, 4.419473648071289, 5.621538162231445, 7.65399694442749, 7.946903705596924, 7.984227657318115, 7.714822292327881, 8.079839706420898, 15.192056655883789, 30.47652816772461, 32.1569709777832, 31.407360076904297, 31.257490158081055, 30.714601516723633, 30.76375389099121, 30.328472137451172, 45.59848403930664, 69.68670654296875, 70.2402114868164, 68.58084106445312, 69.98416900634766, 68.10517883300781, 113.87462615966797, 189.7029571533203, 196.10557556152344, 191.0863800048828, 194.61097717285156, 189.53076171875, 396.689697265625]
2024-04-23 14:45:08,542 - train - INFO - delta_weights_b4:[2.642977237701416, 3.799121379852295, 6.141745567321777, 5.8354716300964355, 6.132479667663574, 7.6640305519104, 10.552881240844727, 10.893390655517578, 10.410778045654297, 10.645794868469238, 10.535070419311523, 20.30848503112793, 41.25071334838867, 42.78881072998047, 42.83367919921875, 43.76401901245117, 42.471771240234375, 42.7210578918457, 41.18556594848633, 62.21092224121094, 92.75247955322266, 95.34595489501953, 92.93521118164062, 93.8377685546875, 91.99190521240234, 153.16868591308594, 258.55487060546875, 265.85540771484375, 259.6154479980469, 265.0765075683594, 256.6502685546875, 531.3027954101562]
2024-04-23 14:45:08,542 - train - INFO - delta_weights_b8:[2.773139238357544, 4.102382183074951, 6.4717559814453125, 6.210393905639648, 6.329591751098633, 8.043033599853516, 11.103242874145508, 11.390254974365234, 11.099139213562012, 11.130443572998047, 11.271123886108398, 21.962392807006836, 43.634788513183594, 45.02513885498047, 45.39228820800781, 46.52298355102539, 45.925804138183594, 45.398406982421875, 43.581626892089844, 65.3902359008789, 100.2777328491211, 101.42037200927734, 98.91523742675781, 100.49679565429688, 98.77367401123047, 163.539794921875, 274.1622009277344, 283.3375549316406, 273.046875, 281.004638671875, 271.3684997558594, 564.461669921875]
2024-04-23 14:45:08,542 - train - INFO - delta_weights_b16:[2.8783271312713623, 4.102382183074951, 6.4717559814453125, 6.210393905639648, 6.329591751098633, 8.016932487487793, 11.021357536315918, 11.415884017944336, 11.203067779541016, 11.056062698364258, 11.06472110748291, 21.372072219848633, 43.46781921386719, 44.931610107421875, 45.758094787597656, 46.4771842956543, 46.47426223754883, 45.619056701660156, 43.9849853515625, 65.30706787109375, 100.27345275878906, 101.50118255615234, 99.09835815429688, 100.15778350830078, 97.70885467529297, 161.05690002441406, 272.6665954589844, 280.42431640625, 272.45599365234375, 278.40264892578125, 268.5401916503906, 557.498779296875]
2024-04-23 14:45:09,094 - train - INFO - cir_idx:[3, 5, 6, 8, 9, 11, 12, 14, 15, 17, 18, 20, 21, 23, 24, 26, 27, 29, 30, 32, 33, 35, 36, 38, 39, 41, 42, 44, 45, 47, 48, 50]
2024-04-23 14:45:09,094 - train - INFO - len params:32
2024-04-23 14:45:09,095 - train - INFO - params[0].shape:torch.Size([96, 16, 1, 1])
2024-04-23 14:45:09,104 - train - INFO - sensitivity_b2:[6.641653893524335e-10, 6.432692156721487e-10, 3.356838140788909e-10, 4.65757488132823e-10, 9.208495632684333e-10, 9.259746858170104e-10, 1.2030083873515451e-10, 1.5746343118294703e-10, 1.505481295183131e-10, 1.3398790410512618e-10, 8.391061179224835e-10, 7.959100045695777e-10, 6.769609872669946e-11, 9.390717370383328e-11, 9.99559601755351e-11, 8.890832514651947e-11, 1.0526904348218125e-10, 6.849736056135924e-11, 4.870746028728945e-10, 3.4298092144169345e-10, 9.227990593885238e-11, 1.0352718682327122e-10, 1.2845072228095944e-10, 1.0386193294298351e-10, 4.846266166147473e-10, 4.940079456616786e-10, 1.3734667569931247e-10, 1.502284824317357e-10, 2.3108100155599942e-10, 1.530344184708099e-10, 6.089063142589168e-10, 2.7524513224186364e-10]
2024-04-23 14:45:09,104 - train - INFO - sensitivity_b4:[1.2698643248043595e-09, 1.2022591810989525e-09, 7.193475815014949e-10, 9.455314309292362e-10, 1.853804443285867e-09, 1.986769415651679e-09, 2.475974980598039e-10, 3.2318644982431977e-10, 3.1226848884458036e-10, 2.87785156816156e-10, 1.7645127581289444e-09, 1.6690951953890476e-09, 1.4972584283512447e-10, 1.9329207678886462e-10, 2.1797406934975783e-10, 1.7628815074388626e-10, 2.3704091467458e-10, 1.5499140859631666e-10, 9.667605604946061e-10, 6.900878757321038e-10, 1.9654980421002222e-10, 2.2676574507052294e-10, 2.7643887179351623e-10, 2.1725596321964247e-10, 1.0072179756903665e-09, 1.0387610771545042e-09, 2.939526955181293e-10, 3.21900728295077e-10, 4.935318820287193e-10, 3.26148358320566e-10, 1.2828005324649894e-09, 5.851165107984002e-10]
2024-04-23 14:45:09,104 - train - INFO - sensitivity_b8:[1.96484872816427e-09, 1.8230716936074032e-09, 1.1230588681243603e-09, 1.3347740690505816e-09, 3.043264307223126e-09, 2.9375313292945293e-09, 3.667000869622683e-10, 4.802908071255274e-10, 4.503370454322919e-10, 4.4517520225717533e-10, 2.5162758543473274e-09, 2.3858310882474143e-09, 2.1711248077149747e-10, 2.8663615925239583e-10, 3.2716729325699134e-10, 2.666954157515278e-10, 3.743189647131828e-10, 2.488221573226923e-10, 1.4799566017131838e-09, 1.0323473187412446e-09, 2.925406583642598e-10, 3.436956275137959e-10, 3.9914985205946607e-10, 3.2417918349736397e-10, 1.4872603149029828e-09, 1.5229536520777742e-09, 4.2996436966369345e-10, 4.717879420468307e-10, 7.304508664596199e-10, 4.808939912948063e-10, 1.879548738870085e-09, 8.573210474871473e-10]
2024-04-23 14:45:09,104 - train - INFO - sensitivity_b16:[2.4862507608247597e-09, 1.8230716936074032e-09, 1.1230588681243603e-09, 1.3347740690505816e-09, 3.043264307223126e-09, 3.5136835663251986e-09, 4.731642855304585e-10, 5.945798853268514e-10, 5.802592850656652e-10, 5.509528389069374e-10, 3.305015816579271e-09, 2.9355662345409428e-09, 2.838154711248819e-10, 3.557796557362991e-10, 4.2568054636760166e-10, 3.4414518457204224e-10, 4.835021272242557e-10, 3.1648061948885697e-10, 1.860143705734174e-09, 1.2708472052480602e-09, 3.757315014674134e-10, 4.4021941647542917e-10, 5.088045540446728e-10, 4.0615791285780745e-10, 1.8740879959011636e-09, 1.8966299641931528e-09, 5.410053516285984e-10, 5.916524492555197e-10, 9.112670618094398e-10, 6.033822330664407e-10, 2.3115866998324464e-09, 1.0697799313064138e-09]
2024-04-23 14:45:09,178 - train - INFO - result:[ 2  2  4  8  2  1 16 16 16 16  2  1 16 16 16 16 16 16  2  8 16 16 16 16
  8  4 16 16 16 16  4 16]
2024-04-23 14:45:09,178 - train - INFO - origin_latency:1458.1399965286255
2024-04-23 14:45:09,178 - train - INFO - current_latency-origin_latency:-13.2800016403198242024-04-23 19:33:30,379 - train - INFO - Model tiny_nas_mobilenetv2 created, param count:2480263
2024-04-23 19:33:30,391 - train - INFO - Using native Torch AMP. Training in mixed precision.
2024-04-23 19:33:30,391 - train - INFO - Scheduled epochs: 11
2024-04-23 19:33:30,623 - train - INFO - Verifying teacher model
2024-04-23 19:33:31,682 - train - INFO - Test: [   0/78]  Time: 1.057 (1.057)  Loss:  0.9253 (0.9253)  Acc@1: 82.8125 (82.8125)  Acc@5: 93.7500 (93.7500)
2024-04-23 19:33:32,101 - train - INFO - Test: [  50/78]  Time: 0.006 (0.029)  Loss:  1.4883 (1.5408)  Acc@1: 69.5312 (66.6207)  Acc@5: 89.8438 (86.7188)
2024-04-23 19:33:32,679 - train - INFO - Test: [  78/78]  Time: 0.378 (0.026)  Loss:  1.7324 (1.5640)  Acc@1: 68.7500 (66.1400)  Acc@5: 100.0000 (86.4500)
2024-04-23 19:33:32,679 - train - INFO - Verifying initial model in training dataset
2024-04-23 19:33:58,028 - train - INFO - len loader.dataset:300
2024-04-23 19:33:58,161 - train - INFO - target_block_size:4
2024-04-23 19:33:58,162 - train - INFO - use cal_delta_w
2024-04-23 19:33:58,588 - train - INFO - delta_weights_b1:[0, 0, 0, 0, 0, 0, 0, 0, 0, 0, 0, 0, 0, 0, 0, 0, 0, 0, 0, 0, 0, 0, 0, 0, 0, 0, 0, 0, 0, 0, 0, 0]
2024-04-23 19:33:58,588 - train - INFO - delta_weights_b2:[2.0828564167022705, 2.9886176586151123, 4.456779479980469, 4.317972183227539, 4.386125564575195, 5.6206746101379395, 7.655974864959717, 7.9503960609436035, 7.951459884643555, 7.721989154815674, 8.074070930480957, 15.198089599609375, 30.4781494140625, 32.187957763671875, 31.305143356323242, 31.257261276245117, 30.78969955444336, 30.77884292602539, 30.35516929626465, 45.61358642578125, 69.615234375, 70.1756591796875, 68.56621551513672, 69.89862060546875, 68.16001892089844, 113.79597473144531, 189.60400390625, 196.1955108642578, 191.05325317382812, 194.5680694580078, 189.54833984375, 396.6473083496094]
2024-04-23 19:33:58,588 - train - INFO - delta_weights_b4:[2.653656482696533, 3.784379482269287, 6.142000675201416, 5.847640514373779, 6.145945072174072, 7.6443328857421875, 10.565317153930664, 10.869566917419434, 10.390437126159668, 10.655506134033203, 10.555548667907715, 20.322389602661133, 41.20060729980469, 42.840003967285156, 42.779850006103516, 43.763526916503906, 42.562442779541016, 42.663211822509766, 41.256465911865234, 62.25675582885742, 92.75438690185547, 95.37324523925781, 92.9292221069336, 93.81147766113281, 92.01036071777344, 153.24508666992188, 258.6126403808594, 265.90423583984375, 259.7099304199219, 265.17706298828125, 256.6777038574219, 531.2169189453125]
2024-04-23 19:33:58,588 - train - INFO - delta_weights_b8:[2.786827325820923, 4.095458030700684, 6.4992146492004395, 6.230356693267822, 6.363227844238281, 8.025779724121094, 11.131941795349121, 11.390823364257812, 11.118597984313965, 11.138311386108398, 11.274805068969727, 21.989370346069336, 43.58130645751953, 44.99525833129883, 45.314815521240234, 46.60367965698242, 45.979183197021484, 45.4341926574707, 43.56599807739258, 65.46185302734375, 100.31900787353516, 101.47572326660156, 99.02069854736328, 100.5753402709961, 98.8106460571289, 163.55491638183594, 274.164794921875, 283.3504638671875, 273.02423095703125, 280.95648193359375, 271.3829040527344, 564.3822021484375]
2024-04-23 19:33:58,588 - train - INFO - delta_weights_b16:[2.873373031616211, 4.095458030700684, 6.4992146492004395, 6.230356693267822, 6.363227844238281, 8.011034965515137, 11.025385856628418, 11.423240661621094, 11.22805404663086, 11.072357177734375, 11.081921577453613, 21.361236572265625, 43.429100036621094, 44.930381774902344, 45.72073745727539, 46.4769172668457, 46.545108795166016, 45.68764877319336, 44.01437759399414, 65.3555679321289, 100.34053802490234, 101.50685119628906, 99.0826187133789, 100.19659423828125, 97.70372772216797, 161.06680297851562, 272.7179870605469, 280.4927978515625, 272.3662109375, 278.4471435546875, 268.59613037109375, 557.4554443359375]
2024-04-23 19:33:59,260 - train - INFO - cir_idx:[3, 5, 6, 8, 9, 11, 12, 14, 15, 17, 18, 20, 21, 23, 24, 26, 27, 29, 30, 32, 33, 35, 36, 38, 39, 41, 42, 44, 45, 47, 48, 50]
2024-04-23 19:33:59,261 - train - INFO - len params:32
2024-04-23 19:33:59,261 - train - INFO - params[0].shape:torch.Size([96, 16, 1, 1])
2024-04-23 19:33:59,275 - train - INFO - sensitivity_b2:[6.624303883207006e-10, 6.416442932533073e-10, 3.3932129328562155e-10, 4.754129312445343e-10, 9.481390117471733e-10, 9.329124139867417e-10, 1.198049576212057e-10, 1.5832293809303621e-10, 1.5142873066587015e-10, 1.350991124526857e-10, 8.400335427261041e-10, 8.036963872193326e-10, 6.826306880869382e-11, 9.473162532191992e-11, 1.0118708648754193e-10, 8.920383876009907e-11, 1.0634003400067371e-10, 6.879277009153029e-11, 4.87736517840176e-10, 3.451886831928874e-10, 9.262763472905888e-11, 1.0379362647139345e-10, 1.2819649508610809e-10, 1.0424275331821775e-10, 4.851030133146139e-10, 4.958894961326621e-10, 1.3792411657220782e-10, 1.5054793522928378e-10, 2.3108032154439684e-10, 1.530631871249355e-10, 6.090687398874195e-10, 2.751381900090166e-10]
2024-04-23 19:33:59,275 - train - INFO - sensitivity_b4:[1.2868035526025778e-09, 1.2141658789488474e-09, 7.259212120303005e-10, 9.413303470040546e-10, 1.881713007634289e-09, 2.0164745428985498e-09, 2.446347568962892e-10, 3.225111289140159e-10, 3.1924748955525217e-10, 2.8808974650296193e-10, 1.759662415778962e-09, 1.6861574358983944e-09, 1.5040492462592425e-10, 1.9495649539180704e-10, 2.1984819520426413e-10, 1.7818284347992375e-10, 2.4005422649686636e-10, 1.5588663693222315e-10, 9.690863667088934e-10, 6.937747043522791e-10, 1.9772322668032416e-10, 2.2775013819309464e-10, 2.771468610163197e-10, 2.1753084056275185e-10, 1.0088762047999467e-09, 1.0412330997411345e-09, 2.946768939970923e-10, 3.2267902239091484e-10, 4.934415098745148e-10, 3.2623692636235546e-10, 1.2830554396714433e-09, 5.851560347380769e-10]
2024-04-23 19:33:59,275 - train - INFO - sensitivity_b8:[1.9785604266076007e-09, 1.8428001347103873e-09, 1.1373355590649226e-09, 1.3410983434880563e-09, 3.084492217197976e-09, 2.971433099574483e-09, 3.619605448701435e-10, 4.780361662071186e-10, 4.585105073395823e-10, 4.438282796837001e-10, 2.5288513505472565e-09, 2.4119739538974727e-09, 2.1851412346229893e-10, 2.8902019666432466e-10, 3.296918849038377e-10, 2.693346101700911e-10, 3.780131763164718e-10, 2.5015703397635036e-10, 1.488091871948427e-09, 1.0377582126963603e-09, 2.93523427785658e-10, 3.4491526301749786e-10, 4.006031339987004e-10, 3.2479152700659597e-10, 1.4910859214012362e-09, 1.5276129250452186e-09, 4.305878154031717e-10, 4.732329528245316e-10, 7.316653394262573e-10, 4.812906184703536e-10, 1.8801782353250474e-09, 8.572907939097263e-10]
2024-04-23 19:33:59,275 - train - INFO - sensitivity_b16:[2.525431419542201e-09, 1.8428001347103873e-09, 1.1373355590649226e-09, 1.3410983434880563e-09, 3.084492217197976e-09, 3.541355209080166e-09, 4.679661103068611e-10, 5.917356604712154e-10, 5.897834443047145e-10, 5.477677755827415e-10, 3.322096153723919e-09, 2.9744593454950063e-09, 2.857186709448456e-10, 3.58724328020088e-10, 4.2807249411858095e-10, 3.485575716943856e-10, 4.887501514616588e-10, 3.182652474897907e-10, 1.873651234163276e-09, 1.2779746150215487e-09, 3.77163966724936e-10, 4.421560895195853e-10, 5.112575918175821e-10, 4.0733519335311996e-10, 1.8780745847379876e-09, 1.902659807484497e-09, 5.416356252396781e-10, 5.933025737370201e-10, 9.125279420985066e-10, 6.036198207937105e-10, 2.3119040015728842e-09, 1.0696343810678854e-09]
2024-04-23 19:33:59,349 - train - INFO - result:[ 1  1  2  1  1  1  8  8  8  8  1  1 16 16  8 16  8 16  1  2  8  8  8  8
  2  2 16 16 16 16  1  4]
2024-04-23 19:33:59,349 - train - INFO - origin_latency:2991.779993057251
2024-04-23 19:33:59,349 - train - INFO - current_latency-origin_latency:-22.600000381469727
2024-04-23 21:54:04,992 - train - INFO - Model tiny_nas_mobilenetv2 created, param count:2480263
2024-04-23 21:54:05,035 - train - INFO - Using native Torch AMP. Training in mixed precision.
2024-04-23 21:54:05,035 - train - INFO - Scheduled epochs: 11
2024-04-23 21:54:05,253 - train - INFO - Verifying teacher model
2024-04-23 21:54:06,337 - train - INFO - Test: [   0/78]  Time: 1.084 (1.084)  Loss:  0.9253 (0.9253)  Acc@1: 82.8125 (82.8125)  Acc@5: 93.7500 (93.7500)
2024-04-23 21:54:06,735 - train - INFO - Test: [  50/78]  Time: 0.011 (0.029)  Loss:  1.4883 (1.5408)  Acc@1: 69.5312 (66.6207)  Acc@5: 89.8438 (86.7188)
2024-04-23 21:54:07,386 - train - INFO - Test: [  78/78]  Time: 0.453 (0.027)  Loss:  1.7324 (1.5640)  Acc@1: 68.7500 (66.1400)  Acc@5: 100.0000 (86.4500)
2024-04-23 21:54:07,387 - train - INFO - Verifying initial model in training dataset
2024-04-23 21:54:36,249 - train - INFO - len loader.dataset:300
2024-04-23 21:54:36,388 - train - INFO - target_block_size:2
2024-04-23 21:54:36,388 - train - INFO - use cal_delta_w
2024-04-23 21:54:37,028 - train - INFO - delta_weights_b1:[0, 0, 0, 0, 0, 0, 0, 0, 0, 0, 0, 0, 0, 0, 0, 0, 0, 0, 0, 0, 0, 0, 0, 0, 0, 0, 0, 0, 0, 0, 0, 0]
2024-04-23 21:54:37,028 - train - INFO - delta_weights_b2:[2.0828564167022705, 2.9886176586151123, 4.456779479980469, 4.317972183227539, 4.386125564575195, 5.6206746101379395, 7.655974864959717, 7.9503960609436035, 7.951459884643555, 7.721989154815674, 8.074070930480957, 15.198089599609375, 30.4781494140625, 32.187957763671875, 31.305143356323242, 31.257261276245117, 30.78969955444336, 30.77884292602539, 30.35516929626465, 45.61358642578125, 69.615234375, 70.1756591796875, 68.56621551513672, 69.89862060546875, 68.16001892089844, 113.79597473144531, 189.60400390625, 196.1955108642578, 191.05325317382812, 194.5680694580078, 189.54833984375, 396.6473083496094]
2024-04-23 21:54:37,029 - train - INFO - delta_weights_b4:[2.653656482696533, 3.784379482269287, 6.142000675201416, 5.847640514373779, 6.145945072174072, 7.6443328857421875, 10.565317153930664, 10.869566917419434, 10.390437126159668, 10.655506134033203, 10.555548667907715, 20.322389602661133, 41.20060729980469, 42.840003967285156, 42.779850006103516, 43.763526916503906, 42.562442779541016, 42.663211822509766, 41.256465911865234, 62.25675582885742, 92.75438690185547, 95.37324523925781, 92.9292221069336, 93.81147766113281, 92.01036071777344, 153.24508666992188, 258.6126403808594, 265.90423583984375, 259.7099304199219, 265.17706298828125, 256.6777038574219, 531.2169189453125]
2024-04-23 21:54:37,029 - train - INFO - delta_weights_b8:[2.786827325820923, 4.095458030700684, 6.4992146492004395, 6.230356693267822, 6.363227844238281, 8.025779724121094, 11.131941795349121, 11.390823364257812, 11.118597984313965, 11.138311386108398, 11.274805068969727, 21.989370346069336, 43.58130645751953, 44.99525833129883, 45.314815521240234, 46.60367965698242, 45.979183197021484, 45.4341926574707, 43.56599807739258, 65.46185302734375, 100.31900787353516, 101.47572326660156, 99.02069854736328, 100.5753402709961, 98.8106460571289, 163.55491638183594, 274.164794921875, 283.3504638671875, 273.02423095703125, 280.95648193359375, 271.3829040527344, 564.3822021484375]
2024-04-23 21:54:37,029 - train - INFO - delta_weights_b16:[2.873373031616211, 4.095458030700684, 6.4992146492004395, 6.230356693267822, 6.363227844238281, 8.011034965515137, 11.025385856628418, 11.423240661621094, 11.22805404663086, 11.072357177734375, 11.081921577453613, 21.361236572265625, 43.429100036621094, 44.930381774902344, 45.72073745727539, 46.4769172668457, 46.545108795166016, 45.68764877319336, 44.01437759399414, 65.3555679321289, 100.34053802490234, 101.50685119628906, 99.0826187133789, 100.19659423828125, 97.70372772216797, 161.06680297851562, 272.7179870605469, 280.4927978515625, 272.3662109375, 278.4471435546875, 268.59613037109375, 557.4554443359375]
2024-04-23 21:54:37,857 - train - INFO - cir_idx:[3, 5, 6, 8, 9, 11, 12, 14, 15, 17, 18, 20, 21, 23, 24, 26, 27, 29, 30, 32, 33, 35, 36, 38, 39, 41, 42, 44, 45, 47, 48, 50]
2024-04-23 21:54:37,857 - train - INFO - len params:32
2024-04-23 21:54:37,858 - train - INFO - params[0].shape:torch.Size([96, 16, 1, 1])
2024-04-23 21:54:37,872 - train - INFO - sensitivity_b2:[6.624303883207006e-10, 6.416442932533073e-10, 3.3932129328562155e-10, 4.754129312445343e-10, 9.481390117471733e-10, 9.329124139867417e-10, 1.198049576212057e-10, 1.5832293809303621e-10, 1.5142873066587015e-10, 1.350991124526857e-10, 8.400335427261041e-10, 8.036963872193326e-10, 6.826306880869382e-11, 9.473162532191992e-11, 1.0118708648754193e-10, 8.920383876009907e-11, 1.0634003400067371e-10, 6.879277009153029e-11, 4.87736517840176e-10, 3.451886831928874e-10, 9.262763472905888e-11, 1.0379362647139345e-10, 1.2819649508610809e-10, 1.0424275331821775e-10, 4.851030133146139e-10, 4.958894961326621e-10, 1.3792411657220782e-10, 1.5054793522928378e-10, 2.3108032154439684e-10, 1.530631871249355e-10, 6.090687398874195e-10, 2.751381900090166e-10]
2024-04-23 21:54:37,872 - train - INFO - sensitivity_b4:[1.2868035526025778e-09, 1.2141658789488474e-09, 7.259212120303005e-10, 9.413303470040546e-10, 1.881713007634289e-09, 2.0164745428985498e-09, 2.446347568962892e-10, 3.225111289140159e-10, 3.1924748955525217e-10, 2.8808974650296193e-10, 1.759662415778962e-09, 1.6861574358983944e-09, 1.5040492462592425e-10, 1.9495649539180704e-10, 2.1984819520426413e-10, 1.7818284347992375e-10, 2.4005422649686636e-10, 1.5588663693222315e-10, 9.690863667088934e-10, 6.937747043522791e-10, 1.9772322668032416e-10, 2.2775013819309464e-10, 2.771468610163197e-10, 2.1753084056275185e-10, 1.0088762047999467e-09, 1.0412330997411345e-09, 2.946768939970923e-10, 3.2267902239091484e-10, 4.934415098745148e-10, 3.2623692636235546e-10, 1.2830554396714433e-09, 5.851560347380769e-10]
2024-04-23 21:54:37,872 - train - INFO - sensitivity_b8:[1.9785604266076007e-09, 1.8428001347103873e-09, 1.1373355590649226e-09, 1.3410983434880563e-09, 3.084492217197976e-09, 2.971433099574483e-09, 3.619605448701435e-10, 4.780361662071186e-10, 4.585105073395823e-10, 4.438282796837001e-10, 2.5288513505472565e-09, 2.4119739538974727e-09, 2.1851412346229893e-10, 2.8902019666432466e-10, 3.296918849038377e-10, 2.693346101700911e-10, 3.780131763164718e-10, 2.5015703397635036e-10, 1.488091871948427e-09, 1.0377582126963603e-09, 2.93523427785658e-10, 3.4491526301749786e-10, 4.006031339987004e-10, 3.2479152700659597e-10, 1.4910859214012362e-09, 1.5276129250452186e-09, 4.305878154031717e-10, 4.732329528245316e-10, 7.316653394262573e-10, 4.812906184703536e-10, 1.8801782353250474e-09, 8.572907939097263e-10]
2024-04-23 21:54:37,872 - train - INFO - sensitivity_b16:[2.525431419542201e-09, 1.8428001347103873e-09, 1.1373355590649226e-09, 1.3410983434880563e-09, 3.084492217197976e-09, 3.541355209080166e-09, 4.679661103068611e-10, 5.917356604712154e-10, 5.897834443047145e-10, 5.477677755827415e-10, 3.322096153723919e-09, 2.9744593454950063e-09, 2.857186709448456e-10, 3.58724328020088e-10, 4.2807249411858095e-10, 3.485575716943856e-10, 4.887501514616588e-10, 3.182652474897907e-10, 1.873651234163276e-09, 1.2779746150215487e-09, 3.77163966724936e-10, 4.421560895195853e-10, 5.112575918175821e-10, 4.0733519335311996e-10, 1.8780745847379876e-09, 1.902659807484497e-09, 5.416356252396781e-10, 5.933025737370201e-10, 9.125279420985066e-10, 6.036198207937105e-10, 2.3119040015728842e-09, 1.0696343810678854e-09]
2024-04-23 21:54:37,935 - train - INFO - result:[1 1 1 1 1 1 4 2 2 2 1 1 8 4 4 4 4 4 1 2 2 2 2 2 1 1 4 4 2 4 1 2]
2024-04-23 21:54:37,935 - train - INFO - origin_latency:5946.0599937438965
2024-04-23 21:54:37,935 - train - INFO - current_latency-origin_latency:-108.17234802246094
