2024-04-02 21:40:38,358 - train - INFO - Training with a single process on 1 GPUs.
2024-04-02 21:40:40,794 - train - INFO - Model c100_nas_mobilenetv2 created, param count:2352133
2024-04-02 21:40:40,805 - train - INFO - Using native Torch AMP. Training in mixed precision.
2024-04-02 21:40:40,805 - train - INFO - Scheduled epochs: 310
2024-04-02 21:40:42,443 - train - INFO - Verifying teacher model
2024-04-02 21:40:45,482 - train - INFO - Test: [   0/19]  Time: 3.038 (3.038)  Loss:  0.9644 (0.9644)  Acc@1: 79.6875 (79.6875)  Acc@5: 95.7031 (95.7031)
2024-04-02 21:40:46,944 - train - INFO - Test: [  19/19]  Time: 1.019 (0.225)  Loss:  1.0098 (0.9843)  Acc@1: 78.3088 (78.6700)  Acc@5: 94.8529 (95.0900)
2024-04-02 21:40:46,944 - train - INFO - Verifying initial model
2024-04-02 21:40:47,558 - train - INFO - Test: [   0/19]  Time: 0.613 (0.613)  Loss:  6.1602 (6.1602)  Acc@1:  0.9766 ( 0.9766)  Acc@5:  5.6641 ( 5.6641)
2024-04-02 21:40:55,730 - train - INFO - Test: [  19/19]  Time: 0.445 (0.439)  Loss:  6.0117 (6.2419)  Acc@1:  1.1029 ( 1.0000)  Acc@5:  8.0882 ( 5.0000)
2024-04-02 21:41:00,756 - train - INFO - Train: 0 [   0/97 (  0%)]  Loss:  4.764384 (4.7644)  Time: 5.020s,  102.00/s  (5.020s,  102.00/s)  LR: 1.000e-05  Data: 0.658 (0.658)
2024-04-02 21:41:29,949 - train - INFO - Train: 0 [  50/97 ( 52%)]  Loss:  4.637978 (4.7080)  Time: 0.438s, 1168.08/s  (0.671s,  763.25/s)  LR: 1.000e-05  Data: 0.010 (0.026)
2024-04-02 21:41:57,268 - train - INFO - Train: 0 [  96/97 (100%)]  Loss:  4.515314 (4.6641)  Time: 0.599s,  854.14/s  (0.634s,  807.17/s)  LR: 1.000e-05  Data: 0.000 (0.020)
2024-04-02 21:41:57,806 - train - INFO - Test: [   0/19]  Time: 0.530 (0.530)  Loss:  4.2344 (4.2344)  Acc@1:  7.0312 ( 7.0312)  Acc@5: 22.6562 (22.6562)
2024-04-02 21:42:05,433 - train - INFO - Test: [  19/19]  Time: 0.493 (0.408)  Loss:  4.2812 (4.2111)  Acc@1:  4.4118 ( 6.6500)  Acc@5: 21.6912 (22.8000)
2024-04-02 21:42:06,309 - train - INFO - Train: 1 [   0/97 (  0%)]  Loss:  4.569905 (4.5699)  Time: 0.797s,  642.75/s  (0.797s,  642.75/s)  LR: 8.400e-05  Data: 0.401 (0.401)
2024-04-02 21:42:34,675 - train - INFO - Train: 1 [  50/97 ( 52%)]  Loss:  4.334410 (4.4074)  Time: 0.534s,  958.42/s  (0.572s,  895.42/s)  LR: 8.400e-05  Data: 0.015 (0.019)
2024-04-02 21:42:59,692 - train - INFO - Train: 1 [  96/97 (100%)]  Loss:  4.067461 (4.2981)  Time: 0.432s, 1185.04/s  (0.559s,  916.69/s)  LR: 8.400e-05  Data: 0.000 (0.017)
2024-04-02 21:43:00,249 - train - INFO - Test: [   0/19]  Time: 0.549 (0.549)  Loss:  3.1289 (3.1289)  Acc@1: 26.1719 (26.1719)  Acc@5: 54.8828 (54.8828)
2024-04-02 21:43:07,970 - train - INFO - Test: [  19/19]  Time: 0.420 (0.414)  Loss:  3.1875 (3.1510)  Acc@1: 25.0000 (24.7500)  Acc@5: 53.6765 (54.8200)
2024-04-02 21:43:08,955 - train - INFO - Train: 2 [   0/97 (  0%)]  Loss:  4.206599 (4.2066)  Time: 0.907s,  564.52/s  (0.907s,  564.52/s)  LR: 1.580e-04  Data: 0.366 (0.366)
2024-04-02 21:43:37,368 - train - INFO - Train: 2 [  50/97 ( 52%)]  Loss:  4.083235 (4.0474)  Time: 0.649s,  789.32/s  (0.575s,  890.64/s)  LR: 1.580e-04  Data: 0.010 (0.020)
2024-04-02 21:44:03,961 - train - INFO - Train: 2 [  96/97 (100%)]  Loss:  3.900850 (3.9483)  Time: 0.503s, 1017.70/s  (0.576s,  888.29/s)  LR: 1.580e-04  Data: 0.000 (0.017)
2024-04-02 21:44:04,516 - train - INFO - Test: [   0/19]  Time: 0.553 (0.553)  Loss:  2.3652 (2.3652)  Acc@1: 45.5078 (45.5078)  Acc@5: 70.5078 (70.5078)
2024-04-02 21:44:12,158 - train - INFO - Test: [  19/19]  Time: 0.468 (0.410)  Loss:  2.4629 (2.3744)  Acc@1: 41.1765 (42.1700)  Acc@5: 66.1765 (71.6900)
2024-04-02 21:44:13,044 - train - INFO - Train: 3 [   0/97 (  0%)]  Loss:  3.510209 (3.5102)  Time: 0.809s,  633.16/s  (0.809s,  633.16/s)  LR: 2.320e-04  Data: 0.339 (0.339)
2024-04-02 21:44:43,504 - train - INFO - Train: 3 [  50/97 ( 52%)]  Loss:  3.654120 (3.6911)  Time: 0.620s,  825.97/s  (0.613s,  835.12/s)  LR: 2.320e-04  Data: 0.009 (0.020)
2024-04-02 21:45:09,276 - train - INFO - Train: 3 [  96/97 (100%)]  Loss:  3.810915 (3.6819)  Time: 0.640s,  799.48/s  (0.588s,  870.71/s)  LR: 2.320e-04  Data: 0.000 (0.017)
2024-04-02 21:45:09,841 - train - INFO - Test: [   0/19]  Time: 0.563 (0.563)  Loss:  2.0176 (2.0176)  Acc@1: 51.1719 (51.1719)  Acc@5: 77.5391 (77.5391)
2024-04-02 21:45:17,497 - train - INFO - Test: [  19/19]  Time: 0.450 (0.411)  Loss:  2.0234 (1.9572)  Acc@1: 50.0000 (51.8100)  Acc@5: 77.5735 (80.2300)
2024-04-02 21:45:18,402 - train - INFO - Train: 4 [   0/97 (  0%)]  Loss:  3.576813 (3.5768)  Time: 0.829s,  617.49/s  (0.829s,  617.49/s)  LR: 3.060e-04  Data: 0.319 (0.319)
2024-04-02 21:45:47,616 - train - INFO - Train: 4 [  50/97 ( 52%)]  Loss:  3.581655 (3.4992)  Time: 0.550s,  931.67/s  (0.589s,  869.19/s)  LR: 3.060e-04  Data: 0.009 (0.020)
2024-04-02 21:46:15,190 - train - INFO - Train: 4 [  96/97 (100%)]  Loss:  3.870979 (3.4516)  Time: 0.608s,  842.39/s  (0.594s,  862.00/s)  LR: 3.060e-04  Data: 0.000 (0.016)
2024-04-02 21:46:15,770 - train - INFO - Test: [   0/19]  Time: 0.577 (0.577)  Loss:  1.8066 (1.8066)  Acc@1: 57.0312 (57.0312)  Acc@5: 81.4453 (81.4453)
2024-04-02 21:46:23,162 - train - INFO - Test: [  19/19]  Time: 0.421 (0.398)  Loss:  1.7178 (1.7249)  Acc@1: 55.8824 (57.1100)  Acc@5: 84.1912 (83.6300)
2024-04-02 21:46:24,177 - train - INFO - Train: 5 [   0/97 (  0%)]  Loss:  2.895687 (2.8957)  Time: 0.933s,  548.53/s  (0.933s,  548.53/s)  LR: 3.800e-04  Data: 0.284 (0.284)
2024-04-02 21:46:54,563 - train - INFO - Train: 5 [  50/97 ( 52%)]  Loss:  3.399207 (3.1916)  Time: 0.617s,  830.19/s  (0.614s,  833.78/s)  LR: 3.800e-04  Data: 0.019 (0.020)
2024-04-02 21:47:21,766 - train - INFO - Train: 5 [  96/97 (100%)]  Loss:  3.142057 (3.1963)  Time: 0.589s,  869.69/s  (0.603s,  848.67/s)  LR: 3.800e-04  Data: 0.000 (0.017)
2024-04-02 21:47:22,384 - train - INFO - Test: [   0/19]  Time: 0.616 (0.616)  Loss:  1.5449 (1.5449)  Acc@1: 60.5469 (60.5469)  Acc@5: 86.9141 (86.9141)
2024-04-02 21:47:31,273 - train - INFO - Test: [  19/19]  Time: 0.392 (0.475)  Loss:  1.4834 (1.5049)  Acc@1: 67.6471 (62.6200)  Acc@5: 86.3971 (87.3300)
2024-04-02 21:47:32,163 - train - INFO - Train: 6 [   0/97 (  0%)]  Loss:  3.318783 (3.3188)  Time: 0.796s,  642.92/s  (0.796s,  642.92/s)  LR: 4.540e-04  Data: 0.255 (0.255)
2024-04-02 21:48:00,769 - train - INFO - Train: 6 [  50/97 ( 52%)]  Loss:  2.858382 (3.1484)  Time: 0.680s,  752.70/s  (0.576s,  888.14/s)  LR: 4.540e-04  Data: 0.017 (0.018)
2024-04-02 21:48:31,217 - train - INFO - Train: 6 [  96/97 (100%)]  Loss:  3.754331 (3.1014)  Time: 0.634s,  807.70/s  (0.617s,  829.85/s)  LR: 4.540e-04  Data: 0.000 (0.016)
2024-04-02 21:48:31,841 - train - INFO - Test: [   0/19]  Time: 0.622 (0.622)  Loss:  1.5225 (1.5225)  Acc@1: 64.8438 (64.8438)  Acc@5: 86.7188 (86.7188)
2024-04-02 21:48:40,285 - train - INFO - Test: [  19/19]  Time: 0.436 (0.453)  Loss:  1.4199 (1.4562)  Acc@1: 66.5441 (63.9400)  Acc@5: 89.7059 (88.3600)
2024-04-02 21:48:41,252 - train - INFO - Train: 7 [   0/97 (  0%)]  Loss:  3.202842 (3.2028)  Time: 0.829s,  617.37/s  (0.829s,  617.37/s)  LR: 5.280e-04  Data: 0.248 (0.248)
2024-04-02 21:49:12,785 - train - INFO - Train: 7 [  50/97 ( 52%)]  Loss:  2.893891 (3.0777)  Time: 0.657s,  779.48/s  (0.635s,  806.89/s)  LR: 5.280e-04  Data: 0.013 (0.019)
2024-04-02 21:49:42,254 - train - INFO - Train: 7 [  96/97 (100%)]  Loss:  3.221391 (3.0168)  Time: 0.569s,  900.40/s  (0.637s,  803.25/s)  LR: 5.280e-04  Data: 0.000 (0.017)
2024-04-02 21:49:42,778 - train - INFO - Test: [   0/19]  Time: 0.522 (0.522)  Loss:  1.4717 (1.4717)  Acc@1: 63.6719 (63.6719)  Acc@5: 87.6953 (87.6953)
2024-04-02 21:49:51,249 - train - INFO - Test: [  19/19]  Time: 0.510 (0.450)  Loss:  1.4355 (1.4356)  Acc@1: 65.0735 (64.9100)  Acc@5: 88.2353 (88.5800)
2024-04-02 21:49:52,243 - train - INFO - Train: 8 [   0/97 (  0%)]  Loss:  3.033952 (3.0340)  Time: 0.904s,  566.10/s  (0.904s,  566.10/s)  LR: 6.020e-04  Data: 0.248 (0.248)
2024-04-02 21:50:22,953 - train - INFO - Train: 8 [  50/97 ( 52%)]  Loss:  3.065121 (2.9351)  Time: 0.651s,  786.37/s  (0.620s,  825.98/s)  LR: 6.020e-04  Data: 0.017 (0.019)
2024-04-02 21:50:51,000 - train - INFO - Train: 8 [  96/97 (100%)]  Loss:  2.369153 (2.9503)  Time: 0.666s,  768.90/s  (0.615s,  832.46/s)  LR: 6.020e-04  Data: 0.000 (0.016)
2024-04-02 21:50:51,538 - train - INFO - Test: [   0/19]  Time: 0.535 (0.535)  Loss:  1.3604 (1.3604)  Acc@1: 67.1875 (67.1875)  Acc@5: 88.8672 (88.8672)
2024-04-02 21:50:59,958 - train - INFO - Test: [  19/19]  Time: 0.379 (0.448)  Loss:  1.3809 (1.3728)  Acc@1: 65.8088 (66.3900)  Acc@5: 88.6029 (89.5400)
2024-04-02 21:51:01,029 - train - INFO - Train: 9 [   0/97 (  0%)]  Loss:  2.732861 (2.7329)  Time: 0.969s,  528.42/s  (0.969s,  528.42/s)  LR: 6.760e-04  Data: 0.349 (0.349)
2024-04-02 21:51:34,033 - train - INFO - Train: 9 [  50/97 ( 52%)]  Loss:  3.193228 (2.9275)  Time: 0.702s,  729.14/s  (0.666s,  768.64/s)  LR: 6.760e-04  Data: 0.013 (0.020)
2024-04-02 21:52:04,011 - train - INFO - Train: 9 [  96/97 (100%)]  Loss:  3.220657 (2.9240)  Time: 0.571s,  896.51/s  (0.659s,  776.63/s)  LR: 6.760e-04  Data: 0.000 (0.017)
2024-04-02 21:52:04,570 - train - INFO - Test: [   0/19]  Time: 0.557 (0.557)  Loss:  1.3271 (1.3271)  Acc@1: 69.1406 (69.1406)  Acc@5: 90.0391 (90.0391)
2024-04-02 21:52:13,085 - train - INFO - Test: [  19/19]  Time: 0.476 (0.454)  Loss:  1.3408 (1.3501)  Acc@1: 67.6471 (67.6600)  Acc@5: 89.7059 (90.1300)
2024-04-02 21:52:14,193 - train - INFO - Train: 10 [   0/97 (  0%)]  Loss:  3.251070 (3.2511)  Time: 1.003s,  510.63/s  (1.003s,  510.63/s)  LR: 7.480e-04  Data: 0.333 (0.333)
2024-04-02 21:52:43,787 - train - INFO - Train: 10 [  50/97 ( 52%)]  Loss:  2.422403 (2.9240)  Time: 0.572s,  894.45/s  (0.600s,  853.47/s)  LR: 7.480e-04  Data: 0.011 (0.021)
2024-04-02 21:53:14,261 - train - INFO - Train: 10 [  96/97 (100%)]  Loss:  3.253367 (2.9176)  Time: 0.609s,  841.05/s  (0.630s,  813.26/s)  LR: 7.480e-04  Data: 0.000 (0.017)
2024-04-02 21:53:14,770 - train - INFO - Test: [   0/19]  Time: 0.507 (0.507)  Loss:  1.3516 (1.3516)  Acc@1: 67.5781 (67.5781)  Acc@5: 88.2812 (88.2812)
2024-04-02 21:53:23,364 - train - INFO - Test: [  19/19]  Time: 0.572 (0.455)  Loss:  1.3760 (1.3711)  Acc@1: 69.4853 (66.7200)  Acc@5: 88.9706 (89.7200)
2024-04-02 21:53:24,426 - train - INFO - Train: 11 [   0/97 (  0%)]  Loss:  3.292705 (3.2927)  Time: 0.964s,  531.28/s  (0.964s,  531.28/s)  LR: 7.475e-04  Data: 0.312 (0.312)
2024-04-02 21:53:54,855 - train - INFO - Train: 11 [  50/97 ( 52%)]  Loss:  2.342515 (2.7317)  Time: 0.704s,  727.21/s  (0.616s,  831.82/s)  LR: 7.475e-04  Data: 0.009 (0.020)
2024-04-02 21:54:21,811 - train - INFO - Train: 11 [  96/97 (100%)]  Loss:  2.949956 (2.8189)  Time: 0.620s,  825.81/s  (0.602s,  851.19/s)  LR: 7.475e-04  Data: 0.000 (0.016)
2024-04-02 21:54:22,394 - train - INFO - Test: [   0/19]  Time: 0.581 (0.581)  Loss:  1.2988 (1.2988)  Acc@1: 67.7734 (67.7734)  Acc@5: 90.0391 (90.0391)
2024-04-02 21:54:31,771 - train - INFO - Test: [  19/19]  Time: 0.520 (0.498)  Loss:  1.3867 (1.3296)  Acc@1: 65.4412 (67.7700)  Acc@5: 88.2353 (90.3400)
2024-04-02 21:54:32,794 - train - INFO - Train: 12 [   0/97 (  0%)]  Loss:  2.906945 (2.9069)  Time: 0.928s,  551.83/s  (0.928s,  551.83/s)  LR: 7.471e-04  Data: 0.318 (0.318)
2024-04-02 21:55:05,102 - train - INFO - Train: 12 [  50/97 ( 52%)]  Loss:  2.472708 (2.7612)  Time: 0.671s,  763.59/s  (0.652s,  785.68/s)  LR: 7.471e-04  Data: 0.019 (0.019)
2024-04-02 21:55:34,587 - train - INFO - Train: 12 [  96/97 (100%)]  Loss:  2.813014 (2.8121)  Time: 0.691s,  741.34/s  (0.647s,  791.86/s)  LR: 7.471e-04  Data: 0.000 (0.017)
2024-04-02 21:55:35,155 - train - INFO - Test: [   0/19]  Time: 0.564 (0.564)  Loss:  1.2793 (1.2793)  Acc@1: 68.3594 (68.3594)  Acc@5: 89.4531 (89.4531)
2024-04-02 21:55:43,957 - train - INFO - Test: [  19/19]  Time: 0.428 (0.468)  Loss:  1.2617 (1.2691)  Acc@1: 70.2206 (68.5200)  Acc@5: 90.8088 (90.9100)
2024-04-02 21:55:44,972 - train - INFO - Train: 13 [   0/97 (  0%)]  Loss:  2.874177 (2.8742)  Time: 0.917s,  558.61/s  (0.917s,  558.61/s)  LR: 7.466e-04  Data: 0.294 (0.294)
2024-04-02 21:56:14,706 - train - INFO - Train: 13 [  50/97 ( 52%)]  Loss:  3.212910 (2.7759)  Time: 0.699s,  732.67/s  (0.601s,  851.98/s)  LR: 7.466e-04  Data: 0.021 (0.020)
2024-04-02 21:56:42,800 - train - INFO - Train: 13 [  96/97 (100%)]  Loss:  3.023823 (2.7660)  Time: 0.706s,  724.79/s  (0.606s,  845.47/s)  LR: 7.466e-04  Data: 0.000 (0.017)
2024-04-02 21:56:43,404 - train - INFO - Test: [   0/19]  Time: 0.602 (0.602)  Loss:  1.2412 (1.2412)  Acc@1: 71.6797 (71.6797)  Acc@5: 91.0156 (91.0156)
2024-04-02 21:56:52,379 - train - INFO - Test: [  19/19]  Time: 0.523 (0.479)  Loss:  1.2734 (1.2545)  Acc@1: 70.2206 (70.0100)  Acc@5: 90.8088 (91.7200)
2024-04-02 21:56:53,323 - train - INFO - Train: 14 [   0/97 (  0%)]  Loss:  3.280494 (3.2805)  Time: 0.851s,  601.54/s  (0.851s,  601.54/s)  LR: 7.460e-04  Data: 0.247 (0.247)
2024-04-02 21:57:26,625 - train - INFO - Train: 14 [  50/97 ( 52%)]  Loss:  2.403665 (2.8486)  Time: 0.737s,  694.98/s  (0.670s,  764.59/s)  LR: 7.460e-04  Data: 0.016 (0.018)
2024-04-02 21:57:56,913 - train - INFO - Train: 14 [  96/97 (100%)]  Loss:  2.614296 (2.8192)  Time: 0.627s,  816.39/s  (0.664s,  770.73/s)  LR: 7.460e-04  Data: 0.000 (0.016)
2024-04-02 21:57:57,533 - train - INFO - Test: [   0/19]  Time: 0.618 (0.618)  Loss:  1.2471 (1.2471)  Acc@1: 70.7031 (70.7031)  Acc@5: 90.2344 (90.2344)
2024-04-02 21:58:06,373 - train - INFO - Test: [  19/19]  Time: 0.525 (0.473)  Loss:  1.1992 (1.2544)  Acc@1: 71.6912 (69.6900)  Acc@5: 90.4412 (91.3100)
2024-04-02 21:58:07,376 - train - INFO - Train: 15 [   0/97 (  0%)]  Loss:  3.273707 (3.2737)  Time: 0.914s,  560.25/s  (0.914s,  560.25/s)  LR: 7.454e-04  Data: 0.343 (0.343)
2024-04-02 21:58:40,409 - train - INFO - Train: 15 [  50/97 ( 52%)]  Loss:  3.175098 (2.8338)  Time: 0.533s,  961.24/s  (0.666s,  769.22/s)  LR: 7.454e-04  Data: 0.010 (0.020)
2024-04-02 21:59:07,903 - train - INFO - Train: 15 [  96/97 (100%)]  Loss:  3.168187 (2.8433)  Time: 0.620s,  825.72/s  (0.633s,  808.35/s)  LR: 7.454e-04  Data: 0.000 (0.017)
2024-04-02 21:59:08,449 - train - INFO - Test: [   0/19]  Time: 0.543 (0.543)  Loss:  1.2637 (1.2637)  Acc@1: 68.7500 (68.7500)  Acc@5: 91.2109 (91.2109)
2024-04-02 21:59:17,687 - train - INFO - Test: [  19/19]  Time: 0.512 (0.489)  Loss:  1.1973 (1.2478)  Acc@1: 70.9559 (69.6700)  Acc@5: 91.5441 (91.5100)
2024-04-02 21:59:18,653 - train - INFO - Train: 16 [   0/97 (  0%)]  Loss:  3.219150 (3.2191)  Time: 0.878s,  582.96/s  (0.878s,  582.96/s)  LR: 7.448e-04  Data: 0.257 (0.257)
2024-04-02 21:59:50,882 - train - INFO - Train: 16 [  50/97 ( 52%)]  Loss:  3.199021 (2.7785)  Time: 0.725s,  706.46/s  (0.649s,  788.76/s)  LR: 7.448e-04  Data: 0.009 (0.020)
2024-04-02 22:00:21,608 - train - INFO - Train: 16 [  96/97 (100%)]  Loss:  2.649210 (2.8192)  Time: 0.622s,  823.20/s  (0.658s,  778.06/s)  LR: 7.448e-04  Data: 0.000 (0.017)
2024-04-02 22:00:22,167 - train - INFO - Test: [   0/19]  Time: 0.557 (0.557)  Loss:  1.2354 (1.2354)  Acc@1: 68.9453 (68.9453)  Acc@5: 92.3828 (92.3828)
2024-04-02 22:00:31,257 - train - INFO - Test: [  19/19]  Time: 0.506 (0.482)  Loss:  1.2500 (1.2560)  Acc@1: 72.7941 (69.8900)  Acc@5: 91.1765 (91.6400)
2024-04-02 22:00:32,388 - train - INFO - Train: 17 [   0/97 (  0%)]  Loss:  3.077467 (3.0775)  Time: 1.026s,  499.05/s  (1.026s,  499.05/s)  LR: 7.442e-04  Data: 0.281 (0.281)
2024-04-02 22:01:05,402 - train - INFO - Train: 17 [  50/97 ( 52%)]  Loss:  3.001816 (2.7476)  Time: 0.492s, 1041.45/s  (0.667s,  767.13/s)  LR: 7.442e-04  Data: 0.010 (0.018)
2024-04-02 22:01:32,679 - train - INFO - Train: 17 [  96/97 (100%)]  Loss:  3.236071 (2.8033)  Time: 0.671s,  763.59/s  (0.632s,  809.99/s)  LR: 7.442e-04  Data: 0.000 (0.016)
2024-04-02 22:01:33,281 - train - INFO - Test: [   0/19]  Time: 0.600 (0.600)  Loss:  1.2383 (1.2383)  Acc@1: 71.2891 (71.2891)  Acc@5: 92.1875 (92.1875)
2024-04-02 22:01:42,916 - train - INFO - Test: [  19/19]  Time: 0.441 (0.512)  Loss:  1.2412 (1.2338)  Acc@1: 69.4853 (71.1200)  Acc@5: 91.5441 (92.3400)
2024-04-02 22:01:44,030 - train - INFO - Train: 18 [   0/97 (  0%)]  Loss:  2.300170 (2.3002)  Time: 0.979s,  523.14/s  (0.979s,  523.14/s)  LR: 7.434e-04  Data: 0.298 (0.298)
2024-04-02 22:02:15,289 - train - INFO - Train: 18 [  50/97 ( 52%)]  Loss:  3.177704 (2.7353)  Time: 0.500s, 1023.60/s  (0.632s,  810.02/s)  LR: 7.434e-04  Data: 0.024 (0.019)
2024-04-02 22:02:42,194 - train - INFO - Train: 18 [  96/97 (100%)]  Loss:  2.229162 (2.7841)  Time: 0.565s,  905.80/s  (0.610s,  839.77/s)  LR: 7.434e-04  Data: 0.000 (0.017)
2024-04-02 22:02:42,869 - train - INFO - Test: [   0/19]  Time: 0.673 (0.673)  Loss:  1.2617 (1.2617)  Acc@1: 71.6797 (71.6797)  Acc@5: 90.0391 (90.0391)
2024-04-02 22:02:52,003 - train - INFO - Test: [  19/19]  Time: 0.490 (0.490)  Loss:  1.1982 (1.2198)  Acc@1: 70.9559 (71.1900)  Acc@5: 93.0147 (91.5600)
2024-04-02 22:02:52,999 - train - INFO - Train: 19 [   0/97 (  0%)]  Loss:  2.277873 (2.2779)  Time: 0.905s,  565.77/s  (0.905s,  565.77/s)  LR: 7.427e-04  Data: 0.252 (0.252)
2024-04-02 22:03:22,448 - train - INFO - Train: 19 [  50/97 ( 52%)]  Loss:  2.692676 (2.7683)  Time: 0.501s, 1021.95/s  (0.595s,  860.26/s)  LR: 7.427e-04  Data: 0.009 (0.018)
2024-04-02 22:03:51,450 - train - INFO - Train: 19 [  96/97 (100%)]  Loss:  2.743807 (2.7820)  Time: 0.621s,  824.20/s  (0.612s,  836.74/s)  LR: 7.427e-04  Data: 0.000 (0.017)
2024-04-02 22:03:52,020 - train - INFO - Test: [   0/19]  Time: 0.567 (0.567)  Loss:  1.2617 (1.2617)  Acc@1: 68.9453 (68.9453)  Acc@5: 91.4062 (91.4062)
2024-04-02 22:04:01,378 - train - INFO - Test: [  19/19]  Time: 0.455 (0.496)  Loss:  1.2588 (1.2309)  Acc@1: 69.4853 (70.5900)  Acc@5: 90.4412 (91.8100)
2024-04-02 22:04:02,424 - train - INFO - Train: 20 [   0/97 (  0%)]  Loss:  2.905575 (2.9056)  Time: 0.940s,  544.43/s  (0.940s,  544.43/s)  LR: 7.419e-04  Data: 0.273 (0.273)
2024-04-02 22:04:35,861 - train - INFO - Train: 20 [  50/97 ( 52%)]  Loss:  2.268717 (2.7076)  Time: 0.684s,  748.54/s  (0.674s,  759.61/s)  LR: 7.419e-04  Data: 0.027 (0.018)
2024-04-02 22:05:05,882 - train - INFO - Train: 20 [  96/97 (100%)]  Loss:  2.418841 (2.7318)  Time: 0.605s,  846.94/s  (0.664s,  771.23/s)  LR: 7.419e-04  Data: 0.000 (0.016)
2024-04-02 22:05:06,421 - train - INFO - Test: [   0/19]  Time: 0.537 (0.537)  Loss:  1.2549 (1.2549)  Acc@1: 70.3125 (70.3125)  Acc@5: 91.2109 (91.2109)
2024-04-02 22:05:15,980 - train - INFO - Test: [  19/19]  Time: 0.467 (0.505)  Loss:  1.1943 (1.2185)  Acc@1: 73.1618 (71.4700)  Acc@5: 91.9118 (92.1100)
2024-04-02 22:05:16,988 - train - INFO - Train: 21 [   0/97 (  0%)]  Loss:  2.757141 (2.7571)  Time: 0.921s,  555.68/s  (0.921s,  555.68/s)  LR: 7.411e-04  Data: 0.285 (0.285)
2024-04-02 22:05:45,675 - train - INFO - Train: 21 [  50/97 ( 52%)]  Loss:  2.830188 (2.7497)  Time: 0.580s,  882.88/s  (0.581s,  881.94/s)  LR: 7.411e-04  Data: 0.010 (0.019)
2024-04-02 22:06:15,554 - train - INFO - Train: 21 [  96/97 (100%)]  Loss:  2.893676 (2.7468)  Time: 0.694s,  737.69/s  (0.613s,  834.90/s)  LR: 7.411e-04  Data: 0.000 (0.016)
2024-04-02 22:06:16,092 - train - INFO - Test: [   0/19]  Time: 0.536 (0.536)  Loss:  1.1797 (1.1797)  Acc@1: 71.2891 (71.2891)  Acc@5: 91.0156 (91.0156)
2024-04-02 22:06:25,326 - train - INFO - Test: [  19/19]  Time: 0.477 (0.488)  Loss:  1.1162 (1.1361)  Acc@1: 72.4265 (71.7100)  Acc@5: 91.9118 (92.7000)
2024-04-02 22:06:26,267 - train - INFO - Train: 22 [   0/97 (  0%)]  Loss:  2.485174 (2.4852)  Time: 0.853s,  600.14/s  (0.853s,  600.14/s)  LR: 7.402e-04  Data: 0.287 (0.287)
2024-04-02 22:06:54,842 - train - INFO - Train: 22 [  50/97 ( 52%)]  Loss:  2.469218 (2.7498)  Time: 0.585s,  874.95/s  (0.577s,  887.34/s)  LR: 7.402e-04  Data: 0.022 (0.018)
2024-04-02 22:07:23,427 - train - INFO - Train: 22 [  96/97 (100%)]  Loss:  2.900336 (2.7541)  Time: 0.621s,  824.93/s  (0.598s,  856.12/s)  LR: 7.402e-04  Data: 0.000 (0.015)
2024-04-02 22:07:24,005 - train - INFO - Test: [   0/19]  Time: 0.577 (0.577)  Loss:  1.2148 (1.2148)  Acc@1: 71.0938 (71.0938)  Acc@5: 91.0156 (91.0156)
2024-04-02 22:07:33,069 - train - INFO - Test: [  19/19]  Time: 0.416 (0.482)  Loss:  1.1611 (1.1768)  Acc@1: 72.7941 (71.4500)  Acc@5: 92.6471 (92.3200)
2024-04-02 22:07:34,037 - train - INFO - Train: 23 [   0/97 (  0%)]  Loss:  2.229637 (2.2296)  Time: 0.883s,  579.53/s  (0.883s,  579.53/s)  LR: 7.393e-04  Data: 0.310 (0.310)
2024-04-02 22:08:05,619 - train - INFO - Train: 23 [  50/97 ( 52%)]  Loss:  2.297209 (2.7488)  Time: 0.627s,  816.67/s  (0.637s,  804.33/s)  LR: 7.393e-04  Data: 0.009 (0.019)
2024-04-02 22:08:35,356 - train - INFO - Train: 23 [  96/97 (100%)]  Loss:  3.051778 (2.7145)  Time: 0.685s,  747.43/s  (0.641s,  798.47/s)  LR: 7.393e-04  Data: 0.000 (0.016)
2024-04-02 22:08:36,058 - train - INFO - Test: [   0/19]  Time: 0.700 (0.700)  Loss:  1.2344 (1.2344)  Acc@1: 72.8516 (72.8516)  Acc@5: 91.4062 (91.4062)
2024-04-02 22:08:45,839 - train - INFO - Test: [  19/19]  Time: 0.435 (0.524)  Loss:  1.1963 (1.2162)  Acc@1: 73.5294 (72.0500)  Acc@5: 93.3824 (92.6400)
2024-04-02 22:08:47,042 - train - INFO - Train: 24 [   0/97 (  0%)]  Loss:  2.529247 (2.5292)  Time: 0.992s,  516.13/s  (0.992s,  516.13/s)  LR: 7.384e-04  Data: 0.393 (0.393)
2024-04-02 22:09:16,623 - train - INFO - Train: 24 [  50/97 ( 52%)]  Loss:  3.200803 (2.7315)  Time: 0.636s,  805.41/s  (0.599s,  854.11/s)  LR: 7.384e-04  Data: 0.021 (0.021)
2024-04-02 22:09:44,618 - train - INFO - Train: 24 [  96/97 (100%)]  Loss:  2.186351 (2.7201)  Time: 0.597s,  858.18/s  (0.604s,  847.99/s)  LR: 7.384e-04  Data: 0.000 (0.018)
2024-04-02 22:09:45,222 - train - INFO - Test: [   0/19]  Time: 0.601 (0.601)  Loss:  1.1543 (1.1543)  Acc@1: 72.8516 (72.8516)  Acc@5: 92.1875 (92.1875)
2024-04-02 22:09:54,054 - train - INFO - Test: [  19/19]  Time: 0.448 (0.472)  Loss:  1.1807 (1.1549)  Acc@1: 72.7941 (72.1000)  Acc@5: 92.2794 (92.8300)
2024-04-02 22:09:54,983 - train - INFO - Train: 25 [   0/97 (  0%)]  Loss:  3.244980 (3.2450)  Time: 0.821s,  623.69/s  (0.821s,  623.69/s)  LR: 7.374e-04  Data: 0.278 (0.278)
2024-04-02 22:10:27,215 - train - INFO - Train: 25 [  50/97 ( 52%)]  Loss:  2.880280 (2.7630)  Time: 0.627s,  816.33/s  (0.648s,  790.02/s)  LR: 7.374e-04  Data: 0.010 (0.018)
2024-04-02 22:10:55,081 - train - INFO - Train: 25 [  96/97 (100%)]  Loss:  2.746049 (2.7875)  Time: 0.659s,  776.42/s  (0.628s,  815.27/s)  LR: 7.374e-04  Data: 0.000 (0.016)
2024-04-02 22:10:55,647 - train - INFO - Test: [   0/19]  Time: 0.564 (0.564)  Loss:  1.1357 (1.1357)  Acc@1: 74.2188 (74.2188)  Acc@5: 92.7734 (92.7734)
2024-04-02 22:11:04,462 - train - INFO - Test: [  19/19]  Time: 0.405 (0.469)  Loss:  1.1309 (1.1566)  Acc@1: 75.0000 (72.4800)  Acc@5: 92.2794 (92.8400)
2024-04-02 22:11:05,502 - train - INFO - Train: 26 [   0/97 (  0%)]  Loss:  2.718441 (2.7184)  Time: 0.921s,  556.11/s  (0.921s,  556.11/s)  LR: 7.364e-04  Data: 0.267 (0.267)
2024-04-02 22:11:36,033 - train - INFO - Train: 26 [  50/97 ( 52%)]  Loss:  2.542235 (2.7622)  Time: 0.600s,  852.65/s  (0.617s,  830.26/s)  LR: 7.364e-04  Data: 0.009 (0.020)
2024-04-02 22:12:06,040 - train - INFO - Train: 26 [  96/97 (100%)]  Loss:  3.059886 (2.7302)  Time: 0.604s,  847.63/s  (0.634s,  808.11/s)  LR: 7.364e-04  Data: 0.000 (0.017)
2024-04-02 22:12:06,641 - train - INFO - Test: [   0/19]  Time: 0.598 (0.598)  Loss:  1.1514 (1.1514)  Acc@1: 72.6562 (72.6562)  Acc@5: 91.0156 (91.0156)
2024-04-02 22:12:15,747 - train - INFO - Test: [  19/19]  Time: 0.388 (0.485)  Loss:  1.1133 (1.1539)  Acc@1: 72.4265 (71.6800)  Acc@5: 93.0147 (92.6800)
2024-04-02 22:12:16,781 - train - INFO - Train: 27 [   0/97 (  0%)]  Loss:  2.348880 (2.3489)  Time: 0.948s,  540.09/s  (0.948s,  540.09/s)  LR: 7.353e-04  Data: 0.359 (0.359)
2024-04-02 22:12:46,287 - train - INFO - Train: 27 [  50/97 ( 52%)]  Loss:  2.803343 (2.6936)  Time: 0.604s,  847.66/s  (0.597s,  857.54/s)  LR: 7.353e-04  Data: 0.009 (0.021)
2024-04-02 22:13:13,138 - train - INFO - Train: 27 [  96/97 (100%)]  Loss:  2.569334 (2.7232)  Time: 0.610s,  839.89/s  (0.591s,  866.76/s)  LR: 7.353e-04  Data: 0.000 (0.018)
2024-04-02 22:13:13,738 - train - INFO - Test: [   0/19]  Time: 0.597 (0.597)  Loss:  1.1211 (1.1211)  Acc@1: 74.8047 (74.8047)  Acc@5: 93.1641 (93.1641)
2024-04-02 22:13:22,518 - train - INFO - Test: [  19/19]  Time: 0.422 (0.469)  Loss:  1.1641 (1.1442)  Acc@1: 72.4265 (72.3100)  Acc@5: 91.1765 (92.7700)
2024-04-02 22:13:23,538 - train - INFO - Train: 28 [   0/97 (  0%)]  Loss:  3.063308 (3.0633)  Time: 0.885s,  578.58/s  (0.885s,  578.58/s)  LR: 7.342e-04  Data: 0.250 (0.250)
2024-04-02 22:13:54,608 - train - INFO - Train: 28 [  50/97 ( 52%)]  Loss:  3.078987 (2.7369)  Time: 0.641s,  798.36/s  (0.627s,  817.18/s)  LR: 7.342e-04  Data: 0.013 (0.018)
2024-04-02 22:14:20,694 - train - INFO - Train: 28 [  96/97 (100%)]  Loss:  2.217270 (2.7270)  Time: 0.676s,  757.91/s  (0.598s,  855.72/s)  LR: 7.342e-04  Data: 0.000 (0.016)
2024-04-02 22:14:21,329 - train - INFO - Test: [   0/19]  Time: 0.633 (0.633)  Loss:  1.1709 (1.1709)  Acc@1: 71.6797 (71.6797)  Acc@5: 92.5781 (92.5781)
2024-04-02 22:14:29,959 - train - INFO - Test: [  19/19]  Time: 0.324 (0.463)  Loss:  1.1289 (1.1352)  Acc@1: 70.9559 (71.8600)  Acc@5: 93.7500 (93.0000)
2024-04-02 22:14:31,064 - train - INFO - Train: 29 [   0/97 (  0%)]  Loss:  2.370066 (2.3701)  Time: 1.008s,  508.09/s  (1.008s,  508.09/s)  LR: 7.331e-04  Data: 0.290 (0.290)
2024-04-02 22:15:03,916 - train - INFO - Train: 29 [  50/97 ( 52%)]  Loss:  2.407387 (2.6870)  Time: 0.679s,  753.85/s  (0.664s,  771.19/s)  LR: 7.331e-04  Data: 0.008 (0.021)
2024-04-02 22:15:32,267 - train - INFO - Train: 29 [  96/97 (100%)]  Loss:  2.770808 (2.7100)  Time: 0.591s,  866.90/s  (0.641s,  798.36/s)  LR: 7.331e-04  Data: 0.000 (0.017)
2024-04-02 22:15:32,913 - train - INFO - Test: [   0/19]  Time: 0.643 (0.643)  Loss:  1.1338 (1.1338)  Acc@1: 73.8281 (73.8281)  Acc@5: 92.7734 (92.7734)
2024-04-02 22:15:41,944 - train - INFO - Test: [  19/19]  Time: 0.498 (0.484)  Loss:  1.1494 (1.1687)  Acc@1: 71.6912 (72.1300)  Acc@5: 94.1176 (92.5600)
2024-04-02 22:15:43,013 - train - INFO - Train: 30 [   0/97 (  0%)]  Loss:  2.652190 (2.6522)  Time: 0.984s,  520.07/s  (0.984s,  520.07/s)  LR: 7.319e-04  Data: 0.276 (0.276)
2024-04-02 22:16:16,207 - train - INFO - Train: 30 [  50/97 ( 52%)]  Loss:  2.175444 (2.6631)  Time: 0.724s,  707.30/s  (0.670s,  764.03/s)  LR: 7.319e-04  Data: 0.009 (0.019)
2024-04-02 22:16:47,101 - train - INFO - Train: 30 [  96/97 (100%)]  Loss:  3.051037 (2.6418)  Time: 0.758s,  675.79/s  (0.671s,  763.25/s)  LR: 7.319e-04  Data: 0.000 (0.017)
2024-04-02 22:16:47,728 - train - INFO - Test: [   0/19]  Time: 0.619 (0.619)  Loss:  1.1826 (1.1826)  Acc@1: 74.0234 (74.0234)  Acc@5: 92.1875 (92.1875)
2024-04-02 22:16:56,355 - train - INFO - Test: [  19/19]  Time: 0.512 (0.462)  Loss:  1.1611 (1.1774)  Acc@1: 74.6324 (72.5000)  Acc@5: 92.2794 (92.9300)
2024-04-02 22:16:57,272 - train - INFO - Train: 31 [   0/97 (  0%)]  Loss:  2.690989 (2.6910)  Time: 0.832s,  615.45/s  (0.832s,  615.45/s)  LR: 7.307e-04  Data: 0.293 (0.293)
2024-04-02 22:17:29,821 - train - INFO - Train: 31 [  50/97 ( 52%)]  Loss:  3.000863 (2.6896)  Time: 0.671s,  763.41/s  (0.655s,  782.26/s)  LR: 7.307e-04  Data: 0.015 (0.018)
2024-04-02 22:18:00,002 - train - INFO - Train: 31 [  96/97 (100%)]  Loss:  2.188231 (2.6504)  Time: 0.675s,  758.17/s  (0.655s,  781.37/s)  LR: 7.307e-04  Data: 0.000 (0.016)
2024-04-02 22:18:00,549 - train - INFO - Test: [   0/19]  Time: 0.545 (0.545)  Loss:  1.1826 (1.1826)  Acc@1: 72.8516 (72.8516)  Acc@5: 90.4297 (90.4297)
2024-04-02 22:18:08,941 - train - INFO - Test: [  19/19]  Time: 0.440 (0.447)  Loss:  1.1670 (1.1688)  Acc@1: 72.4265 (71.8000)  Acc@5: 91.1765 (92.6700)
2024-04-02 22:18:09,930 - train - INFO - Train: 32 [   0/97 (  0%)]  Loss:  2.202202 (2.2022)  Time: 0.904s,  566.25/s  (0.904s,  566.25/s)  LR: 7.294e-04  Data: 0.351 (0.351)
2024-04-02 22:18:39,772 - train - INFO - Train: 32 [  50/97 ( 52%)]  Loss:  2.206205 (2.6361)  Time: 0.606s,  844.64/s  (0.603s,  849.31/s)  LR: 7.294e-04  Data: 0.034 (0.020)
2024-04-02 22:19:09,815 - train - INFO - Train: 32 [  96/97 (100%)]  Loss:  2.609913 (2.6299)  Time: 0.620s,  825.95/s  (0.627s,  817.02/s)  LR: 7.294e-04  Data: 0.000 (0.017)
2024-04-02 22:19:10,455 - train - INFO - Test: [   0/19]  Time: 0.638 (0.638)  Loss:  1.1562 (1.1562)  Acc@1: 73.2422 (73.2422)  Acc@5: 92.3828 (92.3828)
2024-04-02 22:19:18,744 - train - INFO - Test: [  19/19]  Time: 0.446 (0.446)  Loss:  1.1475 (1.1534)  Acc@1: 74.2647 (72.1500)  Acc@5: 92.2794 (92.9700)
2024-04-02 22:19:19,735 - train - INFO - Train: 33 [   0/97 (  0%)]  Loss:  2.879430 (2.8794)  Time: 0.893s,  573.34/s  (0.893s,  573.34/s)  LR: 7.281e-04  Data: 0.242 (0.242)
2024-04-02 22:19:52,639 - train - INFO - Train: 33 [  50/97 ( 52%)]  Loss:  2.543890 (2.7783)  Time: 0.716s,  714.62/s  (0.663s,  772.65/s)  LR: 7.281e-04  Data: 0.014 (0.017)
2024-04-02 22:20:21,543 - train - INFO - Train: 33 [  96/97 (100%)]  Loss:  2.792085 (2.7213)  Time: 0.690s,  742.41/s  (0.646s,  792.12/s)  LR: 7.281e-04  Data: 0.000 (0.015)
2024-04-02 22:20:21,973 - train - INFO - Test: [   0/19]  Time: 0.429 (0.429)  Loss:  1.1494 (1.1494)  Acc@1: 72.8516 (72.8516)  Acc@5: 93.3594 (93.3594)
2024-04-02 22:20:30,526 - train - INFO - Test: [  19/19]  Time: 0.384 (0.449)  Loss:  1.0996 (1.1582)  Acc@1: 74.2647 (72.4600)  Acc@5: 91.9118 (93.0600)
2024-04-02 22:20:31,618 - train - INFO - Train: 34 [   0/97 (  0%)]  Loss:  3.157223 (3.1572)  Time: 0.986s,  519.27/s  (0.986s,  519.27/s)  LR: 7.268e-04  Data: 0.243 (0.243)
2024-04-02 22:21:04,895 - train - INFO - Train: 34 [  50/97 ( 52%)]  Loss:  2.712880 (2.7650)  Time: 0.706s,  725.47/s  (0.672s,  762.15/s)  LR: 7.268e-04  Data: 0.020 (0.019)
2024-04-02 22:21:35,004 - train - INFO - Train: 34 [  96/97 (100%)]  Loss:  2.471401 (2.7266)  Time: 0.471s, 1087.61/s  (0.664s,  771.56/s)  LR: 7.268e-04  Data: 0.000 (0.017)
2024-04-02 22:21:35,509 - train - INFO - Test: [   0/19]  Time: 0.499 (0.499)  Loss:  1.2305 (1.2305)  Acc@1: 71.6797 (71.6797)  Acc@5: 91.2109 (91.2109)
2024-04-02 22:21:43,940 - train - INFO - Test: [  19/19]  Time: 0.432 (0.446)  Loss:  1.1924 (1.2096)  Acc@1: 72.7941 (71.0200)  Acc@5: 92.2794 (92.3000)
2024-04-02 22:21:44,937 - train - INFO - Train: 35 [   0/97 (  0%)]  Loss:  2.742070 (2.7421)  Time: 0.903s,  567.16/s  (0.903s,  567.16/s)  LR: 7.254e-04  Data: 0.300 (0.300)
2024-04-02 22:22:18,350 - train - INFO - Train: 35 [  50/97 ( 52%)]  Loss:  2.597877 (2.7382)  Time: 0.660s,  776.09/s  (0.673s,  760.95/s)  LR: 7.254e-04  Data: 0.013 (0.018)
2024-04-02 22:22:47,055 - train - INFO - Train: 35 [  96/97 (100%)]  Loss:  2.525204 (2.7306)  Time: 0.637s,  803.48/s  (0.650s,  788.09/s)  LR: 7.254e-04  Data: 0.000 (0.015)
2024-04-02 22:22:47,652 - train - INFO - Test: [   0/19]  Time: 0.595 (0.595)  Loss:  1.2178 (1.2178)  Acc@1: 72.2656 (72.2656)  Acc@5: 90.8203 (90.8203)
2024-04-02 22:22:57,182 - train - INFO - Test: [  19/19]  Time: 0.516 (0.506)  Loss:  1.2451 (1.1983)  Acc@1: 71.6912 (71.7500)  Acc@5: 93.0147 (92.4800)
2024-04-02 22:22:58,157 - train - INFO - Train: 36 [   0/97 (  0%)]  Loss:  3.059775 (3.0598)  Time: 0.890s,  575.05/s  (0.890s,  575.05/s)  LR: 7.240e-04  Data: 0.398 (0.398)
2024-04-02 22:23:28,473 - train - INFO - Train: 36 [  50/97 ( 52%)]  Loss:  2.218816 (2.6615)  Time: 0.563s,  908.77/s  (0.612s,  836.77/s)  LR: 7.240e-04  Data: 0.010 (0.021)
2024-04-02 22:23:56,174 - train - INFO - Train: 36 [  96/97 (100%)]  Loss:  3.178459 (2.6356)  Time: 0.695s,  736.88/s  (0.607s,  843.11/s)  LR: 7.240e-04  Data: 0.000 (0.018)
2024-04-02 22:23:56,854 - train - INFO - Test: [   0/19]  Time: 0.678 (0.678)  Loss:  1.1807 (1.1807)  Acc@1: 72.8516 (72.8516)  Acc@5: 91.9922 (91.9922)
2024-04-02 22:24:05,515 - train - INFO - Test: [  19/19]  Time: 0.440 (0.467)  Loss:  1.1475 (1.1786)  Acc@1: 73.8971 (72.9600)  Acc@5: 93.7500 (93.0900)
2024-04-02 22:24:06,530 - train - INFO - Train: 37 [   0/97 (  0%)]  Loss:  2.168550 (2.1686)  Time: 0.905s,  565.63/s  (0.905s,  565.63/s)  LR: 7.226e-04  Data: 0.244 (0.244)
2024-04-02 22:24:40,259 - train - INFO - Train: 37 [  50/97 ( 52%)]  Loss:  2.767730 (2.6478)  Time: 0.640s,  799.53/s  (0.679s,  753.97/s)  LR: 7.226e-04  Data: 0.009 (0.018)
2024-04-02 22:25:11,019 - train - INFO - Train: 37 [  96/97 (100%)]  Loss:  2.197979 (2.6709)  Time: 0.562s,  910.37/s  (0.674s,  759.48/s)  LR: 7.226e-04  Data: 0.000 (0.016)
2024-04-02 22:25:11,552 - train - INFO - Test: [   0/19]  Time: 0.530 (0.530)  Loss:  1.1025 (1.1025)  Acc@1: 73.0469 (73.0469)  Acc@5: 93.3594 (93.3594)
2024-04-02 22:25:20,019 - train - INFO - Test: [  19/19]  Time: 0.528 (0.450)  Loss:  1.0967 (1.1162)  Acc@1: 74.2647 (73.1700)  Acc@5: 93.3824 (92.9900)
2024-04-02 22:25:20,981 - train - INFO - Train: 38 [   0/97 (  0%)]  Loss:  2.452223 (2.4522)  Time: 0.875s,  585.03/s  (0.875s,  585.03/s)  LR: 7.211e-04  Data: 0.396 (0.396)
2024-04-02 22:25:52,099 - train - INFO - Train: 38 [  50/97 ( 52%)]  Loss:  3.082832 (2.7340)  Time: 0.651s,  786.12/s  (0.627s,  816.19/s)  LR: 7.211e-04  Data: 0.010 (0.020)
2024-04-02 22:26:20,870 - train - INFO - Train: 38 [  96/97 (100%)]  Loss:  2.965369 (2.7324)  Time: 0.531s,  963.50/s  (0.626s,  817.36/s)  LR: 7.211e-04  Data: 0.000 (0.018)
2024-04-02 22:26:21,389 - train - INFO - Test: [   0/19]  Time: 0.517 (0.517)  Loss:  1.1475 (1.1475)  Acc@1: 75.0000 (75.0000)  Acc@5: 93.1641 (93.1641)
2024-04-02 22:26:29,773 - train - INFO - Test: [  19/19]  Time: 0.478 (0.445)  Loss:  1.2012 (1.1943)  Acc@1: 72.4265 (73.2000)  Acc@5: 92.6471 (92.9600)
2024-04-02 22:26:30,732 - train - INFO - Train: 39 [   0/97 (  0%)]  Loss:  2.159839 (2.1598)  Time: 0.866s,  591.24/s  (0.866s,  591.24/s)  LR: 7.196e-04  Data: 0.249 (0.249)
2024-04-02 22:26:59,654 - train - INFO - Train: 39 [  50/97 ( 52%)]  Loss:  2.784053 (2.6712)  Time: 0.532s,  961.87/s  (0.584s,  876.64/s)  LR: 7.196e-04  Data: 0.018 (0.020)
2024-04-02 22:27:27,655 - train - INFO - Train: 39 [  96/97 (100%)]  Loss:  3.081063 (2.6873)  Time: 0.645s,  793.41/s  (0.596s,  859.44/s)  LR: 7.196e-04  Data: 0.000 (0.016)
2024-04-02 22:27:28,240 - train - INFO - Test: [   0/19]  Time: 0.583 (0.583)  Loss:  1.1133 (1.1133)  Acc@1: 75.9766 (75.9766)  Acc@5: 93.3594 (93.3594)
2024-04-02 22:27:36,560 - train - INFO - Test: [  19/19]  Time: 0.506 (0.445)  Loss:  1.1504 (1.1408)  Acc@1: 76.1029 (73.3000)  Acc@5: 93.7500 (92.9100)
2024-04-02 22:27:37,588 - train - INFO - Train: 40 [   0/97 (  0%)]  Loss:  3.008699 (3.0087)  Time: 0.940s,  544.85/s  (0.940s,  544.85/s)  LR: 7.180e-04  Data: 0.282 (0.282)
2024-04-02 22:28:09,386 - train - INFO - Train: 40 [  50/97 ( 52%)]  Loss:  2.313135 (2.5683)  Time: 0.648s,  789.79/s  (0.642s,  797.64/s)  LR: 7.180e-04  Data: 0.014 (0.019)
2024-04-02 22:28:39,791 - train - INFO - Train: 40 [  96/97 (100%)]  Loss:  2.946854 (2.6013)  Time: 0.579s,  884.71/s  (0.651s,  786.56/s)  LR: 7.180e-04  Data: 0.000 (0.016)
2024-04-02 22:28:40,347 - train - INFO - Test: [   0/19]  Time: 0.554 (0.554)  Loss:  1.2041 (1.2041)  Acc@1: 71.0938 (71.0938)  Acc@5: 91.9922 (91.9922)
2024-04-02 22:28:48,874 - train - INFO - Test: [  19/19]  Time: 0.438 (0.454)  Loss:  1.2041 (1.1718)  Acc@1: 72.7941 (72.2700)  Acc@5: 92.2794 (92.5000)
2024-04-02 22:28:49,904 - train - INFO - Train: 41 [   0/97 (  0%)]  Loss:  2.139919 (2.1399)  Time: 0.944s,  542.09/s  (0.944s,  542.09/s)  LR: 7.164e-04  Data: 0.291 (0.291)
2024-04-02 22:29:20,422 - train - INFO - Train: 41 [  50/97 ( 52%)]  Loss:  2.990247 (2.6420)  Time: 0.613s,  835.16/s  (0.617s,  829.97/s)  LR: 7.164e-04  Data: 0.010 (0.019)
2024-04-02 22:29:48,495 - train - INFO - Train: 41 [  96/97 (100%)]  Loss:  2.715284 (2.6389)  Time: 0.616s,  830.79/s  (0.614s,  834.23/s)  LR: 7.164e-04  Data: 0.000 (0.017)
2024-04-02 22:29:49,118 - train - INFO - Test: [   0/19]  Time: 0.622 (0.622)  Loss:  1.1426 (1.1426)  Acc@1: 72.2656 (72.2656)  Acc@5: 93.1641 (93.1641)
2024-04-02 22:29:58,186 - train - INFO - Test: [  19/19]  Time: 0.517 (0.484)  Loss:  1.1309 (1.1163)  Acc@1: 73.1618 (72.9900)  Acc@5: 92.6471 (93.5800)
2024-04-02 22:29:59,219 - train - INFO - Train: 42 [   0/97 (  0%)]  Loss:  2.393356 (2.3934)  Time: 0.921s,  555.74/s  (0.921s,  555.74/s)  LR: 7.148e-04  Data: 0.272 (0.272)
2024-04-02 22:30:27,042 - train - INFO - Train: 42 [  50/97 ( 52%)]  Loss:  2.082964 (2.6615)  Time: 0.589s,  868.62/s  (0.564s,  908.47/s)  LR: 7.148e-04  Data: 0.012 (0.020)
2024-04-02 22:30:55,934 - train - INFO - Train: 42 [  96/97 (100%)]  Loss:  3.266238 (2.6844)  Time: 0.620s,  825.93/s  (0.594s,  861.71/s)  LR: 7.148e-04  Data: 0.000 (0.017)
2024-04-02 22:30:56,572 - train - INFO - Test: [   0/19]  Time: 0.635 (0.635)  Loss:  1.1064 (1.1064)  Acc@1: 73.6328 (73.6328)  Acc@5: 93.7500 (93.7500)
2024-04-02 22:31:05,416 - train - INFO - Test: [  19/19]  Time: 0.456 (0.474)  Loss:  1.0908 (1.1094)  Acc@1: 76.4706 (73.6100)  Acc@5: 92.6471 (93.3200)
2024-04-02 22:31:06,380 - train - INFO - Train: 43 [   0/97 (  0%)]  Loss:  3.099120 (3.0991)  Time: 0.878s,  583.26/s  (0.878s,  583.26/s)  LR: 7.131e-04  Data: 0.243 (0.243)
2024-04-02 22:31:38,960 - train - INFO - Train: 43 [  50/97 ( 52%)]  Loss:  2.865930 (2.6767)  Time: 0.646s,  792.07/s  (0.656s,  780.47/s)  LR: 7.131e-04  Data: 0.011 (0.018)
2024-04-02 22:32:09,215 - train - INFO - Train: 43 [  96/97 (100%)]  Loss:  2.248403 (2.6749)  Time: 0.602s,  850.92/s  (0.657s,  779.53/s)  LR: 7.131e-04  Data: 0.000 (0.016)
2024-04-02 22:32:09,748 - train - INFO - Test: [   0/19]  Time: 0.531 (0.531)  Loss:  1.1094 (1.1094)  Acc@1: 74.6094 (74.6094)  Acc@5: 93.1641 (93.1641)
2024-04-02 22:32:18,068 - train - INFO - Test: [  19/19]  Time: 0.446 (0.443)  Loss:  1.1758 (1.1368)  Acc@1: 70.5882 (72.5900)  Acc@5: 93.3824 (93.0600)
2024-04-02 22:32:19,037 - train - INFO - Train: 44 [   0/97 (  0%)]  Loss:  2.802596 (2.8026)  Time: 0.857s,  597.67/s  (0.857s,  597.67/s)  LR: 7.114e-04  Data: 0.266 (0.266)
2024-04-02 22:32:48,872 - train - INFO - Train: 44 [  50/97 ( 52%)]  Loss:  2.245280 (2.6767)  Time: 0.684s,  748.40/s  (0.602s,  850.83/s)  LR: 7.114e-04  Data: 0.009 (0.020)
2024-04-02 22:33:17,330 - train - INFO - Train: 44 [  96/97 (100%)]  Loss:  2.965012 (2.6956)  Time: 0.551s,  928.64/s  (0.610s,  839.67/s)  LR: 7.114e-04  Data: 0.000 (0.016)
2024-04-02 22:33:17,808 - train - INFO - Test: [   0/19]  Time: 0.476 (0.476)  Loss:  1.1543 (1.1543)  Acc@1: 72.0703 (72.0703)  Acc@5: 92.9688 (92.9688)
2024-04-02 22:33:26,259 - train - INFO - Test: [  19/19]  Time: 0.519 (0.446)  Loss:  1.1816 (1.1601)  Acc@1: 72.4265 (72.5400)  Acc@5: 91.9118 (93.0000)
2024-04-02 22:33:27,183 - train - INFO - Train: 45 [   0/97 (  0%)]  Loss:  2.325903 (2.3259)  Time: 0.814s,  629.29/s  (0.814s,  629.29/s)  LR: 7.097e-04  Data: 0.300 (0.300)
2024-04-02 22:33:59,879 - train - INFO - Train: 45 [  50/97 ( 52%)]  Loss:  2.725043 (2.5821)  Time: 0.631s,  811.58/s  (0.657s,  779.27/s)  LR: 7.097e-04  Data: 0.010 (0.017)
2024-04-02 22:34:28,078 - train - INFO - Train: 45 [  96/97 (100%)]  Loss:  3.272987 (2.6159)  Time: 0.575s,  891.05/s  (0.636s,  804.84/s)  LR: 7.097e-04  Data: 0.000 (0.015)
2024-04-02 22:34:28,778 - train - INFO - Test: [   0/19]  Time: 0.697 (0.697)  Loss:  1.1357 (1.1357)  Acc@1: 74.6094 (74.6094)  Acc@5: 94.7266 (94.7266)
2024-04-02 22:34:37,070 - train - INFO - Test: [  19/19]  Time: 0.297 (0.449)  Loss:  1.1260 (1.1233)  Acc@1: 73.1618 (73.8400)  Acc@5: 93.7500 (93.6000)
2024-04-02 22:34:38,191 - train - INFO - Train: 46 [   0/97 (  0%)]  Loss:  2.961493 (2.9615)  Time: 1.024s,  499.92/s  (1.024s,  499.92/s)  LR: 7.079e-04  Data: 0.288 (0.288)
2024-04-02 22:35:07,752 - train - INFO - Train: 46 [  50/97 ( 52%)]  Loss:  2.855299 (2.6815)  Time: 0.515s,  993.59/s  (0.600s,  853.80/s)  LR: 7.079e-04  Data: 0.010 (0.018)
2024-04-02 22:35:34,891 - train - INFO - Train: 46 [  96/97 (100%)]  Loss:  2.374064 (2.6651)  Time: 0.589s,  869.03/s  (0.595s,  860.42/s)  LR: 7.079e-04  Data: 0.000 (0.016)
2024-04-02 22:35:35,426 - train - INFO - Test: [   0/19]  Time: 0.533 (0.533)  Loss:  1.1445 (1.1445)  Acc@1: 73.4375 (73.4375)  Acc@5: 93.1641 (93.1641)
2024-04-02 22:35:43,790 - train - INFO - Test: [  19/19]  Time: 0.350 (0.445)  Loss:  1.2217 (1.1542)  Acc@1: 73.8971 (72.8900)  Acc@5: 90.8088 (92.9700)
2024-04-02 22:35:44,870 - train - INFO - Train: 47 [   0/97 (  0%)]  Loss:  2.715094 (2.7151)  Time: 0.944s,  542.50/s  (0.944s,  542.50/s)  LR: 7.061e-04  Data: 0.247 (0.247)
2024-04-02 22:36:16,624 - train - INFO - Train: 47 [  50/97 ( 52%)]  Loss:  2.875185 (2.6189)  Time: 0.666s,  768.22/s  (0.641s,  798.60/s)  LR: 7.061e-04  Data: 0.014 (0.017)
2024-04-02 22:36:47,098 - train - INFO - Train: 47 [  96/97 (100%)]  Loss:  2.625001 (2.6258)  Time: 0.625s,  819.65/s  (0.651s,  786.19/s)  LR: 7.061e-04  Data: 0.000 (0.015)
2024-04-02 22:36:47,646 - train - INFO - Test: [   0/19]  Time: 0.546 (0.546)  Loss:  1.1221 (1.1221)  Acc@1: 75.9766 (75.9766)  Acc@5: 93.5547 (93.5547)
2024-04-02 22:36:55,944 - train - INFO - Test: [  19/19]  Time: 0.437 (0.442)  Loss:  1.1201 (1.1305)  Acc@1: 74.6324 (73.3900)  Acc@5: 93.0147 (93.4500)
2024-04-02 22:36:57,010 - train - INFO - Train: 48 [   0/97 (  0%)]  Loss:  2.920069 (2.9201)  Time: 0.962s,  532.23/s  (0.962s,  532.23/s)  LR: 7.042e-04  Data: 0.295 (0.295)
2024-04-02 22:37:30,669 - train - INFO - Train: 48 [  50/97 ( 52%)]  Loss:  3.070552 (2.6219)  Time: 0.721s,  710.09/s  (0.679s,  754.24/s)  LR: 7.042e-04  Data: 0.008 (0.018)
2024-04-02 22:38:00,898 - train - INFO - Train: 48 [  96/97 (100%)]  Loss:  2.854752 (2.6718)  Time: 0.687s,  745.57/s  (0.669s,  765.86/s)  LR: 7.042e-04  Data: 0.000 (0.017)
2024-04-02 22:38:01,522 - train - INFO - Test: [   0/19]  Time: 0.622 (0.622)  Loss:  1.1016 (1.1016)  Acc@1: 74.8047 (74.8047)  Acc@5: 93.5547 (93.5547)
2024-04-02 22:38:10,225 - train - INFO - Test: [  19/19]  Time: 0.452 (0.466)  Loss:  1.1260 (1.1320)  Acc@1: 72.0588 (72.3400)  Acc@5: 91.9118 (93.1800)
2024-04-02 22:38:11,200 - train - INFO - Train: 49 [   0/97 (  0%)]  Loss:  2.214394 (2.2144)  Time: 0.889s,  575.97/s  (0.889s,  575.97/s)  LR: 7.023e-04  Data: 0.263 (0.263)
2024-04-02 22:38:43,200 - train - INFO - Train: 49 [  50/97 ( 52%)]  Loss:  2.498327 (2.6016)  Time: 0.638s,  802.09/s  (0.645s,  793.99/s)  LR: 7.023e-04  Data: 0.013 (0.019)
2024-04-02 22:39:12,846 - train - INFO - Train: 49 [  96/97 (100%)]  Loss:  2.158874 (2.6256)  Time: 0.680s,  753.48/s  (0.645s,  794.21/s)  LR: 7.023e-04  Data: 0.000 (0.017)
2024-04-02 22:39:13,402 - train - INFO - Test: [   0/19]  Time: 0.554 (0.554)  Loss:  1.0811 (1.0811)  Acc@1: 74.0234 (74.0234)  Acc@5: 93.3594 (93.3594)
2024-04-02 22:39:21,636 - train - INFO - Test: [  19/19]  Time: 0.362 (0.439)  Loss:  1.0781 (1.1016)  Acc@1: 72.4265 (73.5800)  Acc@5: 93.7500 (93.2100)
2024-04-02 22:39:22,712 - train - INFO - Train: 50 [   0/97 (  0%)]  Loss:  2.947612 (2.9476)  Time: 0.956s,  535.46/s  (0.956s,  535.46/s)  LR: 7.004e-04  Data: 0.309 (0.309)
2024-04-02 22:39:53,878 - train - INFO - Train: 50 [  50/97 ( 52%)]  Loss:  3.033168 (2.6444)  Time: 0.644s,  794.72/s  (0.630s,  812.92/s)  LR: 7.004e-04  Data: 0.012 (0.020)
2024-04-02 22:40:23,990 - train - INFO - Train: 50 [  96/97 (100%)]  Loss:  2.785345 (2.6934)  Time: 0.608s,  842.11/s  (0.642s,  798.05/s)  LR: 7.004e-04  Data: 0.000 (0.017)
2024-04-02 22:40:24,655 - train - INFO - Test: [   0/19]  Time: 0.663 (0.663)  Loss:  1.1465 (1.1465)  Acc@1: 72.8516 (72.8516)  Acc@5: 91.9922 (91.9922)
2024-04-02 22:40:33,012 - train - INFO - Test: [  19/19]  Time: 0.447 (0.451)  Loss:  1.1445 (1.1632)  Acc@1: 73.1618 (72.0700)  Acc@5: 94.4853 (93.3100)
2024-04-02 22:40:33,907 - train - INFO - Train: 51 [   0/97 (  0%)]  Loss:  2.773830 (2.7738)  Time: 0.807s,  634.35/s  (0.807s,  634.35/s)  LR: 6.985e-04  Data: 0.272 (0.272)
2024-04-02 22:41:05,319 - train - INFO - Train: 51 [  50/97 ( 52%)]  Loss:  2.088686 (2.5987)  Time: 0.665s,  770.35/s  (0.632s,  810.49/s)  LR: 6.985e-04  Data: 0.010 (0.020)
2024-04-02 22:41:34,375 - train - INFO - Train: 51 [  96/97 (100%)]  Loss:  2.703223 (2.6639)  Time: 0.700s,  731.93/s  (0.632s,  810.54/s)  LR: 6.985e-04  Data: 0.000 (0.017)
2024-04-02 22:41:34,961 - train - INFO - Test: [   0/19]  Time: 0.583 (0.583)  Loss:  1.1152 (1.1152)  Acc@1: 73.6328 (73.6328)  Acc@5: 94.1406 (94.1406)
2024-04-02 22:41:43,590 - train - INFO - Test: [  19/19]  Time: 0.448 (0.461)  Loss:  1.1396 (1.1352)  Acc@1: 74.6324 (73.4500)  Acc@5: 92.6471 (93.4800)
2024-04-02 22:41:44,722 - train - INFO - Train: 52 [   0/97 (  0%)]  Loss:  2.192762 (2.1928)  Time: 1.017s,  503.34/s  (1.017s,  503.34/s)  LR: 6.965e-04  Data: 0.313 (0.313)
2024-04-02 22:42:17,091 - train - INFO - Train: 52 [  50/97 ( 52%)]  Loss:  2.649415 (2.6504)  Time: 0.571s,  896.53/s  (0.655s,  782.16/s)  LR: 6.965e-04  Data: 0.015 (0.019)
2024-04-02 22:42:46,177 - train - INFO - Train: 52 [  96/97 (100%)]  Loss:  2.810393 (2.6912)  Time: 0.703s,  727.88/s  (0.644s,  795.02/s)  LR: 6.965e-04  Data: 0.000 (0.017)
2024-04-02 22:42:46,755 - train - INFO - Test: [   0/19]  Time: 0.576 (0.576)  Loss:  1.1064 (1.1064)  Acc@1: 74.2188 (74.2188)  Acc@5: 92.9688 (92.9688)
2024-04-02 22:42:55,414 - train - INFO - Test: [  19/19]  Time: 0.487 (0.462)  Loss:  1.1357 (1.1031)  Acc@1: 73.1618 (73.9700)  Acc@5: 92.6471 (93.7000)
2024-04-02 22:42:56,599 - train - INFO - Train: 53 [   0/97 (  0%)]  Loss:  2.963702 (2.9637)  Time: 0.946s,  541.18/s  (0.946s,  541.18/s)  LR: 6.945e-04  Data: 0.267 (0.267)
2024-04-02 22:43:28,445 - train - INFO - Train: 53 [  50/97 ( 52%)]  Loss:  2.410484 (2.6130)  Time: 0.666s,  768.51/s  (0.643s,  796.30/s)  LR: 6.945e-04  Data: 0.009 (0.020)
2024-04-02 22:43:58,405 - train - INFO - Train: 53 [  96/97 (100%)]  Loss:  2.837655 (2.6663)  Time: 0.617s,  830.47/s  (0.647s,  791.45/s)  LR: 6.945e-04  Data: 0.000 (0.017)
2024-04-02 22:43:58,955 - train - INFO - Test: [   0/19]  Time: 0.549 (0.549)  Loss:  1.0811 (1.0811)  Acc@1: 75.1953 (75.1953)  Acc@5: 92.9688 (92.9688)
2024-04-02 22:44:08,039 - train - INFO - Test: [  19/19]  Time: 0.512 (0.482)  Loss:  1.1338 (1.0981)  Acc@1: 73.1618 (73.7800)  Acc@5: 92.2794 (93.5800)
2024-04-02 22:44:09,018 - train - INFO - Train: 54 [   0/97 (  0%)]  Loss:  3.199283 (3.1993)  Time: 0.889s,  576.04/s  (0.889s,  576.04/s)  LR: 6.924e-04  Data: 0.293 (0.293)
2024-04-02 22:44:40,943 - train - INFO - Train: 54 [  50/97 ( 52%)]  Loss:  3.067895 (2.7057)  Time: 0.656s,  781.04/s  (0.643s,  795.91/s)  LR: 6.924e-04  Data: 0.030 (0.018)
2024-04-02 22:45:09,125 - train - INFO - Train: 54 [  96/97 (100%)]  Loss:  2.664916 (2.6712)  Time: 0.669s,  765.78/s  (0.629s,  814.42/s)  LR: 6.924e-04  Data: 0.000 (0.016)
2024-04-02 22:45:09,784 - train - INFO - Test: [   0/19]  Time: 0.657 (0.657)  Loss:  1.1709 (1.1709)  Acc@1: 73.8281 (73.8281)  Acc@5: 91.6016 (91.6016)
2024-04-02 22:45:18,250 - train - INFO - Test: [  19/19]  Time: 0.522 (0.456)  Loss:  1.1836 (1.1815)  Acc@1: 75.7353 (72.8000)  Acc@5: 93.0147 (92.6300)
2024-04-02 22:45:19,260 - train - INFO - Train: 55 [   0/97 (  0%)]  Loss:  2.448624 (2.4486)  Time: 0.931s,  550.21/s  (0.931s,  550.21/s)  LR: 6.903e-04  Data: 0.401 (0.401)
2024-04-02 22:45:52,479 - train - INFO - Train: 55 [  50/97 ( 52%)]  Loss:  3.122982 (2.6396)  Time: 0.632s,  810.21/s  (0.670s,  764.64/s)  LR: 6.903e-04  Data: 0.013 (0.022)
2024-04-02 22:46:22,317 - train - INFO - Train: 55 [  96/97 (100%)]  Loss:  2.486955 (2.6126)  Time: 0.640s,  800.43/s  (0.660s,  776.18/s)  LR: 6.903e-04  Data: 0.000 (0.017)
2024-04-02 22:46:22,889 - train - INFO - Test: [   0/19]  Time: 0.570 (0.570)  Loss:  1.0850 (1.0850)  Acc@1: 73.0469 (73.0469)  Acc@5: 92.7734 (92.7734)
2024-04-02 22:46:31,218 - train - INFO - Test: [  19/19]  Time: 0.480 (0.445)  Loss:  1.0674 (1.0482)  Acc@1: 73.5294 (73.9400)  Acc@5: 93.7500 (94.0400)
2024-04-02 22:46:32,257 - train - INFO - Train: 56 [   0/97 (  0%)]  Loss:  2.987293 (2.9873)  Time: 0.942s,  543.75/s  (0.942s,  543.75/s)  LR: 6.882e-04  Data: 0.307 (0.307)
2024-04-02 22:47:03,445 - train - INFO - Train: 56 [  50/97 ( 52%)]  Loss:  2.609687 (2.6632)  Time: 0.539s,  950.16/s  (0.630s,  812.76/s)  LR: 6.882e-04  Data: 0.009 (0.019)
2024-04-02 22:47:33,598 - train - INFO - Train: 56 [  96/97 (100%)]  Loss:  2.319399 (2.6849)  Time: 0.678s,  755.27/s  (0.642s,  797.44/s)  LR: 6.882e-04  Data: 0.000 (0.017)
2024-04-02 22:47:34,199 - train - INFO - Test: [   0/19]  Time: 0.598 (0.598)  Loss:  1.0703 (1.0703)  Acc@1: 73.4375 (73.4375)  Acc@5: 92.9688 (92.9688)
2024-04-02 22:47:42,537 - train - INFO - Test: [  19/19]  Time: 0.383 (0.447)  Loss:  1.1016 (1.0764)  Acc@1: 72.7941 (73.8600)  Acc@5: 92.2794 (93.6500)
2024-04-02 22:47:43,537 - train - INFO - Train: 57 [   0/97 (  0%)]  Loss:  3.054422 (3.0544)  Time: 0.911s,  562.11/s  (0.911s,  562.11/s)  LR: 6.860e-04  Data: 0.259 (0.259)
2024-04-02 22:48:15,804 - train - INFO - Train: 57 [  50/97 ( 52%)]  Loss:  2.310601 (2.6323)  Time: 0.610s,  839.96/s  (0.651s,  787.04/s)  LR: 6.860e-04  Data: 0.023 (0.018)
2024-04-02 22:48:45,410 - train - INFO - Train: 57 [  96/97 (100%)]  Loss:  2.178436 (2.6366)  Time: 0.491s, 1041.74/s  (0.647s,  791.06/s)  LR: 6.860e-04  Data: 0.000 (0.017)
2024-04-02 22:48:45,897 - train - INFO - Test: [   0/19]  Time: 0.480 (0.480)  Loss:  1.1133 (1.1133)  Acc@1: 74.4141 (74.4141)  Acc@5: 92.9688 (92.9688)
2024-04-02 22:48:54,353 - train - INFO - Test: [  19/19]  Time: 0.479 (0.447)  Loss:  1.1006 (1.0955)  Acc@1: 73.8971 (74.3400)  Acc@5: 92.6471 (93.7800)
2024-04-02 22:48:55,266 - train - INFO - Train: 58 [   0/97 (  0%)]  Loss:  2.679656 (2.6797)  Time: 0.819s,  625.39/s  (0.819s,  625.39/s)  LR: 6.838e-04  Data: 0.248 (0.248)
2024-04-02 22:49:25,729 - train - INFO - Train: 58 [  50/97 ( 52%)]  Loss:  3.119886 (2.6581)  Time: 0.716s,  715.54/s  (0.613s,  834.75/s)  LR: 6.838e-04  Data: 0.019 (0.017)
2024-04-02 22:49:54,468 - train - INFO - Train: 58 [  96/97 (100%)]  Loss:  2.312726 (2.6335)  Time: 0.503s, 1017.97/s  (0.619s,  827.47/s)  LR: 6.838e-04  Data: 0.000 (0.015)
2024-04-02 22:49:55,170 - train - INFO - Test: [   0/19]  Time: 0.700 (0.700)  Loss:  1.1338 (1.1338)  Acc@1: 72.8516 (72.8516)  Acc@5: 92.9688 (92.9688)
2024-04-02 22:50:03,314 - train - INFO - Test: [  19/19]  Time: 0.449 (0.442)  Loss:  1.1074 (1.1095)  Acc@1: 75.3676 (73.5000)  Acc@5: 92.2794 (93.3900)
2024-04-02 22:50:04,267 - train - INFO - Train: 59 [   0/97 (  0%)]  Loss:  3.111890 (3.1119)  Time: 0.850s,  602.45/s  (0.850s,  602.45/s)  LR: 6.816e-04  Data: 0.261 (0.261)
2024-04-02 22:50:36,560 - train - INFO - Train: 59 [  50/97 ( 52%)]  Loss:  2.704337 (2.6390)  Time: 0.648s,  790.05/s  (0.650s,  787.89/s)  LR: 6.816e-04  Data: 0.014 (0.018)
2024-04-02 22:51:06,997 - train - INFO - Train: 59 [  96/97 (100%)]  Loss:  2.754413 (2.6423)  Time: 0.656s,  780.09/s  (0.655s,  781.15/s)  LR: 6.816e-04  Data: 0.000 (0.016)
2024-04-02 22:51:07,543 - train - INFO - Test: [   0/19]  Time: 0.544 (0.544)  Loss:  1.1318 (1.1318)  Acc@1: 73.2422 (73.2422)  Acc@5: 94.5312 (94.5312)
2024-04-02 22:51:16,795 - train - INFO - Test: [  19/19]  Time: 0.546 (0.490)  Loss:  1.1221 (1.1239)  Acc@1: 74.2647 (73.2800)  Acc@5: 92.6471 (93.8500)
2024-04-02 22:51:17,900 - train - INFO - Train: 60 [   0/97 (  0%)]  Loss:  2.169274 (2.1693)  Time: 1.022s,  500.80/s  (1.022s,  500.80/s)  LR: 6.793e-04  Data: 0.373 (0.373)
2024-04-02 22:51:49,689 - train - INFO - Train: 60 [  50/97 ( 52%)]  Loss:  3.049101 (2.6808)  Time: 0.575s,  890.14/s  (0.643s,  795.84/s)  LR: 6.793e-04  Data: 0.019 (0.021)
2024-04-02 22:52:20,106 - train - INFO - Train: 60 [  96/97 (100%)]  Loss:  3.046737 (2.6429)  Time: 0.692s,  740.32/s  (0.652s,  785.50/s)  LR: 6.793e-04  Data: 0.000 (0.017)
2024-04-02 22:52:20,763 - train - INFO - Test: [   0/19]  Time: 0.653 (0.653)  Loss:  1.0654 (1.0654)  Acc@1: 74.4141 (74.4141)  Acc@5: 93.7500 (93.7500)
2024-04-02 22:52:29,342 - train - INFO - Test: [  19/19]  Time: 0.454 (0.462)  Loss:  1.0889 (1.0767)  Acc@1: 74.6324 (74.4800)  Acc@5: 93.0147 (93.6400)
2024-04-02 22:52:30,314 - train - INFO - Train: 61 [   0/97 (  0%)]  Loss:  2.533813 (2.5338)  Time: 0.874s,  585.71/s  (0.874s,  585.71/s)  LR: 6.770e-04  Data: 0.247 (0.247)
2024-04-02 22:53:02,015 - train - INFO - Train: 61 [  50/97 ( 52%)]  Loss:  3.006029 (2.6665)  Time: 0.659s,  776.70/s  (0.639s,  801.62/s)  LR: 6.770e-04  Data: 0.025 (0.019)
2024-04-02 22:53:31,260 - train - INFO - Train: 61 [  96/97 (100%)]  Loss:  2.963842 (2.6732)  Time: 0.708s,  723.49/s  (0.637s,  803.39/s)  LR: 6.770e-04  Data: 0.000 (0.017)
2024-04-02 22:53:31,793 - train - INFO - Test: [   0/19]  Time: 0.530 (0.530)  Loss:  1.1113 (1.1113)  Acc@1: 74.2188 (74.2188)  Acc@5: 92.9688 (92.9688)
2024-04-02 22:53:40,144 - train - INFO - Test: [  19/19]  Time: 0.369 (0.444)  Loss:  1.1504 (1.1053)  Acc@1: 76.4706 (74.5700)  Acc@5: 91.5441 (93.7600)
2024-04-02 22:53:41,243 - train - INFO - Train: 62 [   0/97 (  0%)]  Loss:  2.624408 (2.6244)  Time: 0.975s,  525.19/s  (0.975s,  525.19/s)  LR: 6.747e-04  Data: 0.249 (0.249)
2024-04-02 22:54:13,773 - train - INFO - Train: 62 [  50/97 ( 52%)]  Loss:  2.432637 (2.6919)  Time: 0.648s,  790.71/s  (0.657s,  779.36/s)  LR: 6.747e-04  Data: 0.011 (0.019)
2024-04-02 22:54:44,101 - train - INFO - Train: 62 [  96/97 (100%)]  Loss:  2.632225 (2.6575)  Time: 0.653s,  783.58/s  (0.658s,  778.05/s)  LR: 6.747e-04  Data: 0.000 (0.017)
2024-04-02 22:54:44,647 - train - INFO - Test: [   0/19]  Time: 0.543 (0.543)  Loss:  1.0859 (1.0859)  Acc@1: 75.3906 (75.3906)  Acc@5: 93.5547 (93.5547)
2024-04-02 22:54:52,948 - train - INFO - Test: [  19/19]  Time: 0.325 (0.442)  Loss:  1.1260 (1.0906)  Acc@1: 73.8971 (74.4300)  Acc@5: 94.4853 (93.8000)
2024-04-02 22:54:53,958 - train - INFO - Train: 63 [   0/97 (  0%)]  Loss:  3.124288 (3.1243)  Time: 0.910s,  562.70/s  (0.910s,  562.70/s)  LR: 6.724e-04  Data: 0.269 (0.269)
2024-04-02 22:55:27,328 - train - INFO - Train: 63 [  50/97 ( 52%)]  Loss:  3.004800 (2.6512)  Time: 0.607s,  842.88/s  (0.672s,  761.76/s)  LR: 6.724e-04  Data: 0.010 (0.018)
2024-04-02 22:55:58,266 - train - INFO - Train: 63 [  96/97 (100%)]  Loss:  2.367025 (2.6002)  Time: 0.609s,  840.68/s  (0.672s,  761.54/s)  LR: 6.724e-04  Data: 0.000 (0.015)
2024-04-02 22:55:58,919 - train - INFO - Test: [   0/19]  Time: 0.651 (0.651)  Loss:  1.0830 (1.0830)  Acc@1: 74.4141 (74.4141)  Acc@5: 93.7500 (93.7500)
2024-04-02 22:56:07,436 - train - INFO - Test: [  19/19]  Time: 0.454 (0.458)  Loss:  1.1240 (1.0816)  Acc@1: 73.1618 (74.0100)  Acc@5: 91.9118 (93.7500)
2024-04-02 22:56:08,390 - train - INFO - Train: 64 [   0/97 (  0%)]  Loss:  2.907957 (2.9080)  Time: 0.834s,  613.55/s  (0.834s,  613.55/s)  LR: 6.700e-04  Data: 0.251 (0.251)
2024-04-02 22:56:41,481 - train - INFO - Train: 64 [  50/97 ( 52%)]  Loss:  2.129787 (2.5681)  Time: 0.692s,  740.36/s  (0.665s,  769.73/s)  LR: 6.700e-04  Data: 0.009 (0.020)
2024-04-02 22:57:10,225 - train - INFO - Train: 64 [  96/97 (100%)]  Loss:  2.921134 (2.5909)  Time: 0.578s,  886.17/s  (0.646s,  792.50/s)  LR: 6.700e-04  Data: 0.000 (0.016)
2024-04-02 22:57:10,752 - train - INFO - Test: [   0/19]  Time: 0.524 (0.524)  Loss:  1.1025 (1.1025)  Acc@1: 75.3906 (75.3906)  Acc@5: 93.7500 (93.7500)
2024-04-02 22:57:19,828 - train - INFO - Test: [  19/19]  Time: 0.512 (0.480)  Loss:  1.1162 (1.0906)  Acc@1: 72.4265 (74.4500)  Acc@5: 94.4853 (93.9000)
2024-04-02 22:57:20,874 - train - INFO - Train: 65 [   0/97 (  0%)]  Loss:  2.778057 (2.7781)  Time: 0.961s,  532.52/s  (0.961s,  532.52/s)  LR: 6.675e-04  Data: 0.322 (0.322)
2024-04-02 22:57:52,104 - train - INFO - Train: 65 [  50/97 ( 52%)]  Loss:  2.838500 (2.6649)  Time: 0.607s,  842.81/s  (0.631s,  811.16/s)  LR: 6.675e-04  Data: 0.017 (0.019)
2024-04-02 22:58:22,875 - train - INFO - Train: 65 [  96/97 (100%)]  Loss:  2.704436 (2.6904)  Time: 0.634s,  808.03/s  (0.649s,  788.81/s)  LR: 6.675e-04  Data: 0.000 (0.015)
2024-04-02 22:58:23,465 - train - INFO - Test: [   0/19]  Time: 0.588 (0.588)  Loss:  1.1592 (1.1592)  Acc@1: 74.2188 (74.2188)  Acc@5: 93.5547 (93.5547)
2024-04-02 22:58:31,952 - train - INFO - Test: [  19/19]  Time: 0.422 (0.454)  Loss:  1.1543 (1.1569)  Acc@1: 73.5294 (73.9400)  Acc@5: 93.3824 (93.4700)
2024-04-02 22:58:32,989 - train - INFO - Train: 66 [   0/97 (  0%)]  Loss:  2.710219 (2.7102)  Time: 0.958s,  534.48/s  (0.958s,  534.48/s)  LR: 6.651e-04  Data: 0.282 (0.282)
2024-04-02 22:59:06,156 - train - INFO - Train: 66 [  50/97 ( 52%)]  Loss:  2.188056 (2.5299)  Time: 0.656s,  780.05/s  (0.669s,  765.22/s)  LR: 6.651e-04  Data: 0.010 (0.017)
2024-04-02 22:59:35,704 - train - INFO - Train: 66 [  96/97 (100%)]  Loss:  2.623878 (2.5686)  Time: 0.557s,  918.81/s  (0.656s,  780.01/s)  LR: 6.651e-04  Data: 0.000 (0.015)
2024-04-02 22:59:36,398 - train - INFO - Test: [   0/19]  Time: 0.691 (0.691)  Loss:  1.0635 (1.0635)  Acc@1: 75.7812 (75.7812)  Acc@5: 93.5547 (93.5547)
2024-04-02 22:59:44,838 - train - INFO - Test: [  19/19]  Time: 0.457 (0.457)  Loss:  1.0654 (1.0511)  Acc@1: 75.0000 (74.8500)  Acc@5: 93.3824 (94.0600)
2024-04-02 22:59:45,824 - train - INFO - Train: 67 [   0/97 (  0%)]  Loss:  2.167332 (2.1673)  Time: 0.887s,  577.55/s  (0.887s,  577.55/s)  LR: 6.626e-04  Data: 0.247 (0.247)
2024-04-02 23:00:18,817 - train - INFO - Train: 67 [  50/97 ( 52%)]  Loss:  2.909963 (2.5696)  Time: 0.698s,  733.31/s  (0.664s,  770.77/s)  LR: 6.626e-04  Data: 0.014 (0.017)
2024-04-02 23:00:46,804 - train - INFO - Train: 67 [  96/97 (100%)]  Loss:  2.874470 (2.6015)  Time: 0.642s,  797.57/s  (0.638s,  802.81/s)  LR: 6.626e-04  Data: 0.000 (0.015)
2024-04-02 23:00:47,370 - train - INFO - Test: [   0/19]  Time: 0.563 (0.563)  Loss:  1.1094 (1.1094)  Acc@1: 74.4141 (74.4141)  Acc@5: 92.9688 (92.9688)
2024-04-02 23:00:55,583 - train - INFO - Test: [  19/19]  Time: 0.490 (0.439)  Loss:  1.1113 (1.1244)  Acc@1: 76.4706 (74.2300)  Acc@5: 92.6471 (93.4800)
2024-04-02 23:00:56,537 - train - INFO - Train: 68 [   0/97 (  0%)]  Loss:  2.554314 (2.5543)  Time: 0.876s,  584.43/s  (0.876s,  584.43/s)  LR: 6.601e-04  Data: 0.329 (0.329)
2024-04-02 23:01:29,628 - train - INFO - Train: 68 [  50/97 ( 52%)]  Loss:  2.121481 (2.5444)  Time: 0.650s,  788.29/s  (0.666s,  768.78/s)  LR: 6.601e-04  Data: 0.022 (0.019)
2024-04-02 23:01:58,773 - train - INFO - Train: 68 [  96/97 (100%)]  Loss:  2.129880 (2.5855)  Time: 0.687s,  745.08/s  (0.650s,  787.11/s)  LR: 6.601e-04  Data: 0.000 (0.017)
2024-04-02 23:01:59,365 - train - INFO - Test: [   0/19]  Time: 0.589 (0.589)  Loss:  1.0820 (1.0820)  Acc@1: 75.7812 (75.7812)  Acc@5: 93.3594 (93.3594)
2024-04-02 23:02:07,974 - train - INFO - Test: [  19/19]  Time: 0.455 (0.460)  Loss:  1.0557 (1.0876)  Acc@1: 75.3676 (74.8800)  Acc@5: 94.1176 (93.8900)
2024-04-02 23:02:08,889 - train - INFO - Train: 69 [   0/97 (  0%)]  Loss:  2.901655 (2.9017)  Time: 0.813s,  629.42/s  (0.813s,  629.42/s)  LR: 6.575e-04  Data: 0.252 (0.252)
2024-04-02 23:02:41,156 - train - INFO - Train: 69 [  50/97 ( 52%)]  Loss:  2.896989 (2.6647)  Time: 0.632s,  809.67/s  (0.649s,  789.39/s)  LR: 6.575e-04  Data: 0.036 (0.019)
2024-04-02 23:03:08,558 - train - INFO - Train: 69 [  96/97 (100%)]  Loss:  2.694086 (2.5819)  Time: 0.476s, 1074.95/s  (0.624s,  821.17/s)  LR: 6.575e-04  Data: 0.000 (0.016)
2024-04-02 23:03:09,027 - train - INFO - Test: [   0/19]  Time: 0.466 (0.466)  Loss:  1.1113 (1.1113)  Acc@1: 72.4609 (72.4609)  Acc@5: 92.1875 (92.1875)
2024-04-02 23:03:17,548 - train - INFO - Test: [  19/19]  Time: 0.360 (0.449)  Loss:  1.1074 (1.0788)  Acc@1: 75.0000 (74.5700)  Acc@5: 93.3824 (93.6500)
2024-04-02 23:03:18,627 - train - INFO - Train: 70 [   0/97 (  0%)]  Loss:  3.019907 (3.0199)  Time: 0.993s,  515.52/s  (0.993s,  515.52/s)  LR: 6.550e-04  Data: 0.258 (0.258)
2024-04-02 23:03:51,353 - train - INFO - Train: 70 [  50/97 ( 52%)]  Loss:  2.977653 (2.5872)  Time: 0.642s,  796.90/s  (0.661s,  774.43/s)  LR: 6.550e-04  Data: 0.010 (0.018)
2024-04-02 23:04:20,907 - train - INFO - Train: 70 [  96/97 (100%)]  Loss:  2.698441 (2.5835)  Time: 0.613s,  835.80/s  (0.652s,  784.95/s)  LR: 6.550e-04  Data: 0.000 (0.016)
2024-04-02 23:04:21,450 - train - INFO - Test: [   0/19]  Time: 0.536 (0.536)  Loss:  1.1133 (1.1133)  Acc@1: 75.1953 (75.1953)  Acc@5: 92.7734 (92.7734)
2024-04-02 23:04:30,912 - train - INFO - Test: [  19/19]  Time: 0.392 (0.500)  Loss:  1.1143 (1.1092)  Acc@1: 75.7353 (74.0400)  Acc@5: 93.0147 (93.5700)
2024-04-02 23:04:32,022 - train - INFO - Train: 71 [   0/97 (  0%)]  Loss:  2.624893 (2.6249)  Time: 0.997s,  513.76/s  (0.997s,  513.76/s)  LR: 6.524e-04  Data: 0.279 (0.279)
2024-04-02 23:05:02,987 - train - INFO - Train: 71 [  50/97 ( 52%)]  Loss:  3.053341 (2.6657)  Time: 0.426s, 1201.40/s  (0.627s,  817.01/s)  LR: 6.524e-04  Data: 0.010 (0.018)
2024-04-02 23:05:31,023 - train - INFO - Train: 71 [  96/97 (100%)]  Loss:  2.650512 (2.6657)  Time: 0.568s,  900.79/s  (0.618s,  827.94/s)  LR: 6.524e-04  Data: 0.000 (0.015)
2024-04-02 23:05:31,712 - train - INFO - Test: [   0/19]  Time: 0.687 (0.687)  Loss:  1.1494 (1.1494)  Acc@1: 74.2188 (74.2188)  Acc@5: 93.1641 (93.1641)
2024-04-02 23:05:40,077 - train - INFO - Test: [  19/19]  Time: 0.442 (0.453)  Loss:  1.2012 (1.1346)  Acc@1: 72.0588 (73.8700)  Acc@5: 93.0147 (93.4200)
2024-04-02 23:05:41,016 - train - INFO - Train: 72 [   0/97 (  0%)]  Loss:  3.168356 (3.1684)  Time: 0.852s,  601.27/s  (0.852s,  601.27/s)  LR: 6.497e-04  Data: 0.289 (0.289)
2024-04-02 23:06:12,078 - train - INFO - Train: 72 [  50/97 ( 52%)]  Loss:  3.045387 (2.6925)  Time: 0.602s,  850.92/s  (0.626s,  818.23/s)  LR: 6.497e-04  Data: 0.011 (0.021)
2024-04-02 23:06:40,864 - train - INFO - Train: 72 [  96/97 (100%)]  Loss:  2.488803 (2.6482)  Time: 0.602s,  851.10/s  (0.626s,  818.22/s)  LR: 6.497e-04  Data: 0.000 (0.016)
2024-04-02 23:06:41,344 - train - INFO - Test: [   0/19]  Time: 0.478 (0.478)  Loss:  1.0996 (1.0996)  Acc@1: 75.1953 (75.1953)  Acc@5: 92.9688 (92.9688)
2024-04-02 23:06:49,869 - train - INFO - Test: [  19/19]  Time: 0.382 (0.450)  Loss:  1.1279 (1.0848)  Acc@1: 75.3676 (74.2100)  Acc@5: 93.3824 (93.6600)
2024-04-02 23:06:50,885 - train - INFO - Train: 73 [   0/97 (  0%)]  Loss:  2.669007 (2.6690)  Time: 0.888s,  576.31/s  (0.888s,  576.31/s)  LR: 6.471e-04  Data: 0.250 (0.250)
2024-04-02 23:07:21,965 - train - INFO - Train: 73 [  50/97 ( 52%)]  Loss:  3.027887 (2.6654)  Time: 0.642s,  797.89/s  (0.627s,  816.85/s)  LR: 6.471e-04  Data: 0.012 (0.019)
2024-04-02 23:07:52,334 - train - INFO - Train: 73 [  96/97 (100%)]  Loss:  2.181728 (2.6375)  Time: 0.694s,  737.24/s  (0.643s,  796.74/s)  LR: 6.471e-04  Data: 0.000 (0.016)
2024-04-02 23:07:52,877 - train - INFO - Test: [   0/19]  Time: 0.541 (0.541)  Loss:  1.0713 (1.0713)  Acc@1: 76.1719 (76.1719)  Acc@5: 94.3359 (94.3359)
2024-04-02 23:08:01,359 - train - INFO - Test: [  19/19]  Time: 0.382 (0.451)  Loss:  1.1484 (1.0753)  Acc@1: 73.5294 (74.5000)  Acc@5: 93.0147 (93.8900)
2024-04-02 23:08:02,415 - train - INFO - Train: 74 [   0/97 (  0%)]  Loss:  2.934062 (2.9341)  Time: 0.944s,  542.17/s  (0.944s,  542.17/s)  LR: 6.444e-04  Data: 0.267 (0.267)
2024-04-02 23:08:33,739 - train - INFO - Train: 74 [  50/97 ( 52%)]  Loss:  3.169637 (2.6671)  Time: 0.671s,  763.23/s  (0.633s,  809.24/s)  LR: 6.444e-04  Data: 0.008 (0.019)
2024-04-02 23:09:03,869 - train - INFO - Train: 74 [  96/97 (100%)]  Loss:  2.784323 (2.6396)  Time: 0.705s,  726.45/s  (0.643s,  795.94/s)  LR: 6.444e-04  Data: 0.000 (0.016)
2024-04-02 23:09:04,434 - train - INFO - Test: [   0/19]  Time: 0.563 (0.563)  Loss:  1.0947 (1.0947)  Acc@1: 75.7812 (75.7812)  Acc@5: 92.9688 (92.9688)
2024-04-02 23:09:12,628 - train - INFO - Test: [  19/19]  Time: 0.415 (0.438)  Loss:  1.1396 (1.1038)  Acc@1: 76.4706 (74.9900)  Acc@5: 94.1176 (93.9000)
2024-04-02 23:09:13,737 - train - INFO - Train: 75 [   0/97 (  0%)]  Loss:  2.201828 (2.2018)  Time: 1.024s,  500.16/s  (1.024s,  500.16/s)  LR: 6.416e-04  Data: 0.340 (0.340)
2024-04-02 23:09:46,777 - train - INFO - Train: 75 [  50/97 ( 52%)]  Loss:  2.799457 (2.6407)  Time: 0.615s,  832.54/s  (0.668s,  766.61/s)  LR: 6.416e-04  Data: 0.011 (0.020)
2024-04-02 23:10:16,827 - train - INFO - Train: 75 [  96/97 (100%)]  Loss:  2.525745 (2.6235)  Time: 0.618s,  828.62/s  (0.661s,  774.66/s)  LR: 6.416e-04  Data: 0.000 (0.017)
2024-04-02 23:10:17,359 - train - INFO - Test: [   0/19]  Time: 0.531 (0.531)  Loss:  1.1523 (1.1523)  Acc@1: 72.6562 (72.6562)  Acc@5: 94.5312 (94.5312)
2024-04-02 23:10:25,955 - train - INFO - Test: [  19/19]  Time: 0.461 (0.456)  Loss:  1.1328 (1.1121)  Acc@1: 76.4706 (74.5400)  Acc@5: 93.3824 (93.9200)
2024-04-02 23:10:27,016 - train - INFO - Train: 76 [   0/97 (  0%)]  Loss:  2.241585 (2.2416)  Time: 0.970s,  527.88/s  (0.970s,  527.88/s)  LR: 6.389e-04  Data: 0.257 (0.257)
