2024-04-17 15:33:51,802 - train - INFO - Model tiny_nas_mobilenetv2 created, param count:2480263
2024-04-17 15:33:52,110 - train - INFO - Using native Torch AMP. Training in mixed precision.
2024-04-17 15:33:52,111 - train - INFO - Scheduled epochs: 11
2024-04-17 15:33:52,546 - train - INFO - Verifying initial model
2024-04-17 15:33:53,506 - train - INFO - Test: [   0/78]  Time: 0.959 (0.959)  Loss:  0.9253 (0.9253)  Acc@1: 82.8125 (82.8125)  Acc@5: 93.7500 (93.7500)
2024-04-17 15:33:54,455 - train - INFO - Test: [  50/78]  Time: 0.019 (0.037)  Loss:  1.4883 (1.5408)  Acc@1: 69.5312 (66.6207)  Acc@5: 89.8438 (86.7188)
2024-04-17 15:33:55,437 - train - INFO - Test: [  78/78]  Time: 0.439 (0.037)  Loss:  1.7324 (1.5640)  Acc@1: 68.7500 (66.1400)  Acc@5: 100.0000 (86.4500)
2024-04-17 15:34:59,769 - train - INFO - len trace:53
2024-04-17 15:34:59,984 - train - INFO - cir_idx:[3, 5, 6, 8, 9, 11, 12, 14, 15, 17, 18, 20, 21, 23, 24, 26, 27, 29, 30, 32, 33, 35, 36, 38, 39, 41, 42, 44, 45, 47, 48, 50]
2024-04-17 15:34:59,984 - train - INFO - len traces:(53,)
2024-04-17 15:34:59,985 - train - INFO - traces:[3.78216154e+00 3.79107657e+01 5.89293875e+00 3.14907976e-01
 2.77472478e+00 4.33700234e-01 9.15675123e-02 1.21262682e+00
 2.00981925e-01 1.91565289e-01 3.37566757e-01 2.42678724e-01
 4.15368094e-03 2.59587576e-01 1.51445947e-02 2.71463353e-03
 1.81436248e-01 2.13378780e-02 8.48284521e-02 2.21960423e-01
 7.02001852e-02 2.20763895e-03 4.15613262e-02 3.18937807e-03
 7.78911906e-04 1.81410377e-02 1.34492859e-03 1.92027305e-03
 2.76582591e-02 9.47368414e-04 1.15846555e-02 8.48070682e-02
 1.06311797e-02 1.06897548e-03 2.49564951e-02 1.56656293e-03
 1.53055700e-03 3.21294796e-02 1.15677244e-03 6.70868201e-03
 4.21400486e-02 6.26375010e-03 7.46230656e-04 3.05525117e-02
 1.17738801e-03 1.31003996e-03 3.04430167e-02 1.22223782e-03
 3.01738928e-03 7.03203441e-02 1.20181995e-03 3.87099141e-04
 4.00367797e-04]
2024-04-17 15:34:59,985 - train - INFO - len params:32
2024-04-17 15:34:59,985 - train - INFO - params[0].shape:torch.Size([96, 16, 1, 1])
2024-04-17 15:34:59,985 - train - INFO - delta_weights_b1:[0, 0, 0, 0, 0, 0, 0, 0, 0, 0, 0, 0, 0, 0, 0, 0, 0, 0, 0, 0, 0, 0, 0, 0, 0, 0, 0, 0, 0, 0, 0, 0]
2024-04-17 15:34:59,985 - train - INFO - delta_weights_b2:[1.3658056259155273, 1.9500234127044678, 2.8303396701812744, 2.8442635536193848, 2.8143887519836426, 3.667750835418701, 4.997295379638672, 5.202550411224365, 5.201961040496826, 5.0287861824035645, 5.202913761138916, 9.949525833129883, 19.695104598999023, 20.60114097595215, 20.18798828125, 20.29063606262207, 19.750181198120117, 19.783185958862305, 19.76911735534668, 29.97620964050293, 45.236358642578125, 45.31716537475586, 44.72052001953125, 45.525089263916016, 44.27162551879883, 74.21495056152344, 123.58666229248047, 127.47994995117188, 124.16425323486328, 126.73810577392578, 123.52952575683594, 256.5687255859375]
2024-04-17 15:34:59,986 - train - INFO - delta_weights_b4:[1.8849791288375854, 2.791228771209717, 4.2986741065979, 4.236189842224121, 4.313863277435303, 5.631928443908691, 7.638164043426514, 7.911832809448242, 7.600229740142822, 7.565277576446533, 7.577179431915283, 14.892623901367188, 29.950014114379883, 30.749279022216797, 30.09016990661621, 30.525678634643555, 29.804582595825195, 29.593849182128906, 29.591737747192383, 44.84415054321289, 66.86791229248047, 67.9561538696289, 67.08940124511719, 67.67343139648438, 66.46414184570312, 110.72978973388672, 186.71165466308594, 190.96473693847656, 187.0107879638672, 190.52914428710938, 186.050048828125, 384.2445068359375]
2024-04-17 15:34:59,986 - train - INFO - delta_weights_b8:[2.2780609130859375, 3.301842212677002, 5.032325267791748, 4.946228981018066, 5.027131080627441, 6.690640449523926, 8.698614120483398, 9.047333717346191, 8.800644874572754, 8.833619117736816, 8.772188186645508, 17.46523666381836, 34.77540969848633, 35.738014221191406, 34.86112594604492, 35.65336608886719, 34.83909606933594, 34.671356201171875, 34.63774490356445, 52.212310791015625, 78.3678207397461, 79.07172393798828, 78.0758285522461, 79.25586700439453, 77.9498519897461, 129.53494262695312, 217.15504455566406, 222.84642028808594, 217.29605102539062, 222.3131866455078, 217.0690460205078, 448.8287658691406]
2024-04-17 15:34:59,986 - train - INFO - delta_weights_b16:[2.4833247661590576, 3.301842212677002, 5.032325267791748, 4.946228981018066, 5.027131080627441, 7.1931939125061035, 9.351231575012207, 9.758146286010742, 9.475220680236816, 9.53117847442627, 9.391265869140625, 18.628374099731445, 37.37407302856445, 38.27204132080078, 37.51762390136719, 38.154476165771484, 37.52894973754883, 37.21931457519531, 37.46449661254883, 56.255699157714844, 83.82573699951172, 84.7033920288086, 83.8985366821289, 85.15058898925781, 83.49674224853516, 138.97274780273438, 232.80337524414062, 238.41650390625, 233.46847534179688, 238.25584411621094, 232.1637725830078, 481.0162658691406]
2024-04-17 15:34:59,986 - train - INFO - delta_weights_b32:[]
2024-04-17 15:34:59,990 - train - INFO - sensitivity_b2:[0.43010309 0.84572561 0.25916716 0.57164556 0.53913919 0.89008509
 0.02075717 0.07879052 0.01412142 0.10730363 0.44135512 0.69845856
 0.04347968 0.06570483 0.01572466 0.02728946 0.03792574 0.01874197
 0.22901841 0.31868247 0.04835656 0.07099219 0.06844731 0.05266217
 0.29700426 0.4648639  0.09222416 0.15009336 0.16266013 0.15490411
 0.37273667 0.30834941]
2024-04-17 15:34:59,991 - train - INFO - sensitivity_b4:[0.59359496 1.21055657 0.39361889 0.85139759 0.82638646 1.36674921
 0.0317265  0.1198215  0.02063184 0.16142697 0.6427604  1.04546496
 0.06611882 0.09807108 0.02343759 0.04105486 0.05723294 0.02803628
 0.34281009 0.47674622 0.07148016 0.10645759 0.10268415 0.07828276
 0.44588679 0.69358373 0.13932996 0.22483959 0.24499161 0.23287193
 0.56138542 0.46179271]
2024-04-17 15:34:59,991 - train - INFO - sensitivity_b8:[0.71737955 1.43200974 0.46079751 0.99410262 0.96302382 1.62367609
 0.03613127 0.1370182  0.02389053 0.18849069 0.74413115 1.22606285
 0.07677155 0.11398204 0.02715375 0.04795123 0.06690058 0.03284655
 0.40126634 0.55507846 0.08377328 0.12387083 0.11949951 0.091681
 0.52294077 0.81137451 0.16204775 0.2623767  0.28466651 0.27171958
 0.65498181 0.53941136]
2024-04-17 15:34:59,991 - train - INFO - sensitivity_b16:[0.78201878 1.43200974 0.46079751 0.99410262 0.96302382 1.74563512
 0.03884203 0.14778317 0.02572175 0.20337512 0.79664655 1.30771531
 0.08250846 0.12206401 0.02922292 0.05131505 0.07206583 0.0352604
 0.43401329 0.59806445 0.08960766 0.13269319 0.12841149 0.09849985
 0.56015309 0.87049056 0.17372502 0.28070873 0.30585303 0.2912053
 0.70052848 0.57809494]
2024-04-17 15:35:00,060 - train - INFO - result:[ 1  1  8  4  2  1 16 16 16 16  1  1 16 16 16 16 16 16 16 16 16 16 16 16
 16  8 16 16 16 16 16 16]
2024-04-17 15:35:00,060 - train - INFO - origin_latency:1458.1399965286255
2024-04-17 15:35:00,060 - train - INFO - current_latency-origin_latency:-1.4400043487548828
2024-04-17 15:36:06,087 - train - INFO - Model tiny_nas_mobilenetv2 created, param count:2480263
2024-04-17 15:36:06,425 - train - INFO - Using native Torch AMP. Training in mixed precision.
2024-04-17 15:36:06,425 - train - INFO - Scheduled epochs: 11
2024-04-17 15:36:06,861 - train - INFO - Verifying initial model
2024-04-17 15:36:07,805 - train - INFO - Test: [   0/78]  Time: 0.942 (0.942)  Loss:  0.9253 (0.9253)  Acc@1: 82.8125 (82.8125)  Acc@5: 93.7500 (93.7500)
2024-04-17 15:36:08,765 - train - INFO - Test: [  50/78]  Time: 0.019 (0.037)  Loss:  1.4883 (1.5408)  Acc@1: 69.5312 (66.6207)  Acc@5: 89.8438 (86.7188)
2024-04-17 15:36:09,628 - train - INFO - Test: [  78/78]  Time: 0.353 (0.035)  Loss:  1.7324 (1.5640)  Acc@1: 68.7500 (66.1400)  Acc@5: 100.0000 (86.4500)
2024-04-17 15:37:15,784 - train - INFO - len trace:53
2024-04-17 15:37:15,998 - train - INFO - cir_idx:[3, 5, 6, 8, 9, 11, 12, 14, 15, 17, 18, 20, 21, 23, 24, 26, 27, 29, 30, 32, 33, 35, 36, 38, 39, 41, 42, 44, 45, 47, 48, 50]
2024-04-17 15:37:15,998 - train - INFO - len traces:(53,)
2024-04-17 15:37:15,999 - train - INFO - traces:[3.78193234e+00 3.79074610e+01 5.89257220e+00 3.14888709e-01
 2.77454904e+00 4.33694210e-01 9.15755286e-02 1.21257616e+00
 2.00980919e-01 1.91559430e-01 3.37566136e-01 2.42672508e-01
 4.15539175e-03 2.59581482e-01 1.51455072e-02 2.71413835e-03
 1.81438787e-01 2.13376513e-02 8.48275617e-02 2.21965480e-01
 7.02007918e-02 2.20745051e-03 4.15599805e-02 3.18920728e-03
 7.78710804e-04 1.81428891e-02 1.34465423e-03 1.92037807e-03
 2.76572012e-02 9.47536567e-04 1.15845467e-02 8.48081166e-02
 1.06301850e-02 1.06905935e-03 2.49581658e-02 1.56660266e-03
 1.53062905e-03 3.21285273e-02 1.15680138e-03 6.70847779e-03
 4.21395073e-02 6.26384111e-03 7.46325497e-04 3.05522366e-02
 1.17738325e-03 1.30999496e-03 3.04423912e-02 1.22221473e-03
 3.01723509e-03 7.03231570e-02 1.20185671e-03 3.87073363e-04
 4.00378184e-04]
2024-04-17 15:37:16,000 - train - INFO - len params:32
2024-04-17 15:37:16,000 - train - INFO - params[0].shape:torch.Size([96, 16, 1, 1])
2024-04-17 15:37:16,000 - train - INFO - delta_weights_b1:[0, 0, 0, 0, 0, 0, 0, 0, 0, 0, 0, 0, 0, 0, 0, 0, 0, 0, 0, 0, 0, 0, 0, 0, 0, 0, 0, 0, 0, 0, 0, 0]
2024-04-17 15:37:16,000 - train - INFO - delta_weights_b2:[1.3658056259155273, 1.9500234127044678, 2.8303396701812744, 2.8442635536193848, 2.8143887519836426, 3.667750835418701, 4.997295379638672, 5.202550411224365, 5.201961040496826, 5.0287861824035645, 5.202913761138916, 9.949525833129883, 19.695104598999023, 20.60114097595215, 20.18798828125, 20.29063606262207, 19.750181198120117, 19.783185958862305, 19.76911735534668, 29.97620964050293, 45.236358642578125, 45.31716537475586, 44.72052001953125, 45.525089263916016, 44.27162551879883, 74.21495056152344, 123.58666229248047, 127.47994995117188, 124.16425323486328, 126.73810577392578, 123.52952575683594, 256.5687255859375]
2024-04-17 15:37:16,000 - train - INFO - delta_weights_b4:[1.8849791288375854, 2.791228771209717, 4.2986741065979, 4.236189842224121, 4.313863277435303, 5.631928443908691, 7.638164043426514, 7.911832809448242, 7.600229740142822, 7.565277576446533, 7.577179431915283, 14.892623901367188, 29.950014114379883, 30.749279022216797, 30.09016990661621, 30.525678634643555, 29.804582595825195, 29.593849182128906, 29.591737747192383, 44.84415054321289, 66.86791229248047, 67.9561538696289, 67.08940124511719, 67.67343139648438, 66.46414184570312, 110.72978973388672, 186.71165466308594, 190.96473693847656, 187.0107879638672, 190.52914428710938, 186.050048828125, 384.2445068359375]
2024-04-17 15:37:16,000 - train - INFO - delta_weights_b8:[2.2780609130859375, 3.301842212677002, 5.032325267791748, 4.946228981018066, 5.027131080627441, 6.690640449523926, 8.698614120483398, 9.047333717346191, 8.800644874572754, 8.833619117736816, 8.772188186645508, 17.46523666381836, 34.77540969848633, 35.738014221191406, 34.86112594604492, 35.65336608886719, 34.83909606933594, 34.671356201171875, 34.63774490356445, 52.212310791015625, 78.3678207397461, 79.07172393798828, 78.0758285522461, 79.25586700439453, 77.9498519897461, 129.53494262695312, 217.15504455566406, 222.84642028808594, 217.29605102539062, 222.3131866455078, 217.0690460205078, 448.8287658691406]
2024-04-17 15:37:16,000 - train - INFO - delta_weights_b16:[2.4833247661590576, 3.301842212677002, 5.032325267791748, 4.946228981018066, 5.027131080627441, 7.1931939125061035, 9.351231575012207, 9.758146286010742, 9.475220680236816, 9.53117847442627, 9.391265869140625, 18.628374099731445, 37.37407302856445, 38.27204132080078, 37.51762390136719, 38.154476165771484, 37.52894973754883, 37.21931457519531, 37.46449661254883, 56.255699157714844, 83.82573699951172, 84.7033920288086, 83.8985366821289, 85.15058898925781, 83.49674224853516, 138.97274780273438, 232.80337524414062, 238.41650390625, 233.46847534179688, 238.25584411621094, 232.1637725830078, 481.0162658691406]
2024-04-17 15:37:16,000 - train - INFO - delta_weights_b32:[]
2024-04-17 15:37:16,005 - train - INFO - sensitivity_b2:[0.43007677 0.84571386 0.25918985 0.5716427  0.53912271 0.8900623
 0.02076572 0.07879526 0.01411884 0.10730249 0.44135049 0.69846459
 0.04347597 0.06570131 0.0157206  0.02728389 0.03792781 0.01874529
 0.22901626 0.31865265 0.04836035 0.07099399 0.06845053 0.05266349
 0.29699522 0.46487066 0.09223588 0.15009276 0.16265455 0.15490118
 0.37271762 0.30835884]
2024-04-17 15:37:16,005 - train - INFO - sensitivity_b4:[0.59355865 1.21053976 0.39365335 0.85139333 0.82636119 1.3667142
 0.03173956 0.11982872 0.02062808 0.16142525 0.64275366 1.04547399
 0.06611317 0.09806582 0.02343154 0.04104648 0.05723607 0.02804125
 0.34280687 0.47670162 0.07148577 0.10646029 0.10268899 0.07828472
 0.44587322 0.69359381 0.13934767 0.22483868 0.24498319 0.23286753
 0.56135674 0.46180684]
2024-04-17 15:37:16,006 - train - INFO - sensitivity_b8:[0.71733566 1.43198985 0.46083785 0.99409765 0.96299436 1.6236345
 0.03614615 0.13702646 0.02388617 0.18848868 0.74412333 1.22607344
 0.076765   0.11397594 0.02714674 0.04794145 0.06690424 0.03285238
 0.40126257 0.55502652 0.08377985 0.12387397 0.11950513 0.0916833
 0.52292485 0.8113863  0.16206835 0.26237564 0.28465673 0.27171445
 0.65494834 0.53942786]
2024-04-17 15:37:16,006 - train - INFO - sensitivity_b16:[0.78197093 1.43198985 0.46083785 0.99409765 0.96299436 1.74559041
 0.03885803 0.14779207 0.02571706 0.20337296 0.79663818 1.30772661
 0.08250142 0.12205747 0.02921538 0.05130458 0.07206977 0.03526666
 0.43400921 0.59800849 0.08961469 0.13269656 0.12841754 0.09850232
 0.56013604 0.87050321 0.17374709 0.2807076  0.30584253 0.2911998
 0.70049268 0.57811263]
2024-04-17 15:37:16,070 - train - INFO - result:[ 1  1  1  1  1  1 16  8 16  8  1  1 16 16 16 16 16 16  1  2 16 16 16 16
  1  2 16 16 16 16  1  8]
2024-04-17 15:37:16,070 - train - INFO - origin_latency:2991.779993057251
2024-04-17 15:37:16,070 - train - INFO - current_latency-origin_latency:-6.1599979400634772024-04-17 22:30:14,874 - train - INFO - Model tiny_nas_mobilenetv2 created, param count:2480263
2024-04-17 22:30:15,224 - train - INFO - Using native Torch AMP. Training in mixed precision.
2024-04-17 22:30:15,224 - train - INFO - Scheduled epochs: 11
2024-04-17 22:30:15,663 - train - INFO - Verifying initial model
2024-04-17 22:30:17,222 - train - INFO - Test: [   0/78]  Time: 1.559 (1.559)  Loss:  0.9253 (0.9253)  Acc@1: 82.8125 (82.8125)  Acc@5: 93.7500 (93.7500)
2024-04-17 22:30:18,761 - train - INFO - Test: [  50/78]  Time: 0.031 (0.061)  Loss:  1.4883 (1.5408)  Acc@1: 69.5312 (66.6207)  Acc@5: 89.8438 (86.7188)
2024-04-17 22:30:19,966 - train - INFO - Test: [  78/78]  Time: 0.382 (0.054)  Loss:  1.7324 (1.5640)  Acc@1: 68.7500 (66.1400)  Acc@5: 100.0000 (86.4500)
2024-04-17 22:33:26,496 - train - INFO - len trace:53
2024-04-17 22:33:26,497 - train - INFO - target_block_size:4
2024-04-17 22:33:26,497 - train - INFO - use cal_mse
2024-04-17 22:33:26,521 - train - INFO - use cal_mse
2024-04-17 22:33:26,523 - train - INFO - use cal_mse
2024-04-17 22:33:26,525 - train - INFO - use cal_mse
2024-04-17 22:33:26,527 - train - INFO - use cal_mse
2024-04-17 22:33:26,529 - train - INFO - use cal_mse
2024-04-17 22:33:26,531 - train - INFO - use cal_mse
2024-04-17 22:33:26,533 - train - INFO - use cal_mse
2024-04-17 22:33:26,535 - train - INFO - use cal_mse
2024-04-17 22:33:26,537 - train - INFO - use cal_mse
2024-04-17 22:33:26,540 - train - INFO - use cal_mse
2024-04-17 22:33:26,542 - train - INFO - use cal_mse
2024-04-17 22:33:26,545 - train - INFO - use cal_mse
2024-04-17 22:33:26,548 - train - INFO - use cal_mse
2024-04-17 22:33:26,551 - train - INFO - use cal_mse
2024-04-17 22:33:26,555 - train - INFO - use cal_mse
2024-04-17 22:33:26,558 - train - INFO - use cal_mse
2024-04-17 22:33:26,561 - train - INFO - use cal_mse
2024-04-17 22:33:26,564 - train - INFO - use cal_mse
2024-04-17 22:33:26,567 - train - INFO - use cal_mse
2024-04-17 22:33:26,572 - train - INFO - use cal_mse
2024-04-17 22:33:26,577 - train - INFO - use cal_mse
2024-04-17 22:33:26,582 - train - INFO - use cal_mse
2024-04-17 22:33:26,587 - train - INFO - use cal_mse
2024-04-17 22:33:26,592 - train - INFO - use cal_mse
2024-04-17 22:33:26,597 - train - INFO - use cal_mse
2024-04-17 22:33:26,608 - train - INFO - use cal_mse
2024-04-17 22:33:26,618 - train - INFO - use cal_mse
2024-04-17 22:33:26,629 - train - INFO - use cal_mse
2024-04-17 22:33:26,639 - train - INFO - use cal_mse
2024-04-17 22:33:26,650 - train - INFO - use cal_mse
2024-04-17 22:33:26,661 - train - INFO - use cal_mse
2024-04-17 22:33:26,696 - train - INFO - cir_idx:[3, 5, 6, 8, 9, 11, 12, 14, 15, 17, 18, 20, 21, 23, 24, 26, 27, 29, 30, 32, 33, 35, 36, 38, 39, 41, 42, 44, 45, 47, 48, 50]
2024-04-17 22:33:26,696 - train - INFO - len traces:(53,)
2024-04-17 22:33:26,697 - train - INFO - traces:[3.77872150e+00 3.78363386e+01 5.88292156e+00 3.14855330e-01
 2.77355905e+00 4.34043917e-01 9.15721386e-02 1.21549775e+00
 2.01270855e-01 1.90890655e-01 3.37590792e-01 2.42572823e-01
 4.05100328e-03 2.59420521e-01 1.49409987e-02 2.71645429e-03
 1.82149232e-01 2.13568256e-02 8.48758211e-02 2.21878885e-01
 7.02872835e-02 2.20087909e-03 4.15956854e-02 3.21091287e-03
 7.94673924e-04 1.81295482e-02 1.34060526e-03 1.90025087e-03
 2.76283843e-02 9.29197755e-04 1.15630831e-02 8.47511889e-02
 1.06184401e-02 1.07384628e-03 2.51045495e-02 1.55908576e-03
 1.53305966e-03 3.22229370e-02 1.16207394e-03 6.71588635e-03
 4.20676892e-02 6.27834028e-03 7.42899963e-04 3.06307598e-02
 1.17928446e-03 1.30021388e-03 3.04167361e-02 1.22362660e-03
 3.00664520e-03 7.02884090e-02 1.20269123e-03 3.87215795e-04
 4.00945034e-04]
2024-04-17 22:33:26,698 - train - INFO - len params:32
2024-04-17 22:33:26,698 - train - INFO - params[0].shape:torch.Size([96, 16, 1, 1])
2024-04-17 22:33:26,698 - train - INFO - delta_weights_b1:[0, 0, 0, 0, 0, 0, 0, 0, 0, 0, 0, 0, 0, 0, 0, 0, 0, 0, 0, 0, 0, 0, 0, 0, 0, 0, 0, 0, 0, 0, 0, 0]
2024-04-17 22:33:26,698 - train - INFO - delta_weights_b2:[1.3658056259155273, 1.9500234127044678, 2.8303396701812744, 2.8442635536193848, 2.8143887519836426, 3.667750835418701, 4.997295379638672, 5.202550411224365, 5.201961040496826, 5.0287861824035645, 5.202913761138916, 9.949525833129883, 19.695104598999023, 20.60114097595215, 20.18798828125, 20.29063606262207, 19.750181198120117, 19.783185958862305, 19.76911735534668, 29.97620964050293, 45.236358642578125, 45.31716537475586, 44.72052001953125, 45.525089263916016, 44.27162551879883, 74.21495056152344, 123.58666229248047, 127.47994995117188, 124.16425323486328, 126.73810577392578, 123.52952575683594, 256.5687255859375]
2024-04-17 22:33:26,698 - train - INFO - delta_weights_b4:[1.8849791288375854, 2.791228771209717, 4.2986741065979, 4.236189842224121, 4.313863277435303, 5.631928443908691, 7.638164043426514, 7.911832809448242, 7.600229740142822, 7.565277576446533, 7.577179431915283, 14.892623901367188, 29.950014114379883, 30.749279022216797, 30.09016990661621, 30.525678634643555, 29.804582595825195, 29.593849182128906, 29.591737747192383, 44.84415054321289, 66.86791229248047, 67.9561538696289, 67.08940124511719, 67.67343139648438, 66.46414184570312, 110.72978973388672, 186.71165466308594, 190.96473693847656, 187.0107879638672, 190.52914428710938, 186.050048828125, 384.2445068359375]
2024-04-17 22:33:26,698 - train - INFO - delta_weights_b8:[2.2780609130859375, 3.301842212677002, 5.032325267791748, 4.946228981018066, 5.027131080627441, 6.690640449523926, 8.698614120483398, 9.047333717346191, 8.800644874572754, 8.833619117736816, 8.772188186645508, 17.46523666381836, 34.77540969848633, 35.738014221191406, 34.86112594604492, 35.65336608886719, 34.83909606933594, 34.671356201171875, 34.63774490356445, 52.212310791015625, 78.3678207397461, 79.07172393798828, 78.0758285522461, 79.25586700439453, 77.9498519897461, 129.53494262695312, 217.15504455566406, 222.84642028808594, 217.29605102539062, 222.3131866455078, 217.0690460205078, 448.8287658691406]
2024-04-17 22:33:26,698 - train - INFO - delta_weights_b16:[2.4833247661590576, 3.301842212677002, 5.032325267791748, 4.946228981018066, 5.027131080627441, 7.1931939125061035, 9.351231575012207, 9.758146286010742, 9.475220680236816, 9.53117847442627, 9.391265869140625, 18.628374099731445, 37.37407302856445, 38.27204132080078, 37.51762390136719, 38.154476165771484, 37.52894973754883, 37.21931457519531, 37.46449661254883, 56.255699157714844, 83.82573699951172, 84.7033920288086, 83.8985366821289, 85.15058898925781, 83.49674224853516, 138.97274780273438, 232.80337524414062, 238.41650390625, 233.46847534179688, 238.25584411621094, 232.1637725830078, 481.0162658691406]
2024-04-17 22:33:26,698 - train - INFO - delta_weights_b32:[]
2024-04-17 22:33:26,704 - train - INFO - sensitivity_b2:[0.43003118 0.8463958  0.25918026 0.57246736 0.53724051 0.88969667
 0.02024406 0.0777313  0.01413089 0.10739891 0.44160158 0.69932514
 0.04334654 0.06614847 0.01604287 0.02720173 0.0375303  0.01838249
 0.22859195 0.31830059 0.0485769  0.07065335 0.06855923 0.05290352
 0.29732321 0.46594671 0.09181253 0.15033512 0.16144009 0.15508012
 0.37140946 0.30857296]
2024-04-17 22:33:26,704 - train - INFO - sensitivity_b4:[0.59349573 1.21151587 0.39363878 0.85262155 0.82347619 1.36615278
 0.03094223 0.11821068 0.02064568 0.16157031 0.64311933 1.04676208
 0.06591636 0.09873326 0.02391187 0.04092289 0.05663618 0.02749854
 0.34217172 0.47617493 0.07180586 0.10594947 0.10285205 0.07864153
 0.44636562 0.6951993  0.13870808 0.22520175 0.24315402 0.23313653
 0.55938649 0.4621275 ]
2024-04-17 22:33:26,704 - train - INFO - sensitivity_b8:[0.71725962 1.43314453 0.46082079 0.99553174 0.95963235 1.62296754
 0.03523811 0.1351762  0.02390655 0.18865806 0.74454667 1.22758404
 0.07653647 0.11475165 0.02770323 0.04779709 0.06620302 0.03221655
 0.40051912 0.5544133  0.08415499 0.1232796  0.1196949  0.09210118
 0.52350235 0.81326445 0.16132447 0.26279932 0.28253134 0.27202833
 0.65264961 0.53980242]
2024-04-17 22:33:26,704 - train - INFO - sensitivity_b16:[0.78188804 1.43314453 0.46082079 0.99553174 0.95963235 1.74487335
 0.03788187 0.14579645 0.025739   0.20355572 0.7970914  1.30933781
 0.08225582 0.12288819 0.02981428 0.05115009 0.07131442 0.0345841
 0.43320509 0.59734777 0.09001596 0.13205985 0.12862146 0.09895128
 0.56075463 0.8725182  0.17294962 0.28116088 0.30355895 0.29153619
 0.69803409 0.57851404]
2024-04-17 22:33:26,761 - train - INFO - result:[ 1  1  1  1  1  1 16 16 16 16  1  1 16 16 16 16 16 16  1  1 16 16 16 16
  1  1 16 16 16 16  1 16]
2024-04-17 22:33:26,762 - train - INFO - origin_latency:2921.579999923706
2024-04-17 22:33:26,762 - train - INFO - current_latency-origin_latency:-17.70958137512207
