2024-04-14 19:20:07,443 - train - INFO - Model c10_nas_mobilenetv2 created, param count:2236873
2024-04-14 19:20:07,657 - train - INFO - Using native Torch AMP. Training in mixed precision.
2024-04-14 19:20:07,657 - train - INFO - Scheduled epochs: 11
2024-04-14 19:20:08,798 - train - INFO - Verifying initial model
2024-04-14 19:20:09,851 - train - INFO - Test: [   0/39]  Time: 1.052 (1.052)  Loss:  0.3928 (0.3928)  Acc@1: 94.1406 (94.1406)  Acc@5: 100.0000 (100.0000)
2024-04-14 19:20:10,944 - train - INFO - Test: [  39/39]  Time: 0.342 (0.054)  Loss:  0.4517 (0.3957)  Acc@1: 93.7500 (94.7100)  Acc@5: 100.0000 (99.8500)
2024-04-14 19:21:30,589 - train - INFO - len trace:53
2024-04-14 19:21:30,881 - train - INFO - cir_idx:[3, 5, 6, 8, 9, 11, 12, 14, 15, 17, 18, 20, 21, 23, 24, 26, 27, 29, 30, 32, 33, 35, 36, 38, 39, 41, 42, 44, 45, 47, 48, 50]
2024-04-14 19:21:30,881 - train - INFO - len traces:(53,)
2024-04-14 19:21:30,882 - train - INFO - traces:[6.05397640e-01 1.24328343e+00 2.20709313e-02 1.50923760e-02
 2.15675104e-01 7.59267819e-03 6.48799554e-03 9.31863529e-02
 5.77305135e-03 1.26600650e-02 3.64576710e-02 5.33333245e-03
 2.54111436e-03 4.01388925e-02 1.35124601e-03 2.20109878e-03
 2.99619372e-02 1.74480921e-03 6.14291404e-03 1.53202191e-02
 2.54105277e-03 4.23445561e-04 5.55777277e-03 3.04921628e-04
 3.38361384e-04 4.44167332e-03 2.99527188e-04 5.58336372e-04
 4.56536238e-03 2.81050523e-04 1.09958941e-03 1.74726310e-02
 6.99185824e-04 1.82236595e-04 5.74819652e-03 1.70989405e-04
 2.19679388e-04 5.18549535e-03 1.58215121e-04 4.63216758e-04
 5.17508403e-03 1.60772898e-04 3.58010668e-05 2.65792034e-03
 3.61035203e-05 8.59033447e-05 2.88306686e-03 4.69310198e-05
 1.51874096e-04 7.45809001e-03 2.13558327e-05 2.11818359e-06
 1.75460342e-03]
2024-04-14 19:21:30,882 - train - INFO - len params:32
2024-04-14 19:21:30,882 - train - INFO - params[0].shape:torch.Size([96, 16, 1, 1])
2024-04-14 19:21:30,882 - train - INFO - delta_weights_b1:[0, 0, 0, 0, 0, 0, 0, 0, 0, 0, 0, 0, 0, 0, 0, 0, 0, 0, 0, 0, 0, 0, 0, 0, 0, 0, 0, 0, 0, 0, 0, 0]
2024-04-14 19:21:30,882 - train - INFO - delta_weights_b2:[1020.59521484375, 1689.011474609375, 1526.5531005859375, 2025.700927734375, 2306.5849609375, 1557.4697265625, 1179.2921142578125, 1410.1329345703125, 1497.7744140625, 1166.5400390625, 1871.4766845703125, 1047.6834716796875, 1299.41455078125, 1010.5054931640625, 1595.29443359375, 1042.5205078125, 1831.9471435546875, 975.1679077148438, 2076.65673828125, 1257.7447509765625, 1557.38818359375, 1398.0205078125, 2204.53076171875, 1313.2427978515625, 2797.150146484375, 999.963623046875, 1348.6029052734375, 1085.3636474609375, 1813.525390625, 1117.961669921875, 2397.564697265625, 1792.125732421875]
2024-04-14 19:21:30,882 - train - INFO - delta_weights_b4:[1333.4822998046875, 2201.16650390625, 1914.6253662109375, 2464.255615234375, 2889.564453125, 1938.2552490234375, 1567.269775390625, 1743.0904541015625, 1926.370849609375, 1414.0377197265625, 2408.436767578125, 1266.228271484375, 1709.8353271484375, 1333.11767578125, 2088.541748046875, 1308.5535888671875, 2340.853759765625, 1252.892333984375, 2625.046630859375, 1633.6015625, 2037.5458984375, 1776.1453857421875, 2861.101806640625, 1633.5460205078125, 3590.76416015625, 1282.7154541015625, 1823.800048828125, 1403.7894287109375, 2410.022705078125, 1446.2984619140625, 3191.609619140625, 2376.8359375]
2024-04-14 19:21:30,883 - train - INFO - delta_weights_b8:[1463.5599365234375, 2464.03125, 2169.466064453125, 2676.0595703125, 3177.927734375, 2125.493408203125, 1738.5189208984375, 1880.365966796875, 2103.0322265625, 1594.440673828125, 2688.267578125, 1399.129638671875, 1911.5689697265625, 1453.9781494140625, 2316.2421875, 1424.6458740234375, 2579.59521484375, 1370.57080078125, 2902.87744140625, 1829.832763671875, 2263.6796875, 1952.681396484375, 3163.945068359375, 1808.8438720703125, 3980.0048828125, 1421.510498046875, 2058.2119140625, 1554.4415283203125, 2701.1806640625, 1635.3656005859375, 3592.833984375, 2667.974853515625]
2024-04-14 19:21:30,883 - train - INFO - delta_weights_b16:[1532.789794921875, 2464.03125, 2169.466064453125, 2676.0595703125, 3177.927734375, 2287.81396484375, 1812.0870361328125, 1956.456787109375, 2198.490966796875, 1634.84375, 2791.369384765625, 1465.4188232421875, 2007.41650390625, 1531.8914794921875, 2431.873046875, 1485.922119140625, 2703.848388671875, 1429.6641845703125, 3040.68408203125, 1907.97998046875, 2389.178955078125, 2048.509765625, 3317.147216796875, 1892.9144287109375, 4185.11865234375, 1488.213134765625, 2168.798095703125, 1631.6453857421875, 2839.8955078125, 1728.915771484375, 3803.641845703125, 2811.255126953125]
2024-04-14 19:21:30,883 - train - INFO - delta_weights_b32:[]
2024-04-14 19:21:30,947 - train - INFO - result:[ 2  2  2  2  2  2  4 16  8 16  2  2 16 16 16 16 16 16  2 16 16 16 16 16
 16 16 16 16 16 16 16 16]
2024-04-14 19:21:30,947 - train - INFO - origin_latency:540.2349979877472
2024-04-14 19:21:30,947 - train - INFO - current_latency-origin_latency:-4.147502660751343
2024-04-14 19:46:33,093 - train - INFO - Model c10_nas_mobilenetv2 created, param count:2236873
2024-04-14 19:46:33,321 - train - INFO - Using native Torch AMP. Training in mixed precision.
2024-04-14 19:46:33,321 - train - INFO - Scheduled epochs: 11
2024-04-14 19:46:34,512 - train - INFO - Verifying initial model
2024-04-14 19:46:35,546 - train - INFO - Test: [   0/39]  Time: 1.033 (1.033)  Loss:  0.3928 (0.3928)  Acc@1: 94.1406 (94.1406)  Acc@5: 100.0000 (100.0000)
2024-04-14 19:46:36,660 - train - INFO - Test: [  39/39]  Time: 0.369 (0.054)  Loss:  0.4517 (0.3957)  Acc@1: 93.7500 (94.7100)  Acc@5: 100.0000 (99.8500)
2024-04-14 19:47:57,497 - train - INFO - len trace:53
2024-04-14 19:47:57,807 - train - INFO - cir_idx:[3, 5, 6, 8, 9, 11, 12, 14, 15, 17, 18, 20, 21, 23, 24, 26, 27, 29, 30, 32, 33, 35, 36, 38, 39, 41, 42, 44, 45, 47, 48, 50]
2024-04-14 19:47:57,807 - train - INFO - len traces:(53,)
2024-04-14 19:47:57,808 - train - INFO - traces:[6.05397636e-01 1.24328343e+00 2.20709313e-02 1.50923760e-02
 2.15675104e-01 7.59267819e-03 6.48799554e-03 9.31863529e-02
 5.77305135e-03 1.26600650e-02 3.64576710e-02 5.33333245e-03
 2.54111436e-03 4.01388925e-02 1.35124601e-03 2.20109878e-03
 2.99619372e-02 1.74480921e-03 6.14291404e-03 1.53202191e-02
 2.54105277e-03 4.23445561e-04 5.55777277e-03 3.04921628e-04
 3.38361384e-04 4.44167332e-03 2.99527188e-04 5.58336372e-04
 4.56536238e-03 2.81050523e-04 1.09958941e-03 1.74726310e-02
 6.99185824e-04 1.82236595e-04 5.74819652e-03 1.70989405e-04
 2.19679388e-04 5.18549535e-03 1.58215121e-04 4.63216758e-04
 5.17508403e-03 1.60772898e-04 3.58010668e-05 2.65792034e-03
 3.61035203e-05 8.59033447e-05 2.88306686e-03 4.69310198e-05
 1.51874096e-04 7.45809001e-03 2.13558327e-05 2.11818359e-06
 1.75460342e-03]
2024-04-14 19:47:57,808 - train - INFO - len params:32
2024-04-14 19:47:57,808 - train - INFO - params[0].shape:torch.Size([96, 16, 1, 1])
2024-04-14 19:47:57,808 - train - INFO - delta_weights_b1:[0, 0, 0, 0, 0, 0, 0, 0, 0, 0, 0, 0, 0, 0, 0, 0, 0, 0, 0, 0, 0, 0, 0, 0, 0, 0, 0, 0, 0, 0, 0, 0]
2024-04-14 19:47:57,808 - train - INFO - delta_weights_b2:[1020.59521484375, 1689.011474609375, 1526.5531005859375, 2025.700927734375, 2306.5849609375, 1557.4697265625, 1179.2921142578125, 1410.1329345703125, 1497.7744140625, 1166.5400390625, 1871.4766845703125, 1047.6834716796875, 1299.41455078125, 1010.5054931640625, 1595.29443359375, 1042.5205078125, 1831.9471435546875, 975.1679077148438, 2076.65673828125, 1257.7447509765625, 1557.38818359375, 1398.0205078125, 2204.53076171875, 1313.2427978515625, 2797.150146484375, 999.963623046875, 1348.6029052734375, 1085.3636474609375, 1813.525390625, 1117.961669921875, 2397.564697265625, 1792.125732421875]
2024-04-14 19:47:57,808 - train - INFO - delta_weights_b4:[1333.4822998046875, 2201.16650390625, 1914.6253662109375, 2464.255615234375, 2889.564453125, 1938.2552490234375, 1567.269775390625, 1743.0904541015625, 1926.370849609375, 1414.0377197265625, 2408.436767578125, 1266.228271484375, 1709.8353271484375, 1333.11767578125, 2088.541748046875, 1308.5535888671875, 2340.853759765625, 1252.892333984375, 2625.046630859375, 1633.6015625, 2037.5458984375, 1776.1453857421875, 2861.101806640625, 1633.5460205078125, 3590.76416015625, 1282.7154541015625, 1823.800048828125, 1403.7894287109375, 2410.022705078125, 1446.2984619140625, 3191.609619140625, 2376.8359375]
2024-04-14 19:47:57,809 - train - INFO - delta_weights_b8:[1463.5599365234375, 2464.03125, 2169.466064453125, 2676.0595703125, 3177.927734375, 2125.493408203125, 1738.5189208984375, 1880.365966796875, 2103.0322265625, 1594.440673828125, 2688.267578125, 1399.129638671875, 1911.5689697265625, 1453.9781494140625, 2316.2421875, 1424.6458740234375, 2579.59521484375, 1370.57080078125, 2902.87744140625, 1829.832763671875, 2263.6796875, 1952.681396484375, 3163.945068359375, 1808.8438720703125, 3980.0048828125, 1421.510498046875, 2058.2119140625, 1554.4415283203125, 2701.1806640625, 1635.3656005859375, 3592.833984375, 2667.974853515625]
2024-04-14 19:47:57,809 - train - INFO - delta_weights_b16:[1532.789794921875, 2464.03125, 2169.466064453125, 2676.0595703125, 3177.927734375, 2287.81396484375, 1812.0870361328125, 1956.456787109375, 2198.490966796875, 1634.84375, 2791.369384765625, 1465.4188232421875, 2007.41650390625, 1531.8914794921875, 2431.873046875, 1485.922119140625, 2703.848388671875, 1429.6641845703125, 3040.68408203125, 1907.97998046875, 2389.178955078125, 2048.509765625, 3317.147216796875, 1892.9144287109375, 4185.11865234375, 1488.213134765625, 2168.798095703125, 1631.6453857421875, 2839.8955078125, 1728.915771484375, 3803.641845703125, 2811.255126953125]
2024-04-14 19:47:57,809 - train - INFO - delta_weights_b32:[]
2024-04-14 19:47:57,883 - train - INFO - result:[ 2  2  2  2  2  2  2  2  2  2  2  2  4 16  4 16  2 16  2  2 16 16  2 16
  2 16 16 16 16 16  2 16]
2024-04-14 19:47:57,883 - train - INFO - origin_latency:1049.0699863433838
2024-04-14 19:47:57,883 - train - INFO - current_latency-origin_latency:-5.463748931884766
2024-04-14 22:02:57,193 - train - INFO - Model c10_nas_mobilenetv2 created, param count:2236873
2024-04-14 22:02:57,416 - train - INFO - Using native Torch AMP. Training in mixed precision.
2024-04-14 22:02:57,416 - train - INFO - Scheduled epochs: 11
2024-04-14 22:02:58,612 - train - INFO - Verifying initial model
2024-04-14 22:02:59,689 - train - INFO - Test: [   0/39]  Time: 1.075 (1.075)  Loss:  0.3928 (0.3928)  Acc@1: 94.1406 (94.1406)  Acc@5: 100.0000 (100.0000)
2024-04-14 22:03:00,851 - train - INFO - Test: [  39/39]  Time: 0.397 (0.056)  Loss:  0.4514 (0.3957)  Acc@1: 93.7500 (94.7100)  Acc@5: 100.0000 (99.8500)
2024-04-14 22:04:24,225 - train - INFO - len trace:53
2024-04-14 22:04:24,528 - train - INFO - cir_idx:[3, 5, 6, 8, 9, 11, 12, 14, 15, 17, 18, 20, 21, 23, 24, 26, 27, 29, 30, 32, 33, 35, 36, 38, 39, 41, 42, 44, 45, 47, 48, 50]
2024-04-14 22:04:24,528 - train - INFO - len traces:(53,)
2024-04-14 22:04:24,530 - train - INFO - traces:[6.07067481e-01 1.24881546e+00 2.18483962e-02 1.51104922e-02
 2.14762031e-01 7.56721809e-03 6.50150756e-03 9.32646476e-02
 5.80765401e-03 1.26975435e-02 3.63461426e-02 5.31770593e-03
 2.54536698e-03 4.03740023e-02 1.34364021e-03 2.17190342e-03
 2.99932086e-02 1.74220534e-03 6.13417536e-03 1.53478115e-02
 2.52549452e-03 4.26243504e-04 5.63506193e-03 3.03214240e-04
 3.40815800e-04 4.45705110e-03 2.99396326e-04 5.63583878e-04
 4.56959058e-03 2.85181488e-04 1.09757729e-03 1.75290817e-02
 7.03862698e-04 1.84454334e-04 5.77365017e-03 1.71945782e-04
 2.20535940e-04 5.17907110e-03 1.59097089e-04 4.64043944e-04
 5.21718944e-03 1.60383173e-04 3.64256113e-05 2.64747329e-03
 3.56294280e-05 8.56674958e-05 2.89263078e-03 4.72624115e-05
 1.51709721e-04 7.46919102e-03 2.13611475e-05 2.12590931e-06
 1.75895225e-03]
2024-04-14 22:04:24,530 - train - INFO - len params:32
2024-04-14 22:04:24,530 - train - INFO - params[0].shape:torch.Size([96, 16, 1, 1])
2024-04-14 22:04:24,530 - train - INFO - delta_weights_b1:[0, 0, 0, 0, 0, 0, 0, 0, 0, 0, 0, 0, 0, 0, 0, 0, 0, 0, 0, 0, 0, 0, 0, 0, 0, 0, 0, 0, 0, 0, 0, 0]
2024-04-14 22:04:24,530 - train - INFO - delta_weights_b2:[1020.59521484375, 1689.0355224609375, 1526.561279296875, 2025.738037109375, 2306.5986328125, 1557.47900390625, 1179.2967529296875, 1410.1300048828125, 1497.7791748046875, 1166.5465087890625, 1871.4832763671875, 1047.6868896484375, 1299.420166015625, 1010.5106201171875, 1595.3046875, 1042.5262451171875, 1831.9617919921875, 975.1767578125, 2076.67041015625, 1257.7476806640625, 1557.39306640625, 1398.0198974609375, 2204.530029296875, 1313.24609375, 2797.150634765625, 999.953857421875, 1348.5982666015625, 1085.37109375, 1813.5281982421875, 1117.9632568359375, 2397.56689453125, 1792.1224365234375]
2024-04-14 22:04:24,530 - train - INFO - delta_weights_b4:[1333.4822998046875, 2201.179931640625, 1914.6295166015625, 2464.305419921875, 2889.574951171875, 1938.2657470703125, 1567.2757568359375, 1743.087158203125, 1926.376708984375, 1414.0400390625, 2408.447509765625, 1266.2366943359375, 1709.8402099609375, 1333.123779296875, 2088.553955078125, 1308.559326171875, 2340.87255859375, 1252.89990234375, 2625.063720703125, 1633.6060791015625, 2037.5498046875, 1776.1414794921875, 2861.09814453125, 1633.5479736328125, 3590.76513671875, 1282.70703125, 1823.7933349609375, 1403.80029296875, 2410.027587890625, 1446.3004150390625, 3191.615478515625, 2376.830322265625]
2024-04-14 22:04:24,530 - train - INFO - delta_weights_b8:[1463.5599365234375, 2464.046875, 2169.471923828125, 2676.112548828125, 3177.93603515625, 2125.495849609375, 1738.5257568359375, 1880.365966796875, 2103.040283203125, 1594.443359375, 2688.27734375, 1399.1336669921875, 1911.572998046875, 1453.981689453125, 2316.258544921875, 1424.653076171875, 2579.616943359375, 1370.57958984375, 2902.895751953125, 1829.841552734375, 2263.683349609375, 1952.6793212890625, 3163.94189453125, 1808.8494873046875, 3980.00537109375, 1421.5018310546875, 2058.204833984375, 1554.4527587890625, 2701.1865234375, 1635.3675537109375, 3592.840576171875, 2667.9677734375]
2024-04-14 22:04:24,530 - train - INFO - delta_weights_b16:[1532.789794921875, 2464.046875, 2169.471923828125, 2676.112548828125, 3177.93603515625, 2287.813720703125, 1812.092529296875, 1956.4561767578125, 2198.498779296875, 1634.847412109375, 2791.383056640625, 1465.42626953125, 2007.4205322265625, 1531.8955078125, 2431.89013671875, 1485.9273681640625, 2703.87060546875, 1429.674560546875, 3040.70361328125, 1907.98876953125, 2389.182861328125, 2048.507568359375, 3317.144287109375, 1892.9197998046875, 4185.11865234375, 1488.203857421875, 2168.791015625, 1631.65771484375, 2839.901611328125, 1728.9173583984375, 3803.649658203125, 2811.247802734375]
2024-04-14 22:04:24,530 - train - INFO - delta_weights_b32:[]
2024-04-14 22:04:24,606 - train - INFO - result:[ 2  2  2  2  2  2  2  2  2  2  2  2  2 16 16 16  2 16  2  2 16 16  2 16
  2 16 16 16 16 16  2 16]
2024-04-14 22:04:24,606 - train - INFO - origin_latency:1049.0699863433838
2024-04-14 22:04:24,607 - train - INFO - current_latency-origin_latency:1.0162506103515625
2024-04-14 22:12:02,272 - train - INFO - Model c10_nas_mobilenetv2 created, param count:2236873
2024-04-14 22:12:02,562 - train - INFO - Using native Torch AMP. Training in mixed precision.
2024-04-14 22:12:02,563 - train - INFO - Scheduled epochs: 11
2024-04-14 22:12:03,909 - train - INFO - Verifying initial model
2024-04-14 22:12:05,416 - train - INFO - Test: [   0/39]  Time: 1.505 (1.505)  Loss:  0.3928 (0.3928)  Acc@1: 94.1406 (94.1406)  Acc@5: 100.0000 (100.0000)
2024-04-14 22:12:08,076 - train - INFO - Test: [  39/39]  Time: 0.495 (0.104)  Loss:  0.4517 (0.3957)  Acc@1: 93.7500 (94.7100)  Acc@5: 100.0000 (99.8500)
2024-04-14 22:13:40,538 - train - INFO - len trace:53
2024-04-14 22:13:40,956 - train - INFO - cir_idx:[3, 5, 6, 8, 9, 11, 12, 14, 15, 17, 18, 20, 21, 23, 24, 26, 27, 29, 30, 32, 33, 35, 36, 38, 39, 41, 42, 44, 45, 47, 48, 50]
2024-04-14 22:13:40,956 - train - INFO - len traces:(53,)
2024-04-14 22:13:40,957 - train - INFO - traces:[6.07051969e-01 1.24882500e+00 2.18471439e-02 1.51097304e-02
 2.14757842e-01 7.56750981e-03 6.50145431e-03 9.32638652e-02
 5.80689313e-03 1.26965373e-02 3.63483353e-02 5.31778109e-03
 2.54524484e-03 4.03748731e-02 1.34341785e-03 2.17173645e-03
 2.99930478e-02 1.74224226e-03 6.13428984e-03 1.53495817e-02
 2.52560558e-03 4.26234156e-04 5.63509082e-03 3.03253497e-04
 3.40799627e-04 4.45698695e-03 2.99442035e-04 5.63674486e-04
 4.56971918e-03 2.85120111e-04 1.09758189e-03 1.75304043e-02
 7.03892404e-04 1.84429290e-04 5.77386687e-03 1.71954778e-04
 2.20510055e-04 5.17912305e-03 1.59108774e-04 4.64047328e-04
 5.21737952e-03 1.60362754e-04 3.64229746e-05 2.64756230e-03
 3.56237189e-05 8.56629292e-05 2.89263477e-03 4.72619767e-05
 1.51698848e-04 7.46917152e-03 2.13609116e-05 2.12535205e-06
 1.75902076e-03]
2024-04-14 22:13:40,957 - train - INFO - len params:32
2024-04-14 22:13:40,957 - train - INFO - params[0].shape:torch.Size([96, 16, 1, 1])
2024-04-14 22:13:40,958 - train - INFO - delta_weights_b1:[0, 0, 0, 0, 0, 0, 0, 0, 0, 0, 0, 0, 0, 0, 0, 0, 0, 0, 0, 0, 0, 0, 0, 0, 0, 0, 0, 0, 0, 0, 0, 0]
2024-04-14 22:13:40,958 - train - INFO - delta_weights_b2:[1020.59521484375, 1689.0355224609375, 1526.561279296875, 2025.738037109375, 2306.5986328125, 1557.47900390625, 1179.2967529296875, 1410.1300048828125, 1497.7791748046875, 1166.5465087890625, 1871.4832763671875, 1047.6868896484375, 1299.420166015625, 1010.5106201171875, 1595.3046875, 1042.5262451171875, 1831.9617919921875, 975.1767578125, 2076.67041015625, 1257.7476806640625, 1557.39306640625, 1398.0198974609375, 2204.530029296875, 1313.24609375, 2797.150634765625, 999.953857421875, 1348.5982666015625, 1085.37109375, 1813.5281982421875, 1117.9632568359375, 2397.56689453125, 1792.1224365234375]
2024-04-14 22:13:40,958 - train - INFO - delta_weights_b4:[1333.4822998046875, 2201.179931640625, 1914.6295166015625, 2464.305419921875, 2889.574951171875, 1938.2657470703125, 1567.2757568359375, 1743.087158203125, 1926.376708984375, 1414.0400390625, 2408.447509765625, 1266.2366943359375, 1709.8402099609375, 1333.123779296875, 2088.553955078125, 1308.559326171875, 2340.87255859375, 1252.89990234375, 2625.063720703125, 1633.6060791015625, 2037.5498046875, 1776.1414794921875, 2861.09814453125, 1633.5479736328125, 3590.76513671875, 1282.70703125, 1823.7933349609375, 1403.80029296875, 2410.027587890625, 1446.3004150390625, 3191.615478515625, 2376.830322265625]
2024-04-14 22:13:40,958 - train - INFO - delta_weights_b8:[1463.5599365234375, 2464.046875, 2169.471923828125, 2676.112548828125, 3177.93603515625, 2125.495849609375, 1738.5257568359375, 1880.365966796875, 2103.040283203125, 1594.443359375, 2688.27734375, 1399.1336669921875, 1911.572998046875, 1453.981689453125, 2316.258544921875, 1424.653076171875, 2579.616943359375, 1370.57958984375, 2902.895751953125, 1829.841552734375, 2263.683349609375, 1952.6793212890625, 3163.94189453125, 1808.8494873046875, 3980.00537109375, 1421.5018310546875, 2058.204833984375, 1554.4527587890625, 2701.1865234375, 1635.3675537109375, 3592.840576171875, 2667.9677734375]
2024-04-14 22:13:40,958 - train - INFO - delta_weights_b16:[]
2024-04-14 22:13:40,958 - train - INFO - delta_weights_b32:[]
2024-04-14 22:13:41,027 - train - INFO - result:[1 1 1 1 1 1 1 1 1 1 1 1 1 8 8 8 1 8 1 1 4 8 1 8 1 8 8 8 8 8 4 8]
2024-04-14 22:13:41,028 - train - INFO - origin_latency:1979.4399719238281
2024-04-14 22:13:41,028 - train - INFO - current_latency-origin_latency:-0.45252895355224612024-04-16 15:34:22,521 - train - INFO - Model c10_nas_mobilenetv2 created, param count:2236873
2024-04-16 15:34:23,007 - train - INFO - Using native Torch AMP. Training in mixed precision.
2024-04-16 15:34:23,008 - train - INFO - Scheduled epochs: 11
2024-04-16 15:34:24,175 - train - INFO - Verifying initial model
2024-04-16 15:34:25,316 - train - INFO - Test: [   0/39]  Time: 1.139 (1.139)  Loss:  0.3928 (0.3928)  Acc@1: 94.1406 (94.1406)  Acc@5: 100.0000 (100.0000)
2024-04-16 15:34:26,646 - train - INFO - Test: [  39/39]  Time: 0.432 (0.062)  Loss:  0.4514 (0.3957)  Acc@1: 93.7500 (94.7100)  Acc@5: 100.0000 (99.8500)
2024-04-16 15:35:52,055 - train - INFO - len trace:53
2024-04-16 15:35:52,247 - train - INFO - cir_idx:[3, 5, 6, 8, 9, 11, 12, 14, 15, 17, 18, 20, 21, 23, 24, 26, 27, 29, 30, 32, 33, 35, 36, 38, 39, 41, 42, 44, 45, 47, 48, 50]
2024-04-16 15:35:52,247 - train - INFO - len traces:(53,)
2024-04-16 15:35:52,248 - train - INFO - traces:[6.05397636e-01 1.24328343e+00 2.20709313e-02 1.50923760e-02
 2.15675104e-01 7.59267819e-03 6.48799554e-03 9.31863529e-02
 5.77305135e-03 1.26600650e-02 3.64576710e-02 5.33333245e-03
 2.54111436e-03 4.01388925e-02 1.35124601e-03 2.20109878e-03
 2.99619372e-02 1.74480921e-03 6.14291404e-03 1.53202191e-02
 2.54105277e-03 4.23445561e-04 5.55777277e-03 3.04921628e-04
 3.38361384e-04 4.44167332e-03 2.99527188e-04 5.58336372e-04
 4.56536238e-03 2.81050523e-04 1.09958941e-03 1.74726310e-02
 6.99185824e-04 1.82236595e-04 5.74819652e-03 1.70989405e-04
 2.19679388e-04 5.18549535e-03 1.58215121e-04 4.63216758e-04
 5.17508403e-03 1.60772898e-04 3.58010668e-05 2.65792034e-03
 3.61035203e-05 8.59033447e-05 2.88306686e-03 4.69310198e-05
 1.51874096e-04 7.45809001e-03 2.13558327e-05 2.11818359e-06
 1.75460342e-03]
2024-04-16 15:35:52,249 - train - INFO - len params:32
2024-04-16 15:35:52,249 - train - INFO - params[0].shape:torch.Size([96, 16, 1, 1])
2024-04-16 15:35:52,249 - train - INFO - delta_weights_b1:[0, 0, 0, 0, 0, 0, 0, 0, 0, 0, 0, 0, 0, 0, 0, 0, 0, 0, 0, 0, 0, 0, 0, 0, 0, 0, 0, 0, 0, 0, 0, 0]
2024-04-16 15:35:52,249 - train - INFO - delta_weights_b2:[4.000999450683594, 15.825786590576172, 7.6678314208984375, 24.710771560668945, 7.7204718589782715, 28.186290740966797, 11.574718475341797, 35.64104461669922, 12.204500198364258, 35.376155853271484, 12.07003402709961, 43.63850402832031, 38.34061050415039, 85.99087524414062, 37.9030876159668, 86.7587890625, 38.39073181152344, 84.66277313232422, 39.14494705200195, 100.0866470336914, 79.33195495605469, 153.61892700195312, 79.19524383544922, 153.8057403564453, 80.24069213867188, 193.70755004882812, 203.93887329101562, 326.9056396484375, 207.24940490722656, 324.27691650390625, 205.66746520996094, 464.638916015625]
2024-04-16 15:35:52,249 - train - INFO - delta_weights_b4:[5.957420825958252, 24.12876319885254, 11.020995140075684, 37.09903335571289, 11.46350383758545, 40.51864242553711, 17.792814254760742, 53.349876403808594, 18.13916015625, 54.18302917480469, 17.916385650634766, 64.6996841430664, 57.7628173828125, 129.0997314453125, 57.29889678955078, 129.71974182128906, 57.33694076538086, 128.5363311767578, 57.990211486816406, 152.64112854003906, 119.31507873535156, 230.3299560546875, 120.31098937988281, 228.7740478515625, 119.54668426513672, 289.79156494140625, 305.9777526855469, 491.5926208496094, 310.2743835449219, 484.8553161621094, 307.2555847167969, 699.551513671875]
2024-04-16 15:35:52,249 - train - INFO - delta_weights_b8:[7.025774955749512, 28.063831329345703, 13.252546310424805, 44.17674255371094, 13.333589553833008, 47.16188430786133, 20.851696014404297, 62.67769241333008, 20.907142639160156, 63.71112060546875, 21.06056022644043, 75.48036193847656, 66.82085418701172, 151.55795288085938, 67.07159423828125, 151.76028442382812, 66.87582397460938, 151.02931213378906, 67.92526245117188, 177.2840118408203, 139.00735473632812, 269.368408203125, 140.35658264160156, 266.1334533691406, 139.82705688476562, 339.1775207519531, 357.0853271484375, 574.74951171875, 362.8836364746094, 566.5868530273438, 357.8307189941406, 817.2164306640625]
2024-04-16 15:35:52,249 - train - INFO - delta_weights_b16:[7.468192100524902, 28.063831329345703, 13.252546310424805, 44.17674255371094, 13.333589553833008, 50.93596649169922, 22.237548828125, 67.04363250732422, 22.378583908081055, 67.85416412353516, 22.475942611694336, 81.08161163330078, 71.4909896850586, 162.65724182128906, 71.78604888916016, 161.42630004882812, 71.7716064453125, 162.29568481445312, 72.8798599243164, 189.5688934326172, 149.35572814941406, 288.1099853515625, 150.7008514404297, 285.7831726074219, 150.45816040039062, 363.2278137207031, 381.2398986816406, 615.026123046875, 387.9985656738281, 605.2909545898438, 384.49737548828125, 874.5205688476562]
2024-04-16 15:35:52,249 - train - INFO - delta_weights_b32:[]
2024-04-16 15:35:52,254 - train - INFO - sensitivity_b2:[0.06038459 0.1201601  0.04974886 0.14265655 0.09774168 0.15032686
 0.02941268 0.04815982 0.02686331 0.06172464 0.07414518 0.11088774
 0.01623516 0.02622048 0.01282494 0.02598662 0.02143494 0.02379452
 0.04304337 0.06997916 0.01445719 0.02626721 0.01739756 0.02433439
 0.03716883 0.03114292 0.00730123 0.01180244 0.01780342 0.01521865
 0.03123556 0.00992275]
2024-04-16 15:35:52,254 - train - INFO - sensitivity_b4:[0.08991164 0.18320193 0.07150417 0.21417462 0.1451287  0.21609939
 0.04521358 0.07208881 0.03992608 0.09453905 0.11005882 0.16440531
 0.02445941 0.0393653  0.01938773 0.03885459 0.0320133  0.0361252
 0.06376542 0.10672451 0.02174357 0.03938398 0.02642984 0.03619551
 0.05537603 0.04659063 0.01095433 0.01774822 0.02665361 0.02275475
 0.04666416 0.01493951]
2024-04-16 15:35:52,255 - train - INFO - sensitivity_b8:[0.10603564 0.21307964 0.08598246 0.2550346  0.16880411 0.25153001
 0.05298654 0.08469298 0.04601869 0.11116375 0.12937321 0.19179958
 0.02829499 0.0462133  0.02269444 0.04545633 0.0373392  0.04244687
 0.0746899  0.12395447 0.02533223 0.04605914 0.03083345 0.04210634
 0.06477024 0.05453055 0.01278404 0.02075048 0.03117292 0.0265905
 0.05434522 0.01745234]
2024-04-16 15:35:52,255 - train - INFO - sensitivity_b16:[0.11271276 0.21307964 0.08598246 0.2550346  0.16880411 0.27165844
 0.05650815 0.09059244 0.04925747 0.11839257 0.13806778 0.20603265
 0.03027254 0.04959771 0.02428963 0.04835157 0.0400727  0.04561329
 0.08013792 0.13254388 0.02721808 0.04926376 0.03310587 0.04521522
 0.06969474 0.05839719 0.0136488  0.02220461 0.03333037 0.02840692
 0.05839519 0.01867611]
2024-04-16 15:35:52,323 - train - INFO - result:[ 2  2  2  2  2  2 16  8 16  2  2  2 16 16 16 16 16 16 16  2 16 16 16 16
 16 16 16 16 16 16 16 16]
2024-04-16 15:35:52,324 - train - INFO - origin_latency:641.3499963283539
2024-04-16 15:35:52,324 - train - INFO - current_latency-origin_latency:-2.830002546310425
