2024-04-24 09:21:06,919 - train - INFO - Model c100_nas_mobilenetv2 created, param count:2352163
2024-04-24 09:21:06,933 - train - INFO - Using native Torch AMP. Training in mixed precision.
2024-04-24 09:21:06,933 - train - INFO - Scheduled epochs: 11
2024-04-24 09:21:08,254 - train - INFO - Verifying teacher model
2024-04-24 09:21:09,466 - train - INFO - Test: [   0/39]  Time: 1.211 (1.211)  Loss:  0.9492 (0.9492)  Acc@1: 80.8594 (80.8594)  Acc@5: 95.3125 (95.3125)
2024-04-24 09:21:10,109 - train - INFO - Test: [  39/39]  Time: 0.339 (0.046)  Loss:  1.1045 (0.9844)  Acc@1: 75.0000 (78.7000)  Acc@5: 93.7500 (95.1000)
2024-04-24 09:21:10,109 - train - INFO - Verifying initial model in training dataset
2024-04-24 09:21:26,931 - train - INFO - len loader.dataset:50000
2024-04-24 09:21:27,042 - train - INFO - target_block_size:8
2024-04-24 09:21:27,042 - train - INFO - use cal_delta_w
2024-04-24 09:21:27,405 - train - INFO - delta_weights_b1:[0, 0, 0, 0, 0, 0, 0, 0, 0, 0, 0, 0, 0, 0, 0, 0, 0, 0, 0, 0, 0, 0, 0, 0, 0, 0, 0, 0, 0, 0, 0, 0]
2024-04-24 09:21:27,405 - train - INFO - delta_weights_b2:[2.121004104614258, 4.397348403930664, 4.396740436553955, 6.4969892501831055, 4.51503849029541, 8.071981430053711, 7.977771282196045, 10.230615615844727, 7.703100204467773, 10.295697212219238, 7.6458821296691895, 17.486122131347656, 29.369226455688477, 34.753292083740234, 29.872501373291016, 34.71261978149414, 29.956005096435547, 34.7403450012207, 30.032108306884766, 48.83153533935547, 66.58366394042969, 75.49037170410156, 66.98383331298828, 74.9182357788086, 67.03166198730469, 115.5572738647461, 183.1623992919922, 196.3458251953125, 185.12022399902344, 198.63392639160156, 186.1192169189453, 390.1654968261719]
2024-04-24 09:21:27,405 - train - INFO - delta_weights_b4:[3.286386251449585, 6.504605770111084, 6.8291802406311035, 9.635494232177734, 6.715865135192871, 11.763245582580566, 11.804759979248047, 15.420282363891602, 11.681740760803223, 15.773159980773926, 11.521599769592285, 26.01883316040039, 44.23902893066406, 52.706058502197266, 44.29570007324219, 52.106529235839844, 44.42218780517578, 51.676513671875, 44.91918182373047, 73.62206268310547, 99.70642852783203, 112.4377212524414, 100.82542419433594, 113.13451385498047, 101.04234313964844, 173.75091552734375, 274.39141845703125, 295.69622802734375, 277.54315185546875, 298.0005187988281, 278.14581298828125, 586.2578125]
2024-04-24 09:21:27,405 - train - INFO - delta_weights_b8:[3.708803415298462, 7.506839752197266, 7.979647159576416, 11.201894760131836, 7.877184867858887, 13.694951057434082, 13.609816551208496, 18.0302677154541, 13.591716766357422, 18.077381134033203, 13.463868141174316, 30.26280403137207, 51.83587646484375, 60.9035530090332, 52.04730224609375, 60.58352279663086, 52.65198516845703, 60.187782287597656, 52.388973236083984, 86.20015716552734, 116.25016021728516, 131.42465209960938, 117.09932708740234, 131.85716247558594, 117.43112182617188, 202.64739990234375, 320.5481262207031, 344.75286865234375, 322.9683837890625, 347.8242492675781, 323.87957763671875, 683.2145385742188]
2024-04-24 09:21:27,405 - train - INFO - delta_weights_b16:[3.910845994949341, 7.506839752197266, 7.979647159576416, 11.201894760131836, 7.877184867858887, 14.705881118774414, 14.662535667419434, 19.13831329345703, 14.619379997253418, 19.476404190063477, 14.57082462310791, 32.44619369506836, 55.56016159057617, 65.08460235595703, 56.08319854736328, 64.93115997314453, 56.26906204223633, 64.42384338378906, 56.175804138183594, 92.20751190185547, 124.78440856933594, 141.08224487304688, 125.31674194335938, 141.15126037597656, 125.73944091796875, 217.31190490722656, 343.1440124511719, 369.6368713378906, 346.5296630859375, 372.6903991699219, 346.677734375, 732.6415405273438]
2024-04-24 09:21:28,167 - train - INFO - cir_idx:[3, 5, 6, 8, 9, 11, 12, 14, 15, 17, 18, 20, 21, 23, 24, 26, 27, 29, 30, 32, 33, 35, 36, 38, 39, 41, 42, 44, 45, 47, 48, 50]
2024-04-24 09:21:28,167 - train - INFO - len params:32
2024-04-24 09:21:28,167 - train - INFO - params[0].shape:torch.Size([96, 16, 1, 1])
2024-04-24 09:21:28,180 - train - INFO - sensitivity_b2:[1.3197501766556638e-14, 1.176741369005984e-14, 7.386232332142958e-15, 5.6509328737620185e-15, 1.15112522920853e-14, 1.3803685977456862e-14, 3.1912034050441546e-15, 3.4505818341523664e-15, 2.6082774483261132e-15, 2.4282410189036853e-15, 1.4403688541908023e-14, 1.127327330335652e-14, 1.409618784172569e-15, 1.707416298427631e-15, 1.914863455177037e-15, 1.5777119431595928e-15, 2.7777395184350184e-15, 1.7368654105421764e-15, 1.015954695046152e-14, 6.880800149219792e-15, 2.0676684106199494e-15, 2.1157836936722563e-15, 2.949028850369388e-15, 2.1333498864488896e-15, 1.0846139999044595e-14, 1.0043956599314462e-14, 3.427799612486541e-15, 4.243096352789591e-15, 5.851341716115333e-15, 4.419311816586955e-15, 1.646646787835642e-14, 5.283779666511064e-15]
2024-04-24 09:21:28,181 - train - INFO - sensitivity_b4:[2.062943999653344e-14, 1.626412017758684e-14, 1.1458619358808812e-14, 8.658921358249173e-15, 1.741173462463559e-14, 2.0158628591263397e-14, 4.496976691037175e-15, 5.1085827598327735e-15, 4.065570105506351e-15, 3.733514131941352e-15, 2.1571255930585495e-14, 1.7007171360236203e-14, 2.1443179043246488e-15, 2.612340665374092e-15, 2.867016367559148e-15, 2.3817257810887418e-15, 4.252489948174641e-15, 2.6865138582574935e-15, 1.4769169706121098e-14, 1.043974036721556e-14, 3.1445852527261196e-15, 3.1763525881381817e-15, 4.23833348652718e-15, 3.288644169472158e-15, 1.6026881495653962e-14, 1.5338701107327733e-14, 5.064889412281608e-15, 6.477318122377574e-15, 8.720823373067465e-15, 6.675141396659395e-15, 2.4339937278682576e-14, 7.933691748810041e-15]
2024-04-24 09:21:28,181 - train - INFO - sensitivity_b8:[2.2085923313732575e-14, 1.7830285791125937e-14, 1.2970319059773562e-14, 9.951022685440562e-15, 1.9576354426398268e-14, 2.3049477501342966e-14, 5.073904807455709e-15, 5.976527680005362e-15, 4.685751535859952e-15, 4.421199429509911e-15, 2.4706582266165178e-14, 1.9957986814849588e-14, 2.543032194465009e-15, 3.0180448831534316e-15, 3.3708379173331103e-15, 2.7948358196841624e-15, 5.0126999007530076e-15, 3.1517890561842806e-15, 1.7309392715816538e-14, 1.2311869527895959e-14, 3.619654692622008e-15, 3.7432960919327185e-15, 4.918954105799164e-15, 3.849319205940539e-15, 1.8297775133176847e-14, 1.813284087768749e-14, 5.908857794332742e-15, 7.62350743649257e-15, 1.0043378922844435e-14, 7.884147097659243e-15, 2.8304683358411353e-14, 9.206255414040063e-15]
2024-04-24 09:21:28,181 - train - INFO - sensitivity_b16:[2.3897055937815298e-14, 1.7830285791125937e-14, 1.2970319059773562e-14, 9.951022685440562e-15, 1.9576354426398268e-14, 2.4281968037838386e-14, 5.3080471604499e-15, 6.3673296236271826e-15, 4.994539090847402e-15, 4.7714606822102466e-15, 2.6405689700775836e-14, 2.1504951885540323e-14, 2.654500459774254e-15, 3.2356114366445662e-15, 3.591800014151551e-15, 3.1071440671168746e-15, 5.227460869364599e-15, 3.4197034598184477e-15, 1.8397850381829048e-14, 1.3201636981405133e-14, 3.853609851334856e-15, 3.993143706318425e-15, 5.253994599953814e-15, 4.084375083968344e-15, 1.9661338936062187e-14, 1.9396851204216137e-14, 6.290481712454589e-15, 8.207742482630592e-15, 1.076876777447765e-14, 8.482351411163384e-15, 3.033216174974998e-14, 9.894514576430386e-15]
2024-04-24 09:21:28,272 - train - INFO - result:[ 1  1  8  8  1  1 16 16 16 16  1  1 16 16 16 16 16 16 16 16 16 16 16 16
 16 16 16 16 16 16 16 16]
2024-04-24 09:21:28,272 - train - INFO - origin_latency:641.3499963283539
2024-04-24 09:21:28,272 - train - INFO - current_latency-origin_latency:-14.810003995895386
2024-04-24 20:00:12,766 - train - INFO - Model c100_nas_mobilenetv2 created, param count:2352163
2024-04-24 20:00:12,783 - train - INFO - Using native Torch AMP. Training in mixed precision.
2024-04-24 20:00:12,783 - train - INFO - Scheduled epochs: 11
2024-04-24 20:00:15,466 - train - INFO - Verifying initial model in training dataset
2024-04-24 20:00:35,246 - train - INFO - len loader.dataset:50000
2024-04-24 20:00:35,603 - train - INFO - target_block_size:4
2024-04-24 20:00:35,604 - train - INFO - use cal_delta_w
2024-04-24 20:00:36,069 - train - INFO - delta_weights_b1:[0, 0, 0, 0, 0, 0, 0, 0, 0, 0, 0, 0, 0, 0, 0, 0, 0, 0, 0, 0, 0, 0, 0, 0, 0, 0, 0, 0, 0, 0, 0, 0]
2024-04-24 20:00:36,069 - train - INFO - delta_weights_b2:[2.1207475662231445, 4.397602558135986, 4.397122383117676, 6.496811866760254, 4.515188217163086, 8.072628021240234, 7.977910995483398, 10.230710983276367, 7.704492568969727, 10.295853614807129, 7.646400451660156, 17.48500633239746, 29.368301391601562, 34.75263214111328, 29.869342803955078, 34.716148376464844, 29.956449508666992, 34.74254608154297, 30.032150268554688, 48.829002380371094, 66.57756805419922, 75.49169921875, 66.9811782836914, 74.92060852050781, 67.03363800048828, 115.55827331542969, 183.15518188476562, 196.3461151123047, 185.1172332763672, 198.64077758789062, 186.11483764648438, 390.17529296875]
2024-04-24 20:00:36,069 - train - INFO - delta_weights_b4:[3.2857275009155273, 6.504702091217041, 6.8285698890686035, 9.635479927062988, 6.715687274932861, 11.764290809631348, 11.804401397705078, 15.421140670776367, 11.681622505187988, 15.773542404174805, 11.521321296691895, 26.018598556518555, 44.23971939086914, 52.705753326416016, 44.29364013671875, 52.110076904296875, 44.42110061645508, 51.68020248413086, 44.91996383666992, 73.62206268310547, 99.70488739013672, 112.43505096435547, 100.82632446289062, 113.13416290283203, 101.0457763671875, 173.7503204345703, 274.3926086425781, 295.7001647949219, 277.53900146484375, 298.0037536621094, 278.14593505859375, 586.2762451171875]
2024-04-24 20:00:36,069 - train - INFO - delta_weights_b8:[3.708592653274536, 7.507019996643066, 7.979241847991943, 11.201390266418457, 7.877171516418457, 13.696349143981934, 13.609642028808594, 18.029809951782227, 13.59172248840332, 18.077394485473633, 13.463913917541504, 30.261241912841797, 51.83647537231445, 60.904781341552734, 52.04666519165039, 60.588226318359375, 52.652587890625, 60.19097137451172, 52.387794494628906, 86.20011901855469, 116.24983215332031, 131.425537109375, 117.09901428222656, 131.8585662841797, 117.43070983886719, 202.64564514160156, 320.5481262207031, 344.759033203125, 322.9664611816406, 347.8311767578125, 323.8826599121094, 683.233154296875]
2024-04-24 20:00:36,069 - train - INFO - delta_weights_b16:[3.910612106323242, 7.507019996643066, 7.979241847991943, 11.201390266418457, 7.877171516418457, 14.706819534301758, 14.662935256958008, 19.13762092590332, 14.619460105895996, 19.476531982421875, 14.57017993927002, 32.44542694091797, 55.56189727783203, 65.0861587524414, 56.082763671875, 64.93738555908203, 56.26842498779297, 64.42530822753906, 56.17601776123047, 92.20692443847656, 124.78426361083984, 141.08358764648438, 125.31449890136719, 141.1528778076172, 125.74076843261719, 217.31072998046875, 343.1434020996094, 369.6417236328125, 346.5307922363281, 372.6996765136719, 346.67822265625, 732.6576538085938]
2024-04-24 20:00:37,011 - train - INFO - cir_idx:[3, 5, 6, 8, 9, 11, 12, 14, 15, 17, 18, 20, 21, 23, 24, 26, 27, 29, 30, 32, 33, 35, 36, 38, 39, 41, 42, 44, 45, 47, 48, 50]
2024-04-24 20:00:37,013 - train - INFO - len params:32
2024-04-24 20:00:37,013 - train - INFO - params[0].shape:torch.Size([96, 16, 1, 1])
2024-04-24 20:00:37,026 - train - INFO - sensitivity_b1:[0, 0, 0, 0, 0, 0, 0, 0, 0, 0, 0, 0, 0, 0, 0, 0, 0, 0, 0, 0, 0, 0, 0, 0, 0, 0, 0, 0, 0, 0, 0, 0]
2024-04-24 20:00:37,026 - train - INFO - sensitivity_b2:[2.7981467444200374e-14, 2.5901857563090033e-14, 1.595609834038371e-14, 1.5932422075442057e-14, 2.8053031563847995e-14, 2.7691185865044536e-14, 6.309426027836405e-15, 8.167637166643996e-15, 7.48134057959246e-15, 7.937289944769978e-15, 3.027653201390611e-14, 2.545360095113948e-14, 3.856485951707258e-15, 4.558345922131644e-15, 4.6323427204037794e-15, 4.085652409652803e-15, 8.441706535189386e-15, 3.839668959572471e-15, 2.4371668826952617e-14, 1.3721827019368311e-14, 4.2691735326202355e-15, 4.450904451453646e-15, 6.213382232496661e-15, 4.556747570960175e-15, 2.2004692854090888e-14, 1.9400793295552658e-14, 6.7518702997029e-15, 8.948140758089154e-15, 1.216033363956627e-14, 1.021810233810521e-14, 3.863762472943941e-14, 1.3304634493725362e-14]
2024-04-24 20:00:37,026 - train - INFO - sensitivity_b4:[3.7476952422475784e-14, 3.9615432787486193e-14, 2.5521905688006066e-14, 2.3196388589780646e-14, 4.2819128234436454e-14, 4.139813559772727e-14, 9.07028121501733e-15, 1.3422298381527299e-14, 1.0932953252841635e-14, 1.1980979495182856e-14, 4.812784963311237e-14, 3.754574505031999e-14, 5.924399154848964e-15, 7.108845135543173e-15, 6.571196054471189e-15, 6.344935766567673e-15, 1.319146072757682e-14, 5.93680479939445e-15, 3.3592794751414676e-14, 2.0888293265214353e-14, 6.292944037232257e-15, 6.750449825450354e-15, 9.240013065119936e-15, 6.951578645808835e-15, 3.288243904052933e-14, 2.982690998484458e-14, 1.0136765999345116e-14, 1.3578422647332264e-14, 1.7994818552998296e-14, 1.5532651323458234e-14, 5.627123116427879e-14, 2.1097466357472908e-14]
2024-04-24 20:00:37,027 - train - INFO - sensitivity_b8:[4.088882146280684e-14, 4.634497064001826e-14, 2.8787041516818365e-14, 2.8182766518181253e-14, 4.93104228239602e-14, 4.811697711820141e-14, 1.04113927155698e-14, 1.5953745282856237e-14, 1.2534523996543014e-14, 1.50652924244812e-14, 5.5209580396980984e-14, 4.386320815027642e-14, 6.8570290165880475e-15, 8.193255678133702e-15, 7.792689562212407e-15, 7.637493644517632e-15, 1.6284435415793788e-14, 7.255202264433349e-15, 3.97443512020583e-14, 2.4049210160196482e-14, 7.339074619837523e-15, 7.90630717362531e-15, 1.0585140348875338e-14, 8.056585218028326e-15, 3.8052504533871503e-14, 3.503126337189161e-14, 1.1849674988798336e-14, 1.6078716523894136e-14, 2.0872555393054368e-14, 1.8258825170130305e-14, 6.543269208793626e-14, 2.491906048098392e-14]
2024-04-24 20:00:37,027 - train - INFO - sensitivity_b16:[4.2469655992926486e-14, 4.634497064001826e-14, 2.8787041516818365e-14, 2.8182766518181253e-14, 4.93104228239602e-14, 5.096341778492233e-14, 1.1104510458945574e-14, 1.6800193777376932e-14, 1.3293953408260485e-14, 1.695930383432097e-14, 5.850384738291525e-14, 4.7293068170407154e-14, 7.246966563087195e-15, 8.810707121298302e-15, 8.277671828690013e-15, 8.470527678252661e-15, 1.5805311229179393e-14, 7.830455373198687e-15, 4.298438097431398e-14, 2.581254640913154e-14, 7.884524874353718e-15, 8.461337370774952e-15, 1.1238931199543042e-14, 8.617760639210298e-15, 4.069253343574192e-14, 3.7803046554641534e-14, 1.269854853864702e-14, 1.7191002920778804e-14, 2.249941261133013e-14, 1.959367625016962e-14, 7.019286817370671e-14, 2.7004030386584485e-14]
2024-04-24 20:00:37,097 - train - INFO - result:[ 1  1  1  1  1  1 16 16 16 16  1  1 16 16 16 16 16 16  1  1 16 16 16 16
  1 16 16 16 16 16  1 16]
2024-04-24 20:00:37,097 - train - INFO - origin_latency:1251.299994468689
2024-04-24 20:00:37,098 - train - INFO - current_latency-origin_latency:-47.10000133514404
