2024-04-27 22:43:37,489 - train - INFO - aa: rand-m9-mstd0.5-inc1
amp: true
apex_amp: false
aug_splits: 0
batch_size: 128
bn_eps: null
bn_momentum: null
bn_tf: false
budget: 0.25
channels_last: false
checkpoint_hist: 3
clip_grad: null
clip_mode: norm
color_jitter: 0.4
cooldown_epochs: 10
crop_pct: 0.9
cutmix: 1.0
cutmix_minmax: null
data_dir: /home/xts/code/dataset/tiny-imagenet-200
dataset: torch/image_folder
decay_epochs: 30
decay_rate: 0.1
dist_bn: ''
drop: 0.0
drop_block: null
drop_connect: null
drop_path: null
epoch_repeats: 0.0
epochs: 300
eval_metric: top1
experiment: ''
finetune: false
fix_blocksize: 1
fix_blocksize_list: 1,1,4,2,1,1,8,4,8,8,1,1,16,16,16,16,16,16,1,2,16,16,16,16,2,2,16,16,16,16,2,16
gp: null
hflip: 0.5
img_size: 64
initial_checkpoint: /home/xts/code/njeans/MyViT/pretrained/mbv2_tiny.pth.tar
input_size: null
interpolation: bicubic
jsd: false
kd_alpha: 4
lasso_alpha: 0
lasso_beta: 1
local_rank: 0
log_interval: 50
log_name: mbv2_tiny_b4_fim
log_wandb: false
lr: 0.00055
lr_cycle_limit: 1
lr_cycle_mul: 1.0
lr_noise: null
lr_noise_pct: 0.67
lr_noise_std: 1.0
mean:
- 0.485
- 0.456
- 0.406
min_lr: 1.0e-05
mixup: 0.8
mixup_mode: batch
mixup_off_epoch: 0
mixup_prob: 1.0
mixup_switch_prob: 0.5
model: tiny_nas_mobilenetv2
model_ema: false
model_ema_decay: 0.9998
model_ema_force_cpu: false
momentum: 0.9
native_amp: false
no_aug: false
no_prefetcher: false
no_resume_opt: false
num_classes: 200
opt: adamw
opt_betas: null
opt_eps: null
output: ''
patience_epochs: 10
pin_mem: false
pretrained: false
ratio:
- 0.75
- 1.3333333333333333
recount: 1
recovery_interval: 0
remode: pixel
reprob: 0.25
resplit: false
resume: ''
save_images: false
scale:
- 0.8
- 1.0
sched: cosine
seed: 3407
smoothing: 0.1
split_bn: false
start_epoch: null
std:
- 0.229
- 0.224
- 0.225
sync_bn: false
tau: 1
teacher: tiny_mobilenetv2
teacher_checkpoint: /home/xts/code/njeans/MyViT/pretrained/mbv2_tiny.pth.tar
torchscript: false
train_interpolation: random
train_split: train
tta: 0
use_kd: true
use_multi_epochs_loader: false
val_split: valid
validation_batch_size_multiplier: 1
vflip: 0.0
warmup_epochs: 10
warmup_lr: 1.0e-05
weight_decay: 0.06
workers: 4

2024-04-27 22:43:37,490 - train - INFO - Training with a single process on 1 GPUs.
2024-04-27 22:43:38,288 - train - INFO - MobileNetV2(
  (features): Sequential(
    (0): Sequential(
      (0): Conv2d(3, 32, kernel_size=(3, 3), stride=(2, 2), padding=(1, 1), bias=False)
      (1): BatchNorm2d(32, eps=1e-05, momentum=0.1, affine=True, track_running_stats=True)
      (2): ReLU6(inplace=True)
    )
    (1): InvertedResidual(
      (conv): Sequential(
        (0): Conv2d(32, 32, kernel_size=(3, 3), stride=(1, 1), padding=(1, 1), groups=32, bias=False)
        (1): BatchNorm2d(32, eps=1e-05, momentum=0.1, affine=True, track_running_stats=True)
        (2): ReLU6(inplace=True)
        (3): Conv2d(32, 16, kernel_size=(1, 1), stride=(1, 1), bias=False)
        (4): BatchNorm2d(16, eps=1e-05, momentum=0.1, affine=True, track_running_stats=True)
      )
    )
    (2): InvertedResidual(
      (conv): Sequential(
        (0): Conv2d(16, 96, kernel_size=(1, 1), stride=(1, 1), bias=False)
        (1): BatchNorm2d(96, eps=1e-05, momentum=0.1, affine=True, track_running_stats=True)
        (2): ReLU6(inplace=True)
        (3): Conv2d(96, 96, kernel_size=(3, 3), stride=(1, 1), padding=(1, 1), groups=96, bias=False)
        (4): BatchNorm2d(96, eps=1e-05, momentum=0.1, affine=True, track_running_stats=True)
        (5): ReLU6(inplace=True)
        (6): Conv2d(96, 24, kernel_size=(1, 1), stride=(1, 1), bias=False)
        (7): BatchNorm2d(24, eps=1e-05, momentum=0.1, affine=True, track_running_stats=True)
      )
    )
    (3): InvertedResidual(
      (conv): Sequential(
        (0): Conv2d(24, 144, kernel_size=(1, 1), stride=(1, 1), bias=False)
        (1): BatchNorm2d(144, eps=1e-05, momentum=0.1, affine=True, track_running_stats=True)
        (2): ReLU6(inplace=True)
        (3): Conv2d(144, 144, kernel_size=(3, 3), stride=(1, 1), padding=(1, 1), groups=144, bias=False)
        (4): BatchNorm2d(144, eps=1e-05, momentum=0.1, affine=True, track_running_stats=True)
        (5): ReLU6(inplace=True)
        (6): Conv2d(144, 24, kernel_size=(1, 1), stride=(1, 1), bias=False)
        (7): BatchNorm2d(24, eps=1e-05, momentum=0.1, affine=True, track_running_stats=True)
      )
    )
    (4): InvertedResidual(
      (conv): Sequential(
        (0): Conv2d(24, 144, kernel_size=(1, 1), stride=(1, 1), bias=False)
        (1): BatchNorm2d(144, eps=1e-05, momentum=0.1, affine=True, track_running_stats=True)
        (2): ReLU6(inplace=True)
        (3): Conv2d(144, 144, kernel_size=(3, 3), stride=(2, 2), padding=(1, 1), groups=144, bias=False)
        (4): BatchNorm2d(144, eps=1e-05, momentum=0.1, affine=True, track_running_stats=True)
        (5): ReLU6(inplace=True)
        (6): Conv2d(144, 32, kernel_size=(1, 1), stride=(1, 1), bias=False)
        (7): BatchNorm2d(32, eps=1e-05, momentum=0.1, affine=True, track_running_stats=True)
      )
    )
    (5): InvertedResidual(
      (conv): Sequential(
        (0): Conv2d(32, 192, kernel_size=(1, 1), stride=(1, 1), bias=False)
        (1): BatchNorm2d(192, eps=1e-05, momentum=0.1, affine=True, track_running_stats=True)
        (2): ReLU6(inplace=True)
        (3): Conv2d(192, 192, kernel_size=(3, 3), stride=(1, 1), padding=(1, 1), groups=192, bias=False)
        (4): BatchNorm2d(192, eps=1e-05, momentum=0.1, affine=True, track_running_stats=True)
        (5): ReLU6(inplace=True)
        (6): Conv2d(192, 32, kernel_size=(1, 1), stride=(1, 1), bias=False)
        (7): BatchNorm2d(32, eps=1e-05, momentum=0.1, affine=True, track_running_stats=True)
      )
    )
    (6): InvertedResidual(
      (conv): Sequential(
        (0): Conv2d(32, 192, kernel_size=(1, 1), stride=(1, 1), bias=False)
        (1): BatchNorm2d(192, eps=1e-05, momentum=0.1, affine=True, track_running_stats=True)
        (2): ReLU6(inplace=True)
        (3): Conv2d(192, 192, kernel_size=(3, 3), stride=(1, 1), padding=(1, 1), groups=192, bias=False)
        (4): BatchNorm2d(192, eps=1e-05, momentum=0.1, affine=True, track_running_stats=True)
        (5): ReLU6(inplace=True)
        (6): Conv2d(192, 32, kernel_size=(1, 1), stride=(1, 1), bias=False)
        (7): BatchNorm2d(32, eps=1e-05, momentum=0.1, affine=True, track_running_stats=True)
      )
    )
    (7): InvertedResidual(
      (conv): Sequential(
        (0): Conv2d(32, 192, kernel_size=(1, 1), stride=(1, 1), bias=False)
        (1): BatchNorm2d(192, eps=1e-05, momentum=0.1, affine=True, track_running_stats=True)
        (2): ReLU6(inplace=True)
        (3): Conv2d(192, 192, kernel_size=(3, 3), stride=(2, 2), padding=(1, 1), groups=192, bias=False)
        (4): BatchNorm2d(192, eps=1e-05, momentum=0.1, affine=True, track_running_stats=True)
        (5): ReLU6(inplace=True)
        (6): Conv2d(192, 64, kernel_size=(1, 1), stride=(1, 1), bias=False)
        (7): BatchNorm2d(64, eps=1e-05, momentum=0.1, affine=True, track_running_stats=True)
      )
    )
    (8): InvertedResidual(
      (conv): Sequential(
        (0): Conv2d(64, 384, kernel_size=(1, 1), stride=(1, 1), bias=False)
        (1): BatchNorm2d(384, eps=1e-05, momentum=0.1, affine=True, track_running_stats=True)
        (2): ReLU6(inplace=True)
        (3): Conv2d(384, 384, kernel_size=(3, 3), stride=(1, 1), padding=(1, 1), groups=384, bias=False)
        (4): BatchNorm2d(384, eps=1e-05, momentum=0.1, affine=True, track_running_stats=True)
        (5): ReLU6(inplace=True)
        (6): Conv2d(384, 64, kernel_size=(1, 1), stride=(1, 1), bias=False)
        (7): BatchNorm2d(64, eps=1e-05, momentum=0.1, affine=True, track_running_stats=True)
      )
    )
    (9): InvertedResidual(
      (conv): Sequential(
        (0): Conv2d(64, 384, kernel_size=(1, 1), stride=(1, 1), bias=False)
        (1): BatchNorm2d(384, eps=1e-05, momentum=0.1, affine=True, track_running_stats=True)
        (2): ReLU6(inplace=True)
        (3): Conv2d(384, 384, kernel_size=(3, 3), stride=(1, 1), padding=(1, 1), groups=384, bias=False)
        (4): BatchNorm2d(384, eps=1e-05, momentum=0.1, affine=True, track_running_stats=True)
        (5): ReLU6(inplace=True)
        (6): Conv2d(384, 64, kernel_size=(1, 1), stride=(1, 1), bias=False)
        (7): BatchNorm2d(64, eps=1e-05, momentum=0.1, affine=True, track_running_stats=True)
      )
    )
    (10): InvertedResidual(
      (conv): Sequential(
        (0): Conv2d(64, 384, kernel_size=(1, 1), stride=(1, 1), bias=False)
        (1): BatchNorm2d(384, eps=1e-05, momentum=0.1, affine=True, track_running_stats=True)
        (2): ReLU6(inplace=True)
        (3): Conv2d(384, 384, kernel_size=(3, 3), stride=(1, 1), padding=(1, 1), groups=384, bias=False)
        (4): BatchNorm2d(384, eps=1e-05, momentum=0.1, affine=True, track_running_stats=True)
        (5): ReLU6(inplace=True)
        (6): Conv2d(384, 64, kernel_size=(1, 1), stride=(1, 1), bias=False)
        (7): BatchNorm2d(64, eps=1e-05, momentum=0.1, affine=True, track_running_stats=True)
      )
    )
    (11): InvertedResidual(
      (conv): Sequential(
        (0): Conv2d(64, 384, kernel_size=(1, 1), stride=(1, 1), bias=False)
        (1): BatchNorm2d(384, eps=1e-05, momentum=0.1, affine=True, track_running_stats=True)
        (2): ReLU6(inplace=True)
        (3): Conv2d(384, 384, kernel_size=(3, 3), stride=(1, 1), padding=(1, 1), groups=384, bias=False)
        (4): BatchNorm2d(384, eps=1e-05, momentum=0.1, affine=True, track_running_stats=True)
        (5): ReLU6(inplace=True)
        (6): Conv2d(384, 96, kernel_size=(1, 1), stride=(1, 1), bias=False)
        (7): BatchNorm2d(96, eps=1e-05, momentum=0.1, affine=True, track_running_stats=True)
      )
    )
    (12): InvertedResidual(
      (conv): Sequential(
        (0): Conv2d(96, 576, kernel_size=(1, 1), stride=(1, 1), bias=False)
        (1): BatchNorm2d(576, eps=1e-05, momentum=0.1, affine=True, track_running_stats=True)
        (2): ReLU6(inplace=True)
        (3): Conv2d(576, 576, kernel_size=(3, 3), stride=(1, 1), padding=(1, 1), groups=576, bias=False)
        (4): BatchNorm2d(576, eps=1e-05, momentum=0.1, affine=True, track_running_stats=True)
        (5): ReLU6(inplace=True)
        (6): Conv2d(576, 96, kernel_size=(1, 1), stride=(1, 1), bias=False)
        (7): BatchNorm2d(96, eps=1e-05, momentum=0.1, affine=True, track_running_stats=True)
      )
    )
    (13): InvertedResidual(
      (conv): Sequential(
        (0): Conv2d(96, 576, kernel_size=(1, 1), stride=(1, 1), bias=False)
        (1): BatchNorm2d(576, eps=1e-05, momentum=0.1, affine=True, track_running_stats=True)
        (2): ReLU6(inplace=True)
        (3): Conv2d(576, 576, kernel_size=(3, 3), stride=(1, 1), padding=(1, 1), groups=576, bias=False)
        (4): BatchNorm2d(576, eps=1e-05, momentum=0.1, affine=True, track_running_stats=True)
        (5): ReLU6(inplace=True)
        (6): Conv2d(576, 96, kernel_size=(1, 1), stride=(1, 1), bias=False)
        (7): BatchNorm2d(96, eps=1e-05, momentum=0.1, affine=True, track_running_stats=True)
      )
    )
    (14): InvertedResidual(
      (conv): Sequential(
        (0): Conv2d(96, 576, kernel_size=(1, 1), stride=(1, 1), bias=False)
        (1): BatchNorm2d(576, eps=1e-05, momentum=0.1, affine=True, track_running_stats=True)
        (2): ReLU6(inplace=True)
        (3): Conv2d(576, 576, kernel_size=(3, 3), stride=(2, 2), padding=(1, 1), groups=576, bias=False)
        (4): BatchNorm2d(576, eps=1e-05, momentum=0.1, affine=True, track_running_stats=True)
        (5): ReLU6(inplace=True)
        (6): Conv2d(576, 160, kernel_size=(1, 1), stride=(1, 1), bias=False)
        (7): BatchNorm2d(160, eps=1e-05, momentum=0.1, affine=True, track_running_stats=True)
      )
    )
    (15): InvertedResidual(
      (conv): Sequential(
        (0): Conv2d(160, 960, kernel_size=(1, 1), stride=(1, 1), bias=False)
        (1): BatchNorm2d(960, eps=1e-05, momentum=0.1, affine=True, track_running_stats=True)
        (2): ReLU6(inplace=True)
        (3): Conv2d(960, 960, kernel_size=(3, 3), stride=(1, 1), padding=(1, 1), groups=960, bias=False)
        (4): BatchNorm2d(960, eps=1e-05, momentum=0.1, affine=True, track_running_stats=True)
        (5): ReLU6(inplace=True)
        (6): Conv2d(960, 160, kernel_size=(1, 1), stride=(1, 1), bias=False)
        (7): BatchNorm2d(160, eps=1e-05, momentum=0.1, affine=True, track_running_stats=True)
      )
    )
    (16): InvertedResidual(
      (conv): Sequential(
        (0): Conv2d(160, 960, kernel_size=(1, 1), stride=(1, 1), bias=False)
        (1): BatchNorm2d(960, eps=1e-05, momentum=0.1, affine=True, track_running_stats=True)
        (2): ReLU6(inplace=True)
        (3): Conv2d(960, 960, kernel_size=(3, 3), stride=(1, 1), padding=(1, 1), groups=960, bias=False)
        (4): BatchNorm2d(960, eps=1e-05, momentum=0.1, affine=True, track_running_stats=True)
        (5): ReLU6(inplace=True)
        (6): Conv2d(960, 160, kernel_size=(1, 1), stride=(1, 1), bias=False)
        (7): BatchNorm2d(160, eps=1e-05, momentum=0.1, affine=True, track_running_stats=True)
      )
    )
    (17): InvertedResidual(
      (conv): Sequential(
        (0): Conv2d(160, 960, kernel_size=(1, 1), stride=(1, 1), bias=False)
        (1): BatchNorm2d(960, eps=1e-05, momentum=0.1, affine=True, track_running_stats=True)
        (2): ReLU6(inplace=True)
        (3): Conv2d(960, 960, kernel_size=(3, 3), stride=(1, 1), padding=(1, 1), groups=960, bias=False)
        (4): BatchNorm2d(960, eps=1e-05, momentum=0.1, affine=True, track_running_stats=True)
        (5): ReLU6(inplace=True)
        (6): Conv2d(960, 320, kernel_size=(1, 1), stride=(1, 1), bias=False)
        (7): BatchNorm2d(320, eps=1e-05, momentum=0.1, affine=True, track_running_stats=True)
      )
    )
  )
  (conv): Sequential(
    (0): Conv2d(320, 1280, kernel_size=(1, 1), stride=(1, 1), bias=False)
    (1): BatchNorm2d(1280, eps=1e-05, momentum=0.1, affine=True, track_running_stats=True)
    (2): ReLU6(inplace=True)
  )
  (avgpool): AdaptiveAvgPool2d(output_size=(1, 1))
  (classifier): Linear(in_features=1280, out_features=200, bias=True)
)
2024-04-27 22:43:40,993 - train - INFO - Model tiny_nas_mobilenetv2 created, param count:2480263
2024-04-27 22:43:41,176 - train - INFO - Using native Torch AMP. Training in mixed precision.
2024-04-27 22:43:41,177 - train - INFO - Scheduled epochs: 310
2024-04-27 22:43:41,445 - train - INFO - Verifying teacher model
2024-04-27 22:43:43,162 - train - INFO - Test: [   0/78]  Time: 1.715 (1.715)  Loss:  0.9253 (0.9253)  Acc@1: 82.8125 (82.8125)  Acc@5: 93.7500 (93.7500)
2024-04-27 22:43:43,814 - train - INFO - Test: [  50/78]  Time: 0.030 (0.046)  Loss:  1.4883 (1.5407)  Acc@1: 69.5312 (66.6054)  Acc@5: 89.8438 (86.7188)
2024-04-27 22:43:44,915 - train - INFO - Test: [  78/78]  Time: 0.772 (0.044)  Loss:  1.7324 (1.5639)  Acc@1: 68.7500 (66.1200)  Acc@5: 100.0000 (86.4400)
2024-04-27 22:43:44,915 - train - INFO - Verifying initial model
2024-04-27 22:43:45,114 - train - INFO - Test: [   0/78]  Time: 0.197 (0.197)  Loss:  0.9253 (0.9253)  Acc@1: 82.8125 (82.8125)  Acc@5: 93.7500 (93.7500)
2024-04-27 22:43:51,859 - train - INFO - Test: [  50/78]  Time: 0.171 (0.136)  Loss:  1.4883 (1.5407)  Acc@1: 69.5312 (66.6054)  Acc@5: 89.8438 (86.7188)
2024-04-27 22:43:56,009 - train - INFO - Test: [  78/78]  Time: 0.140 (0.140)  Loss:  1.7324 (1.5639)  Acc@1: 68.7500 (66.1200)  Acc@5: 100.0000 (86.4400)
2024-04-27 22:43:59,078 - train - INFO - Train: 0 [   0/781 (  0%)]  Loss:  5.653008 (5.6530)  Time: 3.065s,   41.76/s  (3.065s,   41.76/s)  LR: 1.000e-05  Data: 0.279 (0.279)
2024-04-27 22:44:11,892 - train - INFO - Train: 0 [  50/781 (  6%)]  Loss:  5.547003 (5.5588)  Time: 0.302s,  423.55/s  (0.311s,  411.15/s)  LR: 1.000e-05  Data: 0.006 (0.012)
2024-04-27 22:44:25,527 - train - INFO - Train: 0 [ 100/781 ( 13%)]  Loss:  5.375880 (5.4912)  Time: 0.209s,  613.45/s  (0.292s,  438.08/s)  LR: 1.000e-05  Data: 0.008 (0.009)
2024-04-27 22:44:39,271 - train - INFO - Train: 0 [ 150/781 ( 19%)]  Loss:  5.329961 (5.4438)  Time: 0.297s,  430.88/s  (0.286s,  446.86/s)  LR: 1.000e-05  Data: 0.009 (0.009)
2024-04-27 22:44:52,674 - train - INFO - Train: 0 [ 200/781 ( 26%)]  Loss:  5.271452 (5.4123)  Time: 0.194s,  660.28/s  (0.282s,  454.12/s)  LR: 1.000e-05  Data: 0.005 (0.008)
2024-04-27 22:45:06,331 - train - INFO - Train: 0 [ 250/781 ( 32%)]  Loss:  5.170622 (5.3804)  Time: 0.233s,  549.04/s  (0.280s,  456.96/s)  LR: 1.000e-05  Data: 0.005 (0.008)
2024-04-27 22:45:19,671 - train - INFO - Train: 0 [ 300/781 ( 38%)]  Loss:  5.282603 (5.3492)  Time: 0.295s,  434.18/s  (0.278s,  460.60/s)  LR: 1.000e-05  Data: 0.004 (0.008)
2024-04-27 22:45:33,414 - train - INFO - Train: 0 [ 350/781 ( 45%)]  Loss:  5.164114 (5.3224)  Time: 0.224s,  571.49/s  (0.277s,  461.32/s)  LR: 1.000e-05  Data: 0.010 (0.007)
2024-04-27 22:45:47,197 - train - INFO - Train: 0 [ 400/781 ( 51%)]  Loss:  5.135582 (5.3038)  Time: 0.239s,  535.70/s  (0.277s,  461.71/s)  LR: 1.000e-05  Data: 0.008 (0.007)
2024-04-27 22:46:00,445 - train - INFO - Train: 0 [ 450/781 ( 58%)]  Loss:  5.222983 (5.2845)  Time: 0.257s,  498.94/s  (0.276s,  463.99/s)  LR: 1.000e-05  Data: 0.004 (0.007)
2024-04-27 22:46:14,544 - train - INFO - Train: 0 [ 500/781 ( 64%)]  Loss:  5.160232 (5.2646)  Time: 0.237s,  540.84/s  (0.276s,  462.97/s)  LR: 1.000e-05  Data: 0.007 (0.007)
2024-04-27 22:46:28,072 - train - INFO - Train: 0 [ 550/781 ( 71%)]  Loss:  5.067121 (5.2476)  Time: 0.268s,  478.23/s  (0.276s,  463.87/s)  LR: 1.000e-05  Data: 0.005 (0.007)
2024-04-27 22:46:41,336 - train - INFO - Train: 0 [ 600/781 ( 77%)]  Loss:  4.849853 (5.2292)  Time: 0.273s,  469.47/s  (0.275s,  465.37/s)  LR: 1.000e-05  Data: 0.007 (0.007)
2024-04-27 22:46:55,361 - train - INFO - Train: 0 [ 650/781 ( 83%)]  Loss:  5.171430 (5.2169)  Time: 0.249s,  513.57/s  (0.275s,  464.67/s)  LR: 1.000e-05  Data: 0.007 (0.007)
2024-04-27 22:47:08,647 - train - INFO - Train: 0 [ 700/781 ( 90%)]  Loss:  4.826822 (5.2037)  Time: 0.273s,  468.33/s  (0.275s,  465.85/s)  LR: 1.000e-05  Data: 0.006 (0.007)
2024-04-27 22:47:21,957 - train - INFO - Train: 0 [ 750/781 ( 96%)]  Loss:  5.128869 (5.1906)  Time: 0.324s,  395.38/s  (0.274s,  466.82/s)  LR: 1.000e-05  Data: 0.008 (0.007)
2024-04-27 22:47:30,303 - train - INFO - Train: 0 [ 780/781 (100%)]  Loss:  5.124741 (5.1839)  Time: 0.251s,  509.68/s  (0.274s,  466.56/s)  LR: 1.000e-05  Data: 0.000 (0.007)
2024-04-27 22:47:30,607 - train - INFO - Test: [   0/78]  Time: 0.301 (0.301)  Loss:  3.9727 (3.9727)  Acc@1: 12.5000 (12.5000)  Acc@5: 41.4062 (41.4062)
2024-04-27 22:47:39,311 - train - INFO - Test: [  50/78]  Time: 0.083 (0.177)  Loss:  3.9863 (4.4082)  Acc@1: 21.0938 ( 8.6244)  Acc@5: 40.6250 (25.9344)
2024-04-27 22:47:45,232 - train - INFO - Test: [  78/78]  Time: 0.206 (0.189)  Loss:  4.0859 (4.3685)  Acc@1: 25.0000 ( 9.4600)  Acc@5: 37.5000 (27.1400)
2024-04-27 22:47:45,754 - train - INFO - Train: 1 [   0/781 (  0%)]  Loss:  5.056691 (5.0567)  Time: 0.436s,  293.66/s  (0.436s,  293.66/s)  LR: 6.400e-05  Data: 0.124 (0.124)
2024-04-27 22:47:59,181 - train - INFO - Train: 1 [  50/781 (  6%)]  Loss:  5.034762 (4.9822)  Time: 0.281s,  455.92/s  (0.272s,  470.94/s)  LR: 6.400e-05  Data: 0.006 (0.007)
2024-04-27 22:48:13,714 - train - INFO - Train: 1 [ 100/781 ( 13%)]  Loss:  4.868434 (4.9339)  Time: 0.325s,  393.92/s  (0.281s,  455.30/s)  LR: 6.400e-05  Data: 0.007 (0.007)
2024-04-27 22:48:26,993 - train - INFO - Train: 1 [ 150/781 ( 19%)]  Loss:  4.693098 (4.9024)  Time: 0.308s,  415.29/s  (0.276s,  463.81/s)  LR: 6.400e-05  Data: 0.009 (0.006)
2024-04-27 22:48:39,989 - train - INFO - Train: 1 [ 200/781 ( 26%)]  Loss:  4.777117 (4.8772)  Time: 0.274s,  467.25/s  (0.272s,  470.63/s)  LR: 6.400e-05  Data: 0.007 (0.006)
2024-04-27 22:48:54,126 - train - INFO - Train: 1 [ 250/781 ( 32%)]  Loss:  4.673109 (4.8628)  Time: 0.298s,  429.91/s  (0.274s,  466.96/s)  LR: 6.400e-05  Data: 0.007 (0.006)
2024-04-27 22:49:09,597 - train - INFO - Train: 1 [ 300/781 ( 38%)]  Loss:  4.693046 (4.8411)  Time: 0.285s,  448.76/s  (0.280s,  457.19/s)  LR: 6.400e-05  Data: 0.007 (0.006)
2024-04-27 22:49:25,836 - train - INFO - Train: 1 [ 350/781 ( 45%)]  Loss:  4.772521 (4.8240)  Time: 0.344s,  372.02/s  (0.286s,  447.00/s)  LR: 6.400e-05  Data: 0.009 (0.006)
2024-04-27 22:49:43,970 - train - INFO - Train: 1 [ 400/781 ( 51%)]  Loss:  4.924821 (4.8079)  Time: 0.254s,  503.83/s  (0.296s,  432.63/s)  LR: 6.400e-05  Data: 0.005 (0.006)
2024-04-27 22:50:00,084 - train - INFO - Train: 1 [ 450/781 ( 58%)]  Loss:  4.643620 (4.7876)  Time: 0.275s,  464.95/s  (0.299s,  428.39/s)  LR: 6.400e-05  Data: 0.007 (0.006)
2024-04-27 22:50:17,315 - train - INFO - Train: 1 [ 500/781 ( 64%)]  Loss:  4.662198 (4.7689)  Time: 0.356s,  359.57/s  (0.303s,  421.94/s)  LR: 6.400e-05  Data: 0.004 (0.006)
2024-04-27 22:50:34,456 - train - INFO - Train: 1 [ 550/781 ( 71%)]  Loss:  4.243230 (4.7518)  Time: 0.397s,  322.05/s  (0.307s,  417.02/s)  LR: 6.400e-05  Data: 0.004 (0.006)
2024-04-27 22:50:50,872 - train - INFO - Train: 1 [ 600/781 ( 77%)]  Loss:  4.779420 (4.7412)  Time: 0.332s,  385.96/s  (0.309s,  414.62/s)  LR: 6.400e-05  Data: 0.007 (0.006)
2024-04-27 22:51:09,137 - train - INFO - Train: 1 [ 650/781 ( 83%)]  Loss:  4.573111 (4.7267)  Time: 0.324s,  394.87/s  (0.313s,  408.86/s)  LR: 6.400e-05  Data: 0.006 (0.006)
2024-04-27 22:51:25,795 - train - INFO - Train: 1 [ 700/781 ( 90%)]  Loss:  4.175184 (4.7090)  Time: 0.388s,  329.70/s  (0.314s,  407.00/s)  LR: 6.400e-05  Data: 0.008 (0.006)
2024-04-27 22:51:42,755 - train - INFO - Train: 1 [ 750/781 ( 96%)]  Loss:  4.714175 (4.6979)  Time: 0.335s,  382.00/s  (0.316s,  404.89/s)  LR: 6.400e-05  Data: 0.005 (0.006)
2024-04-27 22:51:53,630 - train - INFO - Train: 1 [ 780/781 (100%)]  Loss:  4.501597 (4.6892)  Time: 0.346s,  370.46/s  (0.318s,  402.62/s)  LR: 6.400e-05  Data: 0.000 (0.006)
2024-04-27 22:51:54,007 - train - INFO - Test: [   0/78]  Time: 0.375 (0.375)  Loss:  2.4688 (2.4688)  Acc@1: 48.4375 (48.4375)  Acc@5: 72.6562 (72.6562)
2024-04-27 22:52:06,906 - train - INFO - Test: [  50/78]  Time: 0.327 (0.260)  Loss:  3.0508 (3.3909)  Acc@1: 33.5938 (24.6017)  Acc@5: 59.3750 (51.9301)
2024-04-27 22:52:13,589 - train - INFO - Test: [  78/78]  Time: 0.170 (0.253)  Loss:  3.5996 (3.3779)  Acc@1: 18.7500 (25.1200)  Acc@5: 56.2500 (51.9000)
2024-04-27 22:52:14,017 - train - INFO - Train: 2 [   0/781 (  0%)]  Loss:  4.300582 (4.3006)  Time: 0.347s,  368.59/s  (0.347s,  368.59/s)  LR: 1.180e-04  Data: 0.189 (0.189)
2024-04-27 22:52:31,586 - train - INFO - Train: 2 [  50/781 (  6%)]  Loss:  4.600170 (4.5585)  Time: 0.362s,  354.05/s  (0.351s,  364.39/s)  LR: 1.180e-04  Data: 0.004 (0.010)
2024-04-27 22:52:48,680 - train - INFO - Train: 2 [ 100/781 ( 13%)]  Loss:  4.327681 (4.5258)  Time: 0.408s,  313.47/s  (0.347s,  369.29/s)  LR: 1.180e-04  Data: 0.005 (0.008)
2024-04-27 22:53:05,836 - train - INFO - Train: 2 [ 150/781 ( 19%)]  Loss:  4.259702 (4.5004)  Time: 0.371s,  344.71/s  (0.345s,  370.54/s)  LR: 1.180e-04  Data: 0.004 (0.007)
2024-04-27 22:53:23,762 - train - INFO - Train: 2 [ 200/781 ( 26%)]  Loss:  4.685143 (4.4898)  Time: 0.335s,  381.85/s  (0.349s,  367.08/s)  LR: 1.180e-04  Data: 0.006 (0.007)
2024-04-27 22:53:40,050 - train - INFO - Train: 2 [ 250/781 ( 32%)]  Loss:  4.296961 (4.4780)  Time: 0.306s,  418.19/s  (0.344s,  371.97/s)  LR: 1.180e-04  Data: 0.007 (0.007)
2024-04-27 22:53:55,691 - train - INFO - Train: 2 [ 300/781 ( 38%)]  Loss:  4.872017 (4.4722)  Time: 0.340s,  376.70/s  (0.339s,  377.68/s)  LR: 1.180e-04  Data: 0.009 (0.007)
2024-04-27 22:54:13,726 - train - INFO - Train: 2 [ 350/781 ( 45%)]  Loss:  4.404070 (4.4618)  Time: 0.282s,  454.53/s  (0.342s,  374.25/s)  LR: 1.180e-04  Data: 0.004 (0.007)
2024-04-27 22:54:29,612 - train - INFO - Train: 2 [ 400/781 ( 51%)]  Loss:  4.643970 (4.4530)  Time: 0.279s,  458.04/s  (0.339s,  377.60/s)  LR: 1.180e-04  Data: 0.008 (0.007)
2024-04-27 22:54:47,074 - train - INFO - Train: 2 [ 450/781 ( 58%)]  Loss:  4.301948 (4.4418)  Time: 0.378s,  339.03/s  (0.340s,  376.35/s)  LR: 1.180e-04  Data: 0.008 (0.007)
2024-04-27 22:55:03,718 - train - INFO - Train: 2 [ 500/781 ( 64%)]  Loss:  4.286058 (4.4262)  Time: 0.364s,  351.95/s  (0.339s,  377.15/s)  LR: 1.180e-04  Data: 0.009 (0.006)
2024-04-27 22:55:20,750 - train - INFO - Train: 2 [ 550/781 ( 71%)]  Loss:  4.379036 (4.4140)  Time: 0.316s,  405.25/s  (0.339s,  377.03/s)  LR: 1.180e-04  Data: 0.004 (0.006)
2024-04-27 22:55:38,813 - train - INFO - Train: 2 [ 600/781 ( 77%)]  Loss:  4.331004 (4.4041)  Time: 0.338s,  378.24/s  (0.341s,  375.03/s)  LR: 1.180e-04  Data: 0.004 (0.006)
2024-04-27 22:55:55,725 - train - INFO - Train: 2 [ 650/781 ( 83%)]  Loss:  4.782023 (4.3972)  Time: 0.383s,  334.37/s  (0.341s,  375.29/s)  LR: 1.180e-04  Data: 0.004 (0.006)
2024-04-27 22:56:12,906 - train - INFO - Train: 2 [ 700/781 ( 90%)]  Loss:  4.551402 (4.3879)  Time: 0.388s,  329.97/s  (0.341s,  375.09/s)  LR: 1.180e-04  Data: 0.004 (0.006)
2024-04-27 22:56:30,278 - train - INFO - Train: 2 [ 750/781 ( 96%)]  Loss:  4.705641 (4.3817)  Time: 0.285s,  448.97/s  (0.342s,  374.64/s)  LR: 1.180e-04  Data: 0.008 (0.006)
2024-04-27 22:56:40,298 - train - INFO - Train: 2 [ 780/781 (100%)]  Loss:  4.024371 (4.3778)  Time: 0.353s,  362.70/s  (0.341s,  374.97/s)  LR: 1.180e-04  Data: 0.000 (0.006)
2024-04-27 22:56:40,662 - train - INFO - Test: [   0/78]  Time: 0.362 (0.362)  Loss:  1.8008 (1.8008)  Acc@1: 64.0625 (64.0625)  Acc@5: 82.0312 (82.0312)
2024-04-27 22:56:53,394 - train - INFO - Test: [  50/78]  Time: 0.288 (0.257)  Loss:  2.6777 (2.8965)  Acc@1: 40.6250 (33.9767)  Acc@5: 61.7188 (61.2745)
2024-04-27 22:57:01,373 - train - INFO - Test: [  78/78]  Time: 0.302 (0.267)  Loss:  3.0605 (2.8871)  Acc@1: 18.7500 (34.4300)  Acc@5: 68.7500 (61.6700)
2024-04-27 22:57:01,982 - train - INFO - Train: 3 [   0/781 (  0%)]  Loss:  4.527806 (4.5278)  Time: 0.530s,  241.55/s  (0.530s,  241.55/s)  LR: 1.720e-04  Data: 0.125 (0.125)
2024-04-27 22:57:18,676 - train - INFO - Train: 3 [  50/781 (  6%)]  Loss:  4.619801 (4.2727)  Time: 0.402s,  318.50/s  (0.338s,  379.04/s)  LR: 1.720e-04  Data: 0.008 (0.008)
2024-04-27 22:57:35,805 - train - INFO - Train: 3 [ 100/781 ( 13%)]  Loss:  4.592038 (4.2301)  Time: 0.355s,  361.04/s  (0.340s,  376.36/s)  LR: 1.720e-04  Data: 0.004 (0.007)
2024-04-27 22:57:53,995 - train - INFO - Train: 3 [ 150/781 ( 19%)]  Loss:  4.569332 (4.2040)  Time: 0.393s,  326.05/s  (0.348s,  367.87/s)  LR: 1.720e-04  Data: 0.004 (0.006)
2024-04-27 22:58:09,988 - train - INFO - Train: 3 [ 200/781 ( 26%)]  Loss:  4.286620 (4.1903)  Time: 0.282s,  453.81/s  (0.341s,  375.42/s)  LR: 1.720e-04  Data: 0.004 (0.006)
2024-04-27 22:58:26,067 - train - INFO - Train: 3 [ 250/781 ( 32%)]  Loss:  3.694456 (4.1963)  Time: 0.377s,  339.94/s  (0.337s,  379.72/s)  LR: 1.720e-04  Data: 0.005 (0.006)
2024-04-27 22:58:43,637 - train - INFO - Train: 3 [ 300/781 ( 38%)]  Loss:  4.559554 (4.1998)  Time: 0.266s,  480.44/s  (0.339s,  377.07/s)  LR: 1.720e-04  Data: 0.007 (0.006)
2024-04-27 22:58:59,336 - train - INFO - Train: 3 [ 350/781 ( 45%)]  Loss:  4.456137 (4.1917)  Time: 0.381s,  336.39/s  (0.336s,  381.15/s)  LR: 1.720e-04  Data: 0.004 (0.006)
2024-04-27 22:59:17,681 - train - INFO - Train: 3 [ 400/781 ( 51%)]  Loss:  4.192170 (4.1869)  Time: 0.329s,  389.57/s  (0.340s,  376.81/s)  LR: 1.720e-04  Data: 0.005 (0.006)
2024-04-27 22:59:34,462 - train - INFO - Train: 3 [ 450/781 ( 58%)]  Loss:  4.339110 (4.1808)  Time: 0.390s,  328.24/s  (0.339s,  377.31/s)  LR: 1.720e-04  Data: 0.005 (0.006)
2024-04-27 22:59:51,393 - train - INFO - Train: 3 [ 500/781 ( 64%)]  Loss:  3.767443 (4.1768)  Time: 0.403s,  317.64/s  (0.339s,  377.39/s)  LR: 1.720e-04  Data: 0.004 (0.006)
2024-04-27 23:00:09,330 - train - INFO - Train: 3 [ 550/781 ( 71%)]  Loss:  3.960092 (4.1664)  Time: 0.367s,  349.08/s  (0.341s,  375.42/s)  LR: 1.720e-04  Data: 0.006 (0.006)
2024-04-27 23:00:25,264 - train - INFO - Train: 3 [ 600/781 ( 77%)]  Loss:  4.134460 (4.1621)  Time: 0.267s,  480.08/s  (0.339s,  377.48/s)  LR: 1.720e-04  Data: 0.007 (0.006)
2024-04-27 23:00:43,762 - train - INFO - Train: 3 [ 650/781 ( 83%)]  Loss:  3.989264 (4.1587)  Time: 0.364s,  351.49/s  (0.341s,  374.86/s)  LR: 1.720e-04  Data: 0.004 (0.006)
2024-04-27 23:01:00,888 - train - INFO - Train: 3 [ 700/781 ( 90%)]  Loss:  3.870393 (4.1559)  Time: 0.346s,  369.71/s  (0.342s,  374.78/s)  LR: 1.720e-04  Data: 0.004 (0.006)
2024-04-27 23:01:17,577 - train - INFO - Train: 3 [ 750/781 ( 96%)]  Loss:  3.677120 (4.1524)  Time: 0.335s,  382.03/s  (0.341s,  375.35/s)  LR: 1.720e-04  Data: 0.008 (0.006)
2024-04-27 23:01:28,592 - train - INFO - Train: 3 [ 780/781 (100%)]  Loss:  3.845516 (4.1494)  Time: 0.366s,  350.05/s  (0.342s,  374.25/s)  LR: 1.720e-04  Data: 0.000 (0.006)
2024-04-27 23:01:28,970 - train - INFO - Test: [   0/78]  Time: 0.375 (0.375)  Loss:  1.8496 (1.8496)  Acc@1: 60.1562 (60.1562)  Acc@5: 80.4688 (80.4688)
2024-04-27 23:01:42,671 - train - INFO - Test: [  50/78]  Time: 0.212 (0.276)  Loss:  2.8828 (2.6381)  Acc@1: 35.9375 (38.3578)  Acc@5: 61.7188 (67.6777)
2024-04-27 23:01:49,670 - train - INFO - Test: [  78/78]  Time: 0.286 (0.267)  Loss:  3.2402 (2.6177)  Acc@1: 25.0000 (38.9500)  Acc@5: 62.5000 (68.0400)
2024-04-27 23:01:50,277 - train - INFO - Train: 4 [   0/781 (  0%)]  Loss:  3.758848 (3.7588)  Time: 0.522s,  245.17/s  (0.522s,  245.17/s)  LR: 2.260e-04  Data: 0.131 (0.131)
2024-04-27 23:02:07,418 - train - INFO - Train: 4 [  50/781 (  6%)]  Loss:  4.291742 (4.0170)  Time: 0.360s,  355.07/s  (0.346s,  369.62/s)  LR: 2.260e-04  Data: 0.005 (0.008)
2024-04-27 23:02:25,397 - train - INFO - Train: 4 [ 100/781 ( 13%)]  Loss:  4.230366 (4.0534)  Time: 0.302s,  423.84/s  (0.353s,  362.75/s)  LR: 2.260e-04  Data: 0.005 (0.007)
2024-04-27 23:02:40,903 - train - INFO - Train: 4 [ 150/781 ( 19%)]  Loss:  4.322955 (4.0620)  Time: 0.333s,  384.23/s  (0.339s,  377.92/s)  LR: 2.260e-04  Data: 0.006 (0.007)
2024-04-27 23:02:58,306 - train - INFO - Train: 4 [ 200/781 ( 26%)]  Loss:  3.826755 (4.0736)  Time: 0.335s,  382.41/s  (0.341s,  375.34/s)  LR: 2.260e-04  Data: 0.008 (0.006)
2024-04-27 23:03:15,399 - train - INFO - Train: 4 [ 250/781 ( 32%)]  Loss:  4.173584 (4.0596)  Time: 0.340s,  376.35/s  (0.341s,  375.17/s)  LR: 2.260e-04  Data: 0.008 (0.006)
2024-04-27 23:03:32,434 - train - INFO - Train: 4 [ 300/781 ( 38%)]  Loss:  4.354263 (4.0447)  Time: 0.406s,  315.31/s  (0.341s,  375.26/s)  LR: 2.260e-04  Data: 0.008 (0.006)
2024-04-27 23:03:51,028 - train - INFO - Train: 4 [ 350/781 ( 45%)]  Loss:  4.082121 (4.0493)  Time: 0.351s,  364.75/s  (0.345s,  370.50/s)  LR: 2.260e-04  Data: 0.008 (0.006)
2024-04-27 23:04:06,800 - train - INFO - Train: 4 [ 400/781 ( 51%)]  Loss:  3.699762 (4.0475)  Time: 0.297s,  431.68/s  (0.342s,  374.57/s)  LR: 2.260e-04  Data: 0.006 (0.006)
2024-04-27 23:04:24,400 - train - INFO - Train: 4 [ 450/781 ( 58%)]  Loss:  3.714109 (4.0427)  Time: 0.361s,  354.41/s  (0.343s,  373.33/s)  LR: 2.260e-04  Data: 0.007 (0.006)
2024-04-27 23:04:41,311 - train - INFO - Train: 4 [ 500/781 ( 64%)]  Loss:  4.397532 (4.0460)  Time: 0.281s,  455.21/s  (0.342s,  373.83/s)  LR: 2.260e-04  Data: 0.007 (0.006)
2024-04-27 23:04:57,900 - train - INFO - Train: 4 [ 550/781 ( 71%)]  Loss:  3.984710 (4.0509)  Time: 0.374s,  342.14/s  (0.341s,  374.89/s)  LR: 2.260e-04  Data: 0.006 (0.006)
2024-04-27 23:05:16,102 - train - INFO - Train: 4 [ 600/781 ( 77%)]  Loss:  4.398933 (4.0436)  Time: 0.323s,  396.03/s  (0.343s,  372.84/s)  LR: 2.260e-04  Data: 0.004 (0.006)
2024-04-27 23:05:32,020 - train - INFO - Train: 4 [ 650/781 ( 83%)]  Loss:  3.805024 (4.0341)  Time: 0.374s,  342.47/s  (0.341s,  374.93/s)  LR: 2.260e-04  Data: 0.004 (0.006)
2024-04-27 23:05:48,428 - train - INFO - Train: 4 [ 700/781 ( 90%)]  Loss:  4.308211 (4.0312)  Time: 0.370s,  345.88/s  (0.340s,  375.97/s)  LR: 2.260e-04  Data: 0.007 (0.006)
2024-04-27 23:06:06,815 - train - INFO - Train: 4 [ 750/781 ( 96%)]  Loss:  3.853758 (4.0257)  Time: 0.358s,  357.29/s  (0.342s,  373.98/s)  LR: 2.260e-04  Data: 0.007 (0.006)
2024-04-27 23:06:16,484 - train - INFO - Train: 4 [ 780/781 (100%)]  Loss:  3.680727 (4.0237)  Time: 0.373s,  343.56/s  (0.341s,  374.82/s)  LR: 2.260e-04  Data: 0.000 (0.006)
2024-04-27 23:06:16,835 - train - INFO - Test: [   0/78]  Time: 0.350 (0.350)  Loss:  1.5225 (1.5225)  Acc@1: 64.8438 (64.8438)  Acc@5: 87.5000 (87.5000)
2024-04-27 23:06:29,398 - train - INFO - Test: [  50/78]  Time: 0.305 (0.253)  Loss:  2.6836 (2.4942)  Acc@1: 39.8438 (41.9884)  Acc@5: 67.9688 (70.3125)
2024-04-27 23:06:37,595 - train - INFO - Test: [  78/78]  Time: 0.260 (0.267)  Loss:  2.8789 (2.5016)  Acc@1: 31.2500 (42.2300)  Acc@5: 62.5000 (70.4200)
2024-04-27 23:06:38,198 - train - INFO - Train: 5 [   0/781 (  0%)]  Loss:  3.562146 (3.5621)  Time: 0.522s,  245.35/s  (0.522s,  245.35/s)  LR: 2.800e-04  Data: 0.132 (0.132)
2024-04-27 23:06:54,715 - train - INFO - Train: 5 [  50/781 (  6%)]  Loss:  4.175264 (3.9084)  Time: 0.248s,  516.61/s  (0.334s,  383.16/s)  LR: 2.800e-04  Data: 0.006 (0.008)
2024-04-27 23:07:11,432 - train - INFO - Train: 5 [ 100/781 ( 13%)]  Loss:  3.571017 (3.9185)  Time: 0.395s,  324.02/s  (0.334s,  383.02/s)  LR: 2.800e-04  Data: 0.005 (0.007)
2024-04-27 23:07:29,020 - train - INFO - Train: 5 [ 150/781 ( 19%)]  Loss:  4.417520 (3.9238)  Time: 0.358s,  357.17/s  (0.340s,  376.47/s)  LR: 2.800e-04  Data: 0.005 (0.006)
2024-04-27 23:07:45,302 - train - INFO - Train: 5 [ 200/781 ( 26%)]  Loss:  3.516130 (3.9015)  Time: 0.309s,  413.76/s  (0.336s,  380.48/s)  LR: 2.800e-04  Data: 0.006 (0.006)
2024-04-27 23:08:02,008 - train - INFO - Train: 5 [ 250/781 ( 32%)]  Loss:  3.904869 (3.9105)  Time: 0.406s,  315.15/s  (0.336s,  381.00/s)  LR: 2.800e-04  Data: 0.005 (0.006)
2024-04-27 23:08:19,880 - train - INFO - Train: 5 [ 300/781 ( 38%)]  Loss:  3.247737 (3.9113)  Time: 0.386s,  331.29/s  (0.340s,  377.00/s)  LR: 2.800e-04  Data: 0.007 (0.006)
2024-04-27 23:08:35,479 - train - INFO - Train: 5 [ 350/781 ( 45%)]  Loss:  4.251495 (3.9234)  Time: 0.268s,  477.45/s  (0.336s,  381.41/s)  LR: 2.800e-04  Data: 0.006 (0.006)
2024-04-27 23:08:53,027 - train - INFO - Train: 5 [ 400/781 ( 51%)]  Loss:  4.194571 (3.9249)  Time: 0.330s,  387.30/s  (0.338s,  379.25/s)  LR: 2.800e-04  Data: 0.006 (0.006)
2024-04-27 23:09:09,970 - train - INFO - Train: 5 [ 450/781 ( 58%)]  Loss:  3.328115 (3.9223)  Time: 0.386s,  331.42/s  (0.338s,  379.09/s)  LR: 2.800e-04  Data: 0.005 (0.006)
2024-04-27 23:09:27,505 - train - INFO - Train: 5 [ 500/781 ( 64%)]  Loss:  3.673712 (3.9214)  Time: 0.407s,  314.39/s  (0.339s,  377.63/s)  LR: 2.800e-04  Data: 0.004 (0.006)
2024-04-27 23:09:45,841 - train - INFO - Train: 5 [ 550/781 ( 71%)]  Loss:  3.383286 (3.9128)  Time: 0.378s,  338.20/s  (0.341s,  374.85/s)  LR: 2.800e-04  Data: 0.004 (0.006)
2024-04-27 23:10:02,040 - train - INFO - Train: 5 [ 600/781 ( 77%)]  Loss:  4.116244 (3.9102)  Time: 0.288s,  444.28/s  (0.340s,  376.46/s)  LR: 2.800e-04  Data: 0.008 (0.006)
2024-04-27 23:10:18,761 - train - INFO - Train: 5 [ 650/781 ( 83%)]  Loss:  3.362101 (3.9071)  Time: 0.391s,  327.03/s  (0.340s,  376.93/s)  LR: 2.800e-04  Data: 0.005 (0.006)
2024-04-27 23:10:36,452 - train - INFO - Train: 5 [ 700/781 ( 90%)]  Loss:  3.613524 (3.9073)  Time: 0.277s,  462.80/s  (0.341s,  375.81/s)  LR: 2.800e-04  Data: 0.007 (0.006)
2024-04-27 23:10:52,352 - train - INFO - Train: 5 [ 750/781 ( 96%)]  Loss:  4.349822 (3.9082)  Time: 0.358s,  357.80/s  (0.339s,  377.48/s)  LR: 2.800e-04  Data: 0.008 (0.006)
2024-04-27 23:11:03,643 - train - INFO - Train: 5 [ 780/781 (100%)]  Loss:  4.299317 (3.9098)  Time: 0.362s,  353.39/s  (0.341s,  375.90/s)  LR: 2.800e-04  Data: 0.000 (0.006)
2024-04-27 23:11:04,074 - train - INFO - Test: [   0/78]  Time: 0.429 (0.429)  Loss:  1.1270 (1.1270)  Acc@1: 75.0000 (75.0000)  Acc@5: 92.1875 (92.1875)
2024-04-27 23:11:18,381 - train - INFO - Test: [  50/78]  Time: 0.189 (0.289)  Loss:  2.2891 (2.3757)  Acc@1: 50.0000 (44.5312)  Acc@5: 74.2188 (71.9975)
2024-04-27 23:11:25,070 - train - INFO - Test: [  78/78]  Time: 0.302 (0.271)  Loss:  2.2754 (2.3770)  Acc@1: 43.7500 (44.8600)  Acc@5: 75.0000 (72.1400)
2024-04-27 23:11:25,715 - train - INFO - Train: 6 [   0/781 (  0%)]  Loss:  3.722697 (3.7227)  Time: 0.556s,  230.31/s  (0.556s,  230.31/s)  LR: 3.340e-04  Data: 0.133 (0.133)
2024-04-27 23:11:42,568 - train - INFO - Train: 6 [  50/781 (  6%)]  Loss:  3.788311 (3.8748)  Time: 0.381s,  336.14/s  (0.341s,  375.01/s)  LR: 3.340e-04  Data: 0.014 (0.008)
2024-04-27 23:12:00,182 - train - INFO - Train: 6 [ 100/781 ( 13%)]  Loss:  3.666511 (3.9058)  Time: 0.363s,  352.57/s  (0.347s,  369.16/s)  LR: 3.340e-04  Data: 0.007 (0.007)
2024-04-27 23:12:15,596 - train - INFO - Train: 6 [ 150/781 ( 19%)]  Loss:  4.414081 (3.9187)  Time: 0.248s,  516.50/s  (0.334s,  383.24/s)  LR: 3.340e-04  Data: 0.005 (0.007)
2024-04-27 23:12:33,272 - train - INFO - Train: 6 [ 200/781 ( 26%)]  Loss:  4.271655 (3.9070)  Time: 0.315s,  406.26/s  (0.339s,  377.75/s)  LR: 3.340e-04  Data: 0.004 (0.006)
2024-04-27 23:12:50,045 - train - INFO - Train: 6 [ 250/781 ( 32%)]  Loss:  4.078884 (3.9122)  Time: 0.256s,  500.44/s  (0.338s,  378.51/s)  LR: 3.340e-04  Data: 0.008 (0.006)
2024-04-27 23:13:06,799 - train - INFO - Train: 6 [ 300/781 ( 38%)]  Loss:  3.748067 (3.9056)  Time: 0.347s,  369.31/s  (0.338s,  379.09/s)  LR: 3.340e-04  Data: 0.008 (0.006)
2024-04-27 23:13:24,767 - train - INFO - Train: 6 [ 350/781 ( 45%)]  Loss:  3.308721 (3.9043)  Time: 0.351s,  364.29/s  (0.341s,  375.65/s)  LR: 3.340e-04  Data: 0.008 (0.006)
2024-04-27 23:13:41,206 - train - INFO - Train: 6 [ 400/781 ( 51%)]  Loss:  4.387202 (3.9005)  Time: 0.379s,  337.71/s  (0.339s,  377.31/s)  LR: 3.340e-04  Data: 0.004 (0.006)
2024-04-27 23:13:57,971 - train - INFO - Train: 6 [ 450/781 ( 58%)]  Loss:  3.560782 (3.8927)  Time: 0.337s,  379.72/s  (0.339s,  377.80/s)  LR: 3.340e-04  Data: 0.005 (0.006)
2024-04-27 23:14:16,214 - train - INFO - Train: 6 [ 500/781 ( 64%)]  Loss:  3.589826 (3.8868)  Time: 0.374s,  342.07/s  (0.341s,  374.93/s)  LR: 3.340e-04  Data: 0.007 (0.006)
2024-04-27 23:14:31,815 - train - INFO - Train: 6 [ 550/781 ( 71%)]  Loss:  3.336440 (3.8786)  Time: 0.267s,  479.11/s  (0.339s,  377.88/s)  LR: 3.340e-04  Data: 0.006 (0.006)
2024-04-27 23:14:49,873 - train - INFO - Train: 6 [ 600/781 ( 77%)]  Loss:  3.613183 (3.8784)  Time: 0.340s,  376.10/s  (0.341s,  375.81/s)  LR: 3.340e-04  Data: 0.005 (0.006)
2024-04-27 23:15:06,428 - train - INFO - Train: 6 [ 650/781 ( 83%)]  Loss:  4.282935 (3.8835)  Time: 0.321s,  398.40/s  (0.340s,  376.62/s)  LR: 3.340e-04  Data: 0.005 (0.006)
2024-04-27 23:15:23,359 - train - INFO - Train: 6 [ 700/781 ( 90%)]  Loss:  3.203219 (3.8825)  Time: 0.350s,  365.91/s  (0.340s,  376.72/s)  LR: 3.340e-04  Data: 0.008 (0.006)
2024-04-27 23:15:41,453 - train - INFO - Train: 6 [ 750/781 ( 96%)]  Loss:  3.382393 (3.8776)  Time: 0.359s,  356.17/s  (0.341s,  375.10/s)  LR: 3.340e-04  Data: 0.006 (0.006)
2024-04-27 23:15:50,811 - train - INFO - Train: 6 [ 780/781 (100%)]  Loss:  3.850445 (3.8732)  Time: 0.378s,  339.03/s  (0.340s,  376.34/s)  LR: 3.340e-04  Data: 0.000 (0.006)
2024-04-27 23:15:51,184 - train - INFO - Test: [   0/78]  Time: 0.371 (0.371)  Loss:  1.4150 (1.4150)  Acc@1: 67.1875 (67.1875)  Acc@5: 89.0625 (89.0625)
2024-04-27 23:16:03,320 - train - INFO - Test: [  50/78]  Time: 0.329 (0.245)  Loss:  2.5898 (2.3417)  Acc@1: 42.9688 (45.4963)  Acc@5: 67.1875 (73.2537)
2024-04-27 23:16:11,152 - train - INFO - Test: [  78/78]  Time: 0.259 (0.257)  Loss:  3.1895 (2.3385)  Acc@1: 18.7500 (46.1200)  Acc@5: 68.7500 (73.4900)
2024-04-27 23:16:11,725 - train - INFO - Train: 7 [   0/781 (  0%)]  Loss:  3.511261 (3.5113)  Time: 0.487s,  263.08/s  (0.487s,  263.08/s)  LR: 3.880e-04  Data: 0.129 (0.129)
2024-04-27 23:16:29,524 - train - INFO - Train: 7 [  50/781 (  6%)]  Loss:  4.128912 (3.8054)  Time: 0.318s,  402.01/s  (0.359s,  357.03/s)  LR: 3.880e-04  Data: 0.005 (0.008)
2024-04-27 23:16:44,240 - train - INFO - Train: 7 [ 100/781 ( 13%)]  Loss:  4.176729 (3.8207)  Time: 0.271s,  471.82/s  (0.327s,  391.77/s)  LR: 3.880e-04  Data: 0.004 (0.007)
2024-04-27 23:17:01,338 - train - INFO - Train: 7 [ 150/781 ( 19%)]  Loss:  4.272195 (3.8156)  Time: 0.328s,  389.68/s  (0.332s,  385.82/s)  LR: 3.880e-04  Data: 0.005 (0.007)
2024-04-27 23:17:18,265 - train - INFO - Train: 7 [ 200/781 ( 26%)]  Loss:  4.299278 (3.8341)  Time: 0.268s,  477.77/s  (0.333s,  383.87/s)  LR: 3.880e-04  Data: 0.004 (0.007)
2024-04-27 23:17:35,094 - train - INFO - Train: 7 [ 250/781 ( 32%)]  Loss:  4.188759 (3.8282)  Time: 0.348s,  367.90/s  (0.334s,  383.16/s)  LR: 3.880e-04  Data: 0.007 (0.006)
2024-04-27 23:17:53,168 - train - INFO - Train: 7 [ 300/781 ( 38%)]  Loss:  3.578161 (3.8304)  Time: 0.401s,  319.57/s  (0.339s,  378.01/s)  LR: 3.880e-04  Data: 0.004 (0.006)
2024-04-27 23:18:09,833 - train - INFO - Train: 7 [ 350/781 ( 45%)]  Loss:  3.392461 (3.8299)  Time: 0.332s,  385.33/s  (0.338s,  378.86/s)  LR: 3.880e-04  Data: 0.004 (0.006)
2024-04-27 23:18:26,578 - train - INFO - Train: 7 [ 400/781 ( 51%)]  Loss:  3.906639 (3.8319)  Time: 0.378s,  338.93/s  (0.337s,  379.28/s)  LR: 3.880e-04  Data: 0.007 (0.006)
2024-04-27 23:18:44,668 - train - INFO - Train: 7 [ 450/781 ( 58%)]  Loss:  3.615628 (3.8369)  Time: 0.283s,  452.98/s  (0.340s,  376.28/s)  LR: 3.880e-04  Data: 0.007 (0.006)
2024-04-27 23:19:00,344 - train - INFO - Train: 7 [ 500/781 ( 64%)]  Loss:  3.388108 (3.8318)  Time: 0.292s,  438.80/s  (0.338s,  379.25/s)  LR: 3.880e-04  Data: 0.007 (0.006)
2024-04-27 23:19:18,342 - train - INFO - Train: 7 [ 550/781 ( 71%)]  Loss:  4.009960 (3.8413)  Time: 0.345s,  370.57/s  (0.340s,  376.97/s)  LR: 3.880e-04  Data: 0.005 (0.006)
2024-04-27 23:19:35,321 - train - INFO - Train: 7 [ 600/781 ( 77%)]  Loss:  3.350479 (3.8422)  Time: 0.346s,  370.39/s  (0.340s,  376.97/s)  LR: 3.880e-04  Data: 0.009 (0.006)
2024-04-27 23:19:52,222 - train - INFO - Train: 7 [ 650/781 ( 83%)]  Loss:  4.107177 (3.8395)  Time: 0.349s,  366.82/s  (0.339s,  377.11/s)  LR: 3.880e-04  Data: 0.007 (0.006)
2024-04-27 23:20:10,653 - train - INFO - Train: 7 [ 700/781 ( 90%)]  Loss:  4.033800 (3.8405)  Time: 0.354s,  361.34/s  (0.342s,  374.81/s)  LR: 3.880e-04  Data: 0.004 (0.006)
2024-04-27 23:20:27,170 - train - INFO - Train: 7 [ 750/781 ( 96%)]  Loss:  3.756926 (3.8375)  Time: 0.274s,  467.88/s  (0.341s,  375.63/s)  LR: 3.880e-04  Data: 0.007 (0.006)
2024-04-27 23:20:37,352 - train - INFO - Train: 7 [ 780/781 (100%)]  Loss:  3.661630 (3.8359)  Time: 0.367s,  348.61/s  (0.341s,  375.69/s)  LR: 3.880e-04  Data: 0.000 (0.006)
2024-04-27 23:20:37,724 - train - INFO - Test: [   0/78]  Time: 0.370 (0.370)  Loss:  1.4580 (1.4580)  Acc@1: 65.6250 (65.6250)  Acc@5: 89.0625 (89.0625)
2024-04-27 23:20:52,463 - train - INFO - Test: [  50/78]  Time: 0.297 (0.296)  Loss:  2.2891 (2.3168)  Acc@1: 46.8750 (47.0282)  Acc@5: 78.1250 (73.4222)
2024-04-27 23:20:59,810 - train - INFO - Test: [  78/78]  Time: 0.210 (0.284)  Loss:  2.4844 (2.3076)  Acc@1: 31.2500 (47.7400)  Acc@5: 100.0000 (74.1000)
2024-04-27 23:21:00,294 - train - INFO - Train: 8 [   0/781 (  0%)]  Loss:  3.424300 (3.4243)  Time: 0.402s,  318.47/s  (0.402s,  318.47/s)  LR: 4.420e-04  Data: 0.123 (0.123)
2024-04-27 23:21:15,040 - train - INFO - Train: 8 [  50/781 (  6%)]  Loss:  4.052882 (3.8814)  Time: 0.361s,  354.24/s  (0.297s,  430.98/s)  LR: 4.420e-04  Data: 0.009 (0.008)
2024-04-27 23:21:33,757 - train - INFO - Train: 8 [ 100/781 ( 13%)]  Loss:  3.515725 (3.8717)  Time: 0.398s,  321.52/s  (0.335s,  381.78/s)  LR: 4.420e-04  Data: 0.004 (0.007)
2024-04-27 23:21:50,304 - train - INFO - Train: 8 [ 150/781 ( 19%)]  Loss:  3.262204 (3.8575)  Time: 0.392s,  326.81/s  (0.334s,  383.44/s)  LR: 4.420e-04  Data: 0.007 (0.006)
2024-04-27 23:22:06,950 - train - INFO - Train: 8 [ 200/781 ( 26%)]  Loss:  3.845966 (3.8678)  Time: 0.347s,  368.78/s  (0.334s,  383.71/s)  LR: 4.420e-04  Data: 0.006 (0.006)
2024-04-27 23:22:24,770 - train - INFO - Train: 8 [ 250/781 ( 32%)]  Loss:  3.819598 (3.8421)  Time: 0.338s,  378.38/s  (0.338s,  378.55/s)  LR: 4.420e-04  Data: 0.004 (0.006)
2024-04-27 23:22:41,270 - train - INFO - Train: 8 [ 300/781 ( 38%)]  Loss:  3.304543 (3.8305)  Time: 0.261s,  490.57/s  (0.337s,  380.08/s)  LR: 4.420e-04  Data: 0.005 (0.006)
2024-04-27 23:22:59,174 - train - INFO - Train: 8 [ 350/781 ( 45%)]  Loss:  4.390164 (3.8241)  Time: 0.326s,  392.60/s  (0.340s,  376.69/s)  LR: 4.420e-04  Data: 0.005 (0.006)
2024-04-27 23:23:15,876 - train - INFO - Train: 8 [ 400/781 ( 51%)]  Loss:  4.369942 (3.8291)  Time: 0.274s,  467.16/s  (0.339s,  377.49/s)  LR: 4.420e-04  Data: 0.005 (0.006)
2024-04-27 23:23:32,075 - train - INFO - Train: 8 [ 450/781 ( 58%)]  Loss:  3.441199 (3.8255)  Time: 0.408s,  314.04/s  (0.337s,  379.37/s)  LR: 4.420e-04  Data: 0.005 (0.006)
2024-04-27 23:23:50,216 - train - INFO - Train: 8 [ 500/781 ( 64%)]  Loss:  3.861030 (3.8329)  Time: 0.390s,  328.23/s  (0.340s,  376.54/s)  LR: 4.420e-04  Data: 0.008 (0.006)
2024-04-27 23:24:06,936 - train - INFO - Train: 8 [ 550/781 ( 71%)]  Loss:  4.283153 (3.8373)  Time: 0.304s,  421.52/s  (0.339s,  377.10/s)  LR: 4.420e-04  Data: 0.005 (0.006)
2024-04-27 23:24:23,748 - train - INFO - Train: 8 [ 600/781 ( 77%)]  Loss:  3.328632 (3.8313)  Time: 0.315s,  406.70/s  (0.339s,  377.40/s)  LR: 4.420e-04  Data: 0.005 (0.006)
2024-04-27 23:24:41,824 - train - INFO - Train: 8 [ 650/781 ( 83%)]  Loss:  3.334364 (3.8328)  Time: 0.377s,  339.65/s  (0.341s,  375.50/s)  LR: 4.420e-04  Data: 0.020 (0.006)
2024-04-27 23:24:57,075 - train - INFO - Train: 8 [ 700/781 ( 90%)]  Loss:  3.962165 (3.8312)  Time: 0.294s,  435.90/s  (0.338s,  378.34/s)  LR: 4.420e-04  Data: 0.005 (0.006)
2024-04-27 23:25:14,166 - train - INFO - Train: 8 [ 750/781 ( 96%)]  Loss:  3.438345 (3.8262)  Time: 0.301s,  424.98/s  (0.339s,  378.08/s)  LR: 4.420e-04  Data: 0.004 (0.006)
2024-04-27 23:25:25,251 - train - INFO - Train: 8 [ 780/781 (100%)]  Loss:  3.365470 (3.8250)  Time: 0.391s,  327.43/s  (0.340s,  376.76/s)  LR: 4.420e-04  Data: 0.000 (0.006)
2024-04-27 23:25:25,573 - train - INFO - Test: [   0/78]  Time: 0.320 (0.320)  Loss:  1.5205 (1.5205)  Acc@1: 64.0625 (64.0625)  Acc@5: 87.5000 (87.5000)
2024-04-27 23:25:37,465 - train - INFO - Test: [  50/78]  Time: 0.267 (0.239)  Loss:  2.6699 (2.2810)  Acc@1: 38.2812 (46.8903)  Acc@5: 67.1875 (73.6060)
2024-04-27 23:25:43,145 - train - INFO - Test: [  78/78]  Time: 0.283 (0.226)  Loss:  2.1699 (2.2848)  Acc@1: 37.5000 (46.7700)  Acc@5: 81.2500 (73.7900)
2024-04-27 23:25:43,705 - train - INFO - Train: 9 [   0/781 (  0%)]  Loss:  4.267677 (4.2677)  Time: 0.473s,  270.58/s  (0.473s,  270.58/s)  LR: 4.960e-04  Data: 0.124 (0.124)
2024-04-27 23:26:01,294 - train - INFO - Train: 9 [  50/781 (  6%)]  Loss:  3.898438 (3.7713)  Time: 0.376s,  340.07/s  (0.354s,  361.45/s)  LR: 4.960e-04  Data: 0.005 (0.008)
2024-04-27 23:26:18,149 - train - INFO - Train: 9 [ 100/781 ( 13%)]  Loss:  3.948084 (3.7546)  Time: 0.377s,  339.40/s  (0.346s,  370.27/s)  LR: 4.960e-04  Data: 0.004 (0.007)
2024-04-27 23:26:35,082 - train - INFO - Train: 9 [ 150/781 ( 19%)]  Loss:  3.476590 (3.7749)  Time: 0.366s,  349.71/s  (0.343s,  372.79/s)  LR: 4.960e-04  Data: 0.006 (0.006)
2024-04-27 23:26:53,018 - train - INFO - Train: 9 [ 200/781 ( 26%)]  Loss:  4.099822 (3.7848)  Time: 0.387s,  330.82/s  (0.347s,  368.69/s)  LR: 4.960e-04  Data: 0.008 (0.006)
2024-04-27 23:27:09,256 - train - INFO - Train: 9 [ 250/781 ( 32%)]  Loss:  4.182454 (3.8010)  Time: 0.302s,  424.23/s  (0.343s,  373.50/s)  LR: 4.960e-04  Data: 0.006 (0.006)
2024-04-27 23:27:26,630 - train - INFO - Train: 9 [ 300/781 ( 38%)]  Loss:  4.094760 (3.8057)  Time: 0.366s,  349.98/s  (0.343s,  372.64/s)  LR: 4.960e-04  Data: 0.007 (0.006)
2024-04-27 23:27:44,017 - train - INFO - Train: 9 [ 350/781 ( 45%)]  Loss:  3.586658 (3.8023)  Time: 0.287s,  446.03/s  (0.344s,  372.02/s)  LR: 4.960e-04  Data: 0.006 (0.006)
2024-04-27 23:28:00,237 - train - INFO - Train: 9 [ 400/781 ( 51%)]  Loss:  3.906595 (3.8030)  Time: 0.403s,  317.54/s  (0.342s,  374.69/s)  LR: 4.960e-04  Data: 0.005 (0.006)
2024-04-27 23:28:18,578 - train - INFO - Train: 9 [ 450/781 ( 58%)]  Loss:  3.443085 (3.8015)  Time: 0.392s,  326.87/s  (0.344s,  371.66/s)  LR: 4.960e-04  Data: 0.005 (0.006)
2024-04-27 23:28:35,313 - train - INFO - Train: 9 [ 500/781 ( 64%)]  Loss:  3.801857 (3.8050)  Time: 0.339s,  377.42/s  (0.343s,  372.71/s)  LR: 4.960e-04  Data: 0.005 (0.006)
2024-04-27 23:28:51,936 - train - INFO - Train: 9 [ 550/781 ( 71%)]  Loss:  3.975821 (3.8053)  Time: 0.366s,  349.88/s  (0.342s,  373.79/s)  LR: 4.960e-04  Data: 0.008 (0.006)
2024-04-27 23:29:10,156 - train - INFO - Train: 9 [ 600/781 ( 77%)]  Loss:  3.768444 (3.8073)  Time: 0.380s,  336.77/s  (0.344s,  371.81/s)  LR: 4.960e-04  Data: 0.005 (0.006)
2024-04-27 23:29:25,594 - train - INFO - Train: 9 [ 650/781 ( 83%)]  Loss:  4.110079 (3.8007)  Time: 0.291s,  439.12/s  (0.342s,  374.78/s)  LR: 4.960e-04  Data: 0.006 (0.006)
2024-04-27 23:29:43,575 - train - INFO - Train: 9 [ 700/781 ( 90%)]  Loss:  4.212708 (3.8009)  Time: 0.421s,  304.30/s  (0.343s,  373.37/s)  LR: 4.960e-04  Data: 0.004 (0.006)
2024-04-27 23:30:00,563 - train - INFO - Train: 9 [ 750/781 ( 96%)]  Loss:  3.666436 (3.7989)  Time: 0.306s,  418.98/s  (0.343s,  373.60/s)  LR: 4.960e-04  Data: 0.007 (0.006)
2024-04-27 23:30:09,966 - train - INFO - Train: 9 [ 780/781 (100%)]  Loss:  3.640923 (3.7959)  Time: 0.235s,  543.66/s  (0.341s,  374.83/s)  LR: 4.960e-04  Data: 0.000 (0.006)
2024-04-27 23:30:10,238 - train - INFO - Test: [   0/78]  Time: 0.270 (0.270)  Loss:  1.1729 (1.1729)  Acc@1: 75.0000 (75.0000)  Acc@5: 89.8438 (89.8438)
2024-04-27 23:30:23,004 - train - INFO - Test: [  50/78]  Time: 0.236 (0.256)  Loss:  2.5742 (2.2049)  Acc@1: 38.2812 (47.2886)  Acc@5: 68.7500 (74.9387)
2024-04-27 23:30:31,066 - train - INFO - Test: [  78/78]  Time: 0.304 (0.267)  Loss:  2.5488 (2.2317)  Acc@1: 43.7500 (46.8900)  Acc@5: 68.7500 (74.2900)
2024-04-27 23:30:31,661 - train - INFO - Train: 10 [   0/781 (  0%)]  Loss:  3.509146 (3.5091)  Time: 0.505s,  253.39/s  (0.505s,  253.39/s)  LR: 5.485e-04  Data: 0.135 (0.135)
2024-04-27 23:30:48,163 - train - INFO - Train: 10 [  50/781 (  6%)]  Loss:  4.179796 (3.8158)  Time: 0.345s,  371.03/s  (0.333s,  383.85/s)  LR: 5.485e-04  Data: 0.007 (0.008)
2024-04-27 23:31:04,659 - train - INFO - Train: 10 [ 100/781 ( 13%)]  Loss:  3.970675 (3.7964)  Time: 0.349s,  366.58/s  (0.332s,  385.90/s)  LR: 5.485e-04  Data: 0.004 (0.007)
2024-04-27 23:31:22,751 - train - INFO - Train: 10 [ 150/781 ( 19%)]  Loss:  3.243632 (3.7975)  Time: 0.377s,  339.83/s  (0.342s,  374.66/s)  LR: 5.485e-04  Data: 0.005 (0.007)
2024-04-27 23:31:38,509 - train - INFO - Train: 10 [ 200/781 ( 26%)]  Loss:  4.088566 (3.7835)  Time: 0.289s,  443.32/s  (0.335s,  382.04/s)  LR: 5.485e-04  Data: 0.007 (0.007)
2024-04-27 23:31:55,998 - train - INFO - Train: 10 [ 250/781 ( 32%)]  Loss:  4.202904 (3.7850)  Time: 0.351s,  364.69/s  (0.338s,  378.72/s)  LR: 5.485e-04  Data: 0.007 (0.007)
2024-04-27 23:32:13,667 - train - INFO - Train: 10 [ 300/781 ( 38%)]  Loss:  3.897588 (3.7947)  Time: 0.272s,  469.91/s  (0.341s,  375.88/s)  LR: 5.485e-04  Data: 0.005 (0.006)
2024-04-27 23:32:30,270 - train - INFO - Train: 10 [ 350/781 ( 45%)]  Loss:  3.155765 (3.7890)  Time: 0.383s,  334.54/s  (0.339s,  377.22/s)  LR: 5.485e-04  Data: 0.006 (0.006)
2024-04-27 23:32:47,987 - train - INFO - Train: 10 [ 400/781 ( 51%)]  Loss:  4.350861 (3.7786)  Time: 0.344s,  371.94/s  (0.341s,  375.16/s)  LR: 5.485e-04  Data: 0.004 (0.006)
2024-04-27 23:33:04,828 - train - INFO - Train: 10 [ 450/781 ( 58%)]  Loss:  3.532452 (3.7885)  Time: 0.307s,  416.70/s  (0.341s,  375.69/s)  LR: 5.485e-04  Data: 0.007 (0.006)
2024-04-27 23:33:21,533 - train - INFO - Train: 10 [ 500/781 ( 64%)]  Loss:  3.888371 (3.7842)  Time: 0.385s,  332.55/s  (0.340s,  376.42/s)  LR: 5.485e-04  Data: 0.004 (0.006)
2024-04-27 23:33:39,895 - train - INFO - Train: 10 [ 550/781 ( 71%)]  Loss:  3.192917 (3.7846)  Time: 0.324s,  395.45/s  (0.343s,  373.71/s)  LR: 5.485e-04  Data: 0.007 (0.006)
2024-04-27 23:33:54,938 - train - INFO - Train: 10 [ 600/781 ( 77%)]  Loss:  3.525789 (3.7791)  Time: 0.353s,  362.59/s  (0.339s,  377.54/s)  LR: 5.485e-04  Data: 0.004 (0.006)
2024-04-27 23:34:12,159 - train - INFO - Train: 10 [ 650/781 ( 83%)]  Loss:  3.334203 (3.7837)  Time: 0.323s,  396.81/s  (0.339s,  377.08/s)  LR: 5.485e-04  Data: 0.008 (0.006)
2024-04-27 23:34:28,933 - train - INFO - Train: 10 [ 700/781 ( 90%)]  Loss:  4.133955 (3.7834)  Time: 0.264s,  484.94/s  (0.339s,  377.40/s)  LR: 5.485e-04  Data: 0.007 (0.006)
2024-04-27 23:34:43,699 - train - INFO - Train: 10 [ 750/781 ( 96%)]  Loss:  3.674448 (3.7810)  Time: 0.327s,  390.91/s  (0.336s,  380.67/s)  LR: 5.485e-04  Data: 0.005 (0.006)
2024-04-27 23:34:53,588 - train - INFO - Train: 10 [ 780/781 (100%)]  Loss:  4.223871 (3.7820)  Time: 0.323s,  396.88/s  (0.336s,  380.96/s)  LR: 5.485e-04  Data: 0.000 (0.006)
2024-04-27 23:34:53,947 - train - INFO - Test: [   0/78]  Time: 0.357 (0.357)  Loss:  1.2197 (1.2197)  Acc@1: 74.2188 (74.2188)  Acc@5: 91.4062 (91.4062)
2024-04-27 23:35:07,799 - train - INFO - Test: [  50/78]  Time: 0.299 (0.279)  Loss:  2.5273 (2.2489)  Acc@1: 40.6250 (47.5950)  Acc@5: 69.5312 (74.7549)
2024-04-27 23:35:13,794 - train - INFO - Test: [  78/78]  Time: 0.238 (0.256)  Loss:  2.5605 (2.2693)  Acc@1: 31.2500 (47.2300)  Acc@5: 75.0000 (74.4200)
2024-04-27 23:35:14,340 - train - INFO - Train: 11 [   0/781 (  0%)]  Loss:  4.152649 (4.1526)  Time: 0.460s,  278.41/s  (0.460s,  278.41/s)  LR: 5.482e-04  Data: 0.127 (0.127)
2024-04-27 23:35:30,806 - train - INFO - Train: 11 [  50/781 (  6%)]  Loss:  4.077375 (3.7886)  Time: 0.377s,  339.25/s  (0.332s,  385.71/s)  LR: 5.482e-04  Data: 0.005 (0.009)
2024-04-27 23:35:48,746 - train - INFO - Train: 11 [ 100/781 ( 13%)]  Loss:  3.642971 (3.7483)  Time: 0.350s,  365.82/s  (0.345s,  370.82/s)  LR: 5.482e-04  Data: 0.007 (0.007)
2024-04-27 23:36:05,681 - train - INFO - Train: 11 [ 150/781 ( 19%)]  Loss:  4.283479 (3.7265)  Time: 0.358s,  357.72/s  (0.343s,  373.15/s)  LR: 5.482e-04  Data: 0.007 (0.007)
2024-04-27 23:36:22,505 - train - INFO - Train: 11 [ 200/781 ( 26%)]  Loss:  3.730875 (3.7342)  Time: 0.334s,  382.86/s  (0.341s,  374.94/s)  LR: 5.482e-04  Data: 0.007 (0.007)
2024-04-27 23:36:40,068 - train - INFO - Train: 11 [ 250/781 ( 32%)]  Loss:  3.852502 (3.7364)  Time: 0.277s,  462.80/s  (0.343s,  372.80/s)  LR: 5.482e-04  Data: 0.006 (0.006)
2024-04-27 23:36:54,167 - train - INFO - Train: 11 [ 300/781 ( 38%)]  Loss:  4.164445 (3.7534)  Time: 0.273s,  469.55/s  (0.333s,  384.21/s)  LR: 5.482e-04  Data: 0.005 (0.006)
2024-04-27 23:37:07,579 - train - INFO - Train: 11 [ 350/781 ( 45%)]  Loss:  3.081163 (3.7624)  Time: 0.256s,  499.58/s  (0.324s,  395.27/s)  LR: 5.482e-04  Data: 0.009 (0.007)
2024-04-27 23:37:21,104 - train - INFO - Train: 11 [ 400/781 ( 51%)]  Loss:  3.585161 (3.7767)  Time: 0.281s,  455.46/s  (0.317s,  403.56/s)  LR: 5.482e-04  Data: 0.004 (0.007)
2024-04-27 23:37:35,552 - train - INFO - Train: 11 [ 450/781 ( 58%)]  Loss:  3.627735 (3.7737)  Time: 0.277s,  462.41/s  (0.314s,  407.59/s)  LR: 5.482e-04  Data: 0.004 (0.007)
2024-04-27 23:37:51,141 - train - INFO - Train: 11 [ 500/781 ( 64%)]  Loss:  4.137796 (3.7730)  Time: 0.379s,  337.92/s  (0.314s,  407.88/s)  LR: 5.482e-04  Data: 0.008 (0.007)
2024-04-27 23:38:09,306 - train - INFO - Train: 11 [ 550/781 ( 71%)]  Loss:  3.490405 (3.7651)  Time: 0.343s,  373.27/s  (0.318s,  402.13/s)  LR: 5.482e-04  Data: 0.007 (0.007)
2024-04-27 23:38:25,567 - train - INFO - Train: 11 [ 600/781 ( 77%)]  Loss:  3.731772 (3.7685)  Time: 0.396s,  323.20/s  (0.319s,  401.41/s)  LR: 5.482e-04  Data: 0.004 (0.007)
2024-04-27 23:38:41,920 - train - INFO - Train: 11 [ 650/781 ( 83%)]  Loss:  4.238484 (3.7711)  Time: 0.381s,  335.74/s  (0.320s,  400.62/s)  LR: 5.482e-04  Data: 0.010 (0.007)
2024-04-27 23:38:59,097 - train - INFO - Train: 11 [ 700/781 ( 90%)]  Loss:  3.925622 (3.7658)  Time: 0.331s,  387.20/s  (0.321s,  398.49/s)  LR: 5.482e-04  Data: 0.006 (0.007)
2024-04-27 23:39:14,985 - train - INFO - Train: 11 [ 750/781 ( 96%)]  Loss:  4.221515 (3.7622)  Time: 0.400s,  320.02/s  (0.321s,  398.78/s)  LR: 5.482e-04  Data: 0.004 (0.006)
2024-04-27 23:39:24,343 - train - INFO - Train: 11 [ 780/781 (100%)]  Loss:  4.117119 (3.7625)  Time: 0.330s,  388.38/s  (0.321s,  399.21/s)  LR: 5.482e-04  Data: 0.000 (0.006)
2024-04-27 23:39:24,687 - train - INFO - Test: [   0/78]  Time: 0.342 (0.342)  Loss:  1.6357 (1.6357)  Acc@1: 64.8438 (64.8438)  Acc@5: 87.5000 (87.5000)
2024-04-27 23:39:38,976 - train - INFO - Test: [  50/78]  Time: 0.300 (0.287)  Loss:  2.4766 (2.2469)  Acc@1: 42.9688 (49.2494)  Acc@5: 78.1250 (75.8119)
2024-04-27 23:39:46,837 - train - INFO - Test: [  78/78]  Time: 0.294 (0.285)  Loss:  3.1562 (2.2686)  Acc@1: 43.7500 (48.9800)  Acc@5: 50.0000 (75.4600)
2024-04-27 23:39:47,347 - train - INFO - Train: 12 [   0/781 (  0%)]  Loss:  3.616739 (3.6167)  Time: 0.424s,  301.99/s  (0.424s,  301.99/s)  LR: 5.479e-04  Data: 0.150 (0.150)
2024-04-27 23:40:02,698 - train - INFO - Train: 12 [  50/781 (  6%)]  Loss:  4.061045 (3.7013)  Time: 0.281s,  454.98/s  (0.309s,  413.85/s)  LR: 5.479e-04  Data: 0.010 (0.008)
2024-04-27 23:40:19,538 - train - INFO - Train: 12 [ 100/781 ( 13%)]  Loss:  4.166613 (3.7534)  Time: 0.199s,  644.74/s  (0.323s,  396.41/s)  LR: 5.479e-04  Data: 0.004 (0.007)
2024-04-27 23:40:36,353 - train - INFO - Train: 12 [ 150/781 ( 19%)]  Loss:  3.734925 (3.7471)  Time: 0.285s,  449.80/s  (0.327s,  391.06/s)  LR: 5.479e-04  Data: 0.007 (0.006)
2024-04-27 23:40:52,168 - train - INFO - Train: 12 [ 200/781 ( 26%)]  Loss:  4.038581 (3.7595)  Time: 0.351s,  365.14/s  (0.325s,  394.37/s)  LR: 5.479e-04  Data: 0.008 (0.006)
2024-04-27 23:41:10,256 - train - INFO - Train: 12 [ 250/781 ( 32%)]  Loss:  4.185459 (3.7439)  Time: 0.351s,  365.19/s  (0.332s,  385.58/s)  LR: 5.479e-04  Data: 0.004 (0.006)
2024-04-27 23:41:27,185 - train - INFO - Train: 12 [ 300/781 ( 38%)]  Loss:  3.384773 (3.7422)  Time: 0.398s,  321.78/s  (0.333s,  384.31/s)  LR: 5.479e-04  Data: 0.007 (0.006)
2024-04-27 23:41:44,051 - train - INFO - Train: 12 [ 350/781 ( 45%)]  Loss:  4.027578 (3.7409)  Time: 0.398s,  321.83/s  (0.334s,  383.62/s)  LR: 5.479e-04  Data: 0.007 (0.006)
2024-04-27 23:42:02,277 - train - INFO - Train: 12 [ 400/781 ( 51%)]  Loss:  3.355855 (3.7402)  Time: 0.332s,  385.63/s  (0.338s,  379.25/s)  LR: 5.479e-04  Data: 0.007 (0.006)
2024-04-27 23:42:18,011 - train - INFO - Train: 12 [ 450/781 ( 58%)]  Loss:  3.993143 (3.7378)  Time: 0.292s,  438.93/s  (0.335s,  382.12/s)  LR: 5.479e-04  Data: 0.008 (0.006)
2024-04-27 23:42:35,611 - train - INFO - Train: 12 [ 500/781 ( 64%)]  Loss:  3.868354 (3.7320)  Time: 0.390s,  328.58/s  (0.337s,  380.19/s)  LR: 5.479e-04  Data: 0.009 (0.006)
2024-04-27 23:42:52,641 - train - INFO - Train: 12 [ 550/781 ( 71%)]  Loss:  3.964101 (3.7285)  Time: 0.292s,  437.63/s  (0.337s,  379.79/s)  LR: 5.479e-04  Data: 0.008 (0.006)
2024-04-27 23:43:08,639 - train - INFO - Train: 12 [ 600/781 ( 77%)]  Loss:  3.134262 (3.7337)  Time: 0.329s,  389.30/s  (0.336s,  381.40/s)  LR: 5.479e-04  Data: 0.007 (0.006)
2024-04-27 23:43:25,668 - train - INFO - Train: 12 [ 650/781 ( 83%)]  Loss:  3.608114 (3.7290)  Time: 0.353s,  362.25/s  (0.336s,  380.97/s)  LR: 5.479e-04  Data: 0.008 (0.006)
2024-04-27 23:43:41,782 - train - INFO - Train: 12 [ 700/781 ( 90%)]  Loss:  3.962922 (3.7289)  Time: 0.324s,  394.97/s  (0.335s,  382.09/s)  LR: 5.479e-04  Data: 0.008 (0.006)
2024-04-27 23:43:58,532 - train - INFO - Train: 12 [ 750/781 ( 96%)]  Loss:  3.657193 (3.7320)  Time: 0.391s,  327.13/s  (0.335s,  382.09/s)  LR: 5.479e-04  Data: 0.007 (0.006)
2024-04-27 23:44:09,201 - train - INFO - Train: 12 [ 780/781 (100%)]  Loss:  3.526821 (3.7360)  Time: 0.363s,  352.42/s  (0.336s,  381.19/s)  LR: 5.479e-04  Data: 0.000 (0.006)
2024-04-27 23:44:09,546 - train - INFO - Test: [   0/78]  Time: 0.343 (0.343)  Loss:  1.4561 (1.4561)  Acc@1: 67.9688 (67.9688)  Acc@5: 86.7188 (86.7188)
2024-04-27 23:44:22,212 - train - INFO - Test: [  50/78]  Time: 0.164 (0.255)  Loss:  2.2266 (2.1439)  Acc@1: 46.8750 (49.6477)  Acc@5: 75.7812 (77.0527)
2024-04-27 23:44:29,701 - train - INFO - Test: [  78/78]  Time: 0.284 (0.259)  Loss:  2.7383 (2.1788)  Acc@1: 31.2500 (49.5800)  Acc@5: 75.0000 (76.2200)
2024-04-27 23:44:30,186 - train - INFO - Train: 13 [   0/781 (  0%)]  Loss:  3.855676 (3.8557)  Time: 0.398s,  321.31/s  (0.398s,  321.31/s)  LR: 5.475e-04  Data: 0.145 (0.145)
2024-04-27 23:44:47,288 - train - INFO - Train: 13 [  50/781 (  6%)]  Loss:  3.428275 (3.6641)  Time: 0.396s,  323.34/s  (0.343s,  373.05/s)  LR: 5.475e-04  Data: 0.005 (0.009)
2024-04-27 23:45:04,862 - train - INFO - Train: 13 [ 100/781 ( 13%)]  Loss:  3.644574 (3.6914)  Time: 0.282s,  453.41/s  (0.347s,  368.61/s)  LR: 5.475e-04  Data: 0.007 (0.007)
2024-04-27 23:45:20,750 - train - INFO - Train: 13 [ 150/781 ( 19%)]  Loss:  3.090903 (3.6800)  Time: 0.330s,  388.04/s  (0.337s,  379.29/s)  LR: 5.475e-04  Data: 0.007 (0.007)
2024-04-27 23:45:38,702 - train - INFO - Train: 13 [ 200/781 ( 26%)]  Loss:  3.358857 (3.6662)  Time: 0.378s,  339.01/s  (0.343s,  373.36/s)  LR: 5.475e-04  Data: 0.004 (0.007)
2024-04-27 23:45:55,422 - train - INFO - Train: 13 [ 250/781 ( 32%)]  Loss:  3.726650 (3.6708)  Time: 0.356s,  359.98/s  (0.341s,  375.20/s)  LR: 5.475e-04  Data: 0.004 (0.007)
2024-04-27 23:46:12,311 - train - INFO - Train: 13 [ 300/781 ( 38%)]  Loss:  4.060301 (3.6935)  Time: 0.359s,  356.28/s  (0.341s,  375.82/s)  LR: 5.475e-04  Data: 0.008 (0.007)
2024-04-27 23:46:30,640 - train - INFO - Train: 13 [ 350/781 ( 45%)]  Loss:  3.073969 (3.6869)  Time: 0.316s,  404.51/s  (0.344s,  371.79/s)  LR: 5.475e-04  Data: 0.004 (0.006)
2024-04-27 23:46:46,707 - train - INFO - Train: 13 [ 400/781 ( 51%)]  Loss:  3.270451 (3.6806)  Time: 0.268s,  477.67/s  (0.341s,  374.91/s)  LR: 5.475e-04  Data: 0.004 (0.006)
2024-04-27 23:47:03,589 - train - INFO - Train: 13 [ 450/781 ( 58%)]  Loss:  3.695348 (3.6827)  Time: 0.369s,  347.11/s  (0.341s,  375.37/s)  LR: 5.475e-04  Data: 0.006 (0.006)
2024-04-27 23:47:21,049 - train - INFO - Train: 13 [ 500/781 ( 64%)]  Loss:  4.057479 (3.6908)  Time: 0.287s,  446.58/s  (0.342s,  374.47/s)  LR: 5.475e-04  Data: 0.007 (0.006)
2024-04-27 23:47:36,945 - train - INFO - Train: 13 [ 550/781 ( 71%)]  Loss:  4.053769 (3.6989)  Time: 0.352s,  363.50/s  (0.340s,  376.87/s)  LR: 5.475e-04  Data: 0.006 (0.006)
2024-04-27 23:47:54,120 - train - INFO - Train: 13 [ 600/781 ( 77%)]  Loss:  3.402954 (3.6982)  Time: 0.294s,  434.64/s  (0.340s,  376.51/s)  LR: 5.475e-04  Data: 0.007 (0.006)
2024-04-27 23:48:09,284 - train - INFO - Train: 13 [ 650/781 ( 83%)]  Loss:  3.697890 (3.6982)  Time: 0.337s,  380.13/s  (0.337s,  379.66/s)  LR: 5.475e-04  Data: 0.007 (0.006)
2024-04-27 23:48:26,240 - train - INFO - Train: 13 [ 700/781 ( 90%)]  Loss:  3.794197 (3.6985)  Time: 0.312s,  410.34/s  (0.337s,  379.50/s)  LR: 5.475e-04  Data: 0.007 (0.006)
2024-04-27 23:48:44,168 - train - INFO - Train: 13 [ 750/781 ( 96%)]  Loss:  3.387831 (3.6952)  Time: 0.353s,  362.19/s  (0.339s,  377.92/s)  LR: 5.475e-04  Data: 0.005 (0.006)
2024-04-27 23:48:53,442 - train - INFO - Train: 13 [ 780/781 (100%)]  Loss:  3.817690 (3.6971)  Time: 0.372s,  344.44/s  (0.338s,  379.19/s)  LR: 5.475e-04  Data: 0.000 (0.006)
2024-04-27 23:48:53,834 - train - INFO - Test: [   0/78]  Time: 0.390 (0.390)  Loss:  1.2090 (1.2090)  Acc@1: 72.6562 (72.6562)  Acc@5: 92.1875 (92.1875)
2024-04-27 23:49:06,262 - train - INFO - Test: [  50/78]  Time: 0.238 (0.251)  Loss:  1.9062 (2.1373)  Acc@1: 57.0312 (50.6127)  Acc@5: 81.2500 (76.2714)
2024-04-27 23:49:14,170 - train - INFO - Test: [  78/78]  Time: 0.333 (0.262)  Loss:  2.7598 (2.1510)  Acc@1: 37.5000 (50.3000)  Acc@5: 75.0000 (76.2900)
2024-04-27 23:49:14,729 - train - INFO - Train: 14 [   0/781 (  0%)]  Loss:  3.702070 (3.7021)  Time: 0.476s,  268.89/s  (0.476s,  268.89/s)  LR: 5.471e-04  Data: 0.120 (0.120)
2024-04-27 23:49:33,242 - train - INFO - Train: 14 [  50/781 (  6%)]  Loss:  3.828869 (3.7015)  Time: 0.272s,  470.28/s  (0.372s,  343.80/s)  LR: 5.471e-04  Data: 0.008 (0.008)
2024-04-27 23:49:48,541 - train - INFO - Train: 14 [ 100/781 ( 13%)]  Loss:  4.122192 (3.7383)  Time: 0.371s,  344.75/s  (0.339s,  377.07/s)  LR: 5.471e-04  Data: 0.007 (0.007)
2024-04-27 23:50:06,023 - train - INFO - Train: 14 [ 150/781 ( 19%)]  Loss:  3.159311 (3.7569)  Time: 0.341s,  375.34/s  (0.343s,  373.37/s)  LR: 5.471e-04  Data: 0.008 (0.007)
2024-04-27 23:50:22,928 - train - INFO - Train: 14 [ 200/781 ( 26%)]  Loss:  3.985446 (3.7586)  Time: 0.380s,  337.11/s  (0.342s,  374.66/s)  LR: 5.471e-04  Data: 0.005 (0.007)
2024-04-27 23:50:39,787 - train - INFO - Train: 14 [ 250/781 ( 32%)]  Loss:  3.242837 (3.7303)  Time: 0.336s,  381.15/s  (0.341s,  375.65/s)  LR: 5.471e-04  Data: 0.005 (0.006)
2024-04-27 23:50:57,757 - train - INFO - Train: 14 [ 300/781 ( 38%)]  Loss:  4.040451 (3.7375)  Time: 0.395s,  324.18/s  (0.344s,  372.27/s)  LR: 5.471e-04  Data: 0.005 (0.006)
2024-04-27 23:51:13,934 - train - INFO - Train: 14 [ 350/781 ( 45%)]  Loss:  4.204293 (3.7299)  Time: 0.244s,  524.48/s  (0.341s,  375.43/s)  LR: 5.471e-04  Data: 0.004 (0.006)
2024-04-27 23:51:31,284 - train - INFO - Train: 14 [ 400/781 ( 51%)]  Loss:  3.277416 (3.7255)  Time: 0.346s,  370.28/s  (0.342s,  374.61/s)  LR: 5.471e-04  Data: 0.005 (0.006)
2024-04-27 23:51:48,917 - train - INFO - Train: 14 [ 450/781 ( 58%)]  Loss:  3.259464 (3.7142)  Time: 0.266s,  480.88/s  (0.343s,  373.28/s)  LR: 5.471e-04  Data: 0.004 (0.006)
2024-04-27 23:52:04,352 - train - INFO - Train: 14 [ 500/781 ( 64%)]  Loss:  3.364997 (3.7114)  Time: 0.355s,  360.16/s  (0.339s,  377.04/s)  LR: 5.471e-04  Data: 0.007 (0.006)
2024-04-27 23:52:21,495 - train - INFO - Train: 14 [ 550/781 ( 71%)]  Loss:  3.672436 (3.7087)  Time: 0.398s,  321.82/s  (0.340s,  376.70/s)  LR: 5.471e-04  Data: 0.007 (0.006)
2024-04-27 23:52:37,267 - train - INFO - Train: 14 [ 600/781 ( 77%)]  Loss:  4.193313 (3.7081)  Time: 0.329s,  389.05/s  (0.338s,  378.96/s)  LR: 5.471e-04  Data: 0.005 (0.006)
2024-04-27 23:52:53,806 - train - INFO - Train: 14 [ 650/781 ( 83%)]  Loss:  3.718672 (3.7007)  Time: 0.394s,  324.70/s  (0.337s,  379.57/s)  LR: 5.471e-04  Data: 0.003 (0.006)
2024-04-27 23:53:11,921 - train - INFO - Train: 14 [ 700/781 ( 90%)]  Loss:  4.111719 (3.7017)  Time: 0.360s,  355.62/s  (0.339s,  377.57/s)  LR: 5.471e-04  Data: 0.007 (0.006)
2024-04-27 23:53:28,204 - train - INFO - Train: 14 [ 750/781 ( 96%)]  Loss:  3.123112 (3.7009)  Time: 0.268s,  477.68/s  (0.338s,  378.56/s)  LR: 5.471e-04  Data: 0.004 (0.006)
2024-04-27 23:53:38,603 - train - INFO - Train: 14 [ 780/781 (100%)]  Loss:  3.997879 (3.7036)  Time: 0.344s,  371.95/s  (0.338s,  378.20/s)  LR: 5.471e-04  Data: 0.000 (0.006)
2024-04-27 23:53:38,973 - train - INFO - Test: [   0/78]  Time: 0.368 (0.368)  Loss:  1.1387 (1.1387)  Acc@1: 73.4375 (73.4375)  Acc@5: 91.4062 (91.4062)
2024-04-27 23:53:53,672 - train - INFO - Test: [  50/78]  Time: 0.301 (0.295)  Loss:  2.3242 (2.1501)  Acc@1: 46.0938 (50.8425)  Acc@5: 71.0938 (76.6850)
2024-04-27 23:54:01,516 - train - INFO - Test: [  78/78]  Time: 0.169 (0.290)  Loss:  2.3770 (2.1374)  Acc@1: 43.7500 (51.1600)  Acc@5: 81.2500 (77.1000)
2024-04-27 23:54:02,001 - train - INFO - Train: 15 [   0/781 (  0%)]  Loss:  4.160576 (4.1606)  Time: 0.403s,  317.44/s  (0.403s,  317.44/s)  LR: 5.467e-04  Data: 0.129 (0.129)
2024-04-27 23:54:17,650 - train - INFO - Train: 15 [  50/781 (  6%)]  Loss:  3.754584 (3.6209)  Time: 0.364s,  351.90/s  (0.315s,  406.70/s)  LR: 5.467e-04  Data: 0.004 (0.008)
2024-04-27 23:54:35,200 - train - INFO - Train: 15 [ 100/781 ( 13%)]  Loss:  3.578082 (3.6668)  Time: 0.315s,  406.66/s  (0.333s,  384.76/s)  LR: 5.467e-04  Data: 0.005 (0.007)
2024-04-27 23:54:51,409 - train - INFO - Train: 15 [ 150/781 ( 19%)]  Loss:  4.224364 (3.6645)  Time: 0.346s,  370.25/s  (0.330s,  388.05/s)  LR: 5.467e-04  Data: 0.005 (0.006)
2024-04-27 23:55:07,956 - train - INFO - Train: 15 [ 200/781 ( 26%)]  Loss:  3.458389 (3.6542)  Time: 0.342s,  374.49/s  (0.330s,  387.74/s)  LR: 5.467e-04  Data: 0.004 (0.006)
2024-04-27 23:55:25,879 - train - INFO - Train: 15 [ 250/781 ( 32%)]  Loss:  3.848155 (3.6703)  Time: 0.305s,  419.25/s  (0.336s,  381.23/s)  LR: 5.467e-04  Data: 0.008 (0.006)
2024-04-27 23:55:41,894 - train - INFO - Train: 15 [ 300/781 ( 38%)]  Loss:  3.318696 (3.6662)  Time: 0.262s,  487.86/s  (0.333s,  384.17/s)  LR: 5.467e-04  Data: 0.004 (0.006)
2024-04-27 23:55:59,090 - train - INFO - Train: 15 [ 350/781 ( 45%)]  Loss:  3.529979 (3.6811)  Time: 0.372s,  344.06/s  (0.335s,  382.42/s)  LR: 5.467e-04  Data: 0.006 (0.006)
2024-04-27 23:56:16,923 - train - INFO - Train: 15 [ 400/781 ( 51%)]  Loss:  3.758482 (3.6642)  Time: 0.277s,  462.30/s  (0.337s,  379.32/s)  LR: 5.467e-04  Data: 0.004 (0.006)
2024-04-27 23:56:31,910 - train - INFO - Train: 15 [ 450/781 ( 58%)]  Loss:  3.307437 (3.6689)  Time: 0.330s,  387.84/s  (0.333s,  384.08/s)  LR: 5.467e-04  Data: 0.004 (0.006)
2024-04-27 23:56:50,411 - train - INFO - Train: 15 [ 500/781 ( 64%)]  Loss:  3.524458 (3.6696)  Time: 0.356s,  359.75/s  (0.337s,  379.91/s)  LR: 5.467e-04  Data: 0.004 (0.006)
2024-04-27 23:57:06,293 - train - INFO - Train: 15 [ 550/781 ( 71%)]  Loss:  4.030931 (3.6734)  Time: 0.248s,  516.67/s  (0.335s,  381.89/s)  LR: 5.467e-04  Data: 0.005 (0.006)
2024-04-27 23:57:21,949 - train - INFO - Train: 15 [ 600/781 ( 77%)]  Loss:  3.179965 (3.6747)  Time: 0.379s,  337.72/s  (0.333s,  384.00/s)  LR: 5.467e-04  Data: 0.007 (0.006)
2024-04-27 23:57:40,149 - train - INFO - Train: 15 [ 650/781 ( 83%)]  Loss:  3.570989 (3.6680)  Time: 0.292s,  437.63/s  (0.336s,  381.30/s)  LR: 5.467e-04  Data: 0.007 (0.006)
2024-04-27 23:57:55,983 - train - INFO - Train: 15 [ 700/781 ( 90%)]  Loss:  2.961646 (3.6706)  Time: 0.273s,  468.11/s  (0.334s,  382.85/s)  LR: 5.467e-04  Data: 0.004 (0.006)
2024-04-27 23:58:12,638 - train - INFO - Train: 15 [ 750/781 ( 96%)]  Loss:  3.806466 (3.6689)  Time: 0.325s,  393.91/s  (0.334s,  382.95/s)  LR: 5.467e-04  Data: 0.004 (0.006)
2024-04-27 23:58:23,743 - train - INFO - Train: 15 [ 780/781 (100%)]  Loss:  3.711200 (3.6674)  Time: 0.368s,  348.08/s  (0.336s,  381.38/s)  LR: 5.467e-04  Data: 0.000 (0.006)
2024-04-27 23:58:24,110 - train - INFO - Test: [   0/78]  Time: 0.365 (0.365)  Loss:  0.8818 (0.8818)  Acc@1: 79.6875 (79.6875)  Acc@5: 95.3125 (95.3125)
2024-04-27 23:58:36,273 - train - INFO - Test: [  50/78]  Time: 0.274 (0.246)  Loss:  1.8906 (2.0666)  Acc@1: 60.1562 (51.8229)  Acc@5: 78.9062 (78.0025)
2024-04-27 23:58:42,572 - train - INFO - Test: [  78/78]  Time: 0.097 (0.238)  Loss:  2.8984 (2.0787)  Acc@1: 25.0000 (51.6400)  Acc@5: 68.7500 (77.9600)
2024-04-27 23:58:43,150 - train - INFO - Train: 16 [   0/781 (  0%)]  Loss:  3.596996 (3.5970)  Time: 0.487s,  262.92/s  (0.487s,  262.92/s)  LR: 5.462e-04  Data: 0.124 (0.124)
2024-04-27 23:59:01,042 - train - INFO - Train: 16 [  50/781 (  6%)]  Loss:  3.686604 (3.6879)  Time: 0.346s,  370.22/s  (0.360s,  355.20/s)  LR: 5.462e-04  Data: 0.004 (0.008)
2024-04-27 23:59:18,451 - train - INFO - Train: 16 [ 100/781 ( 13%)]  Loss:  3.426896 (3.7353)  Time: 0.271s,  471.49/s  (0.354s,  361.26/s)  LR: 5.462e-04  Data: 0.008 (0.007)
2024-04-27 23:59:34,775 - train - INFO - Train: 16 [ 150/781 ( 19%)]  Loss:  3.920439 (3.7089)  Time: 0.344s,  372.17/s  (0.345s,  370.92/s)  LR: 5.462e-04  Data: 0.004 (0.007)
2024-04-27 23:59:52,931 - train - INFO - Train: 16 [ 200/781 ( 26%)]  Loss:  3.928483 (3.6977)  Time: 0.367s,  349.02/s  (0.350s,  366.16/s)  LR: 5.462e-04  Data: 0.005 (0.006)
2024-04-28 00:00:09,482 - train - INFO - Train: 16 [ 250/781 ( 32%)]  Loss:  4.090350 (3.6774)  Time: 0.299s,  427.80/s  (0.346s,  370.08/s)  LR: 5.462e-04  Data: 0.007 (0.006)
2024-04-28 00:00:26,584 - train - INFO - Train: 16 [ 300/781 ( 38%)]  Loss:  3.229020 (3.6738)  Time: 0.318s,  402.58/s  (0.345s,  370.77/s)  LR: 5.462e-04  Data: 0.005 (0.006)
2024-04-28 00:00:44,716 - train - INFO - Train: 16 [ 350/781 ( 45%)]  Loss:  3.322880 (3.6509)  Time: 0.370s,  346.07/s  (0.348s,  368.13/s)  LR: 5.462e-04  Data: 0.004 (0.006)
2024-04-28 00:01:00,183 - train - INFO - Train: 16 [ 400/781 ( 51%)]  Loss:  4.210173 (3.6623)  Time: 0.365s,  350.25/s  (0.343s,  373.27/s)  LR: 5.462e-04  Data: 0.007 (0.006)
2024-04-28 00:01:17,676 - train - INFO - Train: 16 [ 450/781 ( 58%)]  Loss:  4.181969 (3.6618)  Time: 0.346s,  369.65/s  (0.344s,  372.44/s)  LR: 5.462e-04  Data: 0.009 (0.006)
2024-04-28 00:01:34,667 - train - INFO - Train: 16 [ 500/781 ( 64%)]  Loss:  3.526735 (3.6592)  Time: 0.277s,  462.70/s  (0.343s,  372.86/s)  LR: 5.462e-04  Data: 0.004 (0.006)
2024-04-28 00:01:49,673 - train - INFO - Train: 16 [ 550/781 ( 71%)]  Loss:  4.182858 (3.6543)  Time: 0.330s,  388.41/s  (0.339s,  377.16/s)  LR: 5.462e-04  Data: 0.007 (0.006)
2024-04-28 00:02:07,492 - train - INFO - Train: 16 [ 600/781 ( 77%)]  Loss:  4.067031 (3.6576)  Time: 0.371s,  344.99/s  (0.341s,  375.60/s)  LR: 5.462e-04  Data: 0.005 (0.006)
2024-04-28 00:02:23,681 - train - INFO - Train: 16 [ 650/781 ( 83%)]  Loss:  4.159292 (3.6665)  Time: 0.278s,  460.08/s  (0.339s,  377.05/s)  LR: 5.462e-04  Data: 0.006 (0.006)
2024-04-28 00:02:40,533 - train - INFO - Train: 16 [ 700/781 ( 90%)]  Loss:  3.330437 (3.6650)  Time: 0.380s,  336.41/s  (0.339s,  377.24/s)  LR: 5.462e-04  Data: 0.004 (0.006)
2024-04-28 00:02:58,342 - train - INFO - Train: 16 [ 750/781 ( 96%)]  Loss:  4.066065 (3.6589)  Time: 0.323s,  396.81/s  (0.340s,  376.00/s)  LR: 5.462e-04  Data: 0.005 (0.006)
2024-04-28 00:03:07,321 - train - INFO - Train: 16 [ 780/781 (100%)]  Loss:  3.991019 (3.6603)  Time: 0.260s,  492.85/s  (0.339s,  377.75/s)  LR: 5.462e-04  Data: 0.000 (0.006)
2024-04-28 00:03:07,606 - train - INFO - Test: [   0/78]  Time: 0.283 (0.283)  Loss:  1.3545 (1.3545)  Acc@1: 70.3125 (70.3125)  Acc@5: 90.6250 (90.6250)
2024-04-28 00:03:20,570 - train - INFO - Test: [  50/78]  Time: 0.299 (0.260)  Loss:  2.0703 (2.0320)  Acc@1: 55.4688 (52.7880)  Acc@5: 76.5625 (78.2169)
2024-04-28 00:03:28,279 - train - INFO - Test: [  78/78]  Time: 0.250 (0.265)  Loss:  2.9609 (2.0761)  Acc@1: 37.5000 (51.9200)  Acc@5: 62.5000 (77.7000)
2024-04-28 00:03:28,827 - train - INFO - Train: 17 [   0/781 (  0%)]  Loss:  3.224293 (3.2243)  Time: 0.457s,  279.98/s  (0.457s,  279.98/s)  LR: 5.457e-04  Data: 0.127 (0.127)
2024-04-28 00:03:46,711 - train - INFO - Train: 17 [  50/781 (  6%)]  Loss:  4.325274 (3.6701)  Time: 0.269s,  475.49/s  (0.360s,  355.94/s)  LR: 5.457e-04  Data: 0.004 (0.008)
2024-04-28 00:04:02,057 - train - INFO - Train: 17 [ 100/781 ( 13%)]  Loss:  3.256350 (3.6836)  Time: 0.373s,  343.39/s  (0.334s,  383.79/s)  LR: 5.457e-04  Data: 0.004 (0.007)
2024-04-28 00:04:20,239 - train - INFO - Train: 17 [ 150/781 ( 19%)]  Loss:  3.892137 (3.6706)  Time: 0.412s,  310.95/s  (0.343s,  372.65/s)  LR: 5.457e-04  Data: 0.007 (0.007)
2024-04-28 00:04:36,580 - train - INFO - Train: 17 [ 200/781 ( 26%)]  Loss:  3.136306 (3.6568)  Time: 0.304s,  421.57/s  (0.339s,  377.22/s)  LR: 5.457e-04  Data: 0.010 (0.007)
2024-04-28 00:04:53,236 - train - INFO - Train: 17 [ 250/781 ( 32%)]  Loss:  3.635424 (3.6511)  Time: 0.397s,  322.44/s  (0.338s,  378.60/s)  LR: 5.457e-04  Data: 0.005 (0.007)
2024-04-28 00:05:11,709 - train - INFO - Train: 17 [ 300/781 ( 38%)]  Loss:  3.955438 (3.6361)  Time: 0.357s,  358.25/s  (0.343s,  372.86/s)  LR: 5.457e-04  Data: 0.004 (0.007)
2024-04-28 00:05:27,052 - train - INFO - Train: 17 [ 350/781 ( 45%)]  Loss:  3.222281 (3.6378)  Time: 0.372s,  343.75/s  (0.338s,  378.59/s)  LR: 5.457e-04  Data: 0.005 (0.006)
2024-04-28 00:05:44,890 - train - INFO - Train: 17 [ 400/781 ( 51%)]  Loss:  4.070449 (3.6493)  Time: 0.373s,  343.04/s  (0.340s,  376.00/s)  LR: 5.457e-04  Data: 0.005 (0.006)
2024-04-28 00:06:02,543 - train - INFO - Train: 17 [ 450/781 ( 58%)]  Loss:  3.576480 (3.6490)  Time: 0.269s,  475.15/s  (0.342s,  374.47/s)  LR: 5.457e-04  Data: 0.008 (0.006)
2024-04-28 00:06:17,067 - train - INFO - Train: 17 [ 500/781 ( 64%)]  Loss:  3.228782 (3.6484)  Time: 0.323s,  396.83/s  (0.337s,  380.17/s)  LR: 5.457e-04  Data: 0.005 (0.006)
2024-04-28 00:06:34,487 - train - INFO - Train: 17 [ 550/781 ( 71%)]  Loss:  3.940856 (3.6439)  Time: 0.326s,  392.61/s  (0.338s,  378.98/s)  LR: 5.457e-04  Data: 0.004 (0.006)
2024-04-28 00:06:50,972 - train - INFO - Train: 17 [ 600/781 ( 77%)]  Loss:  3.940739 (3.6494)  Time: 0.265s,  483.86/s  (0.337s,  379.73/s)  LR: 5.457e-04  Data: 0.005 (0.006)
2024-04-28 00:07:08,015 - train - INFO - Train: 17 [ 650/781 ( 83%)]  Loss:  4.177319 (3.6526)  Time: 0.312s,  410.14/s  (0.337s,  379.41/s)  LR: 5.457e-04  Data: 0.005 (0.006)
2024-04-28 00:07:26,486 - train - INFO - Train: 17 [ 700/781 ( 90%)]  Loss:  4.054860 (3.6554)  Time: 0.358s,  357.45/s  (0.340s,  376.86/s)  LR: 5.457e-04  Data: 0.004 (0.006)
2024-04-28 00:07:41,917 - train - INFO - Train: 17 [ 750/781 ( 96%)]  Loss:  2.882648 (3.6530)  Time: 0.399s,  320.68/s  (0.338s,  379.16/s)  LR: 5.457e-04  Data: 0.008 (0.006)
2024-04-28 00:07:52,814 - train - INFO - Train: 17 [ 780/781 (100%)]  Loss:  3.544050 (3.6516)  Time: 0.425s,  301.22/s  (0.339s,  378.06/s)  LR: 5.457e-04  Data: 0.000 (0.006)
2024-04-28 00:07:53,171 - train - INFO - Test: [   0/78]  Time: 0.355 (0.355)  Loss:  1.5322 (1.5322)  Acc@1: 65.6250 (65.6250)  Acc@5: 89.0625 (89.0625)
2024-04-28 00:08:07,524 - train - INFO - Test: [  50/78]  Time: 0.255 (0.288)  Loss:  2.2656 (2.0430)  Acc@1: 49.2188 (52.6808)  Acc@5: 77.3438 (78.5233)
2024-04-28 00:08:15,358 - train - INFO - Test: [  78/78]  Time: 0.191 (0.285)  Loss:  2.4121 (2.0600)  Acc@1: 37.5000 (52.8600)  Acc@5: 81.2500 (78.1600)
2024-04-28 00:08:15,867 - train - INFO - Train: 18 [   0/781 (  0%)]  Loss:  3.997344 (3.9973)  Time: 0.422s,  303.24/s  (0.422s,  303.24/s)  LR: 5.452e-04  Data: 0.130 (0.130)
2024-04-28 00:08:31,887 - train - INFO - Train: 18 [  50/781 (  6%)]  Loss:  3.640596 (3.7125)  Time: 0.344s,  371.82/s  (0.322s,  397.08/s)  LR: 5.452e-04  Data: 0.007 (0.009)
2024-04-28 00:08:49,870 - train - INFO - Train: 18 [ 100/781 ( 13%)]  Loss:  3.890368 (3.6848)  Time: 0.405s,  315.83/s  (0.341s,  375.58/s)  LR: 5.452e-04  Data: 0.007 (0.007)
2024-04-28 00:09:05,757 - train - INFO - Train: 18 [ 150/781 ( 19%)]  Loss:  4.128197 (3.6750)  Time: 0.288s,  444.79/s  (0.333s,  384.20/s)  LR: 5.452e-04  Data: 0.006 (0.007)
2024-04-28 00:09:23,427 - train - INFO - Train: 18 [ 200/781 ( 26%)]  Loss:  4.063610 (3.6466)  Time: 0.351s,  364.23/s  (0.338s,  378.48/s)  LR: 5.452e-04  Data: 0.009 (0.007)
2024-04-28 00:09:41,201 - train - INFO - Train: 18 [ 250/781 ( 32%)]  Loss:  3.585593 (3.6506)  Time: 0.337s,  380.16/s  (0.342s,  374.68/s)  LR: 5.452e-04  Data: 0.004 (0.007)
2024-04-28 00:09:56,188 - train - INFO - Train: 18 [ 300/781 ( 38%)]  Loss:  3.200263 (3.6474)  Time: 0.374s,  342.64/s  (0.335s,  382.47/s)  LR: 5.452e-04  Data: 0.007 (0.007)
2024-04-28 00:10:13,272 - train - INFO - Train: 18 [ 350/781 ( 45%)]  Loss:  3.934280 (3.6445)  Time: 0.306s,  417.86/s  (0.336s,  381.34/s)  LR: 5.452e-04  Data: 0.006 (0.007)
2024-04-28 00:10:30,988 - train - INFO - Train: 18 [ 400/781 ( 51%)]  Loss:  3.642460 (3.6454)  Time: 0.381s,  336.34/s  (0.338s,  378.72/s)  LR: 5.452e-04  Data: 0.008 (0.007)
2024-04-28 00:10:45,896 - train - INFO - Train: 18 [ 450/781 ( 58%)]  Loss:  3.627062 (3.6439)  Time: 0.321s,  399.09/s  (0.334s,  383.73/s)  LR: 5.452e-04  Data: 0.006 (0.007)
2024-04-28 00:11:02,210 - train - INFO - Train: 18 [ 500/781 ( 64%)]  Loss:  3.400903 (3.6364)  Time: 0.362s,  354.01/s  (0.333s,  384.58/s)  LR: 5.452e-04  Data: 0.006 (0.007)
2024-04-28 00:11:18,588 - train - INFO - Train: 18 [ 550/781 ( 71%)]  Loss:  3.698922 (3.6328)  Time: 0.174s,  735.10/s  (0.332s,  385.13/s)  LR: 5.452e-04  Data: 0.007 (0.007)
2024-04-28 00:11:35,244 - train - INFO - Train: 18 [ 600/781 ( 77%)]  Loss:  3.031091 (3.6313)  Time: 0.331s,  386.51/s  (0.332s,  385.06/s)  LR: 5.452e-04  Data: 0.007 (0.007)
2024-04-28 00:11:53,173 - train - INFO - Train: 18 [ 650/781 ( 83%)]  Loss:  3.207935 (3.6355)  Time: 0.359s,  356.99/s  (0.334s,  382.75/s)  LR: 5.452e-04  Data: 0.009 (0.007)
2024-04-28 00:12:08,128 - train - INFO - Train: 18 [ 700/781 ( 90%)]  Loss:  3.189216 (3.6412)  Time: 0.251s,  509.67/s  (0.332s,  385.66/s)  LR: 5.452e-04  Data: 0.005 (0.007)
2024-04-28 00:12:25,546 - train - INFO - Train: 18 [ 750/781 ( 96%)]  Loss:  3.090529 (3.6420)  Time: 0.335s,  381.88/s  (0.333s,  384.39/s)  LR: 5.452e-04  Data: 0.004 (0.007)
2024-04-28 00:12:36,415 - train - INFO - Train: 18 [ 780/781 (100%)]  Loss:  4.205434 (3.6394)  Time: 0.379s,  337.74/s  (0.334s,  383.10/s)  LR: 5.452e-04  Data: 0.000 (0.007)
2024-04-28 00:12:36,734 - train - INFO - Test: [   0/78]  Time: 0.316 (0.316)  Loss:  1.2842 (1.2842)  Acc@1: 73.4375 (73.4375)  Acc@5: 92.9688 (92.9688)
2024-04-28 00:12:49,074 - train - INFO - Test: [  50/78]  Time: 0.311 (0.248)  Loss:  2.0020 (2.0634)  Acc@1: 60.9375 (52.3744)  Acc@5: 77.3438 (78.2322)
2024-04-28 00:12:55,494 - train - INFO - Test: [  78/78]  Time: 0.312 (0.241)  Loss:  2.0488 (2.0703)  Acc@1: 62.5000 (52.4400)  Acc@5: 87.5000 (78.0400)
2024-04-28 00:12:56,131 - train - INFO - Train: 19 [   0/781 (  0%)]  Loss:  3.711895 (3.7119)  Time: 0.542s,  235.96/s  (0.542s,  235.96/s)  LR: 5.447e-04  Data: 0.134 (0.134)
2024-04-28 00:13:14,257 - train - INFO - Train: 19 [  50/781 (  6%)]  Loss:  3.127179 (3.5708)  Time: 0.359s,  356.17/s  (0.366s,  349.71/s)  LR: 5.447e-04  Data: 0.005 (0.009)
2024-04-28 00:13:30,548 - train - INFO - Train: 19 [ 100/781 ( 13%)]  Loss:  3.595468 (3.6028)  Time: 0.301s,  425.21/s  (0.346s,  369.83/s)  LR: 5.447e-04  Data: 0.006 (0.008)
2024-04-28 00:13:46,927 - train - INFO - Train: 19 [ 150/781 ( 19%)]  Loss:  3.864491 (3.6205)  Time: 0.345s,  371.26/s  (0.340s,  376.52/s)  LR: 5.447e-04  Data: 0.007 (0.007)
2024-04-28 00:14:04,895 - train - INFO - Train: 19 [ 200/781 ( 26%)]  Loss:  3.138192 (3.6157)  Time: 0.341s,  374.85/s  (0.345s,  371.25/s)  LR: 5.447e-04  Data: 0.007 (0.007)
2024-04-28 00:14:21,520 - train - INFO - Train: 19 [ 250/781 ( 32%)]  Loss:  3.567444 (3.5966)  Time: 0.365s,  350.69/s  (0.342s,  373.91/s)  LR: 5.447e-04  Data: 0.006 (0.007)
2024-04-28 00:14:38,085 - train - INFO - Train: 19 [ 300/781 ( 38%)]  Loss:  3.148828 (3.5883)  Time: 0.320s,  399.88/s  (0.340s,  375.93/s)  LR: 5.447e-04  Data: 0.005 (0.007)
2024-04-28 00:14:55,338 - train - INFO - Train: 19 [ 350/781 ( 45%)]  Loss:  3.307995 (3.6043)  Time: 0.275s,  464.80/s  (0.341s,  375.21/s)  LR: 5.447e-04  Data: 0.006 (0.007)
2024-04-28 00:15:12,571 - train - INFO - Train: 19 [ 400/781 ( 51%)]  Loss:  3.260955 (3.6051)  Time: 0.275s,  466.09/s  (0.342s,  374.74/s)  LR: 5.447e-04  Data: 0.007 (0.007)
2024-04-28 00:15:28,796 - train - INFO - Train: 19 [ 450/781 ( 58%)]  Loss:  3.345459 (3.6083)  Time: 0.354s,  361.26/s  (0.340s,  376.83/s)  LR: 5.447e-04  Data: 0.004 (0.007)
2024-04-28 00:15:45,596 - train - INFO - Train: 19 [ 500/781 ( 64%)]  Loss:  3.058079 (3.6136)  Time: 0.383s,  334.34/s  (0.339s,  377.24/s)  LR: 5.447e-04  Data: 0.005 (0.007)
2024-04-28 00:16:02,349 - train - INFO - Train: 19 [ 550/781 ( 71%)]  Loss:  3.826335 (3.6136)  Time: 0.369s,  347.21/s  (0.339s,  377.67/s)  LR: 5.447e-04  Data: 0.010 (0.007)
2024-04-28 00:16:19,890 - train - INFO - Train: 19 [ 600/781 ( 77%)]  Loss:  3.837135 (3.6099)  Time: 0.276s,  463.64/s  (0.340s,  376.57/s)  LR: 5.447e-04  Data: 0.005 (0.007)
2024-04-28 00:16:36,841 - train - INFO - Train: 19 [ 650/781 ( 83%)]  Loss:  4.115806 (3.6111)  Time: 0.372s,  344.17/s  (0.340s,  376.65/s)  LR: 5.447e-04  Data: 0.006 (0.007)
2024-04-28 00:16:53,324 - train - INFO - Train: 19 [ 700/781 ( 90%)]  Loss:  3.102097 (3.6153)  Time: 0.403s,  317.76/s  (0.339s,  377.46/s)  LR: 5.447e-04  Data: 0.004 (0.006)
2024-04-28 00:17:10,060 - train - INFO - Train: 19 [ 750/781 ( 96%)]  Loss:  3.963224 (3.6200)  Time: 0.379s,  337.42/s  (0.339s,  377.79/s)  LR: 5.447e-04  Data: 0.005 (0.007)
2024-04-28 00:17:20,614 - train - INFO - Train: 19 [ 780/781 (100%)]  Loss:  3.428983 (3.6165)  Time: 0.358s,  357.36/s  (0.339s,  377.23/s)  LR: 5.447e-04  Data: 0.000 (0.007)
2024-04-28 00:17:20,975 - train - INFO - Test: [   0/78]  Time: 0.359 (0.359)  Loss:  1.0791 (1.0791)  Acc@1: 74.2188 (74.2188)  Acc@5: 92.1875 (92.1875)
2024-04-28 00:17:33,518 - train - INFO - Test: [  50/78]  Time: 0.298 (0.253)  Loss:  1.7246 (1.9966)  Acc@1: 63.2812 (52.7880)  Acc@5: 81.2500 (78.7990)
2024-04-28 00:17:41,564 - train - INFO - Test: [  78/78]  Time: 0.296 (0.265)  Loss:  2.1328 (2.0074)  Acc@1: 43.7500 (52.7300)  Acc@5: 93.7500 (78.6900)
2024-04-28 00:17:42,168 - train - INFO - Train: 20 [   0/781 (  0%)]  Loss:  3.785267 (3.7853)  Time: 0.515s,  248.72/s  (0.515s,  248.72/s)  LR: 5.441e-04  Data: 0.134 (0.134)
2024-04-28 00:17:59,150 - train - INFO - Train: 20 [  50/781 (  6%)]  Loss:  3.591277 (3.6427)  Time: 0.334s,  382.84/s  (0.343s,  373.13/s)  LR: 5.441e-04  Data: 0.006 (0.009)
2024-04-28 00:18:16,759 - train - INFO - Train: 20 [ 100/781 ( 13%)]  Loss:  4.131280 (3.6279)  Time: 0.278s,  461.26/s  (0.348s,  368.29/s)  LR: 5.441e-04  Data: 0.007 (0.008)
2024-04-28 00:18:33,236 - train - INFO - Train: 20 [ 150/781 ( 19%)]  Loss:  3.937888 (3.6224)  Time: 0.289s,  443.45/s  (0.342s,  374.73/s)  LR: 5.441e-04  Data: 0.008 (0.007)
2024-04-28 00:18:51,031 - train - INFO - Train: 20 [ 200/781 ( 26%)]  Loss:  3.237483 (3.6110)  Time: 0.391s,  327.07/s  (0.345s,  370.87/s)  LR: 5.441e-04  Data: 0.008 (0.007)
2024-04-28 00:19:07,954 - train - INFO - Train: 20 [ 250/781 ( 32%)]  Loss:  3.211631 (3.5942)  Time: 0.372s,  344.28/s  (0.344s,  372.31/s)  LR: 5.441e-04  Data: 0.008 (0.007)
