2024-04-11 19:11:55,149 - train - INFO - Model c100_nas_mobilenetv2 created, param count:2352163
2024-04-11 19:11:55,390 - train - INFO - Using native Torch AMP. Training in mixed precision.
2024-04-11 19:11:55,390 - train - INFO - Scheduled epochs: 11
2024-04-11 19:11:56,729 - train - INFO - Verifying initial model
2024-04-11 19:11:57,810 - train - INFO - Test: [   0/39]  Time: 1.080 (1.080)  Loss:  0.9492 (0.9492)  Acc@1: 80.8594 (80.8594)  Acc@5: 95.3125 (95.3125)
2024-04-11 19:11:59,011 - train - INFO - Test: [  39/39]  Time: 0.352 (0.057)  Loss:  1.1045 (0.9844)  Acc@1: 75.0000 (78.7000)  Acc@5: 93.7500 (95.1000)
2024-04-11 19:13:22,864 - train - INFO - cir_idx:[3, 5, 6, 8, 9, 11, 12, 14, 15, 17, 18, 20, 21, 23, 24, 26, 27, 29, 30, 32, 33, 35, 36, 38, 39, 41, 42, 44, 45, 47, 48, 50]
2024-04-11 19:13:22,864 - train - INFO - len traces:(52,)
2024-04-11 19:13:22,866 - train - INFO - traces:[3.03428633e+00 8.50533700e+00 7.79046617e-01 8.99949186e-02
 1.49114245e+00 6.40439696e-02 2.47945685e-02 2.64914761e-01
 4.83164597e-02 5.26376053e-02 1.63500445e-01 5.94443641e-02
 5.14385926e-03 9.79633444e-02 7.12133243e-03 5.63646106e-03
 7.75553447e-02 6.69782973e-03 3.30371704e-02 7.64449797e-02
 2.39436257e-02 6.16672671e-04 1.19858840e-02 8.17690138e-04
 9.94239637e-04 9.07066829e-03 5.90917691e-04 1.26640719e-03
 1.22975875e-02 1.05356595e-03 5.15946794e-03 4.53639880e-02
 3.46355903e-03 4.13570443e-04 1.42366557e-02 8.13800605e-04
 6.68112881e-04 1.38771945e-02 5.70392652e-04 2.97909682e-03
 1.81274332e-02 2.49785763e-03 3.44661525e-04 1.49645369e-02
 5.18219591e-04 5.60016906e-04 1.89718756e-02 5.82812634e-04
 2.03045462e-03 2.91091641e-02 3.62462310e-04 6.73414135e-05]
2024-04-11 19:13:22,866 - train - INFO - len params:32
2024-04-11 19:13:22,866 - train - INFO - params[0].shape:torch.Size([96, 16, 1, 1])
2024-04-11 19:13:22,866 - train - INFO - delta_weights_b2:[719.1793212890625, 1046.8055419921875, 1053.814697265625, 1242.1837158203125, 1873.6566162109375, 934.9798583984375, 1062.3477783203125, 671.4496459960938, 1178.4654541015625, 666.0286865234375, 1374.75341796875, 695.9624633789062, 1338.8310546875, 687.9208984375, 1380.5736083984375, 548.733642578125, 1409.4415283203125, 621.935302734375, 1447.1043701171875, 958.5252075195312, 1798.192138671875, 989.589111328125, 2158.89892578125, 886.8758544921875, 2516.011474609375, 750.1292114257812, 1478.9613037109375, 743.0807495117188, 1694.8905029296875, 826.6326904296875, 1906.0751953125, 1286.738037109375]
2024-04-11 19:13:22,866 - train - INFO - delta_weights_b4:[953.2227783203125, 1304.2119140625, 1337.59033203125, 1554.24755859375, 2468.332763671875, 1149.653564453125, 1371.92138671875, 811.3580322265625, 1539.1436767578125, 829.0314331054688, 1744.9339599609375, 982.5408325195312, 1776.5191650390625, 931.6482543945312, 1775.11279296875, 717.5779418945312, 1774.361083984375, 771.5354614257812, 1838.82080078125, 1295.66748046875, 2384.385986328125, 1238.2265625, 2818.082275390625, 1122.864990234375, 3318.37158203125, 995.1595458984375, 1991.37841796875, 944.6544799804688, 2223.80224609375, 1037.9246826171875, 2453.2177734375, 1637.85693359375]
2024-04-11 19:13:22,867 - train - INFO - delta_weights_b8:[1023.2931518554688, 1445.5218505859375, 1465.1285400390625, 1696.89892578125, 2713.720703125, 1265.6339111328125, 1514.818603515625, 871.6336669921875, 1697.119873046875, 898.038330078125, 1923.82666015625, 1087.688720703125, 1984.76416015625, 1003.2540893554688, 1973.22998046875, 794.650390625, 1975.346923828125, 855.2402954101562, 2022.4390869140625, 1441.3995361328125, 2677.55419921875, 1365.7479248046875, 3140.765625, 1221.5013427734375, 3677.647216796875, 1108.946044921875, 2248.79052734375, 1050.334716796875, 2475.435546875, 1132.4857177734375, 2714.299072265625, 1792.320556640625]
2024-04-11 19:13:22,867 - train - INFO - delta_weights_b16:[1066.14453125, 1445.5218505859375, 1465.1285400390625, 1696.89892578125, 2713.720703125, 1305.5401611328125, 1605.7061767578125, 902.4945678710938, 1774.586181640625, 951.4256591796875, 2027.3887939453125, 1133.8017578125, 2096.6552734375, 1043.0870361328125, 2085.02978515625, 828.5526733398438, 2068.931396484375, 894.7381591796875, 2114.609619140625, 1532.2353515625, 2824.21484375, 1418.8155517578125, 3293.353515625, 1272.5986328125, 3856.35595703125, 1157.4913330078125, 2371.869384765625, 1093.9024658203125, 2605.80078125, 1182.762939453125, 2843.592041015625, 1863.838623046875]
2024-04-11 19:13:22,867 - train - INFO - delta_weights_b32:[]
2024-04-11 19:13:22,958 - train - INFO - result:[ 2  2  4  2  2  2 16 16 16 16  2  2 16 16 16 16 16 16 16 16 16 16 16 16
 16 16 16 16 16 16 16 16]
2024-04-11 19:13:22,964 - train - INFO - ratio:tensor(0.1241)
2024-04-11 19:35:19,532 - train - INFO - Model c100_nas_mobilenetv2 created, param count:2352163
2024-04-11 19:35:19,819 - train - INFO - Using native Torch AMP. Training in mixed precision.
2024-04-11 19:35:19,820 - train - INFO - Scheduled epochs: 11
2024-04-11 19:35:20,951 - train - INFO - Verifying initial model
2024-04-11 19:35:22,541 - train - INFO - Test: [   0/39]  Time: 1.589 (1.589)  Loss:  0.9492 (0.9492)  Acc@1: 80.8594 (80.8594)  Acc@5: 95.3125 (95.3125)
2024-04-11 19:35:26,050 - train - INFO - Test: [  39/39]  Time: 0.743 (0.127)  Loss:  1.1045 (0.9844)  Acc@1: 75.0000 (78.6900)  Acc@5: 93.7500 (95.1000)
2024-04-11 19:40:17,618 - train - INFO - Model c100_nas_mobilenetv2 created, param count:2352163
2024-04-11 19:40:17,886 - train - INFO - Using native Torch AMP. Training in mixed precision.
2024-04-11 19:40:17,886 - train - INFO - Scheduled epochs: 11
2024-04-11 19:40:19,018 - train - INFO - Verifying initial model
2024-04-11 19:40:19,994 - train - INFO - Test: [   0/39]  Time: 0.975 (0.975)  Loss:  0.9492 (0.9492)  Acc@1: 80.8594 (80.8594)  Acc@5: 95.3125 (95.3125)
2024-04-11 19:40:21,049 - train - INFO - Test: [  39/39]  Time: 0.329 (0.051)  Loss:  1.1045 (0.9844)  Acc@1: 75.0000 (78.7000)  Acc@5: 93.7500 (95.1000)
2024-04-11 19:41:41,079 - train - INFO - cir_idx:[3, 5, 6, 8, 9, 11, 12, 14, 15, 17, 18, 20, 21, 23, 24, 26, 27, 29, 30, 32, 33, 35, 36, 38, 39, 41, 42, 44, 45, 47, 48, 50]
2024-04-11 19:41:41,079 - train - INFO - len traces:(52,)
2024-04-11 19:41:41,080 - train - INFO - traces:[3.03441065e+00 8.49842440e+00 7.79828893e-01 8.97936979e-02
 1.48735515e+00 6.39512431e-02 2.49132440e-02 2.65526975e-01
 4.84037569e-02 5.26575144e-02 1.63974340e-01 5.94659346e-02
 5.14452208e-03 9.79300687e-02 7.10336567e-03 5.56753357e-03
 7.74913560e-02 6.70746719e-03 3.31548447e-02 7.66572924e-02
 2.39351082e-02 6.18891652e-04 1.19618628e-02 8.16308295e-04
 9.98701722e-04 9.08823692e-03 5.92728092e-04 1.25938221e-03
 1.22416760e-02 1.03984440e-03 5.17248121e-03 4.53699174e-02
 3.46614300e-03 4.15391003e-04 1.41345485e-02 8.13543500e-04
 6.64225684e-04 1.38829807e-02 5.69809136e-04 2.98004472e-03
 1.81328778e-02 2.49889373e-03 3.44168076e-04 1.49883480e-02
 5.18608433e-04 5.59081518e-04 1.89897094e-02 5.84692990e-04
 2.03009557e-03 2.91112264e-02 3.62925234e-04 6.65204947e-05]
2024-04-11 19:41:41,080 - train - INFO - len params:32
2024-04-11 19:41:41,081 - train - INFO - params[0].shape:torch.Size([96, 16, 1, 1])
2024-04-11 19:41:41,081 - train - INFO - delta_weights_b2:[719.1793212890625, 1046.8414306640625, 1053.8248291015625, 1242.1920166015625, 1873.6661376953125, 934.9810791015625, 1062.3504638671875, 671.4448852539062, 1178.4625244140625, 666.0263671875, 1374.75048828125, 695.96337890625, 1338.8311767578125, 687.9237060546875, 1380.5701904296875, 548.7296142578125, 1409.4383544921875, 621.929443359375, 1447.098388671875, 958.5331420898438, 1798.203369140625, 989.591552734375, 2158.9130859375, 886.8795776367188, 2516.02587890625, 750.1343383789062, 1478.9696044921875, 743.087890625, 1694.89794921875, 826.6328125, 1906.07763671875, 1286.739501953125]
2024-04-11 19:41:41,081 - train - INFO - delta_weights_b4:[953.2227783203125, 1304.225341796875, 1337.6041259765625, 1554.2562255859375, 2468.34423828125, 1149.6546630859375, 1371.92138671875, 811.3497314453125, 1539.1396484375, 829.033203125, 1744.9287109375, 982.5429077148438, 1776.5218505859375, 931.6531372070312, 1775.1055908203125, 717.5736694335938, 1774.35595703125, 771.53125, 1838.8118896484375, 1295.678955078125, 2384.402587890625, 1238.2294921875, 2818.09912109375, 1122.86962890625, 3318.392333984375, 995.1646728515625, 1991.3900146484375, 944.6633911132812, 2223.810302734375, 1037.923095703125, 2453.222412109375, 1637.8587646484375]
2024-04-11 19:41:41,081 - train - INFO - delta_weights_b8:[1023.2931518554688, 1445.5350341796875, 1465.1392822265625, 1696.9078369140625, 2713.731201171875, 1265.6387939453125, 1514.81982421875, 871.6239013671875, 1697.1168212890625, 898.03955078125, 1923.8212890625, 1087.691162109375, 1984.7662353515625, 1003.2584838867188, 1973.2218017578125, 794.6463012695312, 1975.340087890625, 855.2332153320312, 2022.4306640625, 1441.411865234375, 2677.57177734375, 1365.7528076171875, 3140.784423828125, 1221.50537109375, 3677.669677734375, 1108.9512939453125, 2248.802734375, 1050.34375, 2475.44482421875, 1132.4833984375, 2714.303955078125, 1792.3240966796875]
2024-04-11 19:41:41,081 - train - INFO - delta_weights_b16:[1066.14453125, 1445.5350341796875, 1465.1392822265625, 1696.9078369140625, 2713.731201171875, 1305.5439453125, 1605.707763671875, 902.484130859375, 1774.58203125, 951.4264526367188, 2027.3834228515625, 1133.8035888671875, 2096.658447265625, 1043.0919189453125, 2085.021484375, 828.5472412109375, 2068.925537109375, 894.73095703125, 2114.60009765625, 1532.248046875, 2824.234375, 1418.8199462890625, 3293.37353515625, 1272.603515625, 3856.3798828125, 1157.4967041015625, 2371.882080078125, 1093.912353515625, 2605.8095703125, 1182.7601318359375, 2843.596435546875, 1863.8424072265625]
2024-04-11 19:41:41,081 - train - INFO - delta_weights_b32:[]
2024-04-11 19:41:41,141 - train - INFO - result:[ 2  2  2  2  2  2  8 16  8  8  2  2 16 16 16 16 16 16  2 16 16 16 16 16
  4 16 16 16 16 16 16 16]
2024-04-11 19:41:41,144 - train - INFO - ratio:tensor(0.1492)
2024-04-11 19:41:52,158 - train - INFO - Model c100_nas_mobilenetv2 created, param count:2352163
2024-04-11 19:41:52,375 - train - INFO - Using native Torch AMP. Training in mixed precision.
2024-04-11 19:41:52,376 - train - INFO - Scheduled epochs: 11
2024-04-11 19:41:53,468 - train - INFO - Verifying initial model
2024-04-11 19:41:54,405 - train - INFO - Test: [   0/39]  Time: 0.936 (0.936)  Loss:  0.9492 (0.9492)  Acc@1: 80.8594 (80.8594)  Acc@5: 95.3125 (95.3125)
2024-04-11 19:41:55,440 - train - INFO - Test: [  39/39]  Time: 0.323 (0.049)  Loss:  1.1045 (0.9844)  Acc@1: 75.0000 (78.7000)  Acc@5: 93.7500 (95.1000)
2024-04-11 19:43:18,046 - train - INFO - cir_idx:[3, 5, 6, 8, 9, 11, 12, 14, 15, 17, 18, 20, 21, 23, 24, 26, 27, 29, 30, 32, 33, 35, 36, 38, 39, 41, 42, 44, 45, 47, 48, 50]
2024-04-11 19:43:18,047 - train - INFO - len traces:(52,)
2024-04-11 19:43:18,048 - train - INFO - traces:[3.03428626e+00 8.50533700e+00 7.79046617e-01 8.99949186e-02
 1.49114245e+00 6.40439696e-02 2.47945685e-02 2.64914761e-01
 4.83164597e-02 5.26376053e-02 1.63500445e-01 5.94443641e-02
 5.14385926e-03 9.79633444e-02 7.12133243e-03 5.63646106e-03
 7.75553447e-02 6.69782973e-03 3.30371704e-02 7.64449797e-02
 2.39436257e-02 6.16672671e-04 1.19858840e-02 8.17690138e-04
 9.94239637e-04 9.07066829e-03 5.90917691e-04 1.26640719e-03
 1.22975875e-02 1.05356595e-03 5.15946794e-03 4.53639880e-02
 3.46355903e-03 4.13570443e-04 1.42366557e-02 8.13800605e-04
 6.68112881e-04 1.38771945e-02 5.70392652e-04 2.97909682e-03
 1.81274332e-02 2.49785763e-03 3.44661525e-04 1.49645369e-02
 5.18219591e-04 5.60016906e-04 1.89718756e-02 5.82812634e-04
 2.03045462e-03 2.91091641e-02 3.62462310e-04 6.73411668e-05]
2024-04-11 19:43:18,048 - train - INFO - len params:32
2024-04-11 19:43:18,048 - train - INFO - params[0].shape:torch.Size([96, 16, 1, 1])
2024-04-11 19:43:18,048 - train - INFO - delta_weights_b2:[719.1793212890625, 1046.8055419921875, 1053.814697265625, 1242.1837158203125, 1873.6566162109375, 934.9798583984375, 1062.3477783203125, 671.4496459960938, 1178.4654541015625, 666.0286865234375, 1374.75341796875, 695.9624633789062, 1338.8310546875, 687.9208984375, 1380.5736083984375, 548.733642578125, 1409.4415283203125, 621.935302734375, 1447.1043701171875, 958.5252075195312, 1798.192138671875, 989.589111328125, 2158.89892578125, 886.8758544921875, 2516.011474609375, 750.1292114257812, 1478.9613037109375, 743.0807495117188, 1694.8905029296875, 826.6326904296875, 1906.0751953125, 1286.738037109375]
2024-04-11 19:43:18,048 - train - INFO - delta_weights_b4:[953.2227783203125, 1304.2119140625, 1337.59033203125, 1554.24755859375, 2468.332763671875, 1149.653564453125, 1371.92138671875, 811.3580322265625, 1539.1436767578125, 829.0314331054688, 1744.9339599609375, 982.5408325195312, 1776.5191650390625, 931.6482543945312, 1775.11279296875, 717.5779418945312, 1774.361083984375, 771.5354614257812, 1838.82080078125, 1295.66748046875, 2384.385986328125, 1238.2265625, 2818.082275390625, 1122.864990234375, 3318.37158203125, 995.1595458984375, 1991.37841796875, 944.6544799804688, 2223.80224609375, 1037.9246826171875, 2453.2177734375, 1637.85693359375]
2024-04-11 19:43:18,048 - train - INFO - delta_weights_b8:[1023.2931518554688, 1445.5218505859375, 1465.1285400390625, 1696.89892578125, 2713.720703125, 1265.6339111328125, 1514.818603515625, 871.6336669921875, 1697.119873046875, 898.038330078125, 1923.82666015625, 1087.688720703125, 1984.76416015625, 1003.2540893554688, 1973.22998046875, 794.650390625, 1975.346923828125, 855.2402954101562, 2022.4390869140625, 1441.3995361328125, 2677.55419921875, 1365.7479248046875, 3140.765625, 1221.5013427734375, 3677.647216796875, 1108.946044921875, 2248.79052734375, 1050.334716796875, 2475.435546875, 1132.4857177734375, 2714.299072265625, 1792.320556640625]
2024-04-11 19:43:18,048 - train - INFO - delta_weights_b16:[1066.14453125, 1445.5218505859375, 1465.1285400390625, 1696.89892578125, 2713.720703125, 1305.5401611328125, 1605.7061767578125, 902.4945678710938, 1774.586181640625, 951.4256591796875, 2027.3887939453125, 1133.8017578125, 2096.6552734375, 1043.0870361328125, 2085.02978515625, 828.5526733398438, 2068.931396484375, 894.7381591796875, 2114.609619140625, 1532.2353515625, 2824.21484375, 1418.8155517578125, 3293.353515625, 1272.5986328125, 3856.35595703125, 1157.4913330078125, 2371.869384765625, 1093.9024658203125, 2605.80078125, 1182.762939453125, 2843.592041015625, 1863.838623046875]
2024-04-11 19:43:18,048 - train - INFO - delta_weights_b32:[]
2024-04-11 19:43:18,111 - train - INFO - result:[ 2  2  2  2  2  2  2 16  2  8  2  2 16 16 16 16 16 16  2  2 16 16 16 16
  2 16 16 16 16 16  4 16]
2024-04-11 19:43:18,115 - train - INFO - ratio:tensor(0.1995)
