2024-04-11 09:30:52,196 - train - INFO - Model c10_nas_mobilenetv2 created, param count:2236878
2024-04-11 09:30:52,490 - train - INFO - Using native Torch AMP. Training in mixed precision.
2024-04-11 09:30:52,490 - train - INFO - Scheduled epochs: 11
2024-04-11 09:30:53,536 - train - INFO - Verifying initial model
2024-04-11 09:30:54,630 - train - INFO - Test: [   0/39]  Time: 1.093 (1.093)  Loss:  0.3928 (0.3928)  Acc@1: 94.1406 (94.1406)  Acc@5: 100.0000 (100.0000)
2024-04-11 09:30:55,774 - train - INFO - Test: [  39/39]  Time: 0.343 (0.056)  Loss:  0.4517 (0.3957)  Acc@1: 93.7500 (94.7100)  Acc@5: 100.0000 (99.8500)
2024-04-11 09:32:16,876 - train - INFO - cir_idx:[2, 3, 5, 6, 8, 9, 11, 12, 14, 15, 17, 18, 20, 21, 23, 24, 26, 27, 29, 30, 32, 33, 35, 36, 38, 39, 41, 42, 44, 45, 47, 48, 50]
2024-04-11 09:32:16,876 - train - INFO - len traces:(52,)
2024-04-11 09:32:16,877 - train - INFO - traces:[6.23341734e-01 1.19796078e+00 3.54423889e-02 1.55911282e-02
 2.15581791e-01 5.75965412e-03 6.23384285e-03 1.10990900e-01
 4.84372981e-03 1.44857650e-02 4.36054855e-02 6.32056273e-03
 2.35302575e-03 4.37005051e-02 1.06818639e-03 1.56553872e-03
 3.14678503e-02 1.40197613e-03 5.90486960e-03 2.62001043e-02
 2.33177190e-03 4.96243375e-04 1.01384179e-02 3.77482688e-04
 3.18688766e-04 7.07639191e-03 2.77011364e-04 3.18253310e-04
 5.58187871e-03 2.22332839e-04 1.37339694e-03 1.85086610e-02
 7.66918943e-04 2.27731156e-04 5.34180433e-03 1.74060338e-04
 2.47865773e-04 4.39194730e-03 1.33981008e-04 4.63199195e-04
 3.78322774e-03 1.40522773e-04 5.48460492e-05 2.17627028e-03
 5.92913424e-05 9.17947945e-05 2.73043296e-03 4.47802455e-05
 1.53904890e-04 7.15926927e-03 9.29582810e-06 3.51439080e-06]
2024-04-11 09:32:16,878 - train - INFO - len params:33
2024-04-11 09:32:16,878 - train - INFO - params[0].shape:torch.Size([16, 32, 1, 1])
2024-04-11 09:32:16,878 - train - INFO - delta_weights_b2:[5.174286842346191, 4.000999450683594, 15.825786590576172, 7.6678314208984375, 24.710771560668945, 7.7204718589782715, 28.186290740966797, 11.574718475341797, 35.64104461669922, 12.204500198364258, 35.376155853271484, 12.07003402709961, 43.63850402832031, 38.34061050415039, 85.99087524414062, 37.9030876159668, 86.7587890625, 38.39073181152344, 84.66277313232422, 39.14494705200195, 100.0866470336914, 79.33195495605469, 153.61892700195312, 79.19524383544922, 153.8057403564453, 80.24069213867188, 193.70755004882812, 203.93887329101562, 326.9056396484375, 207.24940490722656, 324.27691650390625, 205.66746520996094, 464.638916015625]
2024-04-11 09:32:16,878 - train - INFO - delta_weights_b4:[7.278031826019287, 5.957420825958252, 24.12876319885254, 11.020995140075684, 37.09903335571289, 11.46350383758545, 40.51864242553711, 17.792814254760742, 53.349876403808594, 18.13916015625, 54.18302917480469, 17.916385650634766, 64.6996841430664, 57.7628173828125, 129.0997314453125, 57.29889678955078, 129.71974182128906, 57.33694076538086, 128.5363311767578, 57.990211486816406, 152.64112854003906, 119.31507873535156, 230.3299560546875, 120.31098937988281, 228.7740478515625, 119.54668426513672, 289.79156494140625, 305.9777526855469, 491.5926208496094, 310.2743835449219, 484.8553161621094, 307.2555847167969, 699.551513671875]
2024-04-11 09:32:16,878 - train - INFO - delta_weights_b8:[8.216806411743164, 7.025774955749512, 28.063831329345703, 13.252546310424805, 44.17674255371094, 13.333589553833008, 47.16188430786133, 20.851696014404297, 62.67769241333008, 20.907142639160156, 63.71112060546875, 21.06056022644043, 75.48036193847656, 66.82085418701172, 151.55795288085938, 67.07159423828125, 151.76028442382812, 66.87582397460938, 151.02931213378906, 67.92526245117188, 177.2840118408203, 139.00735473632812, 269.368408203125, 140.35658264160156, 266.1334533691406, 139.82705688476562, 339.1775207519531, 357.0853271484375, 574.74951171875, 362.8836364746094, 566.5868530273438, 357.8307189941406, 817.2164306640625]
2024-04-11 09:32:16,878 - train - INFO - delta_weights_b16:[8.73198127746582, 7.468192100524902, 28.063831329345703, 13.252546310424805, 44.17674255371094, 13.333589553833008, 50.93596649169922, 22.237548828125, 67.04363250732422, 22.378583908081055, 67.85416412353516, 22.475942611694336, 81.08161163330078, 71.4909896850586, 162.65724182128906, 71.78604888916016, 161.42630004882812, 71.7716064453125, 162.29568481445312, 72.8798599243164, 189.5688934326172, 149.35572814941406, 288.1099853515625, 150.7008514404297, 285.7831726074219, 150.45816040039062, 363.2278137207031, 381.2398986816406, 615.026123046875, 387.9985656738281, 605.2909545898438, 384.49737548828125, 874.5205688476562]
2024-04-11 09:32:16,878 - train - INFO - delta_weights_b32:[]
2024-04-11 09:32:16,960 - train - INFO - result:[ 2  2  2  8  2  2  2 16 16 16 16  2  2 16 16 16 16 16 16 16 16 16 16 16
 16 16 16 16 16 16 16 16 16]
2024-04-11 09:32:16,964 - train - INFO - ratio:tensor(0.1235)
2024-04-11 09:38:51,551 - train - INFO - Model c10_nas_mobilenetv2 created, param count:2236878
2024-04-11 09:38:51,778 - train - INFO - Using native Torch AMP. Training in mixed precision.
2024-04-11 09:38:51,779 - train - INFO - Scheduled epochs: 11
2024-04-11 09:38:52,965 - train - INFO - Verifying initial model
2024-04-11 09:38:53,969 - train - INFO - Test: [   0/39]  Time: 1.003 (1.003)  Loss:  0.3928 (0.3928)  Acc@1: 94.1406 (94.1406)  Acc@5: 100.0000 (100.0000)
2024-04-11 09:38:55,194 - train - INFO - Test: [  39/39]  Time: 0.358 (0.056)  Loss:  0.4517 (0.3957)  Acc@1: 93.7500 (94.7100)  Acc@5: 100.0000 (99.8500)
2024-04-11 09:42:09,959 - train - INFO - Model c10_nas_mobilenetv2 created, param count:2236878
2024-04-11 09:42:10,227 - train - INFO - Using native Torch AMP. Training in mixed precision.
2024-04-11 09:42:10,227 - train - INFO - Scheduled epochs: 11
2024-04-11 09:42:11,277 - train - INFO - Verifying initial model
2024-04-11 09:42:12,234 - train - INFO - Test: [   0/39]  Time: 0.956 (0.956)  Loss:  0.3928 (0.3928)  Acc@1: 94.1406 (94.1406)  Acc@5: 100.0000 (100.0000)
2024-04-11 09:42:13,402 - train - INFO - Test: [  39/39]  Time: 0.367 (0.053)  Loss:  0.4517 (0.3957)  Acc@1: 93.7500 (94.7100)  Acc@5: 100.0000 (99.8500)
2024-04-11 09:43:34,546 - train - INFO - cir_idx:[2, 3, 5, 6, 8, 9, 11, 12, 14, 15, 17, 18, 20, 21, 23, 24, 26, 27, 29, 30, 32, 33, 35, 36, 38, 39, 41, 42, 44, 45, 47, 48, 50]
2024-04-11 09:43:34,546 - train - INFO - len traces:(52,)
2024-04-11 09:43:34,548 - train - INFO - traces:[6.24719507e-01 1.20354238e+00 3.54407709e-02 1.55058205e-02
 2.15057705e-01 5.72622948e-03 6.22036526e-03 1.10992035e-01
 4.84261605e-03 1.45131388e-02 4.38561257e-02 6.32698564e-03
 2.35559416e-03 4.37278311e-02 1.05580060e-03 1.58044854e-03
 3.15859353e-02 1.40328897e-03 5.96799517e-03 2.63056237e-02
 2.32385396e-03 4.96691970e-04 1.02344654e-02 3.75731229e-04
 3.21193706e-04 7.07906170e-03 2.74001894e-04 3.20337416e-04
 5.59176143e-03 2.23274221e-04 1.37597229e-03 1.85321259e-02
 7.69810732e-04 2.27369486e-04 5.33655397e-03 1.75080362e-04
 2.46726771e-04 4.34836459e-03 1.35811963e-04 4.63872600e-04
 3.82324643e-03 1.42239872e-04 5.44976753e-05 2.18853532e-03
 5.93285816e-05 9.17854396e-05 2.72135363e-03 4.48726563e-05
 1.53502237e-04 7.13830698e-03 9.24961820e-06 3.47814144e-06]
2024-04-11 09:43:34,548 - train - INFO - len params:33
2024-04-11 09:43:34,548 - train - INFO - params[0].shape:torch.Size([16, 32, 1, 1])
2024-04-11 09:43:34,548 - train - INFO - delta_weights_b2:[1017540.625, 1041614.5625, 2852841.0, 2330389.25, 4103614.5, 5320397.5, 2425740.75, 1390740.875, 1988466.625, 2243342.5, 1360830.75, 3502449.75, 1097647.875, 1688492.75, 1021131.6875, 2544997.0, 1086861.0, 3356084.0, 950969.6875, 4312560.0, 1581929.25, 2425473.25, 1954459.625, 4859952.5, 1724615.25, 7824051.5, 999907.6875, 1818717.25, 1178030.375, 3288884.5, 1249841.875, 5748327.0, 3211702.75]
2024-04-11 09:43:34,548 - train - INFO - delta_weights_b4:[1504986.25, 1778175.0, 4845193.0, 3665806.25, 6072801.0, 8349643.5, 3756874.0, 2456353.25, 3038352.75, 3710927.25, 1999509.25, 5800619.5, 1603355.375, 2923553.5, 1777219.0, 4362057.5, 1712327.5, 5479684.5, 1569758.125, 6890959.5, 2668668.75, 4151609.25, 3154678.5, 8185882.5, 2668479.0, 12893594.0, 1645337.375, 3326222.25, 1970655.25, 5808233.0, 2091784.875, 10186409.0, 5649322.5]
2024-04-11 09:43:34,548 - train - INFO - delta_weights_b8:[1858427.625, 2142007.75, 6071527.0, 4706608.5, 7161578.5, 10099277.0, 4517732.5, 3022471.75, 3535776.25, 4422778.5, 2542249.75, 7226835.0, 1957575.0, 3654111.25, 2114062.75, 5365053.5, 2029636.375, 6654423.5, 1878488.375, 8426804.0, 3348320.0, 5124262.5, 3812956.5, 10010528.0, 3271936.5, 15840443.0, 2020667.5, 4236207.0, 2416323.5, 7296408.5, 2674427.0, 12908503.0, 7118052.0]
2024-04-11 09:43:34,548 - train - INFO - delta_weights_b16:[1995475.625, 2349444.5, 6071527.0, 4706608.5, 7161578.5, 10099277.0, 5234091.5, 3283679.25, 3827720.75, 4833397.0, 2672726.0, 7791819.5, 2147474.25, 4029737.25, 2346703.75, 5914089.5, 2207980.25, 7310916.5, 2043969.375, 9245878.0, 3640421.25, 5708194.5, 4196383.5, 11003446.0, 3583145.25, 17515218.0, 2214750.75, 4703654.5, 2662307.0, 8065041.0, 2989155.25, 14467751.0, 7903114.0]
2024-04-11 09:43:34,548 - train - INFO - delta_weights_b32:[]
2024-04-11 09:43:34,617 - train - INFO - result:[ 2  2  2  2  2  2  2  8 16  8 16  2  2 16 16 16 16 16 16  2 16 16 16 16
 16  4 16 16 16 16 16 16 16]
2024-04-11 09:43:34,622 - train - INFO - ratio:tensor(0.1496)
2024-04-11 09:59:36,832 - train - INFO - Model c10_nas_mobilenetv2 created, param count:2236878
2024-04-11 09:59:37,097 - train - INFO - Using native Torch AMP. Training in mixed precision.
2024-04-11 09:59:37,097 - train - INFO - Scheduled epochs: 11
2024-04-11 09:59:38,278 - train - INFO - Verifying initial model
2024-04-11 09:59:39,306 - train - INFO - Test: [   0/39]  Time: 1.026 (1.026)  Loss:  0.3928 (0.3928)  Acc@1: 94.1406 (94.1406)  Acc@5: 100.0000 (100.0000)
2024-04-11 09:59:40,413 - train - INFO - Test: [  39/39]  Time: 0.362 (0.053)  Loss:  0.4517 (0.3957)  Acc@1: 93.7500 (94.7100)  Acc@5: 100.0000 (99.8500)
2024-04-11 10:01:01,825 - train - INFO - cir_idx:[2, 3, 5, 6, 8, 9, 11, 12, 14, 15, 17, 18, 20, 21, 23, 24, 26, 27, 29, 30, 32, 33, 35, 36, 38, 39, 41, 42, 44, 45, 47, 48, 50]
2024-04-11 10:01:01,826 - train - INFO - len traces:(52,)
2024-04-11 10:01:01,827 - train - INFO - traces:[6.21893848e-01 1.20015946e+00 3.53905729e-02 1.55600163e-02
 2.15103304e-01 5.79107196e-03 6.25183298e-03 1.10652927e-01
 4.81970950e-03 1.44314857e-02 4.37713534e-02 6.30976704e-03
 2.35015470e-03 4.35198074e-02 1.05606331e-03 1.57180110e-03
 3.14416362e-02 1.40328732e-03 5.90791420e-03 2.62193774e-02
 2.33286555e-03 4.93584024e-04 1.01934837e-02 3.74771069e-04
 3.14213077e-04 7.07979083e-03 2.76035075e-04 3.18101064e-04
 5.57035562e-03 2.22335031e-04 1.37066420e-03 1.85566627e-02
 7.64547563e-04 2.27520008e-04 5.33036953e-03 1.74707505e-04
 2.47320737e-04 4.40128294e-03 1.34426750e-04 4.65883239e-04
 3.79062068e-03 1.41515599e-04 5.47074936e-05 2.18254133e-03
 5.91111883e-05 9.12341004e-05 2.71996283e-03 4.47328233e-05
 1.54223488e-04 7.14669108e-03 9.20779311e-06 3.50499222e-06]
2024-04-11 10:01:01,827 - train - INFO - len params:33
2024-04-11 10:01:01,827 - train - INFO - params[0].shape:torch.Size([16, 32, 1, 1])
2024-04-11 10:01:01,827 - train - INFO - delta_weights_b2:[1017540.625, 1041614.5625, 2852759.75, 2330364.25, 4103596.75, 5320228.5, 2425729.75, 1390666.25, 1988434.625, 2243284.0, 1360837.25, 3502401.25, 1097603.0, 1688411.25, 1021103.25, 2544877.75, 1086849.0, 3355962.25, 950929.25, 4312410.0, 1581902.5, 2425426.0, 1954438.125, 4859896.5, 1724575.875, 7823907.0, 999928.25, 1818727.5, 1178007.875, 3288864.5, 1249821.125, 5748289.5, 3211686.25]
2024-04-11 10:01:01,827 - train - INFO - delta_weights_b4:[1504986.25, 1778175.0, 4845134.0, 3665790.25, 6072630.5, 8349432.0, 3756771.0, 2456248.75, 3038372.75, 3710848.25, 1999546.125, 5800523.0, 1603258.0, 2923425.5, 1777165.0, 4361876.0, 1712312.125, 5479484.5, 1569684.125, 6890736.5, 2668611.5, 4151541.5, 3154655.5, 8185814.0, 2668418.0, 12893379.0, 1645365.25, 3326247.5, 1970606.25, 5808188.5, 2091753.125, 10186302.0, 5649280.5]
2024-04-11 10:01:01,827 - train - INFO - delta_weights_b8:[1858427.625, 2142007.75, 6071450.0, 4706583.0, 7161236.0, 10099062.0, 4517643.5, 3022336.75, 3535811.0, 4422666.5, 2542289.25, 7226710.5, 1957471.5, 3653948.5, 2114005.0, 5364822.0, 2029599.125, 6654174.0, 1878405.75, 8426539.0, 3348238.75, 5124181.5, 3812915.5, 10010426.0, 3271859.25, 15840163.0, 2020695.625, 4236236.5, 2416267.25, 7296350.5, 2674384.25, 12908363.0, 7117992.0]
2024-04-11 10:01:01,827 - train - INFO - delta_weights_b16:[1995475.625, 2349444.5, 6071450.0, 4706583.0, 7161236.0, 10099062.0, 5233919.5, 3283542.75, 3827745.25, 4833259.5, 2672752.75, 7791676.5, 2147341.5, 4029559.25, 2346640.0, 5913825.0, 2207943.75, 7310643.0, 2043868.875, 9245586.0, 3640331.25, 5708105.0, 4196340.0, 11003338.0, 3583062.25, 17514912.0, 2214781.0, 4703685.0, 2662240.25, 8064974.5, 2989108.0, 14467597.0, 7903045.5]
2024-04-11 10:01:01,828 - train - INFO - delta_weights_b32:[]
2024-04-11 10:01:01,904 - train - INFO - result:[ 2  2  2  4  2  2  2 16 16  8 16  2 16 16 16 16 16 16 16  8 16 16 16 16
 16 16 16 16 16 16 16 16 16]
2024-04-11 10:01:01,909 - train - INFO - ratio:tensor(0.1245)
2024-04-11 10:01:52,871 - train - INFO - Model c10_nas_mobilenetv2 created, param count:2236878
2024-04-11 10:01:53,107 - train - INFO - Using native Torch AMP. Training in mixed precision.
2024-04-11 10:01:53,107 - train - INFO - Scheduled epochs: 11
2024-04-11 10:01:54,198 - train - INFO - Verifying initial model
2024-04-11 10:01:55,203 - train - INFO - Test: [   0/39]  Time: 1.004 (1.004)  Loss:  0.3928 (0.3928)  Acc@1: 94.1406 (94.1406)  Acc@5: 100.0000 (100.0000)
2024-04-11 10:01:56,309 - train - INFO - Test: [  39/39]  Time: 0.360 (0.053)  Loss:  0.4517 (0.3957)  Acc@1: 93.7500 (94.7100)  Acc@5: 100.0000 (99.8500)
2024-04-11 10:03:17,155 - train - INFO - cir_idx:[2, 3, 5, 6, 8, 9, 11, 12, 14, 15, 17, 18, 20, 21, 23, 24, 26, 27, 29, 30, 32, 33, 35, 36, 38, 39, 41, 42, 44, 45, 47, 48, 50]
2024-04-11 10:03:17,155 - train - INFO - len traces:(52,)
2024-04-11 10:03:17,156 - train - INFO - traces:[6.21893867e-01 1.20015946e+00 3.53905729e-02 1.55600163e-02
 2.15103304e-01 5.79107196e-03 6.25183298e-03 1.10652927e-01
 4.81970950e-03 1.44314857e-02 4.37713534e-02 6.30976704e-03
 2.35015470e-03 4.35198074e-02 1.05606331e-03 1.57180110e-03
 3.14416362e-02 1.40328732e-03 5.90791420e-03 2.62193774e-02
 2.33286555e-03 4.93584024e-04 1.01934837e-02 3.74771069e-04
 3.14213077e-04 7.07979083e-03 2.76035075e-04 3.18101064e-04
 5.57035562e-03 2.22335031e-04 1.37066420e-03 1.85566627e-02
 7.64547563e-04 2.27520008e-04 5.33036953e-03 1.74707505e-04
 2.47320737e-04 4.40128294e-03 1.34426750e-04 4.65883239e-04
 3.79062068e-03 1.41515599e-04 5.47074445e-05 2.18254133e-03
 5.91111883e-05 9.12340306e-05 2.71996283e-03 4.47328233e-05
 1.54223381e-04 7.14669108e-03 9.20779311e-06 3.50499222e-06]
2024-04-11 10:03:17,156 - train - INFO - len params:33
2024-04-11 10:03:17,156 - train - INFO - params[0].shape:torch.Size([16, 32, 1, 1])
2024-04-11 10:03:17,156 - train - INFO - delta_weights_b2:[1008.732177734375, 1020.59521484375, 1689.011474609375, 1526.5531005859375, 2025.733642578125, 2306.56201171875, 1557.4754638671875, 1179.26513671875, 1410.11865234375, 1497.7596435546875, 1166.54931640625, 1871.4703369140625, 1047.66552734375, 1299.3887939453125, 1010.4965209960938, 1595.267333984375, 1042.5205078125, 1831.9285888671875, 975.156005859375, 2076.63427734375, 1257.737060546875, 1557.3779296875, 1398.01220703125, 2204.517333984375, 1313.2310791015625, 2797.124755859375, 999.964111328125, 1348.60205078125, 1085.3607177734375, 1813.522705078125, 1117.9539794921875, 2397.55908203125, 1792.1177978515625]
2024-04-11 10:03:17,156 - train - INFO - delta_weights_b4:[1226.77880859375, 1333.4822998046875, 2201.16650390625, 1914.6253662109375, 2464.270751953125, 2889.538330078125, 1938.2391357421875, 1567.242431640625, 1743.0928955078125, 1926.356201171875, 1414.0531005859375, 2408.427490234375, 1266.1982421875, 1709.802734375, 1333.103515625, 2088.510498046875, 1308.553466796875, 2340.829833984375, 1252.870361328125, 2625.021240234375, 1633.5885009765625, 2037.533203125, 1776.135009765625, 2861.086181640625, 1633.529296875, 3590.735107421875, 1282.7178955078125, 1823.80029296875, 1403.7828369140625, 2410.018310546875, 1446.2894287109375, 3191.5986328125, 2376.821533203125]
2024-04-11 10:03:17,156 - train - INFO - delta_weights_b8:[1363.2415771484375, 1463.5599365234375, 2464.03125, 2169.466064453125, 2676.048583984375, 3177.902099609375, 2125.474853515625, 1738.4869384765625, 1880.375244140625, 2103.013671875, 1594.455810546875, 2688.254150390625, 1399.0966796875, 1911.5303955078125, 1453.9617919921875, 2316.20849609375, 1424.6400146484375, 2579.568603515625, 1370.5494384765625, 2902.85009765625, 1829.8193359375, 2263.66552734375, 1952.6688232421875, 3163.92578125, 1808.828125, 3979.97021484375, 1421.51171875, 2058.2119140625, 1554.4346923828125, 2701.17578125, 1635.3544921875, 3592.821044921875, 2667.95654296875]
2024-04-11 10:03:17,157 - train - INFO - delta_weights_b16:[1412.613037109375, 1532.789794921875, 2464.03125, 2169.466064453125, 2676.048583984375, 3177.902099609375, 2287.776123046875, 1812.0548095703125, 1956.46240234375, 2198.467529296875, 1634.8555908203125, 2791.357421875, 1465.3809814453125, 2007.376220703125, 1531.8746337890625, 2431.835693359375, 1485.9151611328125, 2703.820068359375, 1429.639404296875, 3040.655517578125, 1907.9652099609375, 2389.1640625, 2048.4970703125, 3317.1279296875, 1892.8978271484375, 4185.08203125, 1488.2139892578125, 2168.798095703125, 1631.6373291015625, 2839.889892578125, 1728.9036865234375, 3803.62939453125, 2811.235595703125]
2024-04-11 10:03:17,157 - train - INFO - delta_weights_b32:[]
2024-04-11 10:03:17,221 - train - INFO - result:[ 2  2  2  2  4  2  2 16 16 16 16  2  4 16 16 16 16 16 16 16 16 16 16 16
 16 16 16 16 16 16 16 16 16]
2024-04-11 10:03:17,224 - train - INFO - ratio:tensor(0.1238)