2024-04-27 22:48:50,846 - train - INFO - aa: rand-m9-mstd0.5-inc1
amp: true
apex_amp: false
aug_splits: 0
batch_size: 128
bn_eps: null
bn_momentum: null
bn_tf: false
budget: 0.25
channels_last: false
checkpoint_hist: 3
clip_grad: null
clip_mode: norm
color_jitter: 0.4
cooldown_epochs: 10
crop_pct: 0.9
cutmix: 1.0
cutmix_minmax: null
data_dir: /home/xts/code/dataset/tiny-imagenet-200
dataset: torch/image_folder
decay_epochs: 30
decay_rate: 0.1
dist_bn: ''
drop: 0.0
drop_block: null
drop_connect: null
drop_path: null
epoch_repeats: 0.0
epochs: 300
eval_metric: top1
experiment: ''
finetune: false
fix_blocksize: 1
fix_blocksize_list: 1,1,1,1,1,1,16,16,16,16,1,1,16,16,16,16,16,16,1,16,16,16,16,16,1,16,16,16,16,16,16,16
gp: null
hflip: 0.5
img_size: 64
initial_checkpoint: /home/xts/code/njeans/MyViT/pretrained/mbv2_tiny.pth.tar
input_size: null
interpolation: bicubic
jsd: false
kd_alpha: 4
lasso_alpha: 0
lasso_beta: 1
local_rank: 0
log_interval: 50
log_name: mbv2_tiny_b4_base
log_wandb: false
lr: 0.00055
lr_cycle_limit: 1
lr_cycle_mul: 1.0
lr_noise: null
lr_noise_pct: 0.67
lr_noise_std: 1.0
mean:
- 0.485
- 0.456
- 0.406
min_lr: 1.0e-05
mixup: 0.8
mixup_mode: batch
mixup_off_epoch: 0
mixup_prob: 1.0
mixup_switch_prob: 0.5
model: tiny_nas_mobilenetv2
model_ema: false
model_ema_decay: 0.9998
model_ema_force_cpu: false
momentum: 0.9
native_amp: false
no_aug: false
no_prefetcher: false
no_resume_opt: false
num_classes: 200
opt: adamw
opt_betas: null
opt_eps: null
output: ''
patience_epochs: 10
pin_mem: false
pretrained: false
ratio:
- 0.75
- 1.3333333333333333
recount: 1
recovery_interval: 0
remode: pixel
reprob: 0.25
resplit: false
resume: ''
save_images: false
scale:
- 0.8
- 1.0
sched: cosine
seed: 3407
smoothing: 0.1
split_bn: false
start_epoch: null
std:
- 0.229
- 0.224
- 0.225
sync_bn: false
tau: 1
teacher: tiny_mobilenetv2
teacher_checkpoint: /home/xts/code/njeans/MyViT/pretrained/mbv2_tiny.pth.tar
torchscript: false
train_interpolation: random
train_split: train
tta: 0
use_kd: true
use_multi_epochs_loader: false
val_split: valid
validation_batch_size_multiplier: 1
vflip: 0.0
warmup_epochs: 10
warmup_lr: 1.0e-05
weight_decay: 0.06
workers: 4

2024-04-27 22:48:50,847 - train - INFO - Training with a single process on 1 GPUs.
2024-04-27 22:48:51,672 - train - INFO - MobileNetV2(
  (features): Sequential(
    (0): Sequential(
      (0): Conv2d(3, 32, kernel_size=(3, 3), stride=(2, 2), padding=(1, 1), bias=False)
      (1): BatchNorm2d(32, eps=1e-05, momentum=0.1, affine=True, track_running_stats=True)
      (2): ReLU6(inplace=True)
    )
    (1): InvertedResidual(
      (conv): Sequential(
        (0): Conv2d(32, 32, kernel_size=(3, 3), stride=(1, 1), padding=(1, 1), groups=32, bias=False)
        (1): BatchNorm2d(32, eps=1e-05, momentum=0.1, affine=True, track_running_stats=True)
        (2): ReLU6(inplace=True)
        (3): Conv2d(32, 16, kernel_size=(1, 1), stride=(1, 1), bias=False)
        (4): BatchNorm2d(16, eps=1e-05, momentum=0.1, affine=True, track_running_stats=True)
      )
    )
    (2): InvertedResidual(
      (conv): Sequential(
        (0): Conv2d(16, 96, kernel_size=(1, 1), stride=(1, 1), bias=False)
        (1): BatchNorm2d(96, eps=1e-05, momentum=0.1, affine=True, track_running_stats=True)
        (2): ReLU6(inplace=True)
        (3): Conv2d(96, 96, kernel_size=(3, 3), stride=(1, 1), padding=(1, 1), groups=96, bias=False)
        (4): BatchNorm2d(96, eps=1e-05, momentum=0.1, affine=True, track_running_stats=True)
        (5): ReLU6(inplace=True)
        (6): Conv2d(96, 24, kernel_size=(1, 1), stride=(1, 1), bias=False)
        (7): BatchNorm2d(24, eps=1e-05, momentum=0.1, affine=True, track_running_stats=True)
      )
    )
    (3): InvertedResidual(
      (conv): Sequential(
        (0): Conv2d(24, 144, kernel_size=(1, 1), stride=(1, 1), bias=False)
        (1): BatchNorm2d(144, eps=1e-05, momentum=0.1, affine=True, track_running_stats=True)
        (2): ReLU6(inplace=True)
        (3): Conv2d(144, 144, kernel_size=(3, 3), stride=(1, 1), padding=(1, 1), groups=144, bias=False)
        (4): BatchNorm2d(144, eps=1e-05, momentum=0.1, affine=True, track_running_stats=True)
        (5): ReLU6(inplace=True)
        (6): Conv2d(144, 24, kernel_size=(1, 1), stride=(1, 1), bias=False)
        (7): BatchNorm2d(24, eps=1e-05, momentum=0.1, affine=True, track_running_stats=True)
      )
    )
    (4): InvertedResidual(
      (conv): Sequential(
        (0): Conv2d(24, 144, kernel_size=(1, 1), stride=(1, 1), bias=False)
        (1): BatchNorm2d(144, eps=1e-05, momentum=0.1, affine=True, track_running_stats=True)
        (2): ReLU6(inplace=True)
        (3): Conv2d(144, 144, kernel_size=(3, 3), stride=(2, 2), padding=(1, 1), groups=144, bias=False)
        (4): BatchNorm2d(144, eps=1e-05, momentum=0.1, affine=True, track_running_stats=True)
        (5): ReLU6(inplace=True)
        (6): Conv2d(144, 32, kernel_size=(1, 1), stride=(1, 1), bias=False)
        (7): BatchNorm2d(32, eps=1e-05, momentum=0.1, affine=True, track_running_stats=True)
      )
    )
    (5): InvertedResidual(
      (conv): Sequential(
        (0): Conv2d(32, 192, kernel_size=(1, 1), stride=(1, 1), bias=False)
        (1): BatchNorm2d(192, eps=1e-05, momentum=0.1, affine=True, track_running_stats=True)
        (2): ReLU6(inplace=True)
        (3): Conv2d(192, 192, kernel_size=(3, 3), stride=(1, 1), padding=(1, 1), groups=192, bias=False)
        (4): BatchNorm2d(192, eps=1e-05, momentum=0.1, affine=True, track_running_stats=True)
        (5): ReLU6(inplace=True)
        (6): Conv2d(192, 32, kernel_size=(1, 1), stride=(1, 1), bias=False)
        (7): BatchNorm2d(32, eps=1e-05, momentum=0.1, affine=True, track_running_stats=True)
      )
    )
    (6): InvertedResidual(
      (conv): Sequential(
        (0): Conv2d(32, 192, kernel_size=(1, 1), stride=(1, 1), bias=False)
        (1): BatchNorm2d(192, eps=1e-05, momentum=0.1, affine=True, track_running_stats=True)
        (2): ReLU6(inplace=True)
        (3): Conv2d(192, 192, kernel_size=(3, 3), stride=(1, 1), padding=(1, 1), groups=192, bias=False)
        (4): BatchNorm2d(192, eps=1e-05, momentum=0.1, affine=True, track_running_stats=True)
        (5): ReLU6(inplace=True)
        (6): Conv2d(192, 32, kernel_size=(1, 1), stride=(1, 1), bias=False)
        (7): BatchNorm2d(32, eps=1e-05, momentum=0.1, affine=True, track_running_stats=True)
      )
    )
    (7): InvertedResidual(
      (conv): Sequential(
        (0): Conv2d(32, 192, kernel_size=(1, 1), stride=(1, 1), bias=False)
        (1): BatchNorm2d(192, eps=1e-05, momentum=0.1, affine=True, track_running_stats=True)
        (2): ReLU6(inplace=True)
        (3): Conv2d(192, 192, kernel_size=(3, 3), stride=(2, 2), padding=(1, 1), groups=192, bias=False)
        (4): BatchNorm2d(192, eps=1e-05, momentum=0.1, affine=True, track_running_stats=True)
        (5): ReLU6(inplace=True)
        (6): Conv2d(192, 64, kernel_size=(1, 1), stride=(1, 1), bias=False)
        (7): BatchNorm2d(64, eps=1e-05, momentum=0.1, affine=True, track_running_stats=True)
      )
    )
    (8): InvertedResidual(
      (conv): Sequential(
        (0): Conv2d(64, 384, kernel_size=(1, 1), stride=(1, 1), bias=False)
        (1): BatchNorm2d(384, eps=1e-05, momentum=0.1, affine=True, track_running_stats=True)
        (2): ReLU6(inplace=True)
        (3): Conv2d(384, 384, kernel_size=(3, 3), stride=(1, 1), padding=(1, 1), groups=384, bias=False)
        (4): BatchNorm2d(384, eps=1e-05, momentum=0.1, affine=True, track_running_stats=True)
        (5): ReLU6(inplace=True)
        (6): Conv2d(384, 64, kernel_size=(1, 1), stride=(1, 1), bias=False)
        (7): BatchNorm2d(64, eps=1e-05, momentum=0.1, affine=True, track_running_stats=True)
      )
    )
    (9): InvertedResidual(
      (conv): Sequential(
        (0): Conv2d(64, 384, kernel_size=(1, 1), stride=(1, 1), bias=False)
        (1): BatchNorm2d(384, eps=1e-05, momentum=0.1, affine=True, track_running_stats=True)
        (2): ReLU6(inplace=True)
        (3): Conv2d(384, 384, kernel_size=(3, 3), stride=(1, 1), padding=(1, 1), groups=384, bias=False)
        (4): BatchNorm2d(384, eps=1e-05, momentum=0.1, affine=True, track_running_stats=True)
        (5): ReLU6(inplace=True)
        (6): Conv2d(384, 64, kernel_size=(1, 1), stride=(1, 1), bias=False)
        (7): BatchNorm2d(64, eps=1e-05, momentum=0.1, affine=True, track_running_stats=True)
      )
    )
    (10): InvertedResidual(
      (conv): Sequential(
        (0): Conv2d(64, 384, kernel_size=(1, 1), stride=(1, 1), bias=False)
        (1): BatchNorm2d(384, eps=1e-05, momentum=0.1, affine=True, track_running_stats=True)
        (2): ReLU6(inplace=True)
        (3): Conv2d(384, 384, kernel_size=(3, 3), stride=(1, 1), padding=(1, 1), groups=384, bias=False)
        (4): BatchNorm2d(384, eps=1e-05, momentum=0.1, affine=True, track_running_stats=True)
        (5): ReLU6(inplace=True)
        (6): Conv2d(384, 64, kernel_size=(1, 1), stride=(1, 1), bias=False)
        (7): BatchNorm2d(64, eps=1e-05, momentum=0.1, affine=True, track_running_stats=True)
      )
    )
    (11): InvertedResidual(
      (conv): Sequential(
        (0): Conv2d(64, 384, kernel_size=(1, 1), stride=(1, 1), bias=False)
        (1): BatchNorm2d(384, eps=1e-05, momentum=0.1, affine=True, track_running_stats=True)
        (2): ReLU6(inplace=True)
        (3): Conv2d(384, 384, kernel_size=(3, 3), stride=(1, 1), padding=(1, 1), groups=384, bias=False)
        (4): BatchNorm2d(384, eps=1e-05, momentum=0.1, affine=True, track_running_stats=True)
        (5): ReLU6(inplace=True)
        (6): Conv2d(384, 96, kernel_size=(1, 1), stride=(1, 1), bias=False)
        (7): BatchNorm2d(96, eps=1e-05, momentum=0.1, affine=True, track_running_stats=True)
      )
    )
    (12): InvertedResidual(
      (conv): Sequential(
        (0): Conv2d(96, 576, kernel_size=(1, 1), stride=(1, 1), bias=False)
        (1): BatchNorm2d(576, eps=1e-05, momentum=0.1, affine=True, track_running_stats=True)
        (2): ReLU6(inplace=True)
        (3): Conv2d(576, 576, kernel_size=(3, 3), stride=(1, 1), padding=(1, 1), groups=576, bias=False)
        (4): BatchNorm2d(576, eps=1e-05, momentum=0.1, affine=True, track_running_stats=True)
        (5): ReLU6(inplace=True)
        (6): Conv2d(576, 96, kernel_size=(1, 1), stride=(1, 1), bias=False)
        (7): BatchNorm2d(96, eps=1e-05, momentum=0.1, affine=True, track_running_stats=True)
      )
    )
    (13): InvertedResidual(
      (conv): Sequential(
        (0): Conv2d(96, 576, kernel_size=(1, 1), stride=(1, 1), bias=False)
        (1): BatchNorm2d(576, eps=1e-05, momentum=0.1, affine=True, track_running_stats=True)
        (2): ReLU6(inplace=True)
        (3): Conv2d(576, 576, kernel_size=(3, 3), stride=(1, 1), padding=(1, 1), groups=576, bias=False)
        (4): BatchNorm2d(576, eps=1e-05, momentum=0.1, affine=True, track_running_stats=True)
        (5): ReLU6(inplace=True)
        (6): Conv2d(576, 96, kernel_size=(1, 1), stride=(1, 1), bias=False)
        (7): BatchNorm2d(96, eps=1e-05, momentum=0.1, affine=True, track_running_stats=True)
      )
    )
    (14): InvertedResidual(
      (conv): Sequential(
        (0): Conv2d(96, 576, kernel_size=(1, 1), stride=(1, 1), bias=False)
        (1): BatchNorm2d(576, eps=1e-05, momentum=0.1, affine=True, track_running_stats=True)
        (2): ReLU6(inplace=True)
        (3): Conv2d(576, 576, kernel_size=(3, 3), stride=(2, 2), padding=(1, 1), groups=576, bias=False)
        (4): BatchNorm2d(576, eps=1e-05, momentum=0.1, affine=True, track_running_stats=True)
        (5): ReLU6(inplace=True)
        (6): Conv2d(576, 160, kernel_size=(1, 1), stride=(1, 1), bias=False)
        (7): BatchNorm2d(160, eps=1e-05, momentum=0.1, affine=True, track_running_stats=True)
      )
    )
    (15): InvertedResidual(
      (conv): Sequential(
        (0): Conv2d(160, 960, kernel_size=(1, 1), stride=(1, 1), bias=False)
        (1): BatchNorm2d(960, eps=1e-05, momentum=0.1, affine=True, track_running_stats=True)
        (2): ReLU6(inplace=True)
        (3): Conv2d(960, 960, kernel_size=(3, 3), stride=(1, 1), padding=(1, 1), groups=960, bias=False)
        (4): BatchNorm2d(960, eps=1e-05, momentum=0.1, affine=True, track_running_stats=True)
        (5): ReLU6(inplace=True)
        (6): Conv2d(960, 160, kernel_size=(1, 1), stride=(1, 1), bias=False)
        (7): BatchNorm2d(160, eps=1e-05, momentum=0.1, affine=True, track_running_stats=True)
      )
    )
    (16): InvertedResidual(
      (conv): Sequential(
        (0): Conv2d(160, 960, kernel_size=(1, 1), stride=(1, 1), bias=False)
        (1): BatchNorm2d(960, eps=1e-05, momentum=0.1, affine=True, track_running_stats=True)
        (2): ReLU6(inplace=True)
        (3): Conv2d(960, 960, kernel_size=(3, 3), stride=(1, 1), padding=(1, 1), groups=960, bias=False)
        (4): BatchNorm2d(960, eps=1e-05, momentum=0.1, affine=True, track_running_stats=True)
        (5): ReLU6(inplace=True)
        (6): Conv2d(960, 160, kernel_size=(1, 1), stride=(1, 1), bias=False)
        (7): BatchNorm2d(160, eps=1e-05, momentum=0.1, affine=True, track_running_stats=True)
      )
    )
    (17): InvertedResidual(
      (conv): Sequential(
        (0): Conv2d(160, 960, kernel_size=(1, 1), stride=(1, 1), bias=False)
        (1): BatchNorm2d(960, eps=1e-05, momentum=0.1, affine=True, track_running_stats=True)
        (2): ReLU6(inplace=True)
        (3): Conv2d(960, 960, kernel_size=(3, 3), stride=(1, 1), padding=(1, 1), groups=960, bias=False)
        (4): BatchNorm2d(960, eps=1e-05, momentum=0.1, affine=True, track_running_stats=True)
        (5): ReLU6(inplace=True)
        (6): Conv2d(960, 320, kernel_size=(1, 1), stride=(1, 1), bias=False)
        (7): BatchNorm2d(320, eps=1e-05, momentum=0.1, affine=True, track_running_stats=True)
      )
    )
  )
  (conv): Sequential(
    (0): Conv2d(320, 1280, kernel_size=(1, 1), stride=(1, 1), bias=False)
    (1): BatchNorm2d(1280, eps=1e-05, momentum=0.1, affine=True, track_running_stats=True)
    (2): ReLU6(inplace=True)
  )
  (avgpool): AdaptiveAvgPool2d(output_size=(1, 1))
  (classifier): Linear(in_features=1280, out_features=200, bias=True)
)
2024-04-27 22:48:54,240 - train - INFO - Model tiny_nas_mobilenetv2 created, param count:2480263
2024-04-27 22:48:54,557 - train - INFO - Using native Torch AMP. Training in mixed precision.
2024-04-27 22:48:54,557 - train - INFO - Scheduled epochs: 310
2024-04-27 22:48:54,823 - train - INFO - Verifying teacher model
2024-04-27 22:48:56,752 - train - INFO - Test: [   0/78]  Time: 1.929 (1.929)  Loss:  0.9253 (0.9253)  Acc@1: 82.8125 (82.8125)  Acc@5: 93.7500 (93.7500)
2024-04-27 22:48:57,407 - train - INFO - Test: [  50/78]  Time: 0.012 (0.051)  Loss:  1.4883 (1.5408)  Acc@1: 69.5312 (66.6054)  Acc@5: 89.8438 (86.7341)
2024-04-27 22:48:58,872 - train - INFO - Test: [  78/78]  Time: 1.121 (0.051)  Loss:  1.7324 (1.5640)  Acc@1: 68.7500 (66.1200)  Acc@5: 100.0000 (86.4500)
2024-04-27 22:48:58,872 - train - INFO - Verifying initial model
2024-04-27 22:48:59,108 - train - INFO - Test: [   0/78]  Time: 0.235 (0.235)  Loss:  0.9253 (0.9253)  Acc@1: 82.8125 (82.8125)  Acc@5: 93.7500 (93.7500)
2024-04-27 22:49:07,916 - train - INFO - Test: [  50/78]  Time: 0.192 (0.177)  Loss:  1.4883 (1.5408)  Acc@1: 69.5312 (66.6054)  Acc@5: 89.8438 (86.7341)
2024-04-27 22:49:13,514 - train - INFO - Test: [  78/78]  Time: 0.194 (0.185)  Loss:  1.7324 (1.5640)  Acc@1: 68.7500 (66.1200)  Acc@5: 100.0000 (86.4500)
2024-04-27 22:49:16,479 - train - INFO - Train: 0 [   0/781 (  0%)]  Loss:  5.858329 (5.8583)  Time: 2.961s,   43.23/s  (2.961s,   43.23/s)  LR: 1.000e-05  Data: 0.267 (0.267)
2024-04-27 22:49:33,019 - train - INFO - Train: 0 [  50/781 (  6%)]  Loss:  5.642561 (5.6593)  Time: 0.315s,  406.27/s  (0.382s,  334.77/s)  LR: 1.000e-05  Data: 0.004 (0.011)
2024-04-27 22:49:49,307 - train - INFO - Train: 0 [ 100/781 ( 13%)]  Loss:  5.425619 (5.5971)  Time: 0.368s,  347.53/s  (0.354s,  361.26/s)  LR: 1.000e-05  Data: 0.005 (0.008)
2024-04-27 22:50:05,365 - train - INFO - Train: 0 [ 150/781 ( 19%)]  Loss:  5.406767 (5.5468)  Time: 0.380s,  336.71/s  (0.343s,  372.83/s)  LR: 1.000e-05  Data: 0.007 (0.008)
2024-04-27 22:50:23,554 - train - INFO - Train: 0 [ 200/781 ( 26%)]  Loss:  5.404467 (5.5098)  Time: 0.371s,  345.37/s  (0.348s,  367.39/s)  LR: 1.000e-05  Data: 0.004 (0.007)
2024-04-27 22:50:39,661 - train - INFO - Train: 0 [ 250/781 ( 32%)]  Loss:  5.304697 (5.4744)  Time: 0.312s,  410.70/s  (0.343s,  373.00/s)  LR: 1.000e-05  Data: 0.008 (0.007)
2024-04-27 22:50:55,805 - train - INFO - Train: 0 [ 300/781 ( 38%)]  Loss:  5.291064 (5.4396)  Time: 0.340s,  376.08/s  (0.340s,  376.71/s)  LR: 1.000e-05  Data: 0.009 (0.007)
2024-04-27 22:51:13,259 - train - INFO - Train: 0 [ 350/781 ( 45%)]  Loss:  5.239368 (5.4111)  Time: 0.346s,  369.71/s  (0.341s,  375.25/s)  LR: 1.000e-05  Data: 0.008 (0.007)
2024-04-27 22:51:29,149 - train - INFO - Train: 0 [ 400/781 ( 51%)]  Loss:  5.209505 (5.3890)  Time: 0.277s,  462.78/s  (0.338s,  378.48/s)  LR: 1.000e-05  Data: 0.004 (0.007)
2024-04-27 22:51:45,496 - train - INFO - Train: 0 [ 450/781 ( 58%)]  Loss:  5.248494 (5.3671)  Time: 0.346s,  369.72/s  (0.337s,  379.89/s)  LR: 1.000e-05  Data: 0.008 (0.006)
2024-04-27 22:52:01,517 - train - INFO - Train: 0 [ 500/781 ( 64%)]  Loss:  5.208128 (5.3459)  Time: 0.253s,  506.52/s  (0.335s,  381.76/s)  LR: 1.000e-05  Data: 0.007 (0.006)
2024-04-27 22:52:15,355 - train - INFO - Train: 0 [ 550/781 ( 71%)]  Loss:  5.148829 (5.3270)  Time: 0.220s,  581.18/s  (0.330s,  387.91/s)  LR: 1.000e-05  Data: 0.004 (0.006)
2024-04-27 22:52:31,275 - train - INFO - Train: 0 [ 600/781 ( 77%)]  Loss:  4.973748 (5.3075)  Time: 0.339s,  378.09/s  (0.329s,  389.05/s)  LR: 1.000e-05  Data: 0.005 (0.006)
2024-04-27 22:52:47,761 - train - INFO - Train: 0 [ 650/781 ( 83%)]  Loss:  5.215104 (5.2927)  Time: 0.288s,  444.62/s  (0.329s,  388.99/s)  LR: 1.000e-05  Data: 0.004 (0.006)
2024-04-27 22:53:03,224 - train - INFO - Train: 0 [ 700/781 ( 90%)]  Loss:  4.942583 (5.2774)  Time: 0.331s,  386.42/s  (0.328s,  390.67/s)  LR: 1.000e-05  Data: 0.004 (0.006)
2024-04-27 22:53:20,527 - train - INFO - Train: 0 [ 750/781 ( 96%)]  Loss:  5.188897 (5.2637)  Time: 0.307s,  417.56/s  (0.329s,  389.22/s)  LR: 1.000e-05  Data: 0.007 (0.006)
2024-04-27 22:53:30,452 - train - INFO - Train: 0 [ 780/781 (100%)]  Loss:  5.179966 (5.2563)  Time: 0.245s,  522.41/s  (0.329s,  389.13/s)  LR: 1.000e-05  Data: 0.000 (0.006)
2024-04-27 22:53:30,746 - train - INFO - Test: [   0/78]  Time: 0.290 (0.290)  Loss:  3.8789 (3.8789)  Acc@1: 15.6250 (15.6250)  Acc@5: 40.6250 (40.6250)
2024-04-27 22:53:42,790 - train - INFO - Test: [  50/78]  Time: 0.163 (0.242)  Loss:  4.3984 (4.5170)  Acc@1:  6.2500 ( 6.8781)  Acc@5: 25.7812 (22.0129)
2024-04-27 22:53:49,264 - train - INFO - Test: [  78/78]  Time: 0.304 (0.238)  Loss:  3.6387 (4.4843)  Acc@1: 25.0000 ( 7.7600)  Acc@5: 50.0000 (23.0300)
2024-04-27 22:53:49,841 - train - INFO - Train: 1 [   0/781 (  0%)]  Loss:  5.033811 (5.0338)  Time: 0.492s,  260.25/s  (0.492s,  260.25/s)  LR: 6.400e-05  Data: 0.127 (0.127)
2024-04-27 22:54:07,087 - train - INFO - Train: 1 [  50/781 (  6%)]  Loss:  5.093877 (5.0250)  Time: 0.376s,  340.62/s  (0.348s,  368.03/s)  LR: 6.400e-05  Data: 0.007 (0.008)
2024-04-27 22:54:22,918 - train - INFO - Train: 1 [ 100/781 ( 13%)]  Loss:  4.848377 (4.9756)  Time: 0.338s,  378.47/s  (0.332s,  385.14/s)  LR: 6.400e-05  Data: 0.007 (0.007)
2024-04-27 22:54:38,487 - train - INFO - Train: 1 [ 150/781 ( 19%)]  Loss:  4.758422 (4.9388)  Time: 0.365s,  350.25/s  (0.325s,  393.36/s)  LR: 6.400e-05  Data: 0.004 (0.006)
2024-04-27 22:54:55,583 - train - INFO - Train: 1 [ 200/781 ( 26%)]  Loss:  4.848514 (4.9146)  Time: 0.359s,  356.20/s  (0.329s,  388.47/s)  LR: 6.400e-05  Data: 0.006 (0.006)
2024-04-27 22:55:11,489 - train - INFO - Train: 1 [ 250/781 ( 32%)]  Loss:  4.649028 (4.9000)  Time: 0.297s,  430.44/s  (0.327s,  391.16/s)  LR: 6.400e-05  Data: 0.007 (0.006)
2024-04-27 22:55:27,275 - train - INFO - Train: 1 [ 300/781 ( 38%)]  Loss:  4.752741 (4.8784)  Time: 0.362s,  353.66/s  (0.325s,  393.47/s)  LR: 6.400e-05  Data: 0.006 (0.006)
2024-04-27 22:55:44,197 - train - INFO - Train: 1 [ 350/781 ( 45%)]  Loss:  4.725550 (4.8615)  Time: 0.314s,  407.76/s  (0.327s,  391.22/s)  LR: 6.400e-05  Data: 0.005 (0.006)
2024-04-27 22:55:59,202 - train - INFO - Train: 1 [ 400/781 ( 51%)]  Loss:  4.896547 (4.8452)  Time: 0.272s,  471.08/s  (0.324s,  395.31/s)  LR: 6.400e-05  Data: 0.008 (0.006)
2024-04-27 22:56:16,244 - train - INFO - Train: 1 [ 450/781 ( 58%)]  Loss:  4.713070 (4.8264)  Time: 0.372s,  343.98/s  (0.326s,  393.01/s)  LR: 6.400e-05  Data: 0.005 (0.006)
2024-04-27 22:56:32,284 - train - INFO - Train: 1 [ 500/781 ( 64%)]  Loss:  4.685398 (4.8087)  Time: 0.245s,  523.51/s  (0.325s,  393.61/s)  LR: 6.400e-05  Data: 0.006 (0.006)
2024-04-27 22:56:46,964 - train - INFO - Train: 1 [ 550/781 ( 71%)]  Loss:  4.312039 (4.7917)  Time: 0.313s,  408.51/s  (0.322s,  397.11/s)  LR: 6.400e-05  Data: 0.006 (0.006)
2024-04-27 22:57:03,485 - train - INFO - Train: 1 [ 600/781 ( 77%)]  Loss:  4.781490 (4.7819)  Time: 0.364s,  351.80/s  (0.323s,  396.29/s)  LR: 6.400e-05  Data: 0.004 (0.006)
2024-04-27 22:57:19,167 - train - INFO - Train: 1 [ 650/781 ( 83%)]  Loss:  4.579694 (4.7680)  Time: 0.332s,  384.97/s  (0.322s,  397.17/s)  LR: 6.400e-05  Data: 0.006 (0.006)
2024-04-27 22:57:35,121 - train - INFO - Train: 1 [ 700/781 ( 90%)]  Loss:  4.278471 (4.7516)  Time: 0.332s,  386.02/s  (0.322s,  397.46/s)  LR: 6.400e-05  Data: 0.004 (0.006)
2024-04-27 22:57:52,596 - train - INFO - Train: 1 [ 750/781 ( 96%)]  Loss:  4.748469 (4.7412)  Time: 0.406s,  315.14/s  (0.324s,  395.21/s)  LR: 6.400e-05  Data: 0.006 (0.006)
2024-04-27 22:58:02,216 - train - INFO - Train: 1 [ 780/781 (100%)]  Loss:  4.517803 (4.7337)  Time: 0.258s,  495.66/s  (0.324s,  395.37/s)  LR: 6.400e-05  Data: 0.000 (0.006)
2024-04-27 22:58:02,436 - train - INFO - Test: [   0/78]  Time: 0.218 (0.218)  Loss:  2.6836 (2.6836)  Acc@1: 42.1875 (42.1875)  Acc@5: 69.5312 (69.5312)
2024-04-27 22:58:14,035 - train - INFO - Test: [  50/78]  Time: 0.308 (0.232)  Loss:  3.1953 (3.6014)  Acc@1: 37.5000 (21.0631)  Acc@5: 57.8125 (46.1703)
2024-04-27 22:58:21,676 - train - INFO - Test: [  78/78]  Time: 0.209 (0.246)  Loss:  3.8066 (3.5651)  Acc@1: 12.5000 (21.3400)  Acc@5: 37.5000 (46.8200)
2024-04-27 22:58:22,251 - train - INFO - Train: 2 [   0/781 (  0%)]  Loss:  4.392993 (4.3930)  Time: 0.489s,  261.80/s  (0.489s,  261.80/s)  LR: 1.180e-04  Data: 0.129 (0.129)
2024-04-27 22:58:39,936 - train - INFO - Train: 2 [  50/781 (  6%)]  Loss:  4.650995 (4.6157)  Time: 0.307s,  416.57/s  (0.356s,  359.22/s)  LR: 1.180e-04  Data: 0.004 (0.008)
2024-04-27 22:58:54,974 - train - INFO - Train: 2 [ 100/781 ( 13%)]  Loss:  4.495709 (4.5943)  Time: 0.250s,  512.50/s  (0.329s,  389.29/s)  LR: 1.180e-04  Data: 0.004 (0.006)
2024-04-27 22:59:11,679 - train - INFO - Train: 2 [ 150/781 ( 19%)]  Loss:  4.438640 (4.5727)  Time: 0.382s,  334.79/s  (0.331s,  387.23/s)  LR: 1.180e-04  Data: 0.007 (0.006)
2024-04-27 22:59:28,697 - train - INFO - Train: 2 [ 200/781 ( 26%)]  Loss:  4.746701 (4.5607)  Time: 0.277s,  461.77/s  (0.333s,  384.40/s)  LR: 1.180e-04  Data: 0.007 (0.006)
2024-04-27 22:59:43,492 - train - INFO - Train: 2 [ 250/781 ( 32%)]  Loss:  4.347131 (4.5482)  Time: 0.370s,  345.58/s  (0.326s,  393.12/s)  LR: 1.180e-04  Data: 0.004 (0.006)
2024-04-27 23:00:01,263 - train - INFO - Train: 2 [ 300/781 ( 38%)]  Loss:  4.834576 (4.5422)  Time: 0.319s,  400.70/s  (0.331s,  387.24/s)  LR: 1.180e-04  Data: 0.015 (0.006)
2024-04-27 23:00:17,283 - train - INFO - Train: 2 [ 350/781 ( 45%)]  Loss:  4.449813 (4.5331)  Time: 0.371s,  344.76/s  (0.329s,  388.94/s)  LR: 1.180e-04  Data: 0.004 (0.006)
2024-04-27 23:00:33,137 - train - INFO - Train: 2 [ 400/781 ( 51%)]  Loss:  4.732770 (4.5243)  Time: 0.387s,  330.66/s  (0.328s,  390.72/s)  LR: 1.180e-04  Data: 0.005 (0.006)
2024-04-27 23:00:51,560 - train - INFO - Train: 2 [ 450/781 ( 58%)]  Loss:  4.279474 (4.5149)  Time: 0.342s,  373.99/s  (0.332s,  385.40/s)  LR: 1.180e-04  Data: 0.007 (0.006)
2024-04-27 23:01:07,415 - train - INFO - Train: 2 [ 500/781 ( 64%)]  Loss:  4.396392 (4.5030)  Time: 0.279s,  459.50/s  (0.331s,  387.15/s)  LR: 1.180e-04  Data: 0.006 (0.006)
2024-04-27 23:01:23,649 - train - INFO - Train: 2 [ 550/781 ( 71%)]  Loss:  4.472367 (4.4924)  Time: 0.323s,  396.12/s  (0.330s,  387.79/s)  LR: 1.180e-04  Data: 0.004 (0.006)
2024-04-27 23:01:40,348 - train - INFO - Train: 2 [ 600/781 ( 77%)]  Loss:  4.450721 (4.4836)  Time: 0.319s,  400.73/s  (0.330s,  387.41/s)  LR: 1.180e-04  Data: 0.005 (0.006)
2024-04-27 23:01:54,358 - train - INFO - Train: 2 [ 650/781 ( 83%)]  Loss:  4.812325 (4.4779)  Time: 0.202s,  632.18/s  (0.327s,  391.98/s)  LR: 1.180e-04  Data: 0.004 (0.006)
2024-04-27 23:02:11,998 - train - INFO - Train: 2 [ 700/781 ( 90%)]  Loss:  4.619951 (4.4702)  Time: 0.393s,  325.80/s  (0.328s,  389.75/s)  LR: 1.180e-04  Data: 0.007 (0.006)
2024-04-27 23:02:28,315 - train - INFO - Train: 2 [ 750/781 ( 96%)]  Loss:  4.725030 (4.4652)  Time: 0.276s,  463.19/s  (0.328s,  389.92/s)  LR: 1.180e-04  Data: 0.008 (0.006)
2024-04-27 23:02:37,597 - train - INFO - Train: 2 [ 780/781 (100%)]  Loss:  4.142706 (4.4617)  Time: 0.247s,  518.81/s  (0.328s,  390.78/s)  LR: 1.180e-04  Data: 0.000 (0.006)
2024-04-27 23:02:37,906 - train - INFO - Test: [   0/78]  Time: 0.307 (0.307)  Loss:  2.0586 (2.0586)  Acc@1: 57.0312 (57.0312)  Acc@5: 77.3438 (77.3438)
2024-04-27 23:02:50,834 - train - INFO - Test: [  50/78]  Time: 0.279 (0.260)  Loss:  2.9258 (3.1756)  Acc@1: 39.0625 (28.5386)  Acc@5: 63.2812 (56.3725)
2024-04-27 23:02:58,899 - train - INFO - Test: [  78/78]  Time: 0.317 (0.270)  Loss:  2.9043 (3.1442)  Acc@1: 12.5000 (28.9000)  Acc@5: 68.7500 (56.6900)
2024-04-27 23:02:59,474 - train - INFO - Train: 3 [   0/781 (  0%)]  Loss:  4.641134 (4.6411)  Time: 0.495s,  258.70/s  (0.495s,  258.70/s)  LR: 1.720e-04  Data: 0.133 (0.133)
2024-04-27 23:03:15,904 - train - INFO - Train: 3 [  50/781 (  6%)]  Loss:  4.640051 (4.3832)  Time: 0.349s,  366.72/s  (0.332s,  385.72/s)  LR: 1.720e-04  Data: 0.006 (0.008)
2024-04-27 23:03:32,192 - train - INFO - Train: 3 [ 100/781 ( 13%)]  Loss:  4.713933 (4.3499)  Time: 0.379s,  337.59/s  (0.329s,  389.27/s)  LR: 1.720e-04  Data: 0.008 (0.007)
2024-04-27 23:03:50,133 - train - INFO - Train: 3 [ 150/781 ( 19%)]  Loss:  4.693627 (4.3257)  Time: 0.328s,  390.74/s  (0.339s,  377.86/s)  LR: 1.720e-04  Data: 0.004 (0.007)
2024-04-27 23:04:05,562 - train - INFO - Train: 3 [ 200/781 ( 26%)]  Loss:  4.370333 (4.3103)  Time: 0.267s,  479.36/s  (0.331s,  386.43/s)  LR: 1.720e-04  Data: 0.004 (0.007)
2024-04-27 23:04:21,782 - train - INFO - Train: 3 [ 250/781 ( 32%)]  Loss:  3.895863 (4.3144)  Time: 0.333s,  384.52/s  (0.330s,  388.03/s)  LR: 1.720e-04  Data: 0.006 (0.006)
2024-04-27 23:04:38,939 - train - INFO - Train: 3 [ 300/781 ( 38%)]  Loss:  4.668312 (4.3162)  Time: 0.264s,  484.44/s  (0.332s,  385.46/s)  LR: 1.720e-04  Data: 0.008 (0.006)
2024-04-27 23:04:53,982 - train - INFO - Train: 3 [ 350/781 ( 45%)]  Loss:  4.624172 (4.3103)  Time: 0.318s,  402.43/s  (0.328s,  390.69/s)  LR: 1.720e-04  Data: 0.005 (0.006)
2024-04-27 23:05:11,547 - train - INFO - Train: 3 [ 400/781 ( 51%)]  Loss:  4.301463 (4.3066)  Time: 0.280s,  457.12/s  (0.331s,  387.21/s)  LR: 1.720e-04  Data: 0.004 (0.006)
2024-04-27 23:05:27,124 - train - INFO - Train: 3 [ 450/781 ( 58%)]  Loss:  4.475613 (4.3000)  Time: 0.349s,  366.50/s  (0.328s,  389.70/s)  LR: 1.720e-04  Data: 0.006 (0.006)
2024-04-27 23:05:43,432 - train - INFO - Train: 3 [ 500/781 ( 64%)]  Loss:  3.956484 (4.2955)  Time: 0.364s,  351.89/s  (0.328s,  389.98/s)  LR: 1.720e-04  Data: 0.004 (0.006)
2024-04-27 23:06:01,246 - train - INFO - Train: 3 [ 550/781 ( 71%)]  Loss:  4.220844 (4.2856)  Time: 0.340s,  376.36/s  (0.331s,  386.98/s)  LR: 1.720e-04  Data: 0.007 (0.006)
2024-04-27 23:06:16,943 - train - INFO - Train: 3 [ 600/781 ( 77%)]  Loss:  4.292698 (4.2823)  Time: 0.326s,  392.08/s  (0.329s,  388.62/s)  LR: 1.720e-04  Data: 0.005 (0.006)
2024-04-27 23:06:32,259 - train - INFO - Train: 3 [ 650/781 ( 83%)]  Loss:  4.230740 (4.2792)  Time: 0.345s,  370.86/s  (0.328s,  390.73/s)  LR: 1.720e-04  Data: 0.004 (0.006)
2024-04-27 23:06:49,568 - train - INFO - Train: 3 [ 700/781 ( 90%)]  Loss:  4.064019 (4.2767)  Time: 0.304s,  421.37/s  (0.329s,  389.16/s)  LR: 1.720e-04  Data: 0.004 (0.006)
2024-04-27 23:07:04,635 - train - INFO - Train: 3 [ 750/781 ( 96%)]  Loss:  3.830336 (4.2737)  Time: 0.277s,  462.55/s  (0.327s,  391.34/s)  LR: 1.720e-04  Data: 0.008 (0.006)
2024-04-27 23:07:14,361 - train - INFO - Train: 3 [ 780/781 (100%)]  Loss:  3.964412 (4.2708)  Time: 0.341s,  375.19/s  (0.327s,  391.48/s)  LR: 1.720e-04  Data: 0.000 (0.006)
2024-04-27 23:07:14,736 - train - INFO - Test: [   0/78]  Time: 0.371 (0.371)  Loss:  1.7002 (1.7002)  Acc@1: 60.9375 (60.9375)  Acc@5: 80.4688 (80.4688)
2024-04-27 23:07:29,025 - train - INFO - Test: [  50/78]  Time: 0.343 (0.287)  Loss:  2.8828 (2.8825)  Acc@1: 36.7188 (33.1648)  Acc@5: 60.1562 (61.7953)
2024-04-27 23:07:36,334 - train - INFO - Test: [  78/78]  Time: 0.202 (0.278)  Loss:  3.0449 (2.8523)  Acc@1: 25.0000 (33.7800)  Acc@5: 56.2500 (62.4900)
2024-04-27 23:07:36,738 - train - INFO - Train: 4 [   0/781 (  0%)]  Loss:  3.896533 (3.8965)  Time: 0.322s,  397.62/s  (0.322s,  397.62/s)  LR: 2.260e-04  Data: 0.123 (0.123)
2024-04-27 23:07:51,854 - train - INFO - Train: 4 [  50/781 (  6%)]  Loss:  4.363220 (4.1445)  Time: 0.379s,  337.64/s  (0.303s,  422.86/s)  LR: 2.260e-04  Data: 0.007 (0.008)
2024-04-27 23:08:09,431 - train - INFO - Train: 4 [ 100/781 ( 13%)]  Loss:  4.367326 (4.1830)  Time: 0.354s,  362.07/s  (0.327s,  391.61/s)  LR: 2.260e-04  Data: 0.005 (0.007)
2024-04-27 23:08:25,299 - train - INFO - Train: 4 [ 150/781 ( 19%)]  Loss:  4.435688 (4.1908)  Time: 0.378s,  338.49/s  (0.324s,  395.42/s)  LR: 2.260e-04  Data: 0.005 (0.007)
2024-04-27 23:08:41,427 - train - INFO - Train: 4 [ 200/781 ( 26%)]  Loss:  3.959550 (4.2008)  Time: 0.369s,  346.44/s  (0.323s,  395.78/s)  LR: 2.260e-04  Data: 0.005 (0.006)
2024-04-27 23:08:58,965 - train - INFO - Train: 4 [ 250/781 ( 32%)]  Loss:  4.226751 (4.1889)  Time: 0.332s,  385.03/s  (0.329s,  389.23/s)  LR: 2.260e-04  Data: 0.007 (0.006)
2024-04-27 23:09:15,536 - train - INFO - Train: 4 [ 300/781 ( 38%)]  Loss:  4.426426 (4.1777)  Time: 0.423s,  302.83/s  (0.329s,  388.73/s)  LR: 2.260e-04  Data: 0.004 (0.006)
2024-04-27 23:09:31,897 - train - INFO - Train: 4 [ 350/781 ( 45%)]  Loss:  4.204608 (4.1827)  Time: 0.317s,  403.26/s  (0.329s,  389.08/s)  LR: 2.260e-04  Data: 0.005 (0.006)
2024-04-27 23:09:49,307 - train - INFO - Train: 4 [ 400/781 ( 51%)]  Loss:  3.888434 (4.1802)  Time: 0.324s,  395.46/s  (0.331s,  386.27/s)  LR: 2.260e-04  Data: 0.005 (0.006)
2024-04-27 23:10:04,572 - train - INFO - Train: 4 [ 450/781 ( 58%)]  Loss:  3.812669 (4.1760)  Time: 0.287s,  445.31/s  (0.328s,  389.67/s)  LR: 2.260e-04  Data: 0.006 (0.006)
2024-04-27 23:10:21,552 - train - INFO - Train: 4 [ 500/781 ( 64%)]  Loss:  4.491974 (4.1774)  Time: 0.341s,  375.13/s  (0.330s,  388.36/s)  LR: 2.260e-04  Data: 0.005 (0.006)
2024-04-27 23:10:37,935 - train - INFO - Train: 4 [ 550/781 ( 71%)]  Loss:  4.180614 (4.1816)  Time: 0.206s,  621.41/s  (0.329s,  388.57/s)  LR: 2.260e-04  Data: 0.005 (0.006)
2024-04-27 23:10:53,713 - train - INFO - Train: 4 [ 600/781 ( 77%)]  Loss:  4.454432 (4.1744)  Time: 0.373s,  343.49/s  (0.328s,  389.94/s)  LR: 2.260e-04  Data: 0.004 (0.006)
2024-04-27 23:11:11,119 - train - INFO - Train: 4 [ 650/781 ( 83%)]  Loss:  3.953882 (4.1642)  Time: 0.349s,  367.04/s  (0.330s,  388.14/s)  LR: 2.260e-04  Data: 0.004 (0.006)
2024-04-27 23:11:26,385 - train - INFO - Train: 4 [ 700/781 ( 90%)]  Loss:  4.383507 (4.1613)  Time: 0.361s,  354.93/s  (0.328s,  390.20/s)  LR: 2.260e-04  Data: 0.007 (0.006)
2024-04-27 23:11:42,662 - train - INFO - Train: 4 [ 750/781 ( 96%)]  Loss:  3.942905 (4.1558)  Time: 0.362s,  353.62/s  (0.328s,  390.40/s)  LR: 2.260e-04  Data: 0.004 (0.006)
2024-04-27 23:11:53,178 - train - INFO - Train: 4 [ 780/781 (100%)]  Loss:  3.807415 (4.1544)  Time: 0.358s,  357.77/s  (0.329s,  389.37/s)  LR: 2.260e-04  Data: 0.000 (0.006)
2024-04-27 23:11:53,589 - train - INFO - Test: [   0/78]  Time: 0.409 (0.409)  Loss:  1.6787 (1.6787)  Acc@1: 62.5000 (62.5000)  Acc@5: 80.4688 (80.4688)
2024-04-27 23:12:06,079 - train - INFO - Test: [  50/78]  Time: 0.143 (0.253)  Loss:  2.6406 (2.6712)  Acc@1: 45.3125 (37.8830)  Acc@5: 66.4062 (66.7126)
2024-04-27 23:12:13,809 - train - INFO - Test: [  78/78]  Time: 0.171 (0.261)  Loss:  2.4902 (2.6747)  Acc@1: 37.5000 (38.1800)  Acc@5: 81.2500 (66.5200)
2024-04-27 23:12:14,290 - train - INFO - Train: 5 [   0/781 (  0%)]  Loss:  3.691297 (3.6913)  Time: 0.395s,  324.36/s  (0.395s,  324.36/s)  LR: 2.800e-04  Data: 0.117 (0.117)
2024-04-27 23:12:30,633 - train - INFO - Train: 5 [  50/781 (  6%)]  Loss:  4.312476 (4.0422)  Time: 0.374s,  342.27/s  (0.328s,  390.05/s)  LR: 2.800e-04  Data: 0.004 (0.008)
2024-04-27 23:12:47,411 - train - INFO - Train: 5 [ 100/781 ( 13%)]  Loss:  3.728510 (4.0537)  Time: 0.258s,  495.48/s  (0.332s,  385.76/s)  LR: 2.800e-04  Data: 0.007 (0.007)
2024-04-27 23:13:02,369 - train - INFO - Train: 5 [ 150/781 ( 19%)]  Loss:  4.494100 (4.0598)  Time: 0.298s,  428.90/s  (0.321s,  398.76/s)  LR: 2.800e-04  Data: 0.008 (0.006)
2024-04-27 23:13:19,644 - train - INFO - Train: 5 [ 200/781 ( 26%)]  Loss:  3.665791 (4.0404)  Time: 0.316s,  405.49/s  (0.327s,  391.34/s)  LR: 2.800e-04  Data: 0.006 (0.006)
2024-04-27 23:13:35,353 - train - INFO - Train: 5 [ 250/781 ( 32%)]  Loss:  4.016673 (4.0475)  Time: 0.242s,  528.81/s  (0.325s,  394.44/s)  LR: 2.800e-04  Data: 0.004 (0.006)
2024-04-27 23:13:51,480 - train - INFO - Train: 5 [ 300/781 ( 38%)]  Loss:  3.484333 (4.0480)  Time: 0.357s,  358.36/s  (0.324s,  394.85/s)  LR: 2.800e-04  Data: 0.007 (0.006)
2024-04-27 23:14:08,804 - train - INFO - Train: 5 [ 350/781 ( 45%)]  Loss:  4.334958 (4.0588)  Time: 0.293s,  436.47/s  (0.327s,  391.02/s)  LR: 2.800e-04  Data: 0.005 (0.006)
2024-04-27 23:14:24,960 - train - INFO - Train: 5 [ 400/781 ( 51%)]  Loss:  4.263758 (4.0604)  Time: 0.318s,  402.06/s  (0.327s,  391.65/s)  LR: 2.800e-04  Data: 0.006 (0.006)
2024-04-27 23:14:40,892 - train - INFO - Train: 5 [ 450/781 ( 58%)]  Loss:  3.583006 (4.0564)  Time: 0.386s,  331.76/s  (0.326s,  392.75/s)  LR: 2.800e-04  Data: 0.010 (0.006)
2024-04-27 23:14:58,359 - train - INFO - Train: 5 [ 500/781 ( 64%)]  Loss:  3.795617 (4.0553)  Time: 0.392s,  326.34/s  (0.328s,  389.95/s)  LR: 2.800e-04  Data: 0.004 (0.006)
2024-04-27 23:15:13,940 - train - INFO - Train: 5 [ 550/781 ( 71%)]  Loss:  3.499424 (4.0475)  Time: 0.261s,  489.69/s  (0.327s,  391.75/s)  LR: 2.800e-04  Data: 0.007 (0.006)
2024-04-27 23:15:30,153 - train - INFO - Train: 5 [ 600/781 ( 77%)]  Loss:  4.178023 (4.0441)  Time: 0.332s,  385.96/s  (0.327s,  392.01/s)  LR: 2.800e-04  Data: 0.005 (0.006)
2024-04-27 23:15:47,230 - train - INFO - Train: 5 [ 650/781 ( 83%)]  Loss:  3.482210 (4.0402)  Time: 0.288s,  444.76/s  (0.328s,  390.63/s)  LR: 2.800e-04  Data: 0.007 (0.006)
2024-04-27 23:16:01,490 - train - INFO - Train: 5 [ 700/781 ( 90%)]  Loss:  3.766696 (4.0403)  Time: 0.255s,  501.29/s  (0.325s,  394.28/s)  LR: 2.800e-04  Data: 0.006 (0.006)
2024-04-27 23:16:17,475 - train - INFO - Train: 5 [ 750/781 ( 96%)]  Loss:  4.448269 (4.0407)  Time: 0.302s,  424.54/s  (0.324s,  394.68/s)  LR: 2.800e-04  Data: 0.004 (0.006)
2024-04-27 23:16:27,872 - train - INFO - Train: 5 [ 780/781 (100%)]  Loss:  4.404080 (4.0416)  Time: 0.308s,  415.00/s  (0.325s,  393.64/s)  LR: 2.800e-04  Data: 0.000 (0.006)
2024-04-27 23:16:28,259 - train - INFO - Test: [   0/78]  Time: 0.386 (0.386)  Loss:  1.3545 (1.3545)  Acc@1: 71.0938 (71.0938)  Acc@5: 84.3750 (84.3750)
2024-04-27 23:16:40,326 - train - INFO - Test: [  50/78]  Time: 0.303 (0.244)  Loss:  2.4512 (2.6159)  Acc@1: 51.5625 (39.5527)  Acc@5: 71.8750 (67.8922)
2024-04-27 23:16:46,292 - train - INFO - Test: [  78/78]  Time: 0.225 (0.233)  Loss:  2.3027 (2.6273)  Acc@1: 37.5000 (39.6800)  Acc@5: 81.2500 (67.5400)
2024-04-27 23:16:46,860 - train - INFO - Train: 6 [   0/781 (  0%)]  Loss:  3.830516 (3.8305)  Time: 0.485s,  264.13/s  (0.485s,  264.13/s)  LR: 3.340e-04  Data: 0.125 (0.125)
2024-04-27 23:17:04,038 - train - INFO - Train: 6 [  50/781 (  6%)]  Loss:  3.856181 (4.0069)  Time: 0.349s,  366.39/s  (0.346s,  369.63/s)  LR: 3.340e-04  Data: 0.004 (0.008)
2024-04-27 23:17:20,262 - train - INFO - Train: 6 [ 100/781 ( 13%)]  Loss:  3.726677 (4.0318)  Time: 0.359s,  356.58/s  (0.335s,  381.55/s)  LR: 3.340e-04  Data: 0.008 (0.007)
2024-04-27 23:17:36,450 - train - INFO - Train: 6 [ 150/781 ( 19%)]  Loss:  4.533469 (4.0451)  Time: 0.377s,  339.30/s  (0.332s,  386.02/s)  LR: 3.340e-04  Data: 0.007 (0.006)
2024-04-27 23:17:53,611 - train - INFO - Train: 6 [ 200/781 ( 26%)]  Loss:  4.365451 (4.0311)  Time: 0.376s,  340.82/s  (0.334s,  382.69/s)  LR: 3.340e-04  Data: 0.009 (0.006)
2024-04-27 23:18:09,313 - train - INFO - Train: 6 [ 250/781 ( 32%)]  Loss:  4.214523 (4.0367)  Time: 0.368s,  348.28/s  (0.330s,  387.41/s)  LR: 3.340e-04  Data: 0.006 (0.006)
2024-04-27 23:18:25,241 - train - INFO - Train: 6 [ 300/781 ( 38%)]  Loss:  3.963680 (4.0316)  Time: 0.322s,  397.63/s  (0.328s,  389.73/s)  LR: 3.340e-04  Data: 0.006 (0.006)
2024-04-27 23:18:42,330 - train - INFO - Train: 6 [ 350/781 ( 45%)]  Loss:  3.473736 (4.0299)  Time: 0.349s,  367.28/s  (0.330s,  387.49/s)  LR: 3.340e-04  Data: 0.008 (0.006)
2024-04-27 23:18:57,812 - train - INFO - Train: 6 [ 400/781 ( 51%)]  Loss:  4.431474 (4.0261)  Time: 0.270s,  474.72/s  (0.328s,  390.55/s)  LR: 3.340e-04  Data: 0.007 (0.006)
2024-04-27 23:19:14,185 - train - INFO - Train: 6 [ 450/781 ( 58%)]  Loss:  3.647831 (4.0183)  Time: 0.353s,  362.35/s  (0.328s,  390.59/s)  LR: 3.340e-04  Data: 0.006 (0.006)
2024-04-27 23:19:30,969 - train - INFO - Train: 6 [ 500/781 ( 64%)]  Loss:  3.712967 (4.0122)  Time: 0.260s,  492.96/s  (0.329s,  389.64/s)  LR: 3.340e-04  Data: 0.006 (0.006)
2024-04-27 23:19:46,090 - train - INFO - Train: 6 [ 550/781 ( 71%)]  Loss:  3.534885 (4.0045)  Time: 0.339s,  377.82/s  (0.326s,  392.48/s)  LR: 3.340e-04  Data: 0.007 (0.006)
2024-04-27 23:20:03,147 - train - INFO - Train: 6 [ 600/781 ( 77%)]  Loss:  3.807472 (4.0039)  Time: 0.369s,  346.48/s  (0.327s,  390.98/s)  LR: 3.340e-04  Data: 0.008 (0.005)
2024-04-27 23:20:18,755 - train - INFO - Train: 6 [ 650/781 ( 83%)]  Loss:  4.351702 (4.0075)  Time: 0.363s,  352.99/s  (0.326s,  392.38/s)  LR: 3.340e-04  Data: 0.004 (0.006)
2024-04-27 23:20:34,401 - train - INFO - Train: 6 [ 700/781 ( 90%)]  Loss:  3.357786 (4.0063)  Time: 0.320s,  400.03/s  (0.325s,  393.53/s)  LR: 3.340e-04  Data: 0.006 (0.005)
2024-04-27 23:20:51,184 - train - INFO - Train: 6 [ 750/781 ( 96%)]  Loss:  3.527628 (4.0014)  Time: 0.334s,  383.30/s  (0.326s,  392.70/s)  LR: 3.340e-04  Data: 0.006 (0.005)
2024-04-27 23:20:59,996 - train - INFO - Train: 6 [ 780/781 (100%)]  Loss:  3.928391 (3.9967)  Time: 0.215s,  596.70/s  (0.325s,  394.19/s)  LR: 3.340e-04  Data: 0.000 (0.005)
2024-04-27 23:21:00,249 - train - INFO - Test: [   0/78]  Time: 0.251 (0.251)  Loss:  1.5732 (1.5732)  Acc@1: 70.3125 (70.3125)  Acc@5: 88.2812 (88.2812)
2024-04-27 23:21:11,923 - train - INFO - Test: [  50/78]  Time: 0.221 (0.234)  Loss:  2.4570 (2.6073)  Acc@1: 46.0938 (39.6906)  Acc@5: 69.5312 (68.6734)
2024-04-27 23:21:19,094 - train - INFO - Test: [  78/78]  Time: 0.270 (0.242)  Loss:  3.7598 (2.5911)  Acc@1: 18.7500 (40.8200)  Acc@5: 56.2500 (68.8400)
2024-04-27 23:21:19,669 - train - INFO - Train: 7 [   0/781 (  0%)]  Loss:  3.676754 (3.6768)  Time: 0.489s,  261.59/s  (0.489s,  261.59/s)  LR: 3.880e-04  Data: 0.131 (0.131)
2024-04-27 23:21:37,271 - train - INFO - Train: 7 [  50/781 (  6%)]  Loss:  4.239316 (3.9319)  Time: 0.356s,  359.75/s  (0.355s,  360.88/s)  LR: 3.880e-04  Data: 0.004 (0.007)
2024-04-27 23:21:52,606 - train - INFO - Train: 7 [ 100/781 ( 13%)]  Loss:  4.270622 (3.9449)  Time: 0.320s,  400.03/s  (0.331s,  386.80/s)  LR: 3.880e-04  Data: 0.006 (0.006)
2024-04-27 23:22:08,373 - train - INFO - Train: 7 [ 150/781 ( 19%)]  Loss:  4.374732 (3.9383)  Time: 0.363s,  352.63/s  (0.326s,  392.93/s)  LR: 3.880e-04  Data: 0.007 (0.006)
2024-04-27 23:22:25,645 - train - INFO - Train: 7 [ 200/781 ( 26%)]  Loss:  4.376158 (3.9538)  Time: 0.376s,  340.48/s  (0.331s,  387.12/s)  LR: 3.880e-04  Data: 0.009 (0.006)
2024-04-27 23:22:41,013 - train - INFO - Train: 7 [ 250/781 ( 32%)]  Loss:  4.316856 (3.9482)  Time: 0.269s,  475.52/s  (0.326s,  392.64/s)  LR: 3.880e-04  Data: 0.004 (0.006)
2024-04-27 23:22:57,832 - train - INFO - Train: 7 [ 300/781 ( 38%)]  Loss:  3.743118 (3.9484)  Time: 0.326s,  392.58/s  (0.328s,  390.57/s)  LR: 3.880e-04  Data: 0.007 (0.006)
2024-04-27 23:23:13,669 - train - INFO - Train: 7 [ 350/781 ( 45%)]  Loss:  3.531149 (3.9478)  Time: 0.240s,  534.01/s  (0.326s,  392.45/s)  LR: 3.880e-04  Data: 0.004 (0.005)
2024-04-27 23:23:27,906 - train - INFO - Train: 7 [ 400/781 ( 51%)]  Loss:  4.013927 (3.9490)  Time: 0.125s, 1025.27/s  (0.321s,  398.77/s)  LR: 3.880e-04  Data: 0.004 (0.006)
2024-04-27 23:23:44,922 - train - INFO - Train: 7 [ 450/781 ( 58%)]  Loss:  3.745859 (3.9540)  Time: 0.212s,  602.41/s  (0.323s,  396.13/s)  LR: 3.880e-04  Data: 0.004 (0.005)
2024-04-27 23:24:01,198 - train - INFO - Train: 7 [ 500/781 ( 64%)]  Loss:  3.506230 (3.9477)  Time: 0.269s,  476.31/s  (0.323s,  395.84/s)  LR: 3.880e-04  Data: 0.006 (0.005)
2024-04-27 23:24:16,291 - train - INFO - Train: 7 [ 550/781 ( 71%)]  Loss:  4.052849 (3.9564)  Time: 0.298s,  429.96/s  (0.321s,  398.24/s)  LR: 3.880e-04  Data: 0.004 (0.005)
2024-04-27 23:24:33,650 - train - INFO - Train: 7 [ 600/781 ( 77%)]  Loss:  3.493006 (3.9566)  Time: 0.354s,  361.39/s  (0.324s,  395.61/s)  LR: 3.880e-04  Data: 0.007 (0.005)
2024-04-27 23:24:47,731 - train - INFO - Train: 7 [ 650/781 ( 83%)]  Loss:  4.173992 (3.9534)  Time: 0.248s,  516.28/s  (0.320s,  399.59/s)  LR: 3.880e-04  Data: 0.004 (0.005)
2024-04-27 23:25:03,259 - train - INFO - Train: 7 [ 700/781 ( 90%)]  Loss:  4.161800 (3.9543)  Time: 0.321s,  399.04/s  (0.320s,  400.46/s)  LR: 3.880e-04  Data: 0.004 (0.005)
2024-04-27 23:25:20,047 - train - INFO - Train: 7 [ 750/781 ( 96%)]  Loss:  3.841769 (3.9515)  Time: 0.347s,  368.70/s  (0.321s,  399.12/s)  LR: 3.880e-04  Data: 0.004 (0.005)
2024-04-27 23:25:29,751 - train - INFO - Train: 7 [ 780/781 (100%)]  Loss:  3.746313 (3.9497)  Time: 0.239s,  534.95/s  (0.321s,  398.99/s)  LR: 3.880e-04  Data: 0.000 (0.005)
2024-04-27 23:25:30,005 - train - INFO - Test: [   0/78]  Time: 0.252 (0.252)  Loss:  1.6221 (1.6221)  Acc@1: 65.6250 (65.6250)  Acc@5: 84.3750 (84.3750)
2024-04-27 23:25:40,633 - train - INFO - Test: [  50/78]  Time: 0.199 (0.213)  Loss:  2.8594 (2.5556)  Acc@1: 35.9375 (41.6820)  Acc@5: 69.5312 (69.5159)
2024-04-27 23:25:47,039 - train - INFO - Test: [  78/78]  Time: 0.287 (0.219)  Loss:  3.0781 (2.5447)  Acc@1: 18.7500 (42.5200)  Acc@5: 75.0000 (69.8700)
2024-04-27 23:25:47,618 - train - INFO - Train: 8 [   0/781 (  0%)]  Loss:  3.520545 (3.5205)  Time: 0.491s,  260.63/s  (0.491s,  260.63/s)  LR: 4.420e-04  Data: 0.127 (0.127)
2024-04-27 23:26:04,554 - train - INFO - Train: 8 [  50/781 (  6%)]  Loss:  4.152227 (3.9760)  Time: 0.330s,  387.87/s  (0.342s,  374.60/s)  LR: 4.420e-04  Data: 0.004 (0.007)
2024-04-27 23:26:20,834 - train - INFO - Train: 8 [ 100/781 ( 13%)]  Loss:  3.611952 (3.9712)  Time: 0.359s,  356.90/s  (0.334s,  383.56/s)  LR: 4.420e-04  Data: 0.008 (0.006)
2024-04-27 23:26:36,783 - train - INFO - Train: 8 [ 150/781 ( 19%)]  Loss:  3.443969 (3.9630)  Time: 0.331s,  386.65/s  (0.329s,  389.26/s)  LR: 4.420e-04  Data: 0.004 (0.006)
2024-04-27 23:26:54,149 - train - INFO - Train: 8 [ 200/781 ( 26%)]  Loss:  3.962712 (3.9727)  Time: 0.326s,  393.06/s  (0.333s,  383.90/s)  LR: 4.420e-04  Data: 0.004 (0.006)
2024-04-27 23:27:09,425 - train - INFO - Train: 8 [ 250/781 ( 32%)]  Loss:  3.991734 (3.9494)  Time: 0.251s,  509.93/s  (0.328s,  390.42/s)  LR: 4.420e-04  Data: 0.007 (0.006)
2024-04-27 23:27:25,792 - train - INFO - Train: 8 [ 300/781 ( 38%)]  Loss:  3.516811 (3.9398)  Time: 0.330s,  387.54/s  (0.328s,  390.52/s)  LR: 4.420e-04  Data: 0.005 (0.006)
2024-04-27 23:27:42,924 - train - INFO - Train: 8 [ 350/781 ( 45%)]  Loss:  4.469058 (3.9335)  Time: 0.261s,  489.99/s  (0.330s,  388.02/s)  LR: 4.420e-04  Data: 0.008 (0.006)
2024-04-27 23:27:57,685 - train - INFO - Train: 8 [ 400/781 ( 51%)]  Loss:  4.457874 (3.9385)  Time: 0.372s,  343.86/s  (0.326s,  393.17/s)  LR: 4.420e-04  Data: 0.008 (0.006)
2024-04-27 23:28:15,104 - train - INFO - Train: 8 [ 450/781 ( 58%)]  Loss:  3.599311 (3.9342)  Time: 0.323s,  396.21/s  (0.328s,  390.14/s)  LR: 4.420e-04  Data: 0.005 (0.006)
2024-04-27 23:28:30,881 - train - INFO - Train: 8 [ 500/781 ( 64%)]  Loss:  3.963021 (3.9404)  Time: 0.207s,  618.22/s  (0.327s,  391.64/s)  LR: 4.420e-04  Data: 0.005 (0.006)
2024-04-27 23:28:46,595 - train - INFO - Train: 8 [ 550/781 ( 71%)]  Loss:  4.355722 (3.9439)  Time: 0.309s,  413.71/s  (0.326s,  393.01/s)  LR: 4.420e-04  Data: 0.004 (0.006)
2024-04-27 23:29:04,052 - train - INFO - Train: 8 [ 600/781 ( 77%)]  Loss:  3.491534 (3.9383)  Time: 0.349s,  366.54/s  (0.328s,  390.68/s)  LR: 4.420e-04  Data: 0.004 (0.006)
2024-04-27 23:29:19,395 - train - INFO - Train: 8 [ 650/781 ( 83%)]  Loss:  3.476445 (3.9394)  Time: 0.256s,  500.61/s  (0.326s,  392.59/s)  LR: 4.420e-04  Data: 0.004 (0.006)
2024-04-27 23:29:35,086 - train - INFO - Train: 8 [ 700/781 ( 90%)]  Loss:  4.049702 (3.9375)  Time: 0.362s,  353.62/s  (0.325s,  393.65/s)  LR: 4.420e-04  Data: 0.004 (0.006)
2024-04-27 23:29:52,701 - train - INFO - Train: 8 [ 750/781 ( 96%)]  Loss:  3.590708 (3.9322)  Time: 0.321s,  398.75/s  (0.327s,  391.47/s)  LR: 4.420e-04  Data: 0.004 (0.005)
2024-04-27 23:30:01,674 - train - INFO - Train: 8 [ 780/781 (100%)]  Loss:  3.493599 (3.9311)  Time: 0.314s,  408.22/s  (0.326s,  392.76/s)  LR: 4.420e-04  Data: 0.000 (0.005)
2024-04-27 23:30:02,002 - train - INFO - Test: [   0/78]  Time: 0.327 (0.327)  Loss:  1.7998 (1.7998)  Acc@1: 64.0625 (64.0625)  Acc@5: 80.4688 (80.4688)
2024-04-27 23:30:13,377 - train - INFO - Test: [  50/78]  Time: 0.215 (0.229)  Loss:  2.1914 (2.3924)  Acc@1: 53.9062 (43.5355)  Acc@5: 72.6562 (71.8137)
2024-04-27 23:30:20,512 - train - INFO - Test: [  78/78]  Time: 0.251 (0.238)  Loss:  2.5410 (2.4004)  Acc@1: 37.5000 (43.6100)  Acc@5: 75.0000 (71.6000)
2024-04-27 23:30:21,072 - train - INFO - Train: 9 [   0/781 (  0%)]  Loss:  4.353603 (4.3536)  Time: 0.471s,  271.85/s  (0.471s,  271.85/s)  LR: 4.960e-04  Data: 0.123 (0.123)
2024-04-27 23:30:37,391 - train - INFO - Train: 9 [  50/781 (  6%)]  Loss:  3.998900 (3.8868)  Time: 0.389s,  329.16/s  (0.329s,  388.83/s)  LR: 4.960e-04  Data: 0.007 (0.008)
2024-04-27 23:30:52,464 - train - INFO - Train: 9 [ 100/781 ( 13%)]  Loss:  4.074697 (3.8652)  Time: 0.292s,  437.70/s  (0.315s,  405.77/s)  LR: 4.960e-04  Data: 0.006 (0.006)
2024-04-27 23:31:08,547 - train - INFO - Train: 9 [ 150/781 ( 19%)]  Loss:  3.614670 (3.8799)  Time: 0.330s,  388.11/s  (0.317s,  403.16/s)  LR: 4.960e-04  Data: 0.006 (0.006)
2024-04-27 23:31:25,837 - train - INFO - Train: 9 [ 200/781 ( 26%)]  Loss:  4.220040 (3.8887)  Time: 0.295s,  433.84/s  (0.325s,  394.42/s)  LR: 4.960e-04  Data: 0.005 (0.006)
2024-04-27 23:31:40,489 - train - INFO - Train: 9 [ 250/781 ( 32%)]  Loss:  4.278366 (3.9001)  Time: 0.359s,  356.73/s  (0.318s,  402.20/s)  LR: 4.960e-04  Data: 0.004 (0.006)
2024-04-27 23:31:57,110 - train - INFO - Train: 9 [ 300/781 ( 38%)]  Loss:  4.159237 (3.9032)  Time: 0.344s,  371.90/s  (0.321s,  399.25/s)  LR: 4.960e-04  Data: 0.005 (0.006)
2024-04-27 23:32:13,951 - train - INFO - Train: 9 [ 350/781 ( 45%)]  Loss:  3.669956 (3.8999)  Time: 0.279s,  459.33/s  (0.323s,  396.40/s)  LR: 4.960e-04  Data: 0.007 (0.006)
2024-04-27 23:32:29,002 - train - INFO - Train: 9 [ 400/781 ( 51%)]  Loss:  3.997772 (3.9019)  Time: 0.366s,  349.68/s  (0.320s,  399.78/s)  LR: 4.960e-04  Data: 0.004 (0.006)
2024-04-27 23:32:46,142 - train - INFO - Train: 9 [ 450/781 ( 58%)]  Loss:  3.554123 (3.9011)  Time: 0.381s,  336.19/s  (0.323s,  396.68/s)  LR: 4.960e-04  Data: 0.007 (0.005)
2024-04-27 23:33:01,994 - train - INFO - Train: 9 [ 500/781 ( 64%)]  Loss:  3.930638 (3.9045)  Time: 0.368s,  347.41/s  (0.322s,  397.37/s)  LR: 4.960e-04  Data: 0.004 (0.005)
2024-04-27 23:33:17,783 - train - INFO - Train: 9 [ 550/781 ( 71%)]  Loss:  4.019540 (3.9042)  Time: 0.386s,  331.52/s  (0.322s,  398.09/s)  LR: 4.960e-04  Data: 0.004 (0.005)
2024-04-27 23:33:35,445 - train - INFO - Train: 9 [ 600/781 ( 77%)]  Loss:  3.864597 (3.9059)  Time: 0.379s,  337.43/s  (0.324s,  394.85/s)  LR: 4.960e-04  Data: 0.010 (0.005)
2024-04-27 23:33:51,003 - train - INFO - Train: 9 [ 650/781 ( 83%)]  Loss:  4.153686 (3.8996)  Time: 0.272s,  471.35/s  (0.323s,  396.07/s)  LR: 4.960e-04  Data: 0.013 (0.006)
2024-04-27 23:34:06,591 - train - INFO - Train: 9 [ 700/781 ( 90%)]  Loss:  4.278310 (3.8997)  Time: 0.347s,  368.72/s  (0.322s,  397.08/s)  LR: 4.960e-04  Data: 0.006 (0.006)
2024-04-27 23:34:23,190 - train - INFO - Train: 9 [ 750/781 ( 96%)]  Loss:  3.795095 (3.8980)  Time: 0.301s,  425.65/s  (0.323s,  396.29/s)  LR: 4.960e-04  Data: 0.016 (0.006)
2024-04-27 23:34:31,632 - train - INFO - Train: 9 [ 780/781 (100%)]  Loss:  3.693039 (3.8951)  Time: 0.283s,  451.89/s  (0.321s,  398.26/s)  LR: 4.960e-04  Data: 0.000 (0.006)
2024-04-27 23:34:31,943 - train - INFO - Test: [   0/78]  Time: 0.309 (0.309)  Loss:  1.6504 (1.6504)  Acc@1: 60.9375 (60.9375)  Acc@5: 83.5938 (83.5938)
2024-04-27 23:34:43,812 - train - INFO - Test: [  50/78]  Time: 0.289 (0.239)  Loss:  2.3516 (2.3707)  Acc@1: 51.5625 (44.5466)  Acc@5: 71.8750 (72.0741)
2024-04-27 23:34:51,226 - train - INFO - Test: [  78/78]  Time: 0.252 (0.248)  Loss:  2.3809 (2.3745)  Acc@1: 43.7500 (44.4800)  Acc@5: 87.5000 (72.0800)
2024-04-27 23:34:51,744 - train - INFO - Train: 10 [   0/781 (  0%)]  Loss:  3.627658 (3.6277)  Time: 0.437s,  293.20/s  (0.437s,  293.20/s)  LR: 5.485e-04  Data: 0.130 (0.130)
2024-04-27 23:35:07,447 - train - INFO - Train: 10 [  50/781 (  6%)]  Loss:  4.193052 (3.9231)  Time: 0.307s,  417.61/s  (0.316s,  404.51/s)  LR: 5.485e-04  Data: 0.005 (0.007)
2024-04-27 23:35:22,126 - train - INFO - Train: 10 [ 100/781 ( 13%)]  Loss:  4.015563 (3.9011)  Time: 0.265s,  482.84/s  (0.305s,  419.52/s)  LR: 5.485e-04  Data: 0.004 (0.006)
2024-04-27 23:35:37,944 - train - INFO - Train: 10 [ 150/781 ( 19%)]  Loss:  3.368302 (3.9021)  Time: 0.338s,  378.67/s  (0.309s,  414.48/s)  LR: 5.485e-04  Data: 0.005 (0.006)
2024-04-27 23:35:55,199 - train - INFO - Train: 10 [ 200/781 ( 26%)]  Loss:  4.154725 (3.8868)  Time: 0.234s,  546.03/s  (0.318s,  402.72/s)  LR: 5.485e-04  Data: 0.004 (0.006)
2024-04-27 23:36:10,061 - train - INFO - Train: 10 [ 250/781 ( 32%)]  Loss:  4.268833 (3.8865)  Time: 0.251s,  510.40/s  (0.314s,  407.99/s)  LR: 5.485e-04  Data: 0.004 (0.006)
2024-04-27 23:36:26,994 - train - INFO - Train: 10 [ 300/781 ( 38%)]  Loss:  3.989382 (3.8956)  Time: 0.367s,  348.86/s  (0.318s,  402.68/s)  LR: 5.485e-04  Data: 0.004 (0.006)
2024-04-27 23:36:42,438 - train - INFO - Train: 10 [ 350/781 ( 45%)]  Loss:  3.318334 (3.8889)  Time: 0.196s,  651.68/s  (0.317s,  404.31/s)  LR: 5.485e-04  Data: 0.004 (0.006)
2024-04-27 23:36:55,333 - train - INFO - Train: 10 [ 400/781 ( 51%)]  Loss:  4.447042 (3.8779)  Time: 0.227s,  562.72/s  (0.309s,  413.88/s)  LR: 5.485e-04  Data: 0.006 (0.006)
2024-04-27 23:37:08,622 - train - INFO - Train: 10 [ 450/781 ( 58%)]  Loss:  3.617731 (3.8865)  Time: 0.258s,  496.09/s  (0.304s,  420.44/s)  LR: 5.485e-04  Data: 0.007 (0.006)
2024-04-27 23:37:21,317 - train - INFO - Train: 10 [ 500/781 ( 64%)]  Loss:  3.953632 (3.8818)  Time: 0.304s,  421.01/s  (0.299s,  427.53/s)  LR: 5.485e-04  Data: 0.006 (0.006)
2024-04-27 23:37:34,555 - train - INFO - Train: 10 [ 550/781 ( 71%)]  Loss:  3.283052 (3.8823)  Time: 0.258s,  497.08/s  (0.296s,  432.07/s)  LR: 5.485e-04  Data: 0.006 (0.006)
2024-04-27 23:37:49,377 - train - INFO - Train: 10 [ 600/781 ( 77%)]  Loss:  3.668195 (3.8768)  Time: 0.240s,  533.51/s  (0.296s,  432.04/s)  LR: 5.485e-04  Data: 0.004 (0.006)
2024-04-27 23:38:06,263 - train - INFO - Train: 10 [ 650/781 ( 83%)]  Loss:  3.476329 (3.8819)  Time: 0.350s,  365.45/s  (0.299s,  427.45/s)  LR: 5.485e-04  Data: 0.005 (0.006)
2024-04-27 23:38:21,973 - train - INFO - Train: 10 [ 700/781 ( 90%)]  Loss:  4.224367 (3.8800)  Time: 0.244s,  524.30/s  (0.300s,  425.96/s)  LR: 5.485e-04  Data: 0.003 (0.006)
2024-04-27 23:38:37,525 - train - INFO - Train: 10 [ 750/781 ( 96%)]  Loss:  3.813798 (3.8771)  Time: 0.367s,  348.31/s  (0.301s,  424.97/s)  LR: 5.485e-04  Data: 0.005 (0.006)
2024-04-27 23:38:47,724 - train - INFO - Train: 10 [ 780/781 (100%)]  Loss:  4.295853 (3.8776)  Time: 0.319s,  401.60/s  (0.303s,  422.88/s)  LR: 5.485e-04  Data: 0.000 (0.006)
2024-04-27 23:38:48,072 - train - INFO - Test: [   0/78]  Time: 0.345 (0.345)  Loss:  1.3877 (1.3877)  Acc@1: 68.7500 (68.7500)  Acc@5: 89.0625 (89.0625)
2024-04-27 23:39:01,481 - train - INFO - Test: [  50/78]  Time: 0.274 (0.270)  Loss:  2.4883 (2.3939)  Acc@1: 41.4062 (44.8070)  Acc@5: 69.5312 (72.4265)
2024-04-27 23:39:07,480 - train - INFO - Test: [  78/78]  Time: 0.267 (0.250)  Loss:  2.5625 (2.3841)  Acc@1: 31.2500 (45.0000)  Acc@5: 75.0000 (72.8000)
2024-04-27 23:39:08,078 - train - INFO - Train: 11 [   0/781 (  0%)]  Loss:  4.166870 (4.1669)  Time: 0.515s,  248.46/s  (0.515s,  248.46/s)  LR: 5.482e-04  Data: 0.140 (0.140)
2024-04-27 23:39:24,219 - train - INFO - Train: 11 [  50/781 (  6%)]  Loss:  4.167610 (3.8623)  Time: 0.342s,  374.72/s  (0.327s,  391.95/s)  LR: 5.482e-04  Data: 0.005 (0.008)
2024-04-27 23:39:39,863 - train - INFO - Train: 11 [ 100/781 ( 13%)]  Loss:  3.785514 (3.8321)  Time: 0.300s,  426.58/s  (0.320s,  400.26/s)  LR: 5.482e-04  Data: 0.007 (0.006)
2024-04-27 23:39:54,657 - train - INFO - Train: 11 [ 150/781 ( 19%)]  Loss:  4.404478 (3.8120)  Time: 0.347s,  368.89/s  (0.312s,  410.44/s)  LR: 5.482e-04  Data: 0.006 (0.006)
2024-04-27 23:40:10,091 - train - INFO - Train: 11 [ 200/781 ( 26%)]  Loss:  3.834819 (3.8230)  Time: 0.303s,  421.87/s  (0.311s,  411.49/s)  LR: 5.482e-04  Data: 0.004 (0.006)
2024-04-27 23:40:26,756 - train - INFO - Train: 11 [ 250/781 ( 32%)]  Loss:  3.877271 (3.8252)  Time: 0.313s,  409.11/s  (0.315s,  405.72/s)  LR: 5.482e-04  Data: 0.004 (0.006)
2024-04-27 23:40:42,475 - train - INFO - Train: 11 [ 300/781 ( 38%)]  Loss:  4.309147 (3.8427)  Time: 0.378s,  339.05/s  (0.315s,  405.96/s)  LR: 5.482e-04  Data: 0.008 (0.006)
2024-04-27 23:40:57,821 - train - INFO - Train: 11 [ 350/781 ( 45%)]  Loss:  3.271562 (3.8518)  Time: 0.375s,  341.39/s  (0.314s,  407.51/s)  LR: 5.482e-04  Data: 0.005 (0.005)
2024-04-27 23:41:14,868 - train - INFO - Train: 11 [ 400/781 ( 51%)]  Loss:  3.660816 (3.8654)  Time: 0.310s,  412.97/s  (0.317s,  403.22/s)  LR: 5.482e-04  Data: 0.005 (0.005)
2024-04-27 23:41:30,472 - train - INFO - Train: 11 [ 450/781 ( 58%)]  Loss:  3.713314 (3.8629)  Time: 0.348s,  368.00/s  (0.317s,  403.98/s)  LR: 5.482e-04  Data: 0.004 (0.005)
2024-04-27 23:41:46,193 - train - INFO - Train: 11 [ 500/781 ( 64%)]  Loss:  4.161199 (3.8635)  Time: 0.345s,  370.71/s  (0.317s,  404.29/s)  LR: 5.482e-04  Data: 0.004 (0.005)
2024-04-27 23:42:02,841 - train - INFO - Train: 11 [ 550/781 ( 71%)]  Loss:  3.586492 (3.8566)  Time: 0.307s,  417.59/s  (0.318s,  402.41/s)  LR: 5.482e-04  Data: 0.005 (0.005)
2024-04-27 23:42:17,705 - train - INFO - Train: 11 [ 600/781 ( 77%)]  Loss:  3.786553 (3.8602)  Time: 0.234s,  548.06/s  (0.316s,  404.61/s)  LR: 5.482e-04  Data: 0.005 (0.005)
2024-04-27 23:42:33,787 - train - INFO - Train: 11 [ 650/781 ( 83%)]  Loss:  4.292744 (3.8624)  Time: 0.321s,  398.31/s  (0.317s,  404.09/s)  LR: 5.482e-04  Data: 0.004 (0.005)
2024-04-27 23:42:50,612 - train - INFO - Train: 11 [ 700/781 ( 90%)]  Loss:  3.997272 (3.8575)  Time: 0.255s,  502.44/s  (0.318s,  402.31/s)  LR: 5.482e-04  Data: 0.006 (0.005)
2024-04-27 23:43:05,403 - train - INFO - Train: 11 [ 750/781 ( 96%)]  Loss:  4.258685 (3.8542)  Time: 0.372s,  343.83/s  (0.317s,  404.20/s)  LR: 5.482e-04  Data: 0.004 (0.005)
2024-04-27 23:43:15,234 - train - INFO - Train: 11 [ 780/781 (100%)]  Loss:  4.191972 (3.8547)  Time: 0.287s,  445.61/s  (0.317s,  403.66/s)  LR: 5.482e-04  Data: 0.000 (0.005)
2024-04-27 23:43:15,563 - train - INFO - Test: [   0/78]  Time: 0.327 (0.327)  Loss:  1.6240 (1.6240)  Acc@1: 70.3125 (70.3125)  Acc@5: 86.7188 (86.7188)
2024-04-27 23:43:29,330 - train - INFO - Test: [  50/78]  Time: 0.274 (0.276)  Loss:  2.4785 (2.3972)  Acc@1: 41.4062 (44.6078)  Acc@5: 69.5312 (72.1354)
2024-04-27 23:43:36,218 - train - INFO - Test: [  78/78]  Time: 0.183 (0.266)  Loss:  3.0273 (2.3975)  Acc@1: 31.2500 (44.9000)  Acc@5: 62.5000 (72.2000)
2024-04-27 23:43:36,680 - train - INFO - Train: 12 [   0/781 (  0%)]  Loss:  3.754070 (3.7541)  Time: 0.381s,  336.16/s  (0.381s,  336.16/s)  LR: 5.479e-04  Data: 0.130 (0.130)
2024-04-27 23:43:51,943 - train - INFO - Train: 12 [  50/781 (  6%)]  Loss:  4.167807 (3.7968)  Time: 0.327s,  391.98/s  (0.307s,  417.32/s)  LR: 5.479e-04  Data: 0.004 (0.008)
2024-04-27 23:44:08,906 - train - INFO - Train: 12 [ 100/781 ( 13%)]  Loss:  4.231487 (3.8414)  Time: 0.323s,  396.58/s  (0.323s,  396.51/s)  LR: 5.479e-04  Data: 0.005 (0.006)
2024-04-27 23:44:23,579 - train - INFO - Train: 12 [ 150/781 ( 19%)]  Loss:  3.809729 (3.8329)  Time: 0.307s,  416.94/s  (0.313s,  408.83/s)  LR: 5.479e-04  Data: 0.005 (0.006)
2024-04-27 23:44:38,837 - train - INFO - Train: 12 [ 200/781 ( 26%)]  Loss:  4.072947 (3.8438)  Time: 0.321s,  399.14/s  (0.311s,  411.43/s)  LR: 5.479e-04  Data: 0.004 (0.006)
2024-04-27 23:44:56,371 - train - INFO - Train: 12 [ 250/781 ( 32%)]  Loss:  4.250494 (3.8309)  Time: 0.309s,  414.66/s  (0.319s,  401.27/s)  LR: 5.479e-04  Data: 0.004 (0.006)
2024-04-27 23:45:11,931 - train - INFO - Train: 12 [ 300/781 ( 38%)]  Loss:  3.404387 (3.8280)  Time: 0.318s,  402.09/s  (0.318s,  402.91/s)  LR: 5.479e-04  Data: 0.006 (0.006)
2024-04-27 23:45:27,553 - train - INFO - Train: 12 [ 350/781 ( 45%)]  Loss:  4.193555 (3.8257)  Time: 0.384s,  333.35/s  (0.317s,  403.87/s)  LR: 5.479e-04  Data: 0.004 (0.006)
2024-04-27 23:45:44,418 - train - INFO - Train: 12 [ 400/781 ( 51%)]  Loss:  3.442123 (3.8261)  Time: 0.315s,  405.84/s  (0.319s,  400.66/s)  LR: 5.479e-04  Data: 0.004 (0.006)
2024-04-27 23:45:59,898 - train - INFO - Train: 12 [ 450/781 ( 58%)]  Loss:  4.125544 (3.8235)  Time: 0.376s,  340.49/s  (0.318s,  402.04/s)  LR: 5.479e-04  Data: 0.005 (0.005)
2024-04-27 23:46:15,793 - train - INFO - Train: 12 [ 500/781 ( 64%)]  Loss:  3.892005 (3.8184)  Time: 0.351s,  364.17/s  (0.318s,  402.11/s)  LR: 5.479e-04  Data: 0.008 (0.005)
2024-04-27 23:46:33,390 - train - INFO - Train: 12 [ 550/781 ( 71%)]  Loss:  4.049046 (3.8151)  Time: 0.358s,  357.60/s  (0.321s,  398.29/s)  LR: 5.479e-04  Data: 0.007 (0.005)
2024-04-27 23:46:48,242 - train - INFO - Train: 12 [ 600/781 ( 77%)]  Loss:  3.327801 (3.8200)  Time: 0.299s,  428.41/s  (0.319s,  400.82/s)  LR: 5.479e-04  Data: 0.011 (0.005)
2024-04-27 23:47:05,253 - train - INFO - Train: 12 [ 650/781 ( 83%)]  Loss:  3.652221 (3.8150)  Time: 0.342s,  374.46/s  (0.321s,  398.82/s)  LR: 5.479e-04  Data: 0.006 (0.005)
2024-04-27 23:47:21,857 - train - INFO - Train: 12 [ 700/781 ( 90%)]  Loss:  4.038125 (3.8146)  Time: 0.276s,  464.46/s  (0.322s,  397.84/s)  LR: 5.479e-04  Data: 0.006 (0.005)
2024-04-27 23:47:37,706 - train - INFO - Train: 12 [ 750/781 ( 96%)]  Loss:  3.789093 (3.8181)  Time: 0.338s,  378.78/s  (0.321s,  398.23/s)  LR: 5.479e-04  Data: 0.007 (0.006)
2024-04-27 23:47:47,757 - train - INFO - Train: 12 [ 780/781 (100%)]  Loss:  3.630160 (3.8217)  Time: 0.303s,  422.79/s  (0.322s,  397.59/s)  LR: 5.479e-04  Data: 0.000 (0.006)
2024-04-27 23:47:48,131 - train - INFO - Test: [   0/78]  Time: 0.371 (0.371)  Loss:  1.7520 (1.7520)  Acc@1: 67.1875 (67.1875)  Acc@5: 83.5938 (83.5938)
2024-04-27 23:48:01,560 - train - INFO - Test: [  50/78]  Time: 0.287 (0.271)  Loss:  2.5332 (2.3289)  Acc@1: 42.9688 (46.4461)  Acc@5: 71.0938 (74.9847)
2024-04-27 23:48:07,614 - train - INFO - Test: [  78/78]  Time: 0.151 (0.251)  Loss:  2.4727 (2.3406)  Acc@1: 37.5000 (46.8800)  Acc@5: 81.2500 (74.5500)
2024-04-27 23:48:08,206 - train - INFO - Train: 13 [   0/781 (  0%)]  Loss:  3.949312 (3.9493)  Time: 0.477s,  268.27/s  (0.477s,  268.27/s)  LR: 5.475e-04  Data: 0.147 (0.147)
2024-04-27 23:48:24,811 - train - INFO - Train: 13 [  50/781 (  6%)]  Loss:  3.515944 (3.7510)  Time: 0.352s,  363.99/s  (0.335s,  382.20/s)  LR: 5.475e-04  Data: 0.006 (0.009)
2024-04-27 23:48:42,045 - train - INFO - Train: 13 [ 100/781 ( 13%)]  Loss:  3.768954 (3.7784)  Time: 0.344s,  371.59/s  (0.340s,  376.77/s)  LR: 5.475e-04  Data: 0.004 (0.008)
2024-04-27 23:48:58,102 - train - INFO - Train: 13 [ 150/781 ( 19%)]  Loss:  3.149983 (3.7686)  Time: 0.353s,  363.06/s  (0.334s,  383.74/s)  LR: 5.475e-04  Data: 0.005 (0.007)
2024-04-27 23:49:13,023 - train - INFO - Train: 13 [ 200/781 ( 26%)]  Loss:  3.511212 (3.7556)  Time: 0.310s,  413.56/s  (0.325s,  394.07/s)  LR: 5.475e-04  Data: 0.004 (0.007)
2024-04-27 23:49:30,690 - train - INFO - Train: 13 [ 250/781 ( 32%)]  Loss:  3.848810 (3.7613)  Time: 0.367s,  348.46/s  (0.330s,  387.30/s)  LR: 5.475e-04  Data: 0.004 (0.007)
2024-04-27 23:49:45,765 - train - INFO - Train: 13 [ 300/781 ( 38%)]  Loss:  4.126893 (3.7832)  Time: 0.286s,  448.28/s  (0.326s,  393.04/s)  LR: 5.475e-04  Data: 0.010 (0.007)
2024-04-27 23:50:02,755 - train - INFO - Train: 13 [ 350/781 ( 45%)]  Loss:  3.233793 (3.7775)  Time: 0.372s,  343.79/s  (0.328s,  390.63/s)  LR: 5.475e-04  Data: 0.004 (0.006)
2024-04-27 23:50:19,497 - train - INFO - Train: 13 [ 400/781 ( 51%)]  Loss:  3.376482 (3.7714)  Time: 0.258s,  495.91/s  (0.329s,  389.57/s)  LR: 5.475e-04  Data: 0.007 (0.006)
2024-04-27 23:50:34,501 - train - INFO - Train: 13 [ 450/781 ( 58%)]  Loss:  3.834319 (3.7732)  Time: 0.327s,  391.42/s  (0.325s,  393.35/s)  LR: 5.475e-04  Data: 0.005 (0.006)
2024-04-27 23:50:52,290 - train - INFO - Train: 13 [ 500/781 ( 64%)]  Loss:  4.149736 (3.7810)  Time: 0.374s,  342.28/s  (0.328s,  389.73/s)  LR: 5.475e-04  Data: 0.005 (0.006)
2024-04-27 23:51:08,288 - train - INFO - Train: 13 [ 550/781 ( 71%)]  Loss:  4.104590 (3.7885)  Time: 0.337s,  380.31/s  (0.328s,  390.65/s)  LR: 5.475e-04  Data: 0.004 (0.006)
2024-04-27 23:51:24,613 - train - INFO - Train: 13 [ 600/781 ( 77%)]  Loss:  3.551855 (3.7886)  Time: 0.330s,  388.03/s  (0.328s,  390.76/s)  LR: 5.475e-04  Data: 0.004 (0.006)
2024-04-27 23:51:41,535 - train - INFO - Train: 13 [ 650/781 ( 83%)]  Loss:  3.802118 (3.7878)  Time: 0.357s,  359.02/s  (0.328s,  389.77/s)  LR: 5.475e-04  Data: 0.006 (0.006)
2024-04-27 23:51:57,665 - train - INFO - Train: 13 [ 700/781 ( 90%)]  Loss:  3.912053 (3.7878)  Time: 0.303s,  422.03/s  (0.328s,  390.27/s)  LR: 5.475e-04  Data: 0.007 (0.006)
2024-04-27 23:52:13,052 - train - INFO - Train: 13 [ 750/781 ( 96%)]  Loss:  3.520633 (3.7844)  Time: 0.322s,  397.91/s  (0.327s,  391.88/s)  LR: 5.475e-04  Data: 0.004 (0.006)
2024-04-27 23:52:23,484 - train - INFO - Train: 13 [ 780/781 (100%)]  Loss:  3.916212 (3.7863)  Time: 0.359s,  356.46/s  (0.327s,  390.91/s)  LR: 5.475e-04  Data: 0.000 (0.006)
2024-04-27 23:52:23,841 - train - INFO - Test: [   0/78]  Time: 0.356 (0.356)  Loss:  1.3809 (1.3809)  Acc@1: 71.8750 (71.8750)  Acc@5: 89.0625 (89.0625)
2024-04-27 23:52:36,322 - train - INFO - Test: [  50/78]  Time: 0.204 (0.252)  Loss:  2.0918 (2.3111)  Acc@1: 54.6875 (46.6912)  Acc@5: 76.5625 (74.1881)
2024-04-27 23:52:42,719 - train - INFO - Test: [  78/78]  Time: 0.228 (0.243)  Loss:  2.4668 (2.2910)  Acc@1: 50.0000 (47.0400)  Acc@5: 87.5000 (74.7000)
2024-04-27 23:52:43,200 - train - INFO - Train: 14 [   0/781 (  0%)]  Loss:  3.798450 (3.7985)  Time: 0.399s,  321.15/s  (0.399s,  321.15/s)  LR: 5.471e-04  Data: 0.134 (0.134)
2024-04-27 23:52:59,675 - train - INFO - Train: 14 [  50/781 (  6%)]  Loss:  3.907365 (3.7866)  Time: 0.320s,  399.90/s  (0.331s,  386.91/s)  LR: 5.471e-04  Data: 0.004 (0.008)
2024-04-27 23:53:16,921 - train - INFO - Train: 14 [ 100/781 ( 13%)]  Loss:  4.202685 (3.8236)  Time: 0.338s,  378.48/s  (0.338s,  378.93/s)  LR: 5.471e-04  Data: 0.004 (0.007)
2024-04-27 23:53:31,428 - train - INFO - Train: 14 [ 150/781 ( 19%)]  Loss:  3.412379 (3.8451)  Time: 0.367s,  348.59/s  (0.322s,  397.51/s)  LR: 5.471e-04  Data: 0.007 (0.007)
2024-04-27 23:53:48,229 - train - INFO - Train: 14 [ 200/781 ( 26%)]  Loss:  4.036612 (3.8483)  Time: 0.358s,  357.87/s  (0.325s,  393.26/s)  LR: 5.471e-04  Data: 0.007 (0.006)
2024-04-27 23:54:04,100 - train - INFO - Train: 14 [ 250/781 ( 32%)]  Loss:  3.362242 (3.8207)  Time: 0.266s,  480.87/s  (0.324s,  395.22/s)  LR: 5.471e-04  Data: 0.008 (0.006)
2024-04-27 23:54:19,972 - train - INFO - Train: 14 [ 300/781 ( 38%)]  Loss:  4.124772 (3.8245)  Time: 0.362s,  353.74/s  (0.323s,  396.53/s)  LR: 5.471e-04  Data: 0.005 (0.006)
2024-04-27 23:54:36,760 - train - INFO - Train: 14 [ 350/781 ( 45%)]  Loss:  4.258090 (3.8166)  Time: 0.318s,  402.13/s  (0.325s,  394.28/s)  LR: 5.471e-04  Data: 0.007 (0.006)
2024-04-27 23:54:52,412 - train - INFO - Train: 14 [ 400/781 ( 51%)]  Loss:  3.379254 (3.8120)  Time: 0.356s,  359.41/s  (0.323s,  396.05/s)  LR: 5.471e-04  Data: 0.006 (0.006)
2024-04-27 23:55:08,862 - train - INFO - Train: 14 [ 450/781 ( 58%)]  Loss:  3.391584 (3.7997)  Time: 0.332s,  385.82/s  (0.324s,  395.27/s)  LR: 5.471e-04  Data: 0.005 (0.006)
2024-04-27 23:55:26,341 - train - INFO - Train: 14 [ 500/781 ( 64%)]  Loss:  3.420362 (3.7962)  Time: 0.343s,  372.65/s  (0.326s,  392.16/s)  LR: 5.471e-04  Data: 0.005 (0.006)
2024-04-27 23:55:41,857 - train - INFO - Train: 14 [ 550/781 ( 71%)]  Loss:  3.751087 (3.7930)  Time: 0.305s,  419.88/s  (0.325s,  393.92/s)  LR: 5.471e-04  Data: 0.008 (0.006)
2024-04-27 23:55:58,153 - train - INFO - Train: 14 [ 600/781 ( 77%)]  Loss:  4.261650 (3.7925)  Time: 0.370s,  345.68/s  (0.325s,  393.83/s)  LR: 5.471e-04  Data: 0.005 (0.006)
2024-04-27 23:56:15,072 - train - INFO - Train: 14 [ 650/781 ( 83%)]  Loss:  3.769166 (3.7854)  Time: 0.348s,  367.86/s  (0.326s,  392.59/s)  LR: 5.471e-04  Data: 0.004 (0.006)
2024-04-27 23:56:29,817 - train - INFO - Train: 14 [ 700/781 ( 90%)]  Loss:  4.215148 (3.7864)  Time: 0.379s,  337.61/s  (0.324s,  395.29/s)  LR: 5.471e-04  Data: 0.004 (0.006)
2024-04-27 23:56:47,366 - train - INFO - Train: 14 [ 750/781 ( 96%)]  Loss:  3.245825 (3.7847)  Time: 0.348s,  367.82/s  (0.326s,  393.09/s)  LR: 5.471e-04  Data: 0.005 (0.006)
2024-04-27 23:56:57,938 - train - INFO - Train: 14 [ 780/781 (100%)]  Loss:  4.014729 (3.7870)  Time: 0.346s,  369.49/s  (0.327s,  391.86/s)  LR: 5.471e-04  Data: 0.000 (0.006)
2024-04-27 23:56:58,264 - train - INFO - Test: [   0/78]  Time: 0.325 (0.325)  Loss:  1.3369 (1.3369)  Acc@1: 71.8750 (71.8750)  Acc@5: 85.1562 (85.1562)
2024-04-27 23:57:09,841 - train - INFO - Test: [  50/78]  Time: 0.192 (0.233)  Loss:  2.4707 (2.2671)  Acc@1: 44.5312 (48.0852)  Acc@5: 70.3125 (74.9234)
2024-04-27 23:57:15,856 - train - INFO - Test: [  78/78]  Time: 0.264 (0.227)  Loss:  2.3281 (2.2606)  Acc@1: 43.7500 (48.3100)  Acc@5: 81.2500 (75.1000)
2024-04-27 23:57:16,398 - train - INFO - Train: 15 [   0/781 (  0%)]  Loss:  4.208754 (4.2088)  Time: 0.461s,  277.43/s  (0.461s,  277.43/s)  LR: 5.467e-04  Data: 0.120 (0.120)
2024-04-27 23:57:33,591 - train - INFO - Train: 15 [  50/781 (  6%)]  Loss:  3.793131 (3.6998)  Time: 0.337s,  379.81/s  (0.346s,  369.79/s)  LR: 5.467e-04  Data: 0.004 (0.008)
2024-04-27 23:57:49,777 - train - INFO - Train: 15 [ 100/781 ( 13%)]  Loss:  3.678043 (3.7504)  Time: 0.201s,  636.57/s  (0.335s,  382.06/s)  LR: 5.467e-04  Data: 0.006 (0.007)
2024-04-27 23:58:05,433 - train - INFO - Train: 15 [ 150/781 ( 19%)]  Loss:  4.307187 (3.7447)  Time: 0.330s,  388.18/s  (0.328s,  390.53/s)  LR: 5.467e-04  Data: 0.005 (0.007)
2024-04-27 23:58:22,293 - train - INFO - Train: 15 [ 200/781 ( 26%)]  Loss:  3.563635 (3.7342)  Time: 0.347s,  369.21/s  (0.330s,  387.76/s)  LR: 5.467e-04  Data: 0.004 (0.006)
2024-04-27 23:58:37,496 - train - INFO - Train: 15 [ 250/781 ( 32%)]  Loss:  3.941779 (3.7537)  Time: 0.325s,  393.96/s  (0.325s,  393.96/s)  LR: 5.467e-04  Data: 0.009 (0.006)
2024-04-27 23:58:52,927 - train - INFO - Train: 15 [ 300/781 ( 38%)]  Loss:  3.377169 (3.7479)  Time: 0.340s,  375.95/s  (0.322s,  397.27/s)  LR: 5.467e-04  Data: 0.004 (0.006)
2024-04-27 23:59:10,471 - train - INFO - Train: 15 [ 350/781 ( 45%)]  Loss:  3.640750 (3.7632)  Time: 0.371s,  344.96/s  (0.326s,  392.30/s)  LR: 5.467e-04  Data: 0.006 (0.006)
2024-04-27 23:59:25,880 - train - INFO - Train: 15 [ 400/781 ( 51%)]  Loss:  3.841656 (3.7480)  Time: 0.279s,  458.96/s  (0.324s,  395.04/s)  LR: 5.467e-04  Data: 0.005 (0.006)
2024-04-27 23:59:42,504 - train - INFO - Train: 15 [ 450/781 ( 58%)]  Loss:  3.450936 (3.7522)  Time: 0.391s,  327.54/s  (0.325s,  393.90/s)  LR: 5.467e-04  Data: 0.005 (0.006)
2024-04-28 00:00:00,195 - train - INFO - Train: 15 [ 500/781 ( 64%)]  Loss:  3.578242 (3.7516)  Time: 0.345s,  370.81/s  (0.328s,  390.44/s)  LR: 5.467e-04  Data: 0.010 (0.006)
2024-04-28 00:00:14,816 - train - INFO - Train: 15 [ 550/781 ( 71%)]  Loss:  4.133446 (3.7550)  Time: 0.347s,  369.24/s  (0.325s,  394.31/s)  LR: 5.467e-04  Data: 0.009 (0.006)
2024-04-28 00:00:31,938 - train - INFO - Train: 15 [ 600/781 ( 77%)]  Loss:  3.313732 (3.7569)  Time: 0.397s,  322.05/s  (0.326s,  392.52/s)  LR: 5.467e-04  Data: 0.005 (0.006)
2024-04-28 00:00:48,409 - train - INFO - Train: 15 [ 650/781 ( 83%)]  Loss:  3.612816 (3.7508)  Time: 0.266s,  481.44/s  (0.326s,  392.21/s)  LR: 5.467e-04  Data: 0.006 (0.006)
2024-04-28 00:01:03,793 - train - INFO - Train: 15 [ 700/781 ( 90%)]  Loss:  3.147390 (3.7534)  Time: 0.327s,  390.93/s  (0.325s,  393.82/s)  LR: 5.467e-04  Data: 0.006 (0.006)
2024-04-28 00:01:20,853 - train - INFO - Train: 15 [ 750/781 ( 96%)]  Loss:  3.915778 (3.7515)  Time: 0.383s,  333.90/s  (0.326s,  392.52/s)  LR: 5.467e-04  Data: 0.009 (0.006)
2024-04-28 00:01:31,376 - train - INFO - Train: 15 [ 780/781 (100%)]  Loss:  3.788538 (3.7495)  Time: 0.359s,  356.27/s  (0.327s,  391.39/s)  LR: 5.467e-04  Data: 0.000 (0.006)
2024-04-28 00:01:31,751 - train - INFO - Test: [   0/78]  Time: 0.374 (0.374)  Loss:  0.9600 (0.9600)  Acc@1: 76.5625 (76.5625)  Acc@5: 93.7500 (93.7500)
2024-04-28 00:01:42,095 - train - INFO - Test: [  50/78]  Time: 0.297 (0.210)  Loss:  1.8994 (2.1639)  Acc@1: 57.8125 (48.9583)  Acc@5: 79.6875 (76.1795)
2024-04-28 00:01:49,801 - train - INFO - Test: [  78/78]  Time: 0.282 (0.233)  Loss:  2.5293 (2.1733)  Acc@1: 37.5000 (48.9600)  Acc@5: 81.2500 (76.0500)
2024-04-28 00:01:50,356 - train - INFO - Train: 16 [   0/781 (  0%)]  Loss:  3.680958 (3.6810)  Time: 0.470s,  272.53/s  (0.470s,  272.53/s)  LR: 5.462e-04  Data: 0.126 (0.126)
2024-04-28 00:02:07,690 - train - INFO - Train: 16 [  50/781 (  6%)]  Loss:  3.791630 (3.7685)  Time: 0.375s,  341.09/s  (0.349s,  366.69/s)  LR: 5.462e-04  Data: 0.007 (0.008)
2024-04-28 00:02:23,127 - train - INFO - Train: 16 [ 100/781 ( 13%)]  Loss:  3.461648 (3.8111)  Time: 0.263s,  486.44/s  (0.329s,  388.96/s)  LR: 5.462e-04  Data: 0.005 (0.007)
2024-04-28 00:02:39,444 - train - INFO - Train: 16 [ 150/781 ( 19%)]  Loss:  4.005498 (3.7874)  Time: 0.298s,  428.94/s  (0.328s,  390.05/s)  LR: 5.462e-04  Data: 0.006 (0.007)
2024-04-28 00:02:56,436 - train - INFO - Train: 16 [ 200/781 ( 26%)]  Loss:  3.991583 (3.7784)  Time: 0.331s,  387.00/s  (0.331s,  386.63/s)  LR: 5.462e-04  Data: 0.004 (0.006)
2024-04-28 00:03:10,772 - train - INFO - Train: 16 [ 250/781 ( 32%)]  Loss:  4.164265 (3.7617)  Time: 0.259s,  493.92/s  (0.322s,  397.23/s)  LR: 5.462e-04  Data: 0.004 (0.006)
2024-04-28 00:03:27,155 - train - INFO - Train: 16 [ 300/781 ( 38%)]  Loss:  3.330898 (3.7577)  Time: 0.340s,  376.96/s  (0.323s,  396.13/s)  LR: 5.462e-04  Data: 0.005 (0.006)
2024-04-28 00:03:44,340 - train - INFO - Train: 16 [ 350/781 ( 45%)]  Loss:  3.439243 (3.7346)  Time: 0.376s,  340.73/s  (0.326s,  392.58/s)  LR: 5.462e-04  Data: 0.007 (0.006)
2024-04-28 00:03:58,850 - train - INFO - Train: 16 [ 400/781 ( 51%)]  Loss:  4.300527 (3.7457)  Time: 0.336s,  381.40/s  (0.322s,  398.04/s)  LR: 5.462e-04  Data: 0.006 (0.006)
2024-04-28 00:04:15,895 - train - INFO - Train: 16 [ 450/781 ( 58%)]  Loss:  4.187886 (3.7456)  Time: 0.381s,  335.66/s  (0.324s,  395.41/s)  LR: 5.462e-04  Data: 0.004 (0.006)
2024-04-28 00:04:32,795 - train - INFO - Train: 16 [ 500/781 ( 64%)]  Loss:  3.663561 (3.7416)  Time: 0.257s,  497.98/s  (0.325s,  393.68/s)  LR: 5.462e-04  Data: 0.006 (0.006)
2024-04-28 00:04:47,752 - train - INFO - Train: 16 [ 550/781 ( 71%)]  Loss:  4.279412 (3.7370)  Time: 0.397s,  322.15/s  (0.323s,  396.56/s)  LR: 5.462e-04  Data: 0.009 (0.006)
2024-04-28 00:05:04,992 - train - INFO - Train: 16 [ 600/781 ( 77%)]  Loss:  4.104151 (3.7400)  Time: 0.353s,  362.95/s  (0.325s,  394.32/s)  LR: 5.462e-04  Data: 0.010 (0.006)
2024-04-28 00:05:21,054 - train - INFO - Train: 16 [ 650/781 ( 83%)]  Loss:  4.254956 (3.7483)  Time: 0.295s,  433.43/s  (0.324s,  394.64/s)  LR: 5.462e-04  Data: 0.008 (0.006)
2024-04-28 00:05:36,872 - train - INFO - Train: 16 [ 700/781 ( 90%)]  Loss:  3.442879 (3.7473)  Time: 0.341s,  375.39/s  (0.324s,  395.34/s)  LR: 5.462e-04  Data: 0.005 (0.006)
2024-04-28 00:05:54,149 - train - INFO - Train: 16 [ 750/781 ( 96%)]  Loss:  4.114048 (3.7408)  Time: 0.376s,  340.75/s  (0.325s,  393.58/s)  LR: 5.462e-04  Data: 0.005 (0.006)
2024-04-28 00:06:03,767 - train - INFO - Train: 16 [ 780/781 (100%)]  Loss:  4.054041 (3.7425)  Time: 0.259s,  494.02/s  (0.325s,  393.79/s)  LR: 5.462e-04  Data: 0.000 (0.006)
2024-04-28 00:06:04,024 - train - INFO - Test: [   0/78]  Time: 0.254 (0.254)  Loss:  1.6250 (1.6250)  Acc@1: 64.0625 (64.0625)  Acc@5: 88.2812 (88.2812)
2024-04-28 00:06:15,455 - train - INFO - Test: [  50/78]  Time: 0.258 (0.229)  Loss:  2.4062 (2.1983)  Acc@1: 46.8750 (48.8664)  Acc@5: 72.6562 (75.5668)
2024-04-28 00:06:23,072 - train - INFO - Test: [  78/78]  Time: 0.322 (0.244)  Loss:  2.4258 (2.2144)  Acc@1: 43.7500 (49.0600)  Acc@5: 68.7500 (75.2900)
2024-04-28 00:06:23,629 - train - INFO - Train: 17 [   0/781 (  0%)]  Loss:  3.276350 (3.2764)  Time: 0.470s,  272.30/s  (0.470s,  272.30/s)  LR: 5.457e-04  Data: 0.131 (0.131)
2024-04-28 00:06:41,036 - train - INFO - Train: 17 [  50/781 (  6%)]  Loss:  4.396533 (3.7397)  Time: 0.327s,  391.41/s  (0.350s,  365.19/s)  LR: 5.457e-04  Data: 0.004 (0.008)
2024-04-28 00:06:55,659 - train - INFO - Train: 17 [ 100/781 ( 13%)]  Loss:  3.378792 (3.7567)  Time: 0.320s,  400.15/s  (0.322s,  397.82/s)  LR: 5.457e-04  Data: 0.004 (0.007)
2024-04-28 00:07:12,858 - train - INFO - Train: 17 [ 150/781 ( 19%)]  Loss:  4.002822 (3.7461)  Time: 0.370s,  345.99/s  (0.329s,  388.93/s)  LR: 5.457e-04  Data: 0.009 (0.007)
2024-04-28 00:07:30,322 - train - INFO - Train: 17 [ 200/781 ( 26%)]  Loss:  3.269896 (3.7354)  Time: 0.330s,  388.39/s  (0.334s,  383.10/s)  LR: 5.457e-04  Data: 0.007 (0.007)
2024-04-28 00:07:45,025 - train - INFO - Train: 17 [ 250/781 ( 32%)]  Loss:  3.724211 (3.7298)  Time: 0.297s,  430.71/s  (0.326s,  392.48/s)  LR: 5.457e-04  Data: 0.004 (0.007)
2024-04-28 00:08:01,480 - train - INFO - Train: 17 [ 300/781 ( 38%)]  Loss:  4.008283 (3.7149)  Time: 0.310s,  412.53/s  (0.327s,  391.89/s)  LR: 5.457e-04  Data: 0.009 (0.006)
2024-04-28 00:08:17,256 - train - INFO - Train: 17 [ 350/781 ( 45%)]  Loss:  3.274406 (3.7159)  Time: 0.258s,  495.58/s  (0.325s,  393.80/s)  LR: 5.457e-04  Data: 0.004 (0.006)
2024-04-28 00:08:33,138 - train - INFO - Train: 17 [ 400/781 ( 51%)]  Loss:  4.136950 (3.7269)  Time: 0.348s,  367.78/s  (0.324s,  394.93/s)  LR: 5.457e-04  Data: 0.004 (0.006)
2024-04-28 00:08:50,433 - train - INFO - Train: 17 [ 450/781 ( 58%)]  Loss:  3.728669 (3.7270)  Time: 0.332s,  385.00/s  (0.327s,  392.01/s)  LR: 5.457e-04  Data: 0.005 (0.006)
2024-04-28 00:09:05,548 - train - INFO - Train: 17 [ 500/781 ( 64%)]  Loss:  3.346385 (3.7260)  Time: 0.276s,  463.59/s  (0.324s,  394.94/s)  LR: 5.457e-04  Data: 0.008 (0.006)
2024-04-28 00:09:22,415 - train - INFO - Train: 17 [ 550/781 ( 71%)]  Loss:  3.966843 (3.7204)  Time: 0.342s,  374.05/s  (0.325s,  393.48/s)  LR: 5.457e-04  Data: 0.007 (0.006)
2024-04-28 00:09:39,687 - train - INFO - Train: 17 [ 600/781 ( 77%)]  Loss:  4.074739 (3.7265)  Time: 0.348s,  367.43/s  (0.327s,  391.47/s)  LR: 5.457e-04  Data: 0.007 (0.006)
2024-04-28 00:09:54,314 - train - INFO - Train: 17 [ 650/781 ( 83%)]  Loss:  4.238472 (3.7291)  Time: 0.369s,  347.33/s  (0.324s,  394.66/s)  LR: 5.457e-04  Data: 0.004 (0.006)
2024-04-28 00:10:11,010 - train - INFO - Train: 17 [ 700/781 ( 90%)]  Loss:  4.085787 (3.7316)  Time: 0.336s,  381.32/s  (0.325s,  393.84/s)  LR: 5.457e-04  Data: 0.006 (0.006)
2024-04-28 00:10:27,757 - train - INFO - Train: 17 [ 750/781 ( 96%)]  Loss:  3.009562 (3.7293)  Time: 0.367s,  348.76/s  (0.326s,  393.04/s)  LR: 5.457e-04  Data: 0.008 (0.006)
2024-04-28 00:10:36,138 - train - INFO - Train: 17 [ 780/781 (100%)]  Loss:  3.646719 (3.7278)  Time: 0.266s,  481.88/s  (0.324s,  395.20/s)  LR: 5.457e-04  Data: 0.000 (0.006)
2024-04-28 00:10:36,397 - train - INFO - Test: [   0/78]  Time: 0.256 (0.256)  Loss:  1.4053 (1.4053)  Acc@1: 70.3125 (70.3125)  Acc@5: 89.8438 (89.8438)
2024-04-28 00:10:49,674 - train - INFO - Test: [  50/78]  Time: 0.219 (0.265)  Loss:  2.3086 (2.1711)  Acc@1: 48.4375 (50.2451)  Acc@5: 73.4375 (76.8842)
2024-04-28 00:10:57,206 - train - INFO - Test: [  78/78]  Time: 0.270 (0.267)  Loss:  2.2656 (2.1821)  Acc@1: 31.2500 (50.1600)  Acc@5: 93.7500 (76.3400)
2024-04-28 00:10:57,772 - train - INFO - Train: 18 [   0/781 (  0%)]  Loss:  4.123644 (4.1236)  Time: 0.475s,  269.56/s  (0.475s,  269.56/s)  LR: 5.452e-04  Data: 0.146 (0.146)
2024-04-28 00:11:14,753 - train - INFO - Train: 18 [  50/781 (  6%)]  Loss:  3.692039 (3.7823)  Time: 0.328s,  390.72/s  (0.342s,  374.00/s)  LR: 5.452e-04  Data: 0.006 (0.009)
2024-04-28 00:11:29,697 - train - INFO - Train: 18 [ 100/781 ( 13%)]  Loss:  3.946414 (3.7557)  Time: 0.353s,  362.71/s  (0.321s,  399.05/s)  LR: 5.452e-04  Data: 0.006 (0.008)
2024-04-28 00:11:46,782 - train - INFO - Train: 18 [ 150/781 ( 19%)]  Loss:  4.175921 (3.7477)  Time: 0.357s,  358.48/s  (0.328s,  390.62/s)  LR: 5.452e-04  Data: 0.005 (0.007)
2024-04-28 00:12:02,723 - train - INFO - Train: 18 [ 200/781 ( 26%)]  Loss:  4.164850 (3.7224)  Time: 0.156s,  822.33/s  (0.325s,  393.28/s)  LR: 5.452e-04  Data: 0.008 (0.007)
2024-04-28 00:12:18,521 - train - INFO - Train: 18 [ 250/781 ( 32%)]  Loss:  3.676009 (3.7260)  Time: 0.307s,  417.36/s  (0.324s,  395.59/s)  LR: 5.452e-04  Data: 0.007 (0.006)
2024-04-28 00:12:35,840 - train - INFO - Train: 18 [ 300/781 ( 38%)]  Loss:  3.308225 (3.7237)  Time: 0.341s,  375.29/s  (0.327s,  391.01/s)  LR: 5.452e-04  Data: 0.004 (0.006)
2024-04-28 00:12:50,231 - train - INFO - Train: 18 [ 350/781 ( 45%)]  Loss:  4.003357 (3.7193)  Time: 0.302s,  423.97/s  (0.322s,  397.86/s)  LR: 5.452e-04  Data: 0.004 (0.006)
2024-04-28 00:13:05,270 - train - INFO - Train: 18 [ 400/781 ( 51%)]  Loss:  3.714106 (3.7214)  Time: 0.350s,  365.89/s  (0.319s,  401.12/s)  LR: 5.452e-04  Data: 0.004 (0.006)
2024-04-28 00:13:22,415 - train - INFO - Train: 18 [ 450/781 ( 58%)]  Loss:  3.678735 (3.7199)  Time: 0.377s,  339.58/s  (0.322s,  397.83/s)  LR: 5.452e-04  Data: 0.010 (0.006)
2024-04-28 00:13:37,608 - train - INFO - Train: 18 [ 500/781 ( 64%)]  Loss:  3.540676 (3.7124)  Time: 0.333s,  384.84/s  (0.320s,  400.06/s)  LR: 5.452e-04  Data: 0.004 (0.006)
2024-04-28 00:13:52,904 - train - INFO - Train: 18 [ 550/781 ( 71%)]  Loss:  3.728290 (3.7084)  Time: 0.352s,  363.74/s  (0.319s,  401.66/s)  LR: 5.452e-04  Data: 0.004 (0.006)
2024-04-28 00:14:09,230 - train - INFO - Train: 18 [ 600/781 ( 77%)]  Loss:  3.185308 (3.7076)  Time: 0.263s,  487.41/s  (0.319s,  400.84/s)  LR: 5.452e-04  Data: 0.005 (0.006)
2024-04-28 00:14:25,139 - train - INFO - Train: 18 [ 650/781 ( 83%)]  Loss:  3.353833 (3.7109)  Time: 0.330s,  387.42/s  (0.319s,  400.95/s)  LR: 5.452e-04  Data: 0.005 (0.006)
2024-04-28 00:14:40,838 - train - INFO - Train: 18 [ 700/781 ( 90%)]  Loss:  3.207632 (3.7162)  Time: 0.354s,  361.69/s  (0.319s,  401.43/s)  LR: 5.452e-04  Data: 0.005 (0.006)
2024-04-28 00:14:56,725 - train - INFO - Train: 18 [ 750/781 ( 96%)]  Loss:  3.211145 (3.7176)  Time: 0.341s,  375.36/s  (0.319s,  401.52/s)  LR: 5.452e-04  Data: 0.004 (0.006)
2024-04-28 00:15:07,133 - train - INFO - Train: 18 [ 780/781 (100%)]  Loss:  4.181062 (3.7149)  Time: 0.354s,  361.19/s  (0.320s,  400.17/s)  LR: 5.452e-04  Data: 0.000 (0.006)
2024-04-28 00:15:07,481 - train - INFO - Test: [   0/78]  Time: 0.346 (0.346)  Loss:  1.4531 (1.4531)  Acc@1: 69.5312 (69.5312)  Acc@5: 87.5000 (87.5000)
2024-04-28 00:15:19,973 - train - INFO - Test: [  50/78]  Time: 0.306 (0.252)  Loss:  2.1270 (2.1141)  Acc@1: 52.3438 (50.7659)  Acc@5: 78.1250 (77.5276)
2024-04-28 00:15:27,637 - train - INFO - Test: [  78/78]  Time: 0.290 (0.260)  Loss:  2.2031 (2.1321)  Acc@1: 50.0000 (50.6000)  Acc@5: 75.0000 (76.8300)
2024-04-28 00:15:28,209 - train - INFO - Train: 19 [   0/781 (  0%)]  Loss:  3.724718 (3.7247)  Time: 0.476s,  269.16/s  (0.476s,  269.16/s)  LR: 5.447e-04  Data: 0.141 (0.141)
2024-04-28 00:15:43,840 - train - INFO - Train: 19 [  50/781 (  6%)]  Loss:  3.257091 (3.6500)  Time: 0.354s,  361.09/s  (0.316s,  405.33/s)  LR: 5.447e-04  Data: 0.005 (0.008)
2024-04-28 00:15:59,978 - train - INFO - Train: 19 [ 100/781 ( 13%)]  Loss:  3.750622 (3.6801)  Time: 0.263s,  487.19/s  (0.319s,  400.96/s)  LR: 5.447e-04  Data: 0.006 (0.007)
2024-04-28 00:16:16,324 - train - INFO - Train: 19 [ 150/781 ( 19%)]  Loss:  3.927732 (3.6981)  Time: 0.325s,  393.71/s  (0.322s,  397.81/s)  LR: 5.447e-04  Data: 0.008 (0.006)
2024-04-28 00:16:32,137 - train - INFO - Train: 19 [ 200/781 ( 26%)]  Loss:  3.185710 (3.6927)  Time: 0.333s,  384.10/s  (0.320s,  399.51/s)  LR: 5.447e-04  Data: 0.005 (0.006)
2024-04-28 00:16:48,378 - train - INFO - Train: 19 [ 250/781 ( 32%)]  Loss:  3.657973 (3.6746)  Time: 0.330s,  387.60/s  (0.321s,  398.42/s)  LR: 5.447e-04  Data: 0.007 (0.006)
2024-04-28 00:17:04,737 - train - INFO - Train: 19 [ 300/781 ( 38%)]  Loss:  3.230496 (3.6674)  Time: 0.238s,  538.44/s  (0.322s,  397.21/s)  LR: 5.447e-04  Data: 0.005 (0.006)
2024-04-28 00:17:20,569 - train - INFO - Train: 19 [ 350/781 ( 45%)]  Loss:  3.402942 (3.6814)  Time: 0.344s,  372.34/s  (0.321s,  398.21/s)  LR: 5.447e-04  Data: 0.004 (0.006)
2024-04-28 00:17:35,188 - train - INFO - Train: 19 [ 400/781 ( 51%)]  Loss:  3.318583 (3.6818)  Time: 0.314s,  407.99/s  (0.318s,  402.75/s)  LR: 5.447e-04  Data: 0.005 (0.005)
2024-04-28 00:17:50,665 - train - INFO - Train: 19 [ 450/781 ( 58%)]  Loss:  3.449435 (3.6854)  Time: 0.322s,  397.08/s  (0.317s,  403.92/s)  LR: 5.447e-04  Data: 0.006 (0.005)
2024-04-28 00:18:07,758 - train - INFO - Train: 19 [ 500/781 ( 64%)]  Loss:  3.149239 (3.6907)  Time: 0.339s,  377.08/s  (0.319s,  400.77/s)  LR: 5.447e-04  Data: 0.006 (0.005)
2024-04-28 00:18:23,596 - train - INFO - Train: 19 [ 550/781 ( 71%)]  Loss:  3.896791 (3.6918)  Time: 0.333s,  383.81/s  (0.319s,  401.07/s)  LR: 5.447e-04  Data: 0.005 (0.005)
2024-04-28 00:18:39,635 - train - INFO - Train: 19 [ 600/781 ( 77%)]  Loss:  3.877875 (3.6876)  Time: 0.326s,  392.51/s  (0.319s,  400.90/s)  LR: 5.447e-04  Data: 0.004 (0.005)
2024-04-28 00:18:56,483 - train - INFO - Train: 19 [ 650/781 ( 83%)]  Loss:  4.157459 (3.6880)  Time: 0.342s,  374.68/s  (0.321s,  399.21/s)  LR: 5.447e-04  Data: 0.005 (0.005)
