2024-04-27 22:53:41,328 - train - INFO - Model image_nas_mobilenetv2 created, param count:3505063
2024-04-27 22:53:41,339 - train - INFO - Using native Torch AMP. Training in mixed precision.
2024-04-27 22:53:41,340 - train - INFO - Scheduled epochs: 11
2024-04-27 22:53:55,164 - train - INFO - Verifying initial model in training dataset
2024-04-27 22:54:02,002 - train - INFO - batch_idx:0
2024-04-27 22:54:23,333 - train - INFO - batch_idx:50
2024-04-27 22:54:47,920 - train - INFO - batch_idx:100
2024-04-27 22:55:12,198 - train - INFO - batch_idx:150
2024-04-27 22:55:38,378 - train - INFO - batch_idx:200
2024-04-27 22:56:02,486 - train - INFO - batch_idx:250
2024-04-27 22:56:27,453 - train - INFO - batch_idx:300
2024-04-27 22:56:52,118 - train - INFO - batch_idx:350
2024-04-27 22:57:17,780 - train - INFO - batch_idx:400
2024-04-27 22:57:44,469 - train - INFO - batch_idx:450
2024-04-27 22:58:08,378 - train - INFO - batch_idx:500
2024-04-27 22:58:32,666 - train - INFO - batch_idx:550
2024-04-27 22:58:58,024 - train - INFO - batch_idx:600
2024-04-27 22:59:24,129 - train - INFO - batch_idx:650
2024-04-27 22:59:48,316 - train - INFO - batch_idx:700
2024-04-27 23:00:15,666 - train - INFO - batch_idx:750
2024-04-27 23:00:46,962 - train - INFO - batch_idx:800
2024-04-27 23:01:18,418 - train - INFO - batch_idx:850
2024-04-27 23:01:47,272 - train - INFO - batch_idx:900
2024-04-27 23:02:15,725 - train - INFO - batch_idx:950
2024-04-27 23:02:48,273 - train - INFO - batch_idx:1000
2024-04-27 23:03:18,533 - train - INFO - batch_idx:1050
2024-04-27 23:03:48,058 - train - INFO - batch_idx:1100
2024-04-27 23:04:18,263 - train - INFO - batch_idx:1150
2024-04-27 23:04:49,098 - train - INFO - batch_idx:1200
2024-04-27 23:05:21,417 - train - INFO - batch_idx:1250
2024-04-27 23:05:51,162 - train - INFO - batch_idx:1300
2024-04-27 23:06:20,938 - train - INFO - batch_idx:1350
2024-04-27 23:06:51,499 - train - INFO - batch_idx:1400
2024-04-27 23:07:24,541 - train - INFO - batch_idx:1450
2024-04-27 23:07:54,263 - train - INFO - batch_idx:1500
2024-04-27 23:08:23,235 - train - INFO - batch_idx:1550
2024-04-27 23:08:52,747 - train - INFO - batch_idx:1600
2024-04-27 23:09:27,013 - train - INFO - batch_idx:1650
2024-04-27 23:09:57,056 - train - INFO - batch_idx:1700
2024-04-27 23:10:25,729 - train - INFO - batch_idx:1750
2024-04-27 23:10:54,177 - train - INFO - batch_idx:1800
2024-04-27 23:11:27,636 - train - INFO - batch_idx:1850
2024-04-27 23:11:58,025 - train - INFO - batch_idx:1900
2024-04-27 23:12:27,567 - train - INFO - batch_idx:1950
2024-04-27 23:12:56,638 - train - INFO - batch_idx:2000
2024-04-27 23:12:56,766 - train - INFO - len loader.dataset:2000
2024-04-27 23:13:01,782 - train - INFO - target_block_size:8
2024-04-27 23:13:01,783 - train - INFO - use cal_delta_w
2024-04-27 23:13:02,234 - train - INFO - delta_weights_b1:[0, 0, 0, 0, 0, 0, 0, 0, 0, 0, 0, 0, 0, 0, 0, 0, 0, 0, 0, 0, 0, 0, 0, 0, 0, 0, 0, 0, 0, 0, 0, 0]
2024-04-27 23:13:02,234 - train - INFO - delta_weights_b2:[42.2872200012207, 44.39519500732422, 37.615806579589844, 33.34173583984375, 61.25531005859375, 67.24816131591797, 35.973419189453125, 33.88731384277344, 33.0568733215332, 26.99443244934082, 78.59442901611328, 99.97539520263672, 55.09699630737305, 51.99420928955078, 56.719913482666016, 45.553924560546875, 58.64970397949219, 44.07437515258789, 132.91485595703125, 141.36260986328125, 103.85078430175781, 88.62372589111328, 110.58512878417969, 85.62586975097656, 206.4258270263672, 259.11151123046875, 202.8675079345703, 188.95384216308594, 245.2853546142578, 191.76046752929688, 371.4418029785156, 403.900146484375]
2024-04-27 23:13:02,234 - train - INFO - delta_weights_b4:[62.48122024536133, 69.63890075683594, 54.6755256652832, 50.01759719848633, 91.2452621459961, 101.85167694091797, 54.87289047241211, 49.30923843383789, 49.22977828979492, 40.59899139404297, 121.13496398925781, 148.36544799804688, 83.79421997070312, 78.40238952636719, 85.09834289550781, 67.48096466064453, 87.57567596435547, 66.06696319580078, 198.3082733154297, 212.74606323242188, 157.24110412597656, 133.3499298095703, 167.76026916503906, 128.1670684814453, 312.53204345703125, 388.4855651855469, 305.04315185546875, 282.711669921875, 370.4693908691406, 289.26788330078125, 555.2313232421875, 605.7600708007812]
2024-04-27 23:13:02,235 - train - INFO - delta_weights_b8:[70.31665802001953, 79.14164733886719, 64.04936981201172, 57.9778938293457, 108.0523681640625, 121.24617004394531, 63.47903060913086, 58.06956481933594, 56.806758880615234, 47.53736114501953, 141.9410400390625, 171.22393798828125, 98.0853500366211, 91.258544921875, 99.0179672241211, 79.0243911743164, 102.10299682617188, 77.22867584228516, 231.42466735839844, 247.40267944335938, 183.23963928222656, 155.31851196289062, 194.91139221191406, 149.00830078125, 365.6454772949219, 453.60943603515625, 357.04388427734375, 330.36700439453125, 432.6831359863281, 337.2693786621094, 646.884765625, 706.9960327148438]
2024-04-27 23:13:02,235 - train - INFO - delta_weights_b16:[74.31847381591797, 79.14164733886719, 64.04936981201172, 57.9778938293457, 108.0523681640625, 129.8108673095703, 68.53572082519531, 61.214988708496094, 60.231834411621094, 50.50953674316406, 152.51339721679688, 184.28274536132812, 104.94312286376953, 97.82270812988281, 105.9434585571289, 84.68876647949219, 108.91807556152344, 82.5929946899414, 248.29188537597656, 266.4906921386719, 196.4473876953125, 166.46835327148438, 210.2433319091797, 159.96726989746094, 392.4289855957031, 485.8009948730469, 382.4173583984375, 353.8833923339844, 463.2810974121094, 361.375244140625, 692.9661865234375, 757.04296875]
2024-04-27 23:13:03,491 - train - INFO - cir_idx:[3, 5, 6, 8, 9, 11, 12, 14, 15, 17, 18, 20, 21, 23, 24, 26, 27, 29, 30, 32, 33, 35, 36, 38, 39, 41, 42, 44, 45, 47, 48, 50]
2024-04-27 23:13:03,492 - train - INFO - len params:32
2024-04-27 23:13:03,492 - train - INFO - params[0].shape:torch.Size([96, 16, 1, 1])
2024-04-27 23:13:03,503 - train - INFO - sensitivity_b1:[0, 0, 0, 0, 0, 0, 0, 0, 0, 0, 0, 0, 0, 0, 0, 0, 0, 0, 0, 0, 0, 0, 0, 0, 0, 0, 0, 0, 0, 0, 0, 0]
2024-04-27 23:13:03,503 - train - INFO - sensitivity_b2:[1.455896736501927e-09, 1.2299664620130102e-09, 9.976703907454976e-10, 4.574394196765752e-10, 1.2563985407609835e-09, 1.1867786753327891e-09, 2.459231152052155e-10, 1.7780246719389936e-10, 1.92689669775703e-10, 1.4275122750539992e-10, 9.246145515895421e-10, 7.297498161307203e-10, 1.2341264121751294e-10, 1.0804147160259348e-10, 1.139053920629074e-10, 7.512257482744644e-11, 1.1214137257686829e-10, 6.286281217793288e-11, 5.220729404342705e-10, 4.0849462701331163e-10, 1.6695397841992587e-10, 1.1457330223452189e-10, 1.592707077335831e-10, 9.654948368575944e-11, 5.010900028246112e-10, 4.526481967026541e-10, 1.9714155308214742e-10, 1.4593730390810578e-10, 2.4758278760472763e-10, 1.2935023885329855e-10, 3.686798644153555e-10, 1.8983037364250777e-10]
2024-04-27 23:13:03,503 - train - INFO - sensitivity_b4:[2.5061996922204344e-09, 1.7630794602041533e-09, 1.92693772049779e-09, 7.490368325591135e-10, 1.5842290812528859e-09, 2.004295396318412e-09, 4.247375784416363e-10, 2.926626996302417e-10, 2.931569154096536e-10, 2.0951082535525245e-10, 1.351708744934399e-09, 1.1167649027754578e-09, 2.0936005706850835e-10, 1.7388299133891394e-10, 1.7830464882351293e-10, 1.1336719063503864e-10, 1.7563495102734805e-10, 9.950522350532509e-11, 7.871569507322818e-10, 6.358557014252142e-10, 2.601318604966707e-10, 1.7792513296033263e-10, 2.488274863932105e-10, 1.4774420575847103e-10, 7.877661856170448e-10, 6.831121779349303e-10, 3.0659014216283254e-10, 2.2263149657142378e-10, 3.8128539214810075e-10, 1.9764789804810334e-10, 5.557108107012709e-10, 2.8798585738343263e-10]
2024-04-27 23:13:03,503 - train - INFO - sensitivity_b8:[2.7486228848516703e-09, 2.1235275760034256e-09, 2.3249593361640564e-09, 8.891233860275349e-10, 2.022015888059059e-09, 2.4333319803560016e-09, 4.838280331931344e-10, 3.442323370794753e-10, 3.5846312029796934e-10, 2.610155425131211e-10, 1.6313366213438485e-09, 1.3408520960211945e-09, 2.4940277620899565e-10, 2.0358512098361814e-10, 2.0431856206926113e-10, 1.3337796145318492e-10, 2.0840998371518538e-10, 1.1895207041590083e-10, 9.246166055021376e-10, 7.403008206452455e-10, 3.046486951596705e-10, 2.1127886939975582e-10, 2.9318009131529266e-10, 1.7435766719309242e-10, 9.25689191966228e-10, 7.982218219737547e-10, 3.6199776509704407e-10, 2.6208743508782106e-10, 4.501892747477143e-10, 2.32495633856189e-10, 6.524405460339722e-10, 3.364157841190263e-10]
2024-04-27 23:13:03,504 - train - INFO - sensitivity_b16:[2.9556685987586206e-09, 2.1235275760034256e-09, 2.3249593361640564e-09, 8.891233860275349e-10, 2.022015888059059e-09, 2.6672131170357716e-09, 5.562765803546199e-10, 3.670165837910133e-10, 3.8934144797053705e-10, 2.709777402465363e-10, 1.7571633037505308e-09, 1.4612240306632884e-09, 2.717747138447635e-10, 2.2152296663691118e-10, 2.2067131455472122e-10, 1.464782739546422e-10, 2.177122371271878e-10, 1.2787858272300667e-10, 9.916290011346973e-10, 8.079137359118249e-10, 3.279073956807821e-10, 2.2907142849248885e-10, 3.212722587964123e-10, 1.8988172145739668e-10, 1.0099387992568154e-09, 8.618928348802513e-10, 3.913723234383326e-10, 2.8207775004673863e-10, 4.856812174658387e-10, 2.494092710136897e-10, 7.037022076161747e-10, 3.612865284718936e-10]
2024-04-27 23:13:03,576 - train - INFO - result:[ 8  2  2  8  4  1 16 16 16 16  2  2 16 16 16 16 16 16 16 16 16 16 16 16
 16 16 16 16 16 16 16 16]
2024-04-27 23:13:03,576 - train - INFO - origin_latency:1157.6250009536743
2024-04-27 23:13:03,576 - train - INFO - current_latency-origin_latency:-64.80593585968018
2024-04-27 23:15:46,310 - train - INFO - Model image_nas_mobilenetv2 created, param count:3505063
2024-04-27 23:15:46,322 - train - INFO - Using native Torch AMP. Training in mixed precision.
2024-04-27 23:15:46,323 - train - INFO - Scheduled epochs: 11
2024-04-27 23:16:00,520 - train - INFO - Verifying initial model in training dataset
2024-04-27 23:16:08,778 - train - INFO - batch_idx:0
2024-04-27 23:16:34,735 - train - INFO - batch_idx:50
2024-04-27 23:17:03,787 - train - INFO - batch_idx:100
2024-04-27 23:17:31,896 - train - INFO - batch_idx:150
2024-04-27 23:18:02,642 - train - INFO - batch_idx:200
2024-04-27 23:18:33,793 - train - INFO - batch_idx:250
2024-04-27 23:19:02,730 - train - INFO - batch_idx:300
2024-04-27 23:19:26,362 - train - INFO - batch_idx:350
2024-04-27 23:19:50,161 - train - INFO - batch_idx:400
2024-04-27 23:20:16,302 - train - INFO - batch_idx:450
2024-04-27 23:20:39,827 - train - INFO - batch_idx:500
2024-04-27 23:21:03,536 - train - INFO - batch_idx:550
2024-04-27 23:21:28,630 - train - INFO - batch_idx:600
2024-04-27 23:21:54,224 - train - INFO - batch_idx:650
2024-04-27 23:22:21,920 - train - INFO - batch_idx:700
2024-04-27 23:22:46,594 - train - INFO - batch_idx:750
2024-04-27 23:23:11,533 - train - INFO - batch_idx:800
2024-04-27 23:23:35,987 - train - INFO - batch_idx:850
2024-04-27 23:24:03,596 - train - INFO - batch_idx:900
2024-04-27 23:24:27,703 - train - INFO - batch_idx:950
2024-04-27 23:24:52,728 - train - INFO - batch_idx:1000
2024-04-27 23:25:16,761 - train - INFO - batch_idx:1050
2024-04-27 23:25:43,942 - train - INFO - batch_idx:1100
2024-04-27 23:26:08,778 - train - INFO - batch_idx:1150
2024-04-27 23:26:33,253 - train - INFO - batch_idx:1200
2024-04-27 23:26:58,746 - train - INFO - batch_idx:1250
2024-04-27 23:27:26,898 - train - INFO - batch_idx:1300
2024-04-27 23:27:51,167 - train - INFO - batch_idx:1350
2024-04-27 23:28:15,312 - train - INFO - batch_idx:1400
2024-04-27 23:28:40,004 - train - INFO - batch_idx:1450
2024-04-27 23:29:08,458 - train - INFO - batch_idx:1500
2024-04-27 23:29:32,937 - train - INFO - batch_idx:1550
2024-04-27 23:29:57,783 - train - INFO - batch_idx:1600
2024-04-27 23:30:22,293 - train - INFO - batch_idx:1650
2024-04-27 23:30:50,336 - train - INFO - batch_idx:1700
2024-04-27 23:31:14,143 - train - INFO - batch_idx:1750
2024-04-27 23:31:37,469 - train - INFO - batch_idx:1800
2024-04-27 23:32:01,792 - train - INFO - batch_idx:1850
2024-04-27 23:32:28,442 - train - INFO - batch_idx:1900
2024-04-27 23:32:52,169 - train - INFO - batch_idx:1950
2024-04-27 23:33:15,924 - train - INFO - batch_idx:2000
2024-04-27 23:33:16,049 - train - INFO - len loader.dataset:2000
2024-04-27 23:33:19,704 - train - INFO - target_block_size:4
2024-04-27 23:33:19,704 - train - INFO - use cal_delta_w
2024-04-27 23:33:20,178 - train - INFO - delta_weights_b1:[0, 0, 0, 0, 0, 0, 0, 0, 0, 0, 0, 0, 0, 0, 0, 0, 0, 0, 0, 0, 0, 0, 0, 0, 0, 0, 0, 0, 0, 0, 0, 0]
2024-04-27 23:33:20,179 - train - INFO - delta_weights_b2:[42.287227630615234, 44.39519500732422, 37.615806579589844, 33.34174346923828, 61.25531768798828, 67.24816131591797, 35.973419189453125, 33.88731384277344, 33.056880950927734, 26.994428634643555, 78.59440612792969, 99.97539520263672, 55.09699630737305, 51.99420928955078, 56.719905853271484, 45.553924560546875, 58.64970397949219, 44.07437515258789, 132.9148406982422, 141.36260986328125, 103.85078430175781, 88.62372589111328, 110.58512878417969, 85.62586975097656, 206.4258270263672, 259.11151123046875, 202.8675079345703, 188.95384216308594, 245.2853240966797, 191.76046752929688, 371.4418029785156, 403.900146484375]
2024-04-27 23:33:20,179 - train - INFO - delta_weights_b4:[62.48122024536133, 69.63888549804688, 54.6755256652832, 50.01759719848633, 91.2452621459961, 101.85167694091797, 54.87289047241211, 49.30924606323242, 49.22977828979492, 40.59899139404297, 121.13496398925781, 148.36544799804688, 83.79421997070312, 78.40238952636719, 85.09834289550781, 67.48096466064453, 87.57567596435547, 66.06697845458984, 198.3082733154297, 212.74606323242188, 157.24110412597656, 133.3499298095703, 167.76026916503906, 128.1670684814453, 312.53204345703125, 388.4855651855469, 305.04315185546875, 282.711669921875, 370.4693908691406, 289.26788330078125, 555.2313232421875, 605.7600708007812]
2024-04-27 23:33:20,179 - train - INFO - delta_weights_b8:[70.31665802001953, 79.14164733886719, 64.04936981201172, 57.9778938293457, 108.0523681640625, 121.24614715576172, 63.47903823852539, 58.06957244873047, 56.8067512512207, 47.53736114501953, 141.94102478027344, 171.22393798828125, 98.0853271484375, 91.258544921875, 99.0179672241211, 79.0243911743164, 102.10298156738281, 77.22867584228516, 231.42466735839844, 247.40267944335938, 183.2396697998047, 155.31851196289062, 194.91139221191406, 149.00830078125, 365.6454772949219, 453.60943603515625, 357.04388427734375, 330.366943359375, 432.6831359863281, 337.2694396972656, 646.884765625, 706.9960327148438]
2024-04-27 23:33:20,179 - train - INFO - delta_weights_b16:[74.31847381591797, 79.14164733886719, 64.04936981201172, 57.9778938293457, 108.0523681640625, 129.8108673095703, 68.53572082519531, 61.214996337890625, 60.23182678222656, 50.50952911376953, 152.51339721679688, 184.28274536132812, 104.94312286376953, 97.82270812988281, 105.9434585571289, 84.68876647949219, 108.91809844970703, 82.5929946899414, 248.29188537597656, 266.4906311035156, 196.4473876953125, 166.4683380126953, 210.2433624267578, 159.96726989746094, 392.4289855957031, 485.80108642578125, 382.4173583984375, 353.8833923339844, 463.2810974121094, 361.375244140625, 692.9661865234375, 757.04296875]
2024-04-27 23:33:21,483 - train - INFO - cir_idx:[3, 5, 6, 8, 9, 11, 12, 14, 15, 17, 18, 20, 21, 23, 24, 26, 27, 29, 30, 32, 33, 35, 36, 38, 39, 41, 42, 44, 45, 47, 48, 50]
2024-04-27 23:33:21,483 - train - INFO - len params:32
2024-04-27 23:33:21,484 - train - INFO - params[0].shape:torch.Size([96, 16, 1, 1])
2024-04-27 23:33:21,494 - train - INFO - sensitivity_b1:[0, 0, 0, 0, 0, 0, 0, 0, 0, 0, 0, 0, 0, 0, 0, 0, 0, 0, 0, 0, 0, 0, 0, 0, 0, 0, 0, 0, 0, 0, 0, 0]
2024-04-27 23:33:21,494 - train - INFO - sensitivity_b2:[1.4193916042515298e-09, 1.1911645003692684e-09, 9.23867038427062e-10, 4.473362791301838e-10, 1.2429359763643788e-09, 1.1711326353136542e-09, 2.4574403623134344e-10, 1.7407200680885637e-10, 1.938500332476778e-10, 1.4223233701926574e-10, 9.153354740831787e-10, 7.206961694095071e-10, 1.2269735227832257e-10, 1.0710976550143414e-10, 1.1276972411433661e-10, 7.427969350715102e-11, 1.1149178802405402e-10, 6.218325160345373e-11, 5.13571074556296e-10, 4.0287462255150785e-10, 1.6425966142818993e-10, 1.1336346444901224e-10, 1.574717301000561e-10, 9.604098072379941e-11, 4.990183821718119e-10, 4.509612128167362e-10, 1.971093566144333e-10, 1.456821469014713e-10, 2.4762136785483335e-10, 1.2946160810045626e-10, 3.6829123084558546e-10, 1.896949264335035e-10]
2024-04-27 23:33:21,494 - train - INFO - sensitivity_b4:[2.5193225283715037e-09, 1.6861403384638152e-09, 1.7839607568959082e-09, 7.345781205536639e-10, 1.5677827924776011e-09, 1.968174956346047e-09, 4.2204575945170575e-10, 2.855481406882632e-10, 2.941671906064869e-10, 2.0785356769081886e-10, 1.332912669127495e-09, 1.1017063927809545e-09, 2.0769266861897506e-10, 1.7236939653386685e-10, 1.7641318961203467e-10, 1.1213137363075276e-10, 1.7453107015175107e-10, 9.85607984116399e-11, 7.744280772215006e-10, 6.277466879645033e-10, 2.5570190409496263e-10, 1.7609255720252293e-10, 2.458180325959347e-10, 1.468219296141271e-10, 7.854711325805397e-10, 6.811032848830223e-10, 3.0660060601483963e-10, 2.221522271694809e-10, 3.812737625619178e-10, 1.978443936456742e-10, 5.55282597680673e-10, 2.8779603700179734e-10]
2024-04-27 23:33:21,494 - train - INFO - sensitivity_b8:[2.751135319556397e-09, 2.0373540632334652e-09, 2.1429982233200917e-09, 8.708360699216655e-10, 2.006934174403341e-09, 2.3912951618854095e-09, 4.807036990683855e-10, 3.353705091413417e-10, 3.5860364677731127e-10, 2.590238856736704e-10, 1.6065344610183274e-09, 1.3235483820039917e-09, 2.4781227070391765e-10, 2.0169005354730984e-10, 2.0190116245544232e-10, 1.3199882853420775e-10, 2.0749053863955425e-10, 1.1760362128576674e-10, 9.094986985758169e-10, 7.315156258513866e-10, 2.9945806945264053e-10, 2.0889409646507318e-10, 2.893493222799748e-10, 1.7322855649926083e-10, 9.227461017502492e-10, 7.955748282384434e-10, 3.6213249066108233e-10, 2.6162616517666493e-10, 4.4993289649575274e-10, 2.327221054754247e-10, 6.520369799645209e-10, 3.362339295875927e-10]
2024-04-27 23:33:21,494 - train - INFO - sensitivity_b16:[2.972784463040057e-09, 2.0373540632334652e-09, 2.1429982233200917e-09, 8.708360699216655e-10, 2.006934174403341e-09, 2.6192281676884477e-09, 5.533192792839259e-10, 3.582399654700197e-10, 3.896175326811857e-10, 2.690032641083917e-10, 1.731039533936496e-09, 1.4430370232076939e-09, 2.698696821568092e-10, 2.1957599627420166e-10, 2.1810600547844672e-10, 1.448973718787272e-10, 2.1669456506945295e-10, 1.266250160281146e-10, 9.74954783572457e-10, 7.976733162884386e-10, 3.223158129284087e-10, 2.2663704246639327e-10, 3.171084783648581e-10, 1.8862732209523614e-10, 1.006510430556773e-09, 8.591016231740412e-10, 3.9156367037662676e-10, 2.8158855802651317e-10, 4.853681900840456e-10, 2.496884365932317e-10, 7.033869597883324e-10, 3.6109928935879054e-10]
2024-04-27 23:33:21,565 - train - INFO - result:[ 1  1  2  4  1  1  8 16 16 16  1  1 16 16 16 16 16 16  2 16 16 16 16 16
 16 16 16 16 16 16 16 16]
2024-04-27 23:33:21,565 - train - INFO - origin_latency:2246.086259841919
2024-04-27 23:33:21,566 - train - INFO - current_latency-origin_latency:-49.31241464614868
2024-04-27 23:34:08,572 - train - INFO - Model image_nas_mobilenetv2 created, param count:3505063
2024-04-27 23:34:08,584 - train - INFO - Using native Torch AMP. Training in mixed precision.
2024-04-27 23:34:08,584 - train - INFO - Scheduled epochs: 11
2024-04-27 23:34:23,088 - train - INFO - Verifying initial model in training dataset
2024-04-27 23:34:30,432 - train - INFO - batch_idx:0
2024-04-27 23:34:52,222 - train - INFO - batch_idx:50
2024-04-27 23:35:17,181 - train - INFO - batch_idx:100
2024-04-27 23:35:41,758 - train - INFO - batch_idx:150
2024-04-27 23:36:07,317 - train - INFO - batch_idx:200
2024-04-27 23:36:34,771 - train - INFO - batch_idx:250
2024-04-27 23:37:00,926 - train - INFO - batch_idx:300
2024-04-27 23:37:26,374 - train - INFO - batch_idx:350
2024-04-27 23:37:51,705 - train - INFO - batch_idx:400
2024-04-27 23:38:19,950 - train - INFO - batch_idx:450
2024-04-27 23:38:44,548 - train - INFO - batch_idx:500
2024-04-27 23:39:09,585 - train - INFO - batch_idx:550
2024-04-27 23:39:34,616 - train - INFO - batch_idx:600
2024-04-27 23:40:03,137 - train - INFO - batch_idx:650
2024-04-27 23:40:28,478 - train - INFO - batch_idx:700
2024-04-27 23:40:54,110 - train - INFO - batch_idx:750
2024-04-27 23:41:19,493 - train - INFO - batch_idx:800
2024-04-27 23:41:47,496 - train - INFO - batch_idx:850
2024-04-27 23:42:13,362 - train - INFO - batch_idx:900
2024-04-27 23:42:38,380 - train - INFO - batch_idx:950
2024-04-27 23:43:04,088 - train - INFO - batch_idx:1000
2024-04-27 23:43:32,414 - train - INFO - batch_idx:1050
2024-04-27 23:43:57,191 - train - INFO - batch_idx:1100
2024-04-27 23:44:22,286 - train - INFO - batch_idx:1150
2024-04-27 23:44:47,142 - train - INFO - batch_idx:1200
2024-04-27 23:45:15,434 - train - INFO - batch_idx:1250
2024-04-27 23:45:39,768 - train - INFO - batch_idx:1300
2024-04-27 23:46:05,026 - train - INFO - batch_idx:1350
2024-04-27 23:46:29,781 - train - INFO - batch_idx:1400
2024-04-27 23:46:58,489 - train - INFO - batch_idx:1450
2024-04-27 23:47:23,459 - train - INFO - batch_idx:1500
2024-04-27 23:47:47,630 - train - INFO - batch_idx:1550
2024-04-27 23:48:12,377 - train - INFO - batch_idx:1600
2024-04-27 23:48:39,186 - train - INFO - batch_idx:1650
2024-04-27 23:49:04,845 - train - INFO - batch_idx:1700
2024-04-27 23:49:29,153 - train - INFO - batch_idx:1750
2024-04-27 23:49:53,757 - train - INFO - batch_idx:1800
2024-04-27 23:50:21,751 - train - INFO - batch_idx:1850
2024-04-27 23:50:46,467 - train - INFO - batch_idx:1900
2024-04-27 23:51:10,615 - train - INFO - batch_idx:1950
2024-04-27 23:51:34,972 - train - INFO - batch_idx:2000
2024-04-27 23:51:35,095 - train - INFO - len loader.dataset:2000
2024-04-27 23:51:38,901 - train - INFO - target_block_size:2
2024-04-27 23:51:38,902 - train - INFO - use cal_delta_w
2024-04-27 23:51:39,361 - train - INFO - delta_weights_b1:[0, 0, 0, 0, 0, 0, 0, 0, 0, 0, 0, 0, 0, 0, 0, 0, 0, 0, 0, 0, 0, 0, 0, 0, 0, 0, 0, 0, 0, 0, 0, 0]
2024-04-27 23:51:39,361 - train - INFO - delta_weights_b2:[42.287227630615234, 44.39519500732422, 37.615806579589844, 33.34174346923828, 61.25531005859375, 67.24816131591797, 35.973419189453125, 33.88731384277344, 33.056880950927734, 26.99443244934082, 78.59440612792969, 99.97539520263672, 55.09699630737305, 51.99420928955078, 56.719913482666016, 45.553924560546875, 58.64970397949219, 44.07437515258789, 132.9148406982422, 141.36260986328125, 103.85076904296875, 88.62372589111328, 110.58512878417969, 85.62586975097656, 206.4258270263672, 259.11151123046875, 202.8675079345703, 188.95384216308594, 245.2853240966797, 191.76046752929688, 371.4418029785156, 403.900146484375]
2024-04-27 23:51:39,361 - train - INFO - delta_weights_b4:[62.48122024536133, 69.63890075683594, 54.6755256652832, 50.01759719848633, 91.2452621459961, 101.85167694091797, 54.87289047241211, 49.30924606323242, 49.22977828979492, 40.59899139404297, 121.13496398925781, 148.36544799804688, 83.79421997070312, 78.40238952636719, 85.09834289550781, 67.48096466064453, 87.57567596435547, 66.06697845458984, 198.3082733154297, 212.74606323242188, 157.24110412597656, 133.3499298095703, 167.76026916503906, 128.1670684814453, 312.53204345703125, 388.4855651855469, 305.04315185546875, 282.711669921875, 370.4693908691406, 289.26788330078125, 555.2313232421875, 605.7600708007812]
2024-04-27 23:51:39,361 - train - INFO - delta_weights_b8:[70.31665802001953, 79.14164733886719, 64.04936981201172, 57.9778938293457, 108.0523681640625, 121.24617004394531, 63.47903060913086, 58.06957244873047, 56.8067512512207, 47.53736114501953, 141.94102478027344, 171.22393798828125, 98.0853271484375, 91.25856018066406, 99.0179672241211, 79.0243911743164, 102.10299682617188, 77.22869110107422, 231.42466735839844, 247.40267944335938, 183.2396697998047, 155.31851196289062, 194.91139221191406, 149.00830078125, 365.6454772949219, 453.60943603515625, 357.04388427734375, 330.366943359375, 432.6831359863281, 337.2693786621094, 646.884765625, 706.9960327148438]
2024-04-27 23:51:39,361 - train - INFO - delta_weights_b16:[74.31847381591797, 79.14164733886719, 64.04936981201172, 57.9778938293457, 108.0523681640625, 129.8108673095703, 68.53572082519531, 61.214996337890625, 60.23182678222656, 50.50953674316406, 152.51339721679688, 184.28274536132812, 104.94312286376953, 97.82270812988281, 105.9434585571289, 84.68876647949219, 108.91809844970703, 82.5929946899414, 248.29188537597656, 266.4906311035156, 196.4473876953125, 166.4683380126953, 210.2433624267578, 159.96726989746094, 392.4289855957031, 485.80108642578125, 382.4173583984375, 353.8833923339844, 463.2810974121094, 361.375244140625, 692.9661865234375, 757.04296875]
2024-04-27 23:51:40,620 - train - INFO - cir_idx:[3, 5, 6, 8, 9, 11, 12, 14, 15, 17, 18, 20, 21, 23, 24, 26, 27, 29, 30, 32, 33, 35, 36, 38, 39, 41, 42, 44, 45, 47, 48, 50]
2024-04-27 23:51:40,620 - train - INFO - len params:32
2024-04-27 23:51:40,621 - train - INFO - params[0].shape:torch.Size([96, 16, 1, 1])
2024-04-27 23:51:40,633 - train - INFO - sensitivity_b1:[0, 0, 0, 0, 0, 0, 0, 0, 0, 0, 0, 0, 0, 0, 0, 0, 0, 0, 0, 0, 0, 0, 0, 0, 0, 0, 0, 0, 0, 0, 0, 0]
2024-04-27 23:51:40,633 - train - INFO - sensitivity_b2:[1.4549643712058469e-09, 1.1976174496552972e-09, 9.76758895987473e-10, 4.514647544695549e-10, 1.242422831282397e-09, 1.1811402966799278e-09, 2.4318486113728e-10, 1.7550465247762048e-10, 1.9149351548897187e-10, 1.4247233948161409e-10, 9.174170867431997e-10, 7.224241205250337e-10, 1.2250421510540122e-10, 1.0754583334993129e-10, 1.1277904304884956e-10, 7.44787287398907e-11, 1.1158221568940974e-10, 6.22123255689111e-11, 5.152492321691682e-10, 4.040450196640677e-10, 1.648408631815812e-10, 1.1352226797489706e-10, 1.5816209453234364e-10, 9.617767693370638e-11, 5.01359509463839e-10, 4.524080554624277e-10, 1.975052066338634e-10, 1.4591840236111153e-10, 2.471921833890889e-10, 1.294845758392782e-10, 3.6865863140000954e-10, 1.8979859350842787e-10]
2024-04-27 23:51:40,634 - train - INFO - sensitivity_b4:[2.5174429207908133e-09, 1.7034722521458434e-09, 1.881378830503877e-09, 7.38548888712387e-10, 1.5680204912271734e-09, 1.983378350445264e-09, 4.1884570811667743e-10, 2.8716243272164377e-10, 2.9037822146804615e-10, 2.0722257243477316e-10, 1.3337720927708574e-09, 1.1061682680946205e-09, 2.080503824775093e-10, 1.7295435916775403e-10, 1.7620889469771583e-10, 1.1229810137347584e-10, 1.74659897655971e-10, 9.863356659201017e-11, 7.76133657343081e-10, 6.284737730233303e-10, 2.564940759786083e-10, 1.763335033544422e-10, 2.46891923572079e-10, 1.4706474926740043e-10, 7.891265974002692e-10, 6.830924714762432e-10, 3.070411702665865e-10, 2.2247260977881211e-10, 3.8078670772101475e-10, 1.97922178646337e-10, 5.556251569949211e-10, 2.879522731369377e-10]
2024-04-27 23:51:40,634 - train - INFO - sensitivity_b8:[2.761042949828152e-09, 2.0515849019631105e-09, 2.263069953656327e-09, 8.769911463701874e-10, 2.007171318041401e-09, 2.4093038675232492e-09, 4.771036343775847e-10, 3.379054813734683e-10, 3.5328562297820554e-10, 2.5803231773480206e-10, 1.6125705215586095e-09, 1.3278712573949747e-09, 2.4781068863610756e-10, 2.02377628544248e-10, 2.0205408179929663e-10, 1.3228812489884945e-10, 2.0779117315683493e-10, 1.176960751081424e-10, 9.119252575295889e-10, 7.328572193543437e-10, 3.005289350710427e-10, 2.0926001209620182e-10, 2.9059804562692193e-10, 1.7353089798444188e-10, 9.273909418183734e-10, 7.979781280198495e-10, 3.625458544487259e-10, 2.620045291834572e-10, 4.49248249712042e-10, 2.328194026457453e-10, 6.523885320852685e-10, 3.364000467076522e-10]
2024-04-27 23:51:40,634 - train - INFO - sensitivity_b16:[2.9877638141329044e-09, 2.0515849019631105e-09, 2.263069953656327e-09, 8.769911463701874e-10, 2.007171318041401e-09, 2.6362450000760873e-09, 5.490647936312598e-10, 3.6061942321197193e-10, 3.8496811294308486e-10, 2.6869895197734195e-10, 1.737621713182591e-09, 1.448169362205931e-09, 2.699805656813936e-10, 2.2020982259896016e-10, 2.182302949460535e-10, 1.451733455670734e-10, 2.1687869555808703e-10, 1.2674794547251622e-10, 9.780301013506687e-10, 7.996353024175562e-10, 3.2341246347655783e-10, 2.2699755963806467e-10, 3.18459758563705e-10, 1.8905110810152337e-10, 1.0116358861722574e-09, 8.616993785182103e-10, 3.9205347301951576e-10, 2.819937339193501e-10, 4.846676393555072e-10, 2.4974802781407845e-10, 7.037220250971643e-10, 3.612662946572698e-10]
2024-04-27 23:51:40,711 - train - INFO - result:[ 1  1  1  1  1 16  1  2  2  2  1  1  2 16 16 16 16 16  1  1 16 16 16 16
  2  1 16 16 16 16  1 16]
2024-04-27 23:51:40,712 - train - INFO - origin_latency:4305.8967933654785
2024-04-27 23:51:40,712 - train - INFO - current_latency-origin_latency:-68.41130495071411
