2024-04-24 09:21:03,412 - train - INFO - Model c10_nas_mobilenetv2 created, param count:2236873
2024-04-24 09:21:03,427 - train - INFO - Using native Torch AMP. Training in mixed precision.
2024-04-24 09:21:03,427 - train - INFO - Scheduled epochs: 11
2024-04-24 09:21:04,772 - train - INFO - Verifying teacher model
2024-04-24 09:21:05,998 - train - INFO - Test: [   0/39]  Time: 1.225 (1.225)  Loss:  0.3928 (0.3928)  Acc@1: 94.1406 (94.1406)  Acc@5: 100.0000 (100.0000)
2024-04-24 09:21:06,640 - train - INFO - Test: [  39/39]  Time: 0.356 (0.047)  Loss:  0.4517 (0.3957)  Acc@1: 93.7500 (94.7100)  Acc@5: 100.0000 (99.8500)
2024-04-24 09:21:06,640 - train - INFO - Verifying initial model in training dataset
2024-04-24 09:21:23,548 - train - INFO - len loader.dataset:50000
2024-04-24 09:21:23,684 - train - INFO - target_block_size:8
2024-04-24 09:21:23,684 - train - INFO - use cal_delta_w
2024-04-24 09:21:24,059 - train - INFO - delta_weights_b1:[0, 0, 0, 0, 0, 0, 0, 0, 0, 0, 0, 0, 0, 0, 0, 0, 0, 0, 0, 0, 0, 0, 0, 0, 0, 0, 0, 0, 0, 0, 0, 0]
2024-04-24 09:21:24,059 - train - INFO - delta_weights_b2:[4.0000200271606445, 15.822277069091797, 7.666184902191162, 24.705656051635742, 7.718545913696289, 28.178306579589844, 11.571366310119629, 35.631126403808594, 12.19996166229248, 35.3668098449707, 12.067536354064941, 43.62541580200195, 38.33395004272461, 85.97559356689453, 37.89398956298828, 86.74420166015625, 38.38308334350586, 84.65129852294922, 39.1353645324707, 100.06856536865234, 79.314208984375, 153.58761596679688, 79.17811584472656, 153.77061462402344, 80.22372436523438, 193.68104553222656, 203.89358520507812, 326.831298828125, 207.19906616210938, 324.252197265625, 205.62338256835938, 464.53021240234375]
2024-04-24 09:21:24,059 - train - INFO - delta_weights_b4:[5.955905437469482, 24.123294830322266, 11.019325256347656, 37.09222412109375, 11.461640357971191, 40.50967025756836, 17.78951644897461, 53.33585739135742, 18.13443374633789, 54.1683464050293, 17.91240692138672, 64.68077087402344, 57.75129318237305, 129.07696533203125, 57.28487014770508, 129.7025146484375, 57.324859619140625, 128.52000427246094, 57.97343063354492, 152.60694885253906, 119.2883529663086, 230.27484130859375, 120.28203582763672, 228.72705078125, 119.52172088623047, 289.7400817871094, 305.9045715332031, 491.4678039550781, 310.2038269042969, 484.8166809082031, 307.1932067871094, 699.3818969726562]
2024-04-24 09:21:24,059 - train - INFO - delta_weights_b8:[7.0237932205200195, 28.057151794433594, 13.249300956726074, 44.16948699951172, 13.33146858215332, 47.150672912597656, 20.84625244140625, 62.66273880004883, 20.901531219482422, 63.69432067871094, 21.056625366210938, 75.45957946777344, 66.80889129638672, 151.52798461914062, 67.05611419677734, 151.73931884765625, 66.86253356933594, 151.0101318359375, 67.90946197509766, 177.24398803710938, 138.9766845703125, 269.3105773925781, 140.3239288330078, 266.07501220703125, 139.79795837402344, 339.11810302734375, 357.0059814453125, 574.6021728515625, 362.7974853515625, 566.536865234375, 357.7578430175781, 817.0185546875]
2024-04-24 09:21:24,059 - train - INFO - delta_weights_b16:[7.466400146484375, 28.057151794433594, 13.249300956726074, 44.16948699951172, 13.33146858215332, 50.92319107055664, 22.232683181762695, 67.0276107788086, 22.37297248840332, 67.83853149414062, 22.471471786499023, 81.05966186523438, 71.47673797607422, 162.62692260742188, 71.76950073242188, 161.4036407470703, 71.75770568847656, 162.2757110595703, 72.86158752441406, 189.52593994140625, 149.32504272460938, 288.0478820800781, 150.6666259765625, 285.7239074707031, 150.42564392089844, 363.1616516113281, 381.1584167480469, 614.8656005859375, 387.9071350097656, 605.2408447265625, 384.4134521484375, 874.3099975585938]
2024-04-24 09:21:24,886 - train - INFO - cir_idx:[3, 5, 6, 8, 9, 11, 12, 14, 15, 17, 18, 20, 21, 23, 24, 26, 27, 29, 30, 32, 33, 35, 36, 38, 39, 41, 42, 44, 45, 47, 48, 50]
2024-04-24 09:21:24,887 - train - INFO - len params:32
2024-04-24 09:21:24,887 - train - INFO - params[0].shape:torch.Size([96, 16, 1, 1])
2024-04-24 09:21:24,901 - train - INFO - sensitivity_b2:[1.003298413451573e-14, 1.0747069331467837e-14, 5.9560807281751164e-15, 7.524378323642451e-15, 1.3374050537818746e-14, 9.72572970916281e-15, 3.677356271054866e-15, 4.379645263667036e-15, 3.785264456886801e-15, 3.9271433225848435e-15, 9.496538687261795e-15, 7.988170366878596e-15, 2.1505236912127074e-15, 2.5197783872058e-15, 2.1639328580424534e-15, 2.3496187854648307e-15, 2.0397129352287685e-15, 1.9622881946190947e-15, 8.399265102334262e-15, 6.192676512101029e-15, 3.205359654933379e-15, 3.085384425976622e-15, 3.0547447031755923e-15, 2.4055331243789816e-15, 5.258232305788927e-15, 2.9160320466343863e-15, 1.2563508193448635e-15, 1.3958606397685542e-15, 1.668323927966832e-15, 1.0053885096005704e-15, 2.1020757359703664e-15, 4.626820594983273e-16]
2024-04-24 09:21:24,901 - train - INFO - sensitivity_b4:[1.5992967990511794e-14, 1.6176963875446163e-14, 7.710454521495276e-15, 1.1255209478723376e-14, 1.8087243400070896e-14, 1.4547225051083842e-14, 5.5220127651240195e-15, 6.6070797582486705e-15, 5.47648813234089e-15, 5.864888314040771e-15, 1.3744664721692182e-14, 1.2050459913780232e-14, 3.2622000126171155e-15, 3.8944330277442506e-15, 3.270036973203349e-15, 3.602595025547833e-15, 3.036669443597659e-15, 3.054004396379692e-15, 1.2317465027545521e-14, 9.522278324462959e-15, 4.668483075164279e-15, 4.62862043411707e-15, 4.5157435530165414e-15, 3.618384143201127e-15, 7.952545855182975e-15, 4.470055442874592e-15, 1.8683391117579103e-15, 2.1377756335982934e-15, 2.4900185198787304e-15, 1.5224446315380258e-15, 3.077913595381839e-15, 7.349224721523589e-16]
2024-04-24 09:21:24,901 - train - INFO - sensitivity_b8:[1.959306808051349e-14, 1.839243275909841e-14, 9.824677556962216e-15, 1.4033779089446703e-14, 2.1319250076250185e-14, 1.703543684968608e-14, 6.5019782160874624e-15, 7.387377520687646e-15, 6.275235542920485e-15, 7.095043580700611e-15, 1.5929426966940566e-14, 1.3879694478978726e-14, 3.722333720554069e-15, 4.590650064674028e-15, 3.833319600599853e-15, 4.264871028764657e-15, 3.4688959570214253e-15, 3.5714517416596606e-15, 1.4441544138386712e-14, 1.1110834406929775e-14, 5.4649888130489654e-15, 5.4290026182848665e-15, 5.291060338209188e-15, 4.264085405706079e-15, 9.093993055342767e-15, 5.237446964296254e-15, 2.1764755101671583e-15, 2.501508521808235e-15, 2.8651607301299507e-15, 1.7825975663973833e-15, 3.579753088059226e-15, 8.836180472516673e-16]
2024-04-24 09:21:24,901 - train - INFO - sensitivity_b16:[2.0721668331962276e-14, 1.839243275909841e-14, 9.824677556962216e-15, 1.4033779089446703e-14, 2.1319250076250185e-14, 1.8234855831788903e-14, 6.8273015482712106e-15, 8.091680334131914e-15, 6.8162265924858606e-15, 7.522182814243168e-15, 1.6977179617639823e-14, 1.4967829425438332e-14, 3.961272821128561e-15, 4.973193013543646e-15, 4.06339238379896e-15, 4.561132237011637e-15, 3.729312425006497e-15, 3.776363411160579e-15, 1.5183956658193845e-14, 1.1840463505496945e-14, 5.8947834948811645e-15, 5.845299830102568e-15, 5.665510310784265e-15, 4.6154859177204716e-15, 9.88606372871563e-15, 5.594339637940643e-15, 2.321277063049702e-15, 2.6693053251428383e-15, 3.0599888959102805e-15, 1.9248675495588206e-15, 3.8508569942562795e-15, 9.604172010902346e-16]
2024-04-24 09:21:24,991 - train - INFO - result:[ 1  1  8  4  1  1 16 16 16 16  1  1 16 16 16 16 16 16 16 16 16 16 16 16
 16 16 16 16 16 16 16 16]
2024-04-24 09:21:24,991 - train - INFO - origin_latency:641.3499963283539
2024-04-24 09:21:24,992 - train - INFO - current_latency-origin_latency:-4.520004034042358
