2024-04-01 10:10:25,100 - train - INFO - Training with a single process on 1 GPUs.
2024-04-01 10:10:46,355 - train - INFO - Model vit_7_4_32_c100 created, param count:3740147
2024-04-01 10:10:46,387 - train - INFO - Using native Torch AMP. Training in mixed precision.
2024-04-01 10:10:46,405 - train - INFO - Scheduled epochs: 310
2024-04-01 10:10:49,294 - train - INFO - Verifying teacher model
2024-04-01 10:10:50,884 - train - INFO - Test: [   0/78]  Time: 1.576 (1.576)  Loss:  0.9883 (0.9883)  Acc@1: 78.1250 (78.1250)  Acc@5: 92.9688 (92.9688)
2024-04-01 10:10:52,680 - train - INFO - Test: [  50/78]  Time: 0.037 (0.066)  Loss:  1.1338 (1.0698)  Acc@1: 72.6562 (74.2494)  Acc@5: 92.9688 (93.3977)
2024-04-01 10:10:53,251 - train - INFO - Test: [  78/78]  Time: 0.086 (0.050)  Loss:  0.7583 (1.0538)  Acc@1: 87.5000 (74.7800)  Acc@5: 87.5000 (93.6000)
2024-04-01 10:10:53,260 - train - INFO - Verifying initial model
2024-04-01 10:10:55,097 - train - INFO - Test: [   0/78]  Time: 1.835 (1.835)  Loss:  4.6758 (4.6758)  Acc@1:  1.5625 ( 1.5625)  Acc@5:  6.2500 ( 6.2500)
2024-04-01 10:12:24,685 - train - INFO - Test: [  50/78]  Time: 1.865 (1.793)  Loss:  4.6172 (4.6344)  Acc@1:  0.7812 ( 1.2561)  Acc@5:  6.2500 ( 5.5147)
2024-04-01 10:13:14,304 - train - INFO - Test: [  78/78]  Time: 1.732 (1.785)  Loss:  4.6445 (4.6369)  Acc@1:  0.0000 ( 1.1600)  Acc@5:  6.2500 ( 5.3500)
2024-04-01 10:13:17,314 - train - INFO - Train: 0 [   0/390 (  0%)]  Loss:  4.639242 (4.6392)  Time: 3.001s,   42.65/s  (3.001s,   42.65/s)  LR: 1.000e-05  Data: 0.633 (0.633)
2024-04-01 10:14:55,046 - train - INFO - Train: 0 [  50/390 ( 13%)]  Loss:  4.633239 (4.6330)  Time: 2.040s,   62.76/s  (1.975s,   64.81/s)  LR: 1.000e-05  Data: 0.012 (0.022)
2024-04-01 10:16:33,472 - train - INFO - Train: 0 [ 100/390 ( 26%)]  Loss:  4.621644 (4.6248)  Time: 1.910s,   67.01/s  (1.972s,   64.91/s)  LR: 1.000e-05  Data: 0.034 (0.017)
2024-04-01 10:18:10,649 - train - INFO - Train: 0 [ 150/390 ( 39%)]  Loss:  4.605397 (4.6197)  Time: 2.063s,   62.05/s  (1.962s,   65.22/s)  LR: 1.000e-05  Data: 0.017 (0.014)
2024-04-01 10:19:47,141 - train - INFO - Train: 0 [ 200/390 ( 51%)]  Loss:  4.602381 (4.6154)  Time: 1.826s,   70.09/s  (1.954s,   65.50/s)  LR: 1.000e-05  Data: 0.008 (0.013)
2024-04-01 10:21:25,561 - train - INFO - Train: 0 [ 250/390 ( 64%)]  Loss:  4.594161 (4.6120)  Time: 1.974s,   64.83/s  (1.957s,   65.40/s)  LR: 1.000e-05  Data: 0.008 (0.013)
2024-04-01 10:23:05,151 - train - INFO - Train: 0 [ 300/390 ( 77%)]  Loss:  4.593824 (4.6095)  Time: 1.944s,   65.84/s  (1.963s,   65.21/s)  LR: 1.000e-05  Data: 0.012 (0.012)
2024-04-01 10:24:50,454 - train - INFO - Train: 0 [ 350/390 ( 90%)]  Loss:  4.593704 (4.6073)  Time: 1.754s,   72.99/s  (1.983s,   64.54/s)  LR: 1.000e-05  Data: 0.017 (0.012)
2024-04-01 10:26:07,005 - train - INFO - Train: 0 [ 389/390 (100%)]  Loss:  4.576397 (4.6055)  Time: 2.060s,   62.13/s  (1.981s,   64.61/s)  LR: 1.000e-05  Data: 0.000 (0.012)
2024-04-01 10:26:08,890 - train - INFO - Test: [   0/78]  Time: 1.882 (1.882)  Loss:  4.5469 (4.5469)  Acc@1:  3.9062 ( 3.9062)  Acc@5: 14.0625 (14.0625)
2024-04-01 10:27:39,179 - train - INFO - Test: [  50/78]  Time: 1.758 (1.807)  Loss:  4.5547 (4.5478)  Acc@1:  3.1250 ( 3.1556)  Acc@5: 12.5000 (13.2047)
2024-04-01 10:28:29,704 - train - INFO - Test: [  78/78]  Time: 1.867 (1.806)  Loss:  4.5781 (4.5480)  Acc@1:  6.2500 ( 2.9400)  Acc@5:  6.2500 (12.9000)
2024-04-01 10:28:32,180 - train - INFO - Train: 1 [   0/390 (  0%)]  Loss:  4.571959 (4.5720)  Time: 2.100s,   60.96/s  (2.100s,   60.96/s)  LR: 6.400e-05  Data: 0.198 (0.198)
2024-04-01 10:30:09,980 - train - INFO - Train: 1 [  50/390 ( 13%)]  Loss:  4.590451 (4.5807)  Time: 1.958s,   65.36/s  (1.959s,   65.35/s)  LR: 6.400e-05  Data: 0.003 (0.013)
2024-04-01 10:31:48,591 - train - INFO - Train: 1 [ 100/390 ( 26%)]  Loss:  4.561028 (4.5728)  Time: 1.869s,   68.49/s  (1.965s,   65.13/s)  LR: 6.400e-05  Data: 0.019 (0.012)
2024-04-01 10:33:26,123 - train - INFO - Train: 1 [ 150/390 ( 39%)]  Loss:  4.561488 (4.5676)  Time: 1.688s,   75.84/s  (1.960s,   65.29/s)  LR: 6.400e-05  Data: 0.004 (0.011)
2024-04-01 10:35:03,995 - train - INFO - Train: 1 [ 200/390 ( 51%)]  Loss:  4.510693 (4.5594)  Time: 1.915s,   66.85/s  (1.960s,   65.32/s)  LR: 6.400e-05  Data: 0.003 (0.011)
2024-04-01 10:36:41,382 - train - INFO - Train: 1 [ 250/390 ( 64%)]  Loss:  4.539862 (4.5532)  Time: 1.990s,   64.33/s  (1.957s,   65.40/s)  LR: 6.400e-05  Data: 0.004 (0.011)
2024-04-01 10:38:18,728 - train - INFO - Train: 1 [ 300/390 ( 77%)]  Loss:  4.497178 (4.5476)  Time: 2.092s,   61.18/s  (1.956s,   65.45/s)  LR: 6.400e-05  Data: 0.011 (0.011)
2024-04-01 10:39:50,922 - train - INFO - Train: 1 [ 350/390 ( 90%)]  Loss:  4.439919 (4.5424)  Time: 1.805s,   70.90/s  (1.940s,   65.99/s)  LR: 6.400e-05  Data: 0.004 (0.011)
2024-04-01 10:40:58,383 - train - INFO - Train: 1 [ 389/390 (100%)]  Loss:  4.522001 (4.5379)  Time: 1.801s,   71.07/s  (1.919s,   66.71/s)  LR: 6.400e-05  Data: 0.000 (0.011)
2024-04-01 10:40:59,923 - train - INFO - Test: [   0/78]  Time: 1.537 (1.537)  Loss:  4.2461 (4.2461)  Acc@1:  3.9062 ( 3.9062)  Acc@5: 25.7812 (25.7812)
2024-04-01 10:42:19,915 - train - INFO - Test: [  50/78]  Time: 1.673 (1.599)  Loss:  4.3086 (4.2539)  Acc@1:  4.6875 ( 6.2347)  Acc@5: 22.6562 (23.3150)
2024-04-01 10:43:04,701 - train - INFO - Test: [  78/78]  Time: 1.538 (1.599)  Loss:  4.1758 (4.2516)  Acc@1: 12.5000 ( 6.2400)  Acc@5: 25.0000 (23.6400)
2024-04-01 10:43:07,065 - train - INFO - Train: 2 [   0/390 (  0%)]  Loss:  4.498986 (4.4990)  Time: 2.058s,   62.19/s  (2.058s,   62.19/s)  LR: 1.180e-04  Data: 0.196 (0.196)
2024-04-01 10:44:34,790 - train - INFO - Train: 2 [  50/390 ( 13%)]  Loss:  4.553539 (4.4734)  Time: 1.698s,   75.37/s  (1.760s,   72.71/s)  LR: 1.180e-04  Data: 0.004 (0.013)
2024-04-01 10:46:02,482 - train - INFO - Train: 2 [ 100/390 ( 26%)]  Loss:  4.498942 (4.4684)  Time: 1.735s,   73.76/s  (1.757s,   72.85/s)  LR: 1.180e-04  Data: 0.010 (0.011)
2024-04-01 10:47:28,382 - train - INFO - Train: 2 [ 150/390 ( 39%)]  Loss:  4.466265 (4.4591)  Time: 1.678s,   76.29/s  (1.744s,   73.39/s)  LR: 1.180e-04  Data: 0.022 (0.010)
2024-04-01 10:48:54,936 - train - INFO - Train: 2 [ 200/390 ( 51%)]  Loss:  4.461378 (4.4464)  Time: 1.807s,   70.82/s  (1.741s,   73.52/s)  LR: 1.180e-04  Data: 0.017 (0.010)
2024-04-01 10:50:21,335 - train - INFO - Train: 2 [ 250/390 ( 64%)]  Loss:  4.483866 (4.4393)  Time: 1.648s,   77.69/s  (1.738s,   73.63/s)  LR: 1.180e-04  Data: 0.003 (0.010)
2024-04-01 10:51:47,566 - train - INFO - Train: 2 [ 300/390 ( 77%)]  Loss:  4.416234 (4.4319)  Time: 1.675s,   76.41/s  (1.736s,   73.73/s)  LR: 1.180e-04  Data: 0.003 (0.010)
2024-04-01 10:53:13,779 - train - INFO - Train: 2 [ 350/390 ( 90%)]  Loss:  4.206519 (4.4241)  Time: 1.803s,   70.98/s  (1.734s,   73.80/s)  LR: 1.180e-04  Data: 0.012 (0.010)
2024-04-01 10:54:21,326 - train - INFO - Train: 2 [ 389/390 (100%)]  Loss:  4.367547 (4.4178)  Time: 1.675s,   76.43/s  (1.734s,   73.81/s)  LR: 1.180e-04  Data: 0.000 (0.010)
2024-04-01 10:54:22,866 - train - INFO - Test: [   0/78]  Time: 1.533 (1.533)  Loss:  3.9121 (3.9121)  Acc@1: 13.2812 (13.2812)  Acc@5: 36.7188 (36.7188)
2024-04-01 10:55:42,458 - train - INFO - Test: [  50/78]  Time: 1.688 (1.591)  Loss:  4.0078 (3.9194)  Acc@1:  9.3750 (11.7647)  Acc@5: 32.0312 (34.6507)
2024-04-01 10:56:27,472 - train - INFO - Test: [  78/78]  Time: 1.657 (1.597)  Loss:  3.8672 (3.9177)  Acc@1: 25.0000 (12.1900)  Acc@5: 43.7500 (35.0000)
2024-04-01 10:56:29,762 - train - INFO - Train: 3 [   0/390 (  0%)]  Loss:  4.379498 (4.3795)  Time: 1.945s,   65.82/s  (1.945s,   65.82/s)  LR: 1.720e-04  Data: 0.188 (0.188)
2024-04-01 10:58:02,912 - train - INFO - Train: 3 [  50/390 ( 13%)]  Loss:  4.386285 (4.3509)  Time: 2.040s,   62.74/s  (1.865s,   68.65/s)  LR: 1.720e-04  Data: 0.027 (0.014)
2024-04-01 10:59:43,525 - train - INFO - Train: 3 [ 100/390 ( 26%)]  Loss:  4.364348 (4.3453)  Time: 2.036s,   62.87/s  (1.938s,   66.06/s)  LR: 1.720e-04  Data: 0.003 (0.012)
2024-04-01 11:01:23,313 - train - INFO - Train: 3 [ 150/390 ( 39%)]  Loss:  4.305851 (4.3408)  Time: 1.987s,   64.42/s  (1.957s,   65.41/s)  LR: 1.720e-04  Data: 0.004 (0.011)
2024-04-01 11:03:03,834 - train - INFO - Train: 3 [ 200/390 ( 51%)]  Loss:  4.385797 (4.3317)  Time: 2.045s,   62.58/s  (1.970s,   64.97/s)  LR: 1.720e-04  Data: 0.009 (0.011)
2024-04-01 11:04:45,335 - train - INFO - Train: 3 [ 250/390 ( 64%)]  Loss:  4.157825 (4.3244)  Time: 2.118s,   60.44/s  (1.982s,   64.58/s)  LR: 1.720e-04  Data: 0.029 (0.011)
2024-04-01 11:06:23,008 - train - INFO - Train: 3 [ 300/390 ( 77%)]  Loss:  4.273612 (4.3194)  Time: 2.068s,   61.90/s  (1.977s,   64.74/s)  LR: 1.720e-04  Data: 0.024 (0.012)
2024-04-01 11:08:01,167 - train - INFO - Train: 3 [ 350/390 ( 90%)]  Loss:  4.366166 (4.3083)  Time: 2.086s,   61.36/s  (1.975s,   64.80/s)  LR: 1.720e-04  Data: 0.017 (0.011)
2024-04-01 11:09:17,812 - train - INFO - Train: 3 [ 389/390 (100%)]  Loss:  4.081403 (4.3032)  Time: 2.025s,   63.22/s  (1.974s,   64.84/s)  LR: 1.720e-04  Data: 0.000 (0.011)
2024-04-01 11:09:19,692 - train - INFO - Test: [   0/78]  Time: 1.874 (1.874)  Loss:  3.6426 (3.6426)  Acc@1: 20.3125 (20.3125)  Acc@5: 46.0938 (46.0938)
2024-04-01 11:10:50,484 - train - INFO - Test: [  50/78]  Time: 1.793 (1.817)  Loss:  3.7246 (3.6268)  Acc@1: 12.5000 (17.4020)  Acc@5: 42.9688 (45.7414)
2024-04-01 11:11:42,206 - train - INFO - Test: [  78/78]  Time: 1.727 (1.828)  Loss:  3.4512 (3.6250)  Acc@1: 25.0000 (17.6500)  Acc@5: 50.0000 (45.4900)
2024-04-01 11:11:44,566 - train - INFO - Train: 4 [   0/390 (  0%)]  Loss:  4.120764 (4.1208)  Time: 2.056s,   62.27/s  (2.056s,   62.27/s)  LR: 2.260e-04  Data: 0.132 (0.132)
2024-04-01 11:13:24,635 - train - INFO - Train: 4 [  50/390 ( 13%)]  Loss:  4.231671 (4.2454)  Time: 1.985s,   64.47/s  (2.002s,   63.93/s)  LR: 2.260e-04  Data: 0.003 (0.012)
2024-04-01 11:15:04,451 - train - INFO - Train: 4 [ 100/390 ( 26%)]  Loss:  4.382200 (4.2548)  Time: 2.009s,   63.70/s  (1.999s,   64.02/s)  LR: 2.260e-04  Data: 0.016 (0.011)
2024-04-01 11:16:43,066 - train - INFO - Train: 4 [ 150/390 ( 39%)]  Loss:  4.310647 (4.2514)  Time: 2.050s,   62.45/s  (1.990s,   64.31/s)  LR: 2.260e-04  Data: 0.004 (0.011)
2024-04-01 11:18:21,346 - train - INFO - Train: 4 [ 200/390 ( 51%)]  Loss:  4.325235 (4.2462)  Time: 2.007s,   63.78/s  (1.984s,   64.51/s)  LR: 2.260e-04  Data: 0.030 (0.011)
2024-04-01 11:19:59,338 - train - INFO - Train: 4 [ 250/390 ( 64%)]  Loss:  3.993618 (4.2398)  Time: 1.775s,   72.12/s  (1.979s,   64.67/s)  LR: 2.260e-04  Data: 0.008 (0.011)
2024-04-01 11:21:37,390 - train - INFO - Train: 4 [ 300/390 ( 77%)]  Loss:  3.969413 (4.2326)  Time: 1.935s,   66.15/s  (1.976s,   64.77/s)  LR: 2.260e-04  Data: 0.003 (0.010)
2024-04-01 11:23:17,788 - train - INFO - Train: 4 [ 350/390 ( 90%)]  Loss:  4.404082 (4.2262)  Time: 2.042s,   62.68/s  (1.981s,   64.62/s)  LR: 2.260e-04  Data: 0.004 (0.010)
2024-04-01 11:24:35,282 - train - INFO - Train: 4 [ 389/390 (100%)]  Loss:  4.061649 (4.2212)  Time: 2.122s,   60.33/s  (1.981s,   64.60/s)  LR: 2.260e-04  Data: 0.000 (0.010)
2024-04-01 11:24:37,219 - train - INFO - Test: [   0/78]  Time: 1.936 (1.936)  Loss:  3.4512 (3.4512)  Acc@1: 26.5625 (26.5625)  Acc@5: 48.4375 (48.4375)
2024-04-01 11:26:07,544 - train - INFO - Test: [  50/78]  Time: 1.745 (1.809)  Loss:  3.4883 (3.4277)  Acc@1: 16.4062 (22.2120)  Acc@5: 47.6562 (50.7353)
2024-04-01 11:26:59,226 - train - INFO - Test: [  78/78]  Time: 1.849 (1.822)  Loss:  3.2246 (3.4283)  Acc@1: 43.7500 (22.1100)  Acc@5: 56.2500 (50.5900)
2024-04-01 11:27:01,649 - train - INFO - Train: 5 [   0/390 (  0%)]  Loss:  4.046171 (4.0462)  Time: 2.099s,   60.99/s  (2.099s,   60.99/s)  LR: 2.800e-04  Data: 0.142 (0.142)
2024-04-01 11:28:41,236 - train - INFO - Train: 5 [  50/390 ( 13%)]  Loss:  4.339687 (4.1565)  Time: 2.081s,   61.50/s  (1.994s,   64.20/s)  LR: 2.800e-04  Data: 0.003 (0.011)
2024-04-01 11:30:22,229 - train - INFO - Train: 5 [ 100/390 ( 26%)]  Loss:  4.308538 (4.1483)  Time: 2.024s,   63.25/s  (2.007s,   63.79/s)  LR: 2.800e-04  Data: 0.004 (0.011)
2024-04-01 11:32:00,805 - train - INFO - Train: 5 [ 150/390 ( 39%)]  Loss:  4.224828 (4.1478)  Time: 1.904s,   67.21/s  (1.995s,   64.16/s)  LR: 2.800e-04  Data: 0.007 (0.011)
2024-04-01 11:33:40,378 - train - INFO - Train: 5 [ 200/390 ( 51%)]  Loss:  3.945058 (4.1400)  Time: 1.991s,   64.28/s  (1.994s,   64.19/s)  LR: 2.800e-04  Data: 0.011 (0.011)
2024-04-01 11:35:19,098 - train - INFO - Train: 5 [ 250/390 ( 64%)]  Loss:  4.151846 (4.1407)  Time: 1.873s,   68.33/s  (1.990s,   64.32/s)  LR: 2.800e-04  Data: 0.020 (0.010)
2024-04-01 11:36:59,166 - train - INFO - Train: 5 [ 300/390 ( 77%)]  Loss:  4.044946 (4.1470)  Time: 2.039s,   62.78/s  (1.992s,   64.26/s)  LR: 2.800e-04  Data: 0.003 (0.010)
2024-04-01 11:38:37,715 - train - INFO - Train: 5 [ 350/390 ( 90%)]  Loss:  3.976349 (4.1451)  Time: 2.006s,   63.80/s  (1.989s,   64.35/s)  LR: 2.800e-04  Data: 0.007 (0.010)
2024-04-01 11:39:55,429 - train - INFO - Train: 5 [ 389/390 (100%)]  Loss:  4.216772 (4.1414)  Time: 1.990s,   64.31/s  (1.989s,   64.34/s)  LR: 2.800e-04  Data: 0.000 (0.010)
2024-04-01 11:39:57,391 - train - INFO - Test: [   0/78]  Time: 1.959 (1.959)  Loss:  3.2500 (3.2500)  Acc@1: 29.6875 (29.6875)  Acc@5: 53.9062 (53.9062)
2024-04-01 11:41:30,221 - train - INFO - Test: [  50/78]  Time: 1.847 (1.859)  Loss:  3.3203 (3.2571)  Acc@1: 24.2188 (25.1225)  Acc@5: 51.5625 (53.8450)
2024-04-01 11:42:21,669 - train - INFO - Test: [  78/78]  Time: 1.812 (1.851)  Loss:  3.0195 (3.2575)  Acc@1: 43.7500 (24.4700)  Acc@5: 62.5000 (53.7100)
2024-04-01 11:42:24,287 - train - INFO - Train: 6 [   0/390 (  0%)]  Loss:  4.273189 (4.2732)  Time: 2.318s,   55.23/s  (2.318s,   55.23/s)  LR: 3.340e-04  Data: 0.250 (0.250)
2024-04-01 11:44:05,792 - train - INFO - Train: 6 [  50/390 ( 13%)]  Loss:  3.952636 (4.1306)  Time: 1.956s,   65.43/s  (2.036s,   62.88/s)  LR: 3.340e-04  Data: 0.013 (0.014)
2024-04-01 11:45:47,656 - train - INFO - Train: 6 [ 100/390 ( 26%)]  Loss:  4.233277 (4.1296)  Time: 1.980s,   64.63/s  (2.036s,   62.86/s)  LR: 3.340e-04  Data: 0.004 (0.012)
2024-04-01 11:47:26,266 - train - INFO - Train: 6 [ 150/390 ( 39%)]  Loss:  4.066263 (4.1129)  Time: 1.918s,   66.75/s  (2.015s,   63.52/s)  LR: 3.340e-04  Data: 0.008 (0.011)
2024-04-01 11:49:04,133 - train - INFO - Train: 6 [ 200/390 ( 51%)]  Loss:  3.814328 (4.1185)  Time: 2.057s,   62.24/s  (2.001s,   63.98/s)  LR: 3.340e-04  Data: 0.016 (0.011)
2024-04-01 11:50:42,707 - train - INFO - Train: 6 [ 250/390 ( 64%)]  Loss:  4.336531 (4.1086)  Time: 2.171s,   58.97/s  (1.995s,   64.16/s)  LR: 3.340e-04  Data: 0.025 (0.011)
2024-04-01 11:52:21,853 - train - INFO - Train: 6 [ 300/390 ( 77%)]  Loss:  3.863239 (4.1028)  Time: 1.956s,   65.45/s  (1.993s,   64.23/s)  LR: 3.340e-04  Data: 0.004 (0.011)
2024-04-01 11:54:01,660 - train - INFO - Train: 6 [ 350/390 ( 90%)]  Loss:  4.242418 (4.1027)  Time: 1.833s,   69.82/s  (1.993s,   64.21/s)  LR: 3.340e-04  Data: 0.012 (0.011)
2024-04-01 11:55:18,561 - train - INFO - Train: 6 [ 389/390 (100%)]  Loss:  4.080737 (4.0969)  Time: 2.021s,   63.33/s  (1.991s,   64.28/s)  LR: 3.340e-04  Data: 0.000 (0.011)
2024-04-01 11:55:20,502 - train - INFO - Test: [   0/78]  Time: 1.935 (1.935)  Loss:  3.1250 (3.1250)  Acc@1: 30.4688 (30.4688)  Acc@5: 56.2500 (56.2500)
2024-04-01 11:56:53,474 - train - INFO - Test: [  50/78]  Time: 1.756 (1.861)  Loss:  3.1504 (3.1313)  Acc@1: 21.0938 (26.9761)  Acc@5: 56.2500 (56.6483)
2024-04-01 11:57:45,104 - train - INFO - Test: [  78/78]  Time: 1.891 (1.855)  Loss:  2.9746 (3.1300)  Acc@1: 37.5000 (26.9200)  Acc@5: 68.7500 (56.7300)
2024-04-01 11:57:47,805 - train - INFO - Train: 7 [   0/390 (  0%)]  Loss:  3.795569 (3.7956)  Time: 2.400s,   53.33/s  (2.400s,   53.33/s)  LR: 3.880e-04  Data: 0.343 (0.343)
2024-04-01 11:59:27,164 - train - INFO - Train: 7 [  50/390 ( 13%)]  Loss:  4.101942 (4.0347)  Time: 1.896s,   67.51/s  (1.995s,   64.15/s)  LR: 3.880e-04  Data: 0.022 (0.017)
2024-04-01 12:01:07,883 - train - INFO - Train: 7 [ 100/390 ( 26%)]  Loss:  4.084526 (4.0661)  Time: 2.170s,   58.99/s  (2.005s,   63.85/s)  LR: 3.880e-04  Data: 0.026 (0.016)
2024-04-01 12:02:46,065 - train - INFO - Train: 7 [ 150/390 ( 39%)]  Loss:  4.194862 (4.0646)  Time: 1.975s,   64.80/s  (1.991s,   64.29/s)  LR: 3.880e-04  Data: 0.008 (0.014)
2024-04-01 12:04:24,419 - train - INFO - Train: 7 [ 200/390 ( 51%)]  Loss:  3.865348 (4.0784)  Time: 1.985s,   64.50/s  (1.985s,   64.48/s)  LR: 3.880e-04  Data: 0.027 (0.013)
2024-04-01 12:06:02,597 - train - INFO - Train: 7 [ 250/390 ( 64%)]  Loss:  4.266794 (4.0770)  Time: 1.976s,   64.77/s  (1.981s,   64.62/s)  LR: 3.880e-04  Data: 0.013 (0.012)
2024-04-01 12:07:41,132 - train - INFO - Train: 7 [ 300/390 ( 77%)]  Loss:  3.783055 (4.0772)  Time: 1.916s,   66.81/s  (1.979s,   64.68/s)  LR: 3.880e-04  Data: 0.011 (0.012)
2024-04-01 12:09:19,568 - train - INFO - Train: 7 [ 350/390 ( 90%)]  Loss:  3.848580 (4.0730)  Time: 1.914s,   66.87/s  (1.978s,   64.73/s)  LR: 3.880e-04  Data: 0.017 (0.012)
2024-04-01 12:10:36,816 - train - INFO - Train: 7 [ 389/390 (100%)]  Loss:  3.842507 (4.0723)  Time: 1.939s,   66.01/s  (1.978s,   64.72/s)  LR: 3.880e-04  Data: 0.000 (0.012)
2024-04-01 12:10:38,773 - train - INFO - Test: [   0/78]  Time: 1.955 (1.955)  Loss:  2.8848 (2.8848)  Acc@1: 36.7188 (36.7188)  Acc@5: 64.0625 (64.0625)
2024-04-01 12:12:10,667 - train - INFO - Test: [  50/78]  Time: 1.808 (1.840)  Loss:  3.0723 (3.0175)  Acc@1: 28.9062 (29.7181)  Acc@5: 52.3438 (59.6048)
2024-04-01 12:13:01,959 - train - INFO - Test: [  78/78]  Time: 1.878 (1.837)  Loss:  2.6152 (3.0205)  Acc@1: 56.2500 (29.4000)  Acc@5: 75.0000 (59.5100)
2024-04-01 12:13:04,365 - train - INFO - Train: 8 [   0/390 (  0%)]  Loss:  4.165418 (4.1654)  Time: 2.183s,   58.63/s  (2.183s,   58.63/s)  LR: 4.420e-04  Data: 0.185 (0.185)
2024-04-01 12:14:44,004 - train - INFO - Train: 8 [  50/390 ( 13%)]  Loss:  3.967132 (4.0229)  Time: 1.886s,   67.87/s  (1.996s,   64.11/s)  LR: 4.420e-04  Data: 0.021 (0.016)
2024-04-01 12:16:23,882 - train - INFO - Train: 8 [ 100/390 ( 26%)]  Loss:  4.167950 (4.0346)  Time: 1.906s,   67.16/s  (1.997s,   64.10/s)  LR: 4.420e-04  Data: 0.003 (0.012)
2024-04-01 12:18:01,781 - train - INFO - Train: 8 [ 150/390 ( 39%)]  Loss:  4.047475 (4.0348)  Time: 2.061s,   62.09/s  (1.984s,   64.51/s)  LR: 4.420e-04  Data: 0.006 (0.012)
2024-04-01 12:19:40,221 - train - INFO - Train: 8 [ 200/390 ( 51%)]  Loss:  4.141584 (4.0281)  Time: 1.894s,   67.59/s  (1.980s,   64.64/s)  LR: 4.420e-04  Data: 0.010 (0.012)
2024-04-01 12:21:19,401 - train - INFO - Train: 8 [ 250/390 ( 64%)]  Loss:  4.246331 (4.0236)  Time: 1.964s,   65.16/s  (1.981s,   64.62/s)  LR: 4.420e-04  Data: 0.011 (0.011)
2024-04-01 12:22:59,659 - train - INFO - Train: 8 [ 300/390 ( 77%)]  Loss:  3.795984 (4.0213)  Time: 1.931s,   66.30/s  (1.985s,   64.49/s)  LR: 4.420e-04  Data: 0.004 (0.011)
2024-04-01 12:24:39,970 - train - INFO - Train: 8 [ 350/390 ( 90%)]  Loss:  3.891609 (4.0235)  Time: 1.918s,   66.75/s  (1.988s,   64.39/s)  LR: 4.420e-04  Data: 0.013 (0.011)
2024-04-01 12:25:58,358 - train - INFO - Train: 8 [ 389/390 (100%)]  Loss:  3.729305 (4.0190)  Time: 1.942s,   65.91/s  (1.990s,   64.32/s)  LR: 4.420e-04  Data: 0.000 (0.011)
2024-04-01 12:26:00,186 - train - INFO - Test: [   0/78]  Time: 1.826 (1.826)  Loss:  2.7969 (2.7969)  Acc@1: 35.9375 (35.9375)  Acc@5: 68.7500 (68.7500)
2024-04-01 12:27:32,315 - train - INFO - Test: [  50/78]  Time: 1.917 (1.842)  Loss:  2.9688 (2.9041)  Acc@1: 30.4688 (30.7445)  Acc@5: 57.8125 (61.9638)
2024-04-01 12:28:23,974 - train - INFO - Test: [  78/78]  Time: 1.803 (1.843)  Loss:  2.4746 (2.9037)  Acc@1: 56.2500 (30.8400)  Acc@5: 81.2500 (61.8500)
2024-04-01 12:28:26,539 - train - INFO - Train: 9 [   0/390 (  0%)]  Loss:  3.906202 (3.9062)  Time: 2.239s,   57.16/s  (2.239s,   57.16/s)  LR: 4.960e-04  Data: 0.365 (0.365)
2024-04-01 12:30:06,809 - train - INFO - Train: 9 [  50/390 ( 13%)]  Loss:  3.720349 (4.0198)  Time: 2.149s,   59.57/s  (2.010s,   63.68/s)  LR: 4.960e-04  Data: 0.004 (0.015)
2024-04-01 12:31:46,504 - train - INFO - Train: 9 [ 100/390 ( 26%)]  Loss:  4.262608 (4.0216)  Time: 1.994s,   64.20/s  (2.002s,   63.94/s)  LR: 4.960e-04  Data: 0.004 (0.013)
2024-04-01 12:33:25,499 - train - INFO - Train: 9 [ 150/390 ( 39%)]  Loss:  4.154303 (4.0251)  Time: 1.889s,   67.76/s  (1.995s,   64.17/s)  LR: 4.960e-04  Data: 0.003 (0.012)
2024-04-01 12:35:04,548 - train - INFO - Train: 9 [ 200/390 ( 51%)]  Loss:  3.943377 (4.0225)  Time: 2.065s,   61.99/s  (1.991s,   64.28/s)  LR: 4.960e-04  Data: 0.012 (0.011)
2024-04-01 12:36:43,147 - train - INFO - Train: 9 [ 250/390 ( 64%)]  Loss:  3.806678 (4.0177)  Time: 1.945s,   65.81/s  (1.987s,   64.41/s)  LR: 4.960e-04  Data: 0.004 (0.011)
2024-04-01 12:38:21,596 - train - INFO - Train: 9 [ 300/390 ( 77%)]  Loss:  3.869887 (4.0079)  Time: 2.028s,   63.12/s  (1.984s,   64.51/s)  LR: 4.960e-04  Data: 0.004 (0.011)
2024-04-01 12:40:01,835 - train - INFO - Train: 9 [ 350/390 ( 90%)]  Loss:  3.999878 (4.0023)  Time: 1.971s,   64.93/s  (1.987s,   64.41/s)  LR: 4.960e-04  Data: 0.003 (0.011)
2024-04-01 12:41:18,816 - train - INFO - Train: 9 [ 389/390 (100%)]  Loss:  4.006062 (4.0066)  Time: 1.759s,   72.76/s  (1.986s,   64.45/s)  LR: 4.960e-04  Data: 0.000 (0.011)
2024-04-01 12:41:20,697 - train - INFO - Test: [   0/78]  Time: 1.879 (1.879)  Loss:  2.8477 (2.8477)  Acc@1: 35.1562 (35.1562)  Acc@5: 64.0625 (64.0625)
2024-04-01 12:42:52,983 - train - INFO - Test: [  50/78]  Time: 1.902 (1.846)  Loss:  2.8789 (2.8672)  Acc@1: 29.6875 (33.1342)  Acc@5: 64.0625 (64.3842)
2024-04-01 12:43:43,617 - train - INFO - Test: [  78/78]  Time: 1.778 (1.833)  Loss:  2.7031 (2.8721)  Acc@1: 56.2500 (32.9200)  Acc@5: 75.0000 (63.9700)
2024-04-01 12:43:46,236 - train - INFO - Train: 10 [   0/390 (  0%)]  Loss:  3.617733 (3.6177)  Time: 2.418s,   52.93/s  (2.418s,   52.93/s)  LR: 5.485e-04  Data: 0.322 (0.322)
2024-04-01 12:45:24,588 - train - INFO - Train: 10 [  50/390 ( 13%)]  Loss:  3.753552 (3.9834)  Time: 1.996s,   64.12/s  (1.976s,   64.78/s)  LR: 5.485e-04  Data: 0.010 (0.016)
2024-04-01 12:47:03,056 - train - INFO - Train: 10 [ 100/390 ( 26%)]  Loss:  3.778875 (3.9650)  Time: 2.040s,   62.75/s  (1.973s,   64.89/s)  LR: 5.485e-04  Data: 0.008 (0.013)
2024-04-01 12:48:41,707 - train - INFO - Train: 10 [ 150/390 ( 39%)]  Loss:  3.841509 (3.9604)  Time: 1.877s,   68.19/s  (1.973s,   64.88/s)  LR: 5.485e-04  Data: 0.008 (0.013)
2024-04-01 12:50:20,728 - train - INFO - Train: 10 [ 200/390 ( 51%)]  Loss:  3.931528 (3.9593)  Time: 2.007s,   63.77/s  (1.975s,   64.82/s)  LR: 5.485e-04  Data: 0.003 (0.012)
2024-04-01 12:52:00,193 - train - INFO - Train: 10 [ 250/390 ( 64%)]  Loss:  4.079105 (3.9680)  Time: 1.814s,   70.56/s  (1.978s,   64.73/s)  LR: 5.485e-04  Data: 0.003 (0.012)
2024-04-01 12:53:39,856 - train - INFO - Train: 10 [ 300/390 ( 77%)]  Loss:  3.897261 (3.9657)  Time: 2.117s,   60.45/s  (1.980s,   64.64/s)  LR: 5.485e-04  Data: 0.021 (0.012)
2024-04-01 12:55:19,046 - train - INFO - Train: 10 [ 350/390 ( 90%)]  Loss:  4.272868 (3.9653)  Time: 1.999s,   64.05/s  (1.981s,   64.63/s)  LR: 5.485e-04  Data: 0.004 (0.012)
2024-04-01 12:56:35,960 - train - INFO - Train: 10 [ 389/390 (100%)]  Loss:  3.675323 (3.9638)  Time: 1.985s,   64.49/s  (1.980s,   64.65/s)  LR: 5.485e-04  Data: 0.000 (0.012)
2024-04-01 12:56:37,822 - train - INFO - Test: [   0/78]  Time: 1.856 (1.856)  Loss:  2.6719 (2.6719)  Acc@1: 41.4062 (41.4062)  Acc@5: 70.3125 (70.3125)
2024-04-01 12:58:09,453 - train - INFO - Test: [  50/78]  Time: 1.891 (1.833)  Loss:  2.8438 (2.7734)  Acc@1: 29.6875 (33.0729)  Acc@5: 60.9375 (64.3076)
2024-04-01 12:59:00,812 - train - INFO - Test: [  78/78]  Time: 1.917 (1.833)  Loss:  2.6367 (2.7783)  Acc@1: 43.7500 (32.7100)  Acc@5: 75.0000 (64.4100)
2024-04-01 12:59:03,369 - train - INFO - Train: 11 [   0/390 (  0%)]  Loss:  4.155414 (4.1554)  Time: 2.271s,   56.35/s  (2.271s,   56.35/s)  LR: 5.482e-04  Data: 0.304 (0.304)
2024-04-01 13:00:42,601 - train - INFO - Train: 11 [  50/390 ( 13%)]  Loss:  4.147270 (3.9583)  Time: 2.055s,   62.28/s  (1.990s,   64.31/s)  LR: 5.482e-04  Data: 0.009 (0.015)
2024-04-01 13:02:23,308 - train - INFO - Train: 11 [ 100/390 ( 26%)]  Loss:  3.961468 (3.9513)  Time: 1.956s,   65.44/s  (2.002s,   63.94/s)  LR: 5.482e-04  Data: 0.017 (0.013)
2024-04-01 13:04:03,951 - train - INFO - Train: 11 [ 150/390 ( 39%)]  Loss:  4.129873 (3.9522)  Time: 1.993s,   64.22/s  (2.006s,   63.82/s)  LR: 5.482e-04  Data: 0.021 (0.011)
2024-04-01 13:05:45,304 - train - INFO - Train: 11 [ 200/390 ( 51%)]  Loss:  4.018709 (3.9322)  Time: 2.010s,   63.67/s  (2.011s,   63.65/s)  LR: 5.482e-04  Data: 0.008 (0.011)
2024-04-01 13:07:26,456 - train - INFO - Train: 11 [ 250/390 ( 64%)]  Loss:  4.067431 (3.9206)  Time: 1.978s,   64.72/s  (2.013s,   63.58/s)  LR: 5.482e-04  Data: 0.003 (0.011)
2024-04-01 13:09:05,711 - train - INFO - Train: 11 [ 300/390 ( 77%)]  Loss:  4.242857 (3.9189)  Time: 1.950s,   65.64/s  (2.009s,   63.73/s)  LR: 5.482e-04  Data: 0.003 (0.011)
2024-04-01 13:10:46,130 - train - INFO - Train: 11 [ 350/390 ( 90%)]  Loss:  3.543314 (3.9182)  Time: 1.931s,   66.28/s  (2.009s,   63.73/s)  LR: 5.482e-04  Data: 0.008 (0.011)
2024-04-01 13:12:02,531 - train - INFO - Train: 11 [ 389/390 (100%)]  Loss:  3.818372 (3.9206)  Time: 2.075s,   61.68/s  (2.004s,   63.88/s)  LR: 5.482e-04  Data: 0.000 (0.011)
2024-04-01 13:12:04,453 - train - INFO - Test: [   0/78]  Time: 1.920 (1.920)  Loss:  2.6152 (2.6152)  Acc@1: 42.9688 (42.9688)  Acc@5: 71.0938 (71.0938)
2024-04-01 13:13:34,997 - train - INFO - Test: [  50/78]  Time: 1.757 (1.813)  Loss:  2.7207 (2.6609)  Acc@1: 32.8125 (36.0754)  Acc@5: 64.8438 (67.6930)
2024-04-01 13:14:25,760 - train - INFO - Test: [  78/78]  Time: 1.871 (1.813)  Loss:  2.4512 (2.6664)  Acc@1: 56.2500 (36.1900)  Acc@5: 75.0000 (67.2200)
2024-04-01 13:14:27,966 - train - INFO - Train: 12 [   0/390 (  0%)]  Loss:  3.616888 (3.6169)  Time: 2.025s,   63.22/s  (2.025s,   63.22/s)  LR: 5.479e-04  Data: 0.208 (0.208)
2024-04-01 13:16:06,263 - train - INFO - Train: 12 [  50/390 ( 13%)]  Loss:  3.774119 (3.9107)  Time: 2.005s,   63.83/s  (1.967s,   65.07/s)  LR: 5.479e-04  Data: 0.012 (0.013)
2024-04-01 13:17:44,927 - train - INFO - Train: 12 [ 100/390 ( 26%)]  Loss:  3.929367 (3.9153)  Time: 1.977s,   64.76/s  (1.970s,   64.97/s)  LR: 5.479e-04  Data: 0.003 (0.011)
2024-04-01 13:19:23,570 - train - INFO - Train: 12 [ 150/390 ( 39%)]  Loss:  4.288154 (3.9274)  Time: 1.988s,   64.40/s  (1.971s,   64.94/s)  LR: 5.479e-04  Data: 0.021 (0.011)
2024-04-01 13:21:01,517 - train - INFO - Train: 12 [ 200/390 ( 51%)]  Loss:  3.882132 (3.9334)  Time: 2.021s,   63.33/s  (1.968s,   65.04/s)  LR: 5.479e-04  Data: 0.003 (0.011)
2024-04-01 13:22:38,917 - train - INFO - Train: 12 [ 250/390 ( 64%)]  Loss:  3.501097 (3.9112)  Time: 1.666s,   76.83/s  (1.964s,   65.18/s)  LR: 5.479e-04  Data: 0.021 (0.011)
2024-04-01 13:24:16,706 - train - INFO - Train: 12 [ 300/390 ( 77%)]  Loss:  4.157770 (3.9071)  Time: 1.911s,   66.96/s  (1.963s,   65.22/s)  LR: 5.479e-04  Data: 0.014 (0.011)
2024-04-01 13:25:55,349 - train - INFO - Train: 12 [ 350/390 ( 90%)]  Loss:  3.608358 (3.8959)  Time: 1.961s,   65.29/s  (1.964s,   65.17/s)  LR: 5.479e-04  Data: 0.004 (0.011)
2024-04-01 13:27:10,857 - train - INFO - Train: 12 [ 389/390 (100%)]  Loss:  4.015685 (3.8926)  Time: 1.936s,   66.11/s  (1.961s,   65.27/s)  LR: 5.479e-04  Data: 0.000 (0.011)
2024-04-01 13:27:12,726 - train - INFO - Test: [   0/78]  Time: 1.858 (1.858)  Loss:  2.4766 (2.4766)  Acc@1: 45.3125 (45.3125)  Acc@5: 72.6562 (72.6562)
2024-04-01 13:28:43,881 - train - INFO - Test: [  50/78]  Time: 1.812 (1.824)  Loss:  2.6953 (2.6103)  Acc@1: 35.9375 (37.0098)  Acc@5: 69.5312 (69.2708)
2024-04-01 13:29:35,122 - train - INFO - Test: [  78/78]  Time: 1.859 (1.826)  Loss:  2.3711 (2.6113)  Acc@1: 50.0000 (36.9400)  Acc@5: 68.7500 (68.9400)
2024-04-01 13:29:37,468 - train - INFO - Train: 13 [   0/390 (  0%)]  Loss:  3.523397 (3.5234)  Time: 2.181s,   58.69/s  (2.181s,   58.69/s)  LR: 5.475e-04  Data: 0.164 (0.164)
2024-04-01 13:31:14,876 - train - INFO - Train: 13 [  50/390 ( 13%)]  Loss:  4.244734 (3.8635)  Time: 1.888s,   67.79/s  (1.953s,   65.55/s)  LR: 5.475e-04  Data: 0.012 (0.013)
2024-04-01 13:32:53,426 - train - INFO - Train: 13 [ 100/390 ( 26%)]  Loss:  3.742156 (3.8580)  Time: 1.764s,   72.58/s  (1.962s,   65.25/s)  LR: 5.475e-04  Data: 0.004 (0.011)
2024-04-01 13:34:30,993 - train - INFO - Train: 13 [ 150/390 ( 39%)]  Loss:  3.915933 (3.8800)  Time: 1.884s,   67.94/s  (1.958s,   65.36/s)  LR: 5.475e-04  Data: 0.003 (0.011)
2024-04-01 13:36:07,728 - train - INFO - Train: 13 [ 200/390 ( 51%)]  Loss:  3.842772 (3.8759)  Time: 2.018s,   63.43/s  (1.952s,   65.56/s)  LR: 5.475e-04  Data: 0.017 (0.011)
2024-04-01 13:37:45,048 - train - INFO - Train: 13 [ 250/390 ( 64%)]  Loss:  3.597842 (3.8736)  Time: 2.007s,   63.78/s  (1.951s,   65.60/s)  LR: 5.475e-04  Data: 0.012 (0.011)
2024-04-01 13:39:22,358 - train - INFO - Train: 13 [ 300/390 ( 77%)]  Loss:  4.046824 (3.8727)  Time: 1.936s,   66.13/s  (1.950s,   65.63/s)  LR: 5.475e-04  Data: 0.017 (0.010)
2024-04-01 13:41:00,350 - train - INFO - Train: 13 [ 350/390 ( 90%)]  Loss:  3.958652 (3.8691)  Time: 1.996s,   64.13/s  (1.952s,   65.58/s)  LR: 5.475e-04  Data: 0.017 (0.010)
2024-04-01 13:42:17,418 - train - INFO - Train: 13 [ 389/390 (100%)]  Loss:  3.922345 (3.8659)  Time: 1.967s,   65.09/s  (1.954s,   65.50/s)  LR: 5.475e-04  Data: 0.000 (0.010)
2024-04-01 13:42:19,151 - train - INFO - Test: [   0/78]  Time: 1.721 (1.721)  Loss:  2.4082 (2.4082)  Acc@1: 42.9688 (42.9688)  Acc@5: 76.5625 (76.5625)
2024-04-01 13:43:43,263 - train - INFO - Test: [  50/78]  Time: 1.627 (1.683)  Loss:  2.6172 (2.5391)  Acc@1: 37.5000 (38.8634)  Acc@5: 67.1875 (70.0674)
2024-04-01 13:44:27,750 - train - INFO - Test: [  78/78]  Time: 1.583 (1.650)  Loss:  2.2793 (2.5482)  Acc@1: 56.2500 (38.4600)  Acc@5: 81.2500 (69.6100)
2024-04-01 13:44:29,885 - train - INFO - Train: 14 [   0/390 (  0%)]  Loss:  3.622200 (3.6222)  Time: 1.953s,   65.56/s  (1.953s,   65.56/s)  LR: 5.471e-04  Data: 0.272 (0.272)
2024-04-01 13:45:57,084 - train - INFO - Train: 14 [  50/390 ( 13%)]  Loss:  3.999420 (3.8517)  Time: 1.685s,   75.98/s  (1.748s,   73.23/s)  LR: 5.471e-04  Data: 0.004 (0.013)
2024-04-01 13:47:25,060 - train - INFO - Train: 14 [ 100/390 ( 26%)]  Loss:  4.119691 (3.8662)  Time: 1.780s,   71.89/s  (1.754s,   72.99/s)  LR: 5.471e-04  Data: 0.003 (0.011)
2024-04-01 13:48:51,972 - train - INFO - Train: 14 [ 150/390 ( 39%)]  Loss:  3.836801 (3.8695)  Time: 1.679s,   76.25/s  (1.749s,   73.20/s)  LR: 5.471e-04  Data: 0.012 (0.010)
2024-04-01 13:50:17,287 - train - INFO - Train: 14 [ 200/390 ( 51%)]  Loss:  4.113834 (3.8777)  Time: 1.707s,   74.99/s  (1.738s,   73.65/s)  LR: 5.471e-04  Data: 0.004 (0.010)
2024-04-01 13:51:44,047 - train - INFO - Train: 14 [ 250/390 ( 64%)]  Loss:  3.892334 (3.8704)  Time: 1.742s,   73.47/s  (1.737s,   73.67/s)  LR: 5.471e-04  Data: 0.016 (0.009)
2024-04-01 13:53:09,523 - train - INFO - Train: 14 [ 300/390 ( 77%)]  Loss:  3.977303 (3.8682)  Time: 1.698s,   75.37/s  (1.733s,   73.87/s)  LR: 5.471e-04  Data: 0.003 (0.009)
2024-04-01 13:54:36,696 - train - INFO - Train: 14 [ 350/390 ( 90%)]  Loss:  4.071023 (3.8624)  Time: 1.708s,   74.93/s  (1.734s,   73.80/s)  LR: 5.471e-04  Data: 0.004 (0.009)
2024-04-01 13:55:44,473 - train - INFO - Train: 14 [ 389/390 (100%)]  Loss:  3.595859 (3.8627)  Time: 1.654s,   77.40/s  (1.735s,   73.79/s)  LR: 5.471e-04  Data: 0.000 (0.009)
2024-04-01 13:55:46,061 - train - INFO - Test: [   0/78]  Time: 1.586 (1.586)  Loss:  2.3828 (2.3828)  Acc@1: 46.8750 (46.8750)  Acc@5: 75.7812 (75.7812)
2024-04-01 13:57:06,069 - train - INFO - Test: [  50/78]  Time: 1.581 (1.600)  Loss:  2.5312 (2.5042)  Acc@1: 40.6250 (39.3076)  Acc@5: 68.7500 (70.1900)
2024-04-01 13:57:50,899 - train - INFO - Test: [  78/78]  Time: 1.672 (1.600)  Loss:  2.1289 (2.5083)  Acc@1: 56.2500 (39.5100)  Acc@5: 75.0000 (69.7800)
2024-04-01 13:57:53,165 - train - INFO - Train: 15 [   0/390 (  0%)]  Loss:  3.572536 (3.5725)  Time: 1.959s,   65.33/s  (1.959s,   65.33/s)  LR: 5.467e-04  Data: 0.257 (0.257)
2024-04-01 13:59:21,365 - train - INFO - Train: 15 [  50/390 ( 13%)]  Loss:  3.630328 (3.7826)  Time: 1.822s,   70.25/s  (1.768s,   72.41/s)  LR: 5.467e-04  Data: 0.004 (0.013)
2024-04-01 14:00:51,690 - train - INFO - Train: 15 [ 100/390 ( 26%)]  Loss:  4.075673 (3.7735)  Time: 2.145s,   59.67/s  (1.787s,   71.63/s)  LR: 5.467e-04  Data: 0.017 (0.011)
2024-04-01 14:02:33,326 - train - INFO - Train: 15 [ 150/390 ( 39%)]  Loss:  3.544957 (3.8006)  Time: 2.058s,   62.18/s  (1.868s,   68.51/s)  LR: 5.467e-04  Data: 0.004 (0.011)
2024-04-01 14:04:14,503 - train - INFO - Train: 15 [ 200/390 ( 51%)]  Loss:  4.010355 (3.8087)  Time: 1.960s,   65.31/s  (1.907s,   67.12/s)  LR: 5.467e-04  Data: 0.004 (0.011)
2024-04-01 14:05:54,664 - train - INFO - Train: 15 [ 250/390 ( 64%)]  Loss:  4.005536 (3.8078)  Time: 2.080s,   61.53/s  (1.926s,   66.46/s)  LR: 5.467e-04  Data: 0.004 (0.011)
2024-04-01 14:07:35,689 - train - INFO - Train: 15 [ 300/390 ( 77%)]  Loss:  4.010216 (3.8093)  Time: 2.014s,   63.57/s  (1.942s,   65.92/s)  LR: 5.467e-04  Data: 0.030 (0.011)
2024-04-01 14:09:13,904 - train - INFO - Train: 15 [ 350/390 ( 90%)]  Loss:  3.445141 (3.8111)  Time: 1.809s,   70.75/s  (1.945s,   65.81/s)  LR: 5.467e-04  Data: 0.003 (0.010)
2024-04-01 14:10:30,033 - train - INFO - Train: 15 [ 389/390 (100%)]  Loss:  4.053878 (3.8184)  Time: 1.987s,   64.41/s  (1.946s,   65.79/s)  LR: 5.467e-04  Data: 0.000 (0.010)
2024-04-01 14:10:31,743 - train - INFO - Test: [   0/78]  Time: 1.706 (1.706)  Loss:  2.3008 (2.3008)  Acc@1: 49.2188 (49.2188)  Acc@5: 75.0000 (75.0000)
2024-04-01 14:12:03,754 - train - INFO - Test: [  50/78]  Time: 1.879 (1.838)  Loss:  2.4062 (2.4566)  Acc@1: 43.7500 (39.7825)  Acc@5: 74.2188 (71.5227)
2024-04-01 14:12:55,054 - train - INFO - Test: [  78/78]  Time: 1.863 (1.836)  Loss:  1.8857 (2.4617)  Acc@1: 68.7500 (39.8100)  Acc@5: 75.0000 (71.5100)
2024-04-01 14:12:57,757 - train - INFO - Train: 16 [   0/390 (  0%)]  Loss:  4.160877 (4.1609)  Time: 2.258s,   56.70/s  (2.258s,   56.70/s)  LR: 5.462e-04  Data: 0.196 (0.196)
2024-04-01 14:14:38,251 - train - INFO - Train: 16 [  50/390 ( 13%)]  Loss:  3.928917 (3.7649)  Time: 1.967s,   65.08/s  (2.015s,   63.53/s)  LR: 5.462e-04  Data: 0.003 (0.015)
2024-04-01 14:16:18,989 - train - INFO - Train: 16 [ 100/390 ( 26%)]  Loss:  3.817515 (3.8116)  Time: 1.943s,   65.88/s  (2.015s,   63.54/s)  LR: 5.462e-04  Data: 0.007 (0.013)
2024-04-01 14:17:57,888 - train - INFO - Train: 16 [ 150/390 ( 39%)]  Loss:  3.480609 (3.7992)  Time: 1.712s,   74.75/s  (2.002s,   63.92/s)  LR: 5.462e-04  Data: 0.004 (0.012)
2024-04-01 14:19:35,147 - train - INFO - Train: 16 [ 200/390 ( 51%)]  Loss:  3.275154 (3.7896)  Time: 1.823s,   70.20/s  (1.988s,   64.38/s)  LR: 5.462e-04  Data: 0.003 (0.011)
2024-04-01 14:21:14,205 - train - INFO - Train: 16 [ 250/390 ( 64%)]  Loss:  3.499613 (3.7923)  Time: 1.894s,   67.58/s  (1.987s,   64.43/s)  LR: 5.462e-04  Data: 0.012 (0.012)
2024-04-01 14:22:52,142 - train - INFO - Train: 16 [ 300/390 ( 77%)]  Loss:  3.548887 (3.7958)  Time: 1.997s,   64.08/s  (1.982s,   64.58/s)  LR: 5.462e-04  Data: 0.003 (0.011)
2024-04-01 14:24:32,050 - train - INFO - Train: 16 [ 350/390 ( 90%)]  Loss:  3.403864 (3.7888)  Time: 1.866s,   68.58/s  (1.984s,   64.50/s)  LR: 5.462e-04  Data: 0.019 (0.012)
2024-04-01 14:25:49,059 - train - INFO - Train: 16 [ 389/390 (100%)]  Loss:  4.077201 (3.7926)  Time: 2.104s,   60.83/s  (1.983s,   64.54/s)  LR: 5.462e-04  Data: 0.000 (0.011)
2024-04-01 14:25:50,845 - train - INFO - Test: [   0/78]  Time: 1.778 (1.778)  Loss:  2.2402 (2.2402)  Acc@1: 47.6562 (47.6562)  Acc@5: 79.6875 (79.6875)
2024-04-01 14:27:21,181 - train - INFO - Test: [  50/78]  Time: 1.706 (1.806)  Loss:  2.3555 (2.3685)  Acc@1: 44.5312 (42.6624)  Acc@5: 74.2188 (73.7898)
2024-04-01 14:28:12,609 - train - INFO - Test: [  78/78]  Time: 1.841 (1.817)  Loss:  1.8633 (2.3735)  Acc@1: 56.2500 (42.5600)  Acc@5: 87.5000 (73.3800)
2024-04-01 14:28:15,197 - train - INFO - Train: 17 [   0/390 (  0%)]  Loss:  4.087704 (4.0877)  Time: 2.115s,   60.53/s  (2.115s,   60.53/s)  LR: 5.457e-04  Data: 0.245 (0.245)
2024-04-01 14:29:53,817 - train - INFO - Train: 17 [  50/390 ( 13%)]  Loss:  3.425351 (3.7957)  Time: 1.804s,   70.96/s  (1.975s,   64.81/s)  LR: 5.457e-04  Data: 0.004 (0.016)
2024-04-01 14:31:33,317 - train - INFO - Train: 17 [ 100/390 ( 26%)]  Loss:  3.668314 (3.7917)  Time: 2.025s,   63.23/s  (1.982s,   64.57/s)  LR: 5.457e-04  Data: 0.023 (0.014)
2024-04-01 14:33:13,283 - train - INFO - Train: 17 [ 150/390 ( 39%)]  Loss:  3.792985 (3.7835)  Time: 2.032s,   62.98/s  (1.988s,   64.39/s)  LR: 5.457e-04  Data: 0.004 (0.013)
2024-04-01 14:34:53,876 - train - INFO - Train: 17 [ 200/390 ( 51%)]  Loss:  3.471434 (3.7857)  Time: 2.132s,   60.05/s  (1.994s,   64.19/s)  LR: 5.457e-04  Data: 0.029 (0.013)
2024-04-01 14:36:35,755 - train - INFO - Train: 17 [ 250/390 ( 64%)]  Loss:  4.053961 (3.7674)  Time: 2.037s,   62.85/s  (2.003s,   63.92/s)  LR: 5.457e-04  Data: 0.008 (0.012)
2024-04-01 14:38:16,605 - train - INFO - Train: 17 [ 300/390 ( 77%)]  Loss:  3.556959 (3.7729)  Time: 2.000s,   64.01/s  (2.005s,   63.84/s)  LR: 5.457e-04  Data: 0.003 (0.012)
2024-04-01 14:39:57,667 - train - INFO - Train: 17 [ 350/390 ( 90%)]  Loss:  3.642911 (3.7735)  Time: 2.077s,   61.63/s  (2.007s,   63.77/s)  LR: 5.457e-04  Data: 0.008 (0.012)
2024-04-01 14:41:15,402 - train - INFO - Train: 17 [ 389/390 (100%)]  Loss:  3.401752 (3.7695)  Time: 1.978s,   64.72/s  (2.006s,   63.81/s)  LR: 5.457e-04  Data: 0.000 (0.012)
2024-04-01 14:41:17,183 - train - INFO - Test: [   0/78]  Time: 1.778 (1.778)  Loss:  2.2188 (2.2188)  Acc@1: 46.8750 (46.8750)  Acc@5: 78.1250 (78.1250)
2024-04-01 14:42:48,951 - train - INFO - Test: [  50/78]  Time: 1.793 (1.834)  Loss:  2.3398 (2.3166)  Acc@1: 43.7500 (42.6164)  Acc@5: 71.8750 (73.7132)
2024-04-01 14:43:41,315 - train - INFO - Test: [  78/78]  Time: 1.856 (1.847)  Loss:  1.7334 (2.3199)  Acc@1: 56.2500 (42.2900)  Acc@5: 87.5000 (73.4400)
2024-04-01 14:43:44,078 - train - INFO - Train: 18 [   0/390 (  0%)]  Loss:  3.813747 (3.8137)  Time: 2.309s,   55.44/s  (2.309s,   55.44/s)  LR: 5.452e-04  Data: 0.290 (0.290)
2024-04-01 14:45:27,847 - train - INFO - Train: 18 [  50/390 ( 13%)]  Loss:  3.487166 (3.7754)  Time: 2.041s,   62.72/s  (2.080s,   61.54/s)  LR: 5.452e-04  Data: 0.011 (0.017)
2024-04-01 14:47:19,743 - train - INFO - Train: 18 [ 100/390 ( 26%)]  Loss:  3.466713 (3.7906)  Time: 2.309s,   55.43/s  (2.158s,   59.31/s)  LR: 5.452e-04  Data: 0.008 (0.015)
2024-04-01 14:49:09,925 - train - INFO - Train: 18 [ 150/390 ( 39%)]  Loss:  3.927101 (3.7744)  Time: 2.204s,   58.07/s  (2.173s,   58.90/s)  LR: 5.452e-04  Data: 0.019 (0.014)
2024-04-01 14:50:57,837 - train - INFO - Train: 18 [ 200/390 ( 51%)]  Loss:  4.055247 (3.7813)  Time: 2.407s,   53.17/s  (2.169s,   59.00/s)  LR: 5.452e-04  Data: 0.009 (0.014)
2024-04-01 14:52:44,628 - train - INFO - Train: 18 [ 250/390 ( 64%)]  Loss:  3.822317 (3.7737)  Time: 2.311s,   55.39/s  (2.163s,   59.18/s)  LR: 5.452e-04  Data: 0.012 (0.013)
2024-04-01 14:54:33,673 - train - INFO - Train: 18 [ 300/390 ( 77%)]  Loss:  4.132614 (3.7765)  Time: 2.174s,   58.88/s  (2.166s,   59.10/s)  LR: 5.452e-04  Data: 0.021 (0.013)
2024-04-01 14:56:20,741 - train - INFO - Train: 18 [ 350/390 ( 90%)]  Loss:  4.056637 (3.7655)  Time: 2.151s,   59.52/s  (2.162s,   59.20/s)  LR: 5.452e-04  Data: 0.029 (0.014)
2024-04-01 14:57:45,539 - train - INFO - Train: 18 [ 389/390 (100%)]  Loss:  3.684628 (3.7694)  Time: 2.077s,   61.62/s  (2.163s,   59.16/s)  LR: 5.452e-04  Data: 0.000 (0.013)
2024-04-01 14:57:47,655 - train - INFO - Test: [   0/78]  Time: 2.113 (2.113)  Loss:  2.2227 (2.2227)  Acc@1: 50.7812 (50.7812)  Acc@5: 79.6875 (79.6875)
2024-04-01 14:59:29,992 - train - INFO - Test: [  50/78]  Time: 1.924 (2.048)  Loss:  2.3535 (2.3278)  Acc@1: 42.9688 (42.6164)  Acc@5: 74.2188 (73.8817)
2024-04-01 15:00:24,828 - train - INFO - Test: [  78/78]  Time: 1.942 (2.016)  Loss:  1.8486 (2.3355)  Acc@1: 50.0000 (42.2800)  Acc@5: 75.0000 (73.4600)
2024-04-01 15:00:27,591 - train - INFO - Train: 19 [   0/390 (  0%)]  Loss:  3.351539 (3.3515)  Time: 2.453s,   52.19/s  (2.453s,   52.19/s)  LR: 5.447e-04  Data: 0.333 (0.333)
2024-04-01 15:02:14,443 - train - INFO - Train: 19 [  50/390 ( 13%)]  Loss:  4.114591 (3.7970)  Time: 2.130s,   60.10/s  (2.143s,   59.72/s)  LR: 5.447e-04  Data: 0.003 (0.017)
2024-04-01 15:04:00,342 - train - INFO - Train: 19 [ 100/390 ( 26%)]  Loss:  3.696491 (3.7484)  Time: 2.156s,   59.36/s  (2.131s,   60.08/s)  LR: 5.447e-04  Data: 0.008 (0.014)
2024-04-01 15:05:47,693 - train - INFO - Train: 19 [ 150/390 ( 39%)]  Loss:  3.886392 (3.7410)  Time: 2.029s,   63.08/s  (2.136s,   59.92/s)  LR: 5.447e-04  Data: 0.017 (0.013)
2024-04-01 15:07:36,860 - train - INFO - Train: 19 [ 200/390 ( 51%)]  Loss:  3.498361 (3.7462)  Time: 2.249s,   56.91/s  (2.148s,   59.60/s)  LR: 5.447e-04  Data: 0.003 (0.012)
2024-04-01 15:09:21,590 - train - INFO - Train: 19 [ 250/390 ( 64%)]  Loss:  3.806013 (3.7304)  Time: 2.193s,   58.38/s  (2.137s,   59.89/s)  LR: 5.447e-04  Data: 0.008 (0.012)
2024-04-01 15:11:06,051 - train - INFO - Train: 19 [ 300/390 ( 77%)]  Loss:  3.655289 (3.7381)  Time: 2.120s,   60.38/s  (2.129s,   60.12/s)  LR: 5.447e-04  Data: 0.011 (0.012)
2024-04-01 15:12:56,316 - train - INFO - Train: 19 [ 350/390 ( 90%)]  Loss:  3.936054 (3.7474)  Time: 2.392s,   53.51/s  (2.140s,   59.81/s)  LR: 5.447e-04  Data: 0.007 (0.012)
2024-04-01 15:14:19,288 - train - INFO - Train: 19 [ 389/390 (100%)]  Loss:  3.809960 (3.7466)  Time: 2.267s,   56.47/s  (2.139s,   59.85/s)  LR: 5.447e-04  Data: 0.000 (0.012)
2024-04-01 15:14:21,494 - train - INFO - Test: [   0/78]  Time: 2.193 (2.193)  Loss:  2.1680 (2.1680)  Acc@1: 55.4688 (55.4688)  Acc@5: 78.9062 (78.9062)
2024-04-01 15:16:01,332 - train - INFO - Test: [  50/78]  Time: 2.200 (2.001)  Loss:  2.3262 (2.2866)  Acc@1: 42.9688 (44.3627)  Acc@5: 73.4375 (74.8928)
2024-04-01 15:16:56,727 - train - INFO - Test: [  78/78]  Time: 2.056 (1.993)  Loss:  1.7588 (2.2923)  Acc@1: 62.5000 (44.1300)  Acc@5: 75.0000 (74.7800)
2024-04-01 15:16:59,549 - train - INFO - Train: 20 [   0/390 (  0%)]  Loss:  3.863327 (3.8633)  Time: 2.382s,   53.73/s  (2.382s,   53.73/s)  LR: 5.441e-04  Data: 0.336 (0.336)
2024-04-01 15:18:47,519 - train - INFO - Train: 20 [  50/390 ( 13%)]  Loss:  3.745653 (3.6855)  Time: 2.285s,   56.01/s  (2.163s,   59.16/s)  LR: 5.441e-04  Data: 0.003 (0.018)
2024-04-01 15:20:35,685 - train - INFO - Train: 20 [ 100/390 ( 26%)]  Loss:  3.888042 (3.7011)  Time: 2.350s,   54.48/s  (2.163s,   59.17/s)  LR: 5.441e-04  Data: 0.014 (0.015)
2024-04-01 15:22:20,637 - train - INFO - Train: 20 [ 150/390 ( 39%)]  Loss:  3.356629 (3.7138)  Time: 2.256s,   56.73/s  (2.142s,   59.76/s)  LR: 5.441e-04  Data: 0.004 (0.014)
2024-04-01 15:24:07,725 - train - INFO - Train: 20 [ 200/390 ( 51%)]  Loss:  3.200492 (3.7287)  Time: 2.220s,   57.65/s  (2.142s,   59.76/s)  LR: 5.441e-04  Data: 0.026 (0.013)
2024-04-01 15:25:57,337 - train - INFO - Train: 20 [ 250/390 ( 64%)]  Loss:  4.020338 (3.7355)  Time: 2.111s,   60.63/s  (2.152s,   59.48/s)  LR: 5.441e-04  Data: 0.004 (0.013)
2024-04-01 15:27:44,926 - train - INFO - Train: 20 [ 300/390 ( 77%)]  Loss:  4.000685 (3.7271)  Time: 2.139s,   59.85/s  (2.152s,   59.48/s)  LR: 5.441e-04  Data: 0.004 (0.013)
2024-04-01 15:29:33,626 - train - INFO - Train: 20 [ 350/390 ( 90%)]  Loss:  4.031028 (3.7284)  Time: 2.235s,   57.28/s  (2.155s,   59.40/s)  LR: 5.441e-04  Data: 0.008 (0.013)
2024-04-01 15:30:58,697 - train - INFO - Train: 20 [ 389/390 (100%)]  Loss:  3.728064 (3.7336)  Time: 2.021s,   63.35/s  (2.158s,   59.32/s)  LR: 5.441e-04  Data: 0.000 (0.013)
2024-04-01 15:31:00,666 - train - INFO - Test: [   0/78]  Time: 1.962 (1.962)  Loss:  2.1094 (2.1094)  Acc@1: 54.6875 (54.6875)  Acc@5: 82.0312 (82.0312)
2024-04-01 15:32:42,340 - train - INFO - Test: [  50/78]  Time: 2.127 (2.032)  Loss:  2.3477 (2.2801)  Acc@1: 43.7500 (44.1176)  Acc@5: 73.4375 (74.8468)
2024-04-01 15:33:39,647 - train - INFO - Test: [  78/78]  Time: 1.956 (2.037)  Loss:  1.8311 (2.2884)  Acc@1: 56.2500 (44.0300)  Acc@5: 75.0000 (74.7500)
2024-04-01 15:33:41,918 - train - INFO - Train: 21 [   0/390 (  0%)]  Loss:  3.334049 (3.3340)  Time: 1.940s,   65.97/s  (1.940s,   65.97/s)  LR: 5.435e-04  Data: 0.155 (0.155)
2024-04-01 15:35:29,179 - train - INFO - Train: 21 [  50/390 ( 13%)]  Loss:  3.626488 (3.7160)  Time: 2.174s,   58.89/s  (2.141s,   59.78/s)  LR: 5.435e-04  Data: 0.026 (0.013)
2024-04-01 15:37:19,747 - train - INFO - Train: 21 [ 100/390 ( 26%)]  Loss:  4.145608 (3.7309)  Time: 2.435s,   52.56/s  (2.176s,   58.83/s)  LR: 5.435e-04  Data: 0.016 (0.013)
2024-04-01 15:39:15,040 - train - INFO - Train: 21 [ 150/390 ( 39%)]  Loss:  3.833343 (3.7226)  Time: 2.248s,   56.93/s  (2.219s,   57.69/s)  LR: 5.435e-04  Data: 0.008 (0.013)
2024-04-01 15:41:05,038 - train - INFO - Train: 21 [ 200/390 ( 51%)]  Loss:  3.800447 (3.7096)  Time: 2.257s,   56.72/s  (2.214s,   57.81/s)  LR: 5.435e-04  Data: 0.021 (0.013)
2024-04-01 15:42:54,690 - train - INFO - Train: 21 [ 250/390 ( 64%)]  Loss:  3.853712 (3.6990)  Time: 2.016s,   63.48/s  (2.210s,   57.92/s)  LR: 5.435e-04  Data: 0.003 (0.013)
2024-04-01 15:44:40,948 - train - INFO - Train: 21 [ 300/390 ( 77%)]  Loss:  3.690048 (3.6921)  Time: 2.077s,   61.63/s  (2.196s,   58.29/s)  LR: 5.435e-04  Data: 0.022 (0.013)
2024-04-01 15:46:28,157 - train - INFO - Train: 21 [ 350/390 ( 90%)]  Loss:  3.951862 (3.6934)  Time: 1.840s,   69.55/s  (2.188s,   58.49/s)  LR: 5.435e-04  Data: 0.012 (0.013)
2024-04-01 15:47:49,980 - train - INFO - Train: 21 [ 389/390 (100%)]  Loss:  3.423046 (3.6836)  Time: 2.093s,   61.14/s  (2.179s,   58.73/s)  LR: 5.435e-04  Data: 0.000 (0.012)
2024-04-01 15:47:51,850 - train - INFO - Test: [   0/78]  Time: 1.865 (1.865)  Loss:  2.0625 (2.0625)  Acc@1: 52.3438 (52.3438)  Acc@5: 77.3438 (77.3438)
