2024-04-24 09:28:03,226 - train - INFO - Model vit_7_4_32 created, param count:3717072
2024-04-24 09:28:03,245 - train - INFO - Using native Torch AMP. Training in mixed precision.
2024-04-24 09:28:03,245 - train - INFO - Scheduled epochs: 11
2024-04-24 09:28:04,586 - train - INFO - Verifying teacher model
2024-04-24 09:28:05,155 - train - INFO - Test: [   0/39]  Time: 0.568 (0.568)  Loss:  0.3433 (0.3433)  Acc@1: 93.7500 (93.7500)  Acc@5: 100.0000 (100.0000)
2024-04-24 09:28:05,565 - train - INFO - Test: [  39/39]  Time: 0.064 (0.024)  Loss:  0.3740 (0.3449)  Acc@1: 93.7500 (93.5400)  Acc@5: 100.0000 (99.7600)
2024-04-24 09:28:05,566 - train - INFO - Verifying initial model in training dataset
2024-04-24 09:28:19,155 - train - INFO - len loader.dataset:50000
2024-04-24 09:28:19,262 - train - INFO - target_block_size:8
2024-04-24 09:28:19,262 - train - INFO - use cal_delta_w
2024-04-24 09:28:20,101 - train - INFO - delta_weights_b1:[0, 0, 0, 0, 0, 0, 0, 0, 0, 0, 0, 0, 0, 0, 0, 0, 0, 0, 0, 0, 0, 0, 0, 0, 0, 0, 0, 0, 0]
2024-04-24 09:28:20,101 - train - INFO - delta_weights_b2:[253.56541442871094, 18.679977416992188, 130.16915893554688, 139.87774658203125, 201.49867248535156, 55.35548782348633, 154.59852600097656, 172.1901092529297, 227.55857849121094, 68.44776153564453, 164.29185485839844, 188.94723510742188, 227.86997985839844, 70.0456314086914, 168.85874938964844, 195.6574249267578, 232.70603942871094, 61.53767776489258, 178.92343139648438, 202.72401428222656, 224.3601837158203, 60.26872253417969, 187.46463012695312, 199.905029296875, 193.3045654296875, 68.16590881347656, 96.52085876464844, 137.1251678466797, 0.766090989112854]
2024-04-24 09:28:20,101 - train - INFO - delta_weights_b4:[381.2591247558594, 27.91573715209961, 195.2269744873047, 210.1893310546875, 303.01666259765625, 83.24917602539062, 232.39425659179688, 258.23980712890625, 340.011962890625, 102.8428726196289, 247.0033416748047, 284.83489990234375, 341.3393859863281, 104.80323028564453, 251.2242889404297, 295.714599609375, 347.23565673828125, 92.48603820800781, 266.6767578125, 302.2569885253906, 337.0967102050781, 90.78305053710938, 280.4195251464844, 301.7704162597656, 289.0814514160156, 102.36676788330078, 145.20994567871094, 205.16873168945312, 0.766090989112854]
2024-04-24 09:28:20,101 - train - INFO - delta_weights_b8:[443.6914978027344, 32.55974578857422, 227.69598388671875, 245.17095947265625, 352.6262512207031, 97.29409790039062, 270.7726135253906, 300.8108215332031, 397.1199951171875, 119.49469757080078, 287.4466552734375, 332.8591003417969, 399.2112731933594, 122.46114349365234, 292.9245300292969, 345.0444641113281, 404.61474609375, 108.09025573730469, 310.2571716308594, 352.7962646484375, 393.110595703125, 105.9513931274414, 327.94012451171875, 350.9613037109375, 337.7356872558594, 119.58773040771484, 169.60269165039062, 239.55137634277344, 0.766090989112854]
2024-04-24 09:28:20,101 - train - INFO - delta_weights_b16:[474.7826843261719, 34.857791900634766, 243.25933837890625, 262.3359069824219, 377.3417053222656, 104.21695709228516, 289.5003356933594, 322.42462158203125, 426.1673889160156, 128.22421264648438, 308.0084228515625, 356.1479797363281, 426.7547302246094, 131.03208923339844, 313.9173889160156, 369.8499450683594, 433.493896484375, 116.05951690673828, 333.6957702636719, 378.7498474121094, 420.4287109375, 113.48065948486328, 351.19195556640625, 375.0498352050781, 361.9974365234375, 128.11090087890625, 182.3251495361328, 256.3788146972656, 0.766090989112854]
2024-04-24 09:28:20,246 - train - INFO - cir_idx:[1, 2, 3, 4, 5, 6, 7, 8, 9, 10, 11, 12, 13, 14, 15, 16, 17, 18, 19, 20, 21, 22, 23, 24, 25, 26, 27, 28, 29]
2024-04-24 09:28:20,246 - train - INFO - len params:29
2024-04-24 09:28:20,247 - train - INFO - params[0].shape:torch.Size([768, 256])
2024-04-24 09:28:20,256 - train - INFO - sensitivity_b2:[1.3320543360661574e-16, 5.489468065224615e-16, 3.729024433804431e-15, 3.855034137235664e-15, 4.2262568613421426e-16, 5.305421570071648e-16, 2.6079968686623352e-15, 1.1334783141920234e-15, 8.833361440989092e-16, 5.714069968496525e-16, 3.0794433368845804e-15, 8.381854763619924e-16, 9.149757892941727e-16, 4.683034995318989e-16, 2.4856194542671652e-15, 4.4347969023517434e-16, 7.812076346430045e-16, 2.327249757058588e-16, 1.7354673826627332e-15, 2.289314063026824e-16, 5.2012100477797675e-16, 1.1516236128067826e-16, 8.633723186859542e-16, 1.2508638457916685e-16, 2.674967899213911e-16, 4.921461601255723e-17, 1.5082980695881357e-16, 8.051981885127575e-17, 1.0759846823477168e-15]
2024-04-24 09:28:20,256 - train - INFO - sensitivity_b4:[2.1947753922947914e-16, 1.03906463375927e-15, 5.892982702835302e-15, 6.107512431452293e-15, 6.160166752310699e-16, 8.09506052498705e-16, 3.909507249590062e-15, 1.6718359383243852e-15, 1.2845010064347945e-15, 8.44924576369466e-16, 4.443957934253213e-15, 1.2674725737005493e-15, 1.292134149718095e-15, 6.980156055141538e-16, 3.545825606873429e-15, 6.929067792323486e-16, 1.0922472914185258e-15, 3.5402562593661135e-16, 2.5315172050635604e-15, 3.35191848354412e-16, 7.533799553477406e-16, 1.860186128473012e-16, 1.2085052104071387e-15, 1.9930312025001303e-16, 3.837380594186345e-16, 7.86473003201374e-17, 2.737990591560979e-16, 1.340333024334384e-16, 1.0759846823477168e-15]
2024-04-24 09:28:20,256 - train - INFO - sensitivity_b8:[2.529524136538671e-16, 1.3193497418298493e-15, 6.98153354247201e-15, 7.243114257243083e-15, 6.975798070627914e-16, 9.4218121701056e-16, 4.574947344381354e-15, 1.9488212177906986e-15, 1.4726666228102587e-15, 9.833599354995646e-16, 4.939508207297237e-15, 1.4737989999816193e-15, 1.4753994687354563e-15, 8.150062080021416e-16, 3.942830796284467e-15, 8.100026785035921e-16, 1.245479786741565e-15, 4.1364515165984855e-16, 2.629294876846334e-15, 3.898466228062161e-16, 8.849355540615621e-16, 2.2444266107782664e-16, 1.3545819713917735e-15, 2.3454638771003115e-16, 4.486331180956083e-16, 9.705838199187728e-17, 3.2992351518072705e-16, 1.7599062948942695e-16, 1.0759846823477168e-15]
2024-04-24 09:28:20,256 - train - INFO - sensitivity_b16:[2.7834254388516997e-16, 1.48001728060565e-15, 7.47558414368292e-15, 7.835176734846683e-15, 7.483672673054488e-16, 1.017523527119409e-15, 4.799184917606827e-15, 2.08401529946901e-15, 1.575192443657985e-15, 1.0574007794849575e-15, 5.137883323544194e-15, 1.5860829580190703e-15, 1.5534409552098497e-15, 8.682719807693467e-16, 4.0534405937016696e-15, 8.691910644566768e-16, 1.3159250817449818e-15, 4.422142230119764e-16, 2.786424994276164e-15, 4.203862369007923e-16, 9.331100235410584e-16, 2.4239848901019692e-16, 1.464001687518084e-15, 2.5414662423037726e-16, 4.80382136420186e-16, 1.0553345617241388e-16, 3.756048755288783e-16, 1.9330689460706103e-16, 1.0759846823477168e-15]
2024-04-24 09:28:20,330 - train - INFO - result:[16 16  1  1 16 16 16 16 16 16 16 16 16 16 16 16 16 16 16 16 16 16 16 16
 16 16 16 16  1]
2024-04-24 09:28:20,330 - train - INFO - origin_latency:978.8585858345032
2024-04-24 09:28:20,330 - train - INFO - current_latency-origin_latency:-78.99141359329224
