2024-04-04 09:33:42,846 - train - INFO - Training with a single process on 1 GPUs.
2024-04-04 09:33:48,573 - train - INFO - Model vit_9_12_64 created, param count:2766144
2024-04-04 09:33:48,586 - train - INFO - Using native Torch AMP. Training in mixed precision.
2024-04-04 09:33:48,586 - train - INFO - Scheduled epochs: 310
2024-04-04 09:33:49,043 - train - INFO - Verifying teacher model
2024-04-04 09:33:49,526 - train - INFO - Test: [   0/78]  Time: 0.482 (0.482)  Loss:  0.9009 (0.9009)  Acc@1: 82.0312 (82.0312)  Acc@5: 94.5312 (94.5312)
2024-04-04 09:33:50,973 - train - INFO - Test: [  50/78]  Time: 0.028 (0.038)  Loss:  1.7285 (1.6075)  Acc@1: 58.5938 (63.1127)  Acc@5: 83.5938 (84.9112)
2024-04-04 09:33:51,808 - train - INFO - Test: [  78/78]  Time: 0.076 (0.035)  Loss:  1.8408 (1.6375)  Acc@1: 56.2500 (62.6500)  Acc@5: 75.0000 (84.3200)
2024-04-04 09:33:51,808 - train - INFO - Verifying initial model
2024-04-04 09:33:52,424 - train - INFO - Test: [   0/78]  Time: 0.615 (0.615)  Loss:  5.6602 (5.6602)  Acc@1:  0.0000 ( 0.0000)  Acc@5:  0.0000 ( 0.0000)
2024-04-04 09:34:26,685 - train - INFO - Test: [  50/78]  Time: 0.773 (0.684)  Loss:  5.1641 (5.3167)  Acc@1:  0.0000 ( 1.3021)  Acc@5:  0.0000 ( 2.9871)
2024-04-04 09:34:51,299 - train - INFO - Test: [  78/78]  Time: 1.008 (0.753)  Loss:  5.1445 (5.3260)  Acc@1:  0.0000 ( 0.8600)  Acc@5:  0.0000 ( 2.6400)
2024-04-04 09:34:53,091 - train - INFO - Train: 0 [   0/781 (  0%)]  Loss:  5.351973 (5.3520)  Time: 1.789s,   71.55/s  (1.789s,   71.55/s)  LR: 1.000e-06  Data: 0.366 (0.366)
2024-04-04 09:35:56,805 - train - INFO - Train: 0 [  50/781 (  6%)]  Loss:  5.322815 (5.3361)  Time: 1.204s,  106.31/s  (1.284s,   99.66/s)  LR: 1.000e-06  Data: 0.004 (0.022)
2024-04-04 09:37:01,447 - train - INFO - Train: 0 [ 100/781 ( 13%)]  Loss:  5.324324 (5.3343)  Time: 1.225s,  104.52/s  (1.289s,   99.34/s)  LR: 1.000e-06  Data: 0.005 (0.016)
2024-04-04 09:38:03,175 - train - INFO - Train: 0 [ 150/781 ( 19%)]  Loss:  5.328904 (5.3340)  Time: 1.205s,  106.26/s  (1.271s,  100.74/s)  LR: 1.000e-06  Data: 0.015 (0.016)
2024-04-04 09:39:02,015 - train - INFO - Train: 0 [ 200/781 ( 26%)]  Loss:  5.335371 (5.3334)  Time: 1.255s,  101.96/s  (1.247s,  102.62/s)  LR: 1.000e-06  Data: 0.017 (0.016)
2024-04-04 09:40:01,426 - train - INFO - Train: 0 [ 250/781 ( 32%)]  Loss:  5.318727 (5.3318)  Time: 1.255s,  101.96/s  (1.236s,  103.60/s)  LR: 1.000e-06  Data: 0.012 (0.015)
2024-04-04 09:41:00,809 - train - INFO - Train: 0 [ 300/781 ( 38%)]  Loss:  5.310808 (5.3305)  Time: 1.316s,   97.23/s  (1.228s,  104.27/s)  LR: 1.000e-06  Data: 0.007 (0.015)
2024-04-04 09:42:00,082 - train - INFO - Train: 0 [ 350/781 ( 45%)]  Loss:  5.300293 (5.3297)  Time: 1.249s,  102.45/s  (1.222s,  104.78/s)  LR: 1.000e-06  Data: 0.009 (0.014)
2024-04-04 09:43:00,208 - train - INFO - Train: 0 [ 400/781 ( 51%)]  Loss:  5.327393 (5.3286)  Time: 1.148s,  111.52/s  (1.219s,  104.99/s)  LR: 1.000e-06  Data: 0.006 (0.014)
2024-04-04 09:43:59,325 - train - INFO - Train: 0 [ 450/781 ( 58%)]  Loss:  5.322772 (5.3278)  Time: 1.273s,  100.51/s  (1.215s,  105.34/s)  LR: 1.000e-06  Data: 0.031 (0.014)
2024-04-04 09:44:59,451 - train - INFO - Train: 0 [ 500/781 ( 64%)]  Loss:  5.318842 (5.3268)  Time: 1.081s,  118.40/s  (1.214s,  105.45/s)  LR: 1.000e-06  Data: 0.006 (0.013)
2024-04-04 09:45:58,547 - train - INFO - Train: 0 [ 550/781 ( 71%)]  Loss:  5.325871 (5.3259)  Time: 0.940s,  136.10/s  (1.211s,  105.70/s)  LR: 1.000e-06  Data: 0.042 (0.014)
2024-04-04 09:46:59,054 - train - INFO - Train: 0 [ 600/781 ( 77%)]  Loss:  5.324015 (5.3252)  Time: 1.209s,  105.90/s  (1.211s,  105.71/s)  LR: 1.000e-06  Data: 0.009 (0.013)
2024-04-04 09:47:58,625 - train - INFO - Train: 0 [ 650/781 ( 83%)]  Loss:  5.316170 (5.3243)  Time: 1.281s,   99.95/s  (1.209s,  105.84/s)  LR: 1.000e-06  Data: 0.004 (0.014)
2024-04-04 09:48:58,222 - train - INFO - Train: 0 [ 700/781 ( 90%)]  Loss:  5.315216 (5.3236)  Time: 1.316s,   97.26/s  (1.208s,  105.95/s)  LR: 1.000e-06  Data: 0.004 (0.014)
2024-04-04 09:49:58,392 - train - INFO - Train: 0 [ 750/781 ( 96%)]  Loss:  5.307209 (5.3229)  Time: 1.314s,   97.41/s  (1.208s,  105.98/s)  LR: 1.000e-06  Data: 0.023 (0.013)
2024-04-04 09:50:33,941 - train - INFO - Train: 0 [ 780/781 (100%)]  Loss:  5.310125 (5.3224)  Time: 1.299s,   98.52/s  (1.207s,  106.05/s)  LR: 1.000e-06  Data: 0.000 (0.013)
2024-04-04 09:50:34,943 - train - INFO - Test: [   0/78]  Time: 0.991 (0.991)  Loss:  5.3828 (5.3828)  Acc@1:  0.0000 ( 0.0000)  Acc@5:  0.0000 ( 0.0000)
2024-04-04 09:51:26,411 - train - INFO - Test: [  50/78]  Time: 1.139 (1.029)  Loss:  5.2305 (5.2933)  Acc@1:  0.0000 ( 1.2102)  Acc@5:  0.0000 ( 4.1207)
2024-04-04 09:51:56,668 - train - INFO - Test: [  78/78]  Time: 1.155 (1.047)  Loss:  5.1094 (5.2937)  Acc@1:  0.0000 ( 0.7900)  Acc@5:  0.0000 ( 3.3200)
2024-04-04 09:51:58,218 - train - INFO - Train: 1 [   0/781 (  0%)]  Loss:  5.317396 (5.3174)  Time: 1.471s,   87.03/s  (1.471s,   87.03/s)  LR: 5.090e-05  Data: 0.158 (0.158)
2024-04-04 09:53:00,258 - train - INFO - Train: 1 [  50/781 (  6%)]  Loss:  5.286996 (5.2968)  Time: 1.305s,   98.11/s  (1.245s,  102.80/s)  LR: 5.090e-05  Data: 0.017 (0.016)
2024-04-04 09:54:00,726 - train - INFO - Train: 1 [ 100/781 ( 13%)]  Loss:  5.263623 (5.2869)  Time: 1.229s,  104.19/s  (1.227s,  104.28/s)  LR: 5.090e-05  Data: 0.004 (0.014)
2024-04-04 09:55:06,025 - train - INFO - Train: 1 [ 150/781 ( 19%)]  Loss:  5.224627 (5.2784)  Time: 1.354s,   94.53/s  (1.253s,  102.12/s)  LR: 5.090e-05  Data: 0.012 (0.014)
2024-04-04 09:56:09,689 - train - INFO - Train: 1 [ 200/781 ( 26%)]  Loss:  5.254222 (5.2701)  Time: 1.308s,   97.89/s  (1.258s,  101.72/s)  LR: 5.090e-05  Data: 0.009 (0.013)
2024-04-04 09:57:10,740 - train - INFO - Train: 1 [ 250/781 ( 32%)]  Loss:  5.211964 (5.2628)  Time: 1.346s,   95.10/s  (1.251s,  102.33/s)  LR: 5.090e-05  Data: 0.004 (0.013)
2024-04-04 09:58:13,355 - train - INFO - Train: 1 [ 300/781 ( 38%)]  Loss:  5.228965 (5.2565)  Time: 1.283s,   99.80/s  (1.251s,  102.31/s)  LR: 5.090e-05  Data: 0.009 (0.013)
2024-04-04 09:59:14,121 - train - INFO - Train: 1 [ 350/781 ( 45%)]  Loss:  5.216495 (5.2514)  Time: 1.280s,  100.02/s  (1.246s,  102.73/s)  LR: 5.090e-05  Data: 0.004 (0.013)
2024-04-04 10:00:15,181 - train - INFO - Train: 1 [ 400/781 ( 51%)]  Loss:  5.230580 (5.2459)  Time: 1.071s,  119.54/s  (1.243s,  102.98/s)  LR: 5.090e-05  Data: 0.004 (0.013)
2024-04-04 10:01:14,327 - train - INFO - Train: 1 [ 450/781 ( 58%)]  Loss:  5.180674 (5.2401)  Time: 1.116s,  114.72/s  (1.236s,  103.54/s)  LR: 5.090e-05  Data: 0.006 (0.013)
2024-04-04 10:02:14,321 - train - INFO - Train: 1 [ 500/781 ( 64%)]  Loss:  5.140329 (5.2346)  Time: 1.254s,  102.10/s  (1.233s,  103.84/s)  LR: 5.090e-05  Data: 0.016 (0.013)
2024-04-04 10:03:14,011 - train - INFO - Train: 1 [ 550/781 ( 71%)]  Loss:  5.157343 (5.2292)  Time: 1.206s,  106.11/s  (1.229s,  104.14/s)  LR: 5.090e-05  Data: 0.021 (0.013)
2024-04-04 10:04:16,338 - train - INFO - Train: 1 [ 600/781 ( 77%)]  Loss:  5.108307 (5.2238)  Time: 1.317s,   97.19/s  (1.231s,  104.02/s)  LR: 5.090e-05  Data: 0.010 (0.013)
2024-04-04 10:05:17,633 - train - INFO - Train: 1 [ 650/781 ( 83%)]  Loss:  5.212116 (5.2189)  Time: 1.263s,  101.37/s  (1.230s,  104.05/s)  LR: 5.090e-05  Data: 0.016 (0.013)
2024-04-04 10:06:17,016 - train - INFO - Train: 1 [ 700/781 ( 90%)]  Loss:  5.207798 (5.2145)  Time: 1.212s,  105.64/s  (1.227s,  104.31/s)  LR: 5.090e-05  Data: 0.031 (0.013)
2024-04-04 10:07:16,744 - train - INFO - Train: 1 [ 750/781 ( 96%)]  Loss:  5.195276 (5.2091)  Time: 1.300s,   98.43/s  (1.225s,  104.49/s)  LR: 5.090e-05  Data: 0.011 (0.013)
2024-04-04 10:07:52,098 - train - INFO - Train: 1 [ 780/781 (100%)]  Loss:  5.171999 (5.2053)  Time: 1.216s,  105.28/s  (1.223s,  104.64/s)  LR: 5.090e-05  Data: 0.000 (0.013)
2024-04-04 10:07:53,324 - train - INFO - Test: [   0/78]  Time: 1.224 (1.224)  Loss:  4.2969 (4.2969)  Acc@1: 10.1562 (10.1562)  Acc@5: 44.5312 (44.5312)
2024-04-04 10:08:45,237 - train - INFO - Test: [  50/78]  Time: 0.939 (1.042)  Loss:  4.9844 (4.8172)  Acc@1:  3.9062 ( 5.8364)  Acc@5: 15.6250 (17.7237)
2024-04-04 10:09:15,291 - train - INFO - Test: [  78/78]  Time: 1.177 (1.053)  Loss:  4.7969 (4.7896)  Acc@1:  0.0000 ( 6.2000)  Acc@5:  6.2500 (18.7900)
2024-04-04 10:09:16,938 - train - INFO - Train: 2 [   0/781 (  0%)]  Loss:  5.114051 (5.1141)  Time: 1.474s,   86.84/s  (1.474s,   86.84/s)  LR: 1.008e-04  Data: 0.133 (0.133)
2024-04-04 10:10:19,354 - train - INFO - Train: 2 [  50/781 (  6%)]  Loss:  5.191842 (5.1203)  Time: 1.341s,   95.46/s  (1.253s,  102.18/s)  LR: 1.008e-04  Data: 0.026 (0.016)
2024-04-04 10:11:19,601 - train - INFO - Train: 2 [ 100/781 ( 13%)]  Loss:  5.138469 (5.1168)  Time: 0.947s,  135.19/s  (1.229s,  104.15/s)  LR: 1.008e-04  Data: 0.004 (0.015)
2024-04-04 10:12:19,218 - train - INFO - Train: 2 [ 150/781 ( 19%)]  Loss:  5.064956 (5.1051)  Time: 1.087s,  117.75/s  (1.217s,  105.19/s)  LR: 1.008e-04  Data: 0.021 (0.014)
2024-04-04 10:13:24,555 - train - INFO - Train: 2 [ 200/781 ( 26%)]  Loss:  5.176219 (5.0970)  Time: 1.310s,   97.70/s  (1.239s,  103.29/s)  LR: 1.008e-04  Data: 0.022 (0.015)
2024-04-04 10:14:34,821 - train - INFO - Train: 2 [ 250/781 ( 32%)]  Loss:  5.116870 (5.0897)  Time: 1.276s,  100.28/s  (1.272s,  100.61/s)  LR: 1.008e-04  Data: 0.011 (0.014)
2024-04-04 10:15:39,559 - train - INFO - Train: 2 [ 300/781 ( 38%)]  Loss:  4.981349 (5.0835)  Time: 1.328s,   96.41/s  (1.276s,  100.31/s)  LR: 1.008e-04  Data: 0.009 (0.014)
2024-04-04 10:16:41,272 - train - INFO - Train: 2 [ 350/781 ( 45%)]  Loss:  4.873059 (5.0755)  Time: 1.054s,  121.47/s  (1.270s,  100.78/s)  LR: 1.008e-04  Data: 0.026 (0.014)
2024-04-04 10:17:42,072 - train - INFO - Train: 2 [ 400/781 ( 51%)]  Loss:  5.030957 (5.0719)  Time: 0.994s,  128.83/s  (1.263s,  101.32/s)  LR: 1.008e-04  Data: 0.013 (0.014)
2024-04-04 10:18:46,377 - train - INFO - Train: 2 [ 450/781 ( 58%)]  Loss:  4.940094 (5.0667)  Time: 1.098s,  116.56/s  (1.266s,  101.12/s)  LR: 1.008e-04  Data: 0.005 (0.014)
2024-04-04 10:19:46,867 - train - INFO - Train: 2 [ 500/781 ( 64%)]  Loss:  4.896414 (5.0620)  Time: 1.388s,   92.21/s  (1.260s,  101.57/s)  LR: 1.008e-04  Data: 0.014 (0.014)
2024-04-04 10:20:47,344 - train - INFO - Train: 2 [ 550/781 ( 71%)]  Loss:  5.060887 (5.0591)  Time: 1.325s,   96.62/s  (1.256s,  101.94/s)  LR: 1.008e-04  Data: 0.012 (0.014)
2024-04-04 10:21:48,533 - train - INFO - Train: 2 [ 600/781 ( 77%)]  Loss:  5.039781 (5.0543)  Time: 1.230s,  104.08/s  (1.253s,  102.16/s)  LR: 1.008e-04  Data: 0.017 (0.014)
2024-04-04 10:22:49,676 - train - INFO - Train: 2 [ 650/781 ( 83%)]  Loss:  4.976117 (5.0495)  Time: 1.194s,  107.23/s  (1.251s,  102.34/s)  LR: 1.008e-04  Data: 0.010 (0.014)
2024-04-04 10:23:50,036 - train - INFO - Train: 2 [ 700/781 ( 90%)]  Loss:  4.869330 (5.0444)  Time: 1.290s,   99.23/s  (1.248s,  102.60/s)  LR: 1.008e-04  Data: 0.026 (0.014)
2024-04-04 10:24:52,447 - train - INFO - Train: 2 [ 750/781 ( 96%)]  Loss:  5.063441 (5.0410)  Time: 1.283s,   99.75/s  (1.248s,  102.60/s)  LR: 1.008e-04  Data: 0.009 (0.014)
2024-04-04 10:25:30,023 - train - INFO - Train: 2 [ 780/781 (100%)]  Loss:  4.794828 (5.0387)  Time: 1.332s,   96.12/s  (1.248s,  102.58/s)  LR: 1.008e-04  Data: 0.000 (0.014)
2024-04-04 10:25:31,200 - train - INFO - Test: [   0/78]  Time: 1.175 (1.175)  Loss:  3.6738 (3.6738)  Acc@1: 31.2500 (31.2500)  Acc@5: 60.9375 (60.9375)
2024-04-04 10:26:25,725 - train - INFO - Test: [  50/78]  Time: 1.030 (1.092)  Loss:  4.2734 (4.3976)  Acc@1: 14.8438 (10.9528)  Acc@5: 45.3125 (30.4688)
2024-04-04 10:26:56,232 - train - INFO - Test: [  78/78]  Time: 1.142 (1.091)  Loss:  4.8242 (4.3849)  Acc@1:  0.0000 (11.5900)  Acc@5:  0.0000 (30.9000)
2024-04-04 10:26:57,870 - train - INFO - Train: 3 [   0/781 (  0%)]  Loss:  5.019139 (5.0191)  Time: 1.458s,   87.76/s  (1.458s,   87.76/s)  LR: 1.507e-04  Data: 0.163 (0.163)
2024-04-04 10:28:01,262 - train - INFO - Train: 3 [  50/781 (  6%)]  Loss:  4.908853 (4.9860)  Time: 1.183s,  108.17/s  (1.272s,  100.66/s)  LR: 1.507e-04  Data: 0.017 (0.018)
2024-04-04 10:29:03,040 - train - INFO - Train: 3 [ 100/781 ( 13%)]  Loss:  4.853059 (4.9954)  Time: 0.991s,  129.14/s  (1.254s,  102.10/s)  LR: 1.507e-04  Data: 0.008 (0.015)
2024-04-04 10:30:03,590 - train - INFO - Train: 3 [ 150/781 ( 19%)]  Loss:  4.975576 (4.9784)  Time: 1.030s,  124.27/s  (1.240s,  103.26/s)  LR: 1.507e-04  Data: 0.022 (0.014)
2024-04-04 10:31:06,641 - train - INFO - Train: 3 [ 200/781 ( 26%)]  Loss:  4.830043 (4.9665)  Time: 1.082s,  118.33/s  (1.245s,  102.82/s)  LR: 1.507e-04  Data: 0.004 (0.014)
2024-04-04 10:32:06,555 - train - INFO - Train: 3 [ 250/781 ( 32%)]  Loss:  4.984622 (4.9644)  Time: 1.309s,   97.81/s  (1.236s,  103.59/s)  LR: 1.507e-04  Data: 0.025 (0.013)
2024-04-04 10:33:09,502 - train - INFO - Train: 3 [ 300/781 ( 38%)]  Loss:  4.831546 (4.9610)  Time: 1.242s,  103.09/s  (1.239s,  103.27/s)  LR: 1.507e-04  Data: 0.004 (0.013)
2024-04-04 10:34:12,982 - train - INFO - Train: 3 [ 350/781 ( 45%)]  Loss:  4.944351 (4.9579)  Time: 1.286s,   99.54/s  (1.244s,  102.91/s)  LR: 1.507e-04  Data: 0.010 (0.013)
2024-04-04 10:35:15,497 - train - INFO - Train: 3 [ 400/781 ( 51%)]  Loss:  4.977711 (4.9518)  Time: 1.289s,   99.27/s  (1.245s,  102.85/s)  LR: 1.507e-04  Data: 0.004 (0.013)
2024-04-04 10:36:14,683 - train - INFO - Train: 3 [ 450/781 ( 58%)]  Loss:  4.844501 (4.9495)  Time: 1.258s,  101.71/s  (1.238s,  103.41/s)  LR: 1.507e-04  Data: 0.013 (0.013)
2024-04-04 10:37:14,643 - train - INFO - Train: 3 [ 500/781 ( 64%)]  Loss:  4.908998 (4.9438)  Time: 1.185s,  108.01/s  (1.234s,  103.73/s)  LR: 1.507e-04  Data: 0.013 (0.013)
2024-04-04 10:38:15,231 - train - INFO - Train: 3 [ 550/781 ( 71%)]  Loss:  4.752305 (4.9407)  Time: 1.259s,  101.63/s  (1.232s,  103.90/s)  LR: 1.507e-04  Data: 0.017 (0.013)
2024-04-04 10:39:14,464 - train - INFO - Train: 3 [ 600/781 ( 77%)]  Loss:  4.991121 (4.9378)  Time: 1.259s,  101.71/s  (1.228s,  104.23/s)  LR: 1.507e-04  Data: 0.025 (0.013)
2024-04-04 10:40:14,255 - train - INFO - Train: 3 [ 650/781 ( 83%)]  Loss:  4.860192 (4.9345)  Time: 0.936s,  136.74/s  (1.226s,  104.44/s)  LR: 1.507e-04  Data: 0.004 (0.013)
2024-04-04 10:41:13,365 - train - INFO - Train: 3 [ 700/781 ( 90%)]  Loss:  5.050365 (4.9346)  Time: 1.097s,  116.72/s  (1.222s,  104.71/s)  LR: 1.507e-04  Data: 0.013 (0.013)
2024-04-04 10:42:14,212 - train - INFO - Train: 3 [ 750/781 ( 96%)]  Loss:  5.053540 (4.9312)  Time: 1.216s,  105.25/s  (1.222s,  104.74/s)  LR: 1.507e-04  Data: 0.017 (0.013)
2024-04-04 10:42:49,503 - train - INFO - Train: 3 [ 780/781 (100%)]  Loss:  4.929262 (4.9304)  Time: 1.194s,  107.20/s  (1.220s,  104.89/s)  LR: 1.507e-04  Data: 0.000 (0.013)
2024-04-04 10:42:50,712 - train - INFO - Test: [   0/78]  Time: 1.207 (1.207)  Loss:  3.4824 (3.4824)  Acc@1: 30.4688 (30.4688)  Acc@5: 68.7500 (68.7500)
2024-04-04 10:43:41,906 - train - INFO - Test: [  50/78]  Time: 1.156 (1.027)  Loss:  3.7188 (4.1673)  Acc@1: 29.6875 (15.2267)  Acc@5: 57.0312 (35.9222)
2024-04-04 10:44:10,587 - train - INFO - Test: [  78/78]  Time: 0.918 (1.026)  Loss:  4.2812 (4.1336)  Acc@1:  0.0000 (15.8100)  Acc@5: 31.2500 (37.5400)
2024-04-04 10:44:12,129 - train - INFO - Train: 4 [   0/781 (  0%)]  Loss:  4.960542 (4.9605)  Time: 1.431s,   89.44/s  (1.431s,   89.44/s)  LR: 2.006e-04  Data: 0.162 (0.162)
2024-04-04 10:45:13,627 - train - INFO - Train: 4 [  50/781 (  6%)]  Loss:  5.051623 (4.9002)  Time: 1.343s,   95.30/s  (1.234s,  103.74/s)  LR: 2.006e-04  Data: 0.004 (0.016)
2024-04-04 10:46:14,899 - train - INFO - Train: 4 [ 100/781 ( 13%)]  Loss:  4.750442 (4.9027)  Time: 1.299s,   98.52/s  (1.230s,  104.10/s)  LR: 2.006e-04  Data: 0.017 (0.014)
2024-04-04 10:47:13,896 - train - INFO - Train: 4 [ 150/781 ( 19%)]  Loss:  4.823751 (4.9009)  Time: 1.247s,  102.62/s  (1.213s,  105.51/s)  LR: 2.006e-04  Data: 0.017 (0.014)
2024-04-04 10:48:13,234 - train - INFO - Train: 4 [ 200/781 ( 26%)]  Loss:  4.847651 (4.8989)  Time: 1.326s,   96.51/s  (1.207s,  106.09/s)  LR: 2.006e-04  Data: 0.030 (0.014)
2024-04-04 10:49:12,707 - train - INFO - Train: 4 [ 250/781 ( 32%)]  Loss:  4.769171 (4.9054)  Time: 1.284s,   99.69/s  (1.203s,  106.39/s)  LR: 2.006e-04  Data: 0.022 (0.014)
2024-04-04 10:50:12,626 - train - INFO - Train: 4 [ 300/781 ( 38%)]  Loss:  5.086835 (4.9037)  Time: 1.311s,   97.67/s  (1.202s,  106.46/s)  LR: 2.006e-04  Data: 0.014 (0.014)
2024-04-04 10:51:11,774 - train - INFO - Train: 4 [ 350/781 ( 45%)]  Loss:  5.061999 (4.9037)  Time: 1.251s,  102.35/s  (1.200s,  106.70/s)  LR: 2.006e-04  Data: 0.005 (0.014)
2024-04-04 10:52:15,636 - train - INFO - Train: 4 [ 400/781 ( 51%)]  Loss:  4.658875 (4.8992)  Time: 1.299s,   98.56/s  (1.209s,  105.85/s)  LR: 2.006e-04  Data: 0.006 (0.014)
2024-04-04 10:53:20,088 - train - INFO - Train: 4 [ 450/781 ( 58%)]  Loss:  4.636908 (4.8957)  Time: 1.288s,   99.38/s  (1.218s,  105.08/s)  LR: 2.006e-04  Data: 0.017 (0.014)
2024-04-04 10:54:23,385 - train - INFO - Train: 4 [ 500/781 ( 64%)]  Loss:  4.948109 (4.8961)  Time: 1.189s,  107.69/s  (1.223s,  104.67/s)  LR: 2.006e-04  Data: 0.009 (0.014)
2024-04-04 10:55:23,007 - train - INFO - Train: 4 [ 550/781 ( 71%)]  Loss:  4.933026 (4.8909)  Time: 1.211s,  105.70/s  (1.220s,  104.91/s)  LR: 2.006e-04  Data: 0.015 (0.014)
2024-04-04 10:56:22,069 - train - INFO - Train: 4 [ 600/781 ( 77%)]  Loss:  4.700939 (4.8870)  Time: 1.343s,   95.33/s  (1.217s,  105.19/s)  LR: 2.006e-04  Data: 0.014 (0.014)
2024-04-04 10:57:21,664 - train - INFO - Train: 4 [ 650/781 ( 83%)]  Loss:  4.877013 (4.8824)  Time: 1.177s,  108.78/s  (1.215s,  105.35/s)  LR: 2.006e-04  Data: 0.004 (0.014)
2024-04-04 10:58:24,217 - train - INFO - Train: 4 [ 700/781 ( 90%)]  Loss:  4.932371 (4.8809)  Time: 1.191s,  107.46/s  (1.218s,  105.13/s)  LR: 2.006e-04  Data: 0.004 (0.013)
2024-04-04 10:59:23,156 - train - INFO - Train: 4 [ 750/781 ( 96%)]  Loss:  4.694109 (4.8791)  Time: 1.012s,  126.46/s  (1.215s,  105.35/s)  LR: 2.006e-04  Data: 0.009 (0.013)
2024-04-04 10:59:58,511 - train - INFO - Train: 4 [ 780/781 (100%)]  Loss:  4.725671 (4.8777)  Time: 1.108s,  115.49/s  (1.214s,  105.48/s)  LR: 2.006e-04  Data: 0.000 (0.014)
2024-04-04 10:59:59,658 - train - INFO - Test: [   0/78]  Time: 1.143 (1.143)  Loss:  3.0801 (3.0801)  Acc@1: 48.4375 (48.4375)  Acc@5: 72.6562 (72.6562)
2024-04-04 11:00:51,490 - train - INFO - Test: [  50/78]  Time: 1.083 (1.039)  Loss:  3.5273 (3.9892)  Acc@1: 25.7812 (16.8352)  Acc@5: 57.8125 (39.4301)
2024-04-04 11:01:24,137 - train - INFO - Test: [  78/78]  Time: 1.062 (1.084)  Loss:  4.0469 (3.9574)  Acc@1:  0.0000 (17.5600)  Acc@5: 37.5000 (40.6000)
2024-04-04 11:01:25,736 - train - INFO - Train: 5 [   0/781 (  0%)]  Loss:  4.680035 (4.6800)  Time: 1.510s,   84.76/s  (1.510s,   84.76/s)  LR: 2.505e-04  Data: 0.232 (0.232)
2024-04-04 11:02:27,772 - train - INFO - Train: 5 [  50/781 (  6%)]  Loss:  4.967458 (4.8705)  Time: 1.336s,   95.77/s  (1.246s,  102.73/s)  LR: 2.505e-04  Data: 0.010 (0.018)
2024-04-04 11:03:31,081 - train - INFO - Train: 5 [ 100/781 ( 13%)]  Loss:  4.802179 (4.8634)  Time: 1.275s,  100.41/s  (1.256s,  101.91/s)  LR: 2.505e-04  Data: 0.005 (0.016)
2024-04-04 11:04:33,075 - train - INFO - Train: 5 [ 150/781 ( 19%)]  Loss:  4.725816 (4.8461)  Time: 0.953s,  134.29/s  (1.251s,  102.35/s)  LR: 2.505e-04  Data: 0.004 (0.014)
2024-04-04 11:05:33,805 - train - INFO - Train: 5 [ 200/781 ( 26%)]  Loss:  4.740745 (4.8477)  Time: 1.103s,  116.09/s  (1.242s,  103.09/s)  LR: 2.505e-04  Data: 0.004 (0.014)
2024-04-04 11:06:34,575 - train - INFO - Train: 5 [ 250/781 ( 32%)]  Loss:  4.958087 (4.8441)  Time: 0.868s,  147.49/s  (1.236s,  103.52/s)  LR: 2.505e-04  Data: 0.004 (0.014)
2024-04-04 11:07:35,152 - train - INFO - Train: 5 [ 300/781 ( 38%)]  Loss:  4.867822 (4.8354)  Time: 1.048s,  122.17/s  (1.232s,  103.87/s)  LR: 2.505e-04  Data: 0.004 (0.014)
2024-04-04 11:08:36,679 - train - INFO - Train: 5 [ 350/781 ( 45%)]  Loss:  4.864485 (4.8311)  Time: 1.273s,  100.54/s  (1.232s,  103.89/s)  LR: 2.505e-04  Data: 0.009 (0.014)
2024-04-04 11:09:37,860 - train - INFO - Train: 5 [ 400/781 ( 51%)]  Loss:  4.926888 (4.8304)  Time: 1.279s,  100.10/s  (1.231s,  103.98/s)  LR: 2.505e-04  Data: 0.005 (0.013)
2024-04-04 11:10:40,219 - train - INFO - Train: 5 [ 450/781 ( 58%)]  Loss:  4.821501 (4.8304)  Time: 1.251s,  102.28/s  (1.233s,  103.83/s)  LR: 2.505e-04  Data: 0.019 (0.014)
2024-04-04 11:11:45,048 - train - INFO - Train: 5 [ 500/781 ( 64%)]  Loss:  4.692462 (4.8240)  Time: 1.341s,   95.43/s  (1.239s,  103.30/s)  LR: 2.505e-04  Data: 0.006 (0.014)
2024-04-04 11:12:49,945 - train - INFO - Train: 5 [ 550/781 ( 71%)]  Loss:  4.547997 (4.8219)  Time: 1.297s,   98.68/s  (1.244s,  102.85/s)  LR: 2.505e-04  Data: 0.004 (0.014)
2024-04-04 11:13:51,123 - train - INFO - Train: 5 [ 600/781 ( 77%)]  Loss:  4.877428 (4.8205)  Time: 1.303s,   98.23/s  (1.243s,  103.00/s)  LR: 2.505e-04  Data: 0.007 (0.014)
2024-04-04 11:14:51,499 - train - INFO - Train: 5 [ 650/781 ( 83%)]  Loss:  4.489395 (4.8184)  Time: 1.252s,  102.20/s  (1.240s,  103.22/s)  LR: 2.505e-04  Data: 0.015 (0.014)
2024-04-04 11:15:52,103 - train - INFO - Train: 5 [ 700/781 ( 90%)]  Loss:  4.814015 (4.8174)  Time: 1.324s,   96.65/s  (1.238s,  103.39/s)  LR: 2.505e-04  Data: 0.019 (0.014)
2024-04-04 11:16:53,691 - train - INFO - Train: 5 [ 750/781 ( 96%)]  Loss:  4.794763 (4.8163)  Time: 1.298s,   98.62/s  (1.238s,  103.42/s)  LR: 2.505e-04  Data: 0.004 (0.014)
2024-04-04 11:17:29,884 - train - INFO - Train: 5 [ 780/781 (100%)]  Loss:  4.979063 (4.8171)  Time: 0.821s,  155.91/s  (1.236s,  103.53/s)  LR: 2.505e-04  Data: 0.000 (0.014)
2024-04-04 11:17:31,169 - train - INFO - Test: [   0/78]  Time: 1.283 (1.283)  Loss:  2.8594 (2.8594)  Acc@1: 47.6562 (47.6562)  Acc@5: 74.2188 (74.2188)
2024-04-04 11:18:23,949 - train - INFO - Test: [  50/78]  Time: 1.113 (1.060)  Loss:  3.5723 (3.8823)  Acc@1: 25.7812 (19.4393)  Acc@5: 58.5938 (42.3100)
2024-04-04 11:18:53,705 - train - INFO - Test: [  78/78]  Time: 1.048 (1.061)  Loss:  3.6738 (3.8425)  Acc@1: 18.7500 (20.3800)  Acc@5: 43.7500 (43.9200)
2024-04-04 11:18:55,093 - train - INFO - Train: 6 [   0/781 (  0%)]  Loss:  4.734292 (4.7343)  Time: 1.298s,   98.58/s  (1.298s,   98.58/s)  LR: 3.004e-04  Data: 0.119 (0.119)
2024-04-04 11:19:58,841 - train - INFO - Train: 6 [  50/781 (  6%)]  Loss:  4.937982 (4.7683)  Time: 1.365s,   93.74/s  (1.275s,  100.36/s)  LR: 3.004e-04  Data: 0.024 (0.015)
2024-04-04 11:21:03,479 - train - INFO - Train: 6 [ 100/781 ( 13%)]  Loss:  4.901773 (4.7729)  Time: 1.328s,   96.39/s  (1.284s,   99.69/s)  LR: 3.004e-04  Data: 0.015 (0.014)
2024-04-04 11:22:05,604 - train - INFO - Train: 6 [ 150/781 ( 19%)]  Loss:  4.957249 (4.8016)  Time: 1.343s,   95.34/s  (1.270s,  100.77/s)  LR: 3.004e-04  Data: 0.009 (0.014)
2024-04-04 11:23:06,115 - train - INFO - Train: 6 [ 200/781 ( 26%)]  Loss:  4.618521 (4.8078)  Time: 1.219s,  105.00/s  (1.255s,  101.97/s)  LR: 3.004e-04  Data: 0.004 (0.013)
2024-04-04 11:24:07,333 - train - INFO - Train: 6 [ 250/781 ( 32%)]  Loss:  4.601603 (4.8015)  Time: 1.319s,   97.01/s  (1.249s,  102.47/s)  LR: 3.004e-04  Data: 0.009 (0.013)
2024-04-04 11:25:07,684 - train - INFO - Train: 6 [ 300/781 ( 38%)]  Loss:  4.897413 (4.7981)  Time: 1.282s,   99.86/s  (1.242s,  103.05/s)  LR: 3.004e-04  Data: 0.017 (0.013)
2024-04-04 11:26:08,437 - train - INFO - Train: 6 [ 350/781 ( 45%)]  Loss:  4.507852 (4.7961)  Time: 1.269s,  100.86/s  (1.238s,  103.37/s)  LR: 3.004e-04  Data: 0.004 (0.013)
2024-04-04 11:27:09,307 - train - INFO - Train: 6 [ 400/781 ( 51%)]  Loss:  4.728251 (4.7980)  Time: 1.205s,  106.27/s  (1.236s,  103.59/s)  LR: 3.004e-04  Data: 0.017 (0.013)
2024-04-04 11:28:10,297 - train - INFO - Train: 6 [ 450/781 ( 58%)]  Loss:  4.806331 (4.7993)  Time: 0.995s,  128.60/s  (1.234s,  103.74/s)  LR: 3.004e-04  Data: 0.009 (0.013)
2024-04-04 11:29:11,160 - train - INFO - Train: 6 [ 500/781 ( 64%)]  Loss:  4.940334 (4.7961)  Time: 1.228s,  104.22/s  (1.232s,  103.88/s)  LR: 3.004e-04  Data: 0.009 (0.013)
2024-04-04 11:30:15,119 - train - INFO - Train: 6 [ 550/781 ( 71%)]  Loss:  4.353130 (4.7933)  Time: 1.358s,   94.24/s  (1.236s,  103.52/s)  LR: 3.004e-04  Data: 0.036 (0.013)
2024-04-04 11:31:19,734 - train - INFO - Train: 6 [ 600/781 ( 77%)]  Loss:  4.747397 (4.7953)  Time: 1.253s,  102.14/s  (1.241s,  103.13/s)  LR: 3.004e-04  Data: 0.012 (0.013)
2024-04-04 11:32:28,203 - train - INFO - Train: 6 [ 650/781 ( 83%)]  Loss:  4.545152 (4.7928)  Time: 1.205s,  106.20/s  (1.251s,  102.32/s)  LR: 3.004e-04  Data: 0.004 (0.013)
2024-04-04 11:33:28,321 - train - INFO - Train: 6 [ 700/781 ( 90%)]  Loss:  4.874526 (4.7867)  Time: 0.963s,  132.96/s  (1.248s,  102.60/s)  LR: 3.004e-04  Data: 0.004 (0.013)
2024-04-04 11:34:29,008 - train - INFO - Train: 6 [ 750/781 ( 96%)]  Loss:  4.518498 (4.7855)  Time: 1.064s,  120.26/s  (1.245s,  102.79/s)  LR: 3.004e-04  Data: 0.004 (0.013)
2024-04-04 11:35:04,817 - train - INFO - Train: 6 [ 780/781 (100%)]  Loss:  4.813972 (4.7851)  Time: 1.059s,  120.85/s  (1.243s,  102.95/s)  LR: 3.004e-04  Data: 0.000 (0.013)
2024-04-04 11:35:05,991 - train - INFO - Test: [   0/78]  Time: 1.172 (1.172)  Loss:  2.9473 (2.9473)  Acc@1: 44.5312 (44.5312)  Acc@5: 65.6250 (65.6250)
2024-04-04 11:35:59,250 - train - INFO - Test: [  50/78]  Time: 1.190 (1.067)  Loss:  3.6230 (3.7790)  Acc@1: 20.3125 (20.3891)  Acc@5: 50.0000 (43.9185)
2024-04-04 11:36:28,294 - train - INFO - Test: [  78/78]  Time: 0.681 (1.057)  Loss:  3.5117 (3.7220)  Acc@1: 25.0000 (21.5000)  Acc@5: 50.0000 (45.5500)
2024-04-04 11:36:29,810 - train - INFO - Train: 7 [   0/781 (  0%)]  Loss:  4.916789 (4.9168)  Time: 1.416s,   90.39/s  (1.416s,   90.39/s)  LR: 3.503e-04  Data: 0.156 (0.156)
2024-04-04 11:37:30,498 - train - INFO - Train: 7 [  50/781 (  6%)]  Loss:  4.941857 (4.7660)  Time: 1.216s,  105.28/s  (1.218s,  105.11/s)  LR: 3.503e-04  Data: 0.016 (0.014)
2024-04-04 11:38:33,776 - train - INFO - Train: 7 [ 100/781 ( 13%)]  Loss:  4.916271 (4.7507)  Time: 1.224s,  104.53/s  (1.241s,  103.11/s)  LR: 3.503e-04  Data: 0.004 (0.015)
2024-04-04 11:39:35,400 - train - INFO - Train: 7 [ 150/781 ( 19%)]  Loss:  5.018620 (4.7694)  Time: 1.306s,   97.99/s  (1.238s,  103.36/s)  LR: 3.503e-04  Data: 0.032 (0.014)
2024-04-04 11:40:34,694 - train - INFO - Train: 7 [ 200/781 ( 26%)]  Loss:  4.938199 (4.7592)  Time: 1.105s,  115.80/s  (1.225s,  104.46/s)  LR: 3.503e-04  Data: 0.022 (0.014)
2024-04-04 11:41:35,016 - train - INFO - Train: 7 [ 250/781 ( 32%)]  Loss:  4.758946 (4.7600)  Time: 1.013s,  126.36/s  (1.222s,  104.78/s)  LR: 3.503e-04  Data: 0.017 (0.014)
2024-04-04 11:42:36,067 - train - INFO - Train: 7 [ 300/781 ( 38%)]  Loss:  4.719221 (4.7534)  Time: 1.210s,  105.79/s  (1.221s,  104.79/s)  LR: 3.503e-04  Data: 0.004 (0.013)
2024-04-04 11:43:37,399 - train - INFO - Train: 7 [ 350/781 ( 45%)]  Loss:  4.878462 (4.7524)  Time: 1.367s,   93.61/s  (1.222s,  104.73/s)  LR: 3.503e-04  Data: 0.015 (0.013)
2024-04-04 11:44:38,692 - train - INFO - Train: 7 [ 400/781 ( 51%)]  Loss:  4.537184 (4.7529)  Time: 1.261s,  101.47/s  (1.223s,  104.69/s)  LR: 3.503e-04  Data: 0.026 (0.013)
2024-04-04 11:45:39,615 - train - INFO - Train: 7 [ 450/781 ( 58%)]  Loss:  4.528448 (4.7565)  Time: 1.290s,   99.20/s  (1.222s,  104.73/s)  LR: 3.503e-04  Data: 0.021 (0.013)
2024-04-04 11:46:39,794 - train - INFO - Train: 7 [ 500/781 ( 64%)]  Loss:  4.869534 (4.7514)  Time: 1.233s,  103.81/s  (1.220s,  104.89/s)  LR: 3.503e-04  Data: 0.004 (0.013)
2024-04-04 11:47:41,820 - train - INFO - Train: 7 [ 550/781 ( 71%)]  Loss:  4.821685 (4.7518)  Time: 1.206s,  106.12/s  (1.222s,  104.73/s)  LR: 3.503e-04  Data: 0.004 (0.014)
2024-04-04 11:48:44,105 - train - INFO - Train: 7 [ 600/781 ( 77%)]  Loss:  5.026966 (4.7482)  Time: 1.297s,   98.70/s  (1.224s,  104.57/s)  LR: 3.503e-04  Data: 0.032 (0.014)
2024-04-04 11:49:49,894 - train - INFO - Train: 7 [ 650/781 ( 83%)]  Loss:  4.848365 (4.7502)  Time: 1.292s,   99.08/s  (1.231s,  103.97/s)  LR: 3.503e-04  Data: 0.023 (0.014)
2024-04-04 11:50:55,433 - train - INFO - Train: 7 [ 700/781 ( 90%)]  Loss:  4.609162 (4.7481)  Time: 1.327s,   96.47/s  (1.237s,  103.49/s)  LR: 3.503e-04  Data: 0.006 (0.014)
2024-04-04 11:51:59,017 - train - INFO - Train: 7 [ 750/781 ( 96%)]  Loss:  4.913210 (4.7520)  Time: 1.176s,  108.84/s  (1.239s,  103.30/s)  LR: 3.503e-04  Data: 0.015 (0.013)
2024-04-04 11:52:36,193 - train - INFO - Train: 7 [ 780/781 (100%)]  Loss:  4.286069 (4.7510)  Time: 1.249s,  102.45/s  (1.239s,  103.30/s)  LR: 3.503e-04  Data: 0.000 (0.013)
2024-04-04 11:52:37,445 - train - INFO - Test: [   0/78]  Time: 1.243 (1.243)  Loss:  2.5312 (2.5312)  Acc@1: 54.6875 (54.6875)  Acc@5: 78.9062 (78.9062)
2024-04-04 11:53:30,512 - train - INFO - Test: [  50/78]  Time: 1.192 (1.065)  Loss:  3.5234 (3.6853)  Acc@1: 21.8750 (21.5227)  Acc@5: 53.9062 (46.7831)
2024-04-04 11:54:00,057 - train - INFO - Test: [  78/78]  Time: 1.178 (1.061)  Loss:  3.7500 (3.6298)  Acc@1: 12.5000 (22.3900)  Acc@5: 43.7500 (48.1700)
2024-04-04 11:54:01,569 - train - INFO - Train: 8 [   0/781 (  0%)]  Loss:  4.580013 (4.5800)  Time: 1.427s,   89.72/s  (1.427s,   89.72/s)  LR: 4.002e-04  Data: 0.154 (0.154)
2024-04-04 11:55:02,465 - train - INFO - Train: 8 [  50/781 (  6%)]  Loss:  4.957935 (4.6824)  Time: 1.325s,   96.59/s  (1.222s,  104.75/s)  LR: 4.002e-04  Data: 0.008 (0.015)
2024-04-04 11:56:05,376 - train - INFO - Train: 8 [ 100/781 ( 13%)]  Loss:  4.845122 (4.7021)  Time: 1.338s,   95.65/s  (1.240s,  103.24/s)  LR: 4.002e-04  Data: 0.005 (0.014)
2024-04-04 11:57:07,211 - train - INFO - Train: 8 [ 150/781 ( 19%)]  Loss:  5.001279 (4.7034)  Time: 1.215s,  105.33/s  (1.239s,  103.32/s)  LR: 4.002e-04  Data: 0.017 (0.014)
2024-04-04 11:58:08,354 - train - INFO - Train: 8 [ 200/781 ( 26%)]  Loss:  4.327093 (4.7077)  Time: 0.967s,  132.36/s  (1.235s,  103.66/s)  LR: 4.002e-04  Data: 0.014 (0.014)
2024-04-04 11:59:09,125 - train - INFO - Train: 8 [ 250/781 ( 32%)]  Loss:  4.932075 (4.7043)  Time: 1.161s,  110.23/s  (1.231s,  103.98/s)  LR: 4.002e-04  Data: 0.010 (0.014)
2024-04-04 12:00:09,968 - train - INFO - Train: 8 [ 300/781 ( 38%)]  Loss:  4.636934 (4.7046)  Time: 1.306s,   97.98/s  (1.229s,  104.18/s)  LR: 4.002e-04  Data: 0.009 (0.014)
2024-04-04 12:01:10,707 - train - INFO - Train: 8 [ 350/781 ( 45%)]  Loss:  4.497190 (4.7060)  Time: 1.335s,   95.90/s  (1.227s,  104.35/s)  LR: 4.002e-04  Data: 0.004 (0.014)
2024-04-04 12:02:11,329 - train - INFO - Train: 8 [ 400/781 ( 51%)]  Loss:  4.408666 (4.6969)  Time: 1.346s,   95.07/s  (1.225s,  104.50/s)  LR: 4.002e-04  Data: 0.004 (0.014)
2024-04-04 12:03:13,061 - train - INFO - Train: 8 [ 450/781 ( 58%)]  Loss:  4.826609 (4.6991)  Time: 1.322s,   96.79/s  (1.226s,  104.41/s)  LR: 4.002e-04  Data: 0.018 (0.014)
2024-04-04 12:04:12,543 - train - INFO - Train: 8 [ 500/781 ( 64%)]  Loss:  4.974190 (4.7017)  Time: 1.252s,  102.22/s  (1.222s,  104.72/s)  LR: 4.002e-04  Data: 0.017 (0.013)
2024-04-04 12:05:11,304 - train - INFO - Train: 8 [ 550/781 ( 71%)]  Loss:  4.872450 (4.7017)  Time: 0.907s,  141.08/s  (1.218s,  105.09/s)  LR: 4.002e-04  Data: 0.007 (0.013)
2024-04-04 12:06:13,795 - train - INFO - Train: 8 [ 600/781 ( 77%)]  Loss:  4.793239 (4.7055)  Time: 1.085s,  117.98/s  (1.221s,  104.86/s)  LR: 4.002e-04  Data: 0.015 (0.013)
2024-04-04 12:07:13,190 - train - INFO - Train: 8 [ 650/781 ( 83%)]  Loss:  4.424056 (4.7056)  Time: 1.046s,  122.42/s  (1.218s,  105.08/s)  LR: 4.002e-04  Data: 0.004 (0.013)
2024-04-04 12:08:12,504 - train - INFO - Train: 8 [ 700/781 ( 90%)]  Loss:  4.867580 (4.7074)  Time: 1.218s,  105.10/s  (1.216s,  105.27/s)  LR: 4.002e-04  Data: 0.004 (0.013)
2024-04-04 12:09:15,896 - train - INFO - Train: 8 [ 750/781 ( 96%)]  Loss:  4.523134 (4.7075)  Time: 1.243s,  102.95/s  (1.219s,  104.98/s)  LR: 4.002e-04  Data: 0.017 (0.013)
2024-04-04 12:09:54,696 - train - INFO - Train: 8 [ 780/781 (100%)]  Loss:  4.400943 (4.7063)  Time: 1.200s,  106.66/s  (1.222s,  104.73/s)  LR: 4.002e-04  Data: 0.000 (0.013)
2024-04-04 12:09:55,868 - train - INFO - Test: [   0/78]  Time: 1.169 (1.169)  Loss:  2.4961 (2.4961)  Acc@1: 52.3438 (52.3438)  Acc@5: 71.0938 (71.0938)
2024-04-04 12:10:51,625 - train - INFO - Test: [  50/78]  Time: 1.151 (1.116)  Loss:  3.2773 (3.5241)  Acc@1: 34.3750 (25.1532)  Acc@5: 60.1562 (49.4332)
2024-04-04 12:11:20,411 - train - INFO - Test: [  78/78]  Time: 0.634 (1.085)  Loss:  3.4805 (3.4922)  Acc@1: 18.7500 (25.3400)  Acc@5: 43.7500 (50.3100)
2024-04-04 12:11:21,909 - train - INFO - Train: 9 [   0/781 (  0%)]  Loss:  4.916245 (4.9162)  Time: 1.405s,   91.12/s  (1.405s,   91.12/s)  LR: 4.501e-04  Data: 0.109 (0.109)
2024-04-04 12:12:21,660 - train - INFO - Train: 9 [  50/781 (  6%)]  Loss:  4.959794 (4.6949)  Time: 1.281s,   99.93/s  (1.199s,  106.75/s)  LR: 4.501e-04  Data: 0.021 (0.013)
2024-04-04 12:13:22,347 - train - INFO - Train: 9 [ 100/781 ( 13%)]  Loss:  4.886796 (4.7066)  Time: 1.264s,  101.23/s  (1.206s,  106.11/s)  LR: 4.501e-04  Data: 0.009 (0.014)
2024-04-04 12:14:24,388 - train - INFO - Train: 9 [ 150/781 ( 19%)]  Loss:  4.502539 (4.7076)  Time: 1.219s,  105.02/s  (1.218s,  105.11/s)  LR: 4.501e-04  Data: 0.008 (0.014)
2024-04-04 12:15:23,428 - train - INFO - Train: 9 [ 200/781 ( 26%)]  Loss:  4.952374 (4.7173)  Time: 1.222s,  104.78/s  (1.209s,  105.91/s)  LR: 4.501e-04  Data: 0.017 (0.013)
2024-04-04 12:16:25,030 - train - INFO - Train: 9 [ 250/781 ( 32%)]  Loss:  4.877424 (4.7206)  Time: 1.293s,   98.97/s  (1.213s,  105.51/s)  LR: 4.501e-04  Data: 0.019 (0.013)
2024-04-04 12:17:26,788 - train - INFO - Train: 9 [ 300/781 ( 38%)]  Loss:  4.412432 (4.7117)  Time: 1.304s,   98.13/s  (1.217s,  105.19/s)  LR: 4.501e-04  Data: 0.021 (0.013)
2024-04-04 12:18:27,026 - train - INFO - Train: 9 [ 350/781 ( 45%)]  Loss:  4.385283 (4.7062)  Time: 1.309s,   97.77/s  (1.215s,  105.34/s)  LR: 4.501e-04  Data: 0.027 (0.013)
2024-04-04 12:19:27,134 - train - INFO - Train: 9 [ 400/781 ( 51%)]  Loss:  4.805140 (4.6984)  Time: 0.827s,  154.76/s  (1.213s,  105.48/s)  LR: 4.501e-04  Data: 0.005 (0.013)
2024-04-04 12:20:26,653 - train - INFO - Train: 9 [ 450/781 ( 58%)]  Loss:  4.584286 (4.6979)  Time: 1.001s,  127.86/s  (1.211s,  105.71/s)  LR: 4.501e-04  Data: 0.004 (0.013)
2024-04-04 12:21:26,061 - train - INFO - Train: 9 [ 500/781 ( 64%)]  Loss:  4.929230 (4.6923)  Time: 1.002s,  127.71/s  (1.209s,  105.90/s)  LR: 4.501e-04  Data: 0.008 (0.013)
2024-04-04 12:22:26,477 - train - INFO - Train: 9 [ 550/781 ( 71%)]  Loss:  4.466367 (4.6906)  Time: 1.298s,   98.64/s  (1.209s,  105.91/s)  LR: 4.501e-04  Data: 0.009 (0.013)
2024-04-04 12:23:25,153 - train - INFO - Train: 9 [ 600/781 ( 77%)]  Loss:  4.548335 (4.6952)  Time: 1.067s,  120.00/s  (1.206s,  106.16/s)  LR: 4.501e-04  Data: 0.005 (0.013)
2024-04-04 12:24:25,021 - train - INFO - Train: 9 [ 650/781 ( 83%)]  Loss:  4.557175 (4.6924)  Time: 1.289s,   99.32/s  (1.205s,  106.22/s)  LR: 4.501e-04  Data: 0.004 (0.012)
2024-04-04 12:25:25,073 - train - INFO - Train: 9 [ 700/781 ( 90%)]  Loss:  4.363421 (4.6895)  Time: 1.275s,  100.36/s  (1.205s,  106.25/s)  LR: 4.501e-04  Data: 0.004 (0.012)
2024-04-04 12:26:24,401 - train - INFO - Train: 9 [ 750/781 ( 96%)]  Loss:  4.396235 (4.6894)  Time: 1.236s,  103.52/s  (1.204s,  106.35/s)  LR: 4.501e-04  Data: 0.004 (0.012)
2024-04-04 12:26:59,497 - train - INFO - Train: 9 [ 780/781 (100%)]  Loss:  4.487450 (4.6915)  Time: 1.251s,  102.36/s  (1.202s,  106.47/s)  LR: 4.501e-04  Data: 0.000 (0.012)
2024-04-04 12:27:00,750 - train - INFO - Test: [   0/78]  Time: 1.248 (1.248)  Loss:  2.4707 (2.4707)  Acc@1: 57.0312 (57.0312)  Acc@5: 77.3438 (77.3438)
2024-04-04 12:27:57,831 - train - INFO - Test: [  50/78]  Time: 1.114 (1.144)  Loss:  3.2559 (3.5421)  Acc@1: 32.8125 (24.4179)  Acc@5: 60.1562 (50.7812)
2024-04-04 12:28:29,203 - train - INFO - Test: [  78/78]  Time: 1.150 (1.135)  Loss:  3.7891 (3.5196)  Acc@1: 18.7500 (24.9700)  Acc@5: 31.2500 (51.3700)
2024-04-04 12:28:30,759 - train - INFO - Train: 10 [   0/781 (  0%)]  Loss:  4.450670 (4.4507)  Time: 1.397s,   91.64/s  (1.397s,   91.64/s)  LR: 4.987e-04  Data: 0.183 (0.183)
2024-04-04 12:29:34,618 - train - INFO - Train: 10 [  50/781 (  6%)]  Loss:  4.680569 (4.6590)  Time: 1.256s,  101.95/s  (1.280s,  100.04/s)  LR: 4.987e-04  Data: 0.013 (0.017)
2024-04-04 12:30:35,975 - train - INFO - Train: 10 [ 100/781 ( 13%)]  Loss:  4.374413 (4.6520)  Time: 1.307s,   97.95/s  (1.254s,  102.11/s)  LR: 4.987e-04  Data: 0.008 (0.015)
2024-04-04 12:31:37,920 - train - INFO - Train: 10 [ 150/781 ( 19%)]  Loss:  4.804701 (4.6616)  Time: 1.229s,  104.18/s  (1.249s,  102.51/s)  LR: 4.987e-04  Data: 0.015 (0.015)
2024-04-04 12:32:37,799 - train - INFO - Train: 10 [ 200/781 ( 26%)]  Loss:  4.517267 (4.6569)  Time: 1.327s,   96.48/s  (1.236s,  103.57/s)  LR: 4.987e-04  Data: 0.016 (0.014)
2024-04-04 12:33:37,129 - train - INFO - Train: 10 [ 250/781 ( 32%)]  Loss:  4.414546 (4.6531)  Time: 1.252s,  102.22/s  (1.226s,  104.40/s)  LR: 4.987e-04  Data: 0.025 (0.013)
2024-04-04 12:34:37,115 - train - INFO - Train: 10 [ 300/781 ( 38%)]  Loss:  4.552594 (4.6562)  Time: 1.197s,  106.95/s  (1.222s,  104.78/s)  LR: 4.987e-04  Data: 0.016 (0.013)
2024-04-04 12:35:37,541 - train - INFO - Train: 10 [ 350/781 ( 45%)]  Loss:  4.931818 (4.6615)  Time: 1.238s,  103.38/s  (1.220s,  104.94/s)  LR: 4.987e-04  Data: 0.017 (0.013)
2024-04-04 12:36:37,717 - train - INFO - Train: 10 [ 400/781 ( 51%)]  Loss:  4.697762 (4.6648)  Time: 1.161s,  110.25/s  (1.218s,  105.11/s)  LR: 4.987e-04  Data: 0.004 (0.013)
2024-04-04 12:37:39,993 - train - INFO - Train: 10 [ 450/781 ( 58%)]  Loss:  4.643280 (4.6681)  Time: 1.112s,  115.15/s  (1.221s,  104.85/s)  LR: 4.987e-04  Data: 0.004 (0.013)
2024-04-04 12:38:39,942 - train - INFO - Train: 10 [ 500/781 ( 64%)]  Loss:  4.338328 (4.6647)  Time: 1.272s,  100.65/s  (1.219s,  105.04/s)  LR: 4.987e-04  Data: 0.017 (0.013)
2024-04-04 12:39:42,791 - train - INFO - Train: 10 [ 550/781 ( 71%)]  Loss:  4.532044 (4.6642)  Time: 1.160s,  110.32/s  (1.222s,  104.74/s)  LR: 4.987e-04  Data: 0.014 (0.013)
2024-04-04 12:40:42,056 - train - INFO - Train: 10 [ 600/781 ( 77%)]  Loss:  4.607154 (4.6607)  Time: 1.200s,  106.69/s  (1.219s,  105.00/s)  LR: 4.987e-04  Data: 0.016 (0.013)
2024-04-04 12:41:42,689 - train - INFO - Train: 10 [ 650/781 ( 83%)]  Loss:  4.535148 (4.6596)  Time: 1.071s,  119.55/s  (1.219s,  105.04/s)  LR: 4.987e-04  Data: 0.011 (0.013)
2024-04-04 12:42:47,360 - train - INFO - Train: 10 [ 700/781 ( 90%)]  Loss:  4.926717 (4.6611)  Time: 1.185s,  108.02/s  (1.224s,  104.58/s)  LR: 4.987e-04  Data: 0.011 (0.013)
2024-04-04 12:43:51,683 - train - INFO - Train: 10 [ 750/781 ( 96%)]  Loss:  4.179452 (4.6604)  Time: 1.237s,  103.51/s  (1.228s,  104.23/s)  LR: 4.987e-04  Data: 0.013 (0.013)
2024-04-04 12:44:30,001 - train - INFO - Train: 10 [ 780/781 (100%)]  Loss:  4.852218 (4.6595)  Time: 1.128s,  113.47/s  (1.230s,  104.07/s)  LR: 4.987e-04  Data: 0.000 (0.013)
2024-04-04 12:44:31,245 - train - INFO - Test: [   0/78]  Time: 1.241 (1.241)  Loss:  2.4336 (2.4336)  Acc@1: 51.5625 (51.5625)  Acc@5: 75.7812 (75.7812)
2024-04-04 12:45:26,252 - train - INFO - Test: [  50/78]  Time: 1.147 (1.103)  Loss:  3.2168 (3.4222)  Acc@1: 31.2500 (26.4859)  Acc@5: 56.2500 (51.2255)
2024-04-04 12:45:56,438 - train - INFO - Test: [  78/78]  Time: 0.917 (1.094)  Loss:  3.2207 (3.3820)  Acc@1: 25.0000 (26.9000)  Acc@5: 50.0000 (52.2800)
2024-04-04 12:45:57,819 - train - INFO - Train: 11 [   0/781 (  0%)]  Loss:  4.910710 (4.9107)  Time: 1.301s,   98.38/s  (1.301s,   98.38/s)  LR: 4.984e-04  Data: 0.128 (0.128)
2024-04-04 12:47:01,869 - train - INFO - Train: 11 [  50/781 (  6%)]  Loss:  4.574496 (4.6528)  Time: 1.394s,   91.79/s  (1.281s,   99.89/s)  LR: 4.984e-04  Data: 0.018 (0.016)
2024-04-04 12:48:07,569 - train - INFO - Train: 11 [ 100/781 ( 13%)]  Loss:  4.532790 (4.6375)  Time: 1.393s,   91.86/s  (1.298s,   98.65/s)  LR: 4.984e-04  Data: 0.017 (0.016)
2024-04-04 12:49:16,286 - train - INFO - Train: 11 [ 150/781 ( 19%)]  Loss:  4.894101 (4.6272)  Time: 1.326s,   96.53/s  (1.323s,   96.75/s)  LR: 4.984e-04  Data: 0.017 (0.014)
2024-04-04 12:50:17,740 - train - INFO - Train: 11 [ 200/781 ( 26%)]  Loss:  4.620437 (4.6367)  Time: 1.178s,  108.63/s  (1.300s,   98.49/s)  LR: 4.984e-04  Data: 0.015 (0.014)
2024-04-04 12:51:18,629 - train - INFO - Train: 11 [ 250/781 ( 32%)]  Loss:  4.280896 (4.6318)  Time: 0.973s,  131.49/s  (1.283s,   99.74/s)  LR: 4.984e-04  Data: 0.017 (0.014)
2024-04-04 12:52:19,439 - train - INFO - Train: 11 [ 300/781 ( 38%)]  Loss:  4.961179 (4.6351)  Time: 1.055s,  121.33/s  (1.272s,  100.62/s)  LR: 4.984e-04  Data: 0.009 (0.014)
2024-04-04 12:53:19,675 - train - INFO - Train: 11 [ 350/781 ( 45%)]  Loss:  4.579506 (4.6316)  Time: 0.894s,  143.21/s  (1.263s,  101.38/s)  LR: 4.984e-04  Data: 0.029 (0.014)
2024-04-04 12:54:20,215 - train - INFO - Train: 11 [ 400/781 ( 51%)]  Loss:  4.506263 (4.6328)  Time: 0.999s,  128.09/s  (1.256s,  101.90/s)  LR: 4.984e-04  Data: 0.004 (0.014)
2024-04-04 12:55:20,663 - train - INFO - Train: 11 [ 450/781 ( 58%)]  Loss:  4.462386 (4.6299)  Time: 1.305s,   98.09/s  (1.251s,  102.33/s)  LR: 4.984e-04  Data: 0.004 (0.013)
2024-04-04 12:56:21,140 - train - INFO - Train: 11 [ 500/781 ( 64%)]  Loss:  4.740577 (4.6338)  Time: 1.258s,  101.74/s  (1.247s,  102.67/s)  LR: 4.984e-04  Data: 0.022 (0.013)
2024-04-04 12:57:21,949 - train - INFO - Train: 11 [ 550/781 ( 71%)]  Loss:  4.511589 (4.6335)  Time: 1.176s,  108.87/s  (1.244s,  102.90/s)  LR: 4.984e-04  Data: 0.008 (0.013)
2024-04-04 12:58:22,422 - train - INFO - Train: 11 [ 600/781 ( 77%)]  Loss:  4.580823 (4.6329)  Time: 1.235s,  103.67/s  (1.241s,  103.14/s)  LR: 4.984e-04  Data: 0.020 (0.013)
2024-04-04 12:59:23,036 - train - INFO - Train: 11 [ 650/781 ( 83%)]  Loss:  4.710850 (4.6303)  Time: 0.863s,  148.31/s  (1.239s,  103.32/s)  LR: 4.984e-04  Data: 0.013 (0.013)
2024-04-04 13:00:23,598 - train - INFO - Train: 11 [ 700/781 ( 90%)]  Loss:  4.516856 (4.6279)  Time: 1.114s,  114.94/s  (1.237s,  103.48/s)  LR: 4.984e-04  Data: 0.004 (0.013)
2024-04-04 13:01:24,781 - train - INFO - Train: 11 [ 750/781 ( 96%)]  Loss:  4.693287 (4.6253)  Time: 1.024s,  124.97/s  (1.236s,  103.56/s)  LR: 4.984e-04  Data: 0.009 (0.013)
2024-04-04 13:02:01,034 - train - INFO - Train: 11 [ 780/781 (100%)]  Loss:  4.775060 (4.6236)  Time: 1.049s,  121.99/s  (1.235s,  103.65/s)  LR: 4.984e-04  Data: 0.000 (0.013)
2024-04-04 13:02:02,202 - train - INFO - Test: [   0/78]  Time: 1.165 (1.165)  Loss:  2.0840 (2.0840)  Acc@1: 59.3750 (59.3750)  Acc@5: 81.2500 (81.2500)
2024-04-04 13:02:54,686 - train - INFO - Test: [  50/78]  Time: 1.178 (1.052)  Loss:  3.0762 (3.2694)  Acc@1: 31.2500 (28.4620)  Acc@5: 64.0625 (54.2892)
2024-04-04 13:03:24,360 - train - INFO - Test: [  78/78]  Time: 1.051 (1.055)  Loss:  3.7383 (3.2604)  Acc@1: 18.7500 (28.5800)  Acc@5: 31.2500 (54.7000)
2024-04-04 13:03:25,701 - train - INFO - Train: 12 [   0/781 (  0%)]  Loss:  4.301820 (4.3018)  Time: 1.266s,  101.10/s  (1.266s,  101.10/s)  LR: 4.981e-04  Data: 0.157 (0.157)
2024-04-04 13:04:26,092 - train - INFO - Train: 12 [  50/781 (  6%)]  Loss:  4.814618 (4.6800)  Time: 1.127s,  113.56/s  (1.209s,  105.88/s)  LR: 4.981e-04  Data: 0.011 (0.016)
2024-04-04 13:05:26,327 - train - INFO - Train: 12 [ 100/781 ( 13%)]  Loss:  4.565401 (4.6607)  Time: 1.168s,  109.60/s  (1.207s,  106.06/s)  LR: 4.981e-04  Data: 0.004 (0.015)
2024-04-04 13:06:31,429 - train - INFO - Train: 12 [ 150/781 ( 19%)]  Loss:  4.812850 (4.6382)  Time: 1.399s,   91.47/s  (1.238s,  103.36/s)  LR: 4.981e-04  Data: 0.032 (0.015)
2024-04-04 13:07:37,328 - train - INFO - Train: 12 [ 200/781 ( 26%)]  Loss:  4.572189 (4.6372)  Time: 1.235s,  103.65/s  (1.258s,  101.74/s)  LR: 4.981e-04  Data: 0.023 (0.015)
2024-04-04 13:08:41,591 - train - INFO - Train: 12 [ 250/781 ( 32%)]  Loss:  4.602508 (4.6380)  Time: 1.240s,  103.22/s  (1.264s,  101.30/s)  LR: 4.981e-04  Data: 0.010 (0.015)
2024-04-04 13:09:43,097 - train - INFO - Train: 12 [ 300/781 ( 38%)]  Loss:  4.562378 (4.6314)  Time: 1.334s,   95.92/s  (1.258s,  101.75/s)  LR: 4.981e-04  Data: 0.032 (0.014)
2024-04-04 13:10:44,302 - train - INFO - Train: 12 [ 350/781 ( 45%)]  Loss:  4.509344 (4.6252)  Time: 1.383s,   92.54/s  (1.253s,  102.14/s)  LR: 4.981e-04  Data: 0.004 (0.014)
2024-04-04 13:11:46,758 - train - INFO - Train: 12 [ 400/781 ( 51%)]  Loss:  4.421764 (4.6245)  Time: 1.356s,   94.40/s  (1.253s,  102.18/s)  LR: 4.981e-04  Data: 0.012 (0.014)
2024-04-04 13:12:49,620 - train - INFO - Train: 12 [ 450/781 ( 58%)]  Loss:  4.430126 (4.6240)  Time: 1.362s,   93.95/s  (1.253s,  102.14/s)  LR: 4.981e-04  Data: 0.016 (0.014)
2024-04-04 13:13:51,308 - train - INFO - Train: 12 [ 500/781 ( 64%)]  Loss:  4.833936 (4.6211)  Time: 1.047s,  122.29/s  (1.251s,  102.30/s)  LR: 4.981e-04  Data: 0.013 (0.014)
2024-04-04 13:14:51,828 - train - INFO - Train: 12 [ 550/781 ( 71%)]  Loss:  4.156576 (4.6150)  Time: 1.055s,  121.33/s  (1.248s,  102.60/s)  LR: 4.981e-04  Data: 0.017 (0.014)
2024-04-04 13:15:52,016 - train - INFO - Train: 12 [ 600/781 ( 77%)]  Loss:  4.449904 (4.6139)  Time: 0.960s,  133.39/s  (1.244s,  102.90/s)  LR: 4.981e-04  Data: 0.030 (0.014)
2024-04-04 13:16:53,478 - train - INFO - Train: 12 [ 650/781 ( 83%)]  Loss:  4.358182 (4.6112)  Time: 0.901s,  142.04/s  (1.243s,  103.00/s)  LR: 4.981e-04  Data: 0.004 (0.014)
2024-04-04 13:17:54,420 - train - INFO - Train: 12 [ 700/781 ( 90%)]  Loss:  4.755945 (4.6109)  Time: 1.097s,  116.69/s  (1.241s,  103.14/s)  LR: 4.981e-04  Data: 0.013 (0.014)
2024-04-04 13:18:54,853 - train - INFO - Train: 12 [ 750/781 ( 96%)]  Loss:  4.303490 (4.6085)  Time: 0.844s,  151.71/s  (1.239s,  103.32/s)  LR: 4.981e-04  Data: 0.024 (0.014)
2024-04-04 13:19:31,516 - train - INFO - Train: 12 [ 780/781 (100%)]  Loss:  4.597842 (4.6098)  Time: 1.292s,   99.04/s  (1.238s,  103.37/s)  LR: 4.981e-04  Data: 0.000 (0.014)
2024-04-04 13:19:32,747 - train - INFO - Test: [   0/78]  Time: 1.229 (1.229)  Loss:  2.1387 (2.1387)  Acc@1: 53.9062 (53.9062)  Acc@5: 78.9062 (78.9062)
2024-04-04 13:20:25,890 - train - INFO - Test: [  50/78]  Time: 1.166 (1.066)  Loss:  2.8105 (3.2731)  Acc@1: 39.0625 (28.6765)  Acc@5: 69.5312 (55.3615)
2024-04-04 13:20:55,681 - train - INFO - Test: [  78/78]  Time: 1.116 (1.065)  Loss:  3.6230 (3.2359)  Acc@1: 18.7500 (29.0900)  Acc@5: 37.5000 (56.1000)
2024-04-04 13:20:57,187 - train - INFO - Train: 13 [   0/781 (  0%)]  Loss:  4.595949 (4.5959)  Time: 1.417s,   90.34/s  (1.417s,   90.34/s)  LR: 4.977e-04  Data: 0.156 (0.156)
2024-04-04 13:21:58,145 - train - INFO - Train: 13 [  50/781 (  6%)]  Loss:  4.867894 (4.5844)  Time: 1.295s,   98.85/s  (1.223s,  104.66/s)  LR: 4.977e-04  Data: 0.019 (0.017)
2024-04-04 13:22:59,481 - train - INFO - Train: 13 [ 100/781 ( 13%)]  Loss:  4.613896 (4.6060)  Time: 1.237s,  103.47/s  (1.225s,  104.50/s)  LR: 4.977e-04  Data: 0.017 (0.015)
2024-04-04 13:24:00,977 - train - INFO - Train: 13 [ 150/781 ( 19%)]  Loss:  4.381874 (4.6076)  Time: 1.374s,   93.18/s  (1.226s,  104.36/s)  LR: 4.977e-04  Data: 0.012 (0.015)
2024-04-04 13:25:04,378 - train - INFO - Train: 13 [ 200/781 ( 26%)]  Loss:  4.201930 (4.5884)  Time: 1.266s,  101.13/s  (1.237s,  103.49/s)  LR: 4.977e-04  Data: 0.012 (0.015)
2024-04-04 13:26:08,557 - train - INFO - Train: 13 [ 250/781 ( 32%)]  Loss:  4.758767 (4.5827)  Time: 1.382s,   92.60/s  (1.246s,  102.72/s)  LR: 4.977e-04  Data: 0.009 (0.015)
2024-04-04 13:27:13,018 - train - INFO - Train: 13 [ 300/781 ( 38%)]  Loss:  4.308568 (4.5813)  Time: 1.201s,  106.56/s  (1.253s,  102.13/s)  LR: 4.977e-04  Data: 0.009 (0.015)
2024-04-04 13:28:16,620 - train - INFO - Train: 13 [ 350/781 ( 45%)]  Loss:  4.780359 (4.5748)  Time: 1.296s,   98.74/s  (1.256s,  101.92/s)  LR: 4.977e-04  Data: 0.028 (0.015)
2024-04-04 13:29:16,948 - train - INFO - Train: 13 [ 400/781 ( 51%)]  Loss:  4.432712 (4.5694)  Time: 1.275s,  100.35/s  (1.250s,  102.42/s)  LR: 4.977e-04  Data: 0.017 (0.014)
2024-04-04 13:30:18,212 - train - INFO - Train: 13 [ 450/781 ( 58%)]  Loss:  4.623596 (4.5719)  Time: 1.378s,   92.88/s  (1.247s,  102.64/s)  LR: 4.977e-04  Data: 0.008 (0.014)
2024-04-04 13:31:21,983 - train - INFO - Train: 13 [ 500/781 ( 64%)]  Loss:  4.294007 (4.5714)  Time: 1.277s,  100.22/s  (1.250s,  102.41/s)  LR: 4.977e-04  Data: 0.021 (0.015)
2024-04-04 13:32:22,508 - train - INFO - Train: 13 [ 550/781 ( 71%)]  Loss:  4.151074 (4.5717)  Time: 1.250s,  102.40/s  (1.246s,  102.70/s)  LR: 4.977e-04  Data: 0.020 (0.014)
2024-04-04 13:33:24,304 - train - INFO - Train: 13 [ 600/781 ( 77%)]  Loss:  4.527103 (4.5724)  Time: 1.235s,  103.64/s  (1.245s,  102.77/s)  LR: 4.977e-04  Data: 0.009 (0.014)
2024-04-04 13:34:25,231 - train - INFO - Train: 13 [ 650/781 ( 83%)]  Loss:  4.283817 (4.5704)  Time: 1.320s,   96.94/s  (1.243s,  102.95/s)  LR: 4.977e-04  Data: 0.008 (0.014)
2024-04-04 13:35:25,241 - train - INFO - Train: 13 [ 700/781 ( 90%)]  Loss:  4.934598 (4.5683)  Time: 1.220s,  104.93/s  (1.240s,  103.20/s)  LR: 4.977e-04  Data: 0.004 (0.014)
2024-04-04 13:36:25,481 - train - INFO - Train: 13 [ 750/781 ( 96%)]  Loss:  4.591045 (4.5701)  Time: 1.356s,   94.40/s  (1.238s,  103.40/s)  LR: 4.977e-04  Data: 0.013 (0.014)
2024-04-04 13:37:02,668 - train - INFO - Train: 13 [ 780/781 (100%)]  Loss:  4.145391 (4.5718)  Time: 1.229s,  104.13/s  (1.238s,  103.39/s)  LR: 4.977e-04  Data: 0.000 (0.014)
2024-04-04 13:37:03,653 - train - INFO - Test: [   0/78]  Time: 0.984 (0.984)  Loss:  1.6797 (1.6797)  Acc@1: 64.0625 (64.0625)  Acc@5: 86.7188 (86.7188)
2024-04-04 13:38:00,103 - train - INFO - Test: [  50/78]  Time: 1.082 (1.126)  Loss:  3.2930 (3.1768)  Acc@1: 34.3750 (30.8364)  Acc@5: 56.2500 (56.5411)
2024-04-04 13:38:29,618 - train - INFO - Test: [  78/78]  Time: 1.116 (1.101)  Loss:  3.2168 (3.1413)  Acc@1: 18.7500 (31.0100)  Acc@5: 56.2500 (57.4600)
2024-04-04 13:38:30,810 - train - INFO - Train: 14 [   0/781 (  0%)]  Loss:  4.889729 (4.8897)  Time: 1.106s,  115.71/s  (1.106s,  115.71/s)  LR: 4.974e-04  Data: 0.186 (0.186)
2024-04-04 13:39:31,448 - train - INFO - Train: 14 [  50/781 (  6%)]  Loss:  4.207628 (4.5371)  Time: 1.303s,   98.21/s  (1.211s,  105.73/s)  LR: 4.974e-04  Data: 0.004 (0.015)
2024-04-04 13:40:33,347 - train - INFO - Train: 14 [ 100/781 ( 13%)]  Loss:  4.925367 (4.5622)  Time: 1.306s,   97.98/s  (1.224s,  104.56/s)  LR: 4.974e-04  Data: 0.007 (0.014)
2024-04-04 13:41:35,052 - train - INFO - Train: 14 [ 150/781 ( 19%)]  Loss:  4.903943 (4.5597)  Time: 1.313s,   97.51/s  (1.227s,  104.28/s)  LR: 4.974e-04  Data: 0.021 (0.014)
2024-04-04 13:42:40,067 - train - INFO - Train: 14 [ 200/781 ( 26%)]  Loss:  4.733042 (4.5551)  Time: 1.525s,   83.95/s  (1.246s,  102.76/s)  LR: 4.974e-04  Data: 0.004 (0.014)
2024-04-04 13:43:44,568 - train - INFO - Train: 14 [ 250/781 ( 32%)]  Loss:  4.191578 (4.5516)  Time: 1.432s,   89.39/s  (1.254s,  102.04/s)  LR: 4.974e-04  Data: 0.004 (0.014)
2024-04-04 13:44:45,857 - train - INFO - Train: 14 [ 300/781 ( 38%)]  Loss:  4.023133 (4.5504)  Time: 1.557s,   82.23/s  (1.250s,  102.43/s)  LR: 4.974e-04  Data: 0.010 (0.014)
2024-04-04 13:45:53,059 - train - INFO - Train: 14 [ 350/781 ( 45%)]  Loss:  4.076994 (4.5495)  Time: 1.272s,  100.63/s  (1.263s,  101.34/s)  LR: 4.974e-04  Data: 0.004 (0.014)
2024-04-04 13:46:57,635 - train - INFO - Train: 14 [ 400/781 ( 51%)]  Loss:  4.963964 (4.5495)  Time: 1.296s,   98.73/s  (1.267s,  101.05/s)  LR: 4.974e-04  Data: 0.016 (0.014)
2024-04-04 13:48:05,036 - train - INFO - Train: 14 [ 450/781 ( 58%)]  Loss:  4.498627 (4.5454)  Time: 1.221s,  104.83/s  (1.276s,  100.34/s)  LR: 4.974e-04  Data: 0.022 (0.014)
2024-04-04 13:49:06,409 - train - INFO - Train: 14 [ 500/781 ( 64%)]  Loss:  4.462981 (4.5448)  Time: 1.326s,   96.55/s  (1.271s,  100.72/s)  LR: 4.974e-04  Data: 0.004 (0.014)
2024-04-04 13:50:10,266 - train - INFO - Train: 14 [ 550/781 ( 71%)]  Loss:  4.600163 (4.5496)  Time: 1.271s,  100.68/s  (1.271s,  100.68/s)  LR: 4.974e-04  Data: 0.014 (0.014)
2024-04-04 13:51:11,008 - train - INFO - Train: 14 [ 600/781 ( 77%)]  Loss:  4.744730 (4.5475)  Time: 1.289s,   99.27/s  (1.267s,  101.05/s)  LR: 4.974e-04  Data: 0.016 (0.014)
2024-04-04 13:52:11,623 - train - INFO - Train: 14 [ 650/781 ( 83%)]  Loss:  4.719555 (4.5506)  Time: 1.271s,  100.69/s  (1.263s,  101.38/s)  LR: 4.974e-04  Data: 0.011 (0.014)
2024-04-04 13:53:12,614 - train - INFO - Train: 14 [ 700/781 ( 90%)]  Loss:  4.302125 (4.5509)  Time: 1.217s,  105.14/s  (1.259s,  101.63/s)  LR: 4.974e-04  Data: 0.004 (0.013)
2024-04-04 13:54:14,381 - train - INFO - Train: 14 [ 750/781 ( 96%)]  Loss:  4.848057 (4.5505)  Time: 0.961s,  133.17/s  (1.258s,  101.76/s)  LR: 4.974e-04  Data: 0.006 (0.013)
2024-04-04 13:54:50,502 - train - INFO - Train: 14 [ 780/781 (100%)]  Loss:  4.780225 (4.5511)  Time: 1.275s,  100.42/s  (1.256s,  101.93/s)  LR: 4.974e-04  Data: 0.000 (0.013)
2024-04-04 13:54:51,659 - train - INFO - Test: [   0/78]  Time: 1.155 (1.155)  Loss:  1.8584 (1.8584)  Acc@1: 60.1562 (60.1562)  Acc@5: 84.3750 (84.3750)
2024-04-04 13:55:42,867 - train - INFO - Test: [  50/78]  Time: 1.020 (1.027)  Loss:  2.9766 (3.0842)  Acc@1: 40.6250 (32.0006)  Acc@5: 66.4062 (58.5172)
2024-04-04 13:56:11,263 - train - INFO - Test: [  78/78]  Time: 0.848 (1.022)  Loss:  3.4258 (3.0855)  Acc@1: 18.7500 (31.5900)  Acc@5: 43.7500 (58.6200)
2024-04-04 13:56:12,587 - train - INFO - Train: 15 [   0/781 (  0%)]  Loss:  4.891591 (4.8916)  Time: 1.233s,  103.82/s  (1.233s,  103.82/s)  LR: 4.970e-04  Data: 0.133 (0.133)
2024-04-04 13:57:11,468 - train - INFO - Train: 15 [  50/781 (  6%)]  Loss:  4.165679 (4.5057)  Time: 1.006s,  127.24/s  (1.179s,  108.60/s)  LR: 4.970e-04  Data: 0.004 (0.014)
2024-04-04 13:58:10,927 - train - INFO - Train: 15 [ 100/781 ( 13%)]  Loss:  4.342979 (4.5447)  Time: 0.834s,  153.40/s  (1.184s,  108.12/s)  LR: 4.970e-04  Data: 0.004 (0.013)
2024-04-04 13:59:10,118 - train - INFO - Train: 15 [ 150/781 ( 19%)]  Loss:  4.420873 (4.5217)  Time: 1.077s,  118.89/s  (1.184s,  108.12/s)  LR: 4.970e-04  Data: 0.004 (0.013)
2024-04-04 14:00:10,493 - train - INFO - Train: 15 [ 200/781 ( 26%)]  Loss:  4.670186 (4.5230)  Time: 1.034s,  123.80/s  (1.190s,  107.59/s)  LR: 4.970e-04  Data: 0.016 (0.013)
2024-04-04 14:01:12,738 - train - INFO - Train: 15 [ 250/781 ( 32%)]  Loss:  4.674361 (4.5272)  Time: 1.291s,   99.15/s  (1.201s,  106.60/s)  LR: 4.970e-04  Data: 0.017 (0.013)
2024-04-04 14:02:15,162 - train - INFO - Train: 15 [ 300/781 ( 38%)]  Loss:  4.946283 (4.5352)  Time: 1.224s,  104.58/s  (1.209s,  105.90/s)  LR: 4.970e-04  Data: 0.019 (0.013)
2024-04-04 14:03:13,601 - train - INFO - Train: 15 [ 350/781 ( 45%)]  Loss:  4.180466 (4.5237)  Time: 1.335s,   95.90/s  (1.203s,  106.40/s)  LR: 4.970e-04  Data: 0.035 (0.013)
2024-04-04 14:04:13,099 - train - INFO - Train: 15 [ 400/781 ( 51%)]  Loss:  4.904357 (4.5277)  Time: 1.258s,  101.78/s  (1.201s,  106.55/s)  LR: 4.970e-04  Data: 0.004 (0.013)
2024-04-04 14:05:19,072 - train - INFO - Train: 15 [ 450/781 ( 58%)]  Loss:  4.444090 (4.5298)  Time: 1.244s,  102.91/s  (1.214s,  105.40/s)  LR: 4.970e-04  Data: 0.010 (0.013)
2024-04-04 14:06:22,497 - train - INFO - Train: 15 [ 500/781 ( 64%)]  Loss:  4.527088 (4.5292)  Time: 1.269s,  100.86/s  (1.220s,  104.93/s)  LR: 4.970e-04  Data: 0.014 (0.013)
2024-04-04 14:07:24,929 - train - INFO - Train: 15 [ 550/781 ( 71%)]  Loss:  4.500204 (4.5250)  Time: 1.283s,   99.80/s  (1.222s,  104.71/s)  LR: 4.970e-04  Data: 0.014 (0.013)
2024-04-04 14:08:25,500 - train - INFO - Train: 15 [ 600/781 ( 77%)]  Loss:  4.376875 (4.5223)  Time: 1.283s,   99.77/s  (1.222s,  104.79/s)  LR: 4.970e-04  Data: 0.013 (0.013)
2024-04-04 14:09:27,044 - train - INFO - Train: 15 [ 650/781 ( 83%)]  Loss:  4.778008 (4.5261)  Time: 1.296s,   98.78/s  (1.222s,  104.73/s)  LR: 4.970e-04  Data: 0.027 (0.013)
2024-04-04 14:10:26,152 - train - INFO - Train: 15 [ 700/781 ( 90%)]  Loss:  4.471085 (4.5261)  Time: 1.220s,  104.91/s  (1.219s,  104.97/s)  LR: 4.970e-04  Data: 0.018 (0.013)
2024-04-04 14:11:26,180 - train - INFO - Train: 15 [ 750/781 ( 96%)]  Loss:  4.658991 (4.5265)  Time: 1.353s,   94.62/s  (1.218s,  105.08/s)  LR: 4.970e-04  Data: 0.014 (0.013)
2024-04-04 14:12:01,547 - train - INFO - Train: 15 [ 780/781 (100%)]  Loss:  4.096643 (4.5257)  Time: 1.305s,   98.07/s  (1.217s,  105.21/s)  LR: 4.970e-04  Data: 0.000 (0.013)
2024-04-04 14:12:02,537 - train - INFO - Test: [   0/78]  Time: 0.983 (0.983)  Loss:  1.9141 (1.9141)  Acc@1: 61.7188 (61.7188)  Acc@5: 75.0000 (75.0000)
2024-04-04 14:12:53,765 - train - INFO - Test: [  50/78]  Time: 0.954 (1.024)  Loss:  3.0293 (3.0560)  Acc@1: 35.9375 (32.6440)  Acc@5: 60.9375 (58.9001)
2024-04-04 14:13:22,414 - train - INFO - Test: [  78/78]  Time: 1.086 (1.024)  Loss:  3.2344 (3.0452)  Acc@1: 25.0000 (32.2100)  Acc@5: 50.0000 (59.1500)
2024-04-04 14:13:24,019 - train - INFO - Train: 16 [   0/781 (  0%)]  Loss:  4.803771 (4.8038)  Time: 1.459s,   87.73/s  (1.459s,   87.73/s)  LR: 4.966e-04  Data: 0.210 (0.210)
2024-04-04 14:14:23,312 - train - INFO - Train: 16 [  50/781 (  6%)]  Loss:  4.377738 (4.4801)  Time: 1.290s,   99.24/s  (1.191s,  107.46/s)  LR: 4.966e-04  Data: 0.022 (0.016)
2024-04-04 14:15:22,280 - train - INFO - Train: 16 [ 100/781 ( 13%)]  Loss:  4.397093 (4.4772)  Time: 1.295s,   98.87/s  (1.185s,  107.99/s)  LR: 4.966e-04  Data: 0.008 (0.014)
2024-04-04 14:16:21,476 - train - INFO - Train: 16 [ 150/781 ( 19%)]  Loss:  4.366784 (4.5042)  Time: 0.952s,  134.46/s  (1.185s,  108.03/s)  LR: 4.966e-04  Data: 0.014 (0.014)
2024-04-04 14:17:20,939 - train - INFO - Train: 16 [ 200/781 ( 26%)]  Loss:  4.418656 (4.5167)  Time: 1.094s,  116.96/s  (1.186s,  107.93/s)  LR: 4.966e-04  Data: 0.019 (0.013)
2024-04-04 14:18:23,467 - train - INFO - Train: 16 [ 250/781 ( 32%)]  Loss:  4.731534 (4.5182)  Time: 1.111s,  115.20/s  (1.199s,  106.77/s)  LR: 4.966e-04  Data: 0.016 (0.014)
2024-04-04 14:19:23,653 - train - INFO - Train: 16 [ 300/781 ( 38%)]  Loss:  4.807558 (4.5192)  Time: 1.184s,  108.07/s  (1.200s,  106.70/s)  LR: 4.966e-04  Data: 0.011 (0.014)
2024-04-04 14:20:23,126 - train - INFO - Train: 16 [ 350/781 ( 45%)]  Loss:  4.539372 (4.5138)  Time: 1.178s,  108.62/s  (1.198s,  106.83/s)  LR: 4.966e-04  Data: 0.011 (0.013)
2024-04-04 14:21:22,254 - train - INFO - Train: 16 [ 400/781 ( 51%)]  Loss:  4.857043 (4.5124)  Time: 1.204s,  106.29/s  (1.196s,  107.00/s)  LR: 4.966e-04  Data: 0.009 (0.014)
2024-04-04 14:22:21,487 - train - INFO - Train: 16 [ 450/781 ( 58%)]  Loss:  4.519026 (4.5122)  Time: 0.991s,  129.16/s  (1.195s,  107.12/s)  LR: 4.966e-04  Data: 0.004 (0.013)
2024-04-04 14:23:20,337 - train - INFO - Train: 16 [ 500/781 ( 64%)]  Loss:  4.389998 (4.5110)  Time: 1.142s,  112.13/s  (1.193s,  107.28/s)  LR: 4.966e-04  Data: 0.039 (0.013)
2024-04-04 14:24:23,624 - train - INFO - Train: 16 [ 550/781 ( 71%)]  Loss:  4.410406 (4.5077)  Time: 1.247s,  102.64/s  (1.200s,  106.69/s)  LR: 4.966e-04  Data: 0.017 (0.013)
2024-04-04 14:25:26,729 - train - INFO - Train: 16 [ 600/781 ( 77%)]  Loss:  5.006528 (4.5085)  Time: 1.259s,  101.71/s  (1.205s,  106.23/s)  LR: 4.966e-04  Data: 0.017 (0.013)
2024-04-04 14:26:28,435 - train - INFO - Train: 16 [ 650/781 ( 83%)]  Loss:  3.967865 (4.5078)  Time: 1.257s,  101.83/s  (1.207s,  106.03/s)  LR: 4.966e-04  Data: 0.011 (0.013)
2024-04-04 14:27:27,841 - train - INFO - Train: 16 [ 700/781 ( 90%)]  Loss:  4.703609 (4.5033)  Time: 1.270s,  100.80/s  (1.206s,  106.15/s)  LR: 4.966e-04  Data: 0.017 (0.013)
2024-04-04 14:28:27,516 - train - INFO - Train: 16 [ 750/781 ( 96%)]  Loss:  4.542043 (4.5044)  Time: 1.284s,   99.69/s  (1.205s,  106.23/s)  LR: 4.966e-04  Data: 0.004 (0.013)
2024-04-04 14:29:02,818 - train - INFO - Train: 16 [ 780/781 (100%)]  Loss:  4.272814 (4.5057)  Time: 1.196s,  107.00/s  (1.204s,  106.32/s)  LR: 4.966e-04  Data: 0.000 (0.013)
2024-04-04 14:29:03,581 - train - INFO - Test: [   0/78]  Time: 0.756 (0.756)  Loss:  1.8799 (1.8799)  Acc@1: 56.2500 (56.2500)  Acc@5: 84.3750 (84.3750)
2024-04-04 14:29:54,924 - train - INFO - Test: [  50/78]  Time: 1.055 (1.022)  Loss:  2.8496 (3.0517)  Acc@1: 42.1875 (32.1232)  Acc@5: 66.4062 (59.3290)
2024-04-04 14:30:26,641 - train - INFO - Test: [  78/78]  Time: 1.114 (1.061)  Loss:  3.0059 (3.0200)  Acc@1: 31.2500 (32.6000)  Acc@5: 68.7500 (59.8800)
2024-04-04 14:30:28,121 - train - INFO - Train: 17 [   0/781 (  0%)]  Loss:  4.880938 (4.8809)  Time: 1.406s,   91.07/s  (1.406s,   91.07/s)  LR: 4.961e-04  Data: 0.123 (0.123)
2024-04-04 14:31:26,854 - train - INFO - Train: 17 [  50/781 (  6%)]  Loss:  4.081933 (4.5645)  Time: 1.233s,  103.78/s  (1.179s,  108.55/s)  LR: 4.961e-04  Data: 0.022 (0.014)
2024-04-04 14:32:26,287 - train - INFO - Train: 17 [ 100/781 ( 13%)]  Loss:  4.100379 (4.5394)  Time: 1.275s,  100.37/s  (1.184s,  108.12/s)  LR: 4.961e-04  Data: 0.017 (0.013)
2024-04-04 14:33:25,235 - train - INFO - Train: 17 [ 150/781 ( 19%)]  Loss:  4.547009 (4.5367)  Time: 1.267s,  101.03/s  (1.182s,  108.27/s)  LR: 4.961e-04  Data: 0.004 (0.013)
2024-04-04 14:34:25,560 - train - INFO - Train: 17 [ 200/781 ( 26%)]  Loss:  4.371537 (4.5253)  Time: 1.390s,   92.06/s  (1.188s,  107.72/s)  LR: 4.961e-04  Data: 0.029 (0.013)
2024-04-04 14:35:32,310 - train - INFO - Train: 17 [ 250/781 ( 32%)]  Loss:  4.383652 (4.5132)  Time: 1.469s,   87.12/s  (1.217s,  105.13/s)  LR: 4.961e-04  Data: 0.017 (0.013)
2024-04-04 14:36:38,998 - train - INFO - Train: 17 [ 300/781 ( 38%)]  Loss:  3.900900 (4.4974)  Time: 1.365s,   93.79/s  (1.237s,  103.49/s)  LR: 4.961e-04  Data: 0.041 (0.014)
2024-04-04 14:37:42,774 - train - INFO - Train: 17 [ 350/781 ( 45%)]  Loss:  4.180268 (4.5022)  Time: 1.377s,   92.96/s  (1.242s,  103.03/s)  LR: 4.961e-04  Data: 0.016 (0.014)
2024-04-04 14:38:45,463 - train - INFO - Train: 17 [ 400/781 ( 51%)]  Loss:  4.405647 (4.4964)  Time: 1.025s,  124.90/s  (1.244s,  102.92/s)  LR: 4.961e-04  Data: 0.004 (0.014)
2024-04-04 14:39:49,468 - train - INFO - Train: 17 [ 450/781 ( 58%)]  Loss:  4.241028 (4.4949)  Time: 1.054s,  121.40/s  (1.248s,  102.58/s)  LR: 4.961e-04  Data: 0.014 (0.014)
2024-04-04 14:40:52,470 - train - INFO - Train: 17 [ 500/781 ( 64%)]  Loss:  4.125936 (4.4915)  Time: 1.328s,   96.39/s  (1.249s,  102.48/s)  LR: 4.961e-04  Data: 0.017 (0.014)
2024-04-04 14:41:56,185 - train - INFO - Train: 17 [ 550/781 ( 71%)]  Loss:  4.207613 (4.4955)  Time: 1.318s,   97.11/s  (1.251s,  102.29/s)  LR: 4.961e-04  Data: 0.018 (0.014)
2024-04-04 14:43:00,182 - train - INFO - Train: 17 [ 600/781 ( 77%)]  Loss:  4.661487 (4.4950)  Time: 1.365s,   93.78/s  (1.254s,  102.10/s)  LR: 4.961e-04  Data: 0.020 (0.014)
2024-04-04 14:44:10,985 - train - INFO - Train: 17 [ 650/781 ( 83%)]  Loss:  4.199680 (4.4928)  Time: 1.384s,   92.48/s  (1.266s,  101.09/s)  LR: 4.961e-04  Data: 0.018 (0.014)
2024-04-04 14:45:19,236 - train - INFO - Train: 17 [ 700/781 ( 90%)]  Loss:  4.498569 (4.4924)  Time: 1.425s,   89.81/s  (1.273s,  100.53/s)  LR: 4.961e-04  Data: 0.017 (0.014)
2024-04-04 14:46:24,070 - train - INFO - Train: 17 [ 750/781 ( 96%)]  Loss:  4.733371 (4.4927)  Time: 1.285s,   99.60/s  (1.275s,  100.41/s)  LR: 4.961e-04  Data: 0.011 (0.014)
2024-04-04 14:47:01,638 - train - INFO - Train: 17 [ 780/781 (100%)]  Loss:  4.727950 (4.4939)  Time: 1.300s,   98.49/s  (1.274s,  100.48/s)  LR: 4.961e-04  Data: 0.000 (0.014)
2024-04-04 14:47:02,787 - train - INFO - Test: [   0/78]  Time: 1.147 (1.147)  Loss:  1.8779 (1.8779)  Acc@1: 53.9062 (53.9062)  Acc@5: 82.8125 (82.8125)
2024-04-04 14:47:58,241 - train - INFO - Test: [  50/78]  Time: 1.147 (1.110)  Loss:  3.0371 (2.9318)  Acc@1: 35.9375 (34.2371)  Acc@5: 60.9375 (60.5545)
2024-04-04 14:48:29,051 - train - INFO - Test: [  78/78]  Time: 1.013 (1.106)  Loss:  3.1035 (2.9500)  Acc@1: 18.7500 (33.8200)  Acc@5: 50.0000 (60.5700)
2024-04-04 14:48:30,537 - train - INFO - Train: 18 [   0/781 (  0%)]  Loss:  4.563725 (4.5637)  Time: 1.408s,   90.88/s  (1.408s,   90.88/s)  LR: 4.957e-04  Data: 0.150 (0.150)
2024-04-04 14:49:33,770 - train - INFO - Train: 18 [  50/781 (  6%)]  Loss:  4.659134 (4.4945)  Time: 1.265s,  101.16/s  (1.267s,  100.99/s)  LR: 4.957e-04  Data: 0.005 (0.014)
2024-04-04 14:50:36,629 - train - INFO - Train: 18 [ 100/781 ( 13%)]  Loss:  4.206746 (4.4683)  Time: 1.233s,  103.81/s  (1.262s,  101.40/s)  LR: 4.957e-04  Data: 0.019 (0.014)
2024-04-04 14:51:39,522 - train - INFO - Train: 18 [ 150/781 ( 19%)]  Loss:  4.210630 (4.4700)  Time: 1.382s,   92.62/s  (1.261s,  101.52/s)  LR: 4.957e-04  Data: 0.011 (0.014)
2024-04-04 14:52:42,668 - train - INFO - Train: 18 [ 200/781 ( 26%)]  Loss:  4.407192 (4.4715)  Time: 1.138s,  112.51/s  (1.261s,  101.48/s)  LR: 4.957e-04  Data: 0.004 (0.014)
2024-04-04 14:53:46,640 - train - INFO - Train: 18 [ 250/781 ( 32%)]  Loss:  4.772550 (4.4651)  Time: 1.069s,  119.73/s  (1.265s,  101.19/s)  LR: 4.957e-04  Data: 0.019 (0.014)
2024-04-04 14:54:53,123 - train - INFO - Train: 18 [ 300/781 ( 38%)]  Loss:  4.875522 (4.4663)  Time: 1.441s,   88.80/s  (1.276s,  100.34/s)  LR: 4.957e-04  Data: 0.040 (0.014)
2024-04-04 14:55:57,880 - train - INFO - Train: 18 [ 350/781 ( 45%)]  Loss:  4.438778 (4.4709)  Time: 1.386s,   92.33/s  (1.278s,  100.12/s)  LR: 4.957e-04  Data: 0.032 (0.014)
2024-04-04 14:57:01,278 - train - INFO - Train: 18 [ 400/781 ( 51%)]  Loss:  4.479980 (4.4730)  Time: 1.330s,   96.25/s  (1.277s,  100.22/s)  LR: 4.957e-04  Data: 0.005 (0.014)
2024-04-04 14:58:06,267 - train - INFO - Train: 18 [ 450/781 ( 58%)]  Loss:  4.807937 (4.4824)  Time: 1.380s,   92.73/s  (1.280s,  100.03/s)  LR: 4.957e-04  Data: 0.017 (0.014)
2024-04-04 14:59:10,891 - train - INFO - Train: 18 [ 500/781 ( 64%)]  Loss:  4.218604 (4.4770)  Time: 1.393s,   91.86/s  (1.281s,   99.93/s)  LR: 4.957e-04  Data: 0.019 (0.014)
2024-04-04 15:00:20,657 - train - INFO - Train: 18 [ 550/781 ( 71%)]  Loss:  4.630235 (4.4796)  Time: 1.376s,   93.06/s  (1.291s,   99.12/s)  LR: 4.957e-04  Data: 0.018 (0.014)
2024-04-04 15:01:26,127 - train - INFO - Train: 18 [ 600/781 ( 77%)]  Loss:  4.262829 (4.4775)  Time: 1.391s,   92.03/s  (1.293s,   99.01/s)  LR: 4.957e-04  Data: 0.022 (0.014)
2024-04-04 15:02:30,981 - train - INFO - Train: 18 [ 650/781 ( 83%)]  Loss:  4.199152 (4.4749)  Time: 1.361s,   94.04/s  (1.293s,   98.98/s)  LR: 4.957e-04  Data: 0.026 (0.014)
2024-04-04 15:03:36,136 - train - INFO - Train: 18 [ 700/781 ( 90%)]  Loss:  4.800966 (4.4740)  Time: 1.111s,  115.18/s  (1.294s,   98.93/s)  LR: 4.957e-04  Data: 0.008 (0.014)
2024-04-04 15:04:46,153 - train - INFO - Train: 18 [ 750/781 ( 96%)]  Loss:  4.220381 (4.4719)  Time: 1.404s,   91.18/s  (1.301s,   98.39/s)  LR: 4.957e-04  Data: 0.020 (0.014)
2024-04-04 15:05:27,988 - train - INFO - Train: 18 [ 780/781 (100%)]  Loss:  4.516148 (4.4737)  Time: 1.363s,   93.92/s  (1.305s,   98.12/s)  LR: 4.957e-04  Data: 0.000 (0.014)
2024-04-04 15:05:29,259 - train - INFO - Test: [   0/78]  Time: 1.269 (1.269)  Loss:  1.8789 (1.8789)  Acc@1: 59.3750 (59.3750)  Acc@5: 79.6875 (79.6875)
2024-04-04 15:06:31,328 - train - INFO - Test: [  50/78]  Time: 1.246 (1.242)  Loss:  2.9961 (2.9650)  Acc@1: 33.5938 (34.6661)  Acc@5: 63.2812 (61.5043)
2024-04-04 15:07:05,605 - train - INFO - Test: [  78/78]  Time: 1.170 (1.236)  Loss:  3.0449 (2.9458)  Acc@1: 25.0000 (35.0600)  Acc@5: 56.2500 (61.9600)
2024-04-04 15:07:07,260 - train - INFO - Train: 19 [   0/781 (  0%)]  Loss:  4.710340 (4.7103)  Time: 1.585s,   80.78/s  (1.585s,   80.78/s)  LR: 4.952e-04  Data: 0.225 (0.225)
2024-04-04 15:08:09,601 - train - INFO - Train: 19 [  50/781 (  6%)]  Loss:  4.233463 (4.4702)  Time: 1.418s,   90.25/s  (1.253s,  102.12/s)  LR: 4.952e-04  Data: 0.006 (0.019)
2024-04-04 15:09:12,364 - train - INFO - Train: 19 [ 100/781 ( 13%)]  Loss:  3.980194 (4.4724)  Time: 1.194s,  107.16/s  (1.254s,  102.05/s)  LR: 4.952e-04  Data: 0.016 (0.016)
2024-04-04 15:10:15,522 - train - INFO - Train: 19 [ 150/781 ( 19%)]  Loss:  4.377491 (4.4664)  Time: 1.263s,  101.33/s  (1.257s,  101.81/s)  LR: 4.952e-04  Data: 0.022 (0.015)
2024-04-04 15:11:19,386 - train - INFO - Train: 19 [ 200/781 ( 26%)]  Loss:  4.462500 (4.4596)  Time: 1.380s,   92.74/s  (1.262s,  101.41/s)  LR: 4.952e-04  Data: 0.030 (0.015)
2024-04-04 15:12:22,783 - train - INFO - Train: 19 [ 250/781 ( 32%)]  Loss:  4.361917 (4.4631)  Time: 1.319s,   97.07/s  (1.263s,  101.32/s)  LR: 4.952e-04  Data: 0.004 (0.015)
2024-04-04 15:13:27,838 - train - INFO - Train: 19 [ 300/781 ( 38%)]  Loss:  4.107291 (4.4616)  Time: 1.260s,  101.58/s  (1.270s,  100.82/s)  LR: 4.952e-04  Data: 0.030 (0.014)
2024-04-04 15:14:32,701 - train - INFO - Train: 19 [ 350/781 ( 45%)]  Loss:  4.695095 (4.4541)  Time: 1.397s,   91.64/s  (1.274s,  100.51/s)  LR: 4.952e-04  Data: 0.024 (0.014)
2024-04-04 15:15:34,877 - train - INFO - Train: 19 [ 400/781 ( 51%)]  Loss:  4.740876 (4.4620)  Time: 1.404s,   91.19/s  (1.270s,  100.80/s)  LR: 4.952e-04  Data: 0.012 (0.014)
2024-04-04 15:16:37,946 - train - INFO - Train: 19 [ 450/781 ( 58%)]  Loss:  4.543290 (4.4606)  Time: 1.084s,  118.08/s  (1.269s,  100.88/s)  LR: 4.952e-04  Data: 0.006 (0.014)
2024-04-04 15:17:41,233 - train - INFO - Train: 19 [ 500/781 ( 64%)]  Loss:  3.871147 (4.4552)  Time: 1.337s,   95.77/s  (1.269s,  100.90/s)  LR: 4.952e-04  Data: 0.018 (0.014)
2024-04-04 15:18:44,042 - train - INFO - Train: 19 [ 550/781 ( 71%)]  Loss:  4.037246 (4.4566)  Time: 1.356s,   94.37/s  (1.267s,  100.99/s)  LR: 4.952e-04  Data: 0.013 (0.014)
2024-04-04 15:19:47,688 - train - INFO - Train: 19 [ 600/781 ( 77%)]  Loss:  4.000441 (4.4583)  Time: 1.095s,  116.86/s  (1.268s,  100.96/s)  LR: 4.952e-04  Data: 0.025 (0.014)
2024-04-04 15:20:49,570 - train - INFO - Train: 19 [ 650/781 ( 83%)]  Loss:  4.661592 (4.4610)  Time: 1.233s,  103.83/s  (1.266s,  101.14/s)  LR: 4.952e-04  Data: 0.012 (0.014)
2024-04-04 15:21:52,429 - train - INFO - Train: 19 [ 700/781 ( 90%)]  Loss:  4.501021 (4.4635)  Time: 1.111s,  115.23/s  (1.265s,  101.19/s)  LR: 4.952e-04  Data: 0.004 (0.014)
2024-04-04 15:22:54,681 - train - INFO - Train: 19 [ 750/781 ( 96%)]  Loss:  4.665191 (4.4652)  Time: 1.322s,   96.82/s  (1.264s,  101.30/s)  LR: 4.952e-04  Data: 0.009 (0.014)
2024-04-04 15:23:31,963 - train - INFO - Train: 19 [ 780/781 (100%)]  Loss:  4.082731 (4.4656)  Time: 1.245s,  102.78/s  (1.263s,  101.36/s)  LR: 4.952e-04  Data: 0.000 (0.014)
2024-04-04 15:23:33,261 - train - INFO - Test: [   0/78]  Time: 1.296 (1.296)  Loss:  1.9453 (1.9453)  Acc@1: 58.5938 (58.5938)  Acc@5: 77.3438 (77.3438)
2024-04-04 15:24:27,644 - train - INFO - Test: [  50/78]  Time: 1.114 (1.092)  Loss:  2.8984 (2.8739)  Acc@1: 40.6250 (36.4737)  Acc@5: 62.5000 (62.5153)
2024-04-04 15:24:59,071 - train - INFO - Test: [  78/78]  Time: 1.131 (1.103)  Loss:  3.2852 (2.8952)  Acc@1: 25.0000 (35.5600)  Acc@5: 43.7500 (62.1800)
2024-04-04 15:25:00,619 - train - INFO - Train: 20 [   0/781 (  0%)]  Loss:  4.187203 (4.1872)  Time: 1.480s,   86.50/s  (1.480s,   86.50/s)  LR: 4.946e-04  Data: 0.167 (0.167)
2024-04-04 15:26:06,228 - train - INFO - Train: 20 [  50/781 (  6%)]  Loss:  4.132575 (4.4015)  Time: 1.204s,  106.32/s  (1.315s,   97.30/s)  LR: 4.946e-04  Data: 0.031 (0.018)
2024-04-04 15:27:13,318 - train - INFO - Train: 20 [ 100/781 ( 13%)]  Loss:  4.245205 (4.4188)  Time: 1.445s,   88.57/s  (1.328s,   96.35/s)  LR: 4.946e-04  Data: 0.037 (0.018)
2024-04-04 15:28:16,645 - train - INFO - Train: 20 [ 150/781 ( 19%)]  Loss:  4.748113 (4.4612)  Time: 1.245s,  102.80/s  (1.308s,   97.86/s)  LR: 4.946e-04  Data: 0.018 (0.016)
2024-04-04 15:29:19,505 - train - INFO - Train: 20 [ 200/781 ( 26%)]  Loss:  4.759205 (4.4564)  Time: 1.280s,   99.97/s  (1.295s,   98.82/s)  LR: 4.946e-04  Data: 0.011 (0.015)
2024-04-04 15:30:21,139 - train - INFO - Train: 20 [ 250/781 ( 32%)]  Loss:  4.508392 (4.4647)  Time: 1.242s,  103.06/s  (1.283s,   99.78/s)  LR: 4.946e-04  Data: 0.010 (0.015)
2024-04-04 15:31:23,487 - train - INFO - Train: 20 [ 300/781 ( 38%)]  Loss:  4.750298 (4.4780)  Time: 1.348s,   94.95/s  (1.277s,  100.24/s)  LR: 4.946e-04  Data: 0.005 (0.014)
2024-04-04 15:32:28,489 - train - INFO - Train: 20 [ 350/781 ( 45%)]  Loss:  4.509728 (4.4796)  Time: 1.347s,   95.00/s  (1.280s,   99.99/s)  LR: 4.946e-04  Data: 0.004 (0.014)
2024-04-04 15:33:32,390 - train - INFO - Train: 20 [ 400/781 ( 51%)]  Loss:  4.692412 (4.4683)  Time: 1.027s,  124.63/s  (1.280s,  100.01/s)  LR: 4.946e-04  Data: 0.004 (0.014)
2024-04-04 15:34:35,469 - train - INFO - Train: 20 [ 450/781 ( 58%)]  Loss:  4.495580 (4.4687)  Time: 1.308s,   97.89/s  (1.278s,  100.17/s)  LR: 4.946e-04  Data: 0.021 (0.014)
2024-04-04 15:35:39,486 - train - INFO - Train: 20 [ 500/781 ( 64%)]  Loss:  4.482406 (4.4733)  Time: 1.410s,   90.76/s  (1.278s,  100.15/s)  LR: 4.946e-04  Data: 0.008 (0.014)
2024-04-04 15:36:43,826 - train - INFO - Train: 20 [ 550/781 ( 71%)]  Loss:  4.097913 (4.4728)  Time: 1.401s,   91.38/s  (1.279s,  100.09/s)  LR: 4.946e-04  Data: 0.014 (0.014)
2024-04-04 15:37:46,196 - train - INFO - Train: 20 [ 600/781 ( 77%)]  Loss:  4.658716 (4.4737)  Time: 0.819s,  156.24/s  (1.276s,  100.29/s)  LR: 4.946e-04  Data: 0.018 (0.014)
2024-04-04 15:38:48,482 - train - INFO - Train: 20 [ 650/781 ( 83%)]  Loss:  4.299959 (4.4677)  Time: 1.288s,   99.35/s  (1.274s,  100.48/s)  LR: 4.946e-04  Data: 0.004 (0.014)
2024-04-04 15:39:49,946 - train - INFO - Train: 20 [ 700/781 ( 90%)]  Loss:  4.244466 (4.4657)  Time: 1.262s,  101.41/s  (1.271s,  100.73/s)  LR: 4.946e-04  Data: 0.014 (0.014)
2024-04-04 15:40:52,786 - train - INFO - Train: 20 [ 750/781 ( 96%)]  Loss:  4.667786 (4.4637)  Time: 1.266s,  101.12/s  (1.270s,  100.80/s)  LR: 4.946e-04  Data: 0.016 (0.014)
2024-04-04 15:41:30,116 - train - INFO - Train: 20 [ 780/781 (100%)]  Loss:  4.772048 (4.4611)  Time: 1.286s,   99.57/s  (1.269s,  100.88/s)  LR: 4.946e-04  Data: 0.000 (0.014)
2024-04-04 15:41:31,302 - train - INFO - Test: [   0/78]  Time: 1.184 (1.184)  Loss:  2.2148 (2.2148)  Acc@1: 50.0000 (50.0000)  Acc@5: 74.2188 (74.2188)
2024-04-04 15:42:24,708 - train - INFO - Test: [  50/78]  Time: 0.841 (1.070)  Loss:  3.0977 (2.8619)  Acc@1: 33.5938 (36.1520)  Acc@5: 58.5938 (63.0362)
2024-04-04 15:42:55,115 - train - INFO - Test: [  78/78]  Time: 1.185 (1.076)  Loss:  3.0605 (2.8593)  Acc@1: 25.0000 (36.1400)  Acc@5: 56.2500 (63.2400)
2024-04-04 15:42:56,763 - train - INFO - Train: 21 [   0/781 (  0%)]  Loss:  4.750786 (4.7508)  Time: 1.509s,   84.84/s  (1.509s,   84.84/s)  LR: 4.941e-04  Data: 0.226 (0.226)
2024-04-04 15:43:58,532 - train - INFO - Train: 21 [  50/781 (  6%)]  Loss:  4.667793 (4.4407)  Time: 1.004s,  127.51/s  (1.241s,  103.16/s)  LR: 4.941e-04  Data: 0.010 (0.021)
2024-04-04 15:45:00,202 - train - INFO - Train: 21 [ 100/781 ( 13%)]  Loss:  4.683653 (4.4191)  Time: 1.425s,   89.80/s  (1.237s,  103.47/s)  LR: 4.941e-04  Data: 0.016 (0.018)
2024-04-04 15:46:04,447 - train - INFO - Train: 21 [ 150/781 ( 19%)]  Loss:  4.759881 (4.4326)  Time: 1.271s,  100.74/s  (1.253s,  102.16/s)  LR: 4.941e-04  Data: 0.004 (0.017)
2024-04-04 15:47:09,787 - train - INFO - Train: 21 [ 200/781 ( 26%)]  Loss:  4.781855 (4.4442)  Time: 1.308s,   97.87/s  (1.266s,  101.08/s)  LR: 4.941e-04  Data: 0.015 (0.016)
2024-04-04 15:48:15,313 - train - INFO - Train: 21 [ 250/781 ( 32%)]  Loss:  4.781570 (4.4553)  Time: 1.400s,   91.41/s  (1.275s,  100.38/s)  LR: 4.941e-04  Data: 0.032 (0.016)
2024-04-04 15:49:17,301 - train - INFO - Train: 21 [ 300/781 ( 38%)]  Loss:  4.165568 (4.4438)  Time: 1.270s,  100.81/s  (1.269s,  100.85/s)  LR: 4.941e-04  Data: 0.032 (0.016)
2024-04-04 15:50:19,387 - train - INFO - Train: 21 [ 350/781 ( 45%)]  Loss:  4.747514 (4.4551)  Time: 1.281s,   99.95/s  (1.265s,  101.16/s)  LR: 4.941e-04  Data: 0.009 (0.015)
2024-04-04 15:51:24,730 - train - INFO - Train: 21 [ 400/781 ( 51%)]  Loss:  3.947174 (4.4573)  Time: 1.125s,  113.79/s  (1.270s,  100.75/s)  LR: 4.941e-04  Data: 0.030 (0.016)
2024-04-04 15:52:29,066 - train - INFO - Train: 21 [ 450/781 ( 58%)]  Loss:  4.691291 (4.4522)  Time: 1.378s,   92.86/s  (1.272s,  100.61/s)  LR: 4.941e-04  Data: 0.004 (0.016)
2024-04-04 15:53:31,589 - train - INFO - Train: 21 [ 500/781 ( 64%)]  Loss:  4.732445 (4.4491)  Time: 1.021s,  125.37/s  (1.270s,  100.78/s)  LR: 4.941e-04  Data: 0.006 (0.015)
2024-04-04 15:54:34,845 - train - INFO - Train: 21 [ 550/781 ( 71%)]  Loss:  4.725682 (4.4425)  Time: 1.281s,   99.90/s  (1.270s,  100.82/s)  LR: 4.941e-04  Data: 0.016 (0.015)
2024-04-04 15:55:37,045 - train - INFO - Train: 21 [ 600/781 ( 77%)]  Loss:  4.814080 (4.4365)  Time: 1.302s,   98.34/s  (1.268s,  100.99/s)  LR: 4.941e-04  Data: 0.008 (0.015)
2024-04-04 15:56:40,150 - train - INFO - Train: 21 [ 650/781 ( 83%)]  Loss:  4.626349 (4.4368)  Time: 1.260s,  101.59/s  (1.267s,  101.02/s)  LR: 4.941e-04  Data: 0.005 (0.015)
2024-04-04 15:57:42,335 - train - INFO - Train: 21 [ 700/781 ( 90%)]  Loss:  3.982547 (4.4363)  Time: 1.031s,  124.18/s  (1.265s,  101.15/s)  LR: 4.941e-04  Data: 0.004 (0.015)
2024-04-04 15:58:45,489 - train - INFO - Train: 21 [ 750/781 ( 96%)]  Loss:  4.745458 (4.4380)  Time: 1.160s,  110.35/s  (1.265s,  101.16/s)  LR: 4.941e-04  Data: 0.039 (0.015)
2024-04-04 15:59:23,269 - train - INFO - Train: 21 [ 780/781 (100%)]  Loss:  4.544487 (4.4383)  Time: 1.183s,  108.23/s  (1.265s,  101.18/s)  LR: 4.941e-04  Data: 0.000 (0.015)
2024-04-04 15:59:24,340 - train - INFO - Test: [   0/78]  Time: 1.065 (1.065)  Loss:  1.6670 (1.6670)  Acc@1: 63.2812 (63.2812)  Acc@5: 84.3750 (84.3750)
2024-04-04 16:00:19,080 - train - INFO - Test: [  50/78]  Time: 1.114 (1.094)  Loss:  2.9980 (2.8517)  Acc@1: 33.5938 (36.6422)  Acc@5: 60.1562 (63.3119)
2024-04-04 16:00:48,831 - train - INFO - Test: [  78/78]  Time: 0.974 (1.083)  Loss:  3.2227 (2.8665)  Acc@1: 25.0000 (36.1200)  Acc@5: 56.2500 (62.8500)
2024-04-04 16:00:50,256 - train - INFO - Train: 22 [   0/781 (  0%)]  Loss:  4.198101 (4.1981)  Time: 1.344s,   95.21/s  (1.344s,   95.21/s)  LR: 4.935e-04  Data: 0.135 (0.135)
2024-04-04 16:01:53,249 - train - INFO - Train: 22 [  50/781 (  6%)]  Loss:  4.681195 (4.5049)  Time: 1.273s,  100.54/s  (1.261s,  101.47/s)  LR: 4.935e-04  Data: 0.007 (0.016)
2024-04-04 16:02:56,559 - train - INFO - Train: 22 [ 100/781 ( 13%)]  Loss:  4.580876 (4.4893)  Time: 1.188s,  107.74/s  (1.264s,  101.28/s)  LR: 4.935e-04  Data: 0.006 (0.014)
2024-04-04 16:04:00,713 - train - INFO - Train: 22 [ 150/781 ( 19%)]  Loss:  4.843905 (4.4792)  Time: 1.342s,   95.40/s  (1.270s,  100.78/s)  LR: 4.935e-04  Data: 0.007 (0.013)
2024-04-04 16:05:06,258 - train - INFO - Train: 22 [ 200/781 ( 26%)]  Loss:  4.465414 (4.4870)  Time: 1.310s,   97.71/s  (1.280s,   99.98/s)  LR: 4.935e-04  Data: 0.011 (0.014)
2024-04-04 16:06:12,519 - train - INFO - Train: 22 [ 250/781 ( 32%)]  Loss:  4.696309 (4.4806)  Time: 1.383s,   92.54/s  (1.289s,   99.28/s)  LR: 4.935e-04  Data: 0.004 (0.014)
2024-04-04 16:07:21,959 - train - INFO - Train: 22 [ 300/781 ( 38%)]  Loss:  4.013750 (4.4709)  Time: 1.538s,   83.25/s  (1.306s,   98.03/s)  LR: 4.935e-04  Data: 0.005 (0.013)
2024-04-04 16:08:29,999 - train - INFO - Train: 22 [ 350/781 ( 45%)]  Loss:  4.764269 (4.4624)  Time: 1.326s,   96.54/s  (1.314s,   97.44/s)  LR: 4.935e-04  Data: 0.004 (0.013)
2024-04-04 16:09:34,559 - train - INFO - Train: 22 [ 400/781 ( 51%)]  Loss:  4.336418 (4.4575)  Time: 1.411s,   90.74/s  (1.311s,   97.65/s)  LR: 4.935e-04  Data: 0.017 (0.014)
2024-04-04 16:10:40,715 - train - INFO - Train: 22 [ 450/781 ( 58%)]  Loss:  4.326746 (4.4518)  Time: 1.415s,   90.47/s  (1.312s,   97.55/s)  LR: 4.935e-04  Data: 0.030 (0.014)
2024-04-04 16:11:45,097 - train - INFO - Train: 22 [ 500/781 ( 64%)]  Loss:  4.144410 (4.4488)  Time: 1.178s,  108.66/s  (1.310s,   97.73/s)  LR: 4.935e-04  Data: 0.004 (0.014)
2024-04-04 16:12:49,393 - train - INFO - Train: 22 [ 550/781 ( 71%)]  Loss:  4.401527 (4.4435)  Time: 1.000s,  128.01/s  (1.308s,   97.89/s)  LR: 4.935e-04  Data: 0.016 (0.014)
2024-04-04 16:13:53,492 - train - INFO - Train: 22 [ 600/781 ( 77%)]  Loss:  4.751842 (4.4389)  Time: 1.273s,  100.56/s  (1.305s,   98.05/s)  LR: 4.935e-04  Data: 0.004 (0.014)
2024-04-04 16:14:57,608 - train - INFO - Train: 22 [ 650/781 ( 83%)]  Loss:  4.613669 (4.4322)  Time: 1.332s,   96.09/s  (1.304s,   98.19/s)  LR: 4.935e-04  Data: 0.005 (0.014)
2024-04-04 16:16:00,758 - train - INFO - Train: 22 [ 700/781 ( 90%)]  Loss:  4.597690 (4.4307)  Time: 1.317s,   97.22/s  (1.301s,   98.41/s)  LR: 4.935e-04  Data: 0.009 (0.014)
2024-04-04 16:17:04,202 - train - INFO - Train: 22 [ 750/781 ( 96%)]  Loss:  4.204588 (4.4318)  Time: 1.181s,  108.41/s  (1.299s,   98.57/s)  LR: 4.935e-04  Data: 0.014 (0.014)
2024-04-04 16:17:42,361 - train - INFO - Train: 22 [ 780/781 (100%)]  Loss:  4.768066 (4.4336)  Time: 1.152s,  111.08/s  (1.298s,   98.64/s)  LR: 4.935e-04  Data: 0.000 (0.014)
2024-04-04 16:17:43,326 - train - INFO - Test: [   0/78]  Time: 0.963 (0.963)  Loss:  1.3975 (1.3975)  Acc@1: 69.5312 (69.5312)  Acc@5: 88.2812 (88.2812)
2024-04-04 16:18:39,524 - train - INFO - Test: [  50/78]  Time: 0.937 (1.121)  Loss:  2.8496 (2.7738)  Acc@1: 38.2812 (37.5153)  Acc@5: 67.1875 (64.4301)
2024-04-04 16:19:10,854 - train - INFO - Test: [  78/78]  Time: 1.136 (1.120)  Loss:  3.1270 (2.7894)  Acc@1: 18.7500 (36.8400)  Acc@5: 62.5000 (64.4100)
2024-04-04 16:19:12,405 - train - INFO - Train: 23 [   0/781 (  0%)]  Loss:  4.487418 (4.4874)  Time: 1.431s,   89.46/s  (1.431s,   89.46/s)  LR: 4.929e-04  Data: 0.167 (0.167)
2024-04-04 16:20:17,804 - train - INFO - Train: 23 [  50/781 (  6%)]  Loss:  4.626850 (4.4147)  Time: 1.307s,   97.94/s  (1.310s,   97.68/s)  LR: 4.929e-04  Data: 0.034 (0.016)
2024-04-04 16:21:22,046 - train - INFO - Train: 23 [ 100/781 ( 13%)]  Loss:  4.099456 (4.4030)  Time: 1.347s,   95.04/s  (1.298s,   98.63/s)  LR: 4.929e-04  Data: 0.017 (0.015)
2024-04-04 16:22:26,023 - train - INFO - Train: 23 [ 150/781 ( 19%)]  Loss:  3.890254 (4.3898)  Time: 1.170s,  109.40/s  (1.292s,   99.09/s)  LR: 4.929e-04  Data: 0.011 (0.014)
2024-04-04 16:23:31,092 - train - INFO - Train: 23 [ 200/781 ( 26%)]  Loss:  4.467420 (4.3857)  Time: 1.089s,  117.50/s  (1.294s,   98.91/s)  LR: 4.929e-04  Data: 0.004 (0.015)
2024-04-04 16:24:38,980 - train - INFO - Train: 23 [ 250/781 ( 32%)]  Loss:  4.500312 (4.4018)  Time: 1.447s,   88.44/s  (1.307s,   97.95/s)  LR: 4.929e-04  Data: 0.004 (0.015)
2024-04-04 16:25:43,440 - train - INFO - Train: 23 [ 300/781 ( 38%)]  Loss:  3.965332 (4.3881)  Time: 1.400s,   91.44/s  (1.304s,   98.17/s)  LR: 4.929e-04  Data: 0.008 (0.014)
2024-04-04 16:26:47,535 - train - INFO - Train: 23 [ 350/781 ( 45%)]  Loss:  4.601799 (4.3906)  Time: 1.366s,   93.72/s  (1.301s,   98.41/s)  LR: 4.929e-04  Data: 0.004 (0.014)
2024-04-04 16:27:55,045 - train - INFO - Train: 23 [ 400/781 ( 51%)]  Loss:  3.924389 (4.3846)  Time: 1.355s,   94.46/s  (1.307s,   97.94/s)  LR: 4.929e-04  Data: 0.017 (0.014)
2024-04-04 16:29:04,288 - train - INFO - Train: 23 [ 450/781 ( 58%)]  Loss:  4.218673 (4.3902)  Time: 1.384s,   92.48/s  (1.316s,   97.30/s)  LR: 4.929e-04  Data: 0.015 (0.014)
2024-04-04 16:30:14,073 - train - INFO - Train: 23 [ 500/781 ( 64%)]  Loss:  4.304327 (4.3972)  Time: 1.356s,   94.39/s  (1.324s,   96.71/s)  LR: 4.929e-04  Data: 0.017 (0.014)
2024-04-04 16:31:19,086 - train - INFO - Train: 23 [ 550/781 ( 71%)]  Loss:  4.173588 (4.3979)  Time: 1.420s,   90.13/s  (1.321s,   96.87/s)  LR: 4.929e-04  Data: 0.029 (0.015)
2024-04-04 16:32:24,206 - train - INFO - Train: 23 [ 600/781 ( 77%)]  Loss:  4.623301 (4.4006)  Time: 1.148s,  111.48/s  (1.320s,   96.98/s)  LR: 4.929e-04  Data: 0.009 (0.014)
