2024-04-24 09:28:10,784 - train - INFO - Model vit_7_4_32_c100 created, param count:3740203
2024-04-24 09:28:10,800 - train - INFO - Using native Torch AMP. Training in mixed precision.
2024-04-24 09:28:10,800 - train - INFO - Scheduled epochs: 160
2024-04-24 09:28:12,252 - train - INFO - Verifying teacher model
2024-04-24 09:28:12,759 - train - INFO - Test: [   0/39]  Time: 0.506 (0.506)  Loss:  1.0146 (1.0146)  Acc@1: 77.3438 (77.3438)  Acc@5: 92.1875 (92.1875)
2024-04-24 09:28:13,221 - train - INFO - Test: [  39/39]  Time: 0.078 (0.024)  Loss:  0.7583 (1.0538)  Acc@1: 87.5000 (74.7700)  Acc@5: 87.5000 (93.6100)
2024-04-24 09:28:13,222 - train - INFO - Verifying initial model in training dataset
2024-04-24 09:28:26,479 - train - INFO - len loader.dataset:50000
2024-04-24 09:28:26,579 - train - INFO - target_block_size:8
2024-04-24 09:28:26,579 - train - INFO - use cal_delta_w
2024-04-24 09:28:27,498 - train - INFO - delta_weights_b1:[0, 0, 0, 0, 0, 0, 0, 0, 0, 0, 0, 0, 0, 0, 0, 0, 0, 0, 0, 0, 0, 0, 0, 0, 0, 0, 0, 0, 0]
2024-04-24 09:28:27,498 - train - INFO - delta_weights_b2:[351.50457763671875, 22.314584732055664, 156.28900146484375, 163.38491821289062, 239.57717895507812, 69.28750610351562, 178.64712524414062, 203.7604217529297, 265.7124328613281, 80.54813385009766, 183.97677612304688, 209.71322631835938, 268.6395263671875, 83.9842529296875, 199.22598266601562, 211.51414489746094, 266.5488586425781, 86.07634735107422, 208.7548370361328, 208.40060424804688, 251.56085205078125, 88.2378158569336, 195.35757446289062, 220.5832977294922, 241.63880920410156, 91.51056671142578, 201.8062744140625, 286.76068115234375, 38.51385498046875]
2024-04-24 09:28:27,498 - train - INFO - delta_weights_b4:[523.9573364257812, 33.80769348144531, 232.7798614501953, 244.4061737060547, 359.1443786621094, 103.25170135498047, 267.77783203125, 305.5853271484375, 397.7129211425781, 120.0351333618164, 273.0267639160156, 315.8569641113281, 404.5181579589844, 125.672119140625, 299.6506652832031, 317.4790344238281, 398.7455749511719, 128.39920043945312, 312.3149108886719, 311.5771484375, 376.1826171875, 133.25062561035156, 293.4410400390625, 332.10308837890625, 363.0630187988281, 135.65103149414062, 301.9693603515625, 433.0932312011719, 57.56800842285156]
2024-04-24 09:28:27,498 - train - INFO - delta_weights_b8:[614.5307006835938, 39.305694580078125, 271.4465637207031, 284.8215026855469, 419.2984313964844, 120.85995483398438, 310.3836975097656, 356.7107238769531, 463.7218017578125, 140.23086547851562, 318.42181396484375, 368.1622009277344, 472.52227783203125, 146.5997772216797, 349.1515197753906, 369.7528381347656, 464.79254150390625, 150.1542510986328, 366.5833435058594, 364.65753173828125, 438.0993347167969, 154.81834411621094, 342.7764587402344, 387.6376037597656, 423.8784484863281, 158.95977783203125, 352.78350830078125, 504.101806640625, 57.56800842285156]
2024-04-24 09:28:27,498 - train - INFO - delta_weights_b16:[657.8724975585938, 42.110103607177734, 290.328857421875, 304.77545166015625, 449.8907470703125, 129.4161834716797, 332.3316955566406, 382.2928771972656, 498.0946044921875, 150.46932983398438, 340.7105712890625, 394.0506896972656, 506.486572265625, 157.11871337890625, 373.9698791503906, 396.0479431152344, 497.96221923828125, 161.1146697998047, 392.6643371582031, 390.3443298339844, 470.11199951171875, 165.7008056640625, 368.2298278808594, 415.9893493652344, 455.10504150390625, 170.34945678710938, 377.5831604003906, 540.3124389648438, 57.56800842285156]
2024-04-24 09:28:27,632 - train - INFO - cir_idx:[1, 2, 3, 4, 5, 6, 7, 8, 9, 10, 11, 12, 13, 14, 15, 16, 17, 18, 19, 20, 21, 22, 23, 24, 25, 26, 27, 28, 29]
2024-04-24 09:28:27,632 - train - INFO - len params:29
2024-04-24 09:28:27,632 - train - INFO - params[0].shape:torch.Size([768, 256])
2024-04-24 09:28:27,637 - train - INFO - sensitivity_b2:[3.360937796245602e-16, 1.2879119022342692e-15, 6.0589401741249424e-15, 7.196233524711399e-15, 7.289198143529637e-16, 1.116063316796475e-15, 5.734125061709547e-15, 2.0157590552386537e-15, 1.5506884157686284e-15, 1.3813737293925455e-15, 4.544788312777891e-15, 1.4280215278637343e-15, 1.7953718820331623e-15, 1.4234846076400035e-15, 3.726100476070509e-15, 1.2558472582577208e-15, 1.6399518182447204e-15, 1.156623701233984e-15, 2.968977535068411e-15, 9.870654928855653e-16, 1.1438679144439262e-15, 6.549233337181833e-16, 2.74172071290245e-15, 8.215661076017117e-16, 1.115739009056795e-15, 3.9381227224658314e-16, 2.290219541247439e-15, 5.433721650592257e-16, 4.7929223795113024e-15]
2024-04-24 09:28:27,637 - train - INFO - sensitivity_b4:[5.676519409757966e-16, 2.252318204989598e-15, 9.437280262271884e-15, 1.0935988171891647e-14, 1.0587243743441607e-15, 1.6820257446798544e-15, 8.252429399828887e-15, 2.9517033569003434e-15, 2.227186737444563e-15, 2.056832529883962e-15, 6.6241034264225875e-15, 2.13283616096638e-15, 2.6226767966711995e-15, 2.1163080070666068e-15, 5.234450161728868e-15, 1.87454616919539e-15, 2.5130783565930183e-15, 1.7092328664621362e-15, 3.889939094442593e-15, 1.454892589324193e-15, 1.6782636478446245e-15, 9.91990989473849e-16, 3.7569722858990864e-15, 1.2249161561228355e-15, 1.6469357107739505e-15, 5.899700944656449e-16, 3.2816360306248127e-15, 8.067134378111668e-16, 7.529932318677598e-15]
2024-04-24 09:28:27,637 - train - INFO - sensitivity_b8:[6.629369536134786e-16, 2.8069820603895523e-15, 1.0921542872009173e-14, 1.2808229140921085e-14, 1.2164765315946305e-15, 1.978133639963381e-15, 8.866683293617603e-15, 3.431592626024346e-15, 2.5522472776564253e-15, 2.3901160659477692e-15, 7.04243944654433e-15, 2.48792783080667e-15, 2.9411897722007863e-15, 2.484106653423369e-15, 5.579615240702048e-15, 2.167803375094932e-15, 2.7960570294358663e-15, 2.0047948490111572e-15, 4.258752062753692e-15, 1.7026267506273815e-15, 1.9177969420316153e-15, 1.1565641971694393e-15, 4.523828482498084e-15, 1.4261866427417447e-15, 1.9197768815458222e-15, 6.942431325253199e-16, 3.818042514363174e-15, 9.349098626748554e-16, 7.529932318677598e-15]
2024-04-24 09:28:27,638 - train - INFO - sensitivity_b16:[7.1335717213394205e-16, 3.1137653236655615e-15, 1.180250795913048e-14, 1.3609625647043218e-14, 1.2953200523909553e-15, 2.1051028199656164e-15, 9.603616357288947e-15, 3.67323969093121e-15, 2.6896044697237876e-15, 2.579363555155114e-15, 7.444753838468758e-15, 2.6381872404848466e-15, 3.112011118431798e-15, 2.669750864473094e-15, 5.762849643016835e-15, 2.316648239751194e-15, 2.9993515012822396e-15, 2.1483495693953424e-15, 4.475849995266758e-15, 1.825953794835542e-15, 2.018005386614772e-15, 1.2313141136108025e-15, 4.5759887713900035e-15, 1.529986295263023e-15, 2.0583864118257e-15, 7.430520826218689e-16, 4.055993974521168e-15, 1.006273129634859e-15, 7.529932318677598e-15]
2024-04-24 09:28:27,684 - train - INFO - result:[16 16  1  1 16 16 16 16 16 16 16 16 16 16 16 16 16 16 16 16 16 16 16 16
 16 16 16 16  1]
2024-04-24 09:28:27,685 - train - INFO - origin_latency:989.1829605102539
2024-04-24 09:28:27,685 - train - INFO - current_latency-origin_latency:-68.69610118865967
2024-04-24 20:01:22,844 - train - INFO - Model vit_7_4_32_c100 created, param count:3740203
2024-04-24 20:01:22,859 - train - INFO - Using native Torch AMP. Training in mixed precision.
2024-04-24 20:01:22,860 - train - INFO - Scheduled epochs: 160
2024-04-24 20:01:24,481 - train - INFO - Verifying initial model in training dataset
2024-04-24 20:01:39,626 - train - INFO - len loader.dataset:50000
2024-04-24 20:01:39,853 - train - INFO - target_block_size:4
2024-04-24 20:01:39,854 - train - INFO - use cal_delta_w
2024-04-24 20:01:40,830 - train - INFO - delta_weights_b1:[0, 0, 0, 0, 0, 0, 0, 0, 0, 0, 0, 0, 0, 0, 0, 0, 0, 0, 0, 0, 0, 0, 0, 0, 0, 0, 0, 0, 0]
2024-04-24 20:01:40,831 - train - INFO - delta_weights_b2:[351.52459716796875, 22.314756393432617, 156.27853393554688, 163.38128662109375, 239.5942840576172, 69.28966522216797, 178.64358520507812, 203.75244140625, 265.7002258300781, 80.54659271240234, 183.97927856445312, 209.7202911376953, 268.6486511230469, 83.98220825195312, 199.22848510742188, 211.50550842285156, 266.5478820800781, 86.0785903930664, 208.7626495361328, 208.4094696044922, 251.56777954101562, 88.23809814453125, 195.35304260253906, 220.58236694335938, 241.61729431152344, 91.49808502197266, 201.79803466796875, 286.7525329589844, 38.504215240478516]
2024-04-24 20:01:40,831 - train - INFO - delta_weights_b4:[523.9732055664062, 33.805850982666016, 232.75885009765625, 244.3978271484375, 359.1662292480469, 103.2568588256836, 267.7757568359375, 305.5727233886719, 397.6982421875, 120.03346252441406, 273.0384216308594, 315.8687744140625, 404.54046630859375, 125.67100524902344, 299.647705078125, 317.47027587890625, 398.7462463378906, 128.40017700195312, 312.3218078613281, 311.57562255859375, 376.1946105957031, 133.2471466064453, 293.43603515625, 332.10101318359375, 363.04119873046875, 135.6358642578125, 301.96234130859375, 433.07489013671875, 57.553565979003906]
2024-04-24 20:01:40,831 - train - INFO - delta_weights_b8:[614.55029296875, 39.30339813232422, 271.4229431152344, 284.8109436035156, 419.32452392578125, 120.86609649658203, 310.3804931640625, 356.6981201171875, 463.7054443359375, 140.2281036376953, 318.4356994628906, 368.1771240234375, 472.5415954589844, 146.59994506835938, 349.1517333984375, 369.7441711425781, 464.7843017578125, 150.1587371826172, 366.5937805175781, 364.6595764160156, 438.1103515625, 154.81236267089844, 342.7740478515625, 387.634521484375, 423.8491516113281, 158.9434356689453, 352.7693786621094, 504.0765380859375, 57.553565979003906]
2024-04-24 20:01:40,831 - train - INFO - delta_weights_b16:[657.8932495117188, 42.10810470581055, 290.3061828613281, 304.7679748535156, 449.9173889160156, 129.42189025878906, 332.32989501953125, 382.27801513671875, 498.07562255859375, 150.4674072265625, 340.7276306152344, 394.06536865234375, 506.51361083984375, 157.12155151367188, 373.9702453613281, 396.0342102050781, 497.954833984375, 161.1192626953125, 392.67401123046875, 390.3456726074219, 470.1219787597656, 165.69493103027344, 368.2323303222656, 415.98724365234375, 455.0690612792969, 170.3325958251953, 377.5679016113281, 540.2836303710938, 57.553565979003906]
2024-04-24 20:01:41,056 - train - INFO - cir_idx:[1, 2, 3, 4, 5, 6, 7, 8, 9, 10, 11, 12, 13, 14, 15, 16, 17, 18, 19, 20, 21, 22, 23, 24, 25, 26, 27, 28, 29]
2024-04-24 20:01:41,056 - train - INFO - len params:29
2024-04-24 20:01:41,056 - train - INFO - params[0].shape:torch.Size([768, 256])
2024-04-24 20:01:41,070 - train - INFO - sensitivity_b1:[0, 0, 0, 0, 0, 0, 0, 0, 0, 0, 0, 0, 0, 0, 0, 0, 0, 0, 0, 0, 0, 0, 0, 0, 0, 0, 0, 0, 0]
2024-04-24 20:01:41,070 - train - INFO - sensitivity_b2:[9.023433516770589e-16, 2.8406065155384694e-15, 1.1842360859298795e-14, 1.275117130752814e-14, 1.678478794213227e-15, 2.4468304274806018e-15, 9.712257650136731e-15, 3.97502736564255e-15, 3.425543963748003e-15, 3.168478358102269e-15, 8.67013946260261e-15, 2.9930497879129044e-15, 3.7781269337567626e-15, 3.085390355207253e-15, 7.89170601968054e-15, 2.6859480402487276e-15, 3.4478611643257856e-15, 2.5529386682996216e-15, 6.768043970314247e-15, 2.4437580272226736e-15, 2.2991459979620783e-15, 1.3294120697267568e-15, 5.683426751684588e-15, 1.7977168927476358e-15, 2.37456390576147e-15, 9.556060539498302e-16, 4.863513681819002e-15, 1.0513466114944574e-15, 9.545080451403044e-15]
2024-04-24 20:01:41,071 - train - INFO - sensitivity_b4:[1.4444278148982212e-15, 4.8928942901439385e-15, 1.8294478480946133e-14, 1.9928625264765965e-14, 2.4347746075423313e-15, 3.620300131727816e-15, 1.434715756300827e-14, 5.775407753492827e-15, 4.902283650364252e-15, 4.717163752708878e-15, 1.1410163144995236e-14, 4.44070575125223e-15, 5.5514958644355735e-15, 4.593231821097259e-15, 1.0293252795251506e-14, 4.041989555287739e-15, 5.2027656237874e-15, 3.829708699145708e-15, 8.819695834934565e-15, 3.592756314349001e-15, 3.374178827035318e-15, 2.044139105894646e-15, 7.878575314932204e-15, 2.6793168310629105e-15, 3.596394320857458e-15, 1.4435921110166365e-15, 7.213051363879133e-15, 1.5220591256679067e-15, 1.4723828032454575e-14]
2024-04-24 20:01:41,071 - train - INFO - sensitivity_b8:[1.6118534060436903e-15, 6.302346949979727e-15, 2.2022375513897768e-14, 2.3422419331755456e-14, 2.901431739722564e-15, 4.233553679605824e-15, 1.5550003640415686e-14, 6.692920618222263e-15, 5.6395728913899174e-15, 5.504529581576217e-15, 1.2626682875270176e-14, 5.172823432618434e-15, 6.375032541249513e-15, 5.35984788385571e-15, 1.0901893401698767e-14, 4.64010281275005e-15, 6.022691822663668e-15, 4.505044679859772e-15, 9.729720081377326e-15, 4.225785116930081e-15, 3.897056288781897e-15, 2.374605622134122e-15, 9.356336099766369e-15, 3.0975632774504812e-15, 4.254403819118962e-15, 1.7001723667835937e-15, 8.48817052751102e-15, 1.7331551944749658e-15, 1.4723828032454575e-14]
2024-04-24 20:01:41,071 - train - INFO - sensitivity_b16:[1.796540787500373e-15, 6.883427645422175e-15, 2.3781295333045842e-14, 2.496826462488992e-14, 2.9993978763361018e-15, 4.536625879781675e-15, 1.6865040925752826e-14, 7.18622583043959e-15, 5.9928428051189e-15, 5.903953897084613e-15, 1.3410738922896119e-14, 5.484616684019216e-15, 6.828161710229147e-15, 5.755859080103145e-15, 1.13670313802881e-14, 5.0220778260285336e-15, 6.429114324382279e-15, 4.819588247240289e-15, 1.0152486083813209e-14, 4.506123799834574e-15, 4.159196045298158e-15, 2.5294665382982577e-15, 9.20972062582728e-15, 3.32664778495838e-15, 4.5220920649562124e-15, 1.8214962839506162e-15, 9.080327025771766e-15, 1.8529978627754773e-15, 1.4723828032454575e-14]
2024-04-24 20:01:41,142 - train - INFO - result:[16  2  1  1 16 16  1 16 16  1  1 16 16  1  1 16 16 16 16 16 16 16 16 16
 16 16 16 16  1]
2024-04-24 20:01:41,142 - train - INFO - origin_latency:1736.5204524993896
2024-04-24 20:01:41,142 - train - INFO - current_latency-origin_latency:-23.175273895263672
2024-04-24 22:08:49,606 - train - INFO - Model vit_7_4_32_c100 created, param count:3740203
2024-04-24 22:08:49,620 - train - INFO - Using native Torch AMP. Training in mixed precision.
2024-04-24 22:08:49,620 - train - INFO - Scheduled epochs: 160
2024-04-24 22:08:50,979 - train - INFO - Verifying initial model in training dataset
2024-04-24 22:09:04,925 - train - INFO - len loader.dataset:50000
2024-04-24 22:09:05,160 - train - INFO - target_block_size:2
2024-04-24 22:09:05,160 - train - INFO - use cal_delta_w
2024-04-24 22:09:06,104 - train - INFO - delta_weights_b1:[0, 0, 0, 0, 0, 0, 0, 0, 0, 0, 0, 0, 0, 0, 0, 0, 0, 0, 0, 0, 0, 0, 0, 0, 0, 0, 0, 0, 0]
2024-04-24 22:09:06,105 - train - INFO - delta_weights_b2:[351.52459716796875, 22.314756393432617, 156.27853393554688, 163.38128662109375, 239.5942840576172, 69.28966522216797, 178.64358520507812, 203.75244140625, 265.7002258300781, 80.54659271240234, 183.97927856445312, 209.7202911376953, 268.6486511230469, 83.98220825195312, 199.22848510742188, 211.50550842285156, 266.5478820800781, 86.0785903930664, 208.7626495361328, 208.4094696044922, 251.56777954101562, 88.23809814453125, 195.35304260253906, 220.58236694335938, 241.61729431152344, 91.49808502197266, 201.79803466796875, 286.7525329589844, 38.504215240478516]
2024-04-24 22:09:06,105 - train - INFO - delta_weights_b4:[523.9732055664062, 33.805850982666016, 232.75885009765625, 244.3978271484375, 359.1662292480469, 103.2568588256836, 267.7757568359375, 305.5727233886719, 397.6982421875, 120.03346252441406, 273.0384216308594, 315.8687744140625, 404.54046630859375, 125.67100524902344, 299.647705078125, 317.47027587890625, 398.7462463378906, 128.40017700195312, 312.3218078613281, 311.57562255859375, 376.1946105957031, 133.2471466064453, 293.43603515625, 332.10101318359375, 363.04119873046875, 135.6358642578125, 301.96234130859375, 433.07489013671875, 57.553565979003906]
2024-04-24 22:09:06,105 - train - INFO - delta_weights_b8:[614.55029296875, 39.30339813232422, 271.4229431152344, 284.8109436035156, 419.32452392578125, 120.86609649658203, 310.3804931640625, 356.6981201171875, 463.7054443359375, 140.2281036376953, 318.4356994628906, 368.1771240234375, 472.5415954589844, 146.59994506835938, 349.1517333984375, 369.7441711425781, 464.7843017578125, 150.1587371826172, 366.5937805175781, 364.6595764160156, 438.1103515625, 154.81236267089844, 342.7740478515625, 387.634521484375, 423.8491516113281, 158.9434356689453, 352.7693786621094, 504.0765380859375, 57.553565979003906]
2024-04-24 22:09:06,105 - train - INFO - delta_weights_b16:[657.8932495117188, 42.10810470581055, 290.3061828613281, 304.7679748535156, 449.9173889160156, 129.42189025878906, 332.32989501953125, 382.27801513671875, 498.07562255859375, 150.4674072265625, 340.7276306152344, 394.06536865234375, 506.51361083984375, 157.12155151367188, 373.9702453613281, 396.0342102050781, 497.954833984375, 161.1192626953125, 392.67401123046875, 390.3456726074219, 470.1219787597656, 165.69493103027344, 368.2323303222656, 415.98724365234375, 455.0690612792969, 170.3325958251953, 377.5679016113281, 540.2836303710938, 57.553565979003906]
2024-04-24 22:09:06,293 - train - INFO - cir_idx:[1, 2, 3, 4, 5, 6, 7, 8, 9, 10, 11, 12, 13, 14, 15, 16, 17, 18, 19, 20, 21, 22, 23, 24, 25, 26, 27, 28, 29]
2024-04-24 22:09:06,293 - train - INFO - len params:29
2024-04-24 22:09:06,294 - train - INFO - params[0].shape:torch.Size([768, 256])
2024-04-24 22:09:06,303 - train - INFO - sensitivity_b1:[0, 0, 0, 0, 0, 0, 0, 0, 0, 0, 0, 0, 0, 0, 0, 0, 0, 0, 0, 0, 0, 0, 0, 0, 0, 0, 0, 0, 0]
2024-04-24 22:09:06,303 - train - INFO - sensitivity_b2:[9.023433516770589e-16, 2.8406065155384694e-15, 1.1842360859298795e-14, 1.275117130752814e-14, 1.678478794213227e-15, 2.4468304274806018e-15, 9.712257650136731e-15, 3.97502736564255e-15, 3.425543963748003e-15, 3.168478358102269e-15, 8.67013946260261e-15, 2.9930497879129044e-15, 3.7781269337567626e-15, 3.085390355207253e-15, 7.89170601968054e-15, 2.6859480402487276e-15, 3.4478611643257856e-15, 2.5529386682996216e-15, 6.768043970314247e-15, 2.4437580272226736e-15, 2.2991459979620783e-15, 1.3294120697267568e-15, 5.683426751684588e-15, 1.7977168927476358e-15, 2.37456390576147e-15, 9.556060539498302e-16, 4.863513681819002e-15, 1.0513466114944574e-15, 9.545080451403044e-15]
2024-04-24 22:09:06,303 - train - INFO - sensitivity_b4:[1.4444278148982212e-15, 4.8928942901439385e-15, 1.8294478480946133e-14, 1.9928625264765965e-14, 2.4347746075423313e-15, 3.620300131727816e-15, 1.434715756300827e-14, 5.775407753492827e-15, 4.902283650364252e-15, 4.717163752708878e-15, 1.1410163144995236e-14, 4.44070575125223e-15, 5.5514958644355735e-15, 4.593231821097259e-15, 1.0293252795251506e-14, 4.041989555287739e-15, 5.2027656237874e-15, 3.829708699145708e-15, 8.819695834934565e-15, 3.592756314349001e-15, 3.374178827035318e-15, 2.044139105894646e-15, 7.878575314932204e-15, 2.6793168310629105e-15, 3.596394320857458e-15, 1.4435921110166365e-15, 7.213051363879133e-15, 1.5220591256679067e-15, 1.4723828032454575e-14]
2024-04-24 22:09:06,303 - train - INFO - sensitivity_b8:[1.6118534060436903e-15, 6.302346949979727e-15, 2.2022375513897768e-14, 2.3422419331755456e-14, 2.901431739722564e-15, 4.233553679605824e-15, 1.5550003640415686e-14, 6.692920618222263e-15, 5.6395728913899174e-15, 5.504529581576217e-15, 1.2626682875270176e-14, 5.172823432618434e-15, 6.375032541249513e-15, 5.35984788385571e-15, 1.0901893401698767e-14, 4.64010281275005e-15, 6.022691822663668e-15, 4.505044679859772e-15, 9.729720081377326e-15, 4.225785116930081e-15, 3.897056288781897e-15, 2.374605622134122e-15, 9.356336099766369e-15, 3.0975632774504812e-15, 4.254403819118962e-15, 1.7001723667835937e-15, 8.48817052751102e-15, 1.7331551944749658e-15, 1.4723828032454575e-14]
2024-04-24 22:09:06,303 - train - INFO - sensitivity_b16:[1.796540787500373e-15, 6.883427645422175e-15, 2.3781295333045842e-14, 2.496826462488992e-14, 2.9993978763361018e-15, 4.536625879781675e-15, 1.6865040925752826e-14, 7.18622583043959e-15, 5.9928428051189e-15, 5.903953897084613e-15, 1.3410738922896119e-14, 5.484616684019216e-15, 6.828161710229147e-15, 5.755859080103145e-15, 1.13670313802881e-14, 5.0220778260285336e-15, 6.429114324382279e-15, 4.819588247240289e-15, 1.0152486083813209e-14, 4.506123799834574e-15, 4.159196045298158e-15, 2.5294665382982577e-15, 9.20972062582728e-15, 3.32664778495838e-15, 4.5220920649562124e-15, 1.8214962839506162e-15, 9.080327025771766e-15, 1.8529978627754773e-15, 1.4723828032454575e-14]
2024-04-24 22:09:06,371 - train - INFO - result:[16  1  1  1 16  1  1  1 16  1  1  1 16  1  1  1 16  1  1 16 16 16  1 16
 16 16  1 16  1]
2024-04-24 22:09:06,371 - train - INFO - origin_latency:3122.550905227661
2024-04-24 22:09:06,371 - train - INFO - current_latency-origin_latency:-76.91825294494629
