2024-04-02 21:25:06,778 - train - INFO - Training with a single process on 1 GPUs.
2024-04-02 21:25:24,786 - train - INFO - Model vit_7_4_32_c100 created, param count:3740147
2024-04-02 21:25:24,853 - train - INFO - Using native Torch AMP. Training in mixed precision.
2024-04-02 21:25:24,858 - train - INFO - Scheduled epochs: 310
2024-04-02 21:25:27,169 - train - INFO - Verifying teacher model
2024-04-02 21:25:28,654 - train - INFO - Test: [   0/19]  Time: 1.484 (1.484)  Loss:  1.0820 (1.0820)  Acc@1: 74.6094 (74.6094)  Acc@5: 92.5781 (92.5781)
2024-04-02 21:25:29,156 - train - INFO - Test: [  19/19]  Time: 0.022 (0.099)  Loss:  1.0488 (1.0538)  Acc@1: 75.7353 (74.7700)  Acc@5: 92.6471 (93.6100)
2024-04-02 21:25:29,157 - train - INFO - Verifying initial model
2024-04-02 21:25:31,993 - train - INFO - Test: [   0/19]  Time: 2.835 (2.835)  Loss:  4.4648 (4.4648)  Acc@1:  3.3203 ( 3.3203)  Acc@5: 12.1094 (12.1094)
2024-04-02 21:26:22,243 - train - INFO - Test: [  19/19]  Time: 2.570 (2.654)  Loss:  4.4414 (4.4702)  Acc@1:  2.2059 ( 3.2600)  Acc@5:  9.5588 (11.8700)
2024-04-02 21:26:26,229 - train - INFO - Train: 0 [   0/97 (  0%)]  Loss:  4.602242 (4.6022)  Time: 3.983s,  128.56/s  (3.983s,  128.56/s)  LR: 1.000e-05  Data: 0.856 (0.856)
2024-04-02 21:28:41,475 - train - INFO - Train: 0 [  50/97 ( 52%)]  Loss:  4.547268 (4.5469)  Time: 2.511s,  203.87/s  (2.730s,  187.55/s)  LR: 1.000e-05  Data: 0.017 (0.039)
2024-04-02 21:30:49,321 - train - INFO - Train: 0 [  96/97 (100%)]  Loss:  4.470028 (4.5213)  Time: 2.908s,  176.07/s  (2.753s,  185.96/s)  LR: 1.000e-05  Data: 0.000 (0.031)
2024-04-02 21:30:52,282 - train - INFO - Test: [   0/19]  Time: 2.958 (2.958)  Loss:  4.2383 (4.2383)  Acc@1:  8.5938 ( 8.5938)  Acc@5: 31.0547 (31.0547)
2024-04-02 21:31:45,088 - train - INFO - Test: [  19/19]  Time: 2.942 (2.788)  Loss:  4.2031 (4.2285)  Acc@1: 10.6618 (10.2500)  Acc@5: 30.5147 (30.6600)
2024-04-02 21:31:49,113 - train - INFO - Train: 1 [   0/97 (  0%)]  Loss:  4.495181 (4.4952)  Time: 3.650s,  140.28/s  (3.650s,  140.28/s)  LR: 8.400e-05  Data: 0.507 (0.507)
2024-04-02 21:34:04,722 - train - INFO - Train: 1 [  50/97 ( 52%)]  Loss:  4.216450 (4.3592)  Time: 2.826s,  181.18/s  (2.731s,  187.51/s)  LR: 8.400e-05  Data: 0.046 (0.032)
2024-04-02 21:36:09,643 - train - INFO - Train: 1 [  96/97 (100%)]  Loss:  4.036966 (4.2935)  Time: 2.582s,  198.28/s  (2.723s,  188.00/s)  LR: 8.400e-05  Data: 0.000 (0.028)
2024-04-02 21:36:12,470 - train - INFO - Test: [   0/19]  Time: 2.825 (2.825)  Loss:  3.3555 (3.3555)  Acc@1: 26.3672 (26.3672)  Acc@5: 55.6641 (55.6641)
2024-04-02 21:37:02,626 - train - INFO - Test: [  19/19]  Time: 2.604 (2.649)  Loss:  3.3633 (3.3536)  Acc@1: 24.2647 (25.4300)  Acc@5: 54.7794 (55.8200)
2024-04-02 21:37:06,244 - train - INFO - Train: 2 [   0/97 (  0%)]  Loss:  4.137684 (4.1377)  Time: 3.381s,  151.42/s  (3.381s,  151.42/s)  LR: 1.580e-04  Data: 0.624 (0.624)
2024-04-02 21:39:23,287 - train - INFO - Train: 2 [  50/97 ( 52%)]  Loss:  3.780510 (4.0595)  Time: 2.837s,  180.49/s  (2.753s,  185.95/s)  LR: 1.580e-04  Data: 0.059 (0.034)
2024-04-02 21:41:34,500 - train - INFO - Train: 2 [  96/97 (100%)]  Loss:  3.962308 (4.0380)  Time: 2.598s,  197.06/s  (2.800s,  182.83/s)  LR: 1.580e-04  Data: 0.000 (0.030)
2024-04-02 21:41:37,260 - train - INFO - Test: [   0/19]  Time: 2.758 (2.758)  Loss:  2.8379 (2.8379)  Acc@1: 36.3281 (36.3281)  Acc@5: 65.8203 (65.8203)
2024-04-02 21:42:27,418 - train - INFO - Test: [  19/19]  Time: 2.677 (2.646)  Loss:  2.8320 (2.8040)  Acc@1: 36.3971 (36.1000)  Acc@5: 66.9118 (68.2100)
2024-04-02 21:42:30,900 - train - INFO - Train: 3 [   0/97 (  0%)]  Loss:  4.158432 (4.1584)  Time: 3.159s,  162.07/s  (3.159s,  162.07/s)  LR: 2.320e-04  Data: 0.437 (0.437)
2024-04-02 21:44:51,516 - train - INFO - Train: 3 [  50/97 ( 52%)]  Loss:  3.915853 (3.8568)  Time: 2.709s,  189.02/s  (2.819s,  181.62/s)  LR: 2.320e-04  Data: 0.052 (0.030)
2024-04-02 21:46:55,700 - train - INFO - Train: 3 [  96/97 (100%)]  Loss:  3.769196 (3.8385)  Time: 2.483s,  206.22/s  (2.762s,  185.34/s)  LR: 2.320e-04  Data: 0.000 (0.027)
2024-04-02 21:46:58,484 - train - INFO - Test: [   0/19]  Time: 2.782 (2.782)  Loss:  2.5137 (2.5137)  Acc@1: 43.1641 (43.1641)  Acc@5: 72.2656 (72.2656)
2024-04-02 21:47:49,167 - train - INFO - Test: [  19/19]  Time: 2.626 (2.673)  Loss:  2.4961 (2.4459)  Acc@1: 40.4412 (43.0800)  Acc@5: 72.0588 (74.7300)
2024-04-02 21:47:52,375 - train - INFO - Train: 4 [   0/97 (  0%)]  Loss:  4.057817 (4.0578)  Time: 3.020s,  169.55/s  (3.020s,  169.55/s)  LR: 3.060e-04  Data: 0.389 (0.389)
2024-04-02 21:50:06,835 - train - INFO - Train: 4 [  50/97 ( 52%)]  Loss:  3.708374 (3.6749)  Time: 2.813s,  182.03/s  (2.696s,  189.93/s)  LR: 3.060e-04  Data: 0.008 (0.031)
2024-04-02 21:52:14,798 - train - INFO - Train: 4 [  96/97 (100%)]  Loss:  3.637041 (3.6438)  Time: 2.565s,  199.64/s  (2.736s,  187.10/s)  LR: 3.060e-04  Data: 0.000 (0.028)
2024-04-02 21:52:17,580 - train - INFO - Test: [   0/19]  Time: 2.780 (2.780)  Loss:  2.1836 (2.1836)  Acc@1: 49.8047 (49.8047)  Acc@5: 77.5391 (77.5391)
2024-04-02 21:53:07,808 - train - INFO - Test: [  19/19]  Time: 2.694 (2.650)  Loss:  2.1895 (2.1448)  Acc@1: 48.1618 (49.1000)  Acc@5: 77.2059 (79.0200)
2024-04-02 21:53:11,332 - train - INFO - Train: 5 [   0/97 (  0%)]  Loss:  3.464972 (3.4650)  Time: 3.285s,  155.86/s  (3.285s,  155.86/s)  LR: 3.800e-04  Data: 0.592 (0.592)
2024-04-02 21:55:26,951 - train - INFO - Train: 5 [  50/97 ( 52%)]  Loss:  3.705201 (3.5856)  Time: 2.807s,  182.37/s  (2.724s,  187.99/s)  LR: 3.800e-04  Data: 0.017 (0.034)
2024-04-02 21:57:30,733 - train - INFO - Train: 5 [  96/97 (100%)]  Loss:  3.862707 (3.5826)  Time: 2.680s,  191.06/s  (2.708s,  189.06/s)  LR: 3.800e-04  Data: 0.000 (0.028)
2024-04-02 21:57:33,506 - train - INFO - Test: [   0/19]  Time: 2.768 (2.768)  Loss:  2.0020 (2.0020)  Acc@1: 52.5391 (52.5391)  Acc@5: 81.0547 (81.0547)
2024-04-02 21:58:23,087 - train - INFO - Test: [  19/19]  Time: 2.475 (2.617)  Loss:  2.0352 (1.9787)  Acc@1: 51.8382 (52.3400)  Acc@5: 79.7794 (81.4900)
2024-04-02 21:58:26,639 - train - INFO - Train: 6 [   0/97 (  0%)]  Loss:  3.171919 (3.1719)  Time: 3.321s,  154.16/s  (3.321s,  154.16/s)  LR: 4.540e-04  Data: 0.567 (0.567)
2024-04-02 22:00:43,742 - train - INFO - Train: 6 [  50/97 ( 52%)]  Loss:  2.935695 (3.4564)  Time: 2.882s,  177.63/s  (2.753s,  185.95/s)  LR: 4.540e-04  Data: 0.015 (0.035)
2024-04-02 22:02:50,594 - train - INFO - Train: 6 [  96/97 (100%)]  Loss:  3.731965 (3.4560)  Time: 2.633s,  194.45/s  (2.755s,  185.82/s)  LR: 4.540e-04  Data: 0.000 (0.030)
2024-04-02 22:02:53,380 - train - INFO - Test: [   0/19]  Time: 2.776 (2.776)  Loss:  1.8682 (1.8682)  Acc@1: 53.9062 (53.9062)  Acc@5: 80.4688 (80.4688)
2024-04-02 22:03:42,568 - train - INFO - Test: [  19/19]  Time: 2.482 (2.598)  Loss:  1.8584 (1.8285)  Acc@1: 55.8824 (54.8800)  Acc@5: 80.5147 (83.2600)
2024-04-02 22:03:45,745 - train - INFO - Train: 7 [   0/97 (  0%)]  Loss:  3.056638 (3.0566)  Time: 2.936s,  174.38/s  (2.936s,  174.38/s)  LR: 5.280e-04  Data: 0.407 (0.407)
2024-04-02 22:05:59,511 - train - INFO - Train: 7 [  50/97 ( 52%)]  Loss:  2.821159 (3.3981)  Time: 2.753s,  185.98/s  (2.680s,  191.02/s)  LR: 5.280e-04  Data: 0.026 (0.029)
2024-04-02 22:08:02,325 - train - INFO - Train: 7 [  96/97 (100%)]  Loss:  3.098456 (3.3898)  Time: 2.612s,  196.01/s  (2.675s,  191.38/s)  LR: 5.280e-04  Data: 0.000 (0.027)
2024-04-02 22:08:05,057 - train - INFO - Test: [   0/19]  Time: 2.731 (2.731)  Loss:  1.7188 (1.7188)  Acc@1: 58.2031 (58.2031)  Acc@5: 85.1562 (85.1562)
2024-04-02 22:08:54,810 - train - INFO - Test: [  19/19]  Time: 2.467 (2.624)  Loss:  1.7148 (1.6919)  Acc@1: 62.1324 (58.6200)  Acc@5: 81.9853 (86.1900)
2024-04-02 22:08:58,304 - train - INFO - Train: 8 [   0/97 (  0%)]  Loss:  3.115911 (3.1159)  Time: 3.202s,  159.92/s  (3.202s,  159.92/s)  LR: 6.020e-04  Data: 0.468 (0.468)
2024-04-02 22:11:15,967 - train - INFO - Train: 8 [  50/97 ( 52%)]  Loss:  3.766607 (3.4158)  Time: 2.892s,  177.02/s  (2.762s,  185.37/s)  LR: 6.020e-04  Data: 0.013 (0.035)
2024-04-02 22:13:20,420 - train - INFO - Train: 8 [  96/97 (100%)]  Loss:  3.132410 (3.3718)  Time: 2.779s,  184.27/s  (2.735s,  187.19/s)  LR: 6.020e-04  Data: 0.000 (0.029)
2024-04-02 22:13:23,504 - train - INFO - Test: [   0/19]  Time: 3.082 (3.082)  Loss:  1.6367 (1.6367)  Acc@1: 59.1797 (59.1797)  Acc@5: 85.1562 (85.1562)
2024-04-02 22:14:13,164 - train - INFO - Test: [  19/19]  Time: 2.653 (2.637)  Loss:  1.6631 (1.5965)  Acc@1: 61.3971 (60.0200)  Acc@5: 84.5588 (86.9500)
2024-04-02 22:14:16,398 - train - INFO - Train: 9 [   0/97 (  0%)]  Loss:  3.688911 (3.6889)  Time: 3.052s,  167.76/s  (3.052s,  167.76/s)  LR: 6.760e-04  Data: 0.430 (0.430)
2024-04-02 22:16:26,772 - train - INFO - Train: 9 [  50/97 ( 52%)]  Loss:  3.658024 (3.3101)  Time: 2.494s,  205.26/s  (2.616s,  195.71/s)  LR: 6.760e-04  Data: 0.009 (0.030)
2024-04-02 22:18:28,188 - train - INFO - Train: 9 [  96/97 (100%)]  Loss:  2.731845 (3.2984)  Time: 2.595s,  197.26/s  (2.627s,  194.89/s)  LR: 6.760e-04  Data: 0.000 (0.027)
2024-04-02 22:18:30,994 - train - INFO - Test: [   0/19]  Time: 2.804 (2.804)  Loss:  1.6436 (1.6436)  Acc@1: 58.0078 (58.0078)  Acc@5: 84.7656 (84.7656)
2024-04-02 22:19:20,184 - train - INFO - Test: [  19/19]  Time: 2.449 (2.600)  Loss:  1.5791 (1.5712)  Acc@1: 62.1324 (60.8400)  Acc@5: 86.3971 (87.3700)
2024-04-02 22:19:23,736 - train - INFO - Train: 10 [   0/97 (  0%)]  Loss:  3.142437 (3.1424)  Time: 3.302s,  155.07/s  (3.302s,  155.07/s)  LR: 7.480e-04  Data: 0.634 (0.634)
2024-04-02 22:21:38,419 - train - INFO - Train: 10 [  50/97 ( 52%)]  Loss:  3.149959 (3.3026)  Time: 2.595s,  197.30/s  (2.706s,  189.24/s)  LR: 7.480e-04  Data: 0.013 (0.037)
2024-04-02 22:23:39,194 - train - INFO - Train: 10 [  96/97 (100%)]  Loss:  3.426498 (3.2724)  Time: 2.654s,  192.88/s  (2.668s,  191.94/s)  LR: 7.480e-04  Data: 0.000 (0.030)
2024-04-02 22:23:41,814 - train - INFO - Test: [   0/19]  Time: 2.618 (2.618)  Loss:  1.5938 (1.5938)  Acc@1: 59.9609 (59.9609)  Acc@5: 84.9609 (84.9609)
2024-04-02 22:24:30,857 - train - INFO - Test: [  19/19]  Time: 2.675 (2.583)  Loss:  1.5381 (1.5257)  Acc@1: 62.5000 (61.6800)  Acc@5: 87.5000 (87.7600)
2024-04-02 22:24:34,363 - train - INFO - Train: 11 [   0/97 (  0%)]  Loss:  3.475291 (3.4753)  Time: 3.244s,  157.81/s  (3.244s,  157.81/s)  LR: 7.475e-04  Data: 0.476 (0.476)
2024-04-02 22:26:47,563 - train - INFO - Train: 11 [  50/97 ( 52%)]  Loss:  3.391175 (3.2393)  Time: 2.516s,  203.47/s  (2.675s,  191.38/s)  LR: 7.475e-04  Data: 0.018 (0.036)
2024-04-02 22:28:47,983 - train - INFO - Train: 11 [  96/97 (100%)]  Loss:  3.446824 (3.2104)  Time: 2.539s,  201.69/s  (2.648s,  193.35/s)  LR: 7.475e-04  Data: 0.000 (0.028)
2024-04-02 22:28:50,647 - train - INFO - Test: [   0/19]  Time: 2.658 (2.658)  Loss:  1.5264 (1.5264)  Acc@1: 60.9375 (60.9375)  Acc@5: 86.9141 (86.9141)
2024-04-02 22:29:39,131 - train - INFO - Test: [  19/19]  Time: 2.576 (2.557)  Loss:  1.4316 (1.4643)  Acc@1: 66.1765 (62.6600)  Acc@5: 88.2353 (88.3300)
2024-04-02 22:29:42,279 - train - INFO - Train: 12 [   0/97 (  0%)]  Loss:  3.469215 (3.4692)  Time: 3.004s,  170.41/s  (3.004s,  170.41/s)  LR: 7.471e-04  Data: 0.318 (0.318)
2024-04-02 22:32:01,669 - train - INFO - Train: 12 [  50/97 ( 52%)]  Loss:  3.047852 (3.1152)  Time: 2.723s,  187.99/s  (2.792s,  183.38/s)  LR: 7.471e-04  Data: 0.018 (0.031)
2024-04-02 22:34:02,530 - train - INFO - Train: 12 [  96/97 (100%)]  Loss:  3.793292 (3.1888)  Time: 2.485s,  206.02/s  (2.714s,  188.65/s)  LR: 7.471e-04  Data: 0.000 (0.026)
2024-04-02 22:34:05,126 - train - INFO - Test: [   0/19]  Time: 2.581 (2.581)  Loss:  1.5713 (1.5713)  Acc@1: 59.5703 (59.5703)  Acc@5: 86.5234 (86.5234)
2024-04-02 22:34:53,726 - train - INFO - Test: [  19/19]  Time: 2.529 (2.559)  Loss:  1.5439 (1.5027)  Acc@1: 62.5000 (62.7100)  Acc@5: 85.6618 (88.0400)
2024-04-02 22:34:57,154 - train - INFO - Train: 13 [   0/97 (  0%)]  Loss:  3.284605 (3.2846)  Time: 3.074s,  166.53/s  (3.074s,  166.53/s)  LR: 7.466e-04  Data: 0.496 (0.496)
2024-04-02 22:37:09,152 - train - INFO - Train: 13 [  50/97 ( 52%)]  Loss:  3.658658 (3.0851)  Time: 2.621s,  195.32/s  (2.648s,  193.32/s)  LR: 7.466e-04  Data: 0.022 (0.032)
2024-04-02 22:39:13,477 - train - INFO - Train: 13 [  96/97 (100%)]  Loss:  2.814118 (3.1101)  Time: 2.691s,  190.26/s  (2.674s,  191.46/s)  LR: 7.466e-04  Data: 0.000 (0.029)
2024-04-02 22:39:16,165 - train - INFO - Test: [   0/19]  Time: 2.686 (2.686)  Loss:  1.4492 (1.4492)  Acc@1: 62.8906 (62.8906)  Acc@5: 88.4766 (88.4766)
2024-04-02 22:40:05,741 - train - INFO - Test: [  19/19]  Time: 2.600 (2.613)  Loss:  1.4531 (1.4146)  Acc@1: 64.7059 (63.7600)  Acc@5: 87.1324 (88.9900)
2024-04-02 22:40:09,500 - train - INFO - Train: 14 [   0/97 (  0%)]  Loss:  3.472691 (3.4727)  Time: 3.467s,  147.66/s  (3.467s,  147.66/s)  LR: 7.460e-04  Data: 0.780 (0.780)
2024-04-02 22:42:26,369 - train - INFO - Train: 14 [  50/97 ( 52%)]  Loss:  2.675105 (3.0944)  Time: 2.625s,  195.06/s  (2.752s,  186.07/s)  LR: 7.460e-04  Data: 0.037 (0.033)
2024-04-02 22:44:29,483 - train - INFO - Train: 14 [  96/97 (100%)]  Loss:  3.653170 (3.1269)  Time: 2.613s,  195.94/s  (2.716s,  188.52/s)  LR: 7.460e-04  Data: 0.000 (0.028)
2024-04-02 22:44:32,311 - train - INFO - Test: [   0/19]  Time: 2.827 (2.827)  Loss:  1.4551 (1.4551)  Acc@1: 63.2812 (63.2812)  Acc@5: 88.4766 (88.4766)
2024-04-02 22:45:22,050 - train - INFO - Test: [  19/19]  Time: 2.663 (2.628)  Loss:  1.3750 (1.3904)  Acc@1: 65.0735 (64.3300)  Acc@5: 88.9706 (89.6200)
2024-04-02 22:45:25,498 - train - INFO - Train: 15 [   0/97 (  0%)]  Loss:  3.488663 (3.4887)  Time: 3.236s,  158.24/s  (3.236s,  158.24/s)  LR: 7.454e-04  Data: 0.490 (0.490)
2024-04-02 22:47:38,401 - train - INFO - Train: 15 [  50/97 ( 52%)]  Loss:  3.488514 (3.1077)  Time: 2.712s,  188.80/s  (2.669s,  191.81/s)  LR: 7.454e-04  Data: 0.024 (0.032)
2024-04-02 22:49:41,353 - train - INFO - Train: 15 [  96/97 (100%)]  Loss:  3.377941 (3.1183)  Time: 2.772s,  184.69/s  (2.671s,  191.69/s)  LR: 7.454e-04  Data: 0.000 (0.027)
2024-04-02 22:49:44,112 - train - INFO - Test: [   0/19]  Time: 2.758 (2.758)  Loss:  1.4287 (1.4287)  Acc@1: 64.2578 (64.2578)  Acc@5: 86.9141 (86.9141)
2024-04-02 22:50:35,521 - train - INFO - Test: [  19/19]  Time: 2.769 (2.708)  Loss:  1.4004 (1.3809)  Acc@1: 68.0147 (65.2000)  Acc@5: 87.1324 (89.3500)
2024-04-02 22:50:39,010 - train - INFO - Train: 16 [   0/97 (  0%)]  Loss:  3.334518 (3.3345)  Time: 3.350s,  152.85/s  (3.350s,  152.85/s)  LR: 7.448e-04  Data: 0.567 (0.567)
2024-04-02 22:52:55,058 - train - INFO - Train: 16 [  50/97 ( 52%)]  Loss:  3.295723 (3.0339)  Time: 2.593s,  197.45/s  (2.733s,  187.33/s)  LR: 7.448e-04  Data: 0.021 (0.035)
2024-04-02 22:54:56,386 - train - INFO - Train: 16 [  96/97 (100%)]  Loss:  3.489596 (3.1057)  Time: 2.630s,  194.71/s  (2.688s,  190.49/s)  LR: 7.448e-04  Data: 0.000 (0.028)
2024-04-02 22:54:59,183 - train - INFO - Test: [   0/19]  Time: 2.795 (2.795)  Loss:  1.4463 (1.4463)  Acc@1: 62.5000 (62.5000)  Acc@5: 89.2578 (89.2578)
2024-04-02 22:55:48,220 - train - INFO - Test: [  19/19]  Time: 2.426 (2.592)  Loss:  1.3652 (1.3787)  Acc@1: 66.1765 (65.1600)  Acc@5: 89.7059 (90.0200)
2024-04-02 22:55:51,765 - train - INFO - Train: 17 [   0/97 (  0%)]  Loss:  3.256540 (3.2565)  Time: 3.208s,  159.62/s  (3.208s,  159.62/s)  LR: 7.442e-04  Data: 0.537 (0.537)
2024-04-02 22:58:06,809 - train - INFO - Train: 17 [  50/97 ( 52%)]  Loss:  3.580663 (3.0818)  Time: 2.658s,  192.65/s  (2.711s,  188.88/s)  LR: 7.442e-04  Data: 0.014 (0.034)
2024-04-02 23:00:08,950 - train - INFO - Train: 17 [  96/97 (100%)]  Loss:  2.628133 (3.0955)  Time: 2.767s,  185.02/s  (2.684s,  190.73/s)  LR: 7.442e-04  Data: 0.000 (0.028)
2024-04-02 23:00:11,776 - train - INFO - Test: [   0/19]  Time: 2.823 (2.823)  Loss:  1.4062 (1.4062)  Acc@1: 62.3047 (62.3047)  Acc@5: 88.4766 (88.4766)
2024-04-02 23:01:03,967 - train - INFO - Test: [  19/19]  Time: 2.788 (2.751)  Loss:  1.3242 (1.3242)  Acc@1: 69.8529 (65.9100)  Acc@5: 88.9706 (90.3500)
2024-04-02 23:01:07,572 - train - INFO - Train: 18 [   0/97 (  0%)]  Loss:  2.558049 (2.5580)  Time: 3.281s,  156.05/s  (3.281s,  156.05/s)  LR: 7.434e-04  Data: 0.415 (0.415)
2024-04-02 23:03:21,451 - train - INFO - Train: 18 [  50/97 ( 52%)]  Loss:  2.572552 (3.0917)  Time: 2.720s,  188.23/s  (2.689s,  190.38/s)  LR: 7.434e-04  Data: 0.022 (0.032)
2024-04-02 23:05:25,692 - train - INFO - Train: 18 [  96/97 (100%)]  Loss:  3.342431 (3.0993)  Time: 2.597s,  197.16/s  (2.695s,  189.99/s)  LR: 7.434e-04  Data: 0.000 (0.027)
2024-04-02 23:05:28,526 - train - INFO - Test: [   0/19]  Time: 2.828 (2.828)  Loss:  1.3457 (1.3457)  Acc@1: 65.4297 (65.4297)  Acc@5: 89.8438 (89.8438)
2024-04-02 23:06:18,373 - train - INFO - Test: [  19/19]  Time: 2.633 (2.634)  Loss:  1.3203 (1.3207)  Acc@1: 67.2794 (66.1300)  Acc@5: 89.3382 (90.4300)
2024-04-02 23:06:21,748 - train - INFO - Train: 19 [   0/97 (  0%)]  Loss:  3.197073 (3.1971)  Time: 3.104s,  164.97/s  (3.104s,  164.97/s)  LR: 7.427e-04  Data: 0.337 (0.337)
2024-04-02 23:08:35,326 - train - INFO - Train: 19 [  50/97 ( 52%)]  Loss:  3.345150 (3.1419)  Time: 2.691s,  190.28/s  (2.680s,  191.05/s)  LR: 7.427e-04  Data: 0.037 (0.029)
