2024-04-04 09:32:56,649 - train - INFO - Training with a single process on 1 GPUs.
2024-04-04 09:33:14,770 - train - INFO - Training with a single process on 1 GPUs.
2024-04-04 09:33:15,207 - train - INFO - Model vit_9_12_64 created, param count:2766144
2024-04-04 09:33:15,216 - train - INFO - Using native Torch AMP. Training in mixed precision.
2024-04-04 09:33:15,216 - train - INFO - Scheduled epochs: 310
2024-04-04 09:33:15,603 - train - INFO - Verifying teacher model
2024-04-04 09:33:16,005 - train - INFO - Test: [   0/78]  Time: 0.402 (0.402)  Loss:  0.9009 (0.9009)  Acc@1: 82.0312 (82.0312)  Acc@5: 94.5312 (94.5312)
2024-04-04 09:33:17,421 - train - INFO - Test: [  50/78]  Time: 0.028 (0.036)  Loss:  1.7285 (1.6075)  Acc@1: 58.5938 (63.1127)  Acc@5: 83.5938 (84.9112)
2024-04-04 09:33:18,261 - train - INFO - Test: [  78/78]  Time: 0.071 (0.034)  Loss:  1.8408 (1.6375)  Acc@1: 56.2500 (62.6500)  Acc@5: 75.0000 (84.3200)
2024-04-04 09:33:18,262 - train - INFO - Verifying initial model
2024-04-04 09:33:18,496 - train - INFO - Test: [   0/78]  Time: 0.233 (0.233)  Loss:  5.2812 (5.2812)  Acc@1:  0.0000 ( 0.0000)  Acc@5:  0.0000 ( 0.0000)
2024-04-04 09:33:23,890 - train - INFO - Test: [  50/78]  Time: 0.101 (0.110)  Loss:  5.4023 (5.1593)  Acc@1:  0.0000 ( 1.7310)  Acc@5:  0.0000 ( 5.7904)
2024-04-04 09:33:26,505 - train - INFO - Test: [  78/78]  Time: 0.046 (0.104)  Loss:  4.8438 (5.1834)  Acc@1:  0.0000 ( 1.2300)  Acc@5: 25.0000 ( 5.0200)
2024-04-04 09:33:27,220 - train - INFO - Train: 0 [   0/781 (  0%)]  Loss:  5.307437 (5.3074)  Time: 0.710s,  180.22/s  (0.710s,  180.22/s)  LR: 1.000e-06  Data: 0.229 (0.229)
2024-04-04 09:33:48,703 - train - INFO - Train: 0 [  50/781 (  6%)]  Loss:  5.260321 (5.3041)  Time: 1.008s,  126.99/s  (0.435s,  294.16/s)  LR: 1.000e-06  Data: 0.005 (0.009)
2024-04-04 09:35:04,374 - train - INFO - Train: 0 [ 100/781 ( 13%)]  Loss:  5.291029 (5.2960)  Time: 2.145s,   59.66/s  (0.969s,  132.10/s)  LR: 1.000e-06  Data: 0.017 (0.009)
2024-04-04 09:36:46,421 - train - INFO - Train: 0 [ 150/781 ( 19%)]  Loss:  5.304521 (5.2932)  Time: 1.988s,   64.39/s  (1.324s,   96.68/s)  LR: 1.000e-06  Data: 0.004 (0.011)
2024-04-04 09:38:24,450 - train - INFO - Train: 0 [ 200/781 ( 26%)]  Loss:  5.314090 (5.2907)  Time: 1.530s,   83.66/s  (1.482s,   86.35/s)  LR: 1.000e-06  Data: 0.004 (0.012)
2024-04-04 09:39:58,512 - train - INFO - Train: 0 [ 250/781 ( 32%)]  Loss:  5.286068 (5.2860)  Time: 1.461s,   87.62/s  (1.562s,   81.96/s)  LR: 1.000e-06  Data: 0.023 (0.012)
2024-04-04 09:41:32,497 - train - INFO - Train: 0 [ 300/781 ( 38%)]  Loss:  5.274611 (5.2828)  Time: 1.623s,   78.85/s  (1.615s,   79.28/s)  LR: 1.000e-06  Data: 0.013 (0.013)
2024-04-04 09:43:05,738 - train - INFO - Train: 0 [ 350/781 ( 45%)]  Loss:  5.241657 (5.2802)  Time: 1.627s,   78.65/s  (1.650s,   77.57/s)  LR: 1.000e-06  Data: 0.004 (0.013)
2024-04-04 09:44:39,390 - train - INFO - Train: 0 [ 400/781 ( 51%)]  Loss:  5.242356 (5.2776)  Time: 2.086s,   61.37/s  (1.678s,   76.28/s)  LR: 1.000e-06  Data: 0.021 (0.012)
2024-04-04 09:46:13,172 - train - INFO - Train: 0 [ 450/781 ( 58%)]  Loss:  5.287668 (5.2755)  Time: 1.690s,   75.72/s  (1.700s,   75.30/s)  LR: 1.000e-06  Data: 0.010 (0.013)
2024-04-04 09:47:46,673 - train - INFO - Train: 0 [ 500/781 ( 64%)]  Loss:  5.247115 (5.2729)  Time: 1.798s,   71.19/s  (1.717s,   74.55/s)  LR: 1.000e-06  Data: 0.017 (0.013)
2024-04-04 09:49:20,151 - train - INFO - Train: 0 [ 550/781 ( 71%)]  Loss:  5.254253 (5.2707)  Time: 1.750s,   73.14/s  (1.731s,   73.96/s)  LR: 1.000e-06  Data: 0.011 (0.012)
2024-04-04 09:50:55,916 - train - INFO - Train: 0 [ 600/781 ( 77%)]  Loss:  5.247558 (5.2688)  Time: 1.982s,   64.59/s  (1.746s,   73.31/s)  LR: 1.000e-06  Data: 0.021 (0.013)
2024-04-04 09:52:36,496 - train - INFO - Train: 0 [ 650/781 ( 83%)]  Loss:  5.268082 (5.2666)  Time: 1.773s,   72.18/s  (1.766s,   72.46/s)  LR: 1.000e-06  Data: 0.025 (0.013)
2024-04-04 09:54:12,577 - train - INFO - Train: 0 [ 700/781 ( 90%)]  Loss:  5.199361 (5.2646)  Time: 1.872s,   68.36/s  (1.778s,   72.01/s)  LR: 1.000e-06  Data: 0.004 (0.013)
2024-04-04 09:55:52,767 - train - INFO - Train: 0 [ 750/781 ( 96%)]  Loss:  5.198866 (5.2625)  Time: 2.083s,   61.46/s  (1.793s,   71.41/s)  LR: 1.000e-06  Data: 0.022 (0.013)
2024-04-04 09:56:51,787 - train - INFO - Train: 0 [ 780/781 (100%)]  Loss:  5.254973 (5.2614)  Time: 2.008s,   63.74/s  (1.799s,   71.14/s)  LR: 1.000e-06  Data: 0.000 (0.013)
2024-04-04 09:56:53,353 - train - INFO - Test: [   0/78]  Time: 1.557 (1.557)  Loss:  4.9570 (4.9570)  Acc@1:  3.9062 ( 3.9062)  Acc@5: 20.3125 (20.3125)
2024-04-04 09:58:19,170 - train - INFO - Test: [  50/78]  Time: 1.860 (1.713)  Loss:  5.1484 (5.0732)  Acc@1:  0.0000 ( 2.3897)  Acc@5:  2.3438 (11.0447)
2024-04-04 09:59:07,423 - train - INFO - Test: [  78/78]  Time: 1.733 (1.717)  Loss:  4.7266 (5.0630)  Acc@1:  6.2500 ( 2.3400)  Acc@5: 25.0000 (11.3600)
2024-04-04 09:59:09,711 - train - INFO - Train: 1 [   0/781 (  0%)]  Loss:  5.250739 (5.2507)  Time: 2.080s,   61.54/s  (2.080s,   61.54/s)  LR: 5.090e-05  Data: 0.116 (0.116)
2024-04-04 10:00:43,061 - train - INFO - Train: 1 [  50/781 (  6%)]  Loss:  5.103873 (5.1893)  Time: 2.066s,   61.96/s  (1.871s,   68.41/s)  LR: 5.090e-05  Data: 0.019 (0.016)
2024-04-04 10:02:17,057 - train - INFO - Train: 1 [ 100/781 ( 13%)]  Loss:  5.083221 (5.1630)  Time: 1.847s,   69.31/s  (1.875s,   68.25/s)  LR: 5.090e-05  Data: 0.025 (0.015)
2024-04-04 10:03:51,546 - train - INFO - Train: 1 [ 150/781 ( 19%)]  Loss:  5.031130 (5.1376)  Time: 1.803s,   71.01/s  (1.880s,   68.08/s)  LR: 5.090e-05  Data: 0.005 (0.014)
2024-04-04 10:05:26,105 - train - INFO - Train: 1 [ 200/781 ( 26%)]  Loss:  5.097374 (5.1161)  Time: 1.662s,   77.00/s  (1.883s,   67.98/s)  LR: 5.090e-05  Data: 0.017 (0.013)
2024-04-04 10:07:00,109 - train - INFO - Train: 1 [ 250/781 ( 32%)]  Loss:  5.035645 (5.0973)  Time: 1.749s,   73.19/s  (1.882s,   68.00/s)  LR: 5.090e-05  Data: 0.016 (0.014)
2024-04-04 10:08:37,214 - train - INFO - Train: 1 [ 300/781 ( 38%)]  Loss:  4.949839 (5.0802)  Time: 1.966s,   65.11/s  (1.892s,   67.64/s)  LR: 5.090e-05  Data: 0.012 (0.013)
2024-04-04 10:10:17,519 - train - INFO - Train: 1 [ 350/781 ( 45%)]  Loss:  4.979448 (5.0647)  Time: 2.227s,   57.47/s  (1.908s,   67.07/s)  LR: 5.090e-05  Data: 0.005 (0.014)
2024-04-04 10:11:51,696 - train - INFO - Train: 1 [ 400/781 ( 51%)]  Loss:  5.066768 (5.0506)  Time: 2.042s,   62.69/s  (1.905s,   67.18/s)  LR: 5.090e-05  Data: 0.027 (0.013)
2024-04-04 10:13:32,611 - train - INFO - Train: 1 [ 450/781 ( 58%)]  Loss:  4.910429 (5.0377)  Time: 1.981s,   64.60/s  (1.918s,   66.74/s)  LR: 5.090e-05  Data: 0.005 (0.013)
2024-04-04 10:15:21,485 - train - INFO - Train: 1 [ 500/781 ( 64%)]  Loss:  4.863127 (5.0241)  Time: 2.125s,   60.25/s  (1.944s,   65.85/s)  LR: 5.090e-05  Data: 0.052 (0.013)
2024-04-04 10:16:58,837 - train - INFO - Train: 1 [ 550/781 ( 71%)]  Loss:  4.865161 (5.0133)  Time: 2.076s,   61.65/s  (1.944s,   65.84/s)  LR: 5.090e-05  Data: 0.011 (0.013)
2024-04-04 10:18:38,946 - train - INFO - Train: 1 [ 600/781 ( 77%)]  Loss:  4.666612 (5.0034)  Time: 2.585s,   49.52/s  (1.949s,   65.68/s)  LR: 5.090e-05  Data: 0.048 (0.013)
2024-04-04 10:20:16,238 - train - INFO - Train: 1 [ 650/781 ( 83%)]  Loss:  5.120621 (4.9931)  Time: 2.087s,   61.34/s  (1.949s,   65.69/s)  LR: 5.090e-05  Data: 0.006 (0.013)
2024-04-04 10:21:52,225 - train - INFO - Train: 1 [ 700/781 ( 90%)]  Loss:  5.063983 (4.9863)  Time: 2.057s,   62.24/s  (1.947s,   65.76/s)  LR: 5.090e-05  Data: 0.004 (0.013)
2024-04-04 10:23:29,147 - train - INFO - Train: 1 [ 750/781 ( 96%)]  Loss:  4.980116 (4.9776)  Time: 2.037s,   62.84/s  (1.946s,   65.77/s)  LR: 5.090e-05  Data: 0.026 (0.013)
2024-04-04 10:24:26,460 - train - INFO - Train: 1 [ 780/781 (100%)]  Loss:  4.946568 (4.9714)  Time: 1.609s,   79.53/s  (1.945s,   65.82/s)  LR: 5.090e-05  Data: 0.000 (0.013)
2024-04-04 10:24:28,460 - train - INFO - Test: [   0/78]  Time: 1.997 (1.997)  Loss:  3.0801 (3.0801)  Acc@1: 50.0000 (50.0000)  Acc@5: 75.7812 (75.7812)
2024-04-04 10:25:58,899 - train - INFO - Test: [  50/78]  Time: 1.837 (1.812)  Loss:  3.7363 (3.9530)  Acc@1: 29.6875 (20.5423)  Acc@5: 50.7812 (43.5202)
2024-04-04 10:26:51,726 - train - INFO - Test: [  78/78]  Time: 1.954 (1.839)  Loss:  4.0039 (3.9258)  Acc@1:  6.2500 (20.1600)  Acc@5: 50.0000 (44.2200)
2024-04-04 10:26:53,770 - train - INFO - Train: 2 [   0/781 (  0%)]  Loss:  4.930317 (4.9303)  Time: 1.965s,   65.13/s  (1.965s,   65.13/s)  LR: 1.008e-04  Data: 0.179 (0.179)
2024-04-04 10:28:34,777 - train - INFO - Train: 2 [  50/781 (  6%)]  Loss:  4.979940 (4.8588)  Time: 2.027s,   63.15/s  (2.019s,   63.40/s)  LR: 1.008e-04  Data: 0.004 (0.020)
2024-04-04 10:30:11,153 - train - INFO - Train: 2 [ 100/781 ( 13%)]  Loss:  4.944965 (4.8459)  Time: 1.962s,   65.24/s  (1.974s,   64.85/s)  LR: 1.008e-04  Data: 0.004 (0.016)
2024-04-04 10:31:48,017 - train - INFO - Train: 2 [ 150/781 ( 19%)]  Loss:  4.783580 (4.8218)  Time: 2.041s,   62.72/s  (1.962s,   65.26/s)  LR: 1.008e-04  Data: 0.023 (0.015)
2024-04-04 10:33:26,898 - train - INFO - Train: 2 [ 200/781 ( 26%)]  Loss:  4.937279 (4.8101)  Time: 1.913s,   66.92/s  (1.966s,   65.12/s)  LR: 1.008e-04  Data: 0.004 (0.015)
2024-04-04 10:35:07,650 - train - INFO - Train: 2 [ 250/781 ( 32%)]  Loss:  4.921082 (4.8043)  Time: 2.094s,   61.12/s  (1.975s,   64.80/s)  LR: 1.008e-04  Data: 0.004 (0.014)
2024-04-04 10:36:42,148 - train - INFO - Train: 2 [ 300/781 ( 38%)]  Loss:  4.599909 (4.7989)  Time: 1.632s,   78.44/s  (1.961s,   65.27/s)  LR: 1.008e-04  Data: 0.004 (0.014)
2024-04-04 10:38:15,284 - train - INFO - Train: 2 [ 350/781 ( 45%)]  Loss:  4.464276 (4.7878)  Time: 1.987s,   64.43/s  (1.947s,   65.74/s)  LR: 1.008e-04  Data: 0.004 (0.014)
2024-04-04 10:39:49,697 - train - INFO - Train: 2 [ 400/781 ( 51%)]  Loss:  4.721791 (4.7837)  Time: 1.905s,   67.20/s  (1.940s,   65.99/s)  LR: 1.008e-04  Data: 0.016 (0.014)
2024-04-04 10:41:23,285 - train - INFO - Train: 2 [ 450/781 ( 58%)]  Loss:  4.385825 (4.7764)  Time: 1.779s,   71.95/s  (1.932s,   66.24/s)  LR: 1.008e-04  Data: 0.023 (0.014)
2024-04-04 10:42:57,163 - train - INFO - Train: 2 [ 500/781 ( 64%)]  Loss:  4.468951 (4.7694)  Time: 1.937s,   66.08/s  (1.927s,   66.43/s)  LR: 1.008e-04  Data: 0.012 (0.014)
2024-04-04 10:44:35,770 - train - INFO - Train: 2 [ 550/781 ( 71%)]  Loss:  4.896658 (4.7660)  Time: 1.770s,   72.30/s  (1.931s,   66.29/s)  LR: 1.008e-04  Data: 0.016 (0.014)
2024-04-04 10:46:13,412 - train - INFO - Train: 2 [ 600/781 ( 77%)]  Loss:  4.783849 (4.7592)  Time: 2.101s,   60.93/s  (1.933s,   66.23/s)  LR: 1.008e-04  Data: 0.014 (0.014)
2024-04-04 10:47:47,542 - train - INFO - Train: 2 [ 650/781 ( 83%)]  Loss:  4.632019 (4.7523)  Time: 2.031s,   63.03/s  (1.929s,   66.36/s)  LR: 1.008e-04  Data: 0.017 (0.014)
2024-04-04 10:49:21,036 - train - INFO - Train: 2 [ 700/781 ( 90%)]  Loss:  4.444639 (4.7444)  Time: 2.057s,   62.22/s  (1.925s,   66.50/s)  LR: 1.008e-04  Data: 0.015 (0.014)
2024-04-04 10:50:54,095 - train - INFO - Train: 2 [ 750/781 ( 96%)]  Loss:  4.778652 (4.7399)  Time: 1.659s,   77.15/s  (1.920s,   66.65/s)  LR: 1.008e-04  Data: 0.005 (0.013)
2024-04-04 10:51:54,043 - train - INFO - Train: 2 [ 780/781 (100%)]  Loss:  4.242565 (4.7364)  Time: 1.999s,   64.03/s  (1.923s,   66.55/s)  LR: 1.008e-04  Data: 0.000 (0.013)
2024-04-04 10:51:55,916 - train - INFO - Test: [   0/78]  Time: 1.871 (1.871)  Loss:  2.2051 (2.2051)  Acc@1: 61.7188 (61.7188)  Acc@5: 81.2500 (81.2500)
2024-04-04 10:53:29,550 - train - INFO - Test: [  50/78]  Time: 1.775 (1.873)  Loss:  3.3887 (3.4348)  Acc@1: 31.2500 (27.3284)  Acc@5: 56.2500 (53.8297)
2024-04-04 10:54:18,325 - train - INFO - Test: [  78/78]  Time: 1.634 (1.826)  Loss:  3.7441 (3.4234)  Acc@1: 12.5000 (27.2500)  Acc@5: 37.5000 (53.7500)
2024-04-04 10:54:20,623 - train - INFO - Train: 3 [   0/781 (  0%)]  Loss:  4.733718 (4.7337)  Time: 2.158s,   59.31/s  (2.158s,   59.31/s)  LR: 1.507e-04  Data: 0.139 (0.139)
2024-04-04 10:55:54,209 - train - INFO - Train: 3 [  50/781 (  6%)]  Loss:  4.489235 (4.6672)  Time: 2.060s,   62.13/s  (1.877s,   68.18/s)  LR: 1.507e-04  Data: 0.009 (0.014)
2024-04-04 10:57:27,631 - train - INFO - Train: 3 [ 100/781 ( 13%)]  Loss:  4.341146 (4.6840)  Time: 1.987s,   64.43/s  (1.873s,   68.34/s)  LR: 1.507e-04  Data: 0.004 (0.013)
2024-04-04 10:59:04,822 - train - INFO - Train: 3 [ 150/781 ( 19%)]  Loss:  4.687776 (4.6460)  Time: 1.972s,   64.91/s  (1.896s,   67.50/s)  LR: 1.507e-04  Data: 0.006 (0.013)
2024-04-04 11:00:41,533 - train - INFO - Train: 3 [ 200/781 ( 26%)]  Loss:  4.277191 (4.6205)  Time: 2.117s,   60.46/s  (1.906s,   67.16/s)  LR: 1.507e-04  Data: 0.053 (0.014)
2024-04-04 11:02:23,512 - train - INFO - Train: 3 [ 250/781 ( 32%)]  Loss:  4.710526 (4.6186)  Time: 2.167s,   59.06/s  (1.932s,   66.24/s)  LR: 1.507e-04  Data: 0.036 (0.014)
2024-04-04 11:04:01,800 - train - INFO - Train: 3 [ 300/781 ( 38%)]  Loss:  4.282302 (4.6102)  Time: 1.987s,   64.41/s  (1.938s,   66.05/s)  LR: 1.507e-04  Data: 0.009 (0.014)
2024-04-04 11:05:38,336 - train - INFO - Train: 3 [ 350/781 ( 45%)]  Loss:  4.624491 (4.6040)  Time: 1.898s,   67.44/s  (1.937s,   66.08/s)  LR: 1.507e-04  Data: 0.004 (0.014)
2024-04-04 11:07:14,366 - train - INFO - Train: 3 [ 400/781 ( 51%)]  Loss:  4.616969 (4.5905)  Time: 1.727s,   74.12/s  (1.935s,   66.15/s)  LR: 1.507e-04  Data: 0.017 (0.014)
2024-04-04 11:08:50,174 - train - INFO - Train: 3 [ 450/781 ( 58%)]  Loss:  4.415051 (4.5863)  Time: 2.018s,   63.41/s  (1.933s,   66.22/s)  LR: 1.507e-04  Data: 0.017 (0.014)
2024-04-04 11:10:26,948 - train - INFO - Train: 3 [ 500/781 ( 64%)]  Loss:  4.577027 (4.5752)  Time: 2.080s,   61.52/s  (1.933s,   66.22/s)  LR: 1.507e-04  Data: 0.004 (0.013)
2024-04-04 11:12:10,769 - train - INFO - Train: 3 [ 550/781 ( 71%)]  Loss:  4.258187 (4.5696)  Time: 2.144s,   59.71/s  (1.946s,   65.77/s)  LR: 1.507e-04  Data: 0.016 (0.013)
2024-04-04 11:13:51,062 - train - INFO - Train: 3 [ 600/781 ( 77%)]  Loss:  4.771029 (4.5634)  Time: 2.095s,   61.11/s  (1.951s,   65.61/s)  LR: 1.507e-04  Data: 0.021 (0.013)
2024-04-04 11:15:27,085 - train - INFO - Train: 3 [ 650/781 ( 83%)]  Loss:  4.351924 (4.5569)  Time: 2.094s,   61.11/s  (1.949s,   65.68/s)  LR: 1.507e-04  Data: 0.004 (0.013)
2024-04-04 11:17:02,484 - train - INFO - Train: 3 [ 700/781 ( 90%)]  Loss:  4.763067 (4.5571)  Time: 1.989s,   64.37/s  (1.946s,   65.78/s)  LR: 1.507e-04  Data: 0.007 (0.013)
2024-04-04 11:18:42,408 - train - INFO - Train: 3 [ 750/781 ( 96%)]  Loss:  4.745015 (4.5517)  Time: 2.155s,   59.39/s  (1.949s,   65.66/s)  LR: 1.507e-04  Data: 0.009 (0.013)
2024-04-04 11:19:39,728 - train - INFO - Train: 3 [ 780/781 (100%)]  Loss:  4.695127 (4.5506)  Time: 1.792s,   71.42/s  (1.948s,   65.71/s)  LR: 1.507e-04  Data: 0.000 (0.013)
2024-04-04 11:19:41,833 - train - INFO - Test: [   0/78]  Time: 2.102 (2.102)  Loss:  1.9443 (1.9443)  Acc@1: 61.7188 (61.7188)  Acc@5: 83.5938 (83.5938)
2024-04-04 11:21:14,748 - train - INFO - Test: [  50/78]  Time: 1.816 (1.863)  Loss:  2.8887 (3.0803)  Acc@1: 39.0625 (34.6201)  Acc@5: 64.8438 (60.2022)
2024-04-04 11:22:03,813 - train - INFO - Test: [  78/78]  Time: 1.730 (1.824)  Loss:  3.2852 (3.0649)  Acc@1: 25.0000 (34.2800)  Acc@5: 50.0000 (60.6700)
2024-04-04 11:22:06,093 - train - INFO - Train: 4 [   0/781 (  0%)]  Loss:  4.636371 (4.6364)  Time: 2.153s,   59.44/s  (2.153s,   59.44/s)  LR: 2.006e-04  Data: 0.132 (0.132)
2024-04-04 11:23:42,687 - train - INFO - Train: 4 [  50/781 (  6%)]  Loss:  4.699146 (4.4968)  Time: 2.072s,   61.76/s  (1.936s,   66.11/s)  LR: 2.006e-04  Data: 0.029 (0.017)
2024-04-04 11:25:18,890 - train - INFO - Train: 4 [ 100/781 ( 13%)]  Loss:  4.108465 (4.4880)  Time: 1.857s,   68.93/s  (1.930s,   66.32/s)  LR: 2.006e-04  Data: 0.028 (0.014)
2024-04-04 11:26:54,961 - train - INFO - Train: 4 [ 150/781 ( 19%)]  Loss:  4.322370 (4.4891)  Time: 1.679s,   76.23/s  (1.927s,   66.42/s)  LR: 2.006e-04  Data: 0.017 (0.014)
2024-04-04 11:28:31,086 - train - INFO - Train: 4 [ 200/781 ( 26%)]  Loss:  4.417028 (4.4859)  Time: 1.615s,   79.25/s  (1.926s,   66.46/s)  LR: 2.006e-04  Data: 0.009 (0.014)
2024-04-04 11:30:09,794 - train - INFO - Train: 4 [ 250/781 ( 32%)]  Loss:  4.189533 (4.4963)  Time: 2.146s,   59.66/s  (1.936s,   66.13/s)  LR: 2.006e-04  Data: 0.008 (0.013)
2024-04-04 11:31:57,506 - train - INFO - Train: 4 [ 300/781 ( 38%)]  Loss:  4.823036 (4.4955)  Time: 2.116s,   60.49/s  (1.972s,   64.91/s)  LR: 2.006e-04  Data: 0.009 (0.013)
2024-04-04 11:33:35,907 - train - INFO - Train: 4 [ 350/781 ( 45%)]  Loss:  4.794580 (4.4979)  Time: 2.060s,   62.15/s  (1.971s,   64.93/s)  LR: 2.006e-04  Data: 0.017 (0.014)
2024-04-04 11:35:12,610 - train - INFO - Train: 4 [ 400/781 ( 51%)]  Loss:  4.135960 (4.4904)  Time: 2.222s,   57.60/s  (1.967s,   65.08/s)  LR: 2.006e-04  Data: 0.013 (0.014)
2024-04-04 11:36:52,967 - train - INFO - Train: 4 [ 450/781 ( 58%)]  Loss:  3.978565 (4.4836)  Time: 1.991s,   64.30/s  (1.971s,   64.94/s)  LR: 2.006e-04  Data: 0.024 (0.014)
2024-04-04 11:38:33,050 - train - INFO - Train: 4 [ 500/781 ( 64%)]  Loss:  4.451949 (4.4829)  Time: 1.854s,   69.03/s  (1.974s,   64.84/s)  LR: 2.006e-04  Data: 0.026 (0.014)
2024-04-04 11:40:09,777 - train - INFO - Train: 4 [ 550/781 ( 71%)]  Loss:  4.579820 (4.4733)  Time: 1.911s,   67.00/s  (1.971s,   64.95/s)  LR: 2.006e-04  Data: 0.005 (0.014)
2024-04-04 11:41:46,798 - train - INFO - Train: 4 [ 600/781 ( 77%)]  Loss:  4.117637 (4.4672)  Time: 1.967s,   65.09/s  (1.968s,   65.04/s)  LR: 2.006e-04  Data: 0.004 (0.014)
2024-04-04 11:43:22,787 - train - INFO - Train: 4 [ 650/781 ( 83%)]  Loss:  4.402235 (4.4599)  Time: 1.951s,   65.59/s  (1.964s,   65.16/s)  LR: 2.006e-04  Data: 0.014 (0.014)
2024-04-04 11:44:59,093 - train - INFO - Train: 4 [ 700/781 ( 90%)]  Loss:  4.678465 (4.4576)  Time: 2.023s,   63.28/s  (1.962s,   65.25/s)  LR: 2.006e-04  Data: 0.004 (0.014)
2024-04-04 11:46:35,842 - train - INFO - Train: 4 [ 750/781 ( 96%)]  Loss:  4.148647 (4.4542)  Time: 2.085s,   61.41/s  (1.960s,   65.31/s)  LR: 2.006e-04  Data: 0.024 (0.014)
2024-04-04 11:47:33,100 - train - INFO - Train: 4 [ 780/781 (100%)]  Loss:  4.138748 (4.4514)  Time: 1.602s,   79.90/s  (1.958s,   65.38/s)  LR: 2.006e-04  Data: 0.000 (0.014)
2024-04-04 11:47:35,096 - train - INFO - Test: [   0/78]  Time: 1.994 (1.994)  Loss:  1.7871 (1.7871)  Acc@1: 60.9375 (60.9375)  Acc@5: 82.0312 (82.0312)
2024-04-04 11:49:04,743 - train - INFO - Test: [  50/78]  Time: 1.939 (1.797)  Loss:  2.6719 (2.8011)  Acc@1: 42.9688 (38.7714)  Acc@5: 70.3125 (65.3339)
2024-04-04 11:49:58,246 - train - INFO - Test: [  78/78]  Time: 1.905 (1.837)  Loss:  3.3535 (2.8037)  Acc@1: 12.5000 (38.5900)  Acc@5: 43.7500 (65.4200)
2024-04-04 11:50:00,593 - train - INFO - Train: 5 [   0/781 (  0%)]  Loss:  3.975952 (3.9760)  Time: 2.250s,   56.90/s  (2.250s,   56.90/s)  LR: 2.505e-04  Data: 0.185 (0.185)
2024-04-04 11:51:43,436 - train - INFO - Train: 5 [  50/781 (  6%)]  Loss:  4.677744 (4.4332)  Time: 2.062s,   62.07/s  (2.061s,   62.12/s)  LR: 2.505e-04  Data: 0.004 (0.019)
2024-04-04 11:53:22,375 - train - INFO - Train: 5 [ 100/781 ( 13%)]  Loss:  4.196128 (4.4188)  Time: 1.935s,   66.17/s  (2.020s,   63.36/s)  LR: 2.505e-04  Data: 0.011 (0.017)
2024-04-04 11:55:00,532 - train - INFO - Train: 5 [ 150/781 ( 19%)]  Loss:  4.182884 (4.3866)  Time: 1.958s,   65.37/s  (2.001s,   63.96/s)  LR: 2.505e-04  Data: 0.004 (0.015)
2024-04-04 11:56:41,816 - train - INFO - Train: 5 [ 200/781 ( 26%)]  Loss:  4.293627 (4.3907)  Time: 2.136s,   59.93/s  (2.007s,   63.77/s)  LR: 2.505e-04  Data: 0.019 (0.014)
2024-04-04 11:58:17,878 - train - INFO - Train: 5 [ 250/781 ( 32%)]  Loss:  4.653325 (4.3836)  Time: 1.936s,   66.11/s  (1.990s,   64.32/s)  LR: 2.505e-04  Data: 0.017 (0.014)
2024-04-04 11:59:54,912 - train - INFO - Train: 5 [ 300/781 ( 38%)]  Loss:  4.468734 (4.3691)  Time: 1.913s,   66.92/s  (1.982s,   64.58/s)  LR: 2.505e-04  Data: 0.014 (0.014)
2024-04-04 12:01:31,255 - train - INFO - Train: 5 [ 350/781 ( 45%)]  Loss:  4.422405 (4.3591)  Time: 2.077s,   61.61/s  (1.974s,   64.84/s)  LR: 2.505e-04  Data: 0.017 (0.014)
2024-04-04 12:03:07,968 - train - INFO - Train: 5 [ 400/781 ( 51%)]  Loss:  4.624465 (4.3584)  Time: 1.971s,   64.94/s  (1.969s,   65.00/s)  LR: 2.505e-04  Data: 0.013 (0.014)
2024-04-04 12:04:41,935 - train - INFO - Train: 5 [ 450/781 ( 58%)]  Loss:  4.464701 (4.3580)  Time: 1.815s,   70.54/s  (1.959s,   65.33/s)  LR: 2.505e-04  Data: 0.008 (0.014)
2024-04-04 12:06:19,533 - train - INFO - Train: 5 [ 500/781 ( 64%)]  Loss:  4.172040 (4.3491)  Time: 1.878s,   68.17/s  (1.958s,   65.36/s)  LR: 2.505e-04  Data: 0.006 (0.014)
2024-04-04 12:07:53,071 - train - INFO - Train: 5 [ 550/781 ( 71%)]  Loss:  3.767550 (4.3450)  Time: 1.660s,   77.12/s  (1.950s,   65.63/s)  LR: 2.505e-04  Data: 0.017 (0.014)
2024-04-04 12:09:33,370 - train - INFO - Train: 5 [ 600/781 ( 77%)]  Loss:  4.482229 (4.3427)  Time: 1.995s,   64.16/s  (1.955s,   65.47/s)  LR: 2.505e-04  Data: 0.010 (0.014)
2024-04-04 12:11:16,220 - train - INFO - Train: 5 [ 650/781 ( 83%)]  Loss:  3.777350 (4.3386)  Time: 1.800s,   71.10/s  (1.963s,   65.21/s)  LR: 2.505e-04  Data: 0.004 (0.014)
2024-04-04 12:12:49,935 - train - INFO - Train: 5 [ 700/781 ( 90%)]  Loss:  4.315390 (4.3370)  Time: 1.905s,   67.20/s  (1.957s,   65.42/s)  LR: 2.505e-04  Data: 0.025 (0.014)
2024-04-04 12:14:27,909 - train - INFO - Train: 5 [ 750/781 ( 96%)]  Loss:  4.321928 (4.3351)  Time: 1.899s,   67.42/s  (1.957s,   65.41/s)  LR: 2.505e-04  Data: 0.017 (0.014)
2024-04-04 12:15:24,471 - train - INFO - Train: 5 [ 780/781 (100%)]  Loss:  4.537510 (4.3366)  Time: 2.023s,   63.27/s  (1.954s,   65.51/s)  LR: 2.505e-04  Data: 0.000 (0.014)
2024-04-04 12:15:26,070 - train - INFO - Test: [   0/78]  Time: 1.597 (1.597)  Loss:  1.4854 (1.4854)  Acc@1: 71.0938 (71.0938)  Acc@5: 85.9375 (85.9375)
2024-04-04 12:16:52,677 - train - INFO - Test: [  50/78]  Time: 1.319 (1.729)  Loss:  2.6973 (2.6362)  Acc@1: 46.8750 (42.1569)  Acc@5: 68.7500 (69.0564)
2024-04-04 12:17:41,026 - train - INFO - Test: [  78/78]  Time: 1.877 (1.729)  Loss:  2.7637 (2.6611)  Acc@1: 25.0000 (41.2000)  Acc@5: 62.5000 (68.2800)
2024-04-04 12:17:43,318 - train - INFO - Train: 6 [   0/781 (  0%)]  Loss:  4.132515 (4.1325)  Time: 2.127s,   60.19/s  (2.127s,   60.19/s)  LR: 3.004e-04  Data: 0.127 (0.127)
2024-04-04 12:19:17,026 - train - INFO - Train: 6 [  50/781 (  6%)]  Loss:  4.504657 (4.2479)  Time: 1.577s,   81.17/s  (1.879s,   68.12/s)  LR: 3.004e-04  Data: 0.023 (0.016)
2024-04-04 12:20:50,898 - train - INFO - Train: 6 [ 100/781 ( 13%)]  Loss:  4.575994 (4.2675)  Time: 2.060s,   62.13/s  (1.878s,   68.15/s)  LR: 3.004e-04  Data: 0.008 (0.014)
2024-04-04 12:22:24,778 - train - INFO - Train: 6 [ 150/781 ( 19%)]  Loss:  4.581957 (4.3179)  Time: 1.789s,   71.54/s  (1.878s,   68.16/s)  LR: 3.004e-04  Data: 0.012 (0.014)
2024-04-04 12:23:58,864 - train - INFO - Train: 6 [ 200/781 ( 26%)]  Loss:  3.970459 (4.3283)  Time: 1.858s,   68.91/s  (1.879s,   68.12/s)  LR: 3.004e-04  Data: 0.017 (0.014)
2024-04-04 12:25:33,053 - train - INFO - Train: 6 [ 250/781 ( 32%)]  Loss:  3.885702 (4.3134)  Time: 1.660s,   77.11/s  (1.880s,   68.09/s)  LR: 3.004e-04  Data: 0.010 (0.014)
2024-04-04 12:27:07,772 - train - INFO - Train: 6 [ 300/781 ( 38%)]  Loss:  4.421259 (4.3082)  Time: 2.156s,   59.37/s  (1.882s,   68.00/s)  LR: 3.004e-04  Data: 0.012 (0.014)
2024-04-04 12:28:53,893 - train - INFO - Train: 6 [ 350/781 ( 45%)]  Loss:  3.766005 (4.3054)  Time: 1.871s,   68.40/s  (1.917s,   66.79/s)  LR: 3.004e-04  Data: 0.022 (0.013)
2024-04-04 12:30:33,334 - train - INFO - Train: 6 [ 400/781 ( 51%)]  Loss:  4.204428 (4.3079)  Time: 1.877s,   68.21/s  (1.926s,   66.48/s)  LR: 3.004e-04  Data: 0.009 (0.013)
2024-04-04 12:32:10,494 - train - INFO - Train: 6 [ 450/781 ( 58%)]  Loss:  4.269595 (4.3094)  Time: 1.530s,   83.64/s  (1.927s,   66.41/s)  LR: 3.004e-04  Data: 0.009 (0.013)
2024-04-04 12:33:44,231 - train - INFO - Train: 6 [ 500/781 ( 64%)]  Loss:  4.535215 (4.3032)  Time: 1.970s,   64.99/s  (1.922s,   66.59/s)  LR: 3.004e-04  Data: 0.004 (0.013)
2024-04-04 12:35:17,803 - train - INFO - Train: 6 [ 550/781 ( 71%)]  Loss:  3.586427 (4.2973)  Time: 2.074s,   61.71/s  (1.918s,   66.75/s)  LR: 3.004e-04  Data: 0.022 (0.013)
2024-04-04 12:36:52,404 - train - INFO - Train: 6 [ 600/781 ( 77%)]  Loss:  4.388277 (4.3001)  Time: 1.943s,   65.87/s  (1.915s,   66.82/s)  LR: 3.004e-04  Data: 0.013 (0.013)
2024-04-04 12:38:30,059 - train - INFO - Train: 6 [ 650/781 ( 83%)]  Loss:  3.927598 (4.2968)  Time: 2.088s,   61.32/s  (1.918s,   66.72/s)  LR: 3.004e-04  Data: 0.014 (0.013)
2024-04-04 12:40:07,628 - train - INFO - Train: 6 [ 700/781 ( 90%)]  Loss:  4.431901 (4.2861)  Time: 2.022s,   63.31/s  (1.921s,   66.64/s)  LR: 3.004e-04  Data: 0.023 (0.013)
2024-04-04 12:41:42,444 - train - INFO - Train: 6 [ 750/781 ( 96%)]  Loss:  3.756291 (4.2843)  Time: 2.069s,   61.87/s  (1.919s,   66.70/s)  LR: 3.004e-04  Data: 0.018 (0.013)
2024-04-04 12:42:43,709 - train - INFO - Train: 6 [ 780/781 (100%)]  Loss:  4.354728 (4.2835)  Time: 1.705s,   75.07/s  (1.924s,   66.53/s)  LR: 3.004e-04  Data: 0.000 (0.013)
2024-04-04 12:42:45,793 - train - INFO - Test: [   0/78]  Time: 2.081 (2.081)  Loss:  1.4268 (1.4268)  Acc@1: 69.5312 (69.5312)  Acc@5: 90.6250 (90.6250)
2024-04-04 12:44:18,142 - train - INFO - Test: [  50/78]  Time: 1.979 (1.852)  Loss:  2.7383 (2.4953)  Acc@1: 38.2812 (44.0564)  Acc@5: 63.2812 (71.1397)
2024-04-04 12:45:10,899 - train - INFO - Test: [  78/78]  Time: 2.030 (1.863)  Loss:  2.1387 (2.5074)  Acc@1: 43.7500 (43.4900)  Acc@5: 93.7500 (70.4500)
2024-04-04 12:45:13,211 - train - INFO - Train: 7 [   0/781 (  0%)]  Loss:  4.450640 (4.4506)  Time: 2.132s,   60.02/s  (2.132s,   60.02/s)  LR: 3.503e-04  Data: 0.216 (0.216)
2024-04-04 12:46:55,825 - train - INFO - Train: 7 [  50/781 (  6%)]  Loss:  4.588569 (4.2541)  Time: 2.120s,   60.39/s  (2.054s,   62.32/s)  LR: 3.503e-04  Data: 0.004 (0.019)
2024-04-04 12:48:42,958 - train - INFO - Train: 7 [ 100/781 ( 13%)]  Loss:  4.532590 (4.2245)  Time: 2.217s,   57.72/s  (2.098s,   61.02/s)  LR: 3.503e-04  Data: 0.017 (0.018)
2024-04-04 12:50:26,066 - train - INFO - Train: 7 [ 150/781 ( 19%)]  Loss:  4.688061 (4.2487)  Time: 2.119s,   60.41/s  (2.086s,   61.36/s)  LR: 3.503e-04  Data: 0.009 (0.016)
2024-04-04 12:52:02,334 - train - INFO - Train: 7 [ 200/781 ( 26%)]  Loss:  4.538999 (4.2315)  Time: 2.011s,   63.65/s  (2.046s,   62.56/s)  LR: 3.503e-04  Data: 0.015 (0.016)
2024-04-04 12:53:38,608 - train - INFO - Train: 7 [ 250/781 ( 32%)]  Loss:  4.040205 (4.2304)  Time: 2.037s,   62.84/s  (2.022s,   63.30/s)  LR: 3.503e-04  Data: 0.004 (0.016)
2024-04-04 12:55:14,974 - train - INFO - Train: 7 [ 300/781 ( 38%)]  Loss:  4.277762 (4.2222)  Time: 2.128s,   60.16/s  (2.006s,   63.80/s)  LR: 3.503e-04  Data: 0.011 (0.015)
2024-04-04 12:56:51,476 - train - INFO - Train: 7 [ 350/781 ( 45%)]  Loss:  4.454577 (4.2200)  Time: 2.044s,   62.61/s  (1.995s,   64.15/s)  LR: 3.503e-04  Data: 0.017 (0.014)
2024-04-04 12:58:28,051 - train - INFO - Train: 7 [ 400/781 ( 51%)]  Loss:  3.815669 (4.2232)  Time: 1.857s,   68.93/s  (1.987s,   64.40/s)  LR: 3.503e-04  Data: 0.020 (0.014)
2024-04-04 13:00:04,828 - train - INFO - Train: 7 [ 450/781 ( 58%)]  Loss:  3.870908 (4.2322)  Time: 1.864s,   68.66/s  (1.982s,   64.59/s)  LR: 3.503e-04  Data: 0.019 (0.014)
2024-04-04 13:01:39,996 - train - INFO - Train: 7 [ 500/781 ( 64%)]  Loss:  4.465165 (4.2242)  Time: 1.730s,   73.99/s  (1.974s,   64.85/s)  LR: 3.503e-04  Data: 0.004 (0.014)
2024-04-04 13:03:20,243 - train - INFO - Train: 7 [ 550/781 ( 71%)]  Loss:  4.466227 (4.2244)  Time: 1.778s,   72.00/s  (1.977s,   64.76/s)  LR: 3.503e-04  Data: 0.010 (0.014)
2024-04-04 13:04:57,197 - train - INFO - Train: 7 [ 600/781 ( 77%)]  Loss:  4.667604 (4.2191)  Time: 1.783s,   71.81/s  (1.974s,   64.86/s)  LR: 3.503e-04  Data: 0.008 (0.014)
2024-04-04 13:06:38,111 - train - INFO - Train: 7 [ 650/781 ( 83%)]  Loss:  4.514991 (4.2242)  Time: 2.142s,   59.77/s  (1.977s,   64.75/s)  LR: 3.503e-04  Data: 0.029 (0.014)
2024-04-04 13:08:24,354 - train - INFO - Train: 7 [ 700/781 ( 90%)]  Loss:  4.059756 (4.2194)  Time: 2.106s,   60.79/s  (1.988s,   64.40/s)  LR: 3.503e-04  Data: 0.009 (0.014)
2024-04-04 13:10:02,013 - train - INFO - Train: 7 [ 750/781 ( 96%)]  Loss:  4.579495 (4.2266)  Time: 1.785s,   71.72/s  (1.985s,   64.48/s)  LR: 3.503e-04  Data: 0.010 (0.014)
2024-04-04 13:11:00,433 - train - INFO - Train: 7 [ 780/781 (100%)]  Loss:  3.537218 (4.2259)  Time: 2.101s,   60.93/s  (1.984s,   64.52/s)  LR: 3.503e-04  Data: 0.000 (0.014)
2024-04-04 13:11:02,167 - train - INFO - Test: [   0/78]  Time: 1.731 (1.731)  Loss:  1.5303 (1.5303)  Acc@1: 66.4062 (66.4062)  Acc@5: 87.5000 (87.5000)
2024-04-04 13:12:29,903 - train - INFO - Test: [  50/78]  Time: 1.493 (1.754)  Loss:  2.7539 (2.3911)  Acc@1: 41.4062 (46.2163)  Acc@5: 63.2812 (72.4877)
2024-04-04 13:13:19,308 - train - INFO - Test: [  78/78]  Time: 1.902 (1.758)  Loss:  2.6133 (2.4148)  Acc@1: 31.2500 (45.3100)  Acc@5: 75.0000 (72.1100)
2024-04-04 13:13:21,318 - train - INFO - Train: 8 [   0/781 (  0%)]  Loss:  3.945604 (3.9456)  Time: 1.916s,   66.79/s  (1.916s,   66.79/s)  LR: 4.002e-04  Data: 0.135 (0.135)
2024-04-04 13:14:56,903 - train - INFO - Train: 8 [  50/781 (  6%)]  Loss:  4.585333 (4.1180)  Time: 1.704s,   75.13/s  (1.912s,   66.95/s)  LR: 4.002e-04  Data: 0.004 (0.017)
2024-04-04 13:16:33,547 - train - INFO - Train: 8 [ 100/781 ( 13%)]  Loss:  4.398031 (4.1525)  Time: 1.759s,   72.78/s  (1.922s,   66.59/s)  LR: 4.002e-04  Data: 0.012 (0.014)
2024-04-04 13:18:10,022 - train - INFO - Train: 8 [ 150/781 ( 19%)]  Loss:  4.704628 (4.1607)  Time: 1.671s,   76.60/s  (1.925s,   66.51/s)  LR: 4.002e-04  Data: 0.004 (0.014)
2024-04-04 13:19:47,951 - train - INFO - Train: 8 [ 200/781 ( 26%)]  Loss:  3.530640 (4.1670)  Time: 2.075s,   61.67/s  (1.933s,   66.22/s)  LR: 4.002e-04  Data: 0.009 (0.014)
2024-04-04 13:21:28,652 - train - INFO - Train: 8 [ 250/781 ( 32%)]  Loss:  4.606140 (4.1578)  Time: 1.985s,   64.47/s  (1.949s,   65.67/s)  LR: 4.002e-04  Data: 0.004 (0.014)
2024-04-04 13:23:04,881 - train - INFO - Train: 8 [ 300/781 ( 38%)]  Loss:  3.947351 (4.1553)  Time: 2.000s,   64.00/s  (1.945s,   65.81/s)  LR: 4.002e-04  Data: 0.005 (0.014)
2024-04-04 13:24:44,353 - train - INFO - Train: 8 [ 350/781 ( 45%)]  Loss:  3.802929 (4.1577)  Time: 1.782s,   71.83/s  (1.951s,   65.59/s)  LR: 4.002e-04  Data: 0.022 (0.014)
2024-04-04 13:26:27,453 - train - INFO - Train: 8 [ 400/781 ( 51%)]  Loss:  3.722696 (4.1452)  Time: 2.068s,   61.90/s  (1.965s,   65.13/s)  LR: 4.002e-04  Data: 0.022 (0.014)
2024-04-04 13:28:10,389 - train - INFO - Train: 8 [ 450/781 ( 58%)]  Loss:  4.136851 (4.1490)  Time: 2.008s,   63.74/s  (1.976s,   64.79/s)  LR: 4.002e-04  Data: 0.010 (0.014)
2024-04-04 13:29:46,867 - train - INFO - Train: 8 [ 500/781 ( 64%)]  Loss:  4.522133 (4.1556)  Time: 2.074s,   61.72/s  (1.971s,   64.94/s)  LR: 4.002e-04  Data: 0.012 (0.014)
2024-04-04 13:31:27,437 - train - INFO - Train: 8 [ 550/781 ( 71%)]  Loss:  4.463883 (4.1575)  Time: 2.003s,   63.90/s  (1.975s,   64.82/s)  LR: 4.002e-04  Data: 0.009 (0.014)
2024-04-04 13:33:03,195 - train - INFO - Train: 8 [ 600/781 ( 77%)]  Loss:  4.305999 (4.1625)  Time: 2.095s,   61.10/s  (1.970s,   64.99/s)  LR: 4.002e-04  Data: 0.024 (0.014)
2024-04-04 13:34:38,865 - train - INFO - Train: 8 [ 650/781 ( 83%)]  Loss:  3.599583 (4.1628)  Time: 2.053s,   62.36/s  (1.965s,   65.13/s)  LR: 4.002e-04  Data: 0.004 (0.014)
2024-04-04 13:36:16,286 - train - INFO - Train: 8 [ 700/781 ( 90%)]  Loss:  4.444957 (4.1671)  Time: 2.051s,   62.41/s  (1.964s,   65.17/s)  LR: 4.002e-04  Data: 0.004 (0.014)
2024-04-04 13:37:58,436 - train - INFO - Train: 8 [ 750/781 ( 96%)]  Loss:  3.856495 (4.1677)  Time: 2.107s,   60.74/s  (1.969s,   64.99/s)  LR: 4.002e-04  Data: 0.004 (0.014)
2024-04-04 13:38:57,305 - train - INFO - Train: 8 [ 780/781 (100%)]  Loss:  3.680838 (4.1650)  Time: 1.790s,   71.51/s  (1.969s,   65.00/s)  LR: 4.002e-04  Data: 0.000 (0.014)
2024-04-04 13:38:59,376 - train - INFO - Test: [   0/78]  Time: 2.069 (2.069)  Loss:  1.4336 (1.4336)  Acc@1: 66.4062 (66.4062)  Acc@5: 86.7188 (86.7188)
2024-04-04 13:40:27,804 - train - INFO - Test: [  50/78]  Time: 1.943 (1.774)  Loss:  2.3984 (2.2882)  Acc@1: 49.2188 (47.1661)  Acc@5: 68.7500 (74.0043)
2024-04-04 13:41:17,640 - train - INFO - Test: [  78/78]  Time: 1.523 (1.776)  Loss:  2.3438 (2.3142)  Acc@1: 31.2500 (46.9300)  Acc@5: 75.0000 (73.3100)
2024-04-04 13:41:20,024 - train - INFO - Train: 9 [   0/781 (  0%)]  Loss:  4.557801 (4.5578)  Time: 2.309s,   55.42/s  (2.309s,   55.42/s)  LR: 4.501e-04  Data: 0.207 (0.207)
2024-04-04 13:43:04,372 - train - INFO - Train: 9 [  50/781 (  6%)]  Loss:  4.604478 (4.1690)  Time: 2.091s,   61.22/s  (2.091s,   61.21/s)  LR: 4.501e-04  Data: 0.016 (0.016)
2024-04-04 13:44:42,237 - train - INFO - Train: 9 [ 100/781 ( 13%)]  Loss:  4.384257 (4.1717)  Time: 2.079s,   61.56/s  (2.025s,   63.21/s)  LR: 4.501e-04  Data: 0.024 (0.014)
2024-04-04 13:46:28,392 - train - INFO - Train: 9 [ 150/781 ( 19%)]  Loss:  3.807668 (4.1705)  Time: 2.075s,   61.69/s  (2.057s,   62.21/s)  LR: 4.501e-04  Data: 0.034 (0.014)
2024-04-04 13:48:14,091 - train - INFO - Train: 9 [ 200/781 ( 26%)]  Loss:  4.433422 (4.1892)  Time: 2.204s,   58.08/s  (2.071s,   61.79/s)  LR: 4.501e-04  Data: 0.030 (0.014)
2024-04-04 13:49:54,202 - train - INFO - Train: 9 [ 250/781 ( 32%)]  Loss:  4.422411 (4.1970)  Time: 2.136s,   59.94/s  (2.058s,   62.21/s)  LR: 4.501e-04  Data: 0.044 (0.014)
2024-04-04 13:51:30,355 - train - INFO - Train: 9 [ 300/781 ( 38%)]  Loss:  3.675418 (4.1829)  Time: 2.114s,   60.56/s  (2.035s,   62.89/s)  LR: 4.501e-04  Data: 0.019 (0.015)
2024-04-04 13:53:07,261 - train - INFO - Train: 9 [ 350/781 ( 45%)]  Loss:  3.711171 (4.1731)  Time: 2.108s,   60.72/s  (2.021s,   63.32/s)  LR: 4.501e-04  Data: 0.009 (0.014)
2024-04-04 13:54:43,400 - train - INFO - Train: 9 [ 400/781 ( 51%)]  Loss:  4.282395 (4.1634)  Time: 1.773s,   72.18/s  (2.009s,   63.71/s)  LR: 4.501e-04  Data: 0.009 (0.014)
2024-04-04 13:56:21,260 - train - INFO - Train: 9 [ 450/781 ( 58%)]  Loss:  3.969054 (4.1611)  Time: 1.867s,   68.57/s  (2.003s,   63.89/s)  LR: 4.501e-04  Data: 0.016 (0.014)
2024-04-04 13:57:55,237 - train - INFO - Train: 9 [ 500/781 ( 64%)]  Loss:  4.477078 (4.1517)  Time: 1.675s,   76.43/s  (1.991s,   64.29/s)  LR: 4.501e-04  Data: 0.009 (0.014)
2024-04-04 13:59:29,469 - train - INFO - Train: 9 [ 550/781 ( 71%)]  Loss:  3.734048 (4.1500)  Time: 1.701s,   75.23/s  (1.981s,   64.60/s)  LR: 4.501e-04  Data: 0.021 (0.014)
2024-04-04 14:01:08,770 - train - INFO - Train: 9 [ 600/781 ( 77%)]  Loss:  3.847748 (4.1587)  Time: 1.554s,   82.38/s  (1.982s,   64.59/s)  LR: 4.501e-04  Data: 0.018 (0.014)
2024-04-04 14:02:46,369 - train - INFO - Train: 9 [ 650/781 ( 83%)]  Loss:  4.033771 (4.1573)  Time: 1.993s,   64.23/s  (1.979s,   64.66/s)  LR: 4.501e-04  Data: 0.009 (0.014)
2024-04-04 14:04:20,651 - train - INFO - Train: 9 [ 700/781 ( 90%)]  Loss:  3.620236 (4.1529)  Time: 1.966s,   65.11/s  (1.973s,   64.88/s)  LR: 4.501e-04  Data: 0.004 (0.014)
2024-04-04 14:06:05,569 - train - INFO - Train: 9 [ 750/781 ( 96%)]  Loss:  3.752855 (4.1541)  Time: 2.003s,   63.89/s  (1.981s,   64.61/s)  LR: 4.501e-04  Data: 0.004 (0.014)
2024-04-04 14:07:05,756 - train - INFO - Train: 9 [ 780/781 (100%)]  Loss:  3.825049 (4.1584)  Time: 1.588s,   80.61/s  (1.982s,   64.58/s)  LR: 4.501e-04  Data: 0.000 (0.014)
2024-04-04 14:07:07,621 - train - INFO - Test: [   0/78]  Time: 1.862 (1.862)  Loss:  1.2920 (1.2920)  Acc@1: 72.6562 (72.6562)  Acc@5: 92.1875 (92.1875)
2024-04-04 14:08:34,747 - train - INFO - Test: [  50/78]  Time: 1.918 (1.745)  Loss:  2.5391 (2.3203)  Acc@1: 47.6562 (47.0588)  Acc@5: 71.0938 (73.8971)
2024-04-04 14:09:23,235 - train - INFO - Test: [  78/78]  Time: 1.495 (1.740)  Loss:  2.3906 (2.3335)  Acc@1: 43.7500 (47.0500)  Acc@5: 62.5000 (73.4600)
2024-04-04 14:09:25,573 - train - INFO - Train: 10 [   0/781 (  0%)]  Loss:  3.689178 (3.6892)  Time: 2.269s,   56.42/s  (2.269s,   56.42/s)  LR: 4.987e-04  Data: 0.179 (0.179)
2024-04-04 14:11:00,206 - train - INFO - Train: 10 [  50/781 (  6%)]  Loss:  4.112350 (4.1111)  Time: 1.997s,   64.08/s  (1.900s,   67.37/s)  LR: 4.987e-04  Data: 0.005 (0.016)
2024-04-04 14:12:36,368 - train - INFO - Train: 10 [ 100/781 ( 13%)]  Loss:  3.783633 (4.1121)  Time: 2.101s,   60.93/s  (1.911s,   66.96/s)  LR: 4.987e-04  Data: 0.013 (0.015)
2024-04-04 14:14:12,479 - train - INFO - Train: 10 [ 150/781 ( 19%)]  Loss:  4.411798 (4.1239)  Time: 2.057s,   62.21/s  (1.915s,   66.84/s)  LR: 4.987e-04  Data: 0.004 (0.014)
2024-04-04 14:15:45,315 - train - INFO - Train: 10 [ 200/781 ( 26%)]  Loss:  3.836617 (4.1180)  Time: 1.994s,   64.20/s  (1.900s,   67.35/s)  LR: 4.987e-04  Data: 0.017 (0.013)
2024-04-04 14:17:19,361 - train - INFO - Train: 10 [ 250/781 ( 32%)]  Loss:  3.806342 (4.1148)  Time: 2.157s,   59.35/s  (1.897s,   67.49/s)  LR: 4.987e-04  Data: 0.014 (0.013)
2024-04-04 14:18:57,295 - train - INFO - Train: 10 [ 300/781 ( 38%)]  Loss:  4.007297 (4.1194)  Time: 2.058s,   62.21/s  (1.907s,   67.12/s)  LR: 4.987e-04  Data: 0.041 (0.013)
2024-04-04 14:20:30,903 - train - INFO - Train: 10 [ 350/781 ( 45%)]  Loss:  4.550263 (4.1278)  Time: 2.015s,   63.53/s  (1.902s,   67.30/s)  LR: 4.987e-04  Data: 0.009 (0.013)
2024-04-04 14:22:04,808 - train - INFO - Train: 10 [ 400/781 ( 51%)]  Loss:  4.339740 (4.1341)  Time: 2.002s,   63.94/s  (1.899s,   67.40/s)  LR: 4.987e-04  Data: 0.031 (0.013)
2024-04-04 14:23:41,055 - train - INFO - Train: 10 [ 450/781 ( 58%)]  Loss:  3.890872 (4.1392)  Time: 2.082s,   61.49/s  (1.902s,   67.30/s)  LR: 4.987e-04  Data: 0.021 (0.014)
2024-04-04 14:25:22,500 - train - INFO - Train: 10 [ 500/781 ( 64%)]  Loss:  3.595889 (4.1367)  Time: 2.074s,   61.71/s  (1.915s,   66.86/s)  LR: 4.987e-04  Data: 0.015 (0.014)
2024-04-04 14:26:58,705 - train - INFO - Train: 10 [ 550/781 ( 71%)]  Loss:  3.811055 (4.1354)  Time: 1.937s,   66.07/s  (1.915s,   66.83/s)  LR: 4.987e-04  Data: 0.016 (0.014)
2024-04-04 14:28:33,126 - train - INFO - Train: 10 [ 600/781 ( 77%)]  Loss:  4.109913 (4.1307)  Time: 1.928s,   66.39/s  (1.913s,   66.91/s)  LR: 4.987e-04  Data: 0.014 (0.014)
2024-04-04 14:30:13,342 - train - INFO - Train: 10 [ 650/781 ( 83%)]  Loss:  3.920255 (4.1299)  Time: 2.403s,   53.26/s  (1.920s,   66.66/s)  LR: 4.987e-04  Data: 0.021 (0.014)
2024-04-04 14:31:48,812 - train - INFO - Train: 10 [ 700/781 ( 90%)]  Loss:  4.616663 (4.1320)  Time: 1.560s,   82.04/s  (1.919s,   66.69/s)  LR: 4.987e-04  Data: 0.029 (0.014)
2024-04-04 14:33:23,302 - train - INFO - Train: 10 [ 750/781 ( 96%)]  Loss:  3.569460 (4.1321)  Time: 1.581s,   80.96/s  (1.917s,   66.76/s)  LR: 4.987e-04  Data: 0.008 (0.014)
2024-04-04 14:34:20,212 - train - INFO - Train: 10 [ 780/781 (100%)]  Loss:  4.480536 (4.1316)  Time: 2.210s,   57.92/s  (1.917s,   66.78/s)  LR: 4.987e-04  Data: 0.000 (0.014)
2024-04-04 14:34:22,211 - train - INFO - Test: [   0/78]  Time: 1.997 (1.997)  Loss:  1.4551 (1.4551)  Acc@1: 71.8750 (71.8750)  Acc@5: 89.0625 (89.0625)
2024-04-04 14:35:59,019 - train - INFO - Test: [  50/78]  Time: 1.981 (1.937)  Loss:  2.5449 (2.2496)  Acc@1: 45.3125 (47.7328)  Acc@5: 67.1875 (74.4945)
2024-04-04 14:36:52,348 - train - INFO - Test: [  78/78]  Time: 1.851 (1.926)  Loss:  2.0918 (2.2635)  Acc@1: 31.2500 (47.3300)  Acc@5: 87.5000 (74.2100)
2024-04-04 14:36:54,645 - train - INFO - Train: 11 [   0/781 (  0%)]  Loss:  4.560466 (4.5605)  Time: 2.225s,   57.52/s  (2.225s,   57.52/s)  LR: 4.984e-04  Data: 0.177 (0.177)
2024-04-04 14:38:35,316 - train - INFO - Train: 11 [  50/781 (  6%)]  Loss:  3.931147 (4.1435)  Time: 1.661s,   77.07/s  (2.018s,   63.44/s)  LR: 4.984e-04  Data: 0.004 (0.017)
2024-04-04 14:40:16,432 - train - INFO - Train: 11 [ 100/781 ( 13%)]  Loss:  3.900853 (4.1147)  Time: 1.886s,   67.87/s  (2.020s,   63.37/s)  LR: 4.984e-04  Data: 0.012 (0.016)
2024-04-04 14:41:58,228 - train - INFO - Train: 11 [ 150/781 ( 19%)]  Loss:  4.540786 (4.0980)  Time: 2.136s,   59.92/s  (2.025s,   63.20/s)  LR: 4.984e-04  Data: 0.010 (0.016)
2024-04-04 14:43:43,938 - train - INFO - Train: 11 [ 200/781 ( 26%)]  Loss:  4.080317 (4.1109)  Time: 2.592s,   49.38/s  (2.047s,   62.52/s)  LR: 4.984e-04  Data: 0.004 (0.016)
2024-04-04 14:45:35,218 - train - INFO - Train: 11 [ 250/781 ( 32%)]  Loss:  3.707525 (4.1002)  Time: 2.207s,   57.99/s  (2.083s,   61.46/s)  LR: 4.984e-04  Data: 0.016 (0.016)
2024-04-04 14:47:19,220 - train - INFO - Train: 11 [ 300/781 ( 38%)]  Loss:  4.591453 (4.1084)  Time: 2.089s,   61.28/s  (2.082s,   61.47/s)  LR: 4.984e-04  Data: 0.004 (0.016)
2024-04-04 14:49:05,186 - train - INFO - Train: 11 [ 350/781 ( 45%)]  Loss:  3.973166 (4.1066)  Time: 2.287s,   55.96/s  (2.088s,   61.31/s)  LR: 4.984e-04  Data: 0.017 (0.016)
2024-04-04 14:50:47,184 - train - INFO - Train: 11 [ 400/781 ( 51%)]  Loss:  3.921073 (4.1105)  Time: 2.103s,   60.88/s  (2.082s,   61.49/s)  LR: 4.984e-04  Data: 0.018 (0.016)
2024-04-04 14:52:28,569 - train - INFO - Train: 11 [ 450/781 ( 58%)]  Loss:  3.975381 (4.1053)  Time: 2.196s,   58.28/s  (2.076s,   61.67/s)  LR: 4.984e-04  Data: 0.008 (0.016)
2024-04-04 14:54:11,623 - train - INFO - Train: 11 [ 500/781 ( 64%)]  Loss:  4.327016 (4.1118)  Time: 2.243s,   57.07/s  (2.074s,   61.71/s)  LR: 4.984e-04  Data: 0.017 (0.016)
2024-04-04 14:55:55,104 - train - INFO - Train: 11 [ 550/781 ( 71%)]  Loss:  3.879474 (4.1091)  Time: 1.560s,   82.03/s  (2.074s,   61.72/s)  LR: 4.984e-04  Data: 0.004 (0.016)
2024-04-04 14:57:37,790 - train - INFO - Train: 11 [ 600/781 ( 77%)]  Loss:  4.102078 (4.1066)  Time: 2.001s,   63.97/s  (2.072s,   61.77/s)  LR: 4.984e-04  Data: 0.004 (0.015)
2024-04-04 14:59:19,747 - train - INFO - Train: 11 [ 650/781 ( 83%)]  Loss:  4.205422 (4.1045)  Time: 1.685s,   75.99/s  (2.070s,   61.85/s)  LR: 4.984e-04  Data: 0.008 (0.015)
2024-04-04 15:01:05,972 - train - INFO - Train: 11 [ 700/781 ( 90%)]  Loss:  4.023106 (4.1020)  Time: 1.850s,   69.17/s  (2.073s,   61.73/s)  LR: 4.984e-04  Data: 0.005 (0.015)
2024-04-04 15:02:51,370 - train - INFO - Train: 11 [ 750/781 ( 96%)]  Loss:  4.218748 (4.0987)  Time: 1.978s,   64.70/s  (2.076s,   61.66/s)  LR: 4.984e-04  Data: 0.034 (0.015)
2024-04-04 15:03:54,762 - train - INFO - Train: 11 [ 780/781 (100%)]  Loss:  4.455232 (4.0967)  Time: 2.190s,   58.44/s  (2.077s,   61.62/s)  LR: 4.984e-04  Data: 0.000 (0.015)
2024-04-04 15:03:56,898 - train - INFO - Test: [   0/78]  Time: 2.135 (2.135)  Loss:  1.1621 (1.1621)  Acc@1: 77.3438 (77.3438)  Acc@5: 92.9688 (92.9688)
2024-04-04 15:05:41,087 - train - INFO - Test: [  50/78]  Time: 2.190 (2.085)  Loss:  2.4688 (2.1394)  Acc@1: 45.3125 (50.4442)  Acc@5: 71.0938 (76.5012)
2024-04-04 15:06:41,513 - train - INFO - Test: [  78/78]  Time: 2.190 (2.111)  Loss:  1.9600 (2.1675)  Acc@1: 37.5000 (50.0500)  Acc@5: 93.7500 (75.8000)
2024-04-04 15:06:44,125 - train - INFO - Train: 12 [   0/781 (  0%)]  Loss:  3.637800 (3.6378)  Time: 2.429s,   52.70/s  (2.429s,   52.70/s)  LR: 4.981e-04  Data: 0.159 (0.159)
2024-04-04 15:08:30,158 - train - INFO - Train: 12 [  50/781 (  6%)]  Loss:  4.427435 (4.1893)  Time: 1.745s,   73.34/s  (2.127s,   60.19/s)  LR: 4.981e-04  Data: 0.013 (0.017)
2024-04-04 15:10:12,958 - train - INFO - Train: 12 [ 100/781 ( 13%)]  Loss:  4.170013 (4.1569)  Time: 1.869s,   68.47/s  (2.092s,   61.19/s)  LR: 4.981e-04  Data: 0.017 (0.016)
2024-04-04 15:11:55,808 - train - INFO - Train: 12 [ 150/781 ( 19%)]  Loss:  4.417950 (4.1356)  Time: 2.044s,   62.62/s  (2.080s,   61.53/s)  LR: 4.981e-04  Data: 0.012 (0.016)
2024-04-04 15:13:40,974 - train - INFO - Train: 12 [ 200/781 ( 26%)]  Loss:  4.125313 (4.1320)  Time: 2.089s,   61.28/s  (2.086s,   61.36/s)  LR: 4.981e-04  Data: 0.004 (0.015)
2024-04-04 15:15:25,104 - train - INFO - Train: 12 [ 250/781 ( 32%)]  Loss:  3.983883 (4.1321)  Time: 2.268s,   56.43/s  (2.085s,   61.38/s)  LR: 4.981e-04  Data: 0.030 (0.015)
2024-04-04 15:17:07,454 - train - INFO - Train: 12 [ 300/781 ( 38%)]  Loss:  3.864403 (4.1216)  Time: 2.216s,   57.77/s  (2.079s,   61.57/s)  LR: 4.981e-04  Data: 0.017 (0.015)
2024-04-04 15:18:50,597 - train - INFO - Train: 12 [ 350/781 ( 45%)]  Loss:  3.915679 (4.1123)  Time: 2.237s,   57.21/s  (2.077s,   61.64/s)  LR: 4.981e-04  Data: 0.016 (0.015)
2024-04-04 15:20:32,473 - train - INFO - Train: 12 [ 400/781 ( 51%)]  Loss:  3.845644 (4.1096)  Time: 1.813s,   70.61/s  (2.072s,   61.78/s)  LR: 4.981e-04  Data: 0.012 (0.015)
2024-04-04 15:22:14,947 - train - INFO - Train: 12 [ 450/781 ( 58%)]  Loss:  3.795480 (4.1119)  Time: 1.712s,   74.76/s  (2.069s,   61.86/s)  LR: 4.981e-04  Data: 0.009 (0.015)
2024-04-04 15:23:59,079 - train - INFO - Train: 12 [ 500/781 ( 64%)]  Loss:  4.485322 (4.1088)  Time: 1.941s,   65.93/s  (2.071s,   61.82/s)  LR: 4.981e-04  Data: 0.009 (0.015)
2024-04-04 15:25:50,079 - train - INFO - Train: 12 [ 550/781 ( 71%)]  Loss:  3.488426 (4.0996)  Time: 2.194s,   58.34/s  (2.084s,   61.42/s)  LR: 4.981e-04  Data: 0.004 (0.015)
2024-04-04 15:27:38,959 - train - INFO - Train: 12 [ 600/781 ( 77%)]  Loss:  3.786186 (4.0969)  Time: 1.810s,   70.71/s  (2.092s,   61.19/s)  LR: 4.981e-04  Data: 0.021 (0.015)
2024-04-04 15:29:21,775 - train - INFO - Train: 12 [ 650/781 ( 83%)]  Loss:  3.674809 (4.0942)  Time: 2.060s,   62.14/s  (2.089s,   61.27/s)  LR: 4.981e-04  Data: 0.008 (0.015)
2024-04-04 15:31:04,749 - train - INFO - Train: 12 [ 700/781 ( 90%)]  Loss:  4.293944 (4.0946)  Time: 2.160s,   59.27/s  (2.087s,   61.33/s)  LR: 4.981e-04  Data: 0.009 (0.015)
2024-04-04 15:32:51,238 - train - INFO - Train: 12 [ 750/781 ( 96%)]  Loss:  3.585040 (4.0906)  Time: 2.247s,   56.96/s  (2.090s,   61.25/s)  LR: 4.981e-04  Data: 0.022 (0.016)
2024-04-04 15:33:53,758 - train - INFO - Train: 12 [ 780/781 (100%)]  Loss:  4.045950 (4.0934)  Time: 2.030s,   63.07/s  (2.090s,   61.25/s)  LR: 4.981e-04  Data: 0.000 (0.015)
2024-04-04 15:33:55,932 - train - INFO - Test: [   0/78]  Time: 2.173 (2.173)  Loss:  1.2324 (1.2324)  Acc@1: 72.6562 (72.6562)  Acc@5: 90.6250 (90.6250)
2024-04-04 15:35:30,478 - train - INFO - Test: [  50/78]  Time: 1.726 (1.896)  Loss:  2.2500 (2.1631)  Acc@1: 49.2188 (49.7089)  Acc@5: 71.8750 (76.1336)
2024-04-04 15:36:23,795 - train - INFO - Test: [  78/78]  Time: 1.954 (1.899)  Loss:  2.1016 (2.1813)  Acc@1: 31.2500 (49.1800)  Acc@5: 87.5000 (75.7200)
2024-04-04 15:36:25,945 - train - INFO - Train: 13 [   0/781 (  0%)]  Loss:  4.059123 (4.0591)  Time: 2.013s,   63.58/s  (2.013s,   63.58/s)  LR: 4.977e-04  Data: 0.210 (0.210)
2024-04-04 15:38:08,320 - train - INFO - Train: 13 [  50/781 (  6%)]  Loss:  4.504883 (4.0578)  Time: 1.808s,   70.81/s  (2.047s,   62.54/s)  LR: 4.977e-04  Data: 0.004 (0.019)
2024-04-04 15:39:51,216 - train - INFO - Train: 13 [ 100/781 ( 13%)]  Loss:  4.150687 (4.0925)  Time: 2.104s,   60.85/s  (2.052s,   62.37/s)  LR: 4.977e-04  Data: 0.016 (0.016)
2024-04-04 15:41:33,804 - train - INFO - Train: 13 [ 150/781 ( 19%)]  Loss:  3.794624 (4.0914)  Time: 2.160s,   59.27/s  (2.052s,   62.37/s)  LR: 4.977e-04  Data: 0.008 (0.015)
2024-04-04 15:43:20,876 - train - INFO - Train: 13 [ 200/781 ( 26%)]  Loss:  3.577930 (4.0679)  Time: 1.747s,   73.26/s  (2.074s,   61.71/s)  LR: 4.977e-04  Data: 0.026 (0.015)
2024-04-04 15:45:04,530 - train - INFO - Train: 13 [ 250/781 ( 32%)]  Loss:  4.467820 (4.0636)  Time: 1.947s,   65.75/s  (2.074s,   61.71/s)  LR: 4.977e-04  Data: 0.004 (0.015)
2024-04-04 15:46:54,946 - train - INFO - Train: 13 [ 300/781 ( 38%)]  Loss:  3.734182 (4.0627)  Time: 2.232s,   57.36/s  (2.096s,   61.06/s)  LR: 4.977e-04  Data: 0.017 (0.015)
2024-04-04 15:48:43,276 - train - INFO - Train: 13 [ 350/781 ( 45%)]  Loss:  4.318412 (4.0546)  Time: 2.243s,   57.07/s  (2.106s,   60.77/s)  LR: 4.977e-04  Data: 0.015 (0.015)
2024-04-04 15:50:26,220 - train - INFO - Train: 13 [ 400/781 ( 51%)]  Loss:  3.862714 (4.0484)  Time: 2.142s,   59.75/s  (2.100s,   60.94/s)  LR: 4.977e-04  Data: 0.012 (0.015)
2024-04-04 15:52:13,983 - train - INFO - Train: 13 [ 450/781 ( 58%)]  Loss:  4.086214 (4.0505)  Time: 2.234s,   57.28/s  (2.106s,   60.76/s)  LR: 4.977e-04  Data: 0.016 (0.015)
2024-04-04 15:53:56,588 - train - INFO - Train: 13 [ 500/781 ( 64%)]  Loss:  3.540849 (4.0497)  Time: 2.281s,   56.11/s  (2.101s,   60.92/s)  LR: 4.977e-04  Data: 0.021 (0.015)
2024-04-04 15:55:40,038 - train - INFO - Train: 13 [ 550/781 ( 71%)]  Loss:  3.526138 (4.0522)  Time: 2.139s,   59.84/s  (2.098s,   61.01/s)  LR: 4.977e-04  Data: 0.010 (0.015)
2024-04-04 15:57:22,987 - train - INFO - Train: 13 [ 600/781 ( 77%)]  Loss:  3.883083 (4.0528)  Time: 2.184s,   58.59/s  (2.095s,   61.10/s)  LR: 4.977e-04  Data: 0.015 (0.015)
2024-04-04 15:59:06,033 - train - INFO - Train: 13 [ 650/781 ( 83%)]  Loss:  3.571698 (4.0510)  Time: 2.252s,   56.83/s  (2.092s,   61.18/s)  LR: 4.977e-04  Data: 0.004 (0.015)
2024-04-04 16:00:52,589 - train - INFO - Train: 13 [ 700/781 ( 90%)]  Loss:  4.559005 (4.0499)  Time: 2.209s,   57.96/s  (2.095s,   61.10/s)  LR: 4.977e-04  Data: 0.017 (0.015)
2024-04-04 16:02:35,704 - train - INFO - Train: 13 [ 750/781 ( 96%)]  Loss:  4.026320 (4.0538)  Time: 2.209s,   57.94/s  (2.093s,   61.16/s)  LR: 4.977e-04  Data: 0.064 (0.015)
2024-04-04 16:03:37,758 - train - INFO - Train: 13 [ 780/781 (100%)]  Loss:  3.377380 (4.0563)  Time: 1.920s,   66.68/s  (2.092s,   61.19/s)  LR: 4.977e-04  Data: 0.000 (0.015)
2024-04-04 16:03:39,888 - train - INFO - Test: [   0/78]  Time: 2.128 (2.128)  Loss:  1.1230 (1.1230)  Acc@1: 75.7812 (75.7812)  Acc@5: 89.8438 (89.8438)
2024-04-04 16:05:14,830 - train - INFO - Test: [  50/78]  Time: 2.030 (1.903)  Loss:  2.4863 (2.1481)  Acc@1: 39.8438 (49.1575)  Acc@5: 71.0938 (75.6893)
2024-04-04 16:06:08,857 - train - INFO - Test: [  78/78]  Time: 2.093 (1.913)  Loss:  1.6807 (2.1413)  Acc@1: 43.7500 (49.5500)  Acc@5: 87.5000 (75.9500)
2024-04-04 16:06:11,245 - train - INFO - Train: 14 [   0/781 (  0%)]  Loss:  4.432343 (4.4323)  Time: 2.280s,   56.13/s  (2.280s,   56.13/s)  LR: 4.974e-04  Data: 0.174 (0.174)
2024-04-04 16:08:03,009 - train - INFO - Train: 14 [  50/781 (  6%)]  Loss:  3.471538 (4.0133)  Time: 2.279s,   56.17/s  (2.236s,   57.24/s)  LR: 4.974e-04  Data: 0.013 (0.020)
2024-04-04 16:09:50,177 - train - INFO - Train: 14 [ 100/781 ( 13%)]  Loss:  4.622525 (4.0414)  Time: 2.337s,   54.78/s  (2.190s,   58.44/s)  LR: 4.974e-04  Data: 0.023 (0.018)
2024-04-04 16:11:36,988 - train - INFO - Train: 14 [ 150/781 ( 19%)]  Loss:  4.444092 (4.0395)  Time: 2.208s,   57.97/s  (2.172s,   58.92/s)  LR: 4.974e-04  Data: 0.026 (0.017)
2024-04-04 16:13:19,312 - train - INFO - Train: 14 [ 200/781 ( 26%)]  Loss:  4.193596 (4.0340)  Time: 2.182s,   58.65/s  (2.141s,   59.78/s)  LR: 4.974e-04  Data: 0.013 (0.016)
2024-04-04 16:15:02,557 - train - INFO - Train: 14 [ 250/781 ( 32%)]  Loss:  3.532697 (4.0270)  Time: 2.234s,   57.29/s  (2.126s,   60.21/s)  LR: 4.974e-04  Data: 0.013 (0.016)
2024-04-04 16:16:45,621 - train - INFO - Train: 14 [ 300/781 ( 38%)]  Loss:  3.308439 (4.0289)  Time: 2.131s,   60.06/s  (2.115s,   60.52/s)  LR: 4.974e-04  Data: 0.024 (0.016)
2024-04-04 16:18:31,836 - train - INFO - Train: 14 [ 350/781 ( 45%)]  Loss:  3.477802 (4.0297)  Time: 2.246s,   57.00/s  (2.116s,   60.48/s)  LR: 4.974e-04  Data: 0.041 (0.016)
2024-04-04 16:20:17,743 - train - INFO - Train: 14 [ 400/781 ( 51%)]  Loss:  4.656865 (4.0318)  Time: 2.146s,   59.64/s  (2.117s,   60.47/s)  LR: 4.974e-04  Data: 0.004 (0.016)
2024-04-04 16:22:02,511 - train - INFO - Train: 14 [ 450/781 ( 58%)]  Loss:  3.988203 (4.0275)  Time: 2.262s,   56.60/s  (2.114s,   60.54/s)  LR: 4.974e-04  Data: 0.012 (0.016)
2024-04-04 16:23:46,778 - train - INFO - Train: 14 [ 500/781 ( 64%)]  Loss:  3.929590 (4.0288)  Time: 1.856s,   68.96/s  (2.111s,   60.62/s)  LR: 4.974e-04  Data: 0.019 (0.016)
2024-04-04 16:25:34,145 - train - INFO - Train: 14 [ 550/781 ( 71%)]  Loss:  4.171665 (4.0350)  Time: 2.168s,   59.04/s  (2.115s,   60.53/s)  LR: 4.974e-04  Data: 0.008 (0.015)
2024-04-04 16:27:19,621 - train - INFO - Train: 14 [ 600/781 ( 77%)]  Loss:  4.270211 (4.0334)  Time: 2.242s,   57.09/s  (2.114s,   60.54/s)  LR: 4.974e-04  Data: 0.028 (0.015)
2024-04-04 16:29:13,473 - train - INFO - Train: 14 [ 650/781 ( 83%)]  Loss:  4.200944 (4.0384)  Time: 2.294s,   55.79/s  (2.127s,   60.19/s)  LR: 4.974e-04  Data: 0.004 (0.015)
