2024-04-12 20:34:06,845 - train - INFO - Model vit_9_12_64 created, param count:2766216
2024-04-12 20:34:07,083 - train - INFO - Using native Torch AMP. Training in mixed precision.
2024-04-12 20:34:07,084 - train - INFO - Scheduled epochs: 11
2024-04-12 20:34:07,468 - train - INFO - Verifying initial model
2024-04-12 20:34:07,935 - train - INFO - Test: [   0/78]  Time: 0.466 (0.466)  Loss:  0.9009 (0.9009)  Acc@1: 82.0312 (82.0312)  Acc@5: 94.5312 (94.5312)
2024-04-12 20:34:09,950 - train - INFO - Test: [  50/78]  Time: 0.040 (0.049)  Loss:  1.7285 (1.6075)  Acc@1: 58.5938 (63.1127)  Acc@5: 83.5938 (84.9112)
2024-04-12 20:34:11,083 - train - INFO - Test: [  78/78]  Time: 0.060 (0.046)  Loss:  1.8408 (1.6375)  Acc@1: 56.2500 (62.6500)  Acc@5: 75.0000 (84.3200)
2024-04-12 20:34:54,156 - train - INFO - Model vit_9_12_64 created, param count:2766216
2024-04-12 20:34:54,419 - train - INFO - Using native Torch AMP. Training in mixed precision.
2024-04-12 20:34:54,420 - train - INFO - Scheduled epochs: 11
2024-04-12 20:34:54,802 - train - INFO - Verifying initial model
2024-04-12 20:34:55,209 - train - INFO - Test: [   0/156]  Time: 0.406 (0.406)  Loss:  0.7661 (0.7661)  Acc@1: 87.5000 (87.5000)  Acc@5: 93.7500 (93.7500)
2024-04-12 20:34:56,629 - train - INFO - Test: [  50/156]  Time: 0.028 (0.036)  Loss:  2.8906 (1.4736)  Acc@1: 37.5000 (66.9424)  Acc@5: 60.9375 (86.7953)
2024-04-12 20:34:58,044 - train - INFO - Test: [ 100/156]  Time: 0.028 (0.032)  Loss:  1.7725 (1.6068)  Acc@1: 53.1250 (63.1033)  Acc@5: 84.3750 (84.9319)
2024-04-12 20:34:59,443 - train - INFO - Test: [ 150/156]  Time: 0.029 (0.031)  Loss:  1.1201 (1.6443)  Acc@1: 76.5625 (62.5310)  Acc@5: 92.1875 (84.0853)
2024-04-12 20:34:59,696 - train - INFO - Test: [ 156/156]  Time: 0.083 (0.031)  Loss:  1.8408 (1.6375)  Acc@1: 56.2500 (62.6500)  Acc@5: 75.0000 (84.3200)
2024-04-12 20:35:17,607 - train - INFO - len trace:38
2024-04-12 20:35:17,616 - train - INFO - d1:257
2024-04-12 20:35:17,655 - train - INFO - d1:257
2024-04-12 20:35:17,671 - train - INFO - d1:257
2024-04-12 20:35:17,689 - train - INFO - d1:257
2024-04-12 20:35:17,706 - train - INFO - d1:257
2024-04-12 20:35:17,722 - train - INFO - d1:257
2024-04-12 20:35:17,738 - train - INFO - d1:257
2024-04-12 20:35:17,755 - train - INFO - d1:257
2024-04-12 20:35:17,772 - train - INFO - d1:257
2024-04-12 20:35:17,788 - train - INFO - d1:257
2024-04-12 20:35:17,805 - train - INFO - d1:257
2024-04-12 20:35:17,823 - train - INFO - d1:257
2024-04-12 20:35:17,839 - train - INFO - d1:257
2024-04-12 20:35:17,856 - train - INFO - d1:257
2024-04-12 20:35:17,873 - train - INFO - d1:257
2024-04-12 20:35:17,891 - train - INFO - d1:257
2024-04-12 20:35:17,908 - train - INFO - d1:257
2024-04-12 20:35:17,925 - train - INFO - d1:257
2024-04-12 20:35:17,942 - train - INFO - d1:257
2024-04-12 20:35:17,959 - train - INFO - d1:257
2024-04-12 20:35:17,977 - train - INFO - d1:257
2024-04-12 20:35:17,993 - train - INFO - d1:257
2024-04-12 20:35:18,009 - train - INFO - d1:257
2024-04-12 20:35:18,026 - train - INFO - d1:257
2024-04-12 20:35:18,042 - train - INFO - d1:257
2024-04-12 20:35:18,059 - train - INFO - d1:257
2024-04-12 20:35:18,076 - train - INFO - d1:257
2024-04-12 20:35:18,092 - train - INFO - d1:257
2024-04-12 20:35:18,109 - train - INFO - d1:257
2024-04-12 20:35:18,125 - train - INFO - d1:257
2024-04-12 20:35:18,141 - train - INFO - d1:257
2024-04-12 20:35:18,158 - train - INFO - d1:257
2024-04-12 20:35:18,175 - train - INFO - d1:257
2024-04-12 20:35:18,191 - train - INFO - d1:257
2024-04-12 20:35:18,209 - train - INFO - d1:257
2024-04-12 20:35:18,225 - train - INFO - d1:257
2024-04-12 20:35:18,241 - train - INFO - d1:1
2024-04-12 20:35:18,248 - train - INFO - cir_idx:[1, 2, 3, 4, 5, 6, 7, 8, 9, 10, 11, 12, 13, 14, 15, 16, 17, 18, 19, 20, 21, 22, 23, 24, 25, 26, 27, 28, 29, 30, 31, 32, 33, 34, 35, 36, 37]
2024-04-12 20:35:18,248 - train - INFO - len traces:(38,)
2024-04-12 20:35:18,249 - train - INFO - traces:[2.54310690e-01 3.08986672e-04 2.63633198e-03 9.36011476e-04
 2.56208520e-03 6.97974536e-04 2.17384550e-03 4.24830766e-04
 2.02068325e-04 8.26342858e-04 1.89675840e-03 5.91429148e-04
 1.99172783e-04 1.00193732e-03 1.99810315e-03 7.40891841e-04
 1.99999258e-04 8.89022026e-04 1.86663168e-03 9.71569313e-04
 5.67919743e-04 5.57319020e-04 1.55532575e-03 4.30447774e-04
 4.12283056e-04 5.87041109e-04 1.46120484e-03 6.33789590e-04
 6.44695967e-04 4.89747481e-04 1.20735748e-03 9.29089844e-04
 6.96289560e-04 4.03385001e-04 7.67679618e-04 5.89997498e-04
 8.49975429e-04 4.09641913e-03]
2024-04-12 20:35:18,249 - train - INFO - len params:37
2024-04-12 20:35:18,249 - train - INFO - params[0].shape:torch.Size([576, 192])
2024-04-12 20:35:18,249 - train - INFO - delta_weights_b2:[919.2827758789062, 78.9843978881836, 2446.705322265625, 854.5731201171875, 2193.053955078125, 515.7764892578125, 2193.613525390625, 390.31268310546875, 2175.616455078125, 484.0006408691406, 1914.268798828125, 306.1156921386719, 2085.986083984375, 416.2902526855469, 1733.0797119140625, 294.8123474121094, 2025.3953857421875, 395.214111328125, 1936.7672119140625, 317.1766662597656, 1823.1746826171875, 348.3452453613281, 2211.3837890625, 300.72442626953125, 1749.1365966796875, 326.53106689453125, 2012.380615234375, 271.6353759765625, 1556.68310546875, 256.8612365722656, 1787.6240234375, 316.3393249511719, 1475.17236328125, 252.5036163330078, 1499.1898193359375, 509.5772705078125, 82.88217163085938]
2024-04-12 20:35:18,249 - train - INFO - delta_weights_b4:[1308.5810546875, 108.7536849975586, 3443.89697265625, 1086.3677978515625, 3058.038330078125, 654.2890014648438, 2936.20751953125, 496.4415588378906, 2969.28271484375, 599.3024291992188, 2545.32080078125, 388.873779296875, 2820.177001953125, 511.065185546875, 2310.896240234375, 370.6843566894531, 2713.104248046875, 477.0268859863281, 2508.63037109375, 404.3418884277344, 2400.275634765625, 414.57537841796875, 2807.3916015625, 371.2781982421875, 2287.1923828125, 392.7210693359375, 2497.189208984375, 336.5141296386719, 2021.028564453125, 312.5157165527344, 2175.831298828125, 391.16729736328125, 1892.2425537109375, 313.0438232421875, 1816.544677734375, 614.01025390625, 101.11458587646484]
2024-04-12 20:35:18,249 - train - INFO - delta_weights_b8:[1506.8155517578125, 125.32035064697266, 3950.204833984375, 1206.7530517578125, 3491.31884765625, 730.27783203125, 3388.410888671875, 540.8251953125, 3379.950927734375, 650.279541015625, 2957.73974609375, 424.9984130859375, 3156.9482421875, 546.0473022460938, 2657.3369140625, 406.9733581542969, 3017.213623046875, 510.5977783203125, 2909.4375, 441.85491943359375, 2682.38525390625, 449.8851318359375, 3284.99609375, 401.23309326171875, 2559.510009765625, 423.00677490234375, 2899.7421875, 361.72344970703125, 2228.344970703125, 332.2196044921875, 2438.62060546875, 420.10028076171875, 2086.649169921875, 347.08599853515625, 1951.5631103515625, 660.21826171875, 110.31742095947266]
2024-04-12 20:35:18,249 - train - INFO - delta_weights_b16:[1603.024169921875, 132.48562622070312, 4146.41259765625, 1261.5091552734375, 3717.196044921875, 763.5553588867188, 3545.544921875, 563.3593139648438, 3574.53662109375, 672.0059814453125, 3113.75439453125, 445.19293212890625, 3328.562744140625, 560.177490234375, 2812.664306640625, 425.5249328613281, 3189.82861328125, 522.8372802734375, 3051.383544921875, 459.4296875, 2809.515625, 470.4959716796875, 3389.274658203125, 415.6226501464844, 2678.102783203125, 438.8343505859375, 2977.593994140625, 376.017578125, 2338.593994140625, 344.8798522949219, 2501.136474609375, 435.5126953125, 2180.498046875, 358.0480651855469, 1992.9320068359375, 682.9395751953125, 110.31742095947266]
2024-04-12 20:35:18,249 - train - INFO - delta_weights_b32:[]
2024-04-12 20:35:18,324 - train - INFO - result:[16 16  2  2  2  2 16 16  2 16 16 16  2 16  2 16  2 16  2 16 16 16 16 16
 16 16 16 16 16 16 16 16 16 16 16 16  2]
2024-04-12 20:35:18,328 - train - INFO - ratio:tensor(0.1999)
2024-04-13 15:17:33,497 - train - INFO - Model vit_9_12_64 created, param count:2766216
2024-04-13 15:17:33,755 - train - INFO - Using native Torch AMP. Training in mixed precision.
2024-04-13 15:17:33,756 - train - INFO - Scheduled epochs: 11
2024-04-13 15:17:34,157 - train - INFO - Verifying initial model
2024-04-13 15:17:34,598 - train - INFO - Test: [   0/156]  Time: 0.441 (0.441)  Loss:  0.7661 (0.7661)  Acc@1: 87.5000 (87.5000)  Acc@5: 93.7500 (93.7500)
2024-04-13 15:17:36,012 - train - INFO - Test: [  50/156]  Time: 0.028 (0.036)  Loss:  2.8906 (1.4736)  Acc@1: 37.5000 (66.9424)  Acc@5: 60.9375 (86.7953)
2024-04-13 15:17:37,414 - train - INFO - Test: [ 100/156]  Time: 0.027 (0.032)  Loss:  1.7725 (1.6068)  Acc@1: 53.1250 (63.1033)  Acc@5: 84.3750 (84.9319)
2024-04-13 15:17:38,808 - train - INFO - Test: [ 150/156]  Time: 0.028 (0.031)  Loss:  1.1201 (1.6443)  Acc@1: 76.5625 (62.5310)  Acc@5: 92.1875 (84.0853)
2024-04-13 15:17:39,026 - train - INFO - Test: [ 156/156]  Time: 0.080 (0.031)  Loss:  1.8408 (1.6375)  Acc@1: 56.2500 (62.6500)  Acc@5: 75.0000 (84.3200)
2024-04-13 15:17:56,781 - train - INFO - len trace:38
2024-04-13 15:17:57,772 - train - INFO - cir_idx:[1, 2, 3, 4, 5, 6, 7, 8, 9, 10, 11, 12, 13, 14, 15, 16, 17, 18, 19, 20, 21, 22, 23, 24, 25, 26, 27, 28, 29, 30, 31, 32, 33, 34, 35, 36, 37]
2024-04-13 15:17:57,772 - train - INFO - len traces:(38,)
2024-04-13 15:17:57,773 - train - INFO - traces:[2.54310691e-01 3.08986672e-04 2.63633198e-03 9.36011476e-04
 2.56208520e-03 6.97974536e-04 2.17384550e-03 4.24830766e-04
 2.02068325e-04 8.26342858e-04 1.89675840e-03 5.91429148e-04
 1.99172783e-04 1.00193732e-03 1.99810315e-03 7.40891841e-04
 1.99999258e-04 8.89022026e-04 1.86663168e-03 9.71569313e-04
 5.67919743e-04 5.57319020e-04 1.55532575e-03 4.30447774e-04
 4.12283056e-04 5.87041109e-04 1.46120484e-03 6.33789590e-04
 6.44695967e-04 4.89747481e-04 1.20735748e-03 9.29089844e-04
 6.96289560e-04 4.03385001e-04 7.67679618e-04 5.89997498e-04
 8.49975429e-04 4.09641913e-03]
2024-04-13 15:17:57,773 - train - INFO - len params:37
2024-04-13 15:17:57,773 - train - INFO - params[0].shape:torch.Size([576, 192])
2024-04-13 15:17:57,773 - train - INFO - delta_weights_b2:[919.2827758789062, 78.9843978881836, 2446.705322265625, 854.5731201171875, 2193.053955078125, 515.7764892578125, 2193.613525390625, 390.31268310546875, 2175.616455078125, 484.0006408691406, 1914.268798828125, 306.1156921386719, 2085.986083984375, 416.2902526855469, 1733.0797119140625, 294.8123474121094, 2025.3953857421875, 395.214111328125, 1936.7672119140625, 317.1766662597656, 1823.1746826171875, 348.3452453613281, 2211.3837890625, 300.72442626953125, 1749.1365966796875, 326.53106689453125, 2012.380615234375, 271.6353759765625, 1556.68310546875, 256.8612365722656, 1787.6240234375, 316.3393249511719, 1475.17236328125, 252.5036163330078, 1499.1898193359375, 509.5772705078125, 82.88217163085938]
2024-04-13 15:17:57,773 - train - INFO - delta_weights_b4:[1308.5810546875, 108.7536849975586, 3443.89697265625, 1086.3677978515625, 3058.038330078125, 654.2890014648438, 2936.20751953125, 496.4415588378906, 2969.28271484375, 599.3024291992188, 2545.32080078125, 388.873779296875, 2820.177001953125, 511.065185546875, 2310.896240234375, 370.6843566894531, 2713.104248046875, 477.0268859863281, 2508.63037109375, 404.3418884277344, 2400.275634765625, 414.57537841796875, 2807.3916015625, 371.2781982421875, 2287.1923828125, 392.7210693359375, 2497.189208984375, 336.5141296386719, 2021.028564453125, 312.5157165527344, 2175.831298828125, 391.16729736328125, 1892.2425537109375, 313.0438232421875, 1816.544677734375, 614.01025390625, 101.11458587646484]
2024-04-13 15:17:57,773 - train - INFO - delta_weights_b8:[1506.8155517578125, 125.32035064697266, 3950.204833984375, 1206.7530517578125, 3491.31884765625, 730.27783203125, 3388.410888671875, 540.8251953125, 3379.950927734375, 650.279541015625, 2957.73974609375, 424.9984130859375, 3156.9482421875, 546.0473022460938, 2657.3369140625, 406.9733581542969, 3017.213623046875, 510.5977783203125, 2909.4375, 441.85491943359375, 2682.38525390625, 449.8851318359375, 3284.99609375, 401.23309326171875, 2559.510009765625, 423.00677490234375, 2899.7421875, 361.72344970703125, 2228.344970703125, 332.2196044921875, 2438.62060546875, 420.10028076171875, 2086.649169921875, 347.08599853515625, 1951.5631103515625, 660.21826171875, 110.31742095947266]
2024-04-13 15:17:57,773 - train - INFO - delta_weights_b16:[1603.024169921875, 132.48562622070312, 4146.41259765625, 1261.5091552734375, 3717.196044921875, 763.5553588867188, 3545.544921875, 563.3593139648438, 3574.53662109375, 672.0059814453125, 3113.75439453125, 445.19293212890625, 3328.562744140625, 560.177490234375, 2812.664306640625, 425.5249328613281, 3189.82861328125, 522.8372802734375, 3051.383544921875, 459.4296875, 2809.515625, 470.4959716796875, 3389.274658203125, 415.6226501464844, 2678.102783203125, 438.8343505859375, 2977.593994140625, 376.017578125, 2338.593994140625, 344.8798522949219, 2501.136474609375, 435.5126953125, 2180.498046875, 358.0480651855469, 1992.9320068359375, 682.9395751953125, 110.31742095947266]
2024-04-13 15:17:57,773 - train - INFO - delta_weights_b32:[]
2024-04-13 15:17:57,855 - train - INFO - result:[16 16  1  1 16  4 16 16 16  8 16 16 16 16 16 16 16 16  1 16 16 16 16 16
 16 16 16 16 16 16 16 16 16 16 16 16  1]
2024-04-13 15:17:57,858 - train - INFO - ratio:tensor(0.1496)
2024-04-13 23:45:15,116 - train - INFO - Model vit_9_12_64 created, param count:2766216
2024-04-13 23:45:15,366 - train - INFO - Using native Torch AMP. Training in mixed precision.
2024-04-13 23:45:15,367 - train - INFO - Scheduled epochs: 11
2024-04-13 23:45:15,774 - train - INFO - Verifying initial model
2024-04-13 23:45:16,238 - train - INFO - Test: [   0/156]  Time: 0.464 (0.464)  Loss:  0.7661 (0.7661)  Acc@1: 87.5000 (87.5000)  Acc@5: 93.7500 (93.7500)
2024-04-13 23:45:17,676 - train - INFO - Test: [  50/156]  Time: 0.028 (0.037)  Loss:  2.8906 (1.4736)  Acc@1: 37.5000 (66.9424)  Acc@5: 60.9375 (86.7953)
2024-04-13 23:45:19,104 - train - INFO - Test: [ 100/156]  Time: 0.028 (0.033)  Loss:  1.7725 (1.6068)  Acc@1: 53.1250 (63.1033)  Acc@5: 84.3750 (84.9319)
2024-04-13 23:45:20,588 - train - INFO - Test: [ 150/156]  Time: 0.029 (0.032)  Loss:  1.1201 (1.6443)  Acc@1: 76.5625 (62.5310)  Acc@5: 92.1875 (84.0853)
2024-04-13 23:45:20,842 - train - INFO - Test: [ 156/156]  Time: 0.089 (0.032)  Loss:  1.8408 (1.6375)  Acc@1: 56.2500 (62.6500)  Acc@5: 75.0000 (84.3200)
2024-04-13 23:45:38,708 - train - INFO - len trace:38
2024-04-13 23:45:39,438 - train - INFO - cir_idx:[1, 2, 3, 4, 5, 6, 7, 8, 9, 10, 11, 12, 13, 14, 15, 16, 17, 18, 19, 20, 21, 22, 23, 24, 25, 26, 27, 28, 29, 30, 31, 32, 33, 34, 35, 36, 37]
2024-04-13 23:45:39,438 - train - INFO - len traces:(38,)
2024-04-13 23:45:39,439 - train - INFO - traces:[2.54310692e-01 3.08986672e-04 2.63633198e-03 9.36011476e-04
 2.56208520e-03 6.97974536e-04 2.17384550e-03 4.24830766e-04
 2.02068325e-04 8.26342858e-04 1.89675840e-03 5.91429148e-04
 1.99172783e-04 1.00193732e-03 1.99810315e-03 7.40891841e-04
 1.99999258e-04 8.89022026e-04 1.86663168e-03 9.71569313e-04
 5.67919743e-04 5.57319020e-04 1.55532575e-03 4.30447774e-04
 4.12283056e-04 5.87041109e-04 1.46120484e-03 6.33789590e-04
 6.44695967e-04 4.89747481e-04 1.20735748e-03 9.29089844e-04
 6.96289560e-04 4.03385001e-04 7.67679618e-04 5.89997498e-04
 8.49975429e-04 4.09641913e-03]
2024-04-13 23:45:39,440 - train - INFO - len params:37
2024-04-13 23:45:39,440 - train - INFO - params[0].shape:torch.Size([576, 192])
2024-04-13 23:45:39,440 - train - INFO - delta_weights_b2:[919.2827758789062, 78.9843978881836, 2446.705322265625, 854.5731201171875, 2193.053955078125, 515.7764892578125, 2193.613525390625, 390.31268310546875, 2175.616455078125, 484.0006408691406, 1914.268798828125, 306.1156921386719, 2085.986083984375, 416.2902526855469, 1733.0797119140625, 294.8123474121094, 2025.3953857421875, 395.214111328125, 1936.7672119140625, 317.1766662597656, 1823.1746826171875, 348.3452453613281, 2211.3837890625, 300.72442626953125, 1749.1365966796875, 326.53106689453125, 2012.380615234375, 271.6353759765625, 1556.68310546875, 256.8612365722656, 1787.6240234375, 316.3393249511719, 1475.17236328125, 252.5036163330078, 1499.1898193359375, 509.5772705078125, 82.88217163085938]
2024-04-13 23:45:39,440 - train - INFO - delta_weights_b4:[1308.5810546875, 108.7536849975586, 3443.89697265625, 1086.3677978515625, 3058.038330078125, 654.2890014648438, 2936.20751953125, 496.4415588378906, 2969.28271484375, 599.3024291992188, 2545.32080078125, 388.873779296875, 2820.177001953125, 511.065185546875, 2310.896240234375, 370.6843566894531, 2713.104248046875, 477.0268859863281, 2508.63037109375, 404.3418884277344, 2400.275634765625, 414.57537841796875, 2807.3916015625, 371.2781982421875, 2287.1923828125, 392.7210693359375, 2497.189208984375, 336.5141296386719, 2021.028564453125, 312.5157165527344, 2175.831298828125, 391.16729736328125, 1892.2425537109375, 313.0438232421875, 1816.544677734375, 614.01025390625, 101.11458587646484]
2024-04-13 23:45:39,440 - train - INFO - delta_weights_b8:[1506.8155517578125, 125.32035064697266, 3950.204833984375, 1206.7530517578125, 3491.31884765625, 730.27783203125, 3388.410888671875, 540.8251953125, 3379.950927734375, 650.279541015625, 2957.73974609375, 424.9984130859375, 3156.9482421875, 546.0473022460938, 2657.3369140625, 406.9733581542969, 3017.213623046875, 510.5977783203125, 2909.4375, 441.85491943359375, 2682.38525390625, 449.8851318359375, 3284.99609375, 401.23309326171875, 2559.510009765625, 423.00677490234375, 2899.7421875, 361.72344970703125, 2228.344970703125, 332.2196044921875, 2438.62060546875, 420.10028076171875, 2086.649169921875, 347.08599853515625, 1951.5631103515625, 660.21826171875, 110.31742095947266]
2024-04-13 23:45:39,440 - train - INFO - delta_weights_b16:[1603.024169921875, 132.48562622070312, 4146.41259765625, 1261.5091552734375, 3717.196044921875, 763.5553588867188, 3545.544921875, 563.3593139648438, 3574.53662109375, 672.0059814453125, 3113.75439453125, 445.19293212890625, 3328.562744140625, 560.177490234375, 2812.664306640625, 425.5249328613281, 3189.82861328125, 522.8372802734375, 3051.383544921875, 459.4296875, 2809.515625, 470.4959716796875, 3389.274658203125, 415.6226501464844, 2678.102783203125, 438.8343505859375, 2977.593994140625, 376.017578125, 2338.593994140625, 344.8798522949219, 2501.136474609375, 435.5126953125, 2180.498046875, 358.0480651855469, 1992.9320068359375, 682.9395751953125, 110.31742095947266]
2024-04-13 23:45:39,440 - train - INFO - delta_weights_b32:[]
2024-04-13 23:45:39,515 - train - INFO - result:[16 16  1  1 16  1 16 16 16 16 16 16  8 16 16 16 16 16  4 16 16 16 16 16
 16 16 16 16 16 16 16 16 16 16 16 16  1]
2024-04-13 23:45:39,515 - train - INFO - origin_latency:2009.6719360351562
2024-04-13 23:45:39,516 - train - INFO - current_latency-origin_latency:-8.579828262329102
2024-04-14 09:41:21,271 - train - INFO - Model vit_9_12_64 created, param count:2766216
2024-04-14 09:41:21,471 - train - INFO - Using native Torch AMP. Training in mixed precision.
2024-04-14 09:41:21,471 - train - INFO - Scheduled epochs: 11
2024-04-14 09:41:21,877 - train - INFO - Verifying initial model
2024-04-14 09:41:22,295 - train - INFO - Test: [   0/156]  Time: 0.418 (0.418)  Loss:  0.7661 (0.7661)  Acc@1: 87.5000 (87.5000)  Acc@5: 93.7500 (93.7500)
2024-04-14 09:41:23,696 - train - INFO - Test: [  50/156]  Time: 0.028 (0.036)  Loss:  2.8906 (1.4736)  Acc@1: 37.5000 (66.9424)  Acc@5: 60.9375 (86.7953)
2024-04-14 09:41:25,093 - train - INFO - Test: [ 100/156]  Time: 0.028 (0.032)  Loss:  1.7725 (1.6068)  Acc@1: 53.1250 (63.1033)  Acc@5: 84.3750 (84.9319)
2024-04-14 09:41:26,488 - train - INFO - Test: [ 150/156]  Time: 0.028 (0.031)  Loss:  1.1201 (1.6443)  Acc@1: 76.5625 (62.5310)  Acc@5: 92.1875 (84.0853)
2024-04-14 09:41:26,699 - train - INFO - Test: [ 156/156]  Time: 0.072 (0.031)  Loss:  1.8408 (1.6375)  Acc@1: 56.2500 (62.6500)  Acc@5: 75.0000 (84.3200)
2024-04-14 09:41:44,465 - train - INFO - len trace:38
2024-04-14 09:41:45,031 - train - INFO - cir_idx:[1, 2, 3, 4, 5, 6, 7, 8, 9, 10, 11, 12, 13, 14, 15, 16, 17, 18, 19, 20, 21, 22, 23, 24, 25, 26, 27, 28, 29, 30, 31, 32, 33, 34, 35, 36, 37]
2024-04-14 09:41:45,031 - train - INFO - len traces:(38,)
2024-04-14 09:41:45,032 - train - INFO - traces:[2.54310689e-01 3.08986672e-04 2.63633198e-03 9.36011476e-04
 2.56208520e-03 6.97974536e-04 2.17384550e-03 4.24830766e-04
 2.02068325e-04 8.26342858e-04 1.89675840e-03 5.91429148e-04
 1.99172783e-04 1.00193732e-03 1.99810315e-03 7.40891841e-04
 1.99999258e-04 8.89022026e-04 1.86663168e-03 9.71569313e-04
 5.67919743e-04 5.57319020e-04 1.55532575e-03 4.30447774e-04
 4.12283056e-04 5.87041109e-04 1.46120484e-03 6.33789590e-04
 6.44695967e-04 4.89747481e-04 1.20735748e-03 9.29089844e-04
 6.96289560e-04 4.03385001e-04 7.67679618e-04 5.89997498e-04
 8.49975429e-04 4.09641913e-03]
2024-04-14 09:41:45,032 - train - INFO - len params:37
2024-04-14 09:41:45,032 - train - INFO - params[0].shape:torch.Size([576, 192])
2024-04-14 09:41:45,032 - train - INFO - delta_weights_b1:[0, 0, 0, 0, 0, 0, 0, 0, 0, 0, 0, 0, 0, 0, 0, 0, 0, 0, 0, 0, 0, 0, 0, 0, 0, 0, 0, 0, 0, 0, 0, 0, 0, 0, 0, 0, 0]
2024-04-14 09:41:45,032 - train - INFO - delta_weights_b2:[1.3313902616500854, 1.3310376405715942, 1.3408616781234741, 1.335347056388855, 1.3336360454559326, 1.3316246271133423, 1.3335667848587036, 1.3291633129119873, 1.3310606479644775, 1.3340011835098267, 1.3348174095153809, 1.3325852155685425, 1.3378267288208008, 1.3425730466842651, 1.3330000638961792, 1.3356881141662598, 1.330126404762268, 1.3347636461257935, 1.337791085243225, 1.3352867364883423, 1.329138994216919, 1.3339569568634033, 1.3314857482910156, 1.3304016590118408, 1.3328276872634888, 1.3319076299667358, 1.3369441032409668, 1.331275224685669, 1.3346003293991089, 1.336325764656067, 1.3305583000183105, 1.3330960273742676, 1.332962989807129, 1.3328378200531006, 1.3321293592453003, 1.3360391855239868, 1.327424168586731]
2024-04-14 09:41:45,033 - train - INFO - delta_weights_b4:[1.6017570495605469, 1.5969774723052979, 1.602195143699646, 1.6108664274215698, 1.5949772596359253, 1.6050902605056763, 1.6061428785324097, 1.6086829900741577, 1.5963929891586304, 1.5853339433670044, 1.5969865322113037, 1.6067676544189453, 1.5896941423416138, 1.6057277917861938, 1.6083893775939941, 1.6047347784042358, 1.5950977802276611, 1.5920259952545166, 1.6054266691207886, 1.599004864692688, 1.5929890871047974, 1.596872091293335, 1.6016043424606323, 1.6002821922302246, 1.6070492267608643, 1.5956616401672363, 1.6076868772506714, 1.613632321357727, 1.595850944519043, 1.5989841222763062, 1.5986659526824951, 1.5947823524475098, 1.595538854598999, 1.601638913154602, 1.6043087244033813, 1.5963962078094482, 1.582310438156128]
2024-04-14 09:41:45,033 - train - INFO - delta_weights_b8:[1.7915016412734985, 1.7774932384490967, 1.7877211570739746, 1.7790300846099854, 1.77484130859375, 1.7874621152877808, 1.7779693603515625, 1.7843083143234253, 1.7799878120422363, 1.7898913621902466, 1.7876564264297485, 1.771541714668274, 1.7710667848587036, 1.7642829418182373, 1.7817573547363281, 1.772156834602356, 1.7723166942596436, 1.7766268253326416, 1.7864891290664673, 1.7819280624389648, 1.7758320569992065, 1.7566945552825928, 1.7927427291870117, 1.7800499200820923, 1.7773916721343994, 1.7708715200424194, 1.7862415313720703, 1.762428641319275, 1.7822703123092651, 1.7694991827011108, 1.783011794090271, 1.7721378803253174, 1.7785546779632568, 1.7714227437973022, 1.7786662578582764, 1.7801381349563599, 1.782189965248108]
2024-04-14 09:41:45,033 - train - INFO - delta_weights_b16:[1.8875395059585571, 1.869005799293518, 1.8848025798797607, 1.8782966136932373, 1.8866050243377686, 1.871121883392334, 1.901529312133789, 1.8808649778366089, 1.885615587234497, 1.8964192867279053, 1.8829751014709473, 1.8830382823944092, 1.8898729085922241, 1.8790777921676636, 1.8942396640777588, 1.888060450553894, 1.8851323127746582, 1.8987497091293335, 1.8993219137191772, 1.8915282487869263, 1.8859268426895142, 1.8882663249969482, 1.885438084602356, 1.8840579986572266, 1.8967585563659668, 1.8718868494033813, 1.9118989706039429, 1.8766943216323853, 1.8865514993667603, 1.8745957612991333, 1.8871444463729858, 1.8790068626403809, 1.8898106813430786, 1.8759372234344482, 1.8945300579071045, 1.886588454246521, 1.7939682006835938]
2024-04-14 09:41:45,033 - train - INFO - delta_weights_b32:[]
2024-04-14 09:41:45,100 - train - INFO - result:[16  1 16 16 16  1 16 16 16  1 16 16 16  1 16 16 16  1 16 16 16  8 16 16
 16  8 16 16 16  8 16 16 16 16 16 16  1]
2024-04-14 09:41:45,100 - train - INFO - origin_latency:2009.6719360351562
2024-04-14 09:41:45,100 - train - INFO - current_latency-origin_latency:-12.916704177856445
2024-04-14 09:42:32,693 - train - INFO - Model vit_9_12_64 created, param count:2766216
2024-04-14 09:42:32,905 - train - INFO - Using native Torch AMP. Training in mixed precision.
2024-04-14 09:42:32,905 - train - INFO - Scheduled epochs: 11
2024-04-14 09:42:33,312 - train - INFO - Verifying initial model
2024-04-14 09:42:33,738 - train - INFO - Test: [   0/156]  Time: 0.425 (0.425)  Loss:  0.7661 (0.7661)  Acc@1: 87.5000 (87.5000)  Acc@5: 93.7500 (93.7500)
2024-04-14 09:42:35,363 - train - INFO - Test: [  50/156]  Time: 0.032 (0.040)  Loss:  2.8906 (1.4736)  Acc@1: 37.5000 (66.9424)  Acc@5: 60.9375 (86.7953)
2024-04-14 09:42:36,977 - train - INFO - Test: [ 100/156]  Time: 0.033 (0.036)  Loss:  1.7725 (1.6068)  Acc@1: 53.1250 (63.1033)  Acc@5: 84.3750 (84.9319)
2024-04-14 09:42:38,597 - train - INFO - Test: [ 150/156]  Time: 0.032 (0.035)  Loss:  1.1201 (1.6443)  Acc@1: 76.5625 (62.5310)  Acc@5: 92.1875 (84.0853)
2024-04-14 09:42:38,838 - train - INFO - Test: [ 156/156]  Time: 0.080 (0.035)  Loss:  1.8408 (1.6375)  Acc@1: 56.2500 (62.6500)  Acc@5: 75.0000 (84.3200)
2024-04-14 09:42:56,722 - train - INFO - len trace:38
2024-04-14 09:42:57,329 - train - INFO - cir_idx:[1, 2, 3, 4, 5, 6, 7, 8, 9, 10, 11, 12, 13, 14, 15, 16, 17, 18, 19, 20, 21, 22, 23, 24, 25, 26, 27, 28, 29, 30, 31, 32, 33, 34, 35, 36, 37]
2024-04-14 09:42:57,329 - train - INFO - len traces:(38,)
2024-04-14 09:42:57,330 - train - INFO - traces:[2.54310693e-01 3.08986672e-04 2.63633198e-03 9.36011476e-04
 2.56208520e-03 6.97974536e-04 2.17384550e-03 4.24830766e-04
 2.02068325e-04 8.26342858e-04 1.89675840e-03 5.91429148e-04
 1.99172783e-04 1.00193732e-03 1.99810315e-03 7.40891841e-04
 1.99999258e-04 8.89022026e-04 1.86663168e-03 9.71569313e-04
 5.67919743e-04 5.57319020e-04 1.55532575e-03 4.30447774e-04
 4.12283056e-04 5.87041109e-04 1.46120484e-03 6.33789590e-04
 6.44695967e-04 4.89747481e-04 1.20735748e-03 9.29089844e-04
 6.96289560e-04 4.03385001e-04 7.67679618e-04 5.89997498e-04
 8.49975429e-04 4.09641913e-03]
2024-04-14 09:42:57,330 - train - INFO - len params:37
2024-04-14 09:42:57,330 - train - INFO - params[0].shape:torch.Size([576, 192])
2024-04-14 09:42:57,331 - train - INFO - delta_weights_b1:[1, 1, 1, 1, 1, 1, 1, 1, 1, 1, 1, 1, 1, 1, 1, 1, 1, 1, 1, 1, 1, 1, 1, 1, 1, 1, 1, 1, 1, 1, 1, 1, 1, 1, 1, 1, 1]
2024-04-14 09:42:57,331 - train - INFO - delta_weights_b2:[1.3313902616500854, 1.3310376405715942, 1.3408616781234741, 1.335347056388855, 1.3336360454559326, 1.3316246271133423, 1.3335667848587036, 1.3291633129119873, 1.3310606479644775, 1.3340011835098267, 1.3348174095153809, 1.3325852155685425, 1.3378267288208008, 1.3425730466842651, 1.3330000638961792, 1.3356881141662598, 1.330126404762268, 1.3347636461257935, 1.337791085243225, 1.3352867364883423, 1.329138994216919, 1.3339569568634033, 1.3314857482910156, 1.3304016590118408, 1.3328276872634888, 1.3319076299667358, 1.3369441032409668, 1.331275224685669, 1.3346003293991089, 1.336325764656067, 1.3305583000183105, 1.3330960273742676, 1.332962989807129, 1.3328378200531006, 1.3321293592453003, 1.3360391855239868, 1.327424168586731]
2024-04-14 09:42:57,331 - train - INFO - delta_weights_b4:[1.6017570495605469, 1.5969774723052979, 1.602195143699646, 1.6108664274215698, 1.5949772596359253, 1.6050902605056763, 1.6061428785324097, 1.6086829900741577, 1.5963929891586304, 1.5853339433670044, 1.5969865322113037, 1.6067676544189453, 1.5896941423416138, 1.6057277917861938, 1.6083893775939941, 1.6047347784042358, 1.5950977802276611, 1.5920259952545166, 1.6054266691207886, 1.599004864692688, 1.5929890871047974, 1.596872091293335, 1.6016043424606323, 1.6002821922302246, 1.6070492267608643, 1.5956616401672363, 1.6076868772506714, 1.613632321357727, 1.595850944519043, 1.5989841222763062, 1.5986659526824951, 1.5947823524475098, 1.595538854598999, 1.601638913154602, 1.6043087244033813, 1.5963962078094482, 1.582310438156128]
2024-04-14 09:42:57,331 - train - INFO - delta_weights_b8:[1.7915016412734985, 1.7774932384490967, 1.7877211570739746, 1.7790300846099854, 1.77484130859375, 1.7874621152877808, 1.7779693603515625, 1.7843083143234253, 1.7799878120422363, 1.7898913621902466, 1.7876564264297485, 1.771541714668274, 1.7710667848587036, 1.7642829418182373, 1.7817573547363281, 1.772156834602356, 1.7723166942596436, 1.7766268253326416, 1.7864891290664673, 1.7819280624389648, 1.7758320569992065, 1.7566945552825928, 1.7927427291870117, 1.7800499200820923, 1.7773916721343994, 1.7708715200424194, 1.7862415313720703, 1.762428641319275, 1.7822703123092651, 1.7694991827011108, 1.783011794090271, 1.7721378803253174, 1.7785546779632568, 1.7714227437973022, 1.7786662578582764, 1.7801381349563599, 1.782189965248108]
2024-04-14 09:42:57,331 - train - INFO - delta_weights_b16:[1.8875395059585571, 1.869005799293518, 1.8848025798797607, 1.8782966136932373, 1.8866050243377686, 1.871121883392334, 1.901529312133789, 1.8808649778366089, 1.885615587234497, 1.8964192867279053, 1.8829751014709473, 1.8830382823944092, 1.8898729085922241, 1.8790777921676636, 1.8942396640777588, 1.888060450553894, 1.8851323127746582, 1.8987497091293335, 1.8993219137191772, 1.8915282487869263, 1.8859268426895142, 1.8882663249969482, 1.885438084602356, 1.8840579986572266, 1.8967585563659668, 1.8718868494033813, 1.9118989706039429, 1.8766943216323853, 1.8865514993667603, 1.8745957612991333, 1.8871444463729858, 1.8790068626403809, 1.8898106813430786, 1.8759372234344482, 1.8945300579071045, 1.886588454246521, 1.7939682006835938]
2024-04-14 09:42:57,331 - train - INFO - delta_weights_b32:[]
2024-04-14 09:42:57,395 - train - INFO - result:[16  1 16 16 16  1 16 16 16  1 16 16 16  1 16 16 16  1 16 16 16  8 16 16
 16  8 16 16 16  8 16 16 16 16 16 16  1]
2024-04-14 09:42:57,395 - train - INFO - origin_latency:2009.6719360351562
2024-04-14 09:42:57,395 - train - INFO - current_latency-origin_latency:-12.916704177856445
2024-04-14 09:53:03,199 - train - INFO - Model vit_9_12_64 created, param count:2766216
2024-04-14 09:53:03,403 - train - INFO - Using native Torch AMP. Training in mixed precision.
2024-04-14 09:53:03,403 - train - INFO - Scheduled epochs: 11
2024-04-14 09:53:03,817 - train - INFO - Verifying initial model
2024-04-14 09:53:04,284 - train - INFO - Test: [   0/156]  Time: 0.466 (0.466)  Loss:  0.7661 (0.7661)  Acc@1: 87.5000 (87.5000)  Acc@5: 93.7500 (93.7500)
2024-04-14 09:53:05,781 - train - INFO - Test: [  50/156]  Time: 0.030 (0.039)  Loss:  2.8906 (1.4736)  Acc@1: 37.5000 (66.9424)  Acc@5: 60.9375 (86.7953)
2024-04-14 09:53:07,348 - train - INFO - Test: [ 100/156]  Time: 0.029 (0.035)  Loss:  1.7725 (1.6068)  Acc@1: 53.1250 (63.1033)  Acc@5: 84.3750 (84.9319)
2024-04-14 09:53:08,821 - train - INFO - Test: [ 150/156]  Time: 0.028 (0.033)  Loss:  1.1201 (1.6443)  Acc@1: 76.5625 (62.5310)  Acc@5: 92.1875 (84.0853)
2024-04-14 09:53:09,042 - train - INFO - Test: [ 156/156]  Time: 0.079 (0.033)  Loss:  1.8408 (1.6375)  Acc@1: 56.2500 (62.6500)  Acc@5: 75.0000 (84.3200)
2024-04-14 14:28:23,601 - train - INFO - Model vit_9_12_64 created, param count:2766216
2024-04-14 14:28:23,913 - train - INFO - Using native Torch AMP. Training in mixed precision.
2024-04-14 14:28:23,914 - train - INFO - Scheduled epochs: 11
2024-04-14 14:28:24,349 - train - INFO - Verifying initial model
2024-04-14 14:28:24,788 - train - INFO - Test: [   0/156]  Time: 0.438 (0.438)  Loss:  0.7661 (0.7661)  Acc@1: 87.5000 (87.5000)  Acc@5: 93.7500 (93.7500)
2024-04-14 14:28:26,234 - train - INFO - Test: [  50/156]  Time: 0.028 (0.037)  Loss:  2.8906 (1.4736)  Acc@1: 37.5000 (66.9424)  Acc@5: 60.9375 (86.7953)
2024-04-14 14:28:27,652 - train - INFO - Test: [ 100/156]  Time: 0.028 (0.033)  Loss:  1.7725 (1.6068)  Acc@1: 53.1250 (63.1033)  Acc@5: 84.3750 (84.9319)
2024-04-14 14:28:29,104 - train - INFO - Test: [ 150/156]  Time: 0.028 (0.031)  Loss:  1.1201 (1.6443)  Acc@1: 76.5625 (62.5310)  Acc@5: 92.1875 (84.0853)
2024-04-14 14:28:29,322 - train - INFO - Test: [ 156/156]  Time: 0.078 (0.032)  Loss:  1.8408 (1.6375)  Acc@1: 56.2500 (62.6500)  Acc@5: 75.0000 (84.3200)
2024-04-14 14:28:47,147 - train - INFO - len trace:38
2024-04-14 14:28:47,833 - train - INFO - cir_idx:[1, 2, 3, 4, 5, 6, 7, 8, 9, 10, 11, 12, 13, 14, 15, 16, 17, 18, 19, 20, 21, 22, 23, 24, 25, 26, 27, 28, 29, 30, 31, 32, 33, 34, 35, 36, 37]
2024-04-14 14:28:47,833 - train - INFO - len traces:(38,)
2024-04-14 14:28:47,834 - train - INFO - traces:[2.54310689e-01 3.08986672e-04 2.63633198e-03 9.36011476e-04
 2.56208520e-03 6.97974536e-04 2.17384550e-03 4.24830766e-04
 2.02068325e-04 8.26342858e-04 1.89675840e-03 5.91429148e-04
 1.99172783e-04 1.00193732e-03 1.99810315e-03 7.40891841e-04
 1.99999258e-04 8.89022026e-04 1.86663168e-03 9.71569313e-04
 5.67919743e-04 5.57319020e-04 1.55532575e-03 4.30447774e-04
 4.12283056e-04 5.87041109e-04 1.46120484e-03 6.33789590e-04
 6.44695967e-04 4.89747481e-04 1.20735748e-03 9.29089844e-04
 6.96289560e-04 4.03385001e-04 7.67679618e-04 5.89997498e-04
 8.49975429e-04 4.09641913e-03]
2024-04-14 14:28:47,834 - train - INFO - len params:37
2024-04-14 14:28:47,835 - train - INFO - params[0].shape:torch.Size([576, 192])
2024-04-14 14:28:47,835 - train - INFO - delta_weights_b1:[0, 0, 0, 0, 0, 0, 0, 0, 0, 0, 0, 0, 0, 0, 0, 0, 0, 0, 0, 0, 0, 0, 0, 0, 0, 0, 0, 0, 0, 0, 0, 0, 0, 0, 0, 0, 0]
2024-04-14 14:28:47,835 - train - INFO - delta_weights_b2:[919.2827758789062, 78.9843978881836, 2446.705322265625, 854.5731201171875, 2193.053955078125, 515.7764892578125, 2193.613525390625, 390.31268310546875, 2175.616455078125, 484.0006408691406, 1914.268798828125, 306.1156921386719, 2085.986083984375, 416.2902526855469, 1733.0797119140625, 294.8123474121094, 2025.3953857421875, 395.214111328125, 1936.7672119140625, 317.1766662597656, 1823.1746826171875, 348.3452453613281, 2211.3837890625, 300.72442626953125, 1749.1365966796875, 326.53106689453125, 2012.380615234375, 271.6353759765625, 1556.68310546875, 256.8612365722656, 1787.6240234375, 316.3393249511719, 1475.17236328125, 252.5036163330078, 1499.1898193359375, 509.5772705078125, 82.88217163085938]
2024-04-14 14:28:47,835 - train - INFO - delta_weights_b4:[1308.5810546875, 108.7536849975586, 3443.89697265625, 1086.3677978515625, 3058.038330078125, 654.2890014648438, 2936.20751953125, 496.4415588378906, 2969.28271484375, 599.3024291992188, 2545.32080078125, 388.873779296875, 2820.177001953125, 511.065185546875, 2310.896240234375, 370.6843566894531, 2713.104248046875, 477.0268859863281, 2508.63037109375, 404.3418884277344, 2400.275634765625, 414.57537841796875, 2807.3916015625, 371.2781982421875, 2287.1923828125, 392.7210693359375, 2497.189208984375, 336.5141296386719, 2021.028564453125, 312.5157165527344, 2175.831298828125, 391.16729736328125, 1892.2425537109375, 313.0438232421875, 1816.544677734375, 614.01025390625, 101.11458587646484]
2024-04-14 14:28:47,835 - train - INFO - delta_weights_b8:[1506.8155517578125, 125.32035064697266, 3950.204833984375, 1206.7530517578125, 3491.31884765625, 730.27783203125, 3388.410888671875, 540.8251953125, 3379.950927734375, 650.279541015625, 2957.73974609375, 424.9984130859375, 3156.9482421875, 546.0473022460938, 2657.3369140625, 406.9733581542969, 3017.213623046875, 510.5977783203125, 2909.4375, 441.85491943359375, 2682.38525390625, 449.8851318359375, 3284.99609375, 401.23309326171875, 2559.510009765625, 423.00677490234375, 2899.7421875, 361.72344970703125, 2228.344970703125, 332.2196044921875, 2438.62060546875, 420.10028076171875, 2086.649169921875, 347.08599853515625, 1951.5631103515625, 660.21826171875, 110.31742095947266]
2024-04-14 14:28:47,835 - train - INFO - delta_weights_b16:[1603.024169921875, 132.48562622070312, 4146.41259765625, 1261.5091552734375, 3717.196044921875, 763.5553588867188, 3545.544921875, 563.3593139648438, 3574.53662109375, 672.0059814453125, 3113.75439453125, 445.19293212890625, 3328.562744140625, 560.177490234375, 2812.664306640625, 425.5249328613281, 3189.82861328125, 522.8372802734375, 3051.383544921875, 459.4296875, 2809.515625, 470.4959716796875, 3389.274658203125, 415.6226501464844, 2678.102783203125, 438.8343505859375, 2977.593994140625, 376.017578125, 2338.593994140625, 344.8798522949219, 2501.136474609375, 435.5126953125, 2180.498046875, 358.0480651855469, 1992.9320068359375, 682.9395751953125, 110.31742095947266]
2024-04-14 14:28:47,835 - train - INFO - delta_weights_b32:[]
2024-04-14 14:28:47,906 - train - INFO - result:[16 16  2  2  8  2 16 16  4 16 16 16  2 16 16 16 16 16  2 16 16 16 16 16
 16 16 16 16 16 16 16 16 16 16 16 16  2]
2024-04-14 14:28:47,906 - train - INFO - origin_latency:2009.6719360351562
2024-04-14 14:28:47,906 - train - INFO - current_latency-origin_latency:-0.4382152557373047
2024-04-15 10:18:19,401 - train - INFO - Model vit_9_12_64 created, param count:2766216
2024-04-15 10:18:19,614 - train - INFO - Using native Torch AMP. Training in mixed precision.
2024-04-15 10:18:19,614 - train - INFO - Scheduled epochs: 11
2024-04-15 10:18:20,028 - train - INFO - Verifying initial model
2024-04-15 10:18:20,447 - train - INFO - Test: [   0/156]  Time: 0.418 (0.418)  Loss:  0.7661 (0.7661)  Acc@1: 87.5000 (87.5000)  Acc@5: 93.7500 (93.7500)
2024-04-15 10:18:21,876 - train - INFO - Test: [  50/156]  Time: 0.028 (0.036)  Loss:  2.8906 (1.4736)  Acc@1: 37.5000 (66.9424)  Acc@5: 60.9375 (86.7953)
2024-04-15 10:18:23,320 - train - INFO - Test: [ 100/156]  Time: 0.029 (0.033)  Loss:  1.7725 (1.6068)  Acc@1: 53.1250 (63.1033)  Acc@5: 84.3750 (84.9319)
2024-04-15 10:18:24,781 - train - INFO - Test: [ 150/156]  Time: 0.028 (0.031)  Loss:  1.1201 (1.6443)  Acc@1: 76.5625 (62.5310)  Acc@5: 92.1875 (84.0853)
2024-04-15 10:18:25,000 - train - INFO - Test: [ 156/156]  Time: 0.078 (0.032)  Loss:  1.8408 (1.6375)  Acc@1: 56.2500 (62.6500)  Acc@5: 75.0000 (84.3200)
2024-04-15 10:18:42,940 - train - INFO - len trace:38
2024-04-15 10:18:43,632 - train - INFO - cir_idx:[1, 2, 3, 4, 5, 6, 7, 8, 9, 10, 11, 12, 13, 14, 15, 16, 17, 18, 19, 20, 21, 22, 23, 24, 25, 26, 27, 28, 29, 30, 31, 32, 33, 34, 35, 36, 37]
2024-04-15 10:18:43,632 - train - INFO - len traces:(38,)
2024-04-15 10:18:43,633 - train - INFO - traces:[2.54310693e-01 3.08986672e-04 2.63633198e-03 9.36011476e-04
 2.56208520e-03 6.97974536e-04 2.17384550e-03 4.24830766e-04
 2.02068325e-04 8.26342858e-04 1.89675840e-03 5.91429148e-04
 1.99172783e-04 1.00193732e-03 1.99810315e-03 7.40891841e-04
 1.99999258e-04 8.89022026e-04 1.86663168e-03 9.71569313e-04
 5.67919743e-04 5.57319020e-04 1.55532575e-03 4.30447774e-04
 4.12283056e-04 5.87041109e-04 1.46120484e-03 6.33789590e-04
 6.44695967e-04 4.89747481e-04 1.20735748e-03 9.29089844e-04
 6.96289560e-04 4.03385001e-04 7.67679618e-04 5.89997498e-04
 8.49975429e-04 4.09641913e-03]
2024-04-15 10:18:43,633 - train - INFO - len params:37
2024-04-15 10:18:43,633 - train - INFO - params[0].shape:torch.Size([576, 192])
2024-04-15 10:18:43,633 - train - INFO - delta_weights_b1:[0, 0, 0, 0, 0, 0, 0, 0, 0, 0, 0, 0, 0, 0, 0, 0, 0, 0, 0, 0, 0, 0, 0, 0, 0, 0, 0, 0, 0, 0, 0, 0, 0, 0, 0, 0, 0]
2024-04-15 10:18:43,633 - train - INFO - delta_weights_b2:[919.2827758789062, 78.9843978881836, 2446.705322265625, 854.5731201171875, 2193.053955078125, 515.7764892578125, 2193.613525390625, 390.31268310546875, 2175.616455078125, 484.0006408691406, 1914.268798828125, 306.1156921386719, 2085.986083984375, 416.2902526855469, 1733.0797119140625, 294.8123474121094, 2025.3953857421875, 395.214111328125, 1936.7672119140625, 317.1766662597656, 1823.1746826171875, 348.3452453613281, 2211.3837890625, 300.72442626953125, 1749.1365966796875, 326.53106689453125, 2012.380615234375, 271.6353759765625, 1556.68310546875, 256.8612365722656, 1787.6240234375, 316.3393249511719, 1475.17236328125, 252.5036163330078, 1499.1898193359375, 509.5772705078125, 82.88217163085938]
2024-04-15 10:18:43,634 - train - INFO - delta_weights_b4:[1308.5810546875, 108.7536849975586, 3443.89697265625, 1086.3677978515625, 3058.038330078125, 654.2890014648438, 2936.20751953125, 496.4415588378906, 2969.28271484375, 599.3024291992188, 2545.32080078125, 388.873779296875, 2820.177001953125, 511.065185546875, 2310.896240234375, 370.6843566894531, 2713.104248046875, 477.0268859863281, 2508.63037109375, 404.3418884277344, 2400.275634765625, 414.57537841796875, 2807.3916015625, 371.2781982421875, 2287.1923828125, 392.7210693359375, 2497.189208984375, 336.5141296386719, 2021.028564453125, 312.5157165527344, 2175.831298828125, 391.16729736328125, 1892.2425537109375, 313.0438232421875, 1816.544677734375, 614.01025390625, 101.11458587646484]
2024-04-15 10:18:43,634 - train - INFO - delta_weights_b8:[1506.8155517578125, 125.32035064697266, 3950.204833984375, 1206.7530517578125, 3491.31884765625, 730.27783203125, 3388.410888671875, 540.8251953125, 3379.950927734375, 650.279541015625, 2957.73974609375, 424.9984130859375, 3156.9482421875, 546.0473022460938, 2657.3369140625, 406.9733581542969, 3017.213623046875, 510.5977783203125, 2909.4375, 441.85491943359375, 2682.38525390625, 449.8851318359375, 3284.99609375, 401.23309326171875, 2559.510009765625, 423.00677490234375, 2899.7421875, 361.72344970703125, 2228.344970703125, 332.2196044921875, 2438.62060546875, 420.10028076171875, 2086.649169921875, 347.08599853515625, 1951.5631103515625, 660.21826171875, 110.31742095947266]
2024-04-15 10:18:43,634 - train - INFO - delta_weights_b16:[1603.024169921875, 132.48562622070312, 4146.41259765625, 1261.5091552734375, 3717.196044921875, 763.5553588867188, 3545.544921875, 563.3593139648438, 3574.53662109375, 672.0059814453125, 3113.75439453125, 445.19293212890625, 3328.562744140625, 560.177490234375, 2812.664306640625, 425.5249328613281, 3189.82861328125, 522.8372802734375, 3051.383544921875, 459.4296875, 2809.515625, 470.4959716796875, 3389.274658203125, 415.6226501464844, 2678.102783203125, 438.8343505859375, 2977.593994140625, 376.017578125, 2338.593994140625, 344.8798522949219, 2501.136474609375, 435.5126953125, 2180.498046875, 358.0480651855469, 1992.9320068359375, 682.9395751953125, 110.31742095947266]
2024-04-15 10:18:43,634 - train - INFO - delta_weights_b32:[]
2024-04-15 10:18:43,706 - train - INFO - result:[16 16  2  2  2  2  2 16  2  2  2 16  2  2  2 16  2 16  2 16  8  8  4 16
 16  8  2 16 16 16  2 16 16 16 16 16  2]
2024-04-15 10:18:43,707 - train - INFO - origin_latency:3906.8803300857544
2024-04-15 10:18:43,707 - train - INFO - current_latency-origin_latency:-3.155024528503418
2024-04-15 10:24:52,022 - train - INFO - Model vit_9_12_64 created, param count:2766216
2024-04-15 10:24:52,248 - train - INFO - Using native Torch AMP. Training in mixed precision.
2024-04-15 10:24:52,248 - train - INFO - Scheduled epochs: 11
2024-04-15 10:24:52,681 - train - INFO - Verifying initial model
2024-04-15 10:24:53,108 - train - INFO - Test: [   0/156]  Time: 0.426 (0.426)  Loss:  0.7661 (0.7661)  Acc@1: 87.5000 (87.5000)  Acc@5: 93.7500 (93.7500)
2024-04-15 10:24:54,764 - train - INFO - Test: [  50/156]  Time: 0.031 (0.041)  Loss:  2.8906 (1.4736)  Acc@1: 37.5000 (66.9424)  Acc@5: 60.9375 (86.7953)
2024-04-15 10:24:56,297 - train - INFO - Test: [ 100/156]  Time: 0.031 (0.036)  Loss:  1.7725 (1.6068)  Acc@1: 53.1250 (63.1033)  Acc@5: 84.3750 (84.9319)
2024-04-15 10:24:57,744 - train - INFO - Test: [ 150/156]  Time: 0.028 (0.034)  Loss:  1.1201 (1.6443)  Acc@1: 76.5625 (62.5310)  Acc@5: 92.1875 (84.0853)
2024-04-15 10:24:57,955 - train - INFO - Test: [ 156/156]  Time: 0.068 (0.034)  Loss:  1.8408 (1.6375)  Acc@1: 56.2500 (62.6500)  Acc@5: 75.0000 (84.3200)
2024-04-15 10:25:15,781 - train - INFO - len trace:38
2024-04-15 10:25:16,490 - train - INFO - cir_idx:[1, 2, 3, 4, 5, 6, 7, 8, 9, 10, 11, 12, 13, 14, 15, 16, 17, 18, 19, 20, 21, 22, 23, 24, 25, 26, 27, 28, 29, 30, 31, 32, 33, 34, 35, 36, 37]
2024-04-15 10:25:16,490 - train - INFO - len traces:(38,)
2024-04-15 10:25:16,491 - train - INFO - traces:[2.54310691e-01 3.08986672e-04 2.63633198e-03 9.36011476e-04
 2.56208520e-03 6.97974536e-04 2.17384550e-03 4.24830766e-04
 2.02068325e-04 8.26342858e-04 1.89675840e-03 5.91429148e-04
 1.99172783e-04 1.00193732e-03 1.99810315e-03 7.40891841e-04
 1.99999258e-04 8.89022026e-04 1.86663168e-03 9.71569313e-04
 5.67919743e-04 5.57319020e-04 1.55532575e-03 4.30447774e-04
 4.12283056e-04 5.87041109e-04 1.46120484e-03 6.33789590e-04
 6.44695967e-04 4.89747481e-04 1.20735748e-03 9.29089844e-04
 6.96289560e-04 4.03385001e-04 7.67679618e-04 5.89997498e-04
 8.49975429e-04 4.09641913e-03]
2024-04-15 10:25:16,491 - train - INFO - len params:37
2024-04-15 10:25:16,491 - train - INFO - params[0].shape:torch.Size([576, 192])
2024-04-15 10:25:16,491 - train - INFO - delta_weights_b1:[0, 0, 0, 0, 0, 0, 0, 0, 0, 0, 0, 0, 0, 0, 0, 0, 0, 0, 0, 0, 0, 0, 0, 0, 0, 0, 0, 0, 0, 0, 0, 0, 0, 0, 0, 0, 0]
2024-04-15 10:25:16,491 - train - INFO - delta_weights_b2:[919.2827758789062, 78.9843978881836, 2446.705322265625, 854.5731201171875, 2193.053955078125, 515.7764892578125, 2193.613525390625, 390.31268310546875, 2175.616455078125, 484.0006408691406, 1914.268798828125, 306.1156921386719, 2085.986083984375, 416.2902526855469, 1733.0797119140625, 294.8123474121094, 2025.3953857421875, 395.214111328125, 1936.7672119140625, 317.1766662597656, 1823.1746826171875, 348.3452453613281, 2211.3837890625, 300.72442626953125, 1749.1365966796875, 326.53106689453125, 2012.380615234375, 271.6353759765625, 1556.68310546875, 256.8612365722656, 1787.6240234375, 316.3393249511719, 1475.17236328125, 252.5036163330078, 1499.1898193359375, 509.5772705078125, 82.88217163085938]
2024-04-15 10:25:16,491 - train - INFO - delta_weights_b4:[1308.5810546875, 108.7536849975586, 3443.89697265625, 1086.3677978515625, 3058.038330078125, 654.2890014648438, 2936.20751953125, 496.4415588378906, 2969.28271484375, 599.3024291992188, 2545.32080078125, 388.873779296875, 2820.177001953125, 511.065185546875, 2310.896240234375, 370.6843566894531, 2713.104248046875, 477.0268859863281, 2508.63037109375, 404.3418884277344, 2400.275634765625, 414.57537841796875, 2807.3916015625, 371.2781982421875, 2287.1923828125, 392.7210693359375, 2497.189208984375, 336.5141296386719, 2021.028564453125, 312.5157165527344, 2175.831298828125, 391.16729736328125, 1892.2425537109375, 313.0438232421875, 1816.544677734375, 614.01025390625, 101.11458587646484]
2024-04-15 10:25:16,491 - train - INFO - delta_weights_b8:[1506.8155517578125, 125.32035064697266, 3950.204833984375, 1206.7530517578125, 3491.31884765625, 730.27783203125, 3388.410888671875, 540.8251953125, 3379.950927734375, 650.279541015625, 2957.73974609375, 424.9984130859375, 3156.9482421875, 546.0473022460938, 2657.3369140625, 406.9733581542969, 3017.213623046875, 510.5977783203125, 2909.4375, 441.85491943359375, 2682.38525390625, 449.8851318359375, 3284.99609375, 401.23309326171875, 2559.510009765625, 423.00677490234375, 2899.7421875, 361.72344970703125, 2228.344970703125, 332.2196044921875, 2438.62060546875, 420.10028076171875, 2086.649169921875, 347.08599853515625, 1951.5631103515625, 660.21826171875, 110.31742095947266]
2024-04-15 10:25:16,491 - train - INFO - delta_weights_b16:[]
2024-04-15 10:25:16,491 - train - INFO - delta_weights_b32:[]
2024-04-15 10:25:16,549 - train - INFO - result:[8 8 1 1 1 1 1 8 1 1 1 8 1 1 1 8 1 1 1 8 8 4 4 8 8 8 1 8 8 8 1 8 8 8 8 8 1]
2024-04-15 10:25:16,550 - train - INFO - origin_latency:7482.370035171509
2024-04-15 10:25:16,550 - train - INFO - current_latency-origin_latency:-11.755672454833984
2024-04-16 11:31:39,854 - train - INFO - Model vit_9_12_64 created, param count:2766216
2024-04-16 11:31:40,078 - train - INFO - Using native Torch AMP. Training in mixed precision.
2024-04-16 11:31:40,079 - train - INFO - Scheduled epochs: 11
2024-04-16 11:31:40,510 - train - INFO - Verifying initial model
2024-04-16 11:31:40,929 - train - INFO - Test: [   0/156]  Time: 0.418 (0.418)  Loss:  0.7661 (0.7661)  Acc@1: 87.5000 (87.5000)  Acc@5: 93.7500 (93.7500)
2024-04-16 11:31:42,351 - train - INFO - Test: [  50/156]  Time: 0.029 (0.036)  Loss:  2.8906 (1.4736)  Acc@1: 37.5000 (66.9424)  Acc@5: 60.9375 (86.7953)
2024-04-16 11:31:43,773 - train - INFO - Test: [ 100/156]  Time: 0.028 (0.032)  Loss:  1.7725 (1.6068)  Acc@1: 53.1250 (63.1033)  Acc@5: 84.3750 (84.9319)
2024-04-16 11:31:45,189 - train - INFO - Test: [ 150/156]  Time: 0.028 (0.031)  Loss:  1.1201 (1.6443)  Acc@1: 76.5625 (62.5310)  Acc@5: 92.1875 (84.0853)
2024-04-16 11:31:45,423 - train - INFO - Test: [ 156/156]  Time: 0.080 (0.031)  Loss:  1.8408 (1.6375)  Acc@1: 56.2500 (62.6500)  Acc@5: 75.0000 (84.3200)
2024-04-16 11:32:03,231 - train - INFO - len trace:38
2024-04-16 11:32:03,940 - train - INFO - cir_idx:[1, 2, 3, 4, 5, 6, 7, 8, 9, 10, 11, 12, 13, 14, 15, 16, 17, 18, 19, 20, 21, 22, 23, 24, 25, 26, 27, 28, 29, 30, 31, 32, 33, 34, 35, 36, 37]
2024-04-16 11:32:03,941 - train - INFO - len traces:(38,)
2024-04-16 11:32:03,942 - train - INFO - traces:[2.54310688e-01 3.08986672e-04 2.63633198e-03 9.36011476e-04
 2.56208520e-03 6.97974536e-04 2.17384550e-03 4.24830766e-04
 2.02068325e-04 8.26342858e-04 1.89675840e-03 5.91429148e-04
 1.99172783e-04 1.00193732e-03 1.99810315e-03 7.40891841e-04
 1.99999258e-04 8.89022026e-04 1.86663168e-03 9.71569313e-04
 5.67919743e-04 5.57319020e-04 1.55532575e-03 4.30447774e-04
 4.12283056e-04 5.87041109e-04 1.46120484e-03 6.33789590e-04
 6.44695967e-04 4.89747481e-04 1.20735748e-03 9.29089844e-04
 6.96289560e-04 4.03385001e-04 7.67679618e-04 5.89997498e-04
 8.49975429e-04 4.09641913e-03]
2024-04-16 11:32:03,942 - train - INFO - len params:37
2024-04-16 11:32:03,942 - train - INFO - params[0].shape:torch.Size([576, 192])
2024-04-16 11:32:03,942 - train - INFO - delta_weights_b1:[0, 0, 0, 0, 0, 0, 0, 0, 0, 0, 0, 0, 0, 0, 0, 0, 0, 0, 0, 0, 0, 0, 0, 0, 0, 0, 0, 0, 0, 0, 0, 0, 0, 0, 0, 0, 0]
2024-04-16 11:32:03,942 - train - INFO - delta_weights_b2:[919.2827758789062, 78.9843978881836, 2446.705322265625, 854.5731201171875, 2193.053955078125, 515.7764892578125, 2193.613525390625, 390.31268310546875, 2175.616455078125, 484.0006408691406, 1914.268798828125, 306.1156921386719, 2085.986083984375, 416.2902526855469, 1733.0797119140625, 294.8123474121094, 2025.3953857421875, 395.214111328125, 1936.7672119140625, 317.1766662597656, 1823.1746826171875, 348.3452453613281, 2211.3837890625, 300.72442626953125, 1749.1365966796875, 326.53106689453125, 2012.380615234375, 271.6353759765625, 1556.68310546875, 256.8612365722656, 1787.6240234375, 316.3393249511719, 1475.17236328125, 252.5036163330078, 1499.1898193359375, 509.5772705078125, 82.88217163085938]
2024-04-16 11:32:03,942 - train - INFO - delta_weights_b4:[1308.5810546875, 108.7536849975586, 3443.89697265625, 1086.3677978515625, 3058.038330078125, 654.2890014648438, 2936.20751953125, 496.4415588378906, 2969.28271484375, 599.3024291992188, 2545.32080078125, 388.873779296875, 2820.177001953125, 511.065185546875, 2310.896240234375, 370.6843566894531, 2713.104248046875, 477.0268859863281, 2508.63037109375, 404.3418884277344, 2400.275634765625, 414.57537841796875, 2807.3916015625, 371.2781982421875, 2287.1923828125, 392.7210693359375, 2497.189208984375, 336.5141296386719, 2021.028564453125, 312.5157165527344, 2175.831298828125, 391.16729736328125, 1892.2425537109375, 313.0438232421875, 1816.544677734375, 614.01025390625, 101.11458587646484]
2024-04-16 11:32:03,942 - train - INFO - delta_weights_b8:[]
2024-04-16 11:32:03,942 - train - INFO - delta_weights_b16:[]
2024-04-16 11:32:03,942 - train - INFO - delta_weights_b32:[]
2024-04-16 11:32:04,010 - train - INFO - result:[4 4 1 1 4 1 4 4 1 1 4 4 1 1 1 4 1 1 1 4 4 4 4 4 4 4 1 4 4 4 1 4 4 4 4 4 1]
2024-04-16 11:32:04,011 - train - INFO - origin_latency:7482.370035171509
2024-04-16 11:32:04,011 - train - INFO - current_latency-origin_latency:-18.98379898071289
2024-04-16 11:36:45,622 - train - INFO - Model vit_9_12_64 created, param count:2766216
2024-04-16 11:36:45,941 - train - INFO - Using native Torch AMP. Training in mixed precision.
2024-04-16 11:36:45,941 - train - INFO - Scheduled epochs: 11
2024-04-16 11:36:46,350 - train - INFO - Verifying initial model
2024-04-16 11:36:46,841 - train - INFO - Test: [   0/156]  Time: 0.490 (0.490)  Loss:  0.7661 (0.7661)  Acc@1: 87.5000 (87.5000)  Acc@5: 93.7500 (93.7500)
2024-04-16 11:36:48,267 - train - INFO - Test: [  50/156]  Time: 0.029 (0.038)  Loss:  2.8906 (1.4736)  Acc@1: 37.5000 (66.9424)  Acc@5: 60.9375 (86.7953)
2024-04-16 11:36:49,680 - train - INFO - Test: [ 100/156]  Time: 0.028 (0.033)  Loss:  1.7725 (1.6068)  Acc@1: 53.1250 (63.1033)  Acc@5: 84.3750 (84.9319)
2024-04-16 11:36:51,108 - train - INFO - Test: [ 150/156]  Time: 0.028 (0.032)  Loss:  1.1201 (1.6443)  Acc@1: 76.5625 (62.5310)  Acc@5: 92.1875 (84.0853)
2024-04-16 11:36:51,327 - train - INFO - Test: [ 156/156]  Time: 0.078 (0.032)  Loss:  1.8408 (1.6375)  Acc@1: 56.2500 (62.6500)  Acc@5: 75.0000 (84.3200)
2024-04-16 11:37:09,326 - train - INFO - len trace:38
2024-04-16 11:37:09,979 - train - INFO - cir_idx:[1, 2, 3, 4, 5, 6, 7, 8, 9, 10, 11, 12, 13, 14, 15, 16, 17, 18, 19, 20, 21, 22, 23, 24, 25, 26, 27, 28, 29, 30, 31, 32, 33, 34, 35, 36, 37]
2024-04-16 11:37:09,979 - train - INFO - len traces:(38,)
2024-04-16 11:37:09,980 - train - INFO - traces:[2.54310691e-01 3.08986672e-04 2.63633198e-03 9.36011476e-04
 2.56208520e-03 6.97974536e-04 2.17384550e-03 4.24830766e-04
 2.02068325e-04 8.26342858e-04 1.89675840e-03 5.91429148e-04
 1.99172783e-04 1.00193732e-03 1.99810315e-03 7.40891841e-04
 1.99999258e-04 8.89022026e-04 1.86663168e-03 9.71569313e-04
 5.67919743e-04 5.57319020e-04 1.55532575e-03 4.30447774e-04
 4.12283056e-04 5.87041109e-04 1.46120484e-03 6.33789590e-04
 6.44695967e-04 4.89747481e-04 1.20735748e-03 9.29089844e-04
 6.96289560e-04 4.03385001e-04 7.67679618e-04 5.89997498e-04
 8.49975429e-04 4.09641913e-03]
2024-04-16 11:37:09,980 - train - INFO - len params:37
2024-04-16 11:37:09,980 - train - INFO - params[0].shape:torch.Size([576, 192])
2024-04-16 11:37:09,981 - train - INFO - delta_weights_b1:[0, 0, 0, 0, 0, 0, 0, 0, 0, 0, 0, 0, 0, 0, 0, 0, 0, 0, 0, 0, 0, 0, 0, 0, 0, 0, 0, 0, 0, 0, 0, 0, 0, 0, 0, 0, 0]
2024-04-16 11:37:09,981 - train - INFO - delta_weights_b2:[919.2827758789062, 78.9843978881836, 2446.705322265625, 854.5731201171875, 2193.053955078125, 515.7764892578125, 2193.613525390625, 390.31268310546875, 2175.616455078125, 484.0006408691406, 1914.268798828125, 306.1156921386719, 2085.986083984375, 416.2902526855469, 1733.0797119140625, 294.8123474121094, 2025.3953857421875, 395.214111328125, 1936.7672119140625, 317.1766662597656, 1823.1746826171875, 348.3452453613281, 2211.3837890625, 300.72442626953125, 1749.1365966796875, 326.53106689453125, 2012.380615234375, 271.6353759765625, 1556.68310546875, 256.8612365722656, 1787.6240234375, 316.3393249511719, 1475.17236328125, 252.5036163330078, 1499.1898193359375, 509.5772705078125, 82.88217163085938]
2024-04-16 11:37:09,981 - train - INFO - delta_weights_b4:[1308.5810546875, 108.7536849975586, 3443.89697265625, 1086.3677978515625, 3058.038330078125, 654.2890014648438, 2936.20751953125, 496.4415588378906, 2969.28271484375, 599.3024291992188, 2545.32080078125, 388.873779296875, 2820.177001953125, 511.065185546875, 2310.896240234375, 370.6843566894531, 2713.104248046875, 477.0268859863281, 2508.63037109375, 404.3418884277344, 2400.275634765625, 414.57537841796875, 2807.3916015625, 371.2781982421875, 2287.1923828125, 392.7210693359375, 2497.189208984375, 336.5141296386719, 2021.028564453125, 312.5157165527344, 2175.831298828125, 391.16729736328125, 1892.2425537109375, 313.0438232421875, 1816.544677734375, 614.01025390625, 101.11458587646484]
2024-04-16 11:37:09,981 - train - INFO - delta_weights_b8:[]
2024-04-16 11:37:09,981 - train - INFO - delta_weights_b16:[]
2024-04-16 11:37:09,981 - train - INFO - delta_weights_b32:[]
2024-04-16 11:37:10,051 - train - INFO - result:[4 4 1 1 4 1 4 4 1 1 4 4 1 1 1 4 1 2 1 4 4 4 4 4 4 4 1 4 4 4 1 4 4 4 4 4 1]
2024-04-16 11:37:10,051 - train - INFO - origin_latency:13084.823711395264
2024-04-16 11:37:10,051 - train - INFO - current_latency-origin_latency:-56.8095817565918
2024-04-16 15:47:10,259 - train - INFO - Model vit_9_12_64 created, param count:2766216
2024-04-16 15:47:10,484 - train - INFO - Using native Torch AMP. Training in mixed precision.
2024-04-16 15:47:10,485 - train - INFO - Scheduled epochs: 11
2024-04-16 15:47:10,895 - train - INFO - Verifying initial model
2024-04-16 15:47:11,301 - train - INFO - Test: [   0/156]  Time: 0.405 (0.405)  Loss:  0.7661 (0.7661)  Acc@1: 87.5000 (87.5000)  Acc@5: 93.7500 (93.7500)
2024-04-16 15:47:12,723 - train - INFO - Test: [  50/156]  Time: 0.028 (0.036)  Loss:  2.8906 (1.4736)  Acc@1: 37.5000 (66.9424)  Acc@5: 60.9375 (86.7953)
2024-04-16 15:47:14,173 - train - INFO - Test: [ 100/156]  Time: 0.032 (0.032)  Loss:  1.7725 (1.6068)  Acc@1: 53.1250 (63.1033)  Acc@5: 84.3750 (84.9319)
2024-04-16 15:47:15,655 - train - INFO - Test: [ 150/156]  Time: 0.028 (0.032)  Loss:  1.1201 (1.6443)  Acc@1: 76.5625 (62.5310)  Acc@5: 92.1875 (84.0853)
2024-04-16 15:47:15,864 - train - INFO - Test: [ 156/156]  Time: 0.066 (0.032)  Loss:  1.8408 (1.6375)  Acc@1: 56.2500 (62.6500)  Acc@5: 75.0000 (84.3200)
2024-04-16 15:47:33,600 - train - INFO - len trace:38
2024-04-16 15:47:34,360 - train - INFO - cir_idx:[1, 2, 3, 4, 5, 6, 7, 8, 9, 10, 11, 12, 13, 14, 15, 16, 17, 18, 19, 20, 21, 22, 23, 24, 25, 26, 27, 28, 29, 30, 31, 32, 33, 34, 35, 36, 37]
2024-04-16 15:47:34,360 - train - INFO - len traces:(38,)
2024-04-16 15:47:34,361 - train - INFO - traces:[2.54310691e-01 3.08986672e-04 2.63633198e-03 9.36011476e-04
 2.56208520e-03 6.97974536e-04 2.17384550e-03 4.24830766e-04
 2.02068325e-04 8.26342858e-04 1.89675840e-03 5.91429148e-04
 1.99172783e-04 1.00193732e-03 1.99810315e-03 7.40891841e-04
 1.99999258e-04 8.89022026e-04 1.86663168e-03 9.71569313e-04
 5.67919743e-04 5.57319020e-04 1.55532575e-03 4.30447774e-04
 4.12283056e-04 5.87041109e-04 1.46120484e-03 6.33789590e-04
 6.44695967e-04 4.89747481e-04 1.20735748e-03 9.29089844e-04
 6.96289560e-04 4.03385001e-04 7.67679618e-04 5.89997498e-04
 8.49975429e-04 4.09641913e-03]
2024-04-16 15:47:34,361 - train - INFO - len params:37
2024-04-16 15:47:34,361 - train - INFO - params[0].shape:torch.Size([576, 192])
2024-04-16 15:47:34,362 - train - INFO - delta_weights_b1:[0, 0, 0, 0, 0, 0, 0, 0, 0, 0, 0, 0, 0, 0, 0, 0, 0, 0, 0, 0, 0, 0, 0, 0, 0, 0, 0, 0, 0, 0, 0, 0, 0, 0, 0, 0, 0]
2024-04-16 15:47:34,362 - train - INFO - delta_weights_b2:[919.2827758789062, 78.9843978881836, 2446.705322265625, 854.5731201171875, 2193.053955078125, 515.7764892578125, 2193.613525390625, 390.31268310546875, 2175.616455078125, 484.0006408691406, 1914.268798828125, 306.1156921386719, 2085.986083984375, 416.2902526855469, 1733.0797119140625, 294.8123474121094, 2025.3953857421875, 395.214111328125, 1936.7672119140625, 317.1766662597656, 1823.1746826171875, 348.3452453613281, 2211.3837890625, 300.72442626953125, 1749.1365966796875, 326.53106689453125, 2012.380615234375, 271.6353759765625, 1556.68310546875, 256.8612365722656, 1787.6240234375, 316.3393249511719, 1475.17236328125, 252.5036163330078, 1499.1898193359375, 509.5772705078125, 82.88217163085938]
2024-04-16 15:47:34,362 - train - INFO - delta_weights_b4:[1308.5810546875, 108.7536849975586, 3443.89697265625, 1086.3677978515625, 3058.038330078125, 654.2890014648438, 2936.20751953125, 496.4415588378906, 2969.28271484375, 599.3024291992188, 2545.32080078125, 388.873779296875, 2820.177001953125, 511.065185546875, 2310.896240234375, 370.6843566894531, 2713.104248046875, 477.0268859863281, 2508.63037109375, 404.3418884277344, 2400.275634765625, 414.57537841796875, 2807.3916015625, 371.2781982421875, 2287.1923828125, 392.7210693359375, 2497.189208984375, 336.5141296386719, 2021.028564453125, 312.5157165527344, 2175.831298828125, 391.16729736328125, 1892.2425537109375, 313.0438232421875, 1816.544677734375, 614.01025390625, 101.11458587646484]
2024-04-16 15:47:34,362 - train - INFO - delta_weights_b8:[1506.8155517578125, 125.32035064697266, 3950.204833984375, 1206.7530517578125, 3491.31884765625, 730.27783203125, 3388.410888671875, 540.8251953125, 3379.950927734375, 650.279541015625, 2957.73974609375, 424.9984130859375, 3156.9482421875, 546.0473022460938, 2657.3369140625, 406.9733581542969, 3017.213623046875, 510.5977783203125, 2909.4375, 441.85491943359375, 2682.38525390625, 449.8851318359375, 3284.99609375, 401.23309326171875, 2559.510009765625, 423.00677490234375, 2899.7421875, 361.72344970703125, 2228.344970703125, 332.2196044921875, 2438.62060546875, 420.10028076171875, 2086.649169921875, 347.08599853515625, 1951.5631103515625, 660.21826171875, 110.31742095947266]
2024-04-16 15:47:34,363 - train - INFO - delta_weights_b16:[]
2024-04-16 15:47:34,363 - train - INFO - delta_weights_b32:[]
2024-04-16 15:47:34,457 - train - INFO - result:[8 2 1 1 2 1 2 8 1 2 2 8 1 2 2 8 1 2 1 8 2 2 2 8 2 2 2 8 8 2 1 8 8 2 2 2 2]
2024-04-16 15:47:34,458 - train - INFO - origin_latency:13084.823711395264
2024-04-16 15:47:34,458 - train - INFO - current_latency-origin_latency:-33.945945739746094
2024-04-17 14:09:52,553 - train - INFO - Model vit_9_12_64 created, param count:2766216
2024-04-17 14:09:52,757 - train - INFO - Using native Torch AMP. Training in mixed precision.
2024-04-17 14:09:52,757 - train - INFO - Scheduled epochs: 11
2024-04-17 14:09:53,169 - train - INFO - Verifying initial model
2024-04-17 14:09:53,587 - train - INFO - Test: [   0/156]  Time: 0.417 (0.417)  Loss:  0.7661 (0.7661)  Acc@1: 87.5000 (87.5000)  Acc@5: 93.7500 (93.7500)
2024-04-17 14:09:55,010 - train - INFO - Test: [  50/156]  Time: 0.029 (0.036)  Loss:  2.8906 (1.4736)  Acc@1: 37.5000 (66.9424)  Acc@5: 60.9375 (86.7953)
2024-04-17 14:09:56,451 - train - INFO - Test: [ 100/156]  Time: 0.028 (0.032)  Loss:  1.7725 (1.6068)  Acc@1: 53.1250 (63.1033)  Acc@5: 84.3750 (84.9319)
2024-04-17 14:09:57,877 - train - INFO - Test: [ 150/156]  Time: 0.028 (0.031)  Loss:  1.1201 (1.6443)  Acc@1: 76.5625 (62.5310)  Acc@5: 92.1875 (84.0853)
2024-04-17 14:09:58,104 - train - INFO - Test: [ 156/156]  Time: 0.085 (0.031)  Loss:  1.8408 (1.6375)  Acc@1: 56.2500 (62.6500)  Acc@5: 75.0000 (84.3200)
2024-04-17 14:10:16,059 - train - INFO - len trace:38
2024-04-17 14:10:16,751 - train - INFO - cir_idx:[1, 2, 3, 4, 5, 6, 7, 8, 9, 10, 11, 12, 13, 14, 15, 16, 17, 18, 19, 20, 21, 22, 23, 24, 25, 26, 27, 28, 29, 30, 31, 32, 33, 34, 35, 36, 37]
2024-04-17 14:10:16,751 - train - INFO - len traces:(38,)
2024-04-17 14:10:16,752 - train - INFO - traces:[2.54310690e-01 3.08986672e-04 2.63633198e-03 9.36011476e-04
 2.56208520e-03 6.97974536e-04 2.17384550e-03 4.24830766e-04
 2.02068325e-04 8.26342858e-04 1.89675840e-03 5.91429148e-04
 1.99172783e-04 1.00193732e-03 1.99810315e-03 7.40891841e-04
 1.99999258e-04 8.89022026e-04 1.86663168e-03 9.71569313e-04
 5.67919743e-04 5.57319020e-04 1.55532575e-03 4.30447774e-04
 4.12283056e-04 5.87041109e-04 1.46120484e-03 6.33789590e-04
 6.44695967e-04 4.89747481e-04 1.20735748e-03 9.29089844e-04
 6.96289560e-04 4.03385001e-04 7.67679618e-04 5.89997498e-04
 8.49975429e-04 4.09641913e-03]
2024-04-17 14:10:16,752 - train - INFO - len params:37
2024-04-17 14:10:16,752 - train - INFO - params[0].shape:torch.Size([576, 192])
2024-04-17 14:10:16,752 - train - INFO - delta_weights_b1:[0, 0, 0, 0, 0, 0, 0, 0, 0, 0, 0, 0, 0, 0, 0, 0, 0, 0, 0, 0, 0, 0, 0, 0, 0, 0, 0, 0, 0, 0, 0, 0, 0, 0, 0, 0, 0]
2024-04-17 14:10:16,752 - train - INFO - delta_weights_b2:[919.2827758789062, 78.9843978881836, 2446.705322265625, 854.5731201171875, 2193.053955078125, 515.7764892578125, 2193.613525390625, 390.31268310546875, 2175.616455078125, 484.0006408691406, 1914.268798828125, 306.1156921386719, 2085.986083984375, 416.2902526855469, 1733.0797119140625, 294.8123474121094, 2025.3953857421875, 395.214111328125, 1936.7672119140625, 317.1766662597656, 1823.1746826171875, 348.3452453613281, 2211.3837890625, 300.72442626953125, 1749.1365966796875, 326.53106689453125, 2012.380615234375, 271.6353759765625, 1556.68310546875, 256.8612365722656, 1787.6240234375, 316.3393249511719, 1475.17236328125, 252.5036163330078, 1499.1898193359375, 509.5772705078125, 82.88217163085938]
2024-04-17 14:10:16,752 - train - INFO - delta_weights_b4:[1308.5810546875, 108.7536849975586, 3443.89697265625, 1086.3677978515625, 3058.038330078125, 654.2890014648438, 2936.20751953125, 496.4415588378906, 2969.28271484375, 599.3024291992188, 2545.32080078125, 388.873779296875, 2820.177001953125, 511.065185546875, 2310.896240234375, 370.6843566894531, 2713.104248046875, 477.0268859863281, 2508.63037109375, 404.3418884277344, 2400.275634765625, 414.57537841796875, 2807.3916015625, 371.2781982421875, 2287.1923828125, 392.7210693359375, 2497.189208984375, 336.5141296386719, 2021.028564453125, 312.5157165527344, 2175.831298828125, 391.16729736328125, 1892.2425537109375, 313.0438232421875, 1816.544677734375, 614.01025390625, 101.11458587646484]
2024-04-17 14:10:16,752 - train - INFO - delta_weights_b8:[]
2024-04-17 14:10:16,752 - train - INFO - delta_weights_b16:[]
2024-04-17 14:10:16,753 - train - INFO - delta_weights_b32:[]
2024-04-17 14:10:16,816 - train - INFO - result:[4 2 1 1 2 1 2 4 2 1 2 4 2 1 2 4 2 2 1 2 2 2 2 4 4 2 2 4 4 2 1 2 4 2 2 2 1]
2024-04-17 14:10:16,816 - train - INFO - origin_latency:13084.823711395264
2024-04-17 14:10:16,816 - train - INFO - current_latency-origin_latency:-14.100803375244142024-04-18 20:34:02,838 - train - INFO - Model vit_9_12_64 created, param count:2766216
2024-04-18 20:34:03,086 - train - INFO - Using native Torch AMP. Training in mixed precision.
2024-04-18 20:34:03,086 - train - INFO - Scheduled epochs: 11
2024-04-18 20:34:03,510 - train - INFO - Verifying initial model
2024-04-18 20:34:04,014 - train - INFO - Test: [   0/156]  Time: 0.503 (0.503)  Loss:  0.7661 (0.7661)  Acc@1: 87.5000 (87.5000)  Acc@5: 93.7500 (93.7500)
2024-04-18 20:34:05,455 - train - INFO - Test: [  50/156]  Time: 0.029 (0.038)  Loss:  2.8906 (1.4736)  Acc@1: 37.5000 (66.9424)  Acc@5: 60.9375 (86.7953)
2024-04-18 20:34:06,881 - train - INFO - Test: [ 100/156]  Time: 0.028 (0.033)  Loss:  1.7725 (1.6068)  Acc@1: 53.1250 (63.1033)  Acc@5: 84.3750 (84.9319)
2024-04-18 20:34:08,312 - train - INFO - Test: [ 150/156]  Time: 0.027 (0.032)  Loss:  1.1201 (1.6443)  Acc@1: 76.5625 (62.5310)  Acc@5: 92.1875 (84.0853)
2024-04-18 20:34:08,539 - train - INFO - Test: [ 156/156]  Time: 0.088 (0.032)  Loss:  1.8408 (1.6375)  Acc@1: 56.2500 (62.6500)  Acc@5: 75.0000 (84.3200)
2024-04-18 20:34:26,325 - train - INFO - len trace:38
2024-04-18 20:34:27,051 - train - INFO - cir_idx:[1, 2, 3, 4, 5, 6, 7, 8, 9, 10, 11, 12, 13, 14, 15, 16, 17, 18, 19, 20, 21, 22, 23, 24, 25, 26, 27, 28, 29, 30, 31, 32, 33, 34, 35, 36, 37]
2024-04-18 20:34:27,051 - train - INFO - len traces:(38,)
2024-04-18 20:34:27,052 - train - INFO - traces:[2.54310693e-01 3.08986672e-04 2.63633198e-03 9.36011476e-04
 2.56208520e-03 6.97974536e-04 2.17384550e-03 4.24830766e-04
 2.02068325e-04 8.26342858e-04 1.89675840e-03 5.91429148e-04
 1.99172783e-04 1.00193732e-03 1.99810315e-03 7.40891841e-04
 1.99999258e-04 8.89022026e-04 1.86663168e-03 9.71569313e-04
 5.67919743e-04 5.57319020e-04 1.55532575e-03 4.30447774e-04
 4.12283056e-04 5.87041109e-04 1.46120484e-03 6.33789590e-04
 6.44695967e-04 4.89747481e-04 1.20735748e-03 9.29089844e-04
 6.96289560e-04 4.03385001e-04 7.67679618e-04 5.89997498e-04
 8.49975429e-04 4.09641913e-03]
2024-04-18 20:34:27,052 - train - INFO - len params:37
2024-04-18 20:34:27,052 - train - INFO - params[0].shape:torch.Size([576, 192])
2024-04-18 20:34:27,052 - train - INFO - delta_weights_b1:[0, 0, 0, 0, 0, 0, 0, 0, 0, 0, 0, 0, 0, 0, 0, 0, 0, 0, 0, 0, 0, 0, 0, 0, 0, 0, 0, 0, 0, 0, 0, 0, 0, 0, 0, 0, 0]
2024-04-18 20:34:27,053 - train - INFO - delta_weights_b2:[919.2827758789062, 78.9843978881836, 2446.705322265625, 854.5731201171875, 2193.053955078125, 515.7764892578125, 2193.613525390625, 390.31268310546875, 2175.616455078125, 484.0006408691406, 1914.268798828125, 306.1156921386719, 2085.986083984375, 416.2902526855469, 1733.0797119140625, 294.8123474121094, 2025.3953857421875, 395.214111328125, 1936.7672119140625, 317.1766662597656, 1823.1746826171875, 348.3452453613281, 2211.3837890625, 300.72442626953125, 1749.1365966796875, 326.53106689453125, 2012.380615234375, 271.6353759765625, 1556.68310546875, 256.8612365722656, 1787.6240234375, 316.3393249511719, 1475.17236328125, 252.5036163330078, 1499.1898193359375, 509.5772705078125, 82.88217163085938]
2024-04-18 20:34:27,053 - train - INFO - delta_weights_b4:[1308.5810546875, 108.7536849975586, 3443.89697265625, 1086.3677978515625, 3058.038330078125, 654.2890014648438, 2936.20751953125, 496.4415588378906, 2969.28271484375, 599.3024291992188, 2545.32080078125, 388.873779296875, 2820.177001953125, 511.065185546875, 2310.896240234375, 370.6843566894531, 2713.104248046875, 477.0268859863281, 2508.63037109375, 404.3418884277344, 2400.275634765625, 414.57537841796875, 2807.3916015625, 371.2781982421875, 2287.1923828125, 392.7210693359375, 2497.189208984375, 336.5141296386719, 2021.028564453125, 312.5157165527344, 2175.831298828125, 391.16729736328125, 1892.2425537109375, 313.0438232421875, 1816.544677734375, 614.01025390625, 101.11458587646484]
2024-04-18 20:34:27,053 - train - INFO - delta_weights_b8:[1506.8155517578125, 125.32035064697266, 3950.204833984375, 1206.7530517578125, 3491.31884765625, 730.27783203125, 3388.410888671875, 540.8251953125, 3379.950927734375, 650.279541015625, 2957.73974609375, 424.9984130859375, 3156.9482421875, 546.0473022460938, 2657.3369140625, 406.9733581542969, 3017.213623046875, 510.5977783203125, 2909.4375, 441.85491943359375, 2682.38525390625, 449.8851318359375, 3284.99609375, 401.23309326171875, 2559.510009765625, 423.00677490234375, 2899.7421875, 361.72344970703125, 2228.344970703125, 332.2196044921875, 2438.62060546875, 420.10028076171875, 2086.649169921875, 347.08599853515625, 1951.5631103515625, 660.21826171875, 110.31742095947266]
2024-04-18 20:34:27,053 - train - INFO - delta_weights_b16:[]
2024-04-18 20:34:27,053 - train - INFO - delta_weights_b32:[]
2024-04-18 20:34:27,058 - train - INFO - sensitivity_b2:[0.28404613 0.20822909 2.29014426 2.18948914 1.53069582 1.1212184
 0.93191451 0.07886983 1.79780512 0.91803228 1.13215436 0.06096991
 2.09002731 0.83179086 1.28402462 0.05896225 1.80062111 0.73771918
 1.88170359 0.18013089 1.01608993 0.54179033 0.95188523 0.12398359
 1.02681509 0.47712878 1.27542589 0.17512223 0.76238163 0.31012333
 1.66086332 0.22026377 0.59506241 0.19384188 0.88451824 0.43312816
 0.33952011]
2024-04-18 20:34:27,058 - train - INFO - sensitivity_b4:[0.4043341  0.28671082 3.22352709 2.78336686 2.13443289 1.4223232
 1.24739129 0.10031511 2.45364556 1.13673192 1.50537691 0.07745307
 2.82564059 1.02116096 1.71212417 0.0741366  2.41200943 0.8904335
 2.43730829 0.22963374 1.33771927 0.64479976 1.20843546 0.15307171
 1.34267595 0.57384593 1.58269253 0.2169493  0.98979365 0.37731819
 2.02154276 0.27236571 0.76330227 0.24031736 1.07175681 0.52189363
 0.41420772]
2024-04-18 20:34:27,058 - train - INFO - sensitivity_b8:[0.46558592 0.33038605 3.69743706 3.09180414 2.43685165 1.58751118
 1.43950119 0.10928364 2.79299831 1.23342318 1.7492935  0.08464812
 3.16306426 1.09105883 1.96879924 0.08139437 2.68236937 0.95309799
 2.82672019 0.25093813 1.49494432 0.69971793 1.41401925 0.16542161
 1.5025376  0.61809955 1.83782641 0.23320165 1.09132634 0.40110782
 2.26569764 0.29251144 0.84172298 0.26645085 1.15141735 0.5611693
 0.45190639]
2024-04-18 20:34:27,146 - train - INFO - result:[8 2 1 1 2 2 2 8 2 2 2 8 1 2 2 8 2 2 1 2 2 2 2 2 2 2 2 2 2 2 2 2 8 2 2 2 2]
2024-04-18 20:34:27,146 - train - INFO - origin_latency:13084.823711395264
2024-04-18 20:34:27,146 - train - INFO - current_latency-origin_latency:-84.32811737060547
