2024-04-23 19:49:13,792 - train - INFO - aa: rand-m9-mstd0.5-inc1
amp: true
apex_amp: false
aug_splits: 0
batch_size: 128
bn_eps: null
bn_momentum: null
bn_tf: false
budget: 0.15
channels_last: false
checkpoint_hist: 3
clip_grad: null
clip_mode: norm
color_jitter: 0.4
cooldown_epochs: 10
crop_pct: 0.9
cutmix: 1.0
cutmix_minmax: null
data_dir: /home/xts/code/dataset/tiny-imagenet-200/
dataset: torch/image_folder
decay_epochs: 30
decay_rate: 0.1
dist_bn: ''
drop: 0.0
drop_block: null
drop_connect: null
drop_path: null
epoch_repeats: 0.0
epochs: 300
eval_metric: top1
experiment: ''
finetune: false
fix_blocksize: 1
fix_blocksize_list: 16,4,2,2,4,1,2,4,2,1,4,8,2,1,8,16,4,2,8,16,4,2,16,16,16,2,4,16,8,4,4,16,16,16,4,16,2
gp: null
hflip: 0.5
img_size: 64
initial_checkpoint: /home/xts/code/njeans/MyViT/pretrained/vit_tiny.pth.tar
input_size: null
interpolation: bicubic
jsd: false
kd_alpha: 4
lasso_alpha: 0
lasso_beta: 1
local_rank: 0
log_interval: 50
log_name: vit_tiny_b4_fim
log_wandb: false
lr: 0.0005
lr_cycle_limit: 1
lr_cycle_mul: 1.0
lr_noise: null
lr_noise_pct: 0.67
lr_noise_std: 1.0
mean:
- 0.48
- 0.448
- 0.397
min_lr: 1.0e-05
mixup: 0.8
mixup_mode: batch
mixup_off_epoch: 0
mixup_prob: 1.0
mixup_switch_prob: 0.5
model: vit_9_12_64
model_ema: false
model_ema_decay: 0.9998
model_ema_force_cpu: false
momentum: 0.9
native_amp: false
no_aug: false
no_prefetcher: false
no_resume_opt: false
num_classes: 200
opt: adamw
opt_betas: null
opt_eps: null
output: ''
patience_epochs: 10
pin_mem: false
pretrained: false
ratio:
- 0.75
- 1.3333333333333333
recount: 1
recovery_interval: 0
remode: pixel
reprob: 0.25
resplit: false
resume: ''
save_images: false
scale:
- 0.08
- 1.0
sched: cosine
seed: 3407
smoothing: 0.1
split_bn: false
start_epoch: null
std:
- 0.272
- 0.265
- 0.274
sync_bn: false
tau: 1.0
teacher: vit_9_12_64
teacher_checkpoint: /home/xts/code/njeans/MyViT/pretrained/vit_tiny.pth.tar
torchscript: false
train_interpolation: random
train_split: train
tta: 0
use_kd: true
use_multi_epochs_loader: false
val_split: valid
validation_batch_size_multiplier: 1
vflip: 0.0
warmup_epochs: 10
warmup_lr: 1.0e-06
weight_decay: 0.05
workers: 4

2024-04-23 19:49:13,792 - train - INFO - Training with a single process on 1 GPUs.
2024-04-23 19:49:16,141 - train - INFO - ViTLite(
  (tokenizer): Tokenizer(
    (conv_layers): Sequential(
      (0): Sequential(
        (0): Conv2d(3, 192, kernel_size=(4, 4), stride=(4, 4))
        (1): Identity()
        (2): Identity()
      )
    )
    (flattener): Flatten(start_dim=2, end_dim=3)
  )
  (classifier): TransformerClassifier(
    (dropout): Dropout(p=0.0, inplace=False)
    (blocks): ModuleList(
      (0): TransformerEncoderLayer(
        (pre_norm): LayerNorm((192,), eps=1e-05, elementwise_affine=True)
        (self_attn): Attention(
          (qkv): Linear(in_features=192, out_features=576, bias=False)
          (attn_drop): Dropout(p=0.1, inplace=False)
          (proj): Linear(in_features=192, out_features=192, bias=True)
          (proj_drop): Dropout(p=0.0, inplace=False)
        )
        (linear1): Linear(in_features=192, out_features=384, bias=True)
        (dropout1): Dropout(p=0.0, inplace=False)
        (norm1): LayerNorm((192,), eps=1e-05, elementwise_affine=True)
        (linear2): Linear(in_features=384, out_features=192, bias=True)
        (dropout2): Dropout(p=0.0, inplace=False)
        (drop_path): Identity()
      )
      (1-8): 8 x TransformerEncoderLayer(
        (pre_norm): LayerNorm((192,), eps=1e-05, elementwise_affine=True)
        (self_attn): Attention(
          (qkv): Linear(in_features=192, out_features=576, bias=False)
          (attn_drop): Dropout(p=0.1, inplace=False)
          (proj): Linear(in_features=192, out_features=192, bias=True)
          (proj_drop): Dropout(p=0.0, inplace=False)
        )
        (linear1): Linear(in_features=192, out_features=384, bias=True)
        (dropout1): Dropout(p=0.0, inplace=False)
        (norm1): LayerNorm((192,), eps=1e-05, elementwise_affine=True)
        (linear2): Linear(in_features=384, out_features=192, bias=True)
        (dropout2): Dropout(p=0.0, inplace=False)
        (drop_path): DropPath()
      )
    )
    (norm): LayerNorm((192,), eps=1e-05, elementwise_affine=True)
    (fc): Linear(in_features=192, out_features=200, bias=True)
  )
)
2024-04-23 19:49:23,963 - train - INFO - Model vit_9_12_64 created, param count:2766216
2024-04-23 19:49:23,986 - train - INFO - Using native Torch AMP. Training in mixed precision.
2024-04-23 19:49:23,986 - train - INFO - Scheduled epochs: 310
2024-04-23 19:49:24,215 - train - INFO - Verifying teacher model
2024-04-23 19:49:24,781 - train - INFO - Test: [   0/78]  Time: 0.564 (0.564)  Loss:  0.9009 (0.9009)  Acc@1: 82.0312 (82.0312)  Acc@5: 94.5312 (94.5312)
2024-04-23 19:49:26,627 - train - INFO - Test: [  50/78]  Time: 0.057 (0.047)  Loss:  1.7285 (1.6075)  Acc@1: 58.5938 (63.1127)  Acc@5: 83.5938 (84.9112)
2024-04-23 19:49:27,730 - train - INFO - Test: [  78/78]  Time: 0.125 (0.044)  Loss:  1.8408 (1.6375)  Acc@1: 56.2500 (62.6500)  Acc@5: 75.0000 (84.3200)
2024-04-23 19:49:27,731 - train - INFO - Verifying initial model
2024-04-23 19:49:27,927 - train - INFO - Test: [   0/78]  Time: 0.196 (0.196)  Loss:  0.9009 (0.9009)  Acc@1: 82.0312 (82.0312)  Acc@5: 94.5312 (94.5312)
2024-04-23 19:49:32,364 - train - INFO - Test: [  50/78]  Time: 0.071 (0.091)  Loss:  1.7285 (1.6075)  Acc@1: 58.5938 (63.1127)  Acc@5: 83.5938 (84.9112)
2024-04-23 19:49:34,977 - train - INFO - Test: [  78/78]  Time: 0.054 (0.092)  Loss:  1.8408 (1.6375)  Acc@1: 56.2500 (62.6500)  Acc@5: 75.0000 (84.3200)
2024-04-23 19:49:35,830 - train - INFO - Train: 0 [   0/781 (  0%)]  Loss:  5.307957 (5.3080)  Time: 0.850s,  150.58/s  (0.850s,  150.58/s)  LR: 1.000e-06  Data: 0.239 (0.239)
2024-04-23 19:49:51,275 - train - INFO - Train: 0 [  50/781 (  6%)]  Loss:  5.310364 (5.3304)  Time: 0.282s,  454.62/s  (0.319s,  400.64/s)  LR: 1.000e-06  Data: 0.004 (0.009)
2024-04-23 19:50:06,960 - train - INFO - Train: 0 [ 100/781 ( 13%)]  Loss:  5.312688 (5.3257)  Time: 0.342s,  374.29/s  (0.317s,  404.28/s)  LR: 1.000e-06  Data: 0.004 (0.006)
2024-04-23 19:50:22,813 - train - INFO - Train: 0 [ 150/781 ( 19%)]  Loss:  5.329618 (5.3240)  Time: 0.316s,  405.08/s  (0.317s,  404.10/s)  LR: 1.000e-06  Data: 0.004 (0.006)
2024-04-23 19:50:38,727 - train - INFO - Train: 0 [ 200/781 ( 26%)]  Loss:  5.345134 (5.3228)  Time: 0.305s,  419.98/s  (0.317s,  403.62/s)  LR: 1.000e-06  Data: 0.003 (0.005)
2024-04-23 19:50:53,635 - train - INFO - Train: 0 [ 250/781 ( 32%)]  Loss:  5.323760 (5.3195)  Time: 0.308s,  416.01/s  (0.313s,  408.49/s)  LR: 1.000e-06  Data: 0.004 (0.005)
2024-04-23 19:51:09,542 - train - INFO - Train: 0 [ 300/781 ( 38%)]  Loss:  5.283683 (5.3173)  Time: 0.347s,  368.37/s  (0.314s,  407.46/s)  LR: 1.000e-06  Data: 0.004 (0.005)
2024-04-23 19:51:25,332 - train - INFO - Train: 0 [ 350/781 ( 45%)]  Loss:  5.280166 (5.3155)  Time: 0.310s,  412.89/s  (0.314s,  407.16/s)  LR: 1.000e-06  Data: 0.004 (0.005)
2024-04-23 19:51:40,334 - train - INFO - Train: 0 [ 400/781 ( 51%)]  Loss:  5.305220 (5.3138)  Time: 0.306s,  418.40/s  (0.313s,  409.49/s)  LR: 1.000e-06  Data: 0.004 (0.005)
2024-04-23 19:51:56,113 - train - INFO - Train: 0 [ 450/781 ( 58%)]  Loss:  5.306095 (5.3123)  Time: 0.327s,  392.01/s  (0.313s,  409.06/s)  LR: 1.000e-06  Data: 0.004 (0.005)
2024-04-23 19:52:11,738 - train - INFO - Train: 0 [ 500/781 ( 64%)]  Loss:  5.280620 (5.3105)  Time: 0.339s,  377.78/s  (0.313s,  409.11/s)  LR: 1.000e-06  Data: 0.004 (0.004)
2024-04-23 19:52:27,551 - train - INFO - Train: 0 [ 550/781 ( 71%)]  Loss:  5.300095 (5.3087)  Time: 0.307s,  416.27/s  (0.313s,  408.71/s)  LR: 1.000e-06  Data: 0.004 (0.004)
2024-04-23 19:52:42,596 - train - INFO - Train: 0 [ 600/781 ( 77%)]  Loss:  5.286803 (5.3074)  Time: 0.305s,  420.09/s  (0.312s,  410.05/s)  LR: 1.000e-06  Data: 0.004 (0.004)
2024-04-23 19:52:58,514 - train - INFO - Train: 0 [ 650/781 ( 83%)]  Loss:  5.310277 (5.3057)  Time: 0.306s,  418.14/s  (0.313s,  409.43/s)  LR: 1.000e-06  Data: 0.004 (0.004)
2024-04-23 19:53:14,408 - train - INFO - Train: 0 [ 700/781 ( 90%)]  Loss:  5.274130 (5.3043)  Time: 0.337s,  380.23/s  (0.313s,  408.94/s)  LR: 1.000e-06  Data: 0.004 (0.004)
2024-04-23 19:53:29,423 - train - INFO - Train: 0 [ 750/781 ( 96%)]  Loss:  5.251788 (5.3028)  Time: 0.337s,  379.45/s  (0.312s,  410.05/s)  LR: 1.000e-06  Data: 0.004 (0.004)
2024-04-23 19:53:39,031 - train - INFO - Train: 0 [ 780/781 (100%)]  Loss:  5.286932 (5.3020)  Time: 0.341s,  375.59/s  (0.312s,  409.64/s)  LR: 1.000e-06  Data: 0.000 (0.004)
2024-04-23 19:53:39,209 - train - INFO - Test: [   0/78]  Time: 0.177 (0.177)  Loss:  5.0859 (5.0859)  Acc@1: 14.8438 (14.8438)  Acc@5: 28.9062 (28.9062)
2024-04-23 19:53:44,745 - train - INFO - Test: [  50/78]  Time: 0.115 (0.112)  Loss:  5.3125 (5.1900)  Acc@1:  0.0000 ( 1.7157)  Acc@5:  0.7812 ( 6.6636)
2024-04-23 19:53:47,830 - train - INFO - Test: [  78/78]  Time: 0.078 (0.111)  Loss:  5.1406 (5.1891)  Acc@1:  0.0000 ( 1.4100)  Acc@5:  0.0000 ( 6.2800)
2024-04-23 19:53:48,326 - train - INFO - Train: 1 [   0/781 (  0%)]  Loss:  5.288363 (5.2884)  Time: 0.431s,  297.13/s  (0.431s,  297.13/s)  LR: 5.090e-05  Data: 0.119 (0.119)
2024-04-23 19:54:04,113 - train - INFO - Train: 1 [  50/781 (  6%)]  Loss:  5.214721 (5.2497)  Time: 0.342s,  374.76/s  (0.318s,  402.55/s)  LR: 5.090e-05  Data: 0.005 (0.006)
2024-04-23 19:54:19,185 - train - INFO - Train: 1 [ 100/781 ( 13%)]  Loss:  5.175827 (5.2307)  Time: 0.329s,  388.71/s  (0.310s,  413.21/s)  LR: 5.090e-05  Data: 0.004 (0.005)
2024-04-23 19:54:34,928 - train - INFO - Train: 1 [ 150/781 ( 19%)]  Loss:  5.115558 (5.2134)  Time: 0.305s,  420.26/s  (0.311s,  410.98/s)  LR: 5.090e-05  Data: 0.005 (0.005)
2024-04-23 19:54:50,695 - train - INFO - Train: 1 [ 200/781 ( 26%)]  Loss:  5.173878 (5.1966)  Time: 0.302s,  424.49/s  (0.312s,  409.71/s)  LR: 5.090e-05  Data: 0.004 (0.005)
2024-04-23 19:55:05,844 - train - INFO - Train: 1 [ 250/781 ( 32%)]  Loss:  5.108232 (5.1821)  Time: 0.279s,  458.08/s  (0.311s,  412.19/s)  LR: 5.090e-05  Data: 0.004 (0.004)
2024-04-23 19:55:21,587 - train - INFO - Train: 1 [ 300/781 ( 38%)]  Loss:  5.084842 (5.1675)  Time: 0.336s,  381.45/s  (0.311s,  411.25/s)  LR: 5.090e-05  Data: 0.004 (0.004)
2024-04-23 19:55:37,564 - train - INFO - Train: 1 [ 350/781 ( 45%)]  Loss:  5.062675 (5.1548)  Time: 0.311s,  411.64/s  (0.312s,  409.70/s)  LR: 5.090e-05  Data: 0.004 (0.004)
2024-04-23 19:55:53,483 - train - INFO - Train: 1 [ 400/781 ( 51%)]  Loss:  5.126302 (5.1430)  Time: 0.312s,  410.25/s  (0.313s,  408.73/s)  LR: 5.090e-05  Data: 0.005 (0.004)
2024-04-23 19:56:08,436 - train - INFO - Train: 1 [ 450/781 ( 58%)]  Loss:  5.012177 (5.1316)  Time: 0.304s,  421.48/s  (0.312s,  410.78/s)  LR: 5.090e-05  Data: 0.004 (0.004)
2024-04-23 19:56:24,280 - train - INFO - Train: 1 [ 500/781 ( 64%)]  Loss:  4.983926 (5.1205)  Time: 0.313s,  408.66/s  (0.312s,  410.09/s)  LR: 5.090e-05  Data: 0.004 (0.004)
2024-04-23 19:56:40,099 - train - INFO - Train: 1 [ 550/781 ( 71%)]  Loss:  4.980543 (5.1109)  Time: 0.307s,  416.86/s  (0.313s,  409.58/s)  LR: 5.090e-05  Data: 0.004 (0.004)
2024-04-23 19:56:55,154 - train - INFO - Train: 1 [ 600/781 ( 77%)]  Loss:  4.847485 (5.1024)  Time: 0.304s,  421.69/s  (0.312s,  410.84/s)  LR: 5.090e-05  Data: 0.004 (0.004)
2024-04-23 19:57:11,065 - train - INFO - Train: 1 [ 650/781 ( 83%)]  Loss:  5.151944 (5.0941)  Time: 0.329s,  389.07/s  (0.312s,  410.16/s)  LR: 5.090e-05  Data: 0.004 (0.004)
2024-04-23 19:57:27,023 - train - INFO - Train: 1 [ 700/781 ( 90%)]  Loss:  5.121222 (5.0878)  Time: 0.343s,  373.00/s  (0.313s,  409.50/s)  LR: 5.090e-05  Data: 0.004 (0.004)
2024-04-23 19:57:42,563 - train - INFO - Train: 1 [ 750/781 ( 96%)]  Loss:  5.070396 (5.0804)  Time: 0.277s,  462.05/s  (0.312s,  409.66/s)  LR: 5.090e-05  Data: 0.004 (0.004)
2024-04-23 19:57:51,698 - train - INFO - Train: 1 [ 780/781 (100%)]  Loss:  5.056553 (5.0752)  Time: 0.301s,  425.57/s  (0.312s,  410.06/s)  LR: 5.090e-05  Data: 0.000 (0.004)
2024-04-23 19:57:51,862 - train - INFO - Test: [   0/78]  Time: 0.162 (0.162)  Loss:  3.5273 (3.5273)  Acc@1: 28.9062 (28.9062)  Acc@5: 70.3125 (70.3125)
2024-04-23 19:57:57,304 - train - INFO - Test: [  50/78]  Time: 0.118 (0.110)  Loss:  4.1797 (4.3388)  Acc@1: 18.7500 (12.4081)  Acc@5: 46.0938 (32.2457)
2024-04-23 19:58:00,395 - train - INFO - Test: [  78/78]  Time: 0.072 (0.110)  Loss:  4.4805 (4.3103)  Acc@1:  0.0000 (13.2200)  Acc@5: 18.7500 (33.2400)
2024-04-23 19:58:00,905 - train - INFO - Train: 2 [   0/781 (  0%)]  Loss:  5.033292 (5.0333)  Time: 0.446s,  287.10/s  (0.446s,  287.10/s)  LR: 1.008e-04  Data: 0.118 (0.118)
2024-04-23 19:58:16,759 - train - INFO - Train: 2 [  50/781 (  6%)]  Loss:  5.089499 (4.9764)  Time: 0.318s,  402.41/s  (0.320s,  400.51/s)  LR: 1.008e-04  Data: 0.004 (0.006)
2024-04-23 19:58:31,844 - train - INFO - Train: 2 [ 100/781 ( 13%)]  Loss:  5.041763 (4.9692)  Time: 0.307s,  416.94/s  (0.311s,  411.94/s)  LR: 1.008e-04  Data: 0.004 (0.005)
2024-04-23 19:58:47,747 - train - INFO - Train: 2 [ 150/781 ( 19%)]  Loss:  4.913704 (4.9534)  Time: 0.342s,  374.48/s  (0.313s,  408.75/s)  LR: 1.008e-04  Data: 0.005 (0.005)
2024-04-23 19:59:03,702 - train - INFO - Train: 2 [ 200/781 ( 26%)]  Loss:  5.032026 (4.9446)  Time: 0.308s,  415.65/s  (0.315s,  406.84/s)  LR: 1.008e-04  Data: 0.004 (0.004)
2024-04-23 19:59:19,428 - train - INFO - Train: 2 [ 250/781 ( 32%)]  Loss:  5.025698 (4.9410)  Time: 0.281s,  455.89/s  (0.315s,  406.86/s)  LR: 1.008e-04  Data: 0.004 (0.004)
2024-04-23 19:59:34,696 - train - INFO - Train: 2 [ 300/781 ( 38%)]  Loss:  4.811274 (4.9367)  Time: 0.312s,  409.94/s  (0.313s,  408.86/s)  LR: 1.008e-04  Data: 0.004 (0.004)
2024-04-23 19:59:50,590 - train - INFO - Train: 2 [ 350/781 ( 45%)]  Loss:  4.658428 (4.9288)  Time: 0.308s,  415.94/s  (0.314s,  407.97/s)  LR: 1.008e-04  Data: 0.004 (0.004)
2024-04-23 20:00:06,602 - train - INFO - Train: 2 [ 400/781 ( 51%)]  Loss:  4.880693 (4.9261)  Time: 0.341s,  375.17/s  (0.315s,  406.92/s)  LR: 1.008e-04  Data: 0.004 (0.004)
2024-04-23 20:00:21,628 - train - INFO - Train: 2 [ 450/781 ( 58%)]  Loss:  4.688387 (4.9215)  Time: 0.308s,  415.36/s  (0.313s,  408.95/s)  LR: 1.008e-04  Data: 0.004 (0.004)
2024-04-23 20:00:37,429 - train - INFO - Train: 2 [ 500/781 ( 64%)]  Loss:  4.681257 (4.9173)  Time: 0.345s,  371.48/s  (0.313s,  408.56/s)  LR: 1.008e-04  Data: 0.004 (0.004)
2024-04-23 20:00:53,303 - train - INFO - Train: 2 [ 550/781 ( 71%)]  Loss:  5.006249 (4.9156)  Time: 0.337s,  379.27/s  (0.314s,  408.07/s)  LR: 1.008e-04  Data: 0.004 (0.004)
2024-04-23 20:01:08,548 - train - INFO - Train: 2 [ 600/781 ( 77%)]  Loss:  4.935041 (4.9113)  Time: 0.281s,  455.87/s  (0.313s,  409.02/s)  LR: 1.008e-04  Data: 0.004 (0.004)
2024-04-23 20:01:24,153 - train - INFO - Train: 2 [ 650/781 ( 83%)]  Loss:  4.843478 (4.9069)  Time: 0.341s,  375.73/s  (0.313s,  409.11/s)  LR: 1.008e-04  Data: 0.004 (0.004)
2024-04-23 20:01:39,992 - train - INFO - Train: 2 [ 700/781 ( 90%)]  Loss:  4.657575 (4.9017)  Time: 0.306s,  418.74/s  (0.313s,  408.74/s)  LR: 1.008e-04  Data: 0.004 (0.004)
2024-04-23 20:01:55,776 - train - INFO - Train: 2 [ 750/781 ( 96%)]  Loss:  4.942229 (4.8986)  Time: 0.344s,  372.12/s  (0.313s,  408.52/s)  LR: 1.008e-04  Data: 0.004 (0.004)
2024-04-23 20:02:04,458 - train - INFO - Train: 2 [ 780/781 (100%)]  Loss:  4.567967 (4.8963)  Time: 0.306s,  417.97/s  (0.312s,  409.73/s)  LR: 1.008e-04  Data: 0.000 (0.004)
2024-04-23 20:02:04,642 - train - INFO - Test: [   0/78]  Time: 0.183 (0.183)  Loss:  3.0156 (3.0156)  Acc@1: 45.3125 (45.3125)  Acc@5: 75.0000 (75.0000)
2024-04-23 20:02:10,137 - train - INFO - Test: [  50/78]  Time: 0.111 (0.111)  Loss:  3.7695 (3.9867)  Acc@1: 24.2188 (17.4786)  Acc@5: 50.0000 (40.7475)
2024-04-23 20:02:13,213 - train - INFO - Test: [  78/78]  Time: 0.089 (0.111)  Loss:  4.3320 (3.9575)  Acc@1:  0.0000 (18.3200)  Acc@5: 12.5000 (41.4500)
2024-04-23 20:02:13,706 - train - INFO - Train: 3 [   0/781 (  0%)]  Loss:  4.905025 (4.9050)  Time: 0.428s,  299.36/s  (0.428s,  299.36/s)  LR: 1.507e-04  Data: 0.119 (0.119)
2024-04-23 20:02:29,721 - train - INFO - Train: 3 [  50/781 (  6%)]  Loss:  4.739220 (4.8552)  Time: 0.343s,  372.98/s  (0.322s,  397.02/s)  LR: 1.507e-04  Data: 0.004 (0.006)
2024-04-23 20:02:45,256 - train - INFO - Train: 3 [ 100/781 ( 13%)]  Loss:  4.645561 (4.8653)  Time: 0.280s,  457.96/s  (0.317s,  404.30/s)  LR: 1.507e-04  Data: 0.004 (0.005)
2024-04-23 20:03:00,678 - train - INFO - Train: 3 [ 150/781 ( 19%)]  Loss:  4.863791 (4.8411)  Time: 0.307s,  417.09/s  (0.314s,  407.78/s)  LR: 1.507e-04  Data: 0.004 (0.005)
2024-04-23 20:03:16,523 - train - INFO - Train: 3 [ 200/781 ( 26%)]  Loss:  4.609039 (4.8244)  Time: 0.304s,  420.79/s  (0.315s,  406.82/s)  LR: 1.507e-04  Data: 0.004 (0.005)
2024-04-23 20:03:32,371 - train - INFO - Train: 3 [ 250/781 ( 32%)]  Loss:  4.874178 (4.8230)  Time: 0.356s,  360.03/s  (0.315s,  406.22/s)  LR: 1.507e-04  Data: 0.004 (0.004)
2024-04-23 20:03:47,364 - train - INFO - Train: 3 [ 300/781 ( 38%)]  Loss:  4.610279 (4.8173)  Time: 0.333s,  383.82/s  (0.313s,  409.52/s)  LR: 1.507e-04  Data: 0.004 (0.004)
2024-04-23 20:04:03,206 - train - INFO - Train: 3 [ 350/781 ( 45%)]  Loss:  4.816350 (4.8131)  Time: 0.304s,  421.14/s  (0.313s,  408.72/s)  LR: 1.507e-04  Data: 0.004 (0.004)
2024-04-23 20:04:19,134 - train - INFO - Train: 3 [ 400/781 ( 51%)]  Loss:  4.847935 (4.8048)  Time: 0.347s,  369.04/s  (0.314s,  407.85/s)  LR: 1.507e-04  Data: 0.004 (0.004)
2024-04-23 20:04:34,281 - train - INFO - Train: 3 [ 450/781 ( 58%)]  Loss:  4.652335 (4.8023)  Time: 0.279s,  459.59/s  (0.313s,  409.43/s)  LR: 1.507e-04  Data: 0.004 (0.004)
2024-04-23 20:04:50,075 - train - INFO - Train: 3 [ 500/781 ( 64%)]  Loss:  4.792269 (4.7946)  Time: 0.343s,  373.31/s  (0.313s,  409.01/s)  LR: 1.507e-04  Data: 0.004 (0.004)
2024-04-23 20:05:05,976 - train - INFO - Train: 3 [ 550/781 ( 71%)]  Loss:  4.540916 (4.7912)  Time: 0.311s,  411.23/s  (0.313s,  408.41/s)  LR: 1.507e-04  Data: 0.004 (0.004)
2024-04-23 20:05:21,820 - train - INFO - Train: 3 [ 600/781 ( 77%)]  Loss:  4.906545 (4.7873)  Time: 0.275s,  465.58/s  (0.314s,  408.04/s)  LR: 1.507e-04  Data: 0.004 (0.004)
2024-04-23 20:05:37,160 - train - INFO - Train: 3 [ 650/781 ( 83%)]  Loss:  4.658009 (4.7835)  Time: 0.355s,  360.96/s  (0.313s,  408.73/s)  LR: 1.507e-04  Data: 0.005 (0.004)
2024-04-23 20:05:53,140 - train - INFO - Train: 3 [ 700/781 ( 90%)]  Loss:  4.949566 (4.7839)  Time: 0.305s,  419.18/s  (0.314s,  408.13/s)  LR: 1.507e-04  Data: 0.004 (0.004)
2024-04-23 20:06:09,216 - train - INFO - Train: 3 [ 750/781 ( 96%)]  Loss:  4.919626 (4.7802)  Time: 0.337s,  380.12/s  (0.314s,  407.45/s)  LR: 1.507e-04  Data: 0.004 (0.004)
2024-04-23 20:06:18,114 - train - INFO - Train: 3 [ 780/781 (100%)]  Loss:  4.854974 (4.7794)  Time: 0.277s,  462.12/s  (0.313s,  408.33/s)  LR: 1.507e-04  Data: 0.000 (0.004)
2024-04-23 20:06:18,294 - train - INFO - Test: [   0/78]  Time: 0.178 (0.178)  Loss:  2.7148 (2.7148)  Acc@1: 50.7812 (50.7812)  Acc@5: 77.3438 (77.3438)
2024-04-23 20:06:23,601 - train - INFO - Test: [  50/78]  Time: 0.098 (0.108)  Loss:  3.4043 (3.7237)  Acc@1: 37.5000 (22.7175)  Acc@5: 61.7188 (46.9669)
2024-04-23 20:06:26,664 - train - INFO - Test: [  78/78]  Time: 0.070 (0.108)  Loss:  3.8281 (3.6824)  Acc@1:  6.2500 (23.3600)  Acc@5: 50.0000 (47.7500)
2024-04-23 20:06:27,198 - train - INFO - Train: 4 [   0/781 (  0%)]  Loss:  4.860070 (4.8601)  Time: 0.464s,  275.70/s  (0.464s,  275.70/s)  LR: 2.006e-04  Data: 0.129 (0.129)
2024-04-23 20:06:43,154 - train - INFO - Train: 4 [  50/781 (  6%)]  Loss:  4.926747 (4.7477)  Time: 0.337s,  380.29/s  (0.322s,  397.58/s)  LR: 2.006e-04  Data: 0.004 (0.006)
2024-04-23 20:06:58,956 - train - INFO - Train: 4 [ 100/781 ( 13%)]  Loss:  4.480917 (4.7440)  Time: 0.332s,  385.50/s  (0.319s,  401.24/s)  LR: 2.006e-04  Data: 0.004 (0.005)
2024-04-23 20:07:14,100 - train - INFO - Train: 4 [ 150/781 ( 19%)]  Loss:  4.648346 (4.7433)  Time: 0.305s,  419.20/s  (0.314s,  408.08/s)  LR: 2.006e-04  Data: 0.004 (0.005)
2024-04-23 20:07:29,996 - train - INFO - Train: 4 [ 200/781 ( 26%)]  Loss:  4.631710 (4.7409)  Time: 0.304s,  420.74/s  (0.315s,  406.71/s)  LR: 2.006e-04  Data: 0.004 (0.005)
2024-04-23 20:07:45,929 - train - INFO - Train: 4 [ 250/781 ( 32%)]  Loss:  4.526161 (4.7483)  Time: 0.348s,  367.31/s  (0.316s,  405.70/s)  LR: 2.006e-04  Data: 0.005 (0.004)
2024-04-23 20:08:00,996 - train - INFO - Train: 4 [ 300/781 ( 38%)]  Loss:  4.977448 (4.7469)  Time: 0.312s,  410.39/s  (0.313s,  408.76/s)  LR: 2.006e-04  Data: 0.004 (0.004)
2024-04-23 20:08:16,807 - train - INFO - Train: 4 [ 350/781 ( 45%)]  Loss:  4.960873 (4.7483)  Time: 0.309s,  413.85/s  (0.314s,  408.19/s)  LR: 2.006e-04  Data: 0.004 (0.004)
2024-04-23 20:08:32,835 - train - INFO - Train: 4 [ 400/781 ( 51%)]  Loss:  4.465124 (4.7433)  Time: 0.334s,  382.89/s  (0.314s,  407.06/s)  LR: 2.006e-04  Data: 0.004 (0.004)
2024-04-23 20:08:48,100 - train - INFO - Train: 4 [ 450/781 ( 58%)]  Loss:  4.392103 (4.7385)  Time: 0.278s,  460.58/s  (0.313s,  408.38/s)  LR: 2.006e-04  Data: 0.004 (0.004)
2024-04-23 20:09:03,633 - train - INFO - Train: 4 [ 500/781 ( 64%)]  Loss:  4.718987 (4.7386)  Time: 0.304s,  421.71/s  (0.313s,  408.74/s)  LR: 2.006e-04  Data: 0.004 (0.004)
2024-04-23 20:09:19,551 - train - INFO - Train: 4 [ 550/781 ( 71%)]  Loss:  4.771835 (4.7311)  Time: 0.305s,  419.94/s  (0.314s,  408.13/s)  LR: 2.006e-04  Data: 0.004 (0.004)
2024-04-23 20:09:35,461 - train - INFO - Train: 4 [ 600/781 ( 77%)]  Loss:  4.499778 (4.7262)  Time: 0.305s,  419.65/s  (0.314s,  407.64/s)  LR: 2.006e-04  Data: 0.004 (0.004)
2024-04-23 20:09:50,535 - train - INFO - Train: 4 [ 650/781 ( 83%)]  Loss:  4.669125 (4.7208)  Time: 0.347s,  369.39/s  (0.313s,  408.89/s)  LR: 2.006e-04  Data: 0.004 (0.004)
2024-04-23 20:10:06,474 - train - INFO - Train: 4 [ 700/781 ( 90%)]  Loss:  4.816014 (4.7193)  Time: 0.306s,  417.87/s  (0.313s,  408.36/s)  LR: 2.006e-04  Data: 0.004 (0.004)
2024-04-23 20:10:22,272 - train - INFO - Train: 4 [ 750/781 ( 96%)]  Loss:  4.485429 (4.7167)  Time: 0.305s,  420.21/s  (0.314s,  408.14/s)  LR: 2.006e-04  Data: 0.004 (0.004)
2024-04-23 20:10:31,720 - train - INFO - Train: 4 [ 780/781 (100%)]  Loss:  4.503398 (4.7146)  Time: 0.279s,  459.33/s  (0.314s,  408.08/s)  LR: 2.006e-04  Data: 0.000 (0.004)
2024-04-23 20:10:31,896 - train - INFO - Test: [   0/78]  Time: 0.174 (0.174)  Loss:  2.5371 (2.5371)  Acc@1: 57.0312 (57.0312)  Acc@5: 74.2188 (74.2188)
2024-04-23 20:10:36,854 - train - INFO - Test: [  50/78]  Time: 0.117 (0.101)  Loss:  3.2305 (3.4909)  Acc@1: 32.0312 (26.0723)  Acc@5: 59.3750 (51.5472)
2024-04-23 20:10:39,946 - train - INFO - Test: [  78/78]  Time: 0.088 (0.104)  Loss:  4.0586 (3.4687)  Acc@1:  6.2500 (26.3000)  Acc@5: 31.2500 (51.9100)
2024-04-23 20:10:40,446 - train - INFO - Train: 5 [   0/781 (  0%)]  Loss:  4.351352 (4.3514)  Time: 0.430s,  297.98/s  (0.430s,  297.98/s)  LR: 2.505e-04  Data: 0.124 (0.124)
2024-04-23 20:10:56,405 - train - INFO - Train: 5 [  50/781 (  6%)]  Loss:  4.844241 (4.6996)  Time: 0.346s,  369.72/s  (0.321s,  398.36/s)  LR: 2.505e-04  Data: 0.004 (0.006)
2024-04-23 20:11:12,452 - train - INFO - Train: 5 [ 100/781 ( 13%)]  Loss:  4.532353 (4.6915)  Time: 0.307s,  417.07/s  (0.321s,  398.60/s)  LR: 2.505e-04  Data: 0.004 (0.005)
2024-04-23 20:11:27,569 - train - INFO - Train: 5 [ 150/781 ( 19%)]  Loss:  4.496159 (4.6681)  Time: 0.306s,  418.66/s  (0.315s,  406.48/s)  LR: 2.505e-04  Data: 0.004 (0.005)
2024-04-23 20:11:43,490 - train - INFO - Train: 5 [ 200/781 ( 26%)]  Loss:  4.517906 (4.6710)  Time: 0.324s,  395.15/s  (0.316s,  405.35/s)  LR: 2.505e-04  Data: 0.004 (0.005)
2024-04-23 20:11:59,576 - train - INFO - Train: 5 [ 250/781 ( 32%)]  Loss:  4.854506 (4.6654)  Time: 0.354s,  362.07/s  (0.317s,  403.84/s)  LR: 2.505e-04  Data: 0.004 (0.005)
2024-04-23 20:12:14,759 - train - INFO - Train: 5 [ 300/781 ( 38%)]  Loss:  4.659398 (4.6539)  Time: 0.347s,  369.08/s  (0.315s,  406.68/s)  LR: 2.505e-04  Data: 0.004 (0.004)
2024-04-23 20:12:30,611 - train - INFO - Train: 5 [ 350/781 ( 45%)]  Loss:  4.673077 (4.6475)  Time: 0.307s,  416.92/s  (0.315s,  406.26/s)  LR: 2.505e-04  Data: 0.004 (0.004)
2024-04-23 20:12:46,573 - train - INFO - Train: 5 [ 400/781 ( 51%)]  Loss:  4.768756 (4.6466)  Time: 0.321s,  398.60/s  (0.316s,  405.60/s)  LR: 2.505e-04  Data: 0.003 (0.004)
2024-04-23 20:13:02,146 - train - INFO - Train: 5 [ 450/781 ( 58%)]  Loss:  4.664670 (4.6464)  Time: 0.280s,  457.31/s  (0.315s,  406.19/s)  LR: 2.505e-04  Data: 0.004 (0.004)
2024-04-23 20:13:17,582 - train - INFO - Train: 5 [ 500/781 ( 64%)]  Loss:  4.481552 (4.6390)  Time: 0.305s,  419.08/s  (0.314s,  407.01/s)  LR: 2.505e-04  Data: 0.004 (0.004)
2024-04-23 20:13:33,492 - train - INFO - Train: 5 [ 550/781 ( 71%)]  Loss:  4.249472 (4.6358)  Time: 0.305s,  419.95/s  (0.315s,  406.58/s)  LR: 2.505e-04  Data: 0.004 (0.004)
2024-04-23 20:13:49,464 - train - INFO - Train: 5 [ 600/781 ( 77%)]  Loss:  4.740480 (4.6337)  Time: 0.308s,  415.00/s  (0.315s,  406.09/s)  LR: 2.505e-04  Data: 0.004 (0.004)
2024-04-23 20:14:04,466 - train - INFO - Train: 5 [ 650/781 ( 83%)]  Loss:  4.238504 (4.6309)  Time: 0.306s,  418.27/s  (0.314s,  407.60/s)  LR: 2.505e-04  Data: 0.004 (0.004)
2024-04-23 20:14:20,371 - train - INFO - Train: 5 [ 700/781 ( 90%)]  Loss:  4.586394 (4.6297)  Time: 0.309s,  414.61/s  (0.314s,  407.22/s)  LR: 2.505e-04  Data: 0.004 (0.004)
2024-04-23 20:14:36,218 - train - INFO - Train: 5 [ 750/781 ( 96%)]  Loss:  4.591491 (4.6274)  Time: 0.308s,  414.95/s  (0.314s,  407.00/s)  LR: 2.505e-04  Data: 0.004 (0.004)
2024-04-23 20:14:45,746 - train - INFO - Train: 5 [ 780/781 (100%)]  Loss:  4.811916 (4.6284)  Time: 0.303s,  422.62/s  (0.315s,  406.84/s)  LR: 2.505e-04  Data: 0.000 (0.004)
2024-04-23 20:14:45,897 - train - INFO - Test: [   0/78]  Time: 0.150 (0.150)  Loss:  2.0898 (2.0898)  Acc@1: 62.5000 (62.5000)  Acc@5: 82.0312 (82.0312)
2024-04-23 20:14:50,642 - train - INFO - Test: [  50/78]  Time: 0.109 (0.096)  Loss:  3.0684 (3.3168)  Acc@1: 35.9375 (28.8909)  Acc@5: 63.2812 (54.9020)
2024-04-23 20:14:53,711 - train - INFO - Test: [  78/78]  Time: 0.088 (0.101)  Loss:  3.6309 (3.3085)  Acc@1: 12.5000 (28.7900)  Acc@5: 37.5000 (55.3500)
2024-04-23 20:14:54,201 - train - INFO - Train: 6 [   0/781 (  0%)]  Loss:  4.481001 (4.4810)  Time: 0.420s,  304.59/s  (0.420s,  304.59/s)  LR: 3.004e-04  Data: 0.114 (0.114)
2024-04-23 20:15:10,195 - train - INFO - Train: 6 [  50/781 (  6%)]  Loss:  4.749469 (4.5519)  Time: 0.307s,  416.63/s  (0.322s,  397.73/s)  LR: 3.004e-04  Data: 0.004 (0.006)
2024-04-23 20:15:26,016 - train - INFO - Train: 6 [ 100/781 ( 13%)]  Loss:  4.804319 (4.5652)  Time: 0.332s,  385.31/s  (0.319s,  401.07/s)  LR: 3.004e-04  Data: 0.003 (0.005)
2024-04-23 20:15:41,086 - train - INFO - Train: 6 [ 150/781 ( 19%)]  Loss:  4.837050 (4.6041)  Time: 0.349s,  366.61/s  (0.313s,  408.60/s)  LR: 3.004e-04  Data: 0.004 (0.005)
2024-04-23 20:15:57,010 - train - INFO - Train: 6 [ 200/781 ( 26%)]  Loss:  4.335914 (4.6143)  Time: 0.343s,  373.63/s  (0.315s,  406.92/s)  LR: 3.004e-04  Data: 0.004 (0.005)
2024-04-23 20:16:12,913 - train - INFO - Train: 6 [ 250/781 ( 32%)]  Loss:  4.297563 (4.6039)  Time: 0.340s,  376.31/s  (0.315s,  406.02/s)  LR: 3.004e-04  Data: 0.004 (0.004)
2024-04-23 20:16:28,263 - train - INFO - Train: 6 [ 300/781 ( 38%)]  Loss:  4.701337 (4.5994)  Time: 0.281s,  455.59/s  (0.314s,  407.80/s)  LR: 3.004e-04  Data: 0.004 (0.004)
2024-04-23 20:16:44,023 - train - INFO - Train: 6 [ 350/781 ( 45%)]  Loss:  4.157105 (4.5968)  Time: 0.303s,  422.29/s  (0.314s,  407.56/s)  LR: 3.004e-04  Data: 0.004 (0.004)
2024-04-23 20:16:59,972 - train - INFO - Train: 6 [ 400/781 ( 51%)]  Loss:  4.525676 (4.5988)  Time: 0.308s,  415.69/s  (0.315s,  406.77/s)  LR: 3.004e-04  Data: 0.004 (0.004)
2024-04-23 20:17:15,852 - train - INFO - Train: 6 [ 450/781 ( 58%)]  Loss:  4.547043 (4.5991)  Time: 0.342s,  374.02/s  (0.315s,  406.35/s)  LR: 3.004e-04  Data: 0.004 (0.004)
2024-04-23 20:17:30,887 - train - INFO - Train: 6 [ 500/781 ( 64%)]  Loss:  4.777739 (4.5944)  Time: 0.310s,  412.99/s  (0.314s,  408.20/s)  LR: 3.004e-04  Data: 0.003 (0.004)
2024-04-23 20:17:46,743 - train - INFO - Train: 6 [ 550/781 ( 71%)]  Loss:  4.048741 (4.5901)  Time: 0.303s,  421.90/s  (0.314s,  407.79/s)  LR: 3.004e-04  Data: 0.004 (0.004)
2024-04-23 20:18:02,681 - train - INFO - Train: 6 [ 600/781 ( 77%)]  Loss:  4.588100 (4.5922)  Time: 0.343s,  372.65/s  (0.314s,  407.26/s)  LR: 3.004e-04  Data: 0.004 (0.004)
2024-04-23 20:18:17,677 - train - INFO - Train: 6 [ 650/781 ( 83%)]  Loss:  4.272261 (4.5888)  Time: 0.341s,  374.88/s  (0.313s,  408.70/s)  LR: 3.004e-04  Data: 0.004 (0.004)
2024-04-23 20:18:33,506 - train - INFO - Train: 6 [ 700/781 ( 90%)]  Loss:  4.729755 (4.5805)  Time: 0.308s,  415.59/s  (0.313s,  408.39/s)  LR: 3.004e-04  Data: 0.004 (0.004)
2024-04-23 20:18:49,382 - train - INFO - Train: 6 [ 750/781 ( 96%)]  Loss:  4.202286 (4.5785)  Time: 0.313s,  408.31/s  (0.314s,  408.03/s)  LR: 3.004e-04  Data: 0.004 (0.004)
2024-04-23 20:18:58,968 - train - INFO - Train: 6 [ 780/781 (100%)]  Loss:  4.655203 (4.5778)  Time: 0.330s,  388.34/s  (0.314s,  407.74/s)  LR: 3.004e-04  Data: 0.000 (0.004)
2024-04-23 20:18:59,143 - train - INFO - Test: [   0/78]  Time: 0.174 (0.174)  Loss:  2.0332 (2.0332)  Acc@1: 60.9375 (60.9375)  Acc@5: 81.2500 (81.2500)
2024-04-23 20:19:03,732 - train - INFO - Test: [  50/78]  Time: 0.117 (0.093)  Loss:  3.1719 (3.1676)  Acc@1: 31.2500 (31.7402)  Acc@5: 61.7188 (57.9810)
2024-04-23 20:19:06,820 - train - INFO - Test: [  78/78]  Time: 0.073 (0.099)  Loss:  3.1445 (3.1603)  Acc@1: 18.7500 (31.5500)  Acc@5: 62.5000 (57.9600)
2024-04-23 20:19:07,311 - train - INFO - Train: 7 [   0/781 (  0%)]  Loss:  4.720829 (4.7208)  Time: 0.422s,  303.37/s  (0.422s,  303.37/s)  LR: 3.503e-04  Data: 0.117 (0.117)
2024-04-23 20:19:23,091 - train - INFO - Train: 7 [  50/781 (  6%)]  Loss:  4.846036 (4.5487)  Time: 0.306s,  418.31/s  (0.318s,  402.92/s)  LR: 3.503e-04  Data: 0.004 (0.006)
2024-04-23 20:19:38,934 - train - INFO - Train: 7 [ 100/781 ( 13%)]  Loss:  4.779716 (4.5272)  Time: 0.307s,  416.99/s  (0.317s,  403.45/s)  LR: 3.503e-04  Data: 0.004 (0.005)
2024-04-23 20:19:53,965 - train - INFO - Train: 7 [ 150/781 ( 19%)]  Loss:  4.888988 (4.5480)  Time: 0.279s,  459.12/s  (0.312s,  410.59/s)  LR: 3.503e-04  Data: 0.004 (0.005)
2024-04-23 20:20:09,733 - train - INFO - Train: 7 [ 200/781 ( 26%)]  Loss:  4.746233 (4.5348)  Time: 0.347s,  368.87/s  (0.313s,  409.41/s)  LR: 3.503e-04  Data: 0.004 (0.005)
2024-04-23 20:20:25,807 - train - INFO - Train: 7 [ 250/781 ( 32%)]  Loss:  4.450119 (4.5336)  Time: 0.307s,  417.54/s  (0.314s,  407.13/s)  LR: 3.503e-04  Data: 0.004 (0.004)
2024-04-23 20:20:41,575 - train - INFO - Train: 7 [ 300/781 ( 38%)]  Loss:  4.477070 (4.5264)  Time: 0.314s,  408.00/s  (0.315s,  406.92/s)  LR: 3.503e-04  Data: 0.004 (0.004)
2024-04-23 20:20:56,667 - train - INFO - Train: 7 [ 350/781 ( 45%)]  Loss:  4.703724 (4.5239)  Time: 0.313s,  409.35/s  (0.313s,  409.28/s)  LR: 3.503e-04  Data: 0.004 (0.004)
2024-04-23 20:21:12,446 - train - INFO - Train: 7 [ 400/781 ( 51%)]  Loss:  4.183830 (4.5249)  Time: 0.305s,  419.22/s  (0.313s,  408.82/s)  LR: 3.503e-04  Data: 0.004 (0.004)
2024-04-23 20:21:28,319 - train - INFO - Train: 7 [ 450/781 ( 58%)]  Loss:  4.236285 (4.5305)  Time: 0.348s,  367.45/s  (0.314s,  408.19/s)  LR: 3.503e-04  Data: 0.004 (0.004)
2024-04-23 20:21:43,369 - train - INFO - Train: 7 [ 500/781 ( 64%)]  Loss:  4.677700 (4.5238)  Time: 0.306s,  417.99/s  (0.312s,  409.84/s)  LR: 3.503e-04  Data: 0.004 (0.004)
2024-04-23 20:21:59,342 - train - INFO - Train: 7 [ 550/781 ( 71%)]  Loss:  4.661720 (4.5238)  Time: 0.304s,  421.52/s  (0.313s,  408.99/s)  LR: 3.503e-04  Data: 0.004 (0.004)
2024-04-23 20:22:15,171 - train - INFO - Train: 7 [ 600/781 ( 77%)]  Loss:  4.852333 (4.5193)  Time: 0.333s,  384.86/s  (0.313s,  408.60/s)  LR: 3.503e-04  Data: 0.004 (0.004)
2024-04-23 20:22:30,732 - train - INFO - Train: 7 [ 650/781 ( 83%)]  Loss:  4.680911 (4.5225)  Time: 0.278s,  461.03/s  (0.313s,  408.80/s)  LR: 3.503e-04  Data: 0.004 (0.004)
2024-04-23 20:22:46,164 - train - INFO - Train: 7 [ 700/781 ( 90%)]  Loss:  4.332293 (4.5193)  Time: 0.340s,  376.60/s  (0.313s,  409.22/s)  LR: 3.503e-04  Data: 0.004 (0.004)
2024-04-23 20:23:02,080 - train - INFO - Train: 7 [ 750/781 ( 96%)]  Loss:  4.813205 (4.5248)  Time: 0.306s,  417.94/s  (0.313s,  408.74/s)  LR: 3.503e-04  Data: 0.004 (0.004)
2024-04-23 20:23:11,671 - train - INFO - Train: 7 [ 780/781 (100%)]  Loss:  3.969595 (4.5239)  Time: 0.303s,  422.07/s  (0.313s,  408.42/s)  LR: 3.503e-04  Data: 0.000 (0.004)
2024-04-23 20:23:11,852 - train - INFO - Test: [   0/78]  Time: 0.180 (0.180)  Loss:  1.9775 (1.9775)  Acc@1: 60.9375 (60.9375)  Acc@5: 80.4688 (80.4688)
2024-04-23 20:23:17,203 - train - INFO - Test: [  50/78]  Time: 0.090 (0.108)  Loss:  2.9668 (3.0786)  Acc@1: 37.5000 (32.7053)  Acc@5: 65.6250 (59.8192)
2024-04-23 20:23:19,554 - train - INFO - Test: [  78/78]  Time: 0.031 (0.100)  Loss:  3.3848 (3.0569)  Acc@1: 12.5000 (32.9200)  Acc@5: 50.0000 (60.4200)
2024-04-23 20:23:20,071 - train - INFO - Train: 8 [   0/781 (  0%)]  Loss:  4.324175 (4.3242)  Time: 0.441s,  290.50/s  (0.441s,  290.50/s)  LR: 4.002e-04  Data: 0.135 (0.135)
2024-04-23 20:23:36,035 - train - INFO - Train: 8 [  50/781 (  6%)]  Loss:  4.805265 (4.4374)  Time: 0.304s,  420.52/s  (0.322s,  397.94/s)  LR: 4.002e-04  Data: 0.004 (0.006)
2024-04-23 20:23:51,954 - train - INFO - Train: 8 [ 100/781 ( 13%)]  Loss:  4.611091 (4.4597)  Time: 0.340s,  376.41/s  (0.320s,  399.96/s)  LR: 4.002e-04  Data: 0.004 (0.005)
2024-04-23 20:24:07,722 - train - INFO - Train: 8 [ 150/781 ( 19%)]  Loss:  4.850152 (4.4625)  Time: 0.280s,  457.42/s  (0.318s,  401.91/s)  LR: 4.002e-04  Data: 0.004 (0.005)
2024-04-23 20:24:23,077 - train - INFO - Train: 8 [ 200/781 ( 26%)]  Loss:  3.956432 (4.4666)  Time: 0.303s,  421.87/s  (0.316s,  405.52/s)  LR: 4.002e-04  Data: 0.003 (0.005)
2024-04-23 20:24:39,039 - train - INFO - Train: 8 [ 250/781 ( 32%)]  Loss:  4.796878 (4.4584)  Time: 0.327s,  391.61/s  (0.316s,  404.61/s)  LR: 4.002e-04  Data: 0.004 (0.004)
2024-04-23 20:24:54,983 - train - INFO - Train: 8 [ 300/781 ( 38%)]  Loss:  4.348412 (4.4577)  Time: 0.305s,  419.29/s  (0.317s,  404.07/s)  LR: 4.002e-04  Data: 0.004 (0.004)
2024-04-23 20:25:10,146 - train - INFO - Train: 8 [ 350/781 ( 45%)]  Loss:  4.220341 (4.4599)  Time: 0.310s,  412.59/s  (0.315s,  406.55/s)  LR: 4.002e-04  Data: 0.004 (0.004)
2024-04-23 20:25:26,079 - train - INFO - Train: 8 [ 400/781 ( 51%)]  Loss:  4.157888 (4.4486)  Time: 0.314s,  407.02/s  (0.315s,  405.94/s)  LR: 4.002e-04  Data: 0.004 (0.004)
2024-04-23 20:25:42,096 - train - INFO - Train: 8 [ 450/781 ( 58%)]  Loss:  4.493980 (4.4509)  Time: 0.305s,  420.31/s  (0.316s,  405.23/s)  LR: 4.002e-04  Data: 0.004 (0.004)
2024-04-23 20:25:57,233 - train - INFO - Train: 8 [ 500/781 ( 64%)]  Loss:  4.772178 (4.4553)  Time: 0.309s,  413.89/s  (0.315s,  406.92/s)  LR: 4.002e-04  Data: 0.004 (0.004)
2024-04-23 20:26:13,215 - train - INFO - Train: 8 [ 550/781 ( 71%)]  Loss:  4.711352 (4.4559)  Time: 0.350s,  366.01/s  (0.315s,  406.32/s)  LR: 4.002e-04  Data: 0.004 (0.004)
2024-04-23 20:26:29,073 - train - INFO - Train: 8 [ 600/781 ( 77%)]  Loss:  4.570087 (4.4608)  Time: 0.341s,  374.82/s  (0.315s,  406.10/s)  LR: 4.002e-04  Data: 0.004 (0.004)
2024-04-23 20:26:44,750 - train - INFO - Train: 8 [ 650/781 ( 83%)]  Loss:  4.080199 (4.4605)  Time: 0.280s,  456.80/s  (0.315s,  406.26/s)  LR: 4.002e-04  Data: 0.004 (0.004)
2024-04-23 20:27:00,073 - train - INFO - Train: 8 [ 700/781 ( 90%)]  Loss:  4.713429 (4.4635)  Time: 0.346s,  370.06/s  (0.314s,  407.06/s)  LR: 4.002e-04  Data: 0.004 (0.004)
2024-04-23 20:27:16,059 - train - INFO - Train: 8 [ 750/781 ( 96%)]  Loss:  4.267490 (4.4639)  Time: 0.348s,  367.81/s  (0.315s,  406.60/s)  LR: 4.002e-04  Data: 0.008 (0.004)
2024-04-23 20:27:25,579 - train - INFO - Train: 8 [ 780/781 (100%)]  Loss:  4.132921 (4.4621)  Time: 0.302s,  423.51/s  (0.315s,  406.48/s)  LR: 4.002e-04  Data: 0.000 (0.004)
2024-04-23 20:27:25,777 - train - INFO - Test: [   0/78]  Time: 0.196 (0.196)  Loss:  1.7803 (1.7803)  Acc@1: 61.7188 (61.7188)  Acc@5: 80.4688 (80.4688)
2024-04-23 20:27:31,284 - train - INFO - Test: [  50/78]  Time: 0.119 (0.112)  Loss:  2.8242 (2.8842)  Acc@1: 42.1875 (35.8150)  Acc@5: 66.4062 (63.0362)
2024-04-23 20:27:33,737 - train - INFO - Test: [  78/78]  Time: 0.061 (0.103)  Loss:  3.1836 (2.8856)  Acc@1: 18.7500 (35.7100)  Acc@5: 43.7500 (63.1800)
2024-04-23 20:27:34,180 - train - INFO - Train: 9 [   0/781 (  0%)]  Loss:  4.767087 (4.7671)  Time: 0.373s,  343.21/s  (0.373s,  343.21/s)  LR: 4.501e-04  Data: 0.126 (0.126)
2024-04-23 20:27:50,079 - train - INFO - Train: 9 [  50/781 (  6%)]  Loss:  4.791593 (4.4492)  Time: 0.306s,  418.76/s  (0.319s,  401.19/s)  LR: 4.501e-04  Data: 0.004 (0.006)
2024-04-23 20:28:06,021 - train - INFO - Train: 9 [ 100/781 ( 13%)]  Loss:  4.643752 (4.4606)  Time: 0.306s,  417.70/s  (0.319s,  401.33/s)  LR: 4.501e-04  Data: 0.003 (0.005)
2024-04-23 20:28:21,814 - train - INFO - Train: 9 [ 150/781 ( 19%)]  Loss:  4.144968 (4.4602)  Time: 0.280s,  457.24/s  (0.318s,  402.62/s)  LR: 4.501e-04  Data: 0.004 (0.005)
2024-04-23 20:28:36,886 - train - INFO - Train: 9 [ 200/781 ( 26%)]  Loss:  4.702920 (4.4735)  Time: 0.307s,  416.90/s  (0.314s,  407.89/s)  LR: 4.501e-04  Data: 0.004 (0.005)
2024-04-23 20:28:52,745 - train - INFO - Train: 9 [ 250/781 ( 32%)]  Loss:  4.669423 (4.4790)  Time: 0.343s,  372.79/s  (0.314s,  407.02/s)  LR: 4.501e-04  Data: 0.004 (0.004)
2024-04-23 20:29:08,729 - train - INFO - Train: 9 [ 300/781 ( 38%)]  Loss:  4.036845 (4.4661)  Time: 0.344s,  372.07/s  (0.315s,  405.91/s)  LR: 4.501e-04  Data: 0.004 (0.004)
2024-04-23 20:29:23,826 - train - INFO - Train: 9 [ 350/781 ( 45%)]  Loss:  4.075730 (4.4585)  Time: 0.305s,  419.39/s  (0.313s,  408.38/s)  LR: 4.501e-04  Data: 0.004 (0.004)
2024-04-23 20:29:39,764 - train - INFO - Train: 9 [ 400/781 ( 51%)]  Loss:  4.562794 (4.4494)  Time: 0.312s,  409.69/s  (0.314s,  407.52/s)  LR: 4.501e-04  Data: 0.003 (0.004)
2024-04-23 20:29:55,756 - train - INFO - Train: 9 [ 450/781 ( 58%)]  Loss:  4.280522 (4.4475)  Time: 0.308s,  415.99/s  (0.315s,  406.70/s)  LR: 4.501e-04  Data: 0.004 (0.004)
2024-04-23 20:30:11,127 - train - INFO - Train: 9 [ 500/781 ( 64%)]  Loss:  4.734233 (4.4393)  Time: 0.279s,  458.50/s  (0.314s,  407.65/s)  LR: 4.501e-04  Data: 0.004 (0.004)
2024-04-23 20:30:26,970 - train - INFO - Train: 9 [ 550/781 ( 71%)]  Loss:  4.119126 (4.4370)  Time: 0.306s,  417.67/s  (0.314s,  407.31/s)  LR: 4.501e-04  Data: 0.004 (0.004)
2024-04-23 20:30:42,869 - train - INFO - Train: 9 [ 600/781 ( 77%)]  Loss:  4.179273 (4.4437)  Time: 0.335s,  382.19/s  (0.315s,  406.91/s)  LR: 4.501e-04  Data: 0.005 (0.004)
2024-04-23 20:30:58,797 - train - INFO - Train: 9 [ 650/781 ( 83%)]  Loss:  4.337613 (4.4411)  Time: 0.305s,  419.71/s  (0.315s,  406.52/s)  LR: 4.501e-04  Data: 0.004 (0.004)
2024-04-23 20:31:13,843 - train - INFO - Train: 9 [ 700/781 ( 90%)]  Loss:  3.974676 (4.4371)  Time: 0.329s,  388.53/s  (0.314s,  407.81/s)  LR: 4.501e-04  Data: 0.004 (0.004)
2024-04-23 20:31:29,725 - train - INFO - Train: 9 [ 750/781 ( 96%)]  Loss:  4.095755 (4.4380)  Time: 0.313s,  408.77/s  (0.314s,  407.48/s)  LR: 4.501e-04  Data: 0.004 (0.004)
2024-04-23 20:31:39,294 - train - INFO - Train: 9 [ 780/781 (100%)]  Loss:  4.161363 (4.4410)  Time: 0.330s,  387.75/s  (0.314s,  407.24/s)  LR: 4.501e-04  Data: 0.000 (0.004)
2024-04-23 20:31:39,469 - train - INFO - Test: [   0/78]  Time: 0.174 (0.174)  Loss:  1.7236 (1.7236)  Acc@1: 61.7188 (61.7188)  Acc@5: 81.2500 (81.2500)
2024-04-23 20:31:44,855 - train - INFO - Test: [  50/78]  Time: 0.093 (0.109)  Loss:  2.8145 (2.8878)  Acc@1: 42.9688 (36.3205)  Acc@5: 65.6250 (63.8634)
2024-04-23 20:31:47,722 - train - INFO - Test: [  78/78]  Time: 0.062 (0.107)  Loss:  3.4297 (2.8898)  Acc@1: 18.7500 (36.5600)  Acc@5: 25.0000 (63.6500)
2024-04-23 20:31:48,189 - train - INFO - Train: 10 [   0/781 (  0%)]  Loss:  4.068599 (4.0686)  Time: 0.400s,  320.24/s  (0.400s,  320.24/s)  LR: 4.987e-04  Data: 0.120 (0.120)
2024-04-23 20:32:03,570 - train - INFO - Train: 10 [  50/781 (  6%)]  Loss:  4.441820 (4.3940)  Time: 0.305s,  420.23/s  (0.309s,  413.70/s)  LR: 4.987e-04  Data: 0.004 (0.006)
2024-04-23 20:32:19,542 - train - INFO - Train: 10 [ 100/781 ( 13%)]  Loss:  4.089022 (4.3909)  Time: 0.307s,  417.34/s  (0.314s,  407.17/s)  LR: 4.987e-04  Data: 0.004 (0.005)
2024-04-23 20:32:35,354 - train - INFO - Train: 10 [ 150/781 ( 19%)]  Loss:  4.600678 (4.4012)  Time: 0.309s,  414.38/s  (0.315s,  406.37/s)  LR: 4.987e-04  Data: 0.004 (0.005)
2024-04-23 20:32:50,439 - train - INFO - Train: 10 [ 200/781 ( 26%)]  Loss:  4.184902 (4.3982)  Time: 0.339s,  377.26/s  (0.312s,  410.69/s)  LR: 4.987e-04  Data: 0.004 (0.005)
2024-04-23 20:33:06,372 - train - INFO - Train: 10 [ 250/781 ( 32%)]  Loss:  4.075559 (4.3943)  Time: 0.305s,  419.44/s  (0.313s,  408.87/s)  LR: 4.987e-04  Data: 0.004 (0.004)
2024-04-23 20:33:22,135 - train - INFO - Train: 10 [ 300/781 ( 38%)]  Loss:  4.274451 (4.3993)  Time: 0.304s,  420.42/s  (0.313s,  408.39/s)  LR: 4.987e-04  Data: 0.004 (0.004)
2024-04-23 20:33:37,341 - train - INFO - Train: 10 [ 350/781 ( 45%)]  Loss:  4.725857 (4.4057)  Time: 0.278s,  460.81/s  (0.312s,  410.13/s)  LR: 4.987e-04  Data: 0.003 (0.004)
2024-04-23 20:33:53,148 - train - INFO - Train: 10 [ 400/781 ( 51%)]  Loss:  4.530001 (4.4101)  Time: 0.305s,  419.48/s  (0.313s,  409.47/s)  LR: 4.987e-04  Data: 0.004 (0.004)
2024-04-23 20:34:09,106 - train - INFO - Train: 10 [ 450/781 ( 58%)]  Loss:  4.329582 (4.4134)  Time: 0.305s,  419.21/s  (0.313s,  408.52/s)  LR: 4.987e-04  Data: 0.004 (0.004)
2024-04-23 20:34:25,208 - train - INFO - Train: 10 [ 500/781 ( 64%)]  Loss:  3.975654 (4.4101)  Time: 0.339s,  377.99/s  (0.314s,  407.39/s)  LR: 4.987e-04  Data: 0.004 (0.004)
2024-04-23 20:34:40,259 - train - INFO - Train: 10 [ 550/781 ( 71%)]  Loss:  4.206760 (4.4093)  Time: 0.307s,  416.45/s  (0.313s,  408.95/s)  LR: 4.987e-04  Data: 0.004 (0.004)
2024-04-23 20:34:56,424 - train - INFO - Train: 10 [ 600/781 ( 77%)]  Loss:  4.333062 (4.4047)  Time: 0.308s,  415.84/s  (0.314s,  407.84/s)  LR: 4.987e-04  Data: 0.004 (0.004)
2024-04-23 20:35:12,418 - train - INFO - Train: 10 [ 650/781 ( 83%)]  Loss:  4.221446 (4.4037)  Time: 0.338s,  378.71/s  (0.314s,  407.24/s)  LR: 4.987e-04  Data: 0.004 (0.004)
2024-04-23 20:35:27,625 - train - INFO - Train: 10 [ 700/781 ( 90%)]  Loss:  4.814044 (4.4054)  Time: 0.344s,  371.66/s  (0.314s,  408.18/s)  LR: 4.987e-04  Data: 0.004 (0.004)
2024-04-23 20:35:43,637 - train - INFO - Train: 10 [ 750/781 ( 96%)]  Loss:  3.853194 (4.4053)  Time: 0.322s,  397.94/s  (0.314s,  407.61/s)  LR: 4.987e-04  Data: 0.004 (0.004)
2024-04-23 20:35:53,251 - train - INFO - Train: 10 [ 780/781 (100%)]  Loss:  4.704301 (4.4045)  Time: 0.312s,  410.09/s  (0.314s,  407.29/s)  LR: 4.987e-04  Data: 0.000 (0.004)
2024-04-23 20:35:53,459 - train - INFO - Test: [   0/78]  Time: 0.206 (0.206)  Loss:  1.8428 (1.8428)  Acc@1: 60.9375 (60.9375)  Acc@5: 78.9062 (78.9062)
2024-04-23 20:35:59,005 - train - INFO - Test: [  50/78]  Time: 0.099 (0.113)  Loss:  2.7539 (2.7731)  Acc@1: 36.7188 (37.6379)  Acc@5: 66.4062 (65.1808)
2024-04-23 20:36:02,018 - train - INFO - Test: [  78/78]  Time: 0.078 (0.111)  Loss:  3.1348 (2.7717)  Acc@1: 12.5000 (37.8500)  Acc@5: 56.2500 (65.2900)
2024-04-23 20:36:02,536 - train - INFO - Train: 11 [   0/781 (  0%)]  Loss:  4.757295 (4.7573)  Time: 0.447s,  286.36/s  (0.447s,  286.36/s)  LR: 4.984e-04  Data: 0.134 (0.134)
2024-04-23 20:36:17,620 - train - INFO - Train: 11 [  50/781 (  6%)]  Loss:  4.240870 (4.4021)  Time: 0.307s,  417.61/s  (0.305s,  420.34/s)  LR: 4.984e-04  Data: 0.004 (0.007)
2024-04-23 20:36:33,572 - train - INFO - Train: 11 [ 100/781 ( 13%)]  Loss:  4.234684 (4.3801)  Time: 0.308s,  415.78/s  (0.312s,  410.65/s)  LR: 4.984e-04  Data: 0.004 (0.005)
2024-04-23 20:36:49,481 - train - INFO - Train: 11 [ 150/781 ( 19%)]  Loss:  4.733120 (4.3692)  Time: 0.310s,  412.66/s  (0.314s,  407.85/s)  LR: 4.984e-04  Data: 0.004 (0.005)
2024-04-23 20:37:04,778 - train - INFO - Train: 11 [ 200/781 ( 26%)]  Loss:  4.374972 (4.3806)  Time: 0.308s,  416.06/s  (0.312s,  410.43/s)  LR: 4.984e-04  Data: 0.004 (0.005)
2024-04-23 20:37:20,814 - train - INFO - Train: 11 [ 250/781 ( 32%)]  Loss:  3.976938 (4.3716)  Time: 0.306s,  418.76/s  (0.314s,  408.13/s)  LR: 4.984e-04  Data: 0.004 (0.005)
2024-04-23 20:37:36,825 - train - INFO - Train: 11 [ 300/781 ( 38%)]  Loss:  4.785848 (4.3783)  Time: 0.351s,  364.41/s  (0.315s,  406.71/s)  LR: 4.984e-04  Data: 0.004 (0.005)
2024-04-23 20:37:52,220 - train - INFO - Train: 11 [ 350/781 ( 45%)]  Loss:  4.275915 (4.3754)  Time: 0.286s,  447.14/s  (0.314s,  407.97/s)  LR: 4.984e-04  Data: 0.005 (0.004)
2024-04-23 20:38:07,883 - train - INFO - Train: 11 [ 400/781 ( 51%)]  Loss:  4.216494 (4.3778)  Time: 0.342s,  374.11/s  (0.314s,  408.05/s)  LR: 4.984e-04  Data: 0.004 (0.004)
2024-04-23 20:38:23,768 - train - INFO - Train: 11 [ 450/781 ( 58%)]  Loss:  4.208472 (4.3735)  Time: 0.329s,  389.26/s  (0.314s,  407.48/s)  LR: 4.984e-04  Data: 0.004 (0.004)
2024-04-23 20:38:39,689 - train - INFO - Train: 11 [ 500/781 ( 64%)]  Loss:  4.547290 (4.3782)  Time: 0.315s,  406.15/s  (0.315s,  406.93/s)  LR: 4.984e-04  Data: 0.004 (0.004)
2024-04-23 20:38:54,790 - train - INFO - Train: 11 [ 550/781 ( 71%)]  Loss:  4.228170 (4.3767)  Time: 0.309s,  414.06/s  (0.313s,  408.40/s)  LR: 4.984e-04  Data: 0.003 (0.004)
2024-04-23 20:39:10,814 - train - INFO - Train: 11 [ 600/781 ( 77%)]  Loss:  4.376426 (4.3746)  Time: 0.344s,  371.99/s  (0.314s,  407.64/s)  LR: 4.984e-04  Data: 0.004 (0.004)
2024-04-23 20:39:26,843 - train - INFO - Train: 11 [ 650/781 ( 83%)]  Loss:  4.477031 (4.3720)  Time: 0.343s,  373.42/s  (0.315s,  406.99/s)  LR: 4.984e-04  Data: 0.004 (0.004)
2024-04-23 20:39:42,026 - train - INFO - Train: 11 [ 700/781 ( 90%)]  Loss:  4.219176 (4.3694)  Time: 0.307s,  416.99/s  (0.314s,  407.99/s)  LR: 4.984e-04  Data: 0.004 (0.004)
2024-04-23 20:39:57,929 - train - INFO - Train: 11 [ 750/781 ( 96%)]  Loss:  4.454097 (4.3662)  Time: 0.339s,  377.12/s  (0.314s,  407.62/s)  LR: 4.984e-04  Data: 0.004 (0.004)
2024-04-23 20:40:07,530 - train - INFO - Train: 11 [ 780/781 (100%)]  Loss:  4.584310 (4.3641)  Time: 0.300s,  426.32/s  (0.314s,  407.32/s)  LR: 4.984e-04  Data: 0.000 (0.004)
2024-04-23 20:40:07,726 - train - INFO - Test: [   0/78]  Time: 0.195 (0.195)  Loss:  1.6797 (1.6797)  Acc@1: 62.5000 (62.5000)  Acc@5: 78.9062 (78.9062)
2024-04-23 20:40:13,250 - train - INFO - Test: [  50/78]  Time: 0.113 (0.112)  Loss:  2.6309 (2.6490)  Acc@1: 42.1875 (39.5527)  Acc@5: 67.9688 (66.9577)
2024-04-23 20:40:16,329 - train - INFO - Test: [  78/78]  Time: 0.078 (0.111)  Loss:  3.2539 (2.6502)  Acc@1: 18.7500 (39.6900)  Acc@5: 56.2500 (66.7800)
2024-04-23 20:40:16,857 - train - INFO - Train: 12 [   0/781 (  0%)]  Loss:  3.930531 (3.9305)  Time: 0.456s,  280.99/s  (0.456s,  280.99/s)  LR: 4.981e-04  Data: 0.144 (0.144)
2024-04-23 20:40:31,914 - train - INFO - Train: 12 [  50/781 (  6%)]  Loss:  4.652605 (4.4343)  Time: 0.305s,  420.00/s  (0.304s,  420.82/s)  LR: 4.981e-04  Data: 0.004 (0.007)
2024-04-23 20:40:47,900 - train - INFO - Train: 12 [ 100/781 ( 13%)]  Loss:  4.379757 (4.4122)  Time: 0.350s,  365.29/s  (0.312s,  410.44/s)  LR: 4.981e-04  Data: 0.004 (0.005)
2024-04-23 20:41:03,829 - train - INFO - Train: 12 [ 150/781 ( 19%)]  Loss:  4.585752 (4.3875)  Time: 0.346s,  370.10/s  (0.314s,  407.54/s)  LR: 4.981e-04  Data: 0.004 (0.005)
2024-04-23 20:41:19,060 - train - INFO - Train: 12 [ 200/781 ( 26%)]  Loss:  4.319722 (4.3849)  Time: 0.309s,  414.71/s  (0.312s,  410.62/s)  LR: 4.981e-04  Data: 0.004 (0.005)
2024-04-23 20:41:34,958 - train - INFO - Train: 12 [ 250/781 ( 32%)]  Loss:  4.346785 (4.3852)  Time: 0.344s,  372.30/s  (0.313s,  409.00/s)  LR: 4.981e-04  Data: 0.004 (0.005)
2024-04-23 20:41:51,031 - train - INFO - Train: 12 [ 300/781 ( 38%)]  Loss:  4.286802 (4.3777)  Time: 0.348s,  367.72/s  (0.314s,  407.16/s)  LR: 4.981e-04  Data: 0.004 (0.005)
2024-04-23 20:42:06,840 - train - INFO - Train: 12 [ 350/781 ( 45%)]  Loss:  4.210063 (4.3701)  Time: 0.283s,  452.24/s  (0.315s,  406.83/s)  LR: 4.981e-04  Data: 0.004 (0.004)
2024-04-23 20:42:22,004 - train - INFO - Train: 12 [ 400/781 ( 51%)]  Loss:  4.112195 (4.3676)  Time: 0.307s,  417.46/s  (0.313s,  408.67/s)  LR: 4.981e-04  Data: 0.004 (0.004)
2024-04-23 20:42:37,931 - train - INFO - Train: 12 [ 450/781 ( 58%)]  Loss:  4.130252 (4.3692)  Time: 0.348s,  368.30/s  (0.314s,  407.91/s)  LR: 4.981e-04  Data: 0.004 (0.004)
2024-04-23 20:42:53,887 - train - INFO - Train: 12 [ 500/781 ( 64%)]  Loss:  4.673332 (4.3657)  Time: 0.335s,  381.75/s  (0.314s,  407.22/s)  LR: 4.981e-04  Data: 0.004 (0.004)
2024-04-23 20:43:09,015 - train - INFO - Train: 12 [ 550/781 ( 71%)]  Loss:  3.893402 (4.3572)  Time: 0.305s,  420.30/s  (0.313s,  408.61/s)  LR: 4.981e-04  Data: 0.004 (0.004)
2024-04-23 20:43:25,025 - train - INFO - Train: 12 [ 600/781 ( 77%)]  Loss:  4.137712 (4.3560)  Time: 0.309s,  414.03/s  (0.314s,  407.86/s)  LR: 4.981e-04  Data: 0.004 (0.004)
2024-04-23 20:43:40,998 - train - INFO - Train: 12 [ 650/781 ( 83%)]  Loss:  4.046242 (4.3532)  Time: 0.310s,  412.97/s  (0.314s,  407.30/s)  LR: 4.981e-04  Data: 0.004 (0.004)
2024-04-23 20:43:56,415 - train - INFO - Train: 12 [ 700/781 ( 90%)]  Loss:  4.557238 (4.3533)  Time: 0.285s,  449.74/s  (0.314s,  407.85/s)  LR: 4.981e-04  Data: 0.005 (0.004)
2024-04-23 20:44:12,124 - train - INFO - Train: 12 [ 750/781 ( 96%)]  Loss:  3.946138 (4.3500)  Time: 0.307s,  417.55/s  (0.314s,  407.82/s)  LR: 4.981e-04  Data: 0.004 (0.004)
2024-04-23 20:44:21,793 - train - INFO - Train: 12 [ 780/781 (100%)]  Loss:  4.373331 (4.3518)  Time: 0.301s,  425.92/s  (0.314s,  407.40/s)  LR: 4.981e-04  Data: 0.000 (0.004)
2024-04-23 20:44:21,997 - train - INFO - Test: [   0/78]  Time: 0.202 (0.202)  Loss:  1.5654 (1.5654)  Acc@1: 61.7188 (61.7188)  Acc@5: 85.1562 (85.1562)
2024-04-23 20:44:27,526 - train - INFO - Test: [  50/78]  Time: 0.114 (0.112)  Loss:  2.5586 (2.6451)  Acc@1: 42.9688 (40.1501)  Acc@5: 71.8750 (67.2794)
2024-04-23 20:44:30,617 - train - INFO - Test: [  78/78]  Time: 0.076 (0.112)  Loss:  3.0664 (2.6341)  Acc@1: 18.7500 (40.3000)  Acc@5: 56.2500 (67.6600)
2024-04-23 20:44:31,125 - train - INFO - Train: 13 [   0/781 (  0%)]  Loss:  4.347336 (4.3473)  Time: 0.438s,  292.07/s  (0.438s,  292.07/s)  LR: 4.977e-04  Data: 0.135 (0.135)
2024-04-23 20:44:46,210 - train - INFO - Train: 13 [  50/781 (  6%)]  Loss:  4.635364 (4.3176)  Time: 0.308s,  415.22/s  (0.304s,  420.55/s)  LR: 4.977e-04  Data: 0.004 (0.007)
2024-04-23 20:45:02,267 - train - INFO - Train: 13 [ 100/781 ( 13%)]  Loss:  4.370440 (4.3473)  Time: 0.311s,  411.83/s  (0.313s,  409.39/s)  LR: 4.977e-04  Data: 0.004 (0.005)
2024-04-23 20:45:18,227 - train - INFO - Train: 13 [ 150/781 ( 19%)]  Loss:  4.084695 (4.3458)  Time: 0.307s,  416.40/s  (0.315s,  406.59/s)  LR: 4.977e-04  Data: 0.004 (0.005)
2024-04-23 20:45:33,677 - train - INFO - Train: 13 [ 200/781 ( 26%)]  Loss:  3.869976 (4.3254)  Time: 0.286s,  448.06/s  (0.313s,  408.47/s)  LR: 4.977e-04  Data: 0.004 (0.005)
2024-04-23 20:45:49,280 - train - INFO - Train: 13 [ 250/781 ( 32%)]  Loss:  4.602545 (4.3190)  Time: 0.307s,  417.08/s  (0.313s,  408.81/s)  LR: 4.977e-04  Data: 0.004 (0.005)
2024-04-23 20:46:05,202 - train - INFO - Train: 13 [ 300/781 ( 38%)]  Loss:  3.988645 (4.3171)  Time: 0.309s,  413.94/s  (0.314s,  407.66/s)  LR: 4.977e-04  Data: 0.004 (0.004)
2024-04-23 20:46:21,270 - train - INFO - Train: 13 [ 350/781 ( 45%)]  Loss:  4.537022 (4.3093)  Time: 0.311s,  410.93/s  (0.315s,  406.30/s)  LR: 4.977e-04  Data: 0.003 (0.004)
2024-04-23 20:46:36,406 - train - INFO - Train: 13 [ 400/781 ( 51%)]  Loss:  4.136037 (4.3023)  Time: 0.304s,  420.95/s  (0.313s,  408.29/s)  LR: 4.977e-04  Data: 0.004 (0.004)
2024-04-23 20:46:52,385 - train - INFO - Train: 13 [ 450/781 ( 58%)]  Loss:  4.329750 (4.3052)  Time: 0.349s,  366.47/s  (0.314s,  407.42/s)  LR: 4.977e-04  Data: 0.004 (0.004)
2024-04-23 20:47:08,339 - train - INFO - Train: 13 [ 500/781 ( 64%)]  Loss:  3.923919 (4.3049)  Time: 0.305s,  419.77/s  (0.315s,  406.79/s)  LR: 4.977e-04  Data: 0.005 (0.004)
2024-04-23 20:47:23,393 - train - INFO - Train: 13 [ 550/781 ( 71%)]  Loss:  3.821028 (4.3065)  Time: 0.338s,  378.30/s  (0.313s,  408.39/s)  LR: 4.977e-04  Data: 0.004 (0.004)
2024-04-23 20:47:39,400 - train - INFO - Train: 13 [ 600/781 ( 77%)]  Loss:  4.225581 (4.3074)  Time: 0.307s,  416.76/s  (0.314s,  407.67/s)  LR: 4.977e-04  Data: 0.004 (0.004)
2024-04-23 20:47:55,341 - train - INFO - Train: 13 [ 650/781 ( 83%)]  Loss:  3.942636 (4.3055)  Time: 0.306s,  418.48/s  (0.314s,  407.19/s)  LR: 4.977e-04  Data: 0.004 (0.004)
2024-04-23 20:48:10,936 - train - INFO - Train: 13 [ 700/781 ( 90%)]  Loss:  4.725034 (4.3036)  Time: 0.283s,  452.61/s  (0.314s,  407.41/s)  LR: 4.977e-04  Data: 0.004 (0.004)
2024-04-23 20:48:26,473 - train - INFO - Train: 13 [ 750/781 ( 96%)]  Loss:  4.344415 (4.3065)  Time: 0.348s,  368.20/s  (0.314s,  407.71/s)  LR: 4.977e-04  Data: 0.004 (0.004)
2024-04-23 20:48:36,090 - train - INFO - Train: 13 [ 780/781 (100%)]  Loss:  3.787252 (4.3085)  Time: 0.341s,  375.08/s  (0.314s,  407.38/s)  LR: 4.977e-04  Data: 0.000 (0.004)
2024-04-23 20:48:36,271 - train - INFO - Test: [   0/78]  Time: 0.179 (0.179)  Loss:  1.3057 (1.3057)  Acc@1: 72.6562 (72.6562)  Acc@5: 92.9688 (92.9688)
2024-04-23 20:48:41,843 - train - INFO - Test: [  50/78]  Time: 0.119 (0.113)  Loss:  2.9668 (2.6019)  Acc@1: 35.9375 (40.8854)  Acc@5: 58.5938 (68.1219)
2024-04-23 20:48:44,901 - train - INFO - Test: [  78/78]  Time: 0.079 (0.112)  Loss:  2.6602 (2.5835)  Acc@1: 31.2500 (41.3200)  Acc@5: 75.0000 (68.6400)
2024-04-23 20:48:45,448 - train - INFO - Train: 14 [   0/781 (  0%)]  Loss:  4.667720 (4.6677)  Time: 0.475s,  269.36/s  (0.475s,  269.36/s)  LR: 4.974e-04  Data: 0.128 (0.128)
2024-04-23 20:49:00,659 - train - INFO - Train: 14 [  50/781 (  6%)]  Loss:  3.759343 (4.2628)  Time: 0.332s,  385.94/s  (0.308s,  416.18/s)  LR: 4.974e-04  Data: 0.004 (0.006)
2024-04-23 20:49:16,612 - train - INFO - Train: 14 [ 100/781 ( 13%)]  Loss:  4.788296 (4.2924)  Time: 0.309s,  413.82/s  (0.313s,  408.63/s)  LR: 4.974e-04  Data: 0.004 (0.005)
2024-04-23 20:49:32,664 - train - INFO - Train: 14 [ 150/781 ( 19%)]  Loss:  4.638754 (4.2911)  Time: 0.355s,  360.78/s  (0.316s,  405.29/s)  LR: 4.974e-04  Data: 0.005 (0.005)
2024-04-23 20:49:48,432 - train - INFO - Train: 14 [ 200/781 ( 26%)]  Loss:  4.463912 (4.2865)  Time: 0.281s,  455.59/s  (0.316s,  405.44/s)  LR: 4.974e-04  Data: 0.004 (0.005)
2024-04-23 20:50:03,967 - train - INFO - Train: 14 [ 250/781 ( 32%)]  Loss:  3.826933 (4.2805)  Time: 0.307s,  417.53/s  (0.315s,  406.73/s)  LR: 4.974e-04  Data: 0.004 (0.005)
2024-04-23 20:50:20,006 - train - INFO - Train: 14 [ 300/781 ( 38%)]  Loss:  3.717382 (4.2813)  Time: 0.310s,  412.87/s  (0.316s,  405.43/s)  LR: 4.974e-04  Data: 0.005 (0.005)
2024-04-23 20:50:35,988 - train - INFO - Train: 14 [ 350/781 ( 45%)]  Loss:  3.758394 (4.2817)  Time: 0.323s,  396.11/s  (0.316s,  404.72/s)  LR: 4.974e-04  Data: 0.004 (0.004)
2024-04-23 20:50:51,151 - train - INFO - Train: 14 [ 400/781 ( 51%)]  Loss:  4.814939 (4.2828)  Time: 0.307s,  416.60/s  (0.315s,  406.81/s)  LR: 4.974e-04  Data: 0.004 (0.004)
2024-04-23 20:51:07,182 - train - INFO - Train: 14 [ 450/781 ( 58%)]  Loss:  4.174171 (4.2790)  Time: 0.310s,  413.19/s  (0.315s,  405.96/s)  LR: 4.974e-04  Data: 0.004 (0.004)
2024-04-23 20:51:23,107 - train - INFO - Train: 14 [ 500/781 ( 64%)]  Loss:  4.201074 (4.2788)  Time: 0.309s,  414.70/s  (0.316s,  405.55/s)  LR: 4.974e-04  Data: 0.004 (0.004)
2024-04-23 20:51:38,155 - train - INFO - Train: 14 [ 550/781 ( 71%)]  Loss:  4.352489 (4.2844)  Time: 0.307s,  416.32/s  (0.314s,  407.27/s)  LR: 4.974e-04  Data: 0.004 (0.004)
2024-04-23 20:51:54,169 - train - INFO - Train: 14 [ 600/781 ( 77%)]  Loss:  4.539621 (4.2826)  Time: 0.308s,  415.52/s  (0.315s,  406.62/s)  LR: 4.974e-04  Data: 0.004 (0.004)
2024-04-23 20:52:10,025 - train - INFO - Train: 14 [ 650/781 ( 83%)]  Loss:  4.457238 (4.2868)  Time: 0.306s,  418.30/s  (0.315s,  406.40/s)  LR: 4.974e-04  Data: 0.004 (0.004)
2024-04-23 20:52:25,764 - train - INFO - Train: 14 [ 700/781 ( 90%)]  Loss:  4.002234 (4.2876)  Time: 0.284s,  450.37/s  (0.315s,  406.41/s)  LR: 4.974e-04  Data: 0.004 (0.004)
2024-04-23 20:52:41,208 - train - INFO - Train: 14 [ 750/781 ( 96%)]  Loss:  4.670089 (4.2872)  Time: 0.345s,  370.48/s  (0.315s,  406.94/s)  LR: 4.974e-04  Data: 0.004 (0.004)
2024-04-23 20:52:50,886 - train - INFO - Train: 14 [ 780/781 (100%)]  Loss:  4.604528 (4.2884)  Time: 0.307s,  417.27/s  (0.315s,  406.54/s)  LR: 4.974e-04  Data: 0.000 (0.004)
2024-04-23 20:52:51,089 - train - INFO - Test: [   0/78]  Time: 0.201 (0.201)  Loss:  1.4551 (1.4551)  Acc@1: 69.5312 (69.5312)  Acc@5: 85.1562 (85.1562)
2024-04-23 20:52:56,598 - train - INFO - Test: [  50/78]  Time: 0.116 (0.112)  Loss:  2.4199 (2.5416)  Acc@1: 49.2188 (41.9271)  Acc@5: 72.6562 (69.7917)
2024-04-23 20:52:59,654 - train - INFO - Test: [  78/78]  Time: 0.087 (0.111)  Loss:  3.0312 (2.5585)  Acc@1: 18.7500 (41.5200)  Acc@5: 56.2500 (69.2500)
2024-04-23 20:53:00,175 - train - INFO - Train: 15 [   0/781 (  0%)]  Loss:  4.677058 (4.6771)  Time: 0.447s,  286.05/s  (0.447s,  286.05/s)  LR: 4.970e-04  Data: 0.138 (0.138)
2024-04-23 20:53:15,439 - train - INFO - Train: 15 [  50/781 (  6%)]  Loss:  3.858615 (4.2469)  Time: 0.308s,  415.37/s  (0.308s,  415.51/s)  LR: 4.970e-04  Data: 0.004 (0.007)
2024-04-23 20:53:31,511 - train - INFO - Train: 15 [ 100/781 ( 13%)]  Loss:  3.984220 (4.2866)  Time: 0.308s,  415.93/s  (0.315s,  406.78/s)  LR: 4.970e-04  Data: 0.004 (0.005)
2024-04-23 20:53:47,508 - train - INFO - Train: 15 [ 150/781 ( 19%)]  Loss:  4.142513 (4.2549)  Time: 0.341s,  375.86/s  (0.316s,  404.54/s)  LR: 4.970e-04  Data: 0.004 (0.005)
2024-04-23 20:54:03,239 - train - INFO - Train: 15 [ 200/781 ( 26%)]  Loss:  4.431087 (4.2582)  Time: 0.278s,  460.90/s  (0.316s,  405.11/s)  LR: 4.970e-04  Data: 0.004 (0.005)
2024-04-23 20:54:18,598 - train - INFO - Train: 15 [ 250/781 ( 32%)]  Loss:  4.498755 (4.2664)  Time: 0.310s,  412.42/s  (0.314s,  407.38/s)  LR: 4.970e-04  Data: 0.004 (0.005)
2024-04-23 20:54:34,658 - train - INFO - Train: 15 [ 300/781 ( 38%)]  Loss:  4.713203 (4.2770)  Time: 0.306s,  418.93/s  (0.315s,  405.87/s)  LR: 4.970e-04  Data: 0.004 (0.004)
2024-04-23 20:54:50,587 - train - INFO - Train: 15 [ 350/781 ( 45%)]  Loss:  3.851806 (4.2639)  Time: 0.304s,  421.25/s  (0.316s,  405.29/s)  LR: 4.970e-04  Data: 0.004 (0.004)
2024-04-23 20:55:05,778 - train - INFO - Train: 15 [ 400/781 ( 51%)]  Loss:  4.706269 (4.2692)  Time: 0.308s,  415.74/s  (0.314s,  407.22/s)  LR: 4.970e-04  Data: 0.004 (0.004)
2024-04-23 20:55:21,746 - train - INFO - Train: 15 [ 450/781 ( 58%)]  Loss:  4.132504 (4.2705)  Time: 0.304s,  421.74/s  (0.315s,  406.50/s)  LR: 4.970e-04  Data: 0.004 (0.004)
2024-04-23 20:55:37,570 - train - INFO - Train: 15 [ 500/781 ( 64%)]  Loss:  4.308884 (4.2694)  Time: 0.306s,  418.06/s  (0.315s,  406.30/s)  LR: 4.970e-04  Data: 0.004 (0.004)
2024-04-23 20:55:52,882 - train - INFO - Train: 15 [ 550/781 ( 71%)]  Loss:  4.240138 (4.2654)  Time: 0.281s,  454.99/s  (0.314s,  407.33/s)  LR: 4.970e-04  Data: 0.004 (0.004)
2024-04-23 20:56:08,772 - train - INFO - Train: 15 [ 600/781 ( 77%)]  Loss:  4.028469 (4.2625)  Time: 0.309s,  414.73/s  (0.315s,  406.95/s)  LR: 4.970e-04  Data: 0.004 (0.004)
2024-04-23 20:56:24,710 - train - INFO - Train: 15 [ 650/781 ( 83%)]  Loss:  4.539488 (4.2670)  Time: 0.306s,  418.73/s  (0.315s,  406.53/s)  LR: 4.970e-04  Data: 0.004 (0.004)
2024-04-23 20:56:40,676 - train - INFO - Train: 15 [ 700/781 ( 90%)]  Loss:  4.185383 (4.2682)  Time: 0.281s,  455.86/s  (0.315s,  406.13/s)  LR: 4.970e-04  Data: 0.004 (0.004)
2024-04-23 20:56:55,883 - train - INFO - Train: 15 [ 750/781 ( 96%)]  Loss:  4.377179 (4.2681)  Time: 0.312s,  410.11/s  (0.314s,  407.08/s)  LR: 4.970e-04  Data: 0.004 (0.004)
2024-04-23 20:57:05,539 - train - INFO - Train: 15 [ 780/781 (100%)]  Loss:  3.734422 (4.2669)  Time: 0.340s,  376.52/s  (0.315s,  406.71/s)  LR: 4.970e-04  Data: 0.000 (0.004)
2024-04-23 20:57:05,719 - train - INFO - Test: [   0/78]  Time: 0.178 (0.178)  Loss:  1.4043 (1.4043)  Acc@1: 68.7500 (68.7500)  Acc@5: 85.9375 (85.9375)
2024-04-23 20:57:11,315 - train - INFO - Test: [  50/78]  Time: 0.113 (0.113)  Loss:  2.6543 (2.4842)  Acc@1: 39.8438 (43.7347)  Acc@5: 67.1875 (70.3738)
2024-04-23 20:57:14,364 - train - INFO - Test: [  78/78]  Time: 0.084 (0.112)  Loss:  2.6699 (2.4967)  Acc@1: 25.0000 (43.1300)  Acc@5: 81.2500 (70.0900)
2024-04-23 20:57:14,875 - train - INFO - Train: 16 [   0/781 (  0%)]  Loss:  4.576240 (4.5762)  Time: 0.439s,  291.48/s  (0.439s,  291.48/s)  LR: 4.966e-04  Data: 0.116 (0.116)
2024-04-23 20:57:30,255 - train - INFO - Train: 16 [  50/781 (  6%)]  Loss:  4.083244 (4.2144)  Time: 0.281s,  455.29/s  (0.310s,  412.69/s)  LR: 4.966e-04  Data: 0.004 (0.006)
2024-04-23 20:57:46,024 - train - INFO - Train: 16 [ 100/781 ( 13%)]  Loss:  4.183236 (4.2084)  Time: 0.308s,  415.56/s  (0.313s,  409.29/s)  LR: 4.966e-04  Data: 0.004 (0.005)
2024-04-23 20:58:01,886 - train - INFO - Train: 16 [ 150/781 ( 19%)]  Loss:  4.123641 (4.2409)  Time: 0.334s,  383.12/s  (0.314s,  407.35/s)  LR: 4.966e-04  Data: 0.004 (0.005)
2024-04-23 20:58:17,825 - train - INFO - Train: 16 [ 200/781 ( 26%)]  Loss:  4.097573 (4.2587)  Time: 0.309s,  413.75/s  (0.315s,  405.90/s)  LR: 4.966e-04  Data: 0.004 (0.005)
2024-04-23 20:58:32,961 - train - INFO - Train: 16 [ 250/781 ( 32%)]  Loss:  4.558519 (4.2619)  Time: 0.308s,  415.21/s  (0.313s,  409.16/s)  LR: 4.966e-04  Data: 0.004 (0.004)
2024-04-23 20:58:48,943 - train - INFO - Train: 16 [ 300/781 ( 38%)]  Loss:  4.657279 (4.2618)  Time: 0.307s,  416.39/s  (0.314s,  407.69/s)  LR: 4.966e-04  Data: 0.004 (0.004)
2024-04-23 20:59:04,977 - train - INFO - Train: 16 [ 350/781 ( 45%)]  Loss:  4.213343 (4.2561)  Time: 0.307s,  416.26/s  (0.315s,  406.46/s)  LR: 4.966e-04  Data: 0.004 (0.004)
2024-04-23 20:59:20,164 - train - INFO - Train: 16 [ 400/781 ( 51%)]  Loss:  4.633749 (4.2548)  Time: 0.309s,  414.90/s  (0.314s,  408.26/s)  LR: 4.966e-04  Data: 0.004 (0.004)
2024-04-23 20:59:36,138 - train - INFO - Train: 16 [ 450/781 ( 58%)]  Loss:  4.310888 (4.2548)  Time: 0.302s,  423.87/s  (0.314s,  407.41/s)  LR: 4.966e-04  Data: 0.004 (0.004)
2024-04-23 20:59:52,097 - train - INFO - Train: 16 [ 500/781 ( 64%)]  Loss:  4.065126 (4.2540)  Time: 0.340s,  376.79/s  (0.315s,  406.77/s)  LR: 4.966e-04  Data: 0.004 (0.004)
2024-04-23 21:00:07,610 - train - INFO - Train: 16 [ 550/781 ( 71%)]  Loss:  4.156247 (4.2499)  Time: 0.281s,  455.59/s  (0.314s,  407.29/s)  LR: 4.966e-04  Data: 0.004 (0.004)
2024-04-23 21:00:23,289 - train - INFO - Train: 16 [ 600/781 ( 77%)]  Loss:  4.804446 (4.2516)  Time: 0.343s,  372.67/s  (0.314s,  407.36/s)  LR: 4.966e-04  Data: 0.004 (0.004)
2024-04-23 21:00:39,189 - train - INFO - Train: 16 [ 650/781 ( 83%)]  Loss:  3.579570 (4.2516)  Time: 0.306s,  418.97/s  (0.315s,  406.99/s)  LR: 4.966e-04  Data: 0.004 (0.004)
2024-04-23 21:00:55,186 - train - INFO - Train: 16 [ 700/781 ( 90%)]  Loss:  4.474161 (4.2461)  Time: 0.305s,  420.17/s  (0.315s,  406.49/s)  LR: 4.966e-04  Data: 0.004 (0.004)
2024-04-23 21:01:10,297 - train - INFO - Train: 16 [ 750/781 ( 96%)]  Loss:  4.370823 (4.2468)  Time: 0.307s,  417.57/s  (0.314s,  407.58/s)  LR: 4.966e-04  Data: 0.003 (0.004)
2024-04-23 21:01:19,872 - train - INFO - Train: 16 [ 780/781 (100%)]  Loss:  3.985949 (4.2489)  Time: 0.308s,  416.22/s  (0.314s,  407.33/s)  LR: 4.966e-04  Data: 0.000 (0.004)
2024-04-23 21:01:20,048 - train - INFO - Test: [   0/78]  Time: 0.175 (0.175)  Loss:  1.5479 (1.5479)  Acc@1: 66.4062 (66.4062)  Acc@5: 83.5938 (83.5938)
2024-04-23 21:01:25,550 - train - INFO - Test: [  50/78]  Time: 0.117 (0.111)  Loss:  2.3477 (2.5012)  Acc@1: 46.0938 (42.8922)  Acc@5: 73.4375 (69.8683)
2024-04-23 21:01:28,659 - train - INFO - Test: [  78/78]  Time: 0.069 (0.111)  Loss:  2.5293 (2.5010)  Acc@1: 25.0000 (42.8000)  Acc@5: 75.0000 (69.8100)
2024-04-23 21:01:29,164 - train - INFO - Train: 17 [   0/781 (  0%)]  Loss:  4.740545 (4.7405)  Time: 0.433s,  295.31/s  (0.433s,  295.31/s)  LR: 4.961e-04  Data: 0.126 (0.126)
2024-04-23 21:01:44,948 - train - INFO - Train: 17 [  50/781 (  6%)]  Loss:  3.778990 (4.3292)  Time: 0.281s,  455.08/s  (0.318s,  402.56/s)  LR: 4.961e-04  Data: 0.004 (0.006)
2024-04-23 21:02:00,339 - train - INFO - Train: 17 [ 100/781 ( 13%)]  Loss:  3.873948 (4.2974)  Time: 0.306s,  417.96/s  (0.313s,  409.03/s)  LR: 4.961e-04  Data: 0.003 (0.005)
2024-04-23 21:02:16,343 - train - INFO - Train: 17 [ 150/781 ( 19%)]  Loss:  4.267771 (4.2937)  Time: 0.306s,  417.85/s  (0.315s,  405.97/s)  LR: 4.961e-04  Data: 0.004 (0.005)
2024-04-23 21:02:32,263 - train - INFO - Train: 17 [ 200/781 ( 26%)]  Loss:  4.131724 (4.2803)  Time: 0.305s,  419.85/s  (0.316s,  404.98/s)  LR: 4.961e-04  Data: 0.004 (0.005)
2024-04-23 21:02:47,449 - train - INFO - Train: 17 [ 250/781 ( 32%)]  Loss:  4.066147 (4.2656)  Time: 0.314s,  407.67/s  (0.314s,  408.16/s)  LR: 4.961e-04  Data: 0.004 (0.005)
2024-04-23 21:03:03,514 - train - INFO - Train: 17 [ 300/781 ( 38%)]  Loss:  3.566141 (4.2475)  Time: 0.339s,  377.14/s  (0.315s,  406.51/s)  LR: 4.961e-04  Data: 0.004 (0.004)
2024-04-23 21:03:19,438 - train - INFO - Train: 17 [ 350/781 ( 45%)]  Loss:  3.844901 (4.2527)  Time: 0.306s,  418.83/s  (0.315s,  405.85/s)  LR: 4.961e-04  Data: 0.004 (0.004)
2024-04-23 21:03:34,584 - train - INFO - Train: 17 [ 400/781 ( 51%)]  Loss:  4.131831 (4.2454)  Time: 0.228s,  561.04/s  (0.314s,  407.86/s)  LR: 4.961e-04  Data: 0.004 (0.004)
2024-04-23 21:03:50,575 - train - INFO - Train: 17 [ 450/781 ( 58%)]  Loss:  3.944740 (4.2436)  Time: 0.311s,  411.28/s  (0.314s,  407.00/s)  LR: 4.961e-04  Data: 0.004 (0.004)
2024-04-23 21:04:06,596 - train - INFO - Train: 17 [ 500/781 ( 64%)]  Loss:  3.765498 (4.2400)  Time: 0.340s,  376.63/s  (0.315s,  406.24/s)  LR: 4.961e-04  Data: 0.004 (0.004)
2024-04-23 21:04:22,375 - train - INFO - Train: 17 [ 550/781 ( 71%)]  Loss:  3.825682 (4.2451)  Time: 0.281s,  456.25/s  (0.315s,  406.18/s)  LR: 4.961e-04  Data: 0.004 (0.004)
2024-04-23 21:04:37,517 - train - INFO - Train: 17 [ 600/781 ( 77%)]  Loss:  4.438576 (4.2448)  Time: 0.310s,  413.07/s  (0.314s,  407.51/s)  LR: 4.961e-04  Data: 0.004 (0.004)
2024-04-23 21:04:53,450 - train - INFO - Train: 17 [ 650/781 ( 83%)]  Loss:  3.917831 (4.2428)  Time: 0.308s,  415.04/s  (0.314s,  407.06/s)  LR: 4.961e-04  Data: 0.004 (0.004)
2024-04-23 21:05:09,408 - train - INFO - Train: 17 [ 700/781 ( 90%)]  Loss:  4.242908 (4.2432)  Time: 0.334s,  383.42/s  (0.315s,  406.62/s)  LR: 4.961e-04  Data: 0.004 (0.004)
2024-04-23 21:05:24,526 - train - INFO - Train: 17 [ 750/781 ( 96%)]  Loss:  4.528822 (4.2440)  Time: 0.342s,  374.05/s  (0.314s,  407.70/s)  LR: 4.961e-04  Data: 0.004 (0.004)
2024-04-23 21:05:34,149 - train - INFO - Train: 17 [ 780/781 (100%)]  Loss:  4.539173 (4.2454)  Time: 0.300s,  426.11/s  (0.314s,  407.36/s)  LR: 4.961e-04  Data: 0.000 (0.004)
2024-04-23 21:05:34,359 - train - INFO - Test: [   0/78]  Time: 0.209 (0.209)  Loss:  1.5127 (1.5127)  Acc@1: 64.8438 (64.8438)  Acc@5: 85.9375 (85.9375)
2024-04-23 21:05:39,906 - train - INFO - Test: [  50/78]  Time: 0.112 (0.113)  Loss:  2.7148 (2.4092)  Acc@1: 42.9688 (44.7917)  Acc@5: 62.5000 (71.6146)
2024-04-23 21:05:42,996 - train - INFO - Test: [  78/78]  Time: 0.082 (0.112)  Loss:  2.6777 (2.4238)  Acc@1: 31.2500 (44.1800)  Acc@5: 68.7500 (71.5400)
2024-04-23 21:05:43,515 - train - INFO - Train: 18 [   0/781 (  0%)]  Loss:  4.380466 (4.3805)  Time: 0.446s,  286.90/s  (0.446s,  286.90/s)  LR: 4.957e-04  Data: 0.122 (0.122)
2024-04-23 21:05:59,457 - train - INFO - Train: 18 [  50/781 (  6%)]  Loss:  4.452275 (4.2558)  Time: 0.311s,  410.94/s  (0.321s,  398.35/s)  LR: 4.957e-04  Data: 0.005 (0.007)
2024-04-23 21:06:14,596 - train - INFO - Train: 18 [ 100/781 ( 13%)]  Loss:  3.893446 (4.2254)  Time: 0.305s,  419.76/s  (0.312s,  410.08/s)  LR: 4.957e-04  Data: 0.004 (0.005)
2024-04-23 21:06:30,530 - train - INFO - Train: 18 [ 150/781 ( 19%)]  Loss:  3.832592 (4.2188)  Time: 0.306s,  417.62/s  (0.314s,  407.26/s)  LR: 4.957e-04  Data: 0.004 (0.005)
2024-04-23 21:06:46,433 - train - INFO - Train: 18 [ 200/781 ( 26%)]  Loss:  4.122016 (4.2186)  Time: 0.340s,  376.65/s  (0.315s,  406.05/s)  LR: 4.957e-04  Data: 0.004 (0.005)
2024-04-23 21:07:01,579 - train - INFO - Train: 18 [ 250/781 ( 32%)]  Loss:  4.536194 (4.2088)  Time: 0.315s,  406.25/s  (0.313s,  409.24/s)  LR: 4.957e-04  Data: 0.005 (0.005)
2024-04-23 21:07:17,555 - train - INFO - Train: 18 [ 300/781 ( 38%)]  Loss:  4.685105 (4.2112)  Time: 0.316s,  404.92/s  (0.314s,  407.78/s)  LR: 4.957e-04  Data: 0.004 (0.005)
2024-04-23 21:07:33,384 - train - INFO - Train: 18 [ 350/781 ( 45%)]  Loss:  4.211317 (4.2178)  Time: 0.347s,  369.23/s  (0.314s,  407.29/s)  LR: 4.957e-04  Data: 0.004 (0.004)
2024-04-23 21:07:49,064 - train - INFO - Train: 18 [ 400/781 ( 51%)]  Loss:  4.287845 (4.2207)  Time: 0.281s,  455.75/s  (0.314s,  407.40/s)  LR: 4.957e-04  Data: 0.004 (0.004)
2024-04-23 21:08:04,332 - train - INFO - Train: 18 [ 450/781 ( 58%)]  Loss:  4.682003 (4.2322)  Time: 0.306s,  417.81/s  (0.313s,  408.68/s)  LR: 4.957e-04  Data: 0.004 (0.004)
2024-04-23 21:08:20,318 - train - INFO - Train: 18 [ 500/781 ( 64%)]  Loss:  3.856260 (4.2261)  Time: 0.314s,  408.26/s  (0.314s,  407.83/s)  LR: 4.957e-04  Data: 0.004 (0.004)
2024-04-23 21:08:36,289 - train - INFO - Train: 18 [ 550/781 ( 71%)]  Loss:  4.373882 (4.2306)  Time: 0.309s,  414.52/s  (0.314s,  407.18/s)  LR: 4.957e-04  Data: 0.004 (0.004)
2024-04-23 21:08:51,499 - train - INFO - Train: 18 [ 600/781 ( 77%)]  Loss:  3.966040 (4.2289)  Time: 0.342s,  374.08/s  (0.314s,  408.28/s)  LR: 4.957e-04  Data: 0.004 (0.004)
2024-04-23 21:09:07,595 - train - INFO - Train: 18 [ 650/781 ( 83%)]  Loss:  3.933123 (4.2260)  Time: 0.347s,  368.89/s  (0.314s,  407.44/s)  LR: 4.957e-04  Data: 0.004 (0.004)
2024-04-23 21:09:23,601 - train - INFO - Train: 18 [ 700/781 ( 90%)]  Loss:  4.668230 (4.2248)  Time: 0.342s,  374.29/s  (0.315s,  406.89/s)  LR: 4.957e-04  Data: 0.004 (0.004)
2024-04-23 21:09:38,688 - train - INFO - Train: 18 [ 750/781 ( 96%)]  Loss:  4.005066 (4.2218)  Time: 0.314s,  408.04/s  (0.314s,  408.00/s)  LR: 4.957e-04  Data: 0.004 (0.004)
2024-04-23 21:09:48,301 - train - INFO - Train: 18 [ 780/781 (100%)]  Loss:  4.317446 (4.2241)  Time: 0.336s,  380.65/s  (0.314s,  407.67/s)  LR: 4.957e-04  Data: 0.000 (0.004)
2024-04-23 21:09:48,457 - train - INFO - Test: [   0/78]  Time: 0.154 (0.154)  Loss:  1.2812 (1.2812)  Acc@1: 73.4375 (73.4375)  Acc@5: 90.6250 (90.6250)
2024-04-23 21:09:54,030 - train - INFO - Test: [  50/78]  Time: 0.111 (0.112)  Loss:  2.6289 (2.4059)  Acc@1: 39.0625 (44.7151)  Acc@5: 67.9688 (72.2120)
2024-04-23 21:09:57,131 - train - INFO - Test: [  78/78]  Time: 0.057 (0.112)  Loss:  3.0195 (2.4246)  Acc@1: 25.0000 (44.5500)  Acc@5: 56.2500 (71.8600)
2024-04-23 21:09:57,666 - train - INFO - Train: 19 [   0/781 (  0%)]  Loss:  4.573341 (4.5733)  Time: 0.465s,  275.06/s  (0.465s,  275.06/s)  LR: 4.952e-04  Data: 0.128 (0.128)
2024-04-23 21:10:13,595 - train - INFO - Train: 19 [  50/781 (  6%)]  Loss:  3.944654 (4.2489)  Time: 0.336s,  381.10/s  (0.321s,  398.21/s)  LR: 4.952e-04  Data: 0.004 (0.006)
2024-04-23 21:10:28,673 - train - INFO - Train: 19 [ 100/781 ( 13%)]  Loss:  3.649472 (4.2442)  Time: 0.310s,  413.36/s  (0.312s,  410.80/s)  LR: 4.952e-04  Data: 0.004 (0.005)
2024-04-23 21:10:44,886 - train - INFO - Train: 19 [ 150/781 ( 19%)]  Loss:  4.121387 (4.2331)  Time: 0.316s,  405.31/s  (0.316s,  405.35/s)  LR: 4.952e-04  Data: 0.005 (0.005)
2024-04-23 21:11:01,044 - train - INFO - Train: 19 [ 200/781 ( 26%)]  Loss:  4.293280 (4.2203)  Time: 0.308s,  415.86/s  (0.318s,  403.01/s)  LR: 4.952e-04  Data: 0.004 (0.005)
