2024-04-01 09:24:13,734 - train - INFO - Training with a single process on 1 GPUs.
2024-04-01 09:24:27,136 - train - INFO - Model vit_7_4_32_c100 created, param count:3740147
2024-04-01 09:24:27,151 - train - INFO - Using native Torch AMP. Training in mixed precision.
2024-04-01 09:24:27,151 - train - INFO - Scheduled epochs: 310
2024-04-01 09:24:29,546 - train - INFO - Verifying teacher model
2024-04-01 09:24:30,460 - train - INFO - Test: [   0/78]  Time: 0.912 (0.912)  Loss:  0.9883 (0.9883)  Acc@1: 78.1250 (78.1250)  Acc@5: 92.9688 (92.9688)
2024-04-01 09:24:31,914 - train - INFO - Test: [  50/78]  Time: 0.020 (0.046)  Loss:  1.1338 (1.0698)  Acc@1: 72.6562 (74.2494)  Acc@5: 92.9688 (93.3977)
2024-04-01 09:24:32,765 - train - INFO - Test: [  78/78]  Time: 0.169 (0.041)  Loss:  0.7583 (1.0538)  Acc@1: 87.5000 (74.7800)  Acc@5: 87.5000 (93.6000)
2024-04-01 09:24:32,774 - train - INFO - Verifying initial model
2024-04-01 09:24:34,218 - train - INFO - Test: [   0/78]  Time: 1.443 (1.443)  Loss:  4.6797 (4.6797)  Acc@1:  1.5625 ( 1.5625)  Acc@5:  4.6875 ( 4.6875)
2024-04-01 09:25:44,523 - train - INFO - Test: [  50/78]  Time: 1.371 (1.407)  Loss:  4.5859 (4.6320)  Acc@1:  1.5625 ( 1.1029)  Acc@5:  7.0312 ( 5.9130)
2024-04-01 09:26:23,593 - train - INFO - Test: [  78/78]  Time: 1.428 (1.403)  Loss:  4.5781 (4.6372)  Acc@1:  0.0000 ( 1.0400)  Acc@5: 12.5000 ( 5.7300)
2024-04-01 09:26:25,834 - train - INFO - Train: 0 [   0/390 (  0%)]  Loss:  4.645504 (4.6455)  Time: 2.221s,   57.62/s  (2.221s,   57.62/s)  LR: 1.000e-05  Data: 0.553 (0.553)
2024-04-01 09:27:40,547 - train - INFO - Train: 0 [  50/390 ( 13%)]  Loss:  4.628389 (4.6355)  Time: 1.471s,   87.03/s  (1.508s,   84.85/s)  LR: 1.000e-05  Data: 0.003 (0.017)
2024-04-01 09:28:56,336 - train - INFO - Train: 0 [ 100/390 ( 26%)]  Loss:  4.614254 (4.6226)  Time: 1.472s,   86.98/s  (1.512s,   84.65/s)  LR: 1.000e-05  Data: 0.008 (0.012)
2024-04-01 09:30:11,549 - train - INFO - Train: 0 [ 150/390 ( 39%)]  Loss:  4.599095 (4.6156)  Time: 1.812s,   70.64/s  (1.509s,   84.80/s)  LR: 1.000e-05  Data: 0.009 (0.010)
2024-04-01 09:31:29,352 - train - INFO - Train: 0 [ 200/390 ( 51%)]  Loss:  4.595552 (4.6098)  Time: 1.828s,   70.03/s  (1.521s,   84.15/s)  LR: 1.000e-05  Data: 0.008 (0.009)
2024-04-01 09:32:43,724 - train - INFO - Train: 0 [ 250/390 ( 64%)]  Loss:  4.583919 (4.6054)  Time: 1.531s,   83.58/s  (1.514s,   84.53/s)  LR: 1.000e-05  Data: 0.006 (0.009)
2024-04-01 09:34:00,483 - train - INFO - Train: 0 [ 300/390 ( 77%)]  Loss:  4.590352 (4.6022)  Time: 1.491s,   85.86/s  (1.518s,   84.33/s)  LR: 1.000e-05  Data: 0.004 (0.008)
2024-04-01 09:35:13,438 - train - INFO - Train: 0 [ 350/390 ( 90%)]  Loss:  4.589634 (4.5993)  Time: 1.489s,   85.94/s  (1.509s,   84.80/s)  LR: 1.000e-05  Data: 0.008 (0.008)
2024-04-01 09:36:13,984 - train - INFO - Train: 0 [ 389/390 (100%)]  Loss:  4.562173 (4.5969)  Time: 1.456s,   87.94/s  (1.514s,   84.56/s)  LR: 1.000e-05  Data: 0.000 (0.008)
2024-04-01 09:36:15,372 - train - INFO - Test: [   0/78]  Time: 1.387 (1.387)  Loss:  4.4961 (4.4961)  Acc@1:  4.6875 ( 4.6875)  Acc@5: 21.0938 (21.0938)
2024-04-01 09:37:29,692 - train - INFO - Test: [  50/78]  Time: 1.782 (1.484)  Loss:  4.5039 (4.5020)  Acc@1:  3.1250 ( 3.2629)  Acc@5: 10.9375 (14.9663)
2024-04-01 09:38:17,868 - train - INFO - Test: [  78/78]  Time: 1.735 (1.568)  Loss:  4.5117 (4.5026)  Acc@1:  6.2500 ( 3.0700)  Acc@5: 12.5000 (14.7100)
2024-04-01 09:38:20,040 - train - INFO - Train: 1 [   0/390 (  0%)]  Loss:  4.538675 (4.5387)  Time: 1.907s,   67.12/s  (1.907s,   67.12/s)  LR: 6.400e-05  Data: 0.129 (0.129)
2024-04-01 09:39:49,306 - train - INFO - Train: 1 [  50/390 ( 13%)]  Loss:  4.579826 (4.5647)  Time: 1.802s,   71.04/s  (1.788s,   71.60/s)  LR: 6.400e-05  Data: 0.020 (0.011)
2024-04-01 09:41:12,570 - train - INFO - Train: 1 [ 100/390 ( 26%)]  Loss:  4.544433 (4.5538)  Time: 1.505s,   85.03/s  (1.727s,   74.12/s)  LR: 6.400e-05  Data: 0.004 (0.010)
2024-04-01 09:42:25,864 - train - INFO - Train: 1 [ 150/390 ( 39%)]  Loss:  4.550761 (4.5465)  Time: 1.387s,   92.26/s  (1.641s,   78.02/s)  LR: 6.400e-05  Data: 0.008 (0.009)
2024-04-01 09:43:43,723 - train - INFO - Train: 1 [ 200/390 ( 51%)]  Loss:  4.474520 (4.5339)  Time: 1.370s,   93.45/s  (1.620s,   79.02/s)  LR: 6.400e-05  Data: 0.012 (0.009)
2024-04-01 09:45:00,348 - train - INFO - Train: 1 [ 250/390 ( 64%)]  Loss:  4.478866 (4.5226)  Time: 1.466s,   87.30/s  (1.602s,   79.88/s)  LR: 6.400e-05  Data: 0.004 (0.008)
2024-04-01 09:46:13,475 - train - INFO - Train: 1 [ 300/390 ( 77%)]  Loss:  4.414282 (4.5118)  Time: 1.514s,   84.53/s  (1.579s,   81.06/s)  LR: 6.400e-05  Data: 0.004 (0.008)
2024-04-01 09:47:28,913 - train - INFO - Train: 1 [ 350/390 ( 90%)]  Loss:  4.368432 (4.5027)  Time: 1.699s,   75.35/s  (1.569s,   81.57/s)  LR: 6.400e-05  Data: 0.003 (0.008)
2024-04-01 09:48:38,975 - train - INFO - Train: 1 [ 389/390 (100%)]  Loss:  4.463986 (4.4962)  Time: 1.860s,   68.83/s  (1.592s,   80.41/s)  LR: 6.400e-05  Data: 0.000 (0.007)
2024-04-01 09:48:40,619 - train - INFO - Test: [   0/78]  Time: 1.642 (1.642)  Loss:  4.0898 (4.0898)  Acc@1:  7.8125 ( 7.8125)  Acc@5: 32.0312 (32.0312)
2024-04-01 09:50:05,365 - train - INFO - Test: [  50/78]  Time: 1.741 (1.694)  Loss:  4.1523 (4.0891)  Acc@1:  8.5938 ( 9.8652)  Acc@5: 25.7812 (28.8603)
2024-04-01 09:50:52,393 - train - INFO - Test: [  78/78]  Time: 1.682 (1.689)  Loss:  3.9570 (4.0846)  Acc@1: 12.5000 ( 9.9000)  Acc@5: 37.5000 (29.0700)
2024-04-01 09:50:54,594 - train - INFO - Train: 2 [   0/390 (  0%)]  Loss:  4.428978 (4.4290)  Time: 1.885s,   67.92/s  (1.885s,   67.92/s)  LR: 1.180e-04  Data: 0.156 (0.156)
2024-04-01 09:52:32,199 - train - INFO - Train: 2 [  50/390 ( 13%)]  Loss:  4.498698 (4.4077)  Time: 2.063s,   62.04/s  (1.951s,   65.62/s)  LR: 1.180e-04  Data: 0.012 (0.011)
2024-04-01 09:54:16,319 - train - INFO - Train: 2 [ 100/390 ( 26%)]  Loss:  4.438351 (4.4016)  Time: 2.161s,   59.22/s  (2.016s,   63.50/s)  LR: 1.180e-04  Data: 0.021 (0.010)
2024-04-01 09:56:00,325 - train - INFO - Train: 2 [ 150/390 ( 39%)]  Loss:  4.398520 (4.3938)  Time: 2.049s,   62.46/s  (2.037s,   62.83/s)  LR: 1.180e-04  Data: 0.004 (0.009)
2024-04-01 09:57:44,253 - train - INFO - Train: 2 [ 200/390 ( 51%)]  Loss:  4.438674 (4.3788)  Time: 2.082s,   61.48/s  (2.047s,   62.52/s)  LR: 1.180e-04  Data: 0.020 (0.010)
2024-04-01 09:59:18,797 - train - INFO - Train: 2 [ 250/390 ( 64%)]  Loss:  4.424655 (4.3724)  Time: 2.109s,   60.69/s  (2.016s,   63.48/s)  LR: 1.180e-04  Data: 0.012 (0.009)
2024-04-01 10:01:03,540 - train - INFO - Train: 2 [ 300/390 ( 77%)]  Loss:  4.340974 (4.3639)  Time: 2.132s,   60.04/s  (2.029s,   63.08/s)  LR: 1.180e-04  Data: 0.012 (0.009)
2024-04-01 10:02:49,138 - train - INFO - Train: 2 [ 350/390 ( 90%)]  Loss:  4.074372 (4.3541)  Time: 2.175s,   58.85/s  (2.041s,   62.71/s)  LR: 1.180e-04  Data: 0.008 (0.009)
2024-04-01 10:04:10,306 - train - INFO - Train: 2 [ 389/390 (100%)]  Loss:  4.259692 (4.3475)  Time: 2.007s,   63.76/s  (2.045s,   62.59/s)  LR: 1.180e-04  Data: 0.000 (0.009)
2024-04-01 10:04:12,230 - train - INFO - Test: [   0/78]  Time: 1.922 (1.922)  Loss:  3.7090 (3.7090)  Acc@1: 17.1875 (17.1875)  Acc@5: 45.3125 (45.3125)
2024-04-01 10:05:51,222 - train - INFO - Test: [  50/78]  Time: 2.046 (1.979)  Loss:  3.8125 (3.7057)  Acc@1:  9.3750 (16.2071)  Acc@5: 36.7188 (42.8922)
2024-04-01 10:06:45,420 - train - INFO - Test: [  78/78]  Time: 1.994 (1.963)  Loss:  3.6777 (3.7024)  Acc@1: 31.2500 (16.3500)  Acc@5: 50.0000 (42.8700)
2024-04-01 10:06:47,957 - train - INFO - Train: 3 [   0/390 (  0%)]  Loss:  4.318666 (4.3187)  Time: 2.285s,   56.01/s  (2.285s,   56.01/s)  LR: 1.720e-04  Data: 0.189 (0.189)
2024-04-01 10:08:30,817 - train - INFO - Train: 3 [  50/390 ( 13%)]  Loss:  4.334943 (4.2708)  Time: 2.074s,   61.72/s  (2.062s,   62.09/s)  LR: 1.720e-04  Data: 0.017 (0.013)
2024-04-01 10:10:13,421 - train - INFO - Train: 3 [ 100/390 ( 26%)]  Loss:  4.269534 (4.2657)  Time: 2.035s,   62.90/s  (2.057s,   62.23/s)  LR: 1.720e-04  Data: 0.003 (0.012)
2024-04-01 10:12:09,569 - train - INFO - Train: 3 [ 150/390 ( 39%)]  Loss:  4.214258 (4.2608)  Time: 2.517s,   50.85/s  (2.145s,   59.67/s)  LR: 1.720e-04  Data: 0.017 (0.011)
2024-04-01 10:14:06,484 - train - INFO - Train: 3 [ 200/390 ( 51%)]  Loss:  4.300123 (4.2505)  Time: 2.489s,   51.43/s  (2.193s,   58.37/s)  LR: 1.720e-04  Data: 0.004 (0.011)
2024-04-01 10:16:04,142 - train - INFO - Train: 3 [ 250/390 ( 64%)]  Loss:  4.023958 (4.2407)  Time: 2.382s,   53.73/s  (2.225s,   57.53/s)  LR: 1.720e-04  Data: 0.004 (0.011)
2024-04-01 10:18:00,852 - train - INFO - Train: 3 [ 300/390 ( 77%)]  Loss:  4.172035 (4.2339)  Time: 2.357s,   54.31/s  (2.243s,   57.06/s)  LR: 1.720e-04  Data: 0.004 (0.011)
2024-04-01 10:19:56,718 - train - INFO - Train: 3 [ 350/390 ( 90%)]  Loss:  4.345032 (4.2211)  Time: 1.959s,   65.35/s  (2.254s,   56.80/s)  LR: 1.720e-04  Data: 0.004 (0.010)
2024-04-01 10:21:27,416 - train - INFO - Train: 3 [ 389/390 (100%)]  Loss:  3.997373 (4.2158)  Time: 2.352s,   54.42/s  (2.261s,   56.62/s)  LR: 1.720e-04  Data: 0.000 (0.010)
2024-04-01 10:21:29,633 - train - INFO - Test: [   0/78]  Time: 2.215 (2.215)  Loss:  3.4102 (3.4102)  Acc@1: 21.0938 (21.0938)  Acc@5: 53.1250 (53.1250)
2024-04-01 10:23:26,753 - train - INFO - Test: [  50/78]  Time: 3.090 (2.340)  Loss:  3.4551 (3.3865)  Acc@1: 21.0938 (22.2886)  Acc@5: 49.2188 (52.7114)
2024-04-01 10:24:34,442 - train - INFO - Test: [  78/78]  Time: 2.320 (2.367)  Loss:  3.2656 (3.3832)  Acc@1: 43.7500 (22.1700)  Acc@5: 62.5000 (52.4800)
2024-04-01 10:24:37,310 - train - INFO - Train: 4 [   0/390 (  0%)]  Loss:  4.041749 (4.0417)  Time: 2.606s,   49.11/s  (2.606s,   49.11/s)  LR: 2.260e-04  Data: 0.295 (0.295)
2024-04-01 10:26:34,566 - train - INFO - Train: 4 [  50/390 ( 13%)]  Loss:  4.103032 (4.1408)  Time: 2.408s,   53.16/s  (2.350s,   54.46/s)  LR: 2.260e-04  Data: 0.026 (0.017)
2024-04-01 10:28:33,735 - train - INFO - Train: 4 [ 100/390 ( 26%)]  Loss:  4.366107 (4.1616)  Time: 2.466s,   51.91/s  (2.367s,   54.09/s)  LR: 2.260e-04  Data: 0.017 (0.013)
2024-04-01 10:30:31,524 - train - INFO - Train: 4 [ 150/390 ( 39%)]  Loss:  4.214175 (4.1601)  Time: 2.355s,   54.36/s  (2.363s,   54.17/s)  LR: 2.260e-04  Data: 0.003 (0.011)
2024-04-01 10:32:28,083 - train - INFO - Train: 4 [ 200/390 ( 51%)]  Loss:  4.256041 (4.1552)  Time: 2.358s,   54.29/s  (2.355s,   54.35/s)  LR: 2.260e-04  Data: 0.004 (0.011)
2024-04-01 10:34:24,284 - train - INFO - Train: 4 [ 250/390 ( 64%)]  Loss:  3.876642 (4.1484)  Time: 2.485s,   51.51/s  (2.349s,   54.50/s)  LR: 2.260e-04  Data: 0.022 (0.011)
2024-04-01 10:36:20,845 - train - INFO - Train: 4 [ 300/390 ( 77%)]  Loss:  3.837618 (4.1403)  Time: 2.360s,   54.23/s  (2.346s,   54.56/s)  LR: 2.260e-04  Data: 0.023 (0.011)
2024-04-01 10:38:17,590 - train - INFO - Train: 4 [ 350/390 ( 90%)]  Loss:  4.371996 (4.1330)  Time: 2.429s,   52.70/s  (2.344s,   54.60/s)  LR: 2.260e-04  Data: 0.004 (0.011)
2024-04-01 10:39:43,665 - train - INFO - Train: 4 [ 389/390 (100%)]  Loss:  4.008499 (4.1275)  Time: 2.089s,   61.26/s  (2.331s,   54.92/s)  LR: 2.260e-04  Data: 0.000 (0.010)
2024-04-01 10:39:45,585 - train - INFO - Test: [   0/78]  Time: 1.917 (1.917)  Loss:  3.2168 (3.2168)  Acc@1: 22.6562 (22.6562)  Acc@5: 56.2500 (56.2500)
2024-04-01 10:41:24,575 - train - INFO - Test: [  50/78]  Time: 2.031 (1.979)  Loss:  3.2715 (3.2051)  Acc@1: 24.2188 (26.6238)  Acc@5: 52.3438 (56.3113)
2024-04-01 10:42:20,463 - train - INFO - Test: [  78/78]  Time: 2.019 (1.985)  Loss:  3.0508 (3.2023)  Acc@1: 37.5000 (26.7200)  Acc@5: 62.5000 (56.3400)
2024-04-01 10:42:22,960 - train - INFO - Train: 5 [   0/390 (  0%)]  Loss:  3.884100 (3.8841)  Time: 2.296s,   55.74/s  (2.296s,   55.74/s)  LR: 2.800e-04  Data: 0.266 (0.266)
2024-04-01 10:44:06,079 - train - INFO - Train: 5 [  50/390 ( 13%)]  Loss:  4.289598 (4.0637)  Time: 2.221s,   57.64/s  (2.067s,   61.93/s)  LR: 2.800e-04  Data: 0.019 (0.013)
2024-04-01 10:45:51,495 - train - INFO - Train: 5 [ 100/390 ( 26%)]  Loss:  4.226321 (4.0496)  Time: 2.076s,   61.65/s  (2.087s,   61.32/s)  LR: 2.800e-04  Data: 0.036 (0.012)
2024-04-01 10:47:34,367 - train - INFO - Train: 5 [ 150/390 ( 39%)]  Loss:  4.183969 (4.0503)  Time: 2.053s,   62.36/s  (2.077s,   61.61/s)  LR: 2.800e-04  Data: 0.043 (0.011)
2024-04-01 10:49:16,860 - train - INFO - Train: 5 [ 200/390 ( 51%)]  Loss:  3.792747 (4.0413)  Time: 2.054s,   62.32/s  (2.071s,   61.82/s)  LR: 2.800e-04  Data: 0.012 (0.011)
2024-04-01 10:50:59,543 - train - INFO - Train: 5 [ 250/390 ( 64%)]  Loss:  4.029353 (4.0428)  Time: 2.024s,   63.23/s  (2.067s,   61.92/s)  LR: 2.800e-04  Data: 0.021 (0.011)
2024-04-01 10:52:42,531 - train - INFO - Train: 5 [ 300/390 ( 77%)]  Loss:  3.936500 (4.0509)  Time: 2.054s,   62.31/s  (2.066s,   61.96/s)  LR: 2.800e-04  Data: 0.019 (0.010)
2024-04-01 10:54:24,070 - train - INFO - Train: 5 [ 350/390 ( 90%)]  Loss:  3.808437 (4.0495)  Time: 2.120s,   60.37/s  (2.061s,   62.11/s)  LR: 2.800e-04  Data: 0.016 (0.010)
2024-04-01 10:55:45,024 - train - INFO - Train: 5 [ 389/390 (100%)]  Loss:  4.122536 (4.0457)  Time: 2.133s,   60.02/s  (2.062s,   62.06/s)  LR: 2.800e-04  Data: 0.000 (0.010)
2024-04-01 10:55:47,043 - train - INFO - Test: [   0/78]  Time: 2.004 (2.004)  Loss:  3.0137 (3.0137)  Acc@1: 30.4688 (30.4688)  Acc@5: 57.8125 (57.8125)
2024-04-01 10:57:27,775 - train - INFO - Test: [  50/78]  Time: 2.256 (2.014)  Loss:  3.1055 (3.0270)  Acc@1: 26.5625 (29.1667)  Acc@5: 52.3438 (59.3597)
2024-04-01 10:58:32,412 - train - INFO - Test: [  78/78]  Time: 2.483 (2.119)  Loss:  2.8516 (3.0288)  Acc@1: 43.7500 (28.9800)  Acc@5: 68.7500 (59.1200)
2024-04-01 10:58:35,106 - train - INFO - Train: 6 [   0/390 (  0%)]  Loss:  4.194998 (4.1950)  Time: 2.419s,   52.91/s  (2.419s,   52.91/s)  LR: 3.340e-04  Data: 0.166 (0.166)
2024-04-01 11:00:35,000 - train - INFO - Train: 6 [  50/390 ( 13%)]  Loss:  3.845481 (4.0289)  Time: 2.417s,   52.96/s  (2.398s,   53.37/s)  LR: 3.340e-04  Data: 0.024 (0.013)
2024-04-01 11:02:34,109 - train - INFO - Train: 6 [ 100/390 ( 26%)]  Loss:  4.149756 (4.0317)  Time: 2.456s,   52.11/s  (2.390s,   53.55/s)  LR: 3.340e-04  Data: 0.017 (0.012)
2024-04-01 11:04:34,747 - train - INFO - Train: 6 [ 150/390 ( 39%)]  Loss:  3.917491 (4.0136)  Time: 2.413s,   53.06/s  (2.398s,   53.38/s)  LR: 3.340e-04  Data: 0.006 (0.010)
2024-04-01 11:06:31,055 - train - INFO - Train: 6 [ 200/390 ( 51%)]  Loss:  3.669798 (4.0201)  Time: 2.411s,   53.09/s  (2.380s,   53.78/s)  LR: 3.340e-04  Data: 0.008 (0.011)
2024-04-01 11:08:28,025 - train - INFO - Train: 6 [ 250/390 ( 64%)]  Loss:  4.289781 (4.0081)  Time: 2.260s,   56.65/s  (2.372s,   53.97/s)  LR: 3.340e-04  Data: 0.004 (0.011)
2024-04-01 11:10:27,454 - train - INFO - Train: 6 [ 300/390 ( 77%)]  Loss:  3.805101 (4.0037)  Time: 2.324s,   55.09/s  (2.375s,   53.91/s)  LR: 3.340e-04  Data: 0.004 (0.010)
2024-04-01 11:12:25,736 - train - INFO - Train: 6 [ 350/390 ( 90%)]  Loss:  4.175642 (4.0028)  Time: 2.475s,   51.71/s  (2.373s,   53.94/s)  LR: 3.340e-04  Data: 0.015 (0.011)
2024-04-01 11:13:58,197 - train - INFO - Train: 6 [ 389/390 (100%)]  Loss:  3.964767 (3.9965)  Time: 2.385s,   53.68/s  (2.373s,   53.94/s)  LR: 3.340e-04  Data: 0.000 (0.011)
2024-04-01 11:14:00,649 - train - INFO - Test: [   0/78]  Time: 2.450 (2.450)  Loss:  2.8457 (2.8457)  Acc@1: 33.5938 (33.5938)  Acc@5: 64.0625 (64.0625)
2024-04-01 11:15:52,847 - train - INFO - Test: [  50/78]  Time: 2.273 (2.248)  Loss:  2.9258 (2.8740)  Acc@1: 28.1250 (32.4295)  Acc@5: 61.7188 (63.2047)
2024-04-01 11:16:56,485 - train - INFO - Test: [  78/78]  Time: 2.222 (2.256)  Loss:  2.8594 (2.8708)  Acc@1: 37.5000 (32.3700)  Acc@5: 68.7500 (62.8800)
2024-04-01 11:16:59,289 - train - INFO - Train: 7 [   0/390 (  0%)]  Loss:  3.665075 (3.6651)  Time: 2.374s,   53.92/s  (2.374s,   53.92/s)  LR: 3.880e-04  Data: 0.115 (0.115)
2024-04-01 11:18:57,675 - train - INFO - Train: 7 [  50/390 ( 13%)]  Loss:  3.970715 (3.9170)  Time: 2.413s,   53.04/s  (2.368s,   54.06/s)  LR: 3.880e-04  Data: 0.016 (0.012)
2024-04-01 11:20:56,347 - train - INFO - Train: 7 [ 100/390 ( 26%)]  Loss:  4.005011 (3.9584)  Time: 2.481s,   51.60/s  (2.371s,   54.00/s)  LR: 3.880e-04  Data: 0.005 (0.012)
2024-04-01 11:22:54,786 - train - INFO - Train: 7 [ 150/390 ( 39%)]  Loss:  4.092186 (3.9582)  Time: 2.398s,   53.38/s  (2.370s,   54.01/s)  LR: 3.880e-04  Data: 0.008 (0.012)
2024-04-01 11:24:53,128 - train - INFO - Train: 7 [ 200/390 ( 51%)]  Loss:  3.710320 (3.9759)  Time: 2.294s,   55.79/s  (2.369s,   54.03/s)  LR: 3.880e-04  Data: 0.004 (0.012)
2024-04-01 11:26:52,145 - train - INFO - Train: 7 [ 250/390 ( 64%)]  Loss:  4.167624 (3.9736)  Time: 2.470s,   51.83/s  (2.371s,   53.98/s)  LR: 3.880e-04  Data: 0.013 (0.012)
2024-04-01 11:28:50,105 - train - INFO - Train: 7 [ 300/390 ( 77%)]  Loss:  3.671944 (3.9727)  Time: 2.323s,   55.09/s  (2.369s,   54.02/s)  LR: 3.880e-04  Data: 0.007 (0.011)
2024-04-01 11:30:47,666 - train - INFO - Train: 7 [ 350/390 ( 90%)]  Loss:  3.711059 (3.9674)  Time: 2.237s,   57.22/s  (2.367s,   54.08/s)  LR: 3.880e-04  Data: 0.004 (0.011)
2024-04-01 11:32:19,823 - train - INFO - Train: 7 [ 389/390 (100%)]  Loss:  3.702960 (3.9654)  Time: 2.403s,   53.27/s  (2.366s,   54.09/s)  LR: 3.880e-04  Data: 0.000 (0.011)
2024-04-01 11:32:22,186 - train - INFO - Test: [   0/78]  Time: 2.357 (2.357)  Loss:  2.6250 (2.6250)  Acc@1: 43.7500 (43.7500)  Acc@5: 68.7500 (68.7500)
2024-04-01 11:34:13,761 - train - INFO - Test: [  50/78]  Time: 2.065 (2.234)  Loss:  2.7637 (2.7723)  Acc@1: 35.9375 (33.7163)  Acc@5: 64.0625 (64.8897)
2024-04-01 11:35:17,643 - train - INFO - Test: [  78/78]  Time: 2.202 (2.251)  Loss:  2.5352 (2.7742)  Acc@1: 43.7500 (33.5900)  Acc@5: 75.0000 (64.6900)
2024-04-01 11:35:20,483 - train - INFO - Train: 8 [   0/390 (  0%)]  Loss:  4.076839 (4.0768)  Time: 2.578s,   49.65/s  (2.578s,   49.65/s)  LR: 4.420e-04  Data: 0.152 (0.152)
2024-04-01 11:37:18,123 - train - INFO - Train: 8 [  50/390 ( 13%)]  Loss:  3.828730 (3.9106)  Time: 2.488s,   51.44/s  (2.357s,   54.30/s)  LR: 4.420e-04  Data: 0.012 (0.013)
2024-04-01 11:39:18,081 - train - INFO - Train: 8 [ 100/390 ( 26%)]  Loss:  4.136461 (3.9236)  Time: 2.458s,   52.07/s  (2.378s,   53.83/s)  LR: 4.420e-04  Data: 0.003 (0.012)
2024-04-01 11:41:18,625 - train - INFO - Train: 8 [ 150/390 ( 39%)]  Loss:  3.931825 (3.9220)  Time: 2.399s,   53.35/s  (2.389s,   53.58/s)  LR: 4.420e-04  Data: 0.004 (0.011)
2024-04-01 11:43:19,517 - train - INFO - Train: 8 [ 200/390 ( 51%)]  Loss:  4.022716 (3.9130)  Time: 2.470s,   51.82/s  (2.396s,   53.42/s)  LR: 4.420e-04  Data: 0.012 (0.011)
2024-04-01 11:45:21,500 - train - INFO - Train: 8 [ 250/390 ( 64%)]  Loss:  4.105997 (3.9091)  Time: 2.498s,   51.24/s  (2.405s,   53.23/s)  LR: 4.420e-04  Data: 0.020 (0.011)
2024-04-01 11:47:18,629 - train - INFO - Train: 8 [ 300/390 ( 77%)]  Loss:  3.620196 (3.9076)  Time: 2.405s,   53.22/s  (2.394s,   53.46/s)  LR: 4.420e-04  Data: 0.018 (0.011)
2024-04-01 11:49:17,214 - train - INFO - Train: 8 [ 350/390 ( 90%)]  Loss:  3.774798 (3.9097)  Time: 2.355s,   54.35/s  (2.391s,   53.53/s)  LR: 4.420e-04  Data: 0.023 (0.011)
2024-04-01 11:50:48,986 - train - INFO - Train: 8 [ 389/390 (100%)]  Loss:  3.551923 (3.9040)  Time: 2.334s,   54.83/s  (2.387s,   53.62/s)  LR: 4.420e-04  Data: 0.000 (0.011)
2024-04-01 11:50:51,421 - train - INFO - Test: [   0/78]  Time: 2.432 (2.432)  Loss:  2.5176 (2.5176)  Acc@1: 44.5312 (44.5312)  Acc@5: 71.8750 (71.8750)
2024-04-01 11:52:45,178 - train - INFO - Test: [  50/78]  Time: 2.086 (2.278)  Loss:  2.6211 (2.6185)  Acc@1: 32.8125 (36.8107)  Acc@5: 64.8438 (68.3670)
2024-04-01 11:53:48,257 - train - INFO - Test: [  78/78]  Time: 2.343 (2.269)  Loss:  2.3477 (2.6268)  Acc@1: 50.0000 (36.4600)  Acc@5: 75.0000 (68.1300)
2024-04-01 11:53:51,047 - train - INFO - Train: 9 [   0/390 (  0%)]  Loss:  3.756921 (3.7569)  Time: 2.413s,   53.04/s  (2.413s,   53.04/s)  LR: 4.960e-04  Data: 0.215 (0.215)
2024-04-01 11:55:49,528 - train - INFO - Train: 9 [  50/390 ( 13%)]  Loss:  3.598472 (3.8948)  Time: 2.266s,   56.48/s  (2.370s,   54.00/s)  LR: 4.960e-04  Data: 0.004 (0.014)
2024-04-01 11:57:48,374 - train - INFO - Train: 9 [ 100/390 ( 26%)]  Loss:  4.159764 (3.9024)  Time: 2.365s,   54.12/s  (2.374s,   53.93/s)  LR: 4.960e-04  Data: 0.042 (0.014)
2024-04-01 11:59:48,348 - train - INFO - Train: 9 [ 150/390 ( 39%)]  Loss:  4.059091 (3.9047)  Time: 2.336s,   54.80/s  (2.382s,   53.73/s)  LR: 4.960e-04  Data: 0.004 (0.013)
2024-04-01 12:01:47,607 - train - INFO - Train: 9 [ 200/390 ( 51%)]  Loss:  3.758546 (3.9042)  Time: 2.295s,   55.77/s  (2.383s,   53.72/s)  LR: 4.960e-04  Data: 0.021 (0.013)
2024-04-01 12:03:45,308 - train - INFO - Train: 9 [ 250/390 ( 64%)]  Loss:  3.655680 (3.9005)  Time: 2.194s,   58.33/s  (2.377s,   53.85/s)  LR: 4.960e-04  Data: 0.008 (0.012)
2024-04-01 12:05:42,706 - train - INFO - Train: 9 [ 300/390 ( 77%)]  Loss:  3.723509 (3.8886)  Time: 2.091s,   61.23/s  (2.372s,   53.96/s)  LR: 4.960e-04  Data: 0.004 (0.011)
2024-04-01 12:07:40,012 - train - INFO - Train: 9 [ 350/390 ( 90%)]  Loss:  3.915994 (3.8798)  Time: 2.502s,   51.15/s  (2.369s,   54.04/s)  LR: 4.960e-04  Data: 0.011 (0.011)
2024-04-01 12:09:12,989 - train - INFO - Train: 9 [ 389/390 (100%)]  Loss:  3.870289 (3.8847)  Time: 2.474s,   51.75/s  (2.370s,   54.01/s)  LR: 4.960e-04  Data: 0.000 (0.011)
2024-04-01 12:09:15,331 - train - INFO - Test: [   0/78]  Time: 2.339 (2.339)  Loss:  2.5449 (2.5449)  Acc@1: 41.4062 (41.4062)  Acc@5: 74.2188 (74.2188)
2024-04-01 12:11:09,076 - train - INFO - Test: [  50/78]  Time: 2.323 (2.276)  Loss:  2.5508 (2.5635)  Acc@1: 39.8438 (39.6140)  Acc@5: 71.0938 (70.1746)
2024-04-01 12:12:12,380 - train - INFO - Test: [  78/78]  Time: 1.944 (2.271)  Loss:  2.3145 (2.5676)  Acc@1: 50.0000 (39.4300)  Acc@5: 81.2500 (70.0700)
2024-04-01 12:12:15,102 - train - INFO - Train: 10 [   0/390 (  0%)]  Loss:  3.435855 (3.4359)  Time: 2.540s,   50.39/s  (2.540s,   50.39/s)  LR: 5.485e-04  Data: 0.255 (0.255)
2024-04-01 12:14:12,821 - train - INFO - Train: 10 [  50/390 ( 13%)]  Loss:  3.659846 (3.8570)  Time: 2.179s,   58.76/s  (2.358s,   54.29/s)  LR: 5.485e-04  Data: 0.004 (0.015)
2024-04-01 12:16:12,039 - train - INFO - Train: 10 [ 100/390 ( 26%)]  Loss:  3.645872 (3.8386)  Time: 2.601s,   49.22/s  (2.371s,   53.99/s)  LR: 5.485e-04  Data: 0.008 (0.013)
2024-04-01 12:18:09,556 - train - INFO - Train: 10 [ 150/390 ( 39%)]  Loss:  3.654870 (3.8321)  Time: 2.492s,   51.36/s  (2.364s,   54.14/s)  LR: 5.485e-04  Data: 0.003 (0.012)
2024-04-01 12:20:06,095 - train - INFO - Train: 10 [ 200/390 ( 51%)]  Loss:  3.767750 (3.8290)  Time: 2.365s,   54.12/s  (2.356s,   54.33/s)  LR: 5.485e-04  Data: 0.004 (0.011)
2024-04-01 12:22:06,224 - train - INFO - Train: 10 [ 250/390 ( 64%)]  Loss:  3.955830 (3.8364)  Time: 2.574s,   49.72/s  (2.365s,   54.12/s)  LR: 5.485e-04  Data: 0.006 (0.011)
2024-04-01 12:24:07,223 - train - INFO - Train: 10 [ 300/390 ( 77%)]  Loss:  3.770210 (3.8335)  Time: 2.378s,   53.83/s  (2.374s,   53.91/s)  LR: 5.485e-04  Data: 0.012 (0.012)
2024-04-01 12:26:07,198 - train - INFO - Train: 10 [ 350/390 ( 90%)]  Loss:  4.175638 (3.8344)  Time: 2.435s,   52.57/s  (2.378s,   53.83/s)  LR: 5.485e-04  Data: 0.011 (0.012)
2024-04-01 12:27:40,339 - train - INFO - Train: 10 [ 389/390 (100%)]  Loss:  3.455277 (3.8322)  Time: 2.234s,   57.31/s  (2.379s,   53.81/s)  LR: 5.485e-04  Data: 0.000 (0.012)
2024-04-01 12:27:42,652 - train - INFO - Test: [   0/78]  Time: 2.311 (2.311)  Loss:  2.4258 (2.4258)  Acc@1: 43.7500 (43.7500)  Acc@5: 71.0938 (71.0938)
2024-04-01 12:29:37,168 - train - INFO - Test: [  50/78]  Time: 2.373 (2.291)  Loss:  2.5410 (2.4949)  Acc@1: 41.4062 (38.1893)  Acc@5: 69.5312 (69.6998)
2024-04-01 12:30:40,609 - train - INFO - Test: [  78/78]  Time: 2.300 (2.282)  Loss:  2.4238 (2.5009)  Acc@1: 43.7500 (38.2200)  Acc@5: 62.5000 (69.5900)
2024-04-01 12:30:43,264 - train - INFO - Train: 11 [   0/390 (  0%)]  Loss:  4.119626 (4.1196)  Time: 2.410s,   53.12/s  (2.410s,   53.12/s)  LR: 5.482e-04  Data: 0.195 (0.195)
2024-04-01 12:32:43,319 - train - INFO - Train: 11 [  50/390 ( 13%)]  Loss:  4.064651 (3.8292)  Time: 2.303s,   55.58/s  (2.401s,   53.31/s)  LR: 5.482e-04  Data: 0.004 (0.013)
2024-04-01 12:34:41,385 - train - INFO - Train: 11 [ 100/390 ( 26%)]  Loss:  3.744113 (3.8132)  Time: 2.206s,   58.04/s  (2.381s,   53.75/s)  LR: 5.482e-04  Data: 0.008 (0.012)
2024-04-01 12:36:39,522 - train - INFO - Train: 11 [ 150/390 ( 39%)]  Loss:  4.013895 (3.8132)  Time: 2.155s,   59.40/s  (2.375s,   53.89/s)  LR: 5.482e-04  Data: 0.004 (0.011)
2024-04-01 12:38:37,726 - train - INFO - Train: 11 [ 200/390 ( 51%)]  Loss:  3.887315 (3.7909)  Time: 2.265s,   56.51/s  (2.372s,   53.95/s)  LR: 5.482e-04  Data: 0.003 (0.011)
2024-04-01 12:40:36,801 - train - INFO - Train: 11 [ 250/390 ( 64%)]  Loss:  3.999756 (3.7772)  Time: 2.477s,   51.67/s  (2.374s,   53.91/s)  LR: 5.482e-04  Data: 0.020 (0.010)
2024-04-01 12:42:35,261 - train - INFO - Train: 11 [ 300/390 ( 77%)]  Loss:  4.146760 (3.7762)  Time: 2.128s,   60.14/s  (2.373s,   53.93/s)  LR: 5.482e-04  Data: 0.025 (0.010)
2024-04-01 12:44:33,400 - train - INFO - Train: 11 [ 350/390 ( 90%)]  Loss:  3.392848 (3.7741)  Time: 2.421s,   52.87/s  (2.372s,   53.97/s)  LR: 5.482e-04  Data: 0.008 (0.011)
2024-04-01 12:46:06,941 - train - INFO - Train: 11 [ 389/390 (100%)]  Loss:  3.654870 (3.7779)  Time: 2.400s,   53.34/s  (2.374s,   53.91/s)  LR: 5.482e-04  Data: 0.000 (0.011)
2024-04-01 12:46:09,357 - train - INFO - Test: [   0/78]  Time: 2.406 (2.406)  Loss:  2.2793 (2.2793)  Acc@1: 48.4375 (48.4375)  Acc@5: 77.3438 (77.3438)
2024-04-01 12:48:03,703 - train - INFO - Test: [  50/78]  Time: 2.132 (2.289)  Loss:  2.3730 (2.3489)  Acc@1: 40.6250 (42.8462)  Acc@5: 74.2188 (73.5141)
2024-04-01 12:49:06,718 - train - INFO - Test: [  78/78]  Time: 2.199 (2.276)  Loss:  2.0195 (2.3551)  Acc@1: 68.7500 (42.7500)  Acc@5: 75.0000 (73.2500)
2024-04-01 12:49:09,461 - train - INFO - Train: 12 [   0/390 (  0%)]  Loss:  3.450944 (3.4509)  Time: 2.602s,   49.20/s  (2.602s,   49.20/s)  LR: 5.479e-04  Data: 0.259 (0.259)
2024-04-01 12:51:06,995 - train - INFO - Train: 12 [  50/390 ( 13%)]  Loss:  3.619447 (3.7688)  Time: 2.297s,   55.73/s  (2.356s,   54.34/s)  LR: 5.479e-04  Data: 0.018 (0.014)
2024-04-01 12:53:06,022 - train - INFO - Train: 12 [ 100/390 ( 26%)]  Loss:  3.804482 (3.7722)  Time: 2.280s,   56.13/s  (2.368s,   54.06/s)  LR: 5.479e-04  Data: 0.004 (0.010)
2024-04-01 12:55:04,336 - train - INFO - Train: 12 [ 150/390 ( 39%)]  Loss:  4.165030 (3.7792)  Time: 2.369s,   54.03/s  (2.367s,   54.07/s)  LR: 5.479e-04  Data: 0.008 (0.010)
2024-04-01 12:57:02,451 - train - INFO - Train: 12 [ 200/390 ( 51%)]  Loss:  3.761908 (3.7885)  Time: 2.388s,   53.61/s  (2.366s,   54.10/s)  LR: 5.479e-04  Data: 0.003 (0.010)
2024-04-01 12:59:01,404 - train - INFO - Train: 12 [ 250/390 ( 64%)]  Loss:  3.262725 (3.7637)  Time: 2.365s,   54.12/s  (2.369s,   54.04/s)  LR: 5.479e-04  Data: 0.003 (0.010)
2024-04-01 13:00:58,531 - train - INFO - Train: 12 [ 300/390 ( 77%)]  Loss:  4.023190 (3.7591)  Time: 2.284s,   56.05/s  (2.364s,   54.14/s)  LR: 5.479e-04  Data: 0.004 (0.010)
2024-04-01 13:02:59,032 - train - INFO - Train: 12 [ 350/390 ( 90%)]  Loss:  3.406934 (3.7477)  Time: 2.461s,   52.01/s  (2.371s,   53.99/s)  LR: 5.479e-04  Data: 0.025 (0.010)
2024-04-01 13:04:31,776 - train - INFO - Train: 12 [ 389/390 (100%)]  Loss:  3.873676 (3.7438)  Time: 2.401s,   53.31/s  (2.372s,   53.97/s)  LR: 5.479e-04  Data: 0.000 (0.010)
2024-04-01 13:04:34,107 - train - INFO - Test: [   0/78]  Time: 2.321 (2.321)  Loss:  2.1875 (2.1875)  Acc@1: 46.8750 (46.8750)  Acc@5: 81.2500 (81.2500)
2024-04-01 13:06:28,897 - train - INFO - Test: [  50/78]  Time: 2.278 (2.296)  Loss:  2.3457 (2.2880)  Acc@1: 42.1875 (44.0411)  Acc@5: 73.4375 (74.8775)
2024-04-01 13:07:33,198 - train - INFO - Test: [  78/78]  Time: 2.335 (2.296)  Loss:  1.9775 (2.2927)  Acc@1: 56.2500 (43.8100)  Acc@5: 75.0000 (74.6400)
2024-04-01 13:07:35,830 - train - INFO - Train: 13 [   0/390 (  0%)]  Loss:  3.301597 (3.3016)  Time: 2.516s,   50.87/s  (2.516s,   50.87/s)  LR: 5.475e-04  Data: 0.175 (0.175)
2024-04-01 13:09:34,830 - train - INFO - Train: 13 [  50/390 ( 13%)]  Loss:  4.173235 (3.7022)  Time: 2.373s,   53.94/s  (2.383s,   53.72/s)  LR: 5.475e-04  Data: 0.004 (0.014)
2024-04-01 13:11:34,641 - train - INFO - Train: 13 [ 100/390 ( 26%)]  Loss:  3.644901 (3.7038)  Time: 2.375s,   53.90/s  (2.389s,   53.57/s)  LR: 5.475e-04  Data: 0.004 (0.014)
2024-04-01 13:13:31,964 - train - INFO - Train: 13 [ 150/390 ( 39%)]  Loss:  3.733154 (3.7250)  Time: 2.428s,   52.72/s  (2.375s,   53.89/s)  LR: 5.475e-04  Data: 0.003 (0.012)
2024-04-01 13:15:29,514 - train - INFO - Train: 13 [ 200/390 ( 51%)]  Loss:  3.682873 (3.7196)  Time: 2.419s,   52.92/s  (2.369s,   54.03/s)  LR: 5.475e-04  Data: 0.008 (0.012)
2024-04-01 13:17:27,115 - train - INFO - Train: 13 [ 250/390 ( 64%)]  Loss:  3.419676 (3.7157)  Time: 2.407s,   53.19/s  (2.366s,   54.11/s)  LR: 5.475e-04  Data: 0.008 (0.011)
2024-04-01 13:19:23,654 - train - INFO - Train: 13 [ 300/390 ( 77%)]  Loss:  3.915977 (3.7169)  Time: 2.376s,   53.86/s  (2.360s,   54.24/s)  LR: 5.475e-04  Data: 0.008 (0.011)
2024-04-01 13:21:20,462 - train - INFO - Train: 13 [ 350/390 ( 90%)]  Loss:  3.797620 (3.7137)  Time: 2.452s,   52.20/s  (2.356s,   54.32/s)  LR: 5.475e-04  Data: 0.003 (0.011)
2024-04-01 13:22:50,905 - train - INFO - Train: 13 [ 389/390 (100%)]  Loss:  3.828687 (3.7104)  Time: 2.161s,   59.24/s  (2.353s,   54.41/s)  LR: 5.475e-04  Data: 0.000 (0.011)
2024-04-01 13:22:53,169 - train - INFO - Test: [   0/78]  Time: 2.258 (2.258)  Loss:  2.1680 (2.1680)  Acc@1: 52.3438 (52.3438)  Acc@5: 76.5625 (76.5625)
2024-04-01 13:24:45,517 - train - INFO - Test: [  50/78]  Time: 2.302 (2.247)  Loss:  2.2910 (2.2317)  Acc@1: 45.3125 (45.8180)  Acc@5: 72.6562 (75.3217)
2024-04-01 13:25:48,718 - train - INFO - Test: [  78/78]  Time: 2.264 (2.251)  Loss:  1.9287 (2.2400)  Acc@1: 50.0000 (45.2300)  Acc@5: 81.2500 (75.4400)
2024-04-01 13:25:51,534 - train - INFO - Train: 14 [   0/390 (  0%)]  Loss:  3.471377 (3.4714)  Time: 2.631s,   48.65/s  (2.631s,   48.65/s)  LR: 5.471e-04  Data: 0.205 (0.205)
2024-04-01 13:27:47,516 - train - INFO - Train: 14 [  50/390 ( 13%)]  Loss:  3.870980 (3.6984)  Time: 2.368s,   54.05/s  (2.326s,   55.04/s)  LR: 5.471e-04  Data: 0.025 (0.014)
2024-04-01 13:29:45,573 - train - INFO - Train: 14 [ 100/390 ( 26%)]  Loss:  4.007621 (3.7148)  Time: 2.409s,   53.14/s  (2.343s,   54.63/s)  LR: 5.471e-04  Data: 0.012 (0.012)
2024-04-01 13:31:43,395 - train - INFO - Train: 14 [ 150/390 ( 39%)]  Loss:  3.713982 (3.7194)  Time: 2.484s,   51.53/s  (2.348s,   54.52/s)  LR: 5.471e-04  Data: 0.005 (0.011)
2024-04-01 13:33:41,931 - train - INFO - Train: 14 [ 200/390 ( 51%)]  Loss:  4.007841 (3.7306)  Time: 2.449s,   52.28/s  (2.353s,   54.39/s)  LR: 5.471e-04  Data: 0.010 (0.011)
2024-04-01 13:35:38,658 - train - INFO - Train: 14 [ 250/390 ( 64%)]  Loss:  3.700545 (3.7224)  Time: 2.347s,   54.54/s  (2.350s,   54.48/s)  LR: 5.471e-04  Data: 0.003 (0.010)
2024-04-01 13:37:33,320 - train - INFO - Train: 14 [ 300/390 ( 77%)]  Loss:  3.774815 (3.7188)  Time: 2.473s,   51.75/s  (2.340s,   54.70/s)  LR: 5.471e-04  Data: 0.003 (0.010)
2024-04-01 13:39:29,855 - train - INFO - Train: 14 [ 350/390 ( 90%)]  Loss:  3.876650 (3.7117)  Time: 2.281s,   56.11/s  (2.339s,   54.73/s)  LR: 5.471e-04  Data: 0.004 (0.010)
2024-04-01 13:41:01,112 - train - INFO - Train: 14 [ 389/390 (100%)]  Loss:  3.374105 (3.7110)  Time: 2.395s,   53.45/s  (2.339s,   54.73/s)  LR: 5.471e-04  Data: 0.000 (0.010)
2024-04-01 13:41:03,388 - train - INFO - Test: [   0/78]  Time: 2.265 (2.265)  Loss:  2.1602 (2.1602)  Acc@1: 51.5625 (51.5625)  Acc@5: 73.4375 (73.4375)
2024-04-01 13:42:54,872 - train - INFO - Test: [  50/78]  Time: 1.978 (2.230)  Loss:  2.2383 (2.1996)  Acc@1: 42.9688 (45.6342)  Acc@5: 75.0000 (76.2714)
2024-04-01 13:43:50,456 - train - INFO - Test: [  78/78]  Time: 1.961 (2.143)  Loss:  1.8555 (2.2072)  Acc@1: 56.2500 (45.5800)  Acc@5: 75.0000 (76.3300)
2024-04-01 13:43:52,989 - train - INFO - Train: 15 [   0/390 (  0%)]  Loss:  3.341784 (3.3418)  Time: 2.276s,   56.25/s  (2.276s,   56.25/s)  LR: 5.467e-04  Data: 0.221 (0.221)
2024-04-01 13:45:36,541 - train - INFO - Train: 15 [  50/390 ( 13%)]  Loss:  3.464533 (3.6192)  Time: 2.189s,   58.48/s  (2.075s,   61.69/s)  LR: 5.467e-04  Data: 0.008 (0.011)
2024-04-01 13:47:21,712 - train - INFO - Train: 15 [ 100/390 ( 26%)]  Loss:  3.931685 (3.6119)  Time: 2.059s,   62.15/s  (2.089s,   61.27/s)  LR: 5.467e-04  Data: 0.021 (0.010)
2024-04-01 13:49:03,903 - train - INFO - Train: 15 [ 150/390 ( 39%)]  Loss:  3.348670 (3.6412)  Time: 2.145s,   59.67/s  (2.074s,   61.72/s)  LR: 5.467e-04  Data: 0.038 (0.010)
2024-04-01 13:50:46,187 - train - INFO - Train: 15 [ 200/390 ( 51%)]  Loss:  3.887380 (3.6502)  Time: 2.039s,   62.78/s  (2.067s,   61.93/s)  LR: 5.467e-04  Data: 0.004 (0.009)
2024-04-01 13:52:28,874 - train - INFO - Train: 15 [ 250/390 ( 64%)]  Loss:  3.889175 (3.6496)  Time: 2.000s,   64.00/s  (2.064s,   62.01/s)  LR: 5.467e-04  Data: 0.004 (0.009)
2024-04-01 13:54:12,989 - train - INFO - Train: 15 [ 300/390 ( 77%)]  Loss:  3.908082 (3.6492)  Time: 2.124s,   60.25/s  (2.067s,   61.92/s)  LR: 5.467e-04  Data: 0.004 (0.009)
2024-04-01 13:55:56,778 - train - INFO - Train: 15 [ 350/390 ( 90%)]  Loss:  3.222399 (3.6521)  Time: 2.163s,   59.17/s  (2.069s,   61.88/s)  LR: 5.467e-04  Data: 0.003 (0.009)
2024-04-01 13:57:18,628 - train - INFO - Train: 15 [ 389/390 (100%)]  Loss:  3.948177 (3.6607)  Time: 2.085s,   61.39/s  (2.072s,   61.79/s)  LR: 5.467e-04  Data: 0.000 (0.009)
2024-04-01 13:57:20,747 - train - INFO - Test: [   0/78]  Time: 2.117 (2.117)  Loss:  2.0664 (2.0664)  Acc@1: 49.2188 (49.2188)  Acc@5: 79.6875 (79.6875)
2024-04-01 13:59:00,500 - train - INFO - Test: [  50/78]  Time: 2.032 (1.997)  Loss:  2.0840 (2.1392)  Acc@1: 46.8750 (46.2929)  Acc@5: 75.7812 (77.5276)
2024-04-01 13:59:56,734 - train - INFO - Test: [  78/78]  Time: 2.015 (2.001)  Loss:  1.7041 (2.1457)  Acc@1: 56.2500 (46.2200)  Acc@5: 81.2500 (77.4600)
2024-04-01 13:59:59,349 - train - INFO - Train: 16 [   0/390 (  0%)]  Loss:  4.072567 (4.0726)  Time: 2.272s,   56.34/s  (2.272s,   56.34/s)  LR: 5.462e-04  Data: 0.141 (0.141)
2024-04-01 14:01:54,079 - train - INFO - Train: 16 [  50/390 ( 13%)]  Loss:  3.818316 (3.6018)  Time: 2.477s,   51.68/s  (2.294s,   55.80/s)  LR: 5.462e-04  Data: 0.012 (0.013)
2024-04-01 14:03:52,810 - train - INFO - Train: 16 [ 100/390 ( 26%)]  Loss:  3.652787 (3.6597)  Time: 2.286s,   56.00/s  (2.334s,   54.84/s)  LR: 5.462e-04  Data: 0.010 (0.011)
2024-04-01 14:05:52,041 - train - INFO - Train: 16 [ 150/390 ( 39%)]  Loss:  3.300501 (3.6463)  Time: 2.389s,   53.58/s  (2.351s,   54.45/s)  LR: 5.462e-04  Data: 0.003 (0.011)
2024-04-01 14:07:51,191 - train - INFO - Train: 16 [ 200/390 ( 51%)]  Loss:  3.057980 (3.6334)  Time: 2.313s,   55.34/s  (2.359s,   54.27/s)  LR: 5.462e-04  Data: 0.003 (0.011)
2024-04-01 14:09:47,846 - train - INFO - Train: 16 [ 250/390 ( 64%)]  Loss:  3.257300 (3.6365)  Time: 2.529s,   50.62/s  (2.354s,   54.39/s)  LR: 5.462e-04  Data: 0.004 (0.011)
2024-04-01 14:11:45,745 - train - INFO - Train: 16 [ 300/390 ( 77%)]  Loss:  3.363331 (3.6400)  Time: 2.477s,   51.68/s  (2.354s,   54.37/s)  LR: 5.462e-04  Data: 0.008 (0.011)
2024-04-01 14:13:44,032 - train - INFO - Train: 16 [ 350/390 ( 90%)]  Loss:  3.184179 (3.6314)  Time: 2.342s,   54.65/s  (2.356s,   54.33/s)  LR: 5.462e-04  Data: 0.019 (0.011)
2024-04-01 14:15:16,421 - train - INFO - Train: 16 [ 389/390 (100%)]  Loss:  3.904624 (3.6350)  Time: 2.223s,   57.58/s  (2.357s,   54.30/s)  LR: 5.462e-04  Data: 0.000 (0.011)
2024-04-01 14:15:18,760 - train - INFO - Test: [   0/78]  Time: 2.336 (2.336)  Loss:  2.0137 (2.0137)  Acc@1: 53.9062 (53.9062)  Acc@5: 78.9062 (78.9062)
2024-04-01 14:17:12,116 - train - INFO - Test: [  50/78]  Time: 2.298 (2.268)  Loss:  2.1445 (2.0754)  Acc@1: 48.4375 (48.5447)  Acc@5: 76.5625 (78.5999)
2024-04-01 14:18:15,202 - train - INFO - Test: [  78/78]  Time: 2.291 (2.263)  Loss:  1.6445 (2.0838)  Acc@1: 62.5000 (48.4600)  Acc@5: 87.5000 (78.1300)
2024-04-01 14:18:18,067 - train - INFO - Train: 17 [   0/390 (  0%)]  Loss:  3.975964 (3.9760)  Time: 2.535s,   50.48/s  (2.535s,   50.48/s)  LR: 5.457e-04  Data: 0.208 (0.208)
2024-04-01 14:20:15,233 - train - INFO - Train: 17 [  50/390 ( 13%)]  Loss:  3.171546 (3.6366)  Time: 2.368s,   54.05/s  (2.347s,   54.54/s)  LR: 5.457e-04  Data: 0.003 (0.012)
2024-04-01 14:22:13,653 - train - INFO - Train: 17 [ 100/390 ( 26%)]  Loss:  3.555973 (3.6392)  Time: 2.184s,   58.61/s  (2.358s,   54.29/s)  LR: 5.457e-04  Data: 0.019 (0.012)
2024-04-01 14:24:13,675 - train - INFO - Train: 17 [ 150/390 ( 39%)]  Loss:  3.634415 (3.6312)  Time: 2.504s,   51.12/s  (2.372s,   53.97/s)  LR: 5.457e-04  Data: 0.010 (0.011)
2024-04-01 14:26:11,086 - train - INFO - Train: 17 [ 200/390 ( 51%)]  Loss:  3.264999 (3.6306)  Time: 2.306s,   55.51/s  (2.366s,   54.10/s)  LR: 5.457e-04  Data: 0.004 (0.011)
2024-04-01 14:28:08,662 - train - INFO - Train: 17 [ 250/390 ( 64%)]  Loss:  3.950151 (3.6125)  Time: 2.371s,   53.99/s  (2.363s,   54.17/s)  LR: 5.457e-04  Data: 0.004 (0.010)
2024-04-01 14:30:08,222 - train - INFO - Train: 17 [ 300/390 ( 77%)]  Loss:  3.311247 (3.6184)  Time: 2.426s,   52.77/s  (2.368s,   54.06/s)  LR: 5.457e-04  Data: 0.025 (0.011)
2024-04-01 14:32:07,052 - train - INFO - Train: 17 [ 350/390 ( 90%)]  Loss:  3.467278 (3.6191)  Time: 2.440s,   52.47/s  (2.369s,   54.03/s)  LR: 5.457e-04  Data: 0.004 (0.011)
2024-04-01 14:33:40,464 - train - INFO - Train: 17 [ 389/390 (100%)]  Loss:  3.230270 (3.6153)  Time: 2.220s,   57.65/s  (2.372s,   53.97/s)  LR: 5.457e-04  Data: 0.000 (0.011)
2024-04-01 14:33:42,810 - train - INFO - Test: [   0/78]  Time: 2.344 (2.344)  Loss:  1.8975 (1.8975)  Acc@1: 54.6875 (54.6875)  Acc@5: 82.8125 (82.8125)
