2024-04-01 09:47:20,698 - train - INFO - Training with a single process on 1 GPUs.
2024-04-01 09:47:37,280 - train - INFO - Model vit_7_4_32_c100 created, param count:3740147
2024-04-01 09:47:37,314 - train - INFO - Using native Torch AMP. Training in mixed precision.
2024-04-01 09:47:37,323 - train - INFO - Scheduled epochs: 310
2024-04-01 09:47:39,608 - train - INFO - Verifying teacher model
2024-04-01 09:47:40,475 - train - INFO - Test: [   0/39]  Time: 0.866 (0.866)  Loss:  1.0146 (1.0146)  Acc@1: 77.3438 (77.3438)  Acc@5: 92.1875 (92.1875)
2024-04-01 09:47:41,358 - train - INFO - Test: [  39/39]  Time: 0.078 (0.044)  Loss:  0.7583 (1.0538)  Acc@1: 87.5000 (74.7700)  Acc@5: 87.5000 (93.6100)
2024-04-01 09:47:41,359 - train - INFO - Verifying initial model
2024-04-01 09:47:42,810 - train - INFO - Test: [   0/39]  Time: 1.450 (1.450)  Loss:  4.6602 (4.6602)  Acc@1:  1.1719 ( 1.1719)  Acc@5:  5.4688 ( 5.4688)
2024-04-01 09:48:37,013 - train - INFO - Test: [  39/39]  Time: 1.341 (1.391)  Loss:  4.6445 (4.6371)  Acc@1:  0.0000 ( 1.1600)  Acc@5:  6.2500 ( 5.3400)
2024-04-01 09:48:39,658 - train - INFO - Train: 0 [   0/195 (  0%)]  Loss:  4.634279 (4.6343)  Time: 2.634s,   97.20/s  (2.634s,   97.20/s)  LR: 1.000e-05  Data: 0.829 (0.829)
2024-04-01 09:49:55,676 - train - INFO - Train: 0 [  50/195 ( 26%)]  Loss:  4.619074 (4.6306)  Time: 1.497s,  170.97/s  (1.542s,  166.00/s)  LR: 1.000e-05  Data: 0.010 (0.028)
2024-04-01 09:51:11,074 - train - INFO - Train: 0 [ 100/195 ( 52%)]  Loss:  4.604431 (4.6223)  Time: 1.484s,  172.49/s  (1.525s,  167.85/s)  LR: 1.000e-05  Data: 0.005 (0.019)
2024-04-01 09:52:35,310 - train - INFO - Train: 0 [ 150/195 ( 77%)]  Loss:  4.600203 (4.6167)  Time: 1.682s,  152.21/s  (1.578s,  162.23/s)  LR: 1.000e-05  Data: 0.016 (0.017)
2024-04-01 09:53:52,218 - train - INFO - Train: 0 [ 194/195 (100%)]  Loss:  4.588637 (4.6129)  Time: 1.897s,  134.92/s  (1.616s,  158.38/s)  LR: 1.000e-05  Data: 0.000 (0.016)
2024-04-01 09:53:53,937 - train - INFO - Test: [   0/39]  Time: 1.715 (1.715)  Loss:  4.5703 (4.5703)  Acc@1:  1.1719 ( 1.1719)  Acc@5:  9.3750 ( 9.3750)
2024-04-01 09:54:56,911 - train - INFO - Test: [  39/39]  Time: 1.576 (1.617)  Loss:  4.6172 (4.5704)  Acc@1:  6.2500 ( 2.4800)  Acc@5:  6.2500 ( 9.8400)
2024-04-01 09:54:59,505 - train - INFO - Train: 1 [   0/195 (  0%)]  Loss:  4.585098 (4.5851)  Time: 2.291s,  111.76/s  (2.291s,  111.76/s)  LR: 6.400e-05  Data: 0.467 (0.467)
2024-04-01 09:56:27,835 - train - INFO - Train: 1 [  50/195 ( 26%)]  Loss:  4.573073 (4.5877)  Time: 1.806s,  141.75/s  (1.777s,  144.08/s)  LR: 6.400e-05  Data: 0.018 (0.022)
2024-04-01 09:57:56,081 - train - INFO - Train: 1 [ 100/195 ( 52%)]  Loss:  4.553059 (4.5764)  Time: 1.723s,  148.59/s  (1.771s,  144.57/s)  LR: 6.400e-05  Data: 0.015 (0.017)
2024-04-01 09:59:16,119 - train - INFO - Train: 1 [ 150/195 ( 77%)]  Loss:  4.532562 (4.5666)  Time: 1.825s,  140.27/s  (1.714s,  149.32/s)  LR: 6.400e-05  Data: 0.005 (0.015)
2024-04-01 10:00:33,168 - train - INFO - Train: 1 [ 194/195 (100%)]  Loss:  4.560294 (4.5582)  Time: 1.672s,  153.14/s  (1.723s,  148.60/s)  LR: 6.400e-05  Data: 0.000 (0.014)
2024-04-01 10:00:34,842 - train - INFO - Test: [   0/39]  Time: 1.672 (1.672)  Loss:  4.3359 (4.3359)  Acc@1:  6.2500 ( 6.2500)  Acc@5: 22.2656 (22.2656)
2024-04-01 10:01:38,609 - train - INFO - Test: [  39/39]  Time: 1.519 (1.636)  Loss:  4.3789 (4.3509)  Acc@1:  0.0000 ( 4.4400)  Acc@5: 25.0000 (18.7100)
2024-04-01 10:01:40,918 - train - INFO - Train: 2 [   0/195 (  0%)]  Loss:  4.566731 (4.5667)  Time: 2.015s,  127.07/s  (2.015s,  127.07/s)  LR: 1.180e-04  Data: 0.286 (0.286)
2024-04-01 10:03:08,621 - train - INFO - Train: 2 [  50/195 ( 26%)]  Loss:  4.443131 (4.5183)  Time: 1.702s,  150.43/s  (1.759s,  145.52/s)  LR: 1.180e-04  Data: 0.014 (0.017)
2024-04-01 10:04:36,772 - train - INFO - Train: 2 [ 100/195 ( 52%)]  Loss:  4.451168 (4.4986)  Time: 1.730s,  147.94/s  (1.761s,  145.37/s)  LR: 1.180e-04  Data: 0.022 (0.014)
2024-04-01 10:06:02,894 - train - INFO - Train: 2 [ 150/195 ( 77%)]  Loss:  4.442949 (4.4842)  Time: 1.745s,  146.72/s  (1.748s,  146.44/s)  LR: 1.180e-04  Data: 0.005 (0.014)
2024-04-01 10:07:18,729 - train - INFO - Train: 2 [ 194/195 (100%)]  Loss:  4.419343 (4.4730)  Time: 1.610s,  158.97/s  (1.743s,  146.90/s)  LR: 1.180e-04  Data: 0.000 (0.014)
2024-04-01 10:07:20,436 - train - INFO - Test: [   0/39]  Time: 1.693 (1.693)  Loss:  4.0508 (4.0508)  Acc@1:  8.5938 ( 8.5938)  Acc@5: 33.2031 (33.2031)
2024-04-01 10:08:22,101 - train - INFO - Test: [  39/39]  Time: 1.668 (1.584)  Loss:  4.0156 (4.0655)  Acc@1: 18.7500 (10.3500)  Acc@5: 31.2500 (29.9700)
2024-04-01 10:08:24,223 - train - INFO - Train: 3 [   0/195 (  0%)]  Loss:  4.437183 (4.4372)  Time: 1.836s,  139.45/s  (1.836s,  139.45/s)  LR: 1.720e-04  Data: 0.242 (0.242)
2024-04-01 10:09:50,477 - train - INFO - Train: 3 [  50/195 ( 26%)]  Loss:  4.417753 (4.3979)  Time: 1.556s,  164.48/s  (1.727s,  148.21/s)  LR: 1.720e-04  Data: 0.005 (0.016)
2024-04-01 10:11:23,758 - train - INFO - Train: 3 [ 100/195 ( 52%)]  Loss:  4.449573 (4.3828)  Time: 2.006s,  127.63/s  (1.796s,  142.56/s)  LR: 1.720e-04  Data: 0.005 (0.014)
2024-04-01 10:13:03,474 - train - INFO - Train: 3 [ 150/195 ( 77%)]  Loss:  4.331580 (4.3655)  Time: 2.046s,  125.10/s  (1.861s,  137.53/s)  LR: 1.720e-04  Data: 0.014 (0.015)
2024-04-01 10:14:31,422 - train - INFO - Train: 3 [ 194/195 (100%)]  Loss:  4.356966 (4.3589)  Time: 2.057s,  124.43/s  (1.892s,  135.28/s)  LR: 1.720e-04  Data: 0.000 (0.014)
2024-04-01 10:14:33,481 - train - INFO - Test: [   0/39]  Time: 2.055 (2.055)  Loss:  3.7871 (3.7871)  Acc@1: 14.8438 (14.8438)  Acc@5: 42.1875 (42.1875)
2024-04-01 10:15:44,869 - train - INFO - Test: [  39/39]  Time: 1.845 (1.836)  Loss:  3.6758 (3.8139)  Acc@1: 18.7500 (15.1700)  Acc@5: 50.0000 (38.4900)
2024-04-01 10:15:47,363 - train - INFO - Train: 4 [   0/195 (  0%)]  Loss:  4.240187 (4.2402)  Time: 2.216s,  115.54/s  (2.216s,  115.54/s)  LR: 2.260e-04  Data: 0.281 (0.281)
2024-04-01 10:17:24,854 - train - INFO - Train: 4 [  50/195 ( 26%)]  Loss:  4.400491 (4.3111)  Time: 1.829s,  139.95/s  (1.955s,  130.95/s)  LR: 2.260e-04  Data: 0.026 (0.019)
2024-04-01 10:19:02,606 - train - INFO - Train: 4 [ 100/195 ( 52%)]  Loss:  4.270592 (4.3014)  Time: 1.758s,  145.62/s  (1.955s,  130.96/s)  LR: 2.260e-04  Data: 0.006 (0.016)
2024-04-01 10:20:41,186 - train - INFO - Train: 4 [ 150/195 ( 77%)]  Loss:  4.040471 (4.2906)  Time: 1.806s,  141.75/s  (1.960s,  130.59/s)  LR: 2.260e-04  Data: 0.005 (0.015)
2024-04-01 10:22:09,303 - train - INFO - Train: 4 [ 194/195 (100%)]  Loss:  4.158515 (4.2851)  Time: 2.028s,  126.24/s  (1.970s,  129.96/s)  LR: 2.260e-04  Data: 0.000 (0.015)
2024-04-01 10:22:11,167 - train - INFO - Test: [   0/39]  Time: 1.860 (1.860)  Loss:  3.5898 (3.5898)  Acc@1: 22.2656 (22.2656)  Acc@5: 47.6562 (47.6562)
2024-04-01 10:23:24,263 - train - INFO - Test: [  39/39]  Time: 2.496 (1.874)  Loss:  3.4238 (3.5994)  Acc@1: 31.2500 (18.9900)  Acc@5: 56.2500 (46.7500)
2024-04-01 10:23:27,023 - train - INFO - Train: 5 [   0/195 (  0%)]  Loss:  4.079181 (4.0792)  Time: 2.668s,   95.96/s  (2.668s,   95.96/s)  LR: 2.800e-04  Data: 0.162 (0.162)
2024-04-01 10:25:09,885 - train - INFO - Train: 5 [  50/195 ( 26%)]  Loss:  4.388212 (4.2099)  Time: 2.131s,  120.13/s  (2.069s,  123.72/s)  LR: 2.800e-04  Data: 0.014 (0.016)
2024-04-01 10:26:48,916 - train - INFO - Train: 5 [ 100/195 ( 52%)]  Loss:  4.028840 (4.2174)  Time: 2.011s,  127.32/s  (2.025s,  126.40/s)  LR: 2.800e-04  Data: 0.012 (0.014)
2024-04-01 10:28:27,422 - train - INFO - Train: 5 [ 150/195 ( 77%)]  Loss:  4.170267 (4.2272)  Time: 2.037s,  125.70/s  (2.007s,  127.55/s)  LR: 2.800e-04  Data: 0.005 (0.014)
2024-04-01 10:29:52,996 - train - INFO - Train: 5 [ 194/195 (100%)]  Loss:  4.316027 (4.2219)  Time: 1.914s,  133.77/s  (1.993s,  128.45/s)  LR: 2.800e-04  Data: 0.000 (0.014)
2024-04-01 10:29:54,913 - train - INFO - Test: [   0/39]  Time: 1.911 (1.911)  Loss:  3.4121 (3.4121)  Acc@1: 27.7344 (27.7344)  Acc@5: 52.7344 (52.7344)
2024-04-01 10:31:04,977 - train - INFO - Test: [  39/39]  Time: 1.907 (1.799)  Loss:  3.2754 (3.4182)  Acc@1: 31.2500 (22.1400)  Acc@5: 62.5000 (51.1900)
2024-04-01 10:31:07,629 - train - INFO - Train: 6 [   0/195 (  0%)]  Loss:  4.055117 (4.0551)  Time: 2.177s,  117.60/s  (2.177s,  117.60/s)  LR: 3.340e-04  Data: 0.325 (0.325)
2024-04-01 10:32:45,057 - train - INFO - Train: 6 [  50/195 ( 26%)]  Loss:  4.340724 (4.1982)  Time: 1.949s,  131.34/s  (1.953s,  131.08/s)  LR: 3.340e-04  Data: 0.008 (0.018)
2024-04-01 10:34:23,263 - train - INFO - Train: 6 [ 100/195 ( 52%)]  Loss:  4.205400 (4.1687)  Time: 2.009s,  127.43/s  (1.958s,  130.72/s)  LR: 3.340e-04  Data: 0.007 (0.016)
2024-04-01 10:36:00,346 - train - INFO - Train: 6 [ 150/195 ( 77%)]  Loss:  4.221601 (4.1552)  Time: 2.011s,  127.33/s  (1.953s,  131.09/s)  LR: 3.340e-04  Data: 0.012 (0.015)
2024-04-01 10:37:27,647 - train - INFO - Train: 6 [ 194/195 (100%)]  Loss:  4.353106 (4.1519)  Time: 2.011s,  127.30/s  (1.960s,  130.62/s)  LR: 3.340e-04  Data: 0.000 (0.015)
2024-04-01 10:37:29,610 - train - INFO - Test: [   0/39]  Time: 1.952 (1.952)  Loss:  3.2344 (3.2344)  Acc@1: 29.2969 (29.2969)  Acc@5: 52.7344 (52.7344)
2024-04-01 10:38:40,192 - train - INFO - Test: [  39/39]  Time: 1.843 (1.813)  Loss:  3.2129 (3.2772)  Acc@1: 37.5000 (24.7400)  Acc@5: 62.5000 (54.1800)
2024-04-01 10:38:42,969 - train - INFO - Train: 7 [   0/195 (  0%)]  Loss:  4.131554 (4.1316)  Time: 2.414s,  106.05/s  (2.414s,  106.05/s)  LR: 3.880e-04  Data: 0.378 (0.378)
2024-04-01 10:40:12,146 - train - INFO - Train: 7 [  50/195 ( 26%)]  Loss:  4.082170 (4.1104)  Time: 1.706s,  150.05/s  (1.796s,  142.55/s)  LR: 3.880e-04  Data: 0.014 (0.019)
2024-04-01 10:41:40,109 - train - INFO - Train: 7 [ 100/195 ( 52%)]  Loss:  4.242395 (4.1061)  Time: 1.777s,  144.04/s  (1.778s,  144.00/s)  LR: 3.880e-04  Data: 0.007 (0.016)
2024-04-01 10:43:07,825 - train - INFO - Train: 7 [ 150/195 ( 77%)]  Loss:  4.137578 (4.1030)  Time: 1.659s,  154.33/s  (1.770s,  144.64/s)  LR: 3.880e-04  Data: 0.006 (0.015)
2024-04-01 10:44:25,187 - train - INFO - Train: 7 [ 194/195 (100%)]  Loss:  4.238783 (4.1064)  Time: 1.773s,  144.36/s  (1.767s,  144.85/s)  LR: 3.880e-04  Data: 0.000 (0.014)
2024-04-01 10:44:26,845 - train - INFO - Test: [   0/39]  Time: 1.656 (1.656)  Loss:  3.1113 (3.1113)  Acc@1: 30.8594 (30.8594)  Acc@5: 58.5938 (58.5938)
2024-04-01 10:45:30,496 - train - INFO - Test: [  39/39]  Time: 1.608 (1.633)  Loss:  3.0117 (3.1382)  Acc@1: 43.7500 (27.6800)  Acc@5: 62.5000 (58.1900)
2024-04-01 10:45:32,923 - train - INFO - Train: 8 [   0/195 (  0%)]  Loss:  4.026542 (4.0265)  Time: 2.124s,  120.52/s  (2.124s,  120.52/s)  LR: 4.420e-04  Data: 0.290 (0.290)
2024-04-01 10:46:59,707 - train - INFO - Train: 8 [  50/195 ( 26%)]  Loss:  4.025682 (4.0601)  Time: 1.779s,  143.92/s  (1.743s,  146.87/s)  LR: 4.420e-04  Data: 0.015 (0.017)
2024-04-01 10:48:27,889 - train - INFO - Train: 8 [ 100/195 ( 52%)]  Loss:  4.214518 (4.0754)  Time: 1.798s,  142.41/s  (1.753s,  146.02/s)  LR: 4.420e-04  Data: 0.010 (0.015)
2024-04-01 10:49:55,821 - train - INFO - Train: 8 [ 150/195 ( 77%)]  Loss:  4.193574 (4.0759)  Time: 1.840s,  139.16/s  (1.755s,  145.87/s)  LR: 4.420e-04  Data: 0.011 (0.014)
2024-04-01 10:51:12,840 - train - INFO - Train: 8 [ 194/195 (100%)]  Loss:  3.952147 (4.0679)  Time: 1.791s,  142.97/s  (1.754s,  145.96/s)  LR: 4.420e-04  Data: 0.000 (0.014)
2024-04-01 10:51:14,450 - train - INFO - Test: [   0/39]  Time: 1.607 (1.607)  Loss:  2.9570 (2.9570)  Acc@1: 36.7188 (36.7188)  Acc@5: 62.5000 (62.5000)
2024-04-01 10:52:16,525 - train - INFO - Test: [  39/39]  Time: 1.644 (1.592)  Loss:  2.8340 (3.0288)  Acc@1: 50.0000 (29.2900)  Acc@5: 68.7500 (59.4400)
2024-04-01 10:52:18,955 - train - INFO - Train: 9 [   0/195 (  0%)]  Loss:  3.818927 (3.8189)  Time: 2.147s,  119.22/s  (2.147s,  119.22/s)  LR: 4.960e-04  Data: 0.411 (0.411)
2024-04-01 10:53:45,935 - train - INFO - Train: 9 [  50/195 ( 26%)]  Loss:  4.013197 (4.0396)  Time: 1.637s,  156.37/s  (1.748s,  146.49/s)  LR: 4.960e-04  Data: 0.007 (0.019)
2024-04-01 10:55:13,040 - train - INFO - Train: 9 [ 100/195 ( 52%)]  Loss:  3.849515 (4.0604)  Time: 1.678s,  152.53/s  (1.745s,  146.72/s)  LR: 4.960e-04  Data: 0.005 (0.016)
2024-04-01 10:56:41,154 - train - INFO - Train: 9 [ 150/195 ( 77%)]  Loss:  4.072111 (4.0522)  Time: 1.743s,  146.91/s  (1.751s,  146.24/s)  LR: 4.960e-04  Data: 0.006 (0.015)
2024-04-01 10:58:03,895 - train - INFO - Train: 9 [ 194/195 (100%)]  Loss:  3.826083 (4.0491)  Time: 2.097s,  122.09/s  (1.780s,  143.83/s)  LR: 4.960e-04  Data: 0.000 (0.015)
2024-04-01 10:58:05,783 - train - INFO - Test: [   0/39]  Time: 1.880 (1.880)  Loss:  2.9219 (2.9219)  Acc@1: 34.7656 (34.7656)  Acc@5: 61.3281 (61.3281)
2024-04-01 10:59:18,811 - train - INFO - Test: [  39/39]  Time: 1.982 (1.873)  Loss:  2.8457 (2.9824)  Acc@1: 43.7500 (29.7200)  Acc@5: 75.0000 (60.1500)
2024-04-01 10:59:21,487 - train - INFO - Train: 10 [   0/195 (  0%)]  Loss:  3.804388 (3.8044)  Time: 2.218s,  115.40/s  (2.218s,  115.40/s)  LR: 5.485e-04  Data: 0.332 (0.332)
2024-04-01 11:01:01,159 - train - INFO - Train: 10 [  50/195 ( 26%)]  Loss:  4.170568 (4.0350)  Time: 1.916s,  133.61/s  (1.998s,  128.14/s)  LR: 5.485e-04  Data: 0.023 (0.019)
2024-04-01 11:02:42,090 - train - INFO - Train: 10 [ 100/195 ( 52%)]  Loss:  4.173774 (4.0163)  Time: 2.005s,  127.67/s  (2.008s,  127.48/s)  LR: 5.485e-04  Data: 0.019 (0.017)
2024-04-01 11:04:23,123 - train - INFO - Train: 10 [ 150/195 ( 77%)]  Loss:  4.095014 (3.9953)  Time: 1.985s,  128.97/s  (2.012s,  127.22/s)  LR: 5.485e-04  Data: 0.011 (0.017)
2024-04-01 11:05:49,160 - train - INFO - Train: 10 [ 194/195 (100%)]  Loss:  4.085632 (3.9803)  Time: 1.897s,  134.95/s  (1.999s,  128.04/s)  LR: 5.485e-04  Data: 0.000 (0.016)
2024-04-01 11:05:51,131 - train - INFO - Test: [   0/39]  Time: 1.959 (1.959)  Loss:  2.8008 (2.8008)  Acc@1: 38.6719 (38.6719)  Acc@5: 66.0156 (66.0156)
2024-04-01 11:07:01,954 - train - INFO - Test: [  39/39]  Time: 1.677 (1.820)  Loss:  2.7227 (2.8511)  Acc@1: 43.7500 (32.1800)  Acc@5: 75.0000 (63.2600)
2024-04-01 11:07:04,849 - train - INFO - Train: 11 [   0/195 (  0%)]  Loss:  3.778270 (3.7783)  Time: 2.414s,  106.03/s  (2.414s,  106.03/s)  LR: 5.482e-04  Data: 0.411 (0.411)
2024-04-01 11:08:43,875 - train - INFO - Train: 11 [  50/195 ( 26%)]  Loss:  4.147610 (3.9596)  Time: 2.042s,  125.36/s  (1.989s,  128.71/s)  LR: 5.482e-04  Data: 0.016 (0.022)
2024-04-01 11:10:22,554 - train - INFO - Train: 11 [ 100/195 ( 52%)]  Loss:  4.092973 (3.9795)  Time: 2.105s,  121.62/s  (1.981s,  129.20/s)  LR: 5.482e-04  Data: 0.042 (0.019)
2024-04-01 11:12:02,891 - train - INFO - Train: 11 [ 150/195 ( 77%)]  Loss:  3.737080 (3.9770)  Time: 2.081s,  123.02/s  (1.990s,  128.66/s)  LR: 5.482e-04  Data: 0.010 (0.018)
2024-04-01 11:13:30,079 - train - INFO - Train: 11 [ 194/195 (100%)]  Loss:  3.908961 (3.9784)  Time: 2.020s,  126.70/s  (1.988s,  128.78/s)  LR: 5.482e-04  Data: 0.000 (0.016)
2024-04-01 11:13:31,864 - train - INFO - Test: [   0/39]  Time: 1.770 (1.770)  Loss:  2.7090 (2.7090)  Acc@1: 39.0625 (39.0625)  Acc@5: 67.9688 (67.9688)
2024-04-01 11:14:44,598 - train - INFO - Test: [  39/39]  Time: 1.919 (1.863)  Loss:  2.6758 (2.7616)  Acc@1: 31.2500 (34.3100)  Acc@5: 75.0000 (65.3900)
2024-04-01 11:14:46,924 - train - INFO - Train: 12 [   0/195 (  0%)]  Loss:  3.643346 (3.6433)  Time: 2.089s,  122.57/s  (2.089s,  122.57/s)  LR: 5.479e-04  Data: 0.277 (0.277)
2024-04-01 11:16:25,665 - train - INFO - Train: 12 [  50/195 ( 26%)]  Loss:  3.857025 (3.9073)  Time: 1.759s,  145.51/s  (1.977s,  129.49/s)  LR: 5.479e-04  Data: 0.014 (0.020)
2024-04-01 11:18:04,050 - train - INFO - Train: 12 [ 100/195 ( 52%)]  Loss:  3.789151 (3.9159)  Time: 1.943s,  131.78/s  (1.972s,  129.79/s)  LR: 5.479e-04  Data: 0.011 (0.018)
2024-04-01 11:19:44,779 - train - INFO - Train: 12 [ 150/195 ( 77%)]  Loss:  4.031631 (3.9378)  Time: 2.022s,  126.58/s  (1.986s,  128.88/s)  LR: 5.479e-04  Data: 0.010 (0.018)
2024-04-01 11:21:11,156 - train - INFO - Train: 12 [ 194/195 (100%)]  Loss:  4.224226 (3.9300)  Time: 1.926s,  132.91/s  (1.981s,  129.22/s)  LR: 5.479e-04  Data: 0.000 (0.016)
2024-04-01 11:21:13,100 - train - INFO - Test: [   0/39]  Time: 1.929 (1.929)  Loss:  2.6348 (2.6348)  Acc@1: 38.2812 (38.2812)  Acc@5: 71.4844 (71.4844)
2024-04-01 11:22:23,593 - train - INFO - Test: [  39/39]  Time: 1.870 (1.811)  Loss:  2.5977 (2.7163)  Acc@1: 31.2500 (35.6400)  Acc@5: 81.2500 (66.7300)
2024-04-01 11:22:26,304 - train - INFO - Train: 13 [   0/195 (  0%)]  Loss:  3.678820 (3.6788)  Time: 2.379s,  107.59/s  (2.379s,  107.59/s)  LR: 5.475e-04  Data: 0.271 (0.271)
2024-04-01 11:24:06,746 - train - INFO - Train: 13 [  50/195 ( 26%)]  Loss:  3.721174 (3.9018)  Time: 1.976s,  129.58/s  (2.016s,  127.00/s)  LR: 5.475e-04  Data: 0.012 (0.018)
2024-04-01 11:25:46,058 - train - INFO - Train: 13 [ 100/195 ( 52%)]  Loss:  3.520923 (3.8667)  Time: 1.779s,  143.92/s  (2.001s,  127.94/s)  LR: 5.475e-04  Data: 0.013 (0.016)
2024-04-01 11:27:25,672 - train - INFO - Train: 13 [ 150/195 ( 77%)]  Loss:  3.938160 (3.8850)  Time: 2.002s,  127.89/s  (1.998s,  128.12/s)  LR: 5.475e-04  Data: 0.014 (0.015)
2024-04-01 11:28:53,098 - train - INFO - Train: 13 [ 194/195 (100%)]  Loss:  3.560090 (3.8929)  Time: 2.013s,  127.20/s  (1.996s,  128.28/s)  LR: 5.475e-04  Data: 0.000 (0.014)
2024-04-01 11:28:54,993 - train - INFO - Test: [   0/39]  Time: 1.889 (1.889)  Loss:  2.6055 (2.6055)  Acc@1: 38.6719 (38.6719)  Acc@5: 71.4844 (71.4844)
2024-04-01 11:30:06,255 - train - INFO - Test: [  39/39]  Time: 1.983 (1.829)  Loss:  2.3008 (2.6529)  Acc@1: 62.5000 (36.8200)  Acc@5: 75.0000 (67.8500)
2024-04-01 11:30:08,937 - train - INFO - Train: 14 [   0/195 (  0%)]  Loss:  3.566095 (3.5661)  Time: 2.393s,  106.96/s  (2.393s,  106.96/s)  LR: 5.471e-04  Data: 0.379 (0.379)
2024-04-01 11:31:46,932 - train - INFO - Train: 14 [  50/195 ( 26%)]  Loss:  4.140647 (3.8026)  Time: 2.047s,  125.05/s  (1.968s,  130.07/s)  LR: 5.471e-04  Data: 0.034 (0.021)
2024-04-01 11:33:26,647 - train - INFO - Train: 14 [ 100/195 ( 52%)]  Loss:  4.191689 (3.8345)  Time: 1.701s,  150.46/s  (1.981s,  129.23/s)  LR: 5.471e-04  Data: 0.014 (0.018)
2024-04-01 11:35:05,794 - train - INFO - Train: 14 [ 150/195 ( 77%)]  Loss:  3.812777 (3.8317)  Time: 1.954s,  131.02/s  (1.982s,  129.19/s)  LR: 5.471e-04  Data: 0.014 (0.017)
2024-04-01 11:36:32,614 - train - INFO - Train: 14 [ 194/195 (100%)]  Loss:  3.797188 (3.8345)  Time: 1.902s,  134.60/s  (1.980s,  129.31/s)  LR: 5.471e-04  Data: 0.000 (0.016)
2024-04-01 11:36:34,552 - train - INFO - Test: [   0/39]  Time: 1.929 (1.929)  Loss:  2.4961 (2.4961)  Acc@1: 41.4062 (41.4062)  Acc@5: 71.8750 (71.8750)
2024-04-01 11:37:46,649 - train - INFO - Test: [  39/39]  Time: 1.869 (1.851)  Loss:  2.2500 (2.5945)  Acc@1: 50.0000 (36.8500)  Acc@5: 75.0000 (68.5400)
2024-04-01 11:37:49,343 - train - INFO - Train: 15 [   0/195 (  0%)]  Loss:  3.778963 (3.7790)  Time: 2.380s,  107.58/s  (2.380s,  107.58/s)  LR: 5.467e-04  Data: 0.247 (0.247)
2024-04-01 11:39:29,287 - train - INFO - Train: 15 [  50/195 ( 26%)]  Loss:  3.667010 (3.8339)  Time: 2.001s,  127.94/s  (2.006s,  127.60/s)  LR: 5.467e-04  Data: 0.043 (0.021)
2024-04-01 11:41:11,140 - train - INFO - Train: 15 [ 100/195 ( 52%)]  Loss:  4.082645 (3.8560)  Time: 1.986s,  128.91/s  (2.022s,  126.64/s)  LR: 5.467e-04  Data: 0.010 (0.018)
2024-04-01 11:42:53,311 - train - INFO - Train: 15 [ 150/195 ( 77%)]  Loss:  3.695737 (3.8483)  Time: 2.148s,  119.18/s  (2.029s,  126.19/s)  LR: 5.467e-04  Data: 0.035 (0.017)
2024-04-01 11:44:22,490 - train - INFO - Train: 15 [ 194/195 (100%)]  Loss:  3.689692 (3.8370)  Time: 2.007s,  127.53/s  (2.028s,  126.21/s)  LR: 5.467e-04  Data: 0.000 (0.017)
2024-04-01 11:44:24,434 - train - INFO - Test: [   0/39]  Time: 1.936 (1.936)  Loss:  2.4297 (2.4297)  Acc@1: 42.5781 (42.5781)  Acc@5: 73.4375 (73.4375)
2024-04-01 11:45:35,762 - train - INFO - Test: [  39/39]  Time: 1.674 (1.832)  Loss:  2.3223 (2.4823)  Acc@1: 50.0000 (39.3100)  Acc@5: 68.7500 (71.1100)
2024-04-01 11:45:38,594 - train - INFO - Train: 16 [   0/195 (  0%)]  Loss:  3.827827 (3.8278)  Time: 2.479s,  103.27/s  (2.479s,  103.27/s)  LR: 5.462e-04  Data: 0.454 (0.454)
2024-04-01 11:47:17,374 - train - INFO - Train: 16 [  50/195 ( 26%)]  Loss:  3.680015 (3.8553)  Time: 1.969s,  129.99/s  (1.985s,  128.94/s)  LR: 5.462e-04  Data: 0.014 (0.022)
2024-04-01 11:48:57,544 - train - INFO - Train: 16 [ 100/195 ( 52%)]  Loss:  3.391447 (3.8621)  Time: 2.200s,  116.37/s  (1.994s,  128.37/s)  LR: 5.462e-04  Data: 0.007 (0.020)
2024-04-01 11:50:36,017 - train - INFO - Train: 16 [ 150/195 ( 77%)]  Loss:  3.740506 (3.8483)  Time: 1.884s,  135.89/s  (1.986s,  128.90/s)  LR: 5.462e-04  Data: 0.011 (0.018)
2024-04-01 11:52:02,700 - train - INFO - Train: 16 [ 194/195 (100%)]  Loss:  3.332564 (3.8391)  Time: 1.713s,  149.43/s  (1.982s,  129.13/s)  LR: 5.462e-04  Data: 0.000 (0.017)
2024-04-01 11:52:04,557 - train - INFO - Test: [   0/39]  Time: 1.855 (1.855)  Loss:  2.4492 (2.4492)  Acc@1: 42.5781 (42.5781)  Acc@5: 71.4844 (71.4844)
2024-04-01 11:53:16,543 - train - INFO - Test: [  39/39]  Time: 1.752 (1.846)  Loss:  2.2402 (2.4904)  Acc@1: 62.5000 (39.2200)  Acc@5: 75.0000 (71.2700)
2024-04-01 11:53:19,140 - train - INFO - Train: 17 [   0/195 (  0%)]  Loss:  3.338912 (3.3389)  Time: 2.283s,  112.11/s  (2.283s,  112.11/s)  LR: 5.457e-04  Data: 0.330 (0.330)
2024-04-01 11:54:58,221 - train - INFO - Train: 17 [  50/195 ( 26%)]  Loss:  3.982304 (3.8060)  Time: 2.009s,  127.40/s  (1.988s,  128.80/s)  LR: 5.457e-04  Data: 0.006 (0.020)
2024-04-01 11:56:38,779 - train - INFO - Train: 17 [ 100/195 ( 52%)]  Loss:  3.719243 (3.8187)  Time: 1.873s,  136.68/s  (1.999s,  128.05/s)  LR: 5.457e-04  Data: 0.005 (0.018)
2024-04-01 11:58:16,045 - train - INFO - Train: 17 [ 150/195 ( 77%)]  Loss:  3.652858 (3.8110)  Time: 2.018s,  126.87/s  (1.981s,  129.21/s)  LR: 5.457e-04  Data: 0.012 (0.016)
2024-04-01 11:59:43,651 - train - INFO - Train: 17 [ 194/195 (100%)]  Loss:  3.556174 (3.8134)  Time: 1.859s,  137.72/s  (1.983s,  129.07/s)  LR: 5.457e-04  Data: 0.000 (0.016)
2024-04-01 11:59:45,655 - train - INFO - Test: [   0/39]  Time: 2.002 (2.002)  Loss:  2.3125 (2.3125)  Acc@1: 43.7500 (43.7500)  Acc@5: 72.2656 (72.2656)
2024-04-01 12:00:55,655 - train - INFO - Test: [  39/39]  Time: 1.899 (1.800)  Loss:  2.0469 (2.4179)  Acc@1: 56.2500 (40.6100)  Acc@5: 81.2500 (71.9000)
2024-04-01 12:00:58,422 - train - INFO - Train: 18 [   0/195 (  0%)]  Loss:  4.020974 (4.0210)  Time: 2.351s,  108.88/s  (2.351s,  108.88/s)  LR: 5.452e-04  Data: 0.304 (0.304)
2024-04-01 12:02:37,998 - train - INFO - Train: 18 [  50/195 ( 26%)]  Loss:  3.692555 (3.8330)  Time: 1.968s,  130.07/s  (1.999s,  128.09/s)  LR: 5.452e-04  Data: 0.005 (0.021)
2024-04-01 12:04:17,491 - train - INFO - Train: 18 [ 100/195 ( 52%)]  Loss:  3.369545 (3.7903)  Time: 1.890s,  135.46/s  (1.994s,  128.37/s)  LR: 5.452e-04  Data: 0.037 (0.018)
2024-04-01 12:05:57,620 - train - INFO - Train: 18 [ 150/195 ( 77%)]  Loss:  3.647795 (3.8041)  Time: 2.082s,  122.94/s  (1.997s,  128.20/s)  LR: 5.452e-04  Data: 0.010 (0.018)
2024-04-01 12:07:24,154 - train - INFO - Train: 18 [ 194/195 (100%)]  Loss:  4.142619 (3.7842)  Time: 2.010s,  127.35/s  (1.990s,  128.64/s)  LR: 5.452e-04  Data: 0.000 (0.017)
2024-04-01 12:07:26,132 - train - INFO - Test: [   0/39]  Time: 1.976 (1.976)  Loss:  2.3398 (2.3398)  Acc@1: 45.7031 (45.7031)  Acc@5: 73.0469 (73.0469)
2024-04-01 12:08:36,316 - train - INFO - Test: [  39/39]  Time: 1.764 (1.804)  Loss:  2.0059 (2.4207)  Acc@1: 56.2500 (41.8700)  Acc@5: 75.0000 (72.4600)
2024-04-01 12:08:38,825 - train - INFO - Train: 19 [   0/195 (  0%)]  Loss:  3.428540 (3.4285)  Time: 2.273s,  112.63/s  (2.273s,  112.63/s)  LR: 5.447e-04  Data: 0.233 (0.233)
2024-04-01 12:10:18,588 - train - INFO - Train: 19 [  50/195 ( 26%)]  Loss:  3.396925 (3.7538)  Time: 2.091s,  122.44/s  (2.001s,  127.96/s)  LR: 5.447e-04  Data: 0.029 (0.019)
2024-04-01 12:11:59,132 - train - INFO - Train: 19 [ 100/195 ( 52%)]  Loss:  4.016500 (3.7820)  Time: 1.931s,  132.54/s  (2.006s,  127.63/s)  LR: 5.447e-04  Data: 0.005 (0.017)
2024-04-01 12:13:39,020 - train - INFO - Train: 19 [ 150/195 ( 77%)]  Loss:  3.425051 (3.7833)  Time: 1.961s,  130.57/s  (2.003s,  127.80/s)  LR: 5.447e-04  Data: 0.019 (0.017)
2024-04-01 12:15:07,370 - train - INFO - Train: 19 [ 194/195 (100%)]  Loss:  4.119143 (3.7595)  Time: 1.888s,  135.59/s  (2.004s,  127.73/s)  LR: 5.447e-04  Data: 0.000 (0.016)
2024-04-01 12:15:09,217 - train - INFO - Test: [   0/39]  Time: 1.841 (1.841)  Loss:  2.2520 (2.2520)  Acc@1: 45.3125 (45.3125)  Acc@5: 76.5625 (76.5625)
2024-04-01 12:16:20,662 - train - INFO - Test: [  39/39]  Time: 1.896 (1.832)  Loss:  2.0176 (2.3347)  Acc@1: 56.2500 (42.9300)  Acc@5: 81.2500 (74.0200)
2024-04-01 12:16:23,466 - train - INFO - Train: 20 [   0/195 (  0%)]  Loss:  3.541715 (3.5417)  Time: 2.629s,   97.39/s  (2.629s,   97.39/s)  LR: 5.441e-04  Data: 0.442 (0.442)
2024-04-01 12:18:02,178 - train - INFO - Train: 20 [  50/195 ( 26%)]  Loss:  3.551814 (3.7668)  Time: 2.009s,  127.45/s  (1.987s,  128.84/s)  LR: 5.441e-04  Data: 0.014 (0.022)
2024-04-01 12:19:41,464 - train - INFO - Train: 20 [ 100/195 ( 52%)]  Loss:  3.315998 (3.7369)  Time: 1.982s,  129.15/s  (1.986s,  128.89/s)  LR: 5.441e-04  Data: 0.019 (0.017)
2024-04-01 12:21:20,409 - train - INFO - Train: 20 [ 150/195 ( 77%)]  Loss:  3.487386 (3.7409)  Time: 2.014s,  127.12/s  (1.984s,  129.05/s)  LR: 5.441e-04  Data: 0.007 (0.016)
2024-04-01 12:22:48,921 - train - INFO - Train: 20 [ 194/195 (100%)]  Loss:  3.807343 (3.7438)  Time: 2.060s,  124.24/s  (1.990s,  128.64/s)  LR: 5.441e-04  Data: 0.000 (0.016)
2024-04-01 12:22:50,856 - train - INFO - Test: [   0/39]  Time: 1.928 (1.928)  Loss:  2.2480 (2.2480)  Acc@1: 43.7500 (43.7500)  Acc@5: 73.0469 (73.0469)
2024-04-01 12:24:03,991 - train - INFO - Test: [  39/39]  Time: 1.873 (1.877)  Loss:  2.1602 (2.3308)  Acc@1: 50.0000 (42.9600)  Acc@5: 75.0000 (73.8700)
2024-04-01 12:24:06,574 - train - INFO - Train: 21 [   0/195 (  0%)]  Loss:  3.508650 (3.5087)  Time: 2.396s,  106.84/s  (2.396s,  106.84/s)  LR: 5.435e-04  Data: 0.366 (0.366)
2024-04-01 12:25:47,717 - train - INFO - Train: 21 [  50/195 ( 26%)]  Loss:  4.085969 (3.7946)  Time: 2.049s,  124.95/s  (2.030s,  126.11/s)  LR: 5.435e-04  Data: 0.015 (0.021)
2024-04-01 12:27:29,353 - train - INFO - Train: 21 [ 100/195 ( 52%)]  Loss:  3.479334 (3.7338)  Time: 1.876s,  136.43/s  (2.031s,  126.03/s)  LR: 5.435e-04  Data: 0.006 (0.017)
2024-04-01 12:29:09,032 - train - INFO - Train: 21 [ 150/195 ( 77%)]  Loss:  3.907762 (3.7432)  Time: 1.996s,  128.28/s  (2.019s,  126.81/s)  LR: 5.435e-04  Data: 0.014 (0.016)
2024-04-01 12:30:37,325 - train - INFO - Train: 21 [ 194/195 (100%)]  Loss:  4.135417 (3.7530)  Time: 2.142s,  119.54/s  (2.016s,  126.98/s)  LR: 5.435e-04  Data: 0.000 (0.015)
2024-04-01 12:30:39,269 - train - INFO - Test: [   0/39]  Time: 1.937 (1.937)  Loss:  2.2715 (2.2715)  Acc@1: 46.8750 (46.8750)  Acc@5: 72.6562 (72.6562)
2024-04-01 12:31:50,194 - train - INFO - Test: [  39/39]  Time: 1.866 (1.822)  Loss:  2.0547 (2.3109)  Acc@1: 56.2500 (43.9400)  Acc@5: 75.0000 (74.5400)
2024-04-01 12:31:53,173 - train - INFO - Train: 22 [   0/195 (  0%)]  Loss:  3.511965 (3.5120)  Time: 2.621s,   97.68/s  (2.621s,   97.68/s)  LR: 5.429e-04  Data: 0.479 (0.479)
2024-04-01 12:33:33,811 - train - INFO - Train: 22 [  50/195 ( 26%)]  Loss:  3.951180 (3.7083)  Time: 2.160s,  118.52/s  (2.025s,  126.44/s)  LR: 5.429e-04  Data: 0.005 (0.024)
2024-04-01 12:35:13,082 - train - INFO - Train: 22 [ 100/195 ( 52%)]  Loss:  3.980146 (3.7167)  Time: 1.906s,  134.32/s  (2.005s,  127.67/s)  LR: 5.429e-04  Data: 0.027 (0.019)
2024-04-01 12:36:52,531 - train - INFO - Train: 22 [ 150/195 ( 77%)]  Loss:  4.079774 (3.7132)  Time: 2.028s,  126.25/s  (2.000s,  128.02/s)  LR: 5.429e-04  Data: 0.010 (0.018)
2024-04-01 12:38:19,564 - train - INFO - Train: 22 [ 194/195 (100%)]  Loss:  3.254128 (3.7167)  Time: 1.920s,  133.34/s  (1.995s,  128.33/s)  LR: 5.429e-04  Data: 0.000 (0.017)
2024-04-01 12:38:21,509 - train - INFO - Test: [   0/39]  Time: 1.943 (1.943)  Loss:  2.1484 (2.1484)  Acc@1: 49.6094 (49.6094)  Acc@5: 74.6094 (74.6094)
2024-04-01 12:39:33,845 - train - INFO - Test: [  39/39]  Time: 1.910 (1.857)  Loss:  1.9004 (2.2345)  Acc@1: 50.0000 (44.9500)  Acc@5: 75.0000 (74.6600)
2024-04-01 12:39:36,448 - train - INFO - Train: 23 [   0/195 (  0%)]  Loss:  3.768050 (3.7680)  Time: 2.346s,  109.13/s  (2.346s,  109.13/s)  LR: 5.422e-04  Data: 0.318 (0.318)
2024-04-01 12:41:15,885 - train - INFO - Train: 23 [  50/195 ( 26%)]  Loss:  3.835258 (3.6733)  Time: 2.002s,  127.89/s  (1.996s,  128.27/s)  LR: 5.422e-04  Data: 0.005 (0.019)
2024-04-01 12:42:55,904 - train - INFO - Train: 23 [ 100/195 ( 52%)]  Loss:  3.680701 (3.6796)  Time: 2.187s,  117.07/s  (1.998s,  128.13/s)  LR: 5.422e-04  Data: 0.020 (0.017)
2024-04-01 12:44:34,939 - train - INFO - Train: 23 [ 150/195 ( 77%)]  Loss:  4.036324 (3.7080)  Time: 1.883s,  135.96/s  (1.992s,  128.50/s)  LR: 5.422e-04  Data: 0.010 (0.016)
2024-04-01 12:46:02,540 - train - INFO - Train: 23 [ 194/195 (100%)]  Loss:  3.949411 (3.7131)  Time: 1.839s,  139.17/s  (1.992s,  128.52/s)  LR: 5.422e-04  Data: 0.000 (0.015)
2024-04-01 12:46:04,521 - train - INFO - Test: [   0/39]  Time: 1.966 (1.966)  Loss:  2.1680 (2.1680)  Acc@1: 49.6094 (49.6094)  Acc@5: 76.1719 (76.1719)
2024-04-01 12:47:16,302 - train - INFO - Test: [  39/39]  Time: 1.876 (1.844)  Loss:  1.8750 (2.2691)  Acc@1: 62.5000 (44.7400)  Acc@5: 81.2500 (75.0100)
2024-04-01 12:47:18,863 - train - INFO - Train: 24 [   0/195 (  0%)]  Loss:  3.277510 (3.2775)  Time: 2.259s,  113.33/s  (2.259s,  113.33/s)  LR: 5.415e-04  Data: 0.294 (0.294)
2024-04-01 12:48:58,633 - train - INFO - Train: 24 [  50/195 ( 26%)]  Loss:  3.501514 (3.6663)  Time: 2.029s,  126.20/s  (2.001s,  127.97/s)  LR: 5.415e-04  Data: 0.029 (0.020)
2024-04-01 12:50:38,610 - train - INFO - Train: 24 [ 100/195 ( 52%)]  Loss:  4.063658 (3.6776)  Time: 2.113s,  121.14/s  (2.000s,  128.00/s)  LR: 5.415e-04  Data: 0.014 (0.018)
2024-04-01 12:52:17,704 - train - INFO - Train: 24 [ 150/195 ( 77%)]  Loss:  3.402474 (3.6784)  Time: 2.101s,  121.82/s  (1.994s,  128.39/s)  LR: 5.415e-04  Data: 0.021 (0.017)
2024-04-01 12:53:44,778 - train - INFO - Train: 24 [ 194/195 (100%)]  Loss:  3.629132 (3.6662)  Time: 1.980s,  129.29/s  (1.991s,  128.61/s)  LR: 5.415e-04  Data: 0.000 (0.017)
2024-04-01 12:53:46,615 - train - INFO - Test: [   0/39]  Time: 1.835 (1.835)  Loss:  2.0879 (2.0879)  Acc@1: 51.9531 (51.9531)  Acc@5: 78.1250 (78.1250)
2024-04-01 12:54:56,696 - train - INFO - Test: [  39/39]  Time: 1.649 (1.798)  Loss:  1.7920 (2.1671)  Acc@1: 56.2500 (46.5000)  Acc@5: 81.2500 (76.4600)
2024-04-01 12:54:58,748 - train - INFO - Train: 25 [   0/195 (  0%)]  Loss:  4.145567 (4.1456)  Time: 1.871s,  136.81/s  (1.871s,  136.81/s)  LR: 5.408e-04  Data: 0.338 (0.338)
2024-04-01 12:56:37,066 - train - INFO - Train: 25 [  50/195 ( 26%)]  Loss:  3.128778 (3.7286)  Time: 2.079s,  123.13/s  (1.964s,  130.32/s)  LR: 5.408e-04  Data: 0.014 (0.022)
2024-04-01 12:58:17,525 - train - INFO - Train: 25 [ 100/195 ( 52%)]  Loss:  3.863098 (3.6929)  Time: 2.207s,  115.98/s  (1.987s,  128.86/s)  LR: 5.408e-04  Data: 0.005 (0.019)
2024-04-01 12:59:56,745 - train - INFO - Train: 25 [ 150/195 ( 77%)]  Loss:  3.398989 (3.7063)  Time: 2.098s,  122.00/s  (1.986s,  128.91/s)  LR: 5.408e-04  Data: 0.019 (0.018)
2024-04-01 13:01:24,584 - train - INFO - Train: 25 [ 194/195 (100%)]  Loss:  3.276994 (3.6837)  Time: 1.919s,  133.42/s  (1.988s,  128.76/s)  LR: 5.408e-04  Data: 0.000 (0.017)
2024-04-01 13:01:26,582 - train - INFO - Test: [   0/39]  Time: 1.995 (1.995)  Loss:  2.1367 (2.1367)  Acc@1: 47.2656 (47.2656)  Acc@5: 76.5625 (76.5625)
2024-04-01 13:02:38,279 - train - INFO - Test: [  39/39]  Time: 2.041 (1.842)  Loss:  1.6572 (2.1540)  Acc@1: 62.5000 (46.7200)  Acc@5: 81.2500 (76.8700)
2024-04-01 13:02:40,789 - train - INFO - Train: 26 [   0/195 (  0%)]  Loss:  3.540564 (3.5406)  Time: 2.270s,  112.78/s  (2.270s,  112.78/s)  LR: 5.401e-04  Data: 0.373 (0.373)
2024-04-01 13:04:22,427 - train - INFO - Train: 26 [  50/195 ( 26%)]  Loss:  3.904054 (3.6576)  Time: 2.062s,  124.15/s  (2.037s,  125.65/s)  LR: 5.401e-04  Data: 0.009 (0.020)
2024-04-01 13:06:03,844 - train - INFO - Train: 26 [ 100/195 ( 52%)]  Loss:  3.713582 (3.6724)  Time: 1.990s,  128.62/s  (2.033s,  125.93/s)  LR: 5.401e-04  Data: 0.014 (0.018)
2024-04-01 13:07:45,110 - train - INFO - Train: 26 [ 150/195 ( 77%)]  Loss:  3.027220 (3.6561)  Time: 1.978s,  129.39/s  (2.030s,  126.08/s)  LR: 5.401e-04  Data: 0.010 (0.017)
2024-04-01 13:09:12,398 - train - INFO - Train: 26 [ 194/195 (100%)]  Loss:  3.851644 (3.6559)  Time: 2.067s,  123.87/s  (2.020s,  126.74/s)  LR: 5.401e-04  Data: 0.000 (0.016)
2024-04-01 13:09:14,279 - train - INFO - Test: [   0/39]  Time: 1.862 (1.862)  Loss:  2.0352 (2.0352)  Acc@1: 51.1719 (51.1719)  Acc@5: 81.2500 (81.2500)
2024-04-01 13:10:26,094 - train - INFO - Test: [  39/39]  Time: 1.829 (1.842)  Loss:  1.6895 (2.1216)  Acc@1: 62.5000 (47.6300)  Acc@5: 81.2500 (77.2400)
2024-04-01 13:10:28,674 - train - INFO - Train: 27 [   0/195 (  0%)]  Loss:  3.149900 (3.1499)  Time: 2.404s,  106.48/s  (2.404s,  106.48/s)  LR: 5.393e-04  Data: 0.319 (0.319)
2024-04-01 13:12:06,183 - train - INFO - Train: 27 [  50/195 ( 26%)]  Loss:  4.025132 (3.6362)  Time: 2.046s,  125.11/s  (1.959s,  130.67/s)  LR: 5.393e-04  Data: 0.014 (0.022)
2024-04-01 13:13:45,026 - train - INFO - Train: 27 [ 100/195 ( 52%)]  Loss:  3.659324 (3.6539)  Time: 1.962s,  130.49/s  (1.968s,  130.09/s)  LR: 5.393e-04  Data: 0.005 (0.018)
2024-04-01 13:15:23,473 - train - INFO - Train: 27 [ 150/195 ( 77%)]  Loss:  4.010212 (3.6435)  Time: 1.965s,  130.30/s  (1.968s,  130.07/s)  LR: 5.393e-04  Data: 0.006 (0.016)
2024-04-01 13:16:50,665 - train - INFO - Train: 27 [ 194/195 (100%)]  Loss:  3.748743 (3.6468)  Time: 1.980s,  129.30/s  (1.971s,  129.87/s)  LR: 5.393e-04  Data: 0.000 (0.016)
2024-04-01 13:16:52,562 - train - INFO - Test: [   0/39]  Time: 1.894 (1.894)  Loss:  2.0293 (2.0293)  Acc@1: 53.9062 (53.9062)  Acc@5: 78.1250 (78.1250)
2024-04-01 13:18:03,564 - train - INFO - Test: [  39/39]  Time: 1.626 (1.822)  Loss:  1.7246 (2.1075)  Acc@1: 50.0000 (47.4600)  Acc@5: 81.2500 (77.5000)
2024-04-01 13:18:06,160 - train - INFO - Train: 28 [   0/195 (  0%)]  Loss:  3.690250 (3.6903)  Time: 2.355s,  108.69/s  (2.355s,  108.69/s)  LR: 5.385e-04  Data: 0.336 (0.336)
2024-04-01 13:19:42,925 - train - INFO - Train: 28 [  50/195 ( 26%)]  Loss:  3.832498 (3.6200)  Time: 1.962s,  130.45/s  (1.944s,  131.72/s)  LR: 5.385e-04  Data: 0.025 (0.021)
2024-04-01 13:21:21,588 - train - INFO - Train: 28 [ 100/195 ( 52%)]  Loss:  3.248231 (3.6317)  Time: 2.118s,  120.87/s  (1.958s,  130.73/s)  LR: 5.385e-04  Data: 0.005 (0.017)
2024-04-01 13:23:00,210 - train - INFO - Train: 28 [ 150/195 ( 77%)]  Loss:  3.549599 (3.6380)  Time: 1.857s,  137.85/s  (1.963s,  130.42/s)  LR: 5.385e-04  Data: 0.009 (0.016)
2024-04-01 13:24:26,158 - train - INFO - Train: 28 [ 194/195 (100%)]  Loss:  3.869630 (3.6362)  Time: 1.791s,  142.97/s  (1.961s,  130.56/s)  LR: 5.385e-04  Data: 0.000 (0.016)
2024-04-01 13:24:28,029 - train - INFO - Test: [   0/39]  Time: 1.869 (1.869)  Loss:  1.9990 (1.9990)  Acc@1: 54.2969 (54.2969)  Acc@5: 79.2969 (79.2969)
2024-04-01 13:25:38,816 - train - INFO - Test: [  39/39]  Time: 1.769 (1.816)  Loss:  1.6836 (2.0825)  Acc@1: 56.2500 (48.4900)  Acc@5: 81.2500 (78.0500)
2024-04-01 13:25:41,286 - train - INFO - Train: 29 [   0/195 (  0%)]  Loss:  4.008632 (4.0086)  Time: 2.219s,  115.38/s  (2.219s,  115.38/s)  LR: 5.376e-04  Data: 0.254 (0.254)
2024-04-01 13:27:18,630 - train - INFO - Train: 29 [  50/195 ( 26%)]  Loss:  3.964131 (3.6798)  Time: 2.078s,  123.22/s  (1.952s,  131.13/s)  LR: 5.376e-04  Data: 0.010 (0.017)
2024-04-01 13:28:57,660 - train - INFO - Train: 29 [ 100/195 ( 52%)]  Loss:  3.438118 (3.6437)  Time: 1.897s,  134.97/s  (1.966s,  130.20/s)  LR: 5.376e-04  Data: 0.018 (0.015)
2024-04-01 13:30:36,501 - train - INFO - Train: 29 [ 150/195 ( 77%)]  Loss:  3.732762 (3.6471)  Time: 1.991s,  128.55/s  (1.970s,  129.97/s)  LR: 5.376e-04  Data: 0.005 (0.016)
2024-04-01 13:32:02,520 - train - INFO - Train: 29 [ 194/195 (100%)]  Loss:  3.199378 (3.6471)  Time: 2.020s,  126.72/s  (1.966s,  130.19/s)  LR: 5.376e-04  Data: 0.000 (0.015)
2024-04-01 13:32:04,421 - train - INFO - Test: [   0/39]  Time: 1.899 (1.899)  Loss:  2.0586 (2.0586)  Acc@1: 55.0781 (55.0781)  Acc@5: 77.7344 (77.7344)
2024-04-01 13:33:14,982 - train - INFO - Test: [  39/39]  Time: 1.624 (1.811)  Loss:  1.6016 (2.0980)  Acc@1: 56.2500 (49.0500)  Acc@5: 75.0000 (78.3300)
2024-04-01 13:33:17,606 - train - INFO - Train: 30 [   0/195 (  0%)]  Loss:  4.014775 (4.0148)  Time: 2.282s,  112.18/s  (2.282s,  112.18/s)  LR: 5.368e-04  Data: 0.328 (0.328)
2024-04-01 13:34:55,214 - train - INFO - Train: 30 [  50/195 ( 26%)]  Loss:  3.558064 (3.6229)  Time: 2.058s,  124.42/s  (1.959s,  130.71/s)  LR: 5.368e-04  Data: 0.011 (0.018)
2024-04-01 13:36:33,780 - train - INFO - Train: 30 [ 100/195 ( 52%)]  Loss:  4.145238 (3.6563)  Time: 2.108s,  121.45/s  (1.965s,  130.29/s)  LR: 5.368e-04  Data: 0.026 (0.017)
2024-04-01 13:38:10,868 - train - INFO - Train: 30 [ 150/195 ( 77%)]  Loss:  3.301692 (3.6316)  Time: 1.951s,  131.19/s  (1.957s,  130.80/s)  LR: 5.368e-04  Data: 0.007 (0.015)
2024-04-01 13:39:37,417 - train - INFO - Train: 30 [ 194/195 (100%)]  Loss:  3.952498 (3.6361)  Time: 1.916s,  133.64/s  (1.959s,  130.66/s)  LR: 5.368e-04  Data: 0.000 (0.015)
2024-04-01 13:39:39,081 - train - INFO - Test: [   0/39]  Time: 1.657 (1.657)  Loss:  2.0078 (2.0078)  Acc@1: 53.5156 (53.5156)  Acc@5: 76.9531 (76.9531)
2024-04-01 13:40:50,048 - train - INFO - Test: [  39/39]  Time: 1.866 (1.816)  Loss:  1.7607 (2.0803)  Acc@1: 56.2500 (49.2900)  Acc@5: 81.2500 (78.5800)
2024-04-01 13:40:52,676 - train - INFO - Train: 31 [   0/195 (  0%)]  Loss:  3.717426 (3.7174)  Time: 2.387s,  107.25/s  (2.387s,  107.25/s)  LR: 5.359e-04  Data: 0.426 (0.426)
2024-04-01 13:42:31,951 - train - INFO - Train: 31 [  50/195 ( 26%)]  Loss:  3.173265 (3.6179)  Time: 2.097s,  122.10/s  (1.993s,  128.43/s)  LR: 5.359e-04  Data: 0.029 (0.021)
2024-04-01 13:44:01,201 - train - INFO - Train: 31 [ 100/195 ( 52%)]  Loss:  4.052950 (3.6450)  Time: 1.643s,  155.79/s  (1.890s,  135.45/s)  LR: 5.359e-04  Data: 0.010 (0.016)
2024-04-01 13:45:28,065 - train - INFO - Train: 31 [ 150/195 ( 77%)]  Loss:  3.573890 (3.6258)  Time: 1.748s,  146.47/s  (1.839s,  139.17/s)  LR: 5.359e-04  Data: 0.027 (0.016)
2024-04-01 13:46:45,878 - train - INFO - Train: 31 [ 194/195 (100%)]  Loss:  3.764630 (3.6349)  Time: 1.751s,  146.19/s  (1.823s,  140.39/s)  LR: 5.359e-04  Data: 0.000 (0.015)
2024-04-01 13:46:47,510 - train - INFO - Test: [   0/39]  Time: 1.624 (1.624)  Loss:  1.9678 (1.9678)  Acc@1: 51.1719 (51.1719)  Acc@5: 78.5156 (78.5156)
2024-04-01 13:47:49,547 - train - INFO - Test: [  39/39]  Time: 1.562 (1.592)  Loss:  1.4902 (2.0407)  Acc@1: 62.5000 (49.7500)  Acc@5: 87.5000 (79.2500)
2024-04-01 13:47:51,639 - train - INFO - Train: 32 [   0/195 (  0%)]  Loss:  3.898464 (3.8985)  Time: 1.912s,  133.89/s  (1.912s,  133.89/s)  LR: 5.350e-04  Data: 0.269 (0.269)
2024-04-01 13:49:18,221 - train - INFO - Train: 32 [  50/195 ( 26%)]  Loss:  3.116592 (3.5400)  Time: 1.662s,  154.02/s  (1.735s,  147.54/s)  LR: 5.350e-04  Data: 0.014 (0.017)
2024-04-01 13:50:44,332 - train - INFO - Train: 32 [ 100/195 ( 52%)]  Loss:  3.782724 (3.5677)  Time: 1.708s,  149.85/s  (1.729s,  148.09/s)  LR: 5.350e-04  Data: 0.005 (0.015)
2024-04-01 13:52:11,061 - train - INFO - Train: 32 [ 150/195 ( 77%)]  Loss:  3.759049 (3.6038)  Time: 1.688s,  151.64/s  (1.731s,  147.92/s)  LR: 5.350e-04  Data: 0.018 (0.015)
2024-04-01 13:53:27,227 - train - INFO - Train: 32 [ 194/195 (100%)]  Loss:  3.566259 (3.5984)  Time: 1.647s,  155.45/s  (1.731s,  147.91/s)  LR: 5.350e-04  Data: 0.000 (0.014)
2024-04-01 13:53:29,013 - train - INFO - Test: [   0/39]  Time: 1.780 (1.780)  Loss:  1.9727 (1.9727)  Acc@1: 53.1250 (53.1250)  Acc@5: 79.6875 (79.6875)
2024-04-01 13:54:31,813 - train - INFO - Test: [  39/39]  Time: 1.638 (1.614)  Loss:  1.6357 (2.0379)  Acc@1: 50.0000 (50.2500)  Acc@5: 75.0000 (79.4000)
2024-04-01 13:54:34,023 - train - INFO - Train: 33 [   0/195 (  0%)]  Loss:  3.268986 (3.2690)  Time: 1.896s,  135.05/s  (1.896s,  135.05/s)  LR: 5.340e-04  Data: 0.288 (0.288)
2024-04-01 13:56:01,613 - train - INFO - Train: 33 [  50/195 ( 26%)]  Loss:  3.858181 (3.5390)  Time: 1.784s,  143.50/s  (1.755s,  145.90/s)  LR: 5.340e-04  Data: 0.005 (0.018)
2024-04-01 13:57:28,628 - train - INFO - Train: 33 [ 100/195 ( 52%)]  Loss:  3.773002 (3.5431)  Time: 1.715s,  149.25/s  (1.747s,  146.50/s)  LR: 5.340e-04  Data: 0.005 (0.015)
2024-04-01 13:58:56,022 - train - INFO - Train: 33 [ 150/195 ( 77%)]  Loss:  3.222544 (3.5456)  Time: 1.817s,  140.91/s  (1.748s,  146.49/s)  LR: 5.340e-04  Data: 0.006 (0.014)
2024-04-01 14:00:13,811 - train - INFO - Train: 33 [ 194/195 (100%)]  Loss:  3.426214 (3.5509)  Time: 1.749s,  146.34/s  (1.752s,  146.11/s)  LR: 5.340e-04  Data: 0.000 (0.014)
2024-04-01 14:00:15,375 - train - INFO - Test: [   0/39]  Time: 1.561 (1.561)  Loss:  1.9658 (1.9658)  Acc@1: 54.6875 (54.6875)  Acc@5: 78.5156 (78.5156)
2024-04-01 14:01:22,998 - train - INFO - Test: [  39/39]  Time: 1.939 (1.730)  Loss:  1.7090 (1.9916)  Acc@1: 56.2500 (50.1900)  Acc@5: 81.2500 (79.6400)
2024-04-01 14:01:25,863 - train - INFO - Train: 34 [   0/195 (  0%)]  Loss:  3.203332 (3.2033)  Time: 2.587s,   98.95/s  (2.587s,   98.95/s)  LR: 5.331e-04  Data: 0.474 (0.474)
2024-04-01 14:03:07,325 - train - INFO - Train: 34 [  50/195 ( 26%)]  Loss:  3.656797 (3.5118)  Time: 2.329s,  109.93/s  (2.040s,  125.48/s)  LR: 5.331e-04  Data: 0.031 (0.026)
2024-04-01 14:04:48,389 - train - INFO - Train: 34 [ 100/195 ( 52%)]  Loss:  3.548593 (3.5503)  Time: 2.001s,  127.93/s  (2.031s,  126.06/s)  LR: 5.331e-04  Data: 0.022 (0.021)
2024-04-01 14:06:29,044 - train - INFO - Train: 34 [ 150/195 ( 77%)]  Loss:  3.394855 (3.5599)  Time: 2.092s,  122.35/s  (2.025s,  126.42/s)  LR: 5.331e-04  Data: 0.010 (0.019)
2024-04-01 14:07:57,844 - train - INFO - Train: 34 [ 194/195 (100%)]  Loss:  3.435785 (3.5529)  Time: 2.005s,  127.68/s  (2.023s,  126.52/s)  LR: 5.331e-04  Data: 0.000 (0.019)
2024-04-01 14:07:59,787 - train - INFO - Test: [   0/39]  Time: 1.940 (1.940)  Loss:  1.9326 (1.9326)  Acc@1: 54.6875 (54.6875)  Acc@5: 80.4688 (80.4688)
2024-04-01 14:09:10,056 - train - INFO - Test: [  39/39]  Time: 1.768 (1.805)  Loss:  1.6338 (1.9841)  Acc@1: 62.5000 (50.0100)  Acc@5: 81.2500 (80.1700)
2024-04-01 14:09:12,746 - train - INFO - Train: 35 [   0/195 (  0%)]  Loss:  3.436950 (3.4370)  Time: 2.338s,  109.48/s  (2.338s,  109.48/s)  LR: 5.321e-04  Data: 0.374 (0.374)
2024-04-01 14:10:52,206 - train - INFO - Train: 35 [  50/195 ( 26%)]  Loss:  3.999368 (3.5767)  Time: 2.008s,  127.50/s  (1.996s,  128.26/s)  LR: 5.321e-04  Data: 0.014 (0.020)
2024-04-01 14:12:32,318 - train - INFO - Train: 35 [ 100/195 ( 52%)]  Loss:  4.030982 (3.5685)  Time: 2.018s,  126.84/s  (1.999s,  128.06/s)  LR: 5.321e-04  Data: 0.016 (0.017)
2024-04-01 14:14:13,160 - train - INFO - Train: 35 [ 150/195 ( 77%)]  Loss:  3.737464 (3.5841)  Time: 1.956s,  130.87/s  (2.005s,  127.69/s)  LR: 5.321e-04  Data: 0.021 (0.016)
2024-04-01 14:15:41,245 - train - INFO - Train: 35 [ 194/195 (100%)]  Loss:  3.547563 (3.5791)  Time: 2.048s,  124.97/s  (2.004s,  127.73/s)  LR: 5.321e-04  Data: 0.000 (0.016)
2024-04-01 14:15:43,290 - train - INFO - Test: [   0/39]  Time: 2.039 (2.039)  Loss:  1.9277 (1.9277)  Acc@1: 55.0781 (55.0781)  Acc@5: 80.8594 (80.8594)
2024-04-01 14:16:54,838 - train - INFO - Test: [  39/39]  Time: 1.759 (1.840)  Loss:  1.5967 (1.9527)  Acc@1: 62.5000 (51.5700)  Acc@5: 81.2500 (80.4200)
2024-04-01 14:16:57,259 - train - INFO - Train: 36 [   0/195 (  0%)]  Loss:  3.613892 (3.6139)  Time: 2.015s,  127.07/s  (2.015s,  127.07/s)  LR: 5.310e-04  Data: 0.253 (0.253)
2024-04-01 14:18:35,023 - train - INFO - Train: 36 [  50/195 ( 26%)]  Loss:  3.941355 (3.5336)  Time: 2.064s,  124.05/s  (1.956s,  130.85/s)  LR: 5.310e-04  Data: 0.014 (0.019)
2024-04-01 14:20:14,020 - train - INFO - Train: 36 [ 100/195 ( 52%)]  Loss:  4.077670 (3.5178)  Time: 2.052s,  124.73/s  (1.968s,  130.09/s)  LR: 5.310e-04  Data: 0.020 (0.017)
2024-04-01 14:21:52,896 - train - INFO - Train: 36 [ 150/195 ( 77%)]  Loss:  3.638512 (3.5215)  Time: 2.102s,  121.79/s  (1.971s,  129.88/s)  LR: 5.310e-04  Data: 0.018 (0.016)
2024-04-01 14:23:21,396 - train - INFO - Train: 36 [ 194/195 (100%)]  Loss:  3.794231 (3.5327)  Time: 1.900s,  134.76/s  (1.980s,  129.29/s)  LR: 5.310e-04  Data: 0.000 (0.016)
2024-04-01 14:23:23,337 - train - INFO - Test: [   0/39]  Time: 1.934 (1.934)  Loss:  1.8965 (1.8965)  Acc@1: 54.6875 (54.6875)  Acc@5: 82.4219 (82.4219)
2024-04-01 14:24:33,728 - train - INFO - Test: [  39/39]  Time: 1.815 (1.808)  Loss:  1.5996 (1.9492)  Acc@1: 62.5000 (51.8700)  Acc@5: 81.2500 (81.2800)
2024-04-01 14:24:36,274 - train - INFO - Train: 37 [   0/195 (  0%)]  Loss:  3.211628 (3.2116)  Time: 2.076s,  123.31/s  (2.076s,  123.31/s)  LR: 5.300e-04  Data: 0.246 (0.246)
2024-04-01 14:26:13,686 - train - INFO - Train: 37 [  50/195 ( 26%)]  Loss:  3.408224 (3.5239)  Time: 2.082s,  122.93/s  (1.951s,  131.24/s)  LR: 5.300e-04  Data: 0.022 (0.019)
2024-04-01 14:27:53,480 - train - INFO - Train: 37 [ 100/195 ( 52%)]  Loss:  4.032895 (3.5426)  Time: 1.899s,  134.78/s  (1.973s,  129.75/s)  LR: 5.300e-04  Data: 0.014 (0.018)
2024-04-01 14:29:33,447 - train - INFO - Train: 37 [ 150/195 ( 77%)]  Loss:  3.206882 (3.5551)  Time: 1.980s,  129.27/s  (1.982s,  129.18/s)  LR: 5.300e-04  Data: 0.070 (0.018)
2024-04-01 14:31:01,172 - train - INFO - Train: 37 [ 194/195 (100%)]  Loss:  3.699440 (3.5705)  Time: 2.018s,  126.87/s  (1.984s,  129.01/s)  LR: 5.300e-04  Data: 0.000 (0.017)
2024-04-01 14:31:03,195 - train - INFO - Test: [   0/39]  Time: 2.021 (2.021)  Loss:  1.9355 (1.9355)  Acc@1: 55.0781 (55.0781)  Acc@5: 80.4688 (80.4688)
2024-04-01 14:32:14,212 - train - INFO - Test: [  39/39]  Time: 1.756 (1.826)  Loss:  1.5723 (1.9865)  Acc@1: 62.5000 (51.1500)  Acc@5: 81.2500 (79.6600)
2024-04-01 14:32:16,847 - train - INFO - Train: 38 [   0/195 (  0%)]  Loss:  3.500010 (3.5000)  Time: 2.344s,  109.22/s  (2.344s,  109.22/s)  LR: 5.289e-04  Data: 0.285 (0.285)
2024-04-01 14:33:57,348 - train - INFO - Train: 38 [  50/195 ( 26%)]  Loss:  3.429685 (3.5536)  Time: 2.051s,  124.84/s  (2.017s,  126.95/s)  LR: 5.289e-04  Data: 0.021 (0.019)
2024-04-01 14:35:38,729 - train - INFO - Train: 38 [ 100/195 ( 52%)]  Loss:  3.144278 (3.5416)  Time: 2.309s,  110.85/s  (2.022s,  126.61/s)  LR: 5.289e-04  Data: 0.010 (0.017)
2024-04-01 14:37:19,296 - train - INFO - Train: 38 [ 150/195 ( 77%)]  Loss:  4.026846 (3.5499)  Time: 2.024s,  126.46/s  (2.018s,  126.83/s)  LR: 5.289e-04  Data: 0.023 (0.018)
2024-04-01 14:38:48,092 - train - INFO - Train: 38 [ 194/195 (100%)]  Loss:  3.414953 (3.5356)  Time: 1.956s,  130.87/s  (2.018s,  126.83/s)  LR: 5.289e-04  Data: 0.000 (0.017)
2024-04-01 14:38:49,909 - train - INFO - Test: [   0/39]  Time: 1.815 (1.815)  Loss:  1.8955 (1.8955)  Acc@1: 54.2969 (54.2969)  Acc@5: 81.6406 (81.6406)
2024-04-01 14:40:02,310 - train - INFO - Test: [  39/39]  Time: 1.968 (1.855)  Loss:  1.5645 (1.9389)  Acc@1: 62.5000 (52.1600)  Acc@5: 87.5000 (81.1200)
2024-04-01 14:40:04,624 - train - INFO - Train: 39 [   0/195 (  0%)]  Loss:  3.901295 (3.9013)  Time: 1.949s,  131.35/s  (1.949s,  131.35/s)  LR: 5.278e-04  Data: 0.304 (0.304)
2024-04-01 14:41:43,229 - train - INFO - Train: 39 [  50/195 ( 26%)]  Loss:  3.277022 (3.5178)  Time: 1.743s,  146.89/s  (1.972s,  129.84/s)  LR: 5.278e-04  Data: 0.005 (0.019)
2024-04-01 14:43:24,956 - train - INFO - Train: 39 [ 100/195 ( 52%)]  Loss:  3.948968 (3.5574)  Time: 1.977s,  129.47/s  (2.003s,  127.82/s)  LR: 5.278e-04  Data: 0.005 (0.017)
2024-04-01 14:45:07,115 - train - INFO - Train: 39 [ 150/195 ( 77%)]  Loss:  3.707496 (3.5500)  Time: 2.179s,  117.50/s  (2.016s,  126.98/s)  LR: 5.278e-04  Data: 0.015 (0.016)
2024-04-01 14:46:42,877 - train - INFO - Train: 39 [ 194/195 (100%)]  Loss:  3.048904 (3.5470)  Time: 2.280s,  112.29/s  (2.052s,  124.74/s)  LR: 5.278e-04  Data: 0.000 (0.015)
2024-04-01 14:46:45,034 - train - INFO - Test: [   0/39]  Time: 2.144 (2.144)  Loss:  1.8818 (1.8818)  Acc@1: 59.7656 (59.7656)  Acc@5: 82.0312 (82.0312)
2024-04-01 14:48:05,607 - train - INFO - Test: [  39/39]  Time: 1.996 (2.068)  Loss:  1.4180 (1.9343)  Acc@1: 68.7500 (52.7800)  Acc@5: 81.2500 (81.1700)
2024-04-01 14:48:08,330 - train - INFO - Train: 40 [   0/195 (  0%)]  Loss:  3.706539 (3.7065)  Time: 2.413s,  106.10/s  (2.413s,  106.10/s)  LR: 5.267e-04  Data: 0.320 (0.320)
2024-04-01 14:49:57,647 - train - INFO - Train: 40 [  50/195 ( 26%)]  Loss:  3.278063 (3.5319)  Time: 2.011s,  127.28/s  (2.191s,  116.86/s)  LR: 5.267e-04  Data: 0.026 (0.024)
2024-04-01 14:51:45,833 - train - INFO - Train: 40 [ 100/195 ( 52%)]  Loss:  3.104333 (3.5077)  Time: 2.354s,  108.75/s  (2.177s,  117.57/s)  LR: 5.267e-04  Data: 0.015 (0.021)
2024-04-01 14:53:32,697 - train - INFO - Train: 40 [ 150/195 ( 77%)]  Loss:  3.737554 (3.5209)  Time: 2.150s,  119.08/s  (2.164s,  118.30/s)  LR: 5.267e-04  Data: 0.018 (0.019)
2024-04-01 14:55:06,926 - train - INFO - Train: 40 [ 194/195 (100%)]  Loss:  3.926650 (3.5174)  Time: 2.157s,  118.70/s  (2.159s,  118.58/s)  LR: 5.267e-04  Data: 0.000 (0.018)
2024-04-01 14:55:09,139 - train - INFO - Test: [   0/39]  Time: 2.193 (2.193)  Loss:  1.8789 (1.8789)  Acc@1: 54.2969 (54.2969)  Acc@5: 78.9062 (78.9062)
2024-04-01 14:56:27,339 - train - INFO - Test: [  39/39]  Time: 2.061 (2.010)  Loss:  1.5791 (1.9221)  Acc@1: 62.5000 (52.0000)  Acc@5: 81.2500 (80.6500)
2024-04-01 14:56:29,528 - train - INFO - Train: 41 [   0/195 (  0%)]  Loss:  3.800383 (3.8004)  Time: 1.725s,  148.40/s  (1.725s,  148.40/s)  LR: 5.255e-04  Data: 0.332 (0.332)
2024-04-01 14:58:15,511 - train - INFO - Train: 41 [  50/195 ( 26%)]  Loss:  3.704399 (3.5445)  Time: 2.267s,  112.91/s  (2.112s,  121.22/s)  LR: 5.255e-04  Data: 0.008 (0.022)
2024-04-01 15:00:09,040 - train - INFO - Train: 41 [ 100/195 ( 52%)]  Loss:  3.065441 (3.5131)  Time: 2.155s,  118.81/s  (2.190s,  116.87/s)  LR: 5.255e-04  Data: 0.017 (0.020)
2024-04-01 15:01:58,208 - train - INFO - Train: 41 [ 150/195 ( 77%)]  Loss:  3.047229 (3.5034)  Time: 2.142s,  119.51/s  (2.188s,  117.00/s)  LR: 5.255e-04  Data: 0.027 (0.018)
2024-04-01 15:03:32,632 - train - INFO - Train: 41 [ 194/195 (100%)]  Loss:  3.051952 (3.4984)  Time: 1.776s,  144.13/s  (2.179s,  117.51/s)  LR: 5.255e-04  Data: 0.000 (0.017)
2024-04-01 15:03:34,561 - train - INFO - Test: [   0/39]  Time: 1.917 (1.917)  Loss:  1.8203 (1.8203)  Acc@1: 56.2500 (56.2500)  Acc@5: 82.0312 (82.0312)
2024-04-01 15:04:52,524 - train - INFO - Test: [  39/39]  Time: 2.076 (1.997)  Loss:  1.5820 (1.8482)  Acc@1: 62.5000 (53.0600)  Acc@5: 75.0000 (82.2200)
2024-04-01 15:04:56,026 - train - INFO - Train: 42 [   0/195 (  0%)]  Loss:  3.047345 (3.0473)  Time: 2.793s,   91.66/s  (2.793s,   91.66/s)  LR: 5.243e-04  Data: 0.467 (0.467)
2024-04-01 15:06:45,109 - train - INFO - Train: 42 [  50/195 ( 26%)]  Loss:  3.172899 (3.4618)  Time: 2.101s,  121.85/s  (2.194s,  116.70/s)  LR: 5.243e-04  Data: 0.046 (0.026)
2024-04-01 15:08:31,412 - train - INFO - Train: 42 [ 100/195 ( 52%)]  Loss:  3.656828 (3.4800)  Time: 2.042s,  125.37/s  (2.160s,  118.51/s)  LR: 5.243e-04  Data: 0.005 (0.021)
2024-04-01 15:10:17,864 - train - INFO - Train: 42 [ 150/195 ( 77%)]  Loss:  3.024538 (3.4937)  Time: 2.118s,  120.85/s  (2.150s,  119.08/s)  LR: 5.243e-04  Data: 0.014 (0.019)
2024-04-01 15:11:54,021 - train - INFO - Train: 42 [ 194/195 (100%)]  Loss:  3.263390 (3.4723)  Time: 2.306s,  111.00/s  (2.158s,  118.64/s)  LR: 5.243e-04  Data: 0.000 (0.018)
2024-04-01 15:11:56,126 - train - INFO - Test: [   0/39]  Time: 2.080 (2.080)  Loss:  1.8457 (1.8457)  Acc@1: 57.0312 (57.0312)  Acc@5: 82.0312 (82.0312)
2024-04-01 15:13:14,855 - train - INFO - Test: [  39/39]  Time: 2.284 (2.020)  Loss:  1.7412 (1.9150)  Acc@1: 50.0000 (52.4300)  Acc@5: 75.0000 (81.3200)
2024-04-01 15:13:17,859 - train - INFO - Train: 43 [   0/195 (  0%)]  Loss:  3.588701 (3.5887)  Time: 2.704s,   94.69/s  (2.704s,   94.69/s)  LR: 5.231e-04  Data: 0.496 (0.496)
2024-04-01 15:15:03,006 - train - INFO - Train: 43 [  50/195 ( 26%)]  Loss:  3.507563 (3.5404)  Time: 2.406s,  106.40/s  (2.114s,  121.07/s)  LR: 5.231e-04  Data: 0.031 (0.027)
2024-04-01 15:16:49,122 - train - INFO - Train: 43 [ 100/195 ( 52%)]  Loss:  3.430927 (3.5651)  Time: 2.242s,  114.20/s  (2.118s,  120.85/s)  LR: 5.231e-04  Data: 0.010 (0.021)
2024-04-01 15:18:34,935 - train - INFO - Train: 43 [ 150/195 ( 77%)]  Loss:  3.103858 (3.5273)  Time: 2.177s,  117.61/s  (2.118s,  120.89/s)  LR: 5.231e-04  Data: 0.017 (0.020)
2024-04-01 15:20:10,037 - train - INFO - Train: 43 [ 194/195 (100%)]  Loss:  3.594536 (3.4989)  Time: 2.199s,  116.41/s  (2.127s,  120.33/s)  LR: 5.231e-04  Data: 0.000 (0.019)
2024-04-01 15:20:12,226 - train - INFO - Test: [   0/39]  Time: 2.186 (2.186)  Loss:  1.8506 (1.8506)  Acc@1: 57.4219 (57.4219)  Acc@5: 82.8125 (82.8125)
2024-04-01 15:21:29,095 - train - INFO - Test: [  39/39]  Time: 1.925 (1.976)  Loss:  1.7373 (1.9065)  Acc@1: 50.0000 (51.8600)  Acc@5: 75.0000 (81.7400)
2024-04-01 15:21:31,978 - train - INFO - Train: 44 [   0/195 (  0%)]  Loss:  3.899357 (3.8994)  Time: 2.530s,  101.19/s  (2.530s,  101.19/s)  LR: 5.218e-04  Data: 0.340 (0.340)
2024-04-01 15:23:18,119 - train - INFO - Train: 44 [  50/195 ( 26%)]  Loss:  3.798787 (3.5866)  Time: 2.188s,  117.01/s  (2.131s,  120.14/s)  LR: 5.218e-04  Data: 0.043 (0.023)
2024-04-01 15:25:08,969 - train - INFO - Train: 44 [ 100/195 ( 52%)]  Loss:  3.268122 (3.5255)  Time: 2.162s,  118.41/s  (2.173s,  117.79/s)  LR: 5.218e-04  Data: 0.005 (0.020)
2024-04-01 15:26:56,304 - train - INFO - Train: 44 [ 150/195 ( 77%)]  Loss:  3.872419 (3.5131)  Time: 2.277s,  112.42/s  (2.164s,  118.27/s)  LR: 5.218e-04  Data: 0.005 (0.018)
2024-04-01 15:28:31,089 - train - INFO - Train: 44 [ 194/195 (100%)]  Loss:  3.835589 (3.5080)  Time: 1.972s,  129.83/s  (2.162s,  118.40/s)  LR: 5.218e-04  Data: 0.000 (0.018)
2024-04-01 15:28:33,133 - train - INFO - Test: [   0/39]  Time: 2.041 (2.041)  Loss:  1.8311 (1.8311)  Acc@1: 57.4219 (57.4219)  Acc@5: 81.2500 (81.2500)
2024-04-01 15:29:50,234 - train - INFO - Test: [  39/39]  Time: 2.024 (1.979)  Loss:  1.5889 (1.8711)  Acc@1: 62.5000 (53.5600)  Acc@5: 81.2500 (81.9300)
2024-04-01 15:29:53,200 - train - INFO - Train: 45 [   0/195 (  0%)]  Loss:  2.943211 (2.9432)  Time: 2.477s,  103.35/s  (2.477s,  103.35/s)  LR: 5.206e-04  Data: 0.333 (0.333)
2024-04-01 15:31:42,187 - train - INFO - Train: 45 [  50/195 ( 26%)]  Loss:  3.975262 (3.4650)  Time: 2.072s,  123.53/s  (2.186s,  117.13/s)  LR: 5.206e-04  Data: 0.057 (0.023)
2024-04-01 15:33:32,170 - train - INFO - Train: 45 [ 100/195 ( 52%)]  Loss:  3.812513 (3.4555)  Time: 2.517s,  101.69/s  (2.192s,  116.76/s)  LR: 5.206e-04  Data: 0.014 (0.019)
2024-04-01 15:35:20,231 - train - INFO - Train: 45 [ 150/195 ( 77%)]  Loss:  3.538503 (3.4733)  Time: 2.166s,  118.19/s  (2.182s,  117.32/s)  LR: 5.206e-04  Data: 0.006 (0.018)
2024-04-01 15:36:59,017 - train - INFO - Train: 45 [ 194/195 (100%)]  Loss:  3.969264 (3.4843)  Time: 2.831s,   90.42/s  (2.196s,  116.56/s)  LR: 5.206e-04  Data: 0.000 (0.017)
2024-04-01 15:37:01,414 - train - INFO - Test: [   0/39]  Time: 2.394 (2.394)  Loss:  1.8320 (1.8320)  Acc@1: 57.4219 (57.4219)  Acc@5: 81.6406 (81.6406)
2024-04-01 15:38:20,117 - train - INFO - Test: [  39/39]  Time: 2.141 (2.027)  Loss:  1.5244 (1.8707)  Acc@1: 62.5000 (53.9500)  Acc@5: 87.5000 (82.2300)
2024-04-01 15:38:23,116 - train - INFO - Train: 46 [   0/195 (  0%)]  Loss:  2.991287 (2.9913)  Time: 2.671s,   95.85/s  (2.671s,   95.85/s)  LR: 5.193e-04  Data: 0.275 (0.275)
2024-04-01 15:40:12,302 - train - INFO - Train: 46 [  50/195 ( 26%)]  Loss:  3.048579 (3.3531)  Time: 2.261s,  113.24/s  (2.193s,  116.72/s)  LR: 5.193e-04  Data: 0.014 (0.022)
2024-04-01 15:42:00,753 - train - INFO - Train: 46 [ 100/195 ( 52%)]  Loss:  3.871455 (3.4358)  Time: 2.038s,  125.60/s  (2.181s,  117.37/s)  LR: 5.193e-04  Data: 0.010 (0.019)
2024-04-01 15:43:50,766 - train - INFO - Train: 46 [ 150/195 ( 77%)]  Loss:  3.180651 (3.4425)  Time: 2.218s,  115.42/s  (2.187s,  117.03/s)  LR: 5.193e-04  Data: 0.034 (0.019)
2024-04-01 15:45:24,675 - train - INFO - Train: 46 [ 194/195 (100%)]  Loss:  2.992255 (3.4491)  Time: 2.153s,  118.88/s  (2.175s,  117.67/s)  LR: 5.193e-04  Data: 0.000 (0.018)
2024-04-01 15:45:26,836 - train - INFO - Test: [   0/39]  Time: 2.159 (2.159)  Loss:  1.8115 (1.8115)  Acc@1: 57.8125 (57.8125)  Acc@5: 83.5938 (83.5938)
2024-04-01 15:46:44,369 - train - INFO - Test: [  39/39]  Time: 2.086 (1.992)  Loss:  1.5908 (1.8284)  Acc@1: 62.5000 (54.1200)  Acc@5: 81.2500 (82.3400)
2024-04-01 15:46:47,095 - train - INFO - Train: 47 [   0/195 (  0%)]  Loss:  3.213665 (3.2137)  Time: 2.363s,  108.35/s  (2.363s,  108.35/s)  LR: 5.180e-04  Data: 0.391 (0.391)
