2024-04-23 14:19:51,599 - train - INFO - Model vit_7_4_32 created, param count:3717072
2024-04-23 14:19:51,618 - train - INFO - Using native Torch AMP. Training in mixed precision.
2024-04-23 14:19:51,619 - train - INFO - Scheduled epochs: 11
2024-04-23 14:19:52,750 - train - INFO - Verifying teacher model
2024-04-23 14:19:53,175 - train - INFO - Test: [   0/39]  Time: 0.424 (0.424)  Loss:  0.3433 (0.3433)  Acc@1: 93.7500 (93.7500)  Acc@5: 100.0000 (100.0000)
2024-04-23 14:19:53,521 - train - INFO - Test: [  39/39]  Time: 0.069 (0.019)  Loss:  0.3740 (0.3449)  Acc@1: 93.7500 (93.5400)  Acc@5: 100.0000 (99.7600)
2024-04-23 14:19:53,522 - train - INFO - Verifying initial model in training dataset
2024-04-23 14:20:07,099 - train - INFO - len loader.dataset:50000
2024-04-23 14:20:07,146 - train - INFO - mean grad:tensor(6.7024e-13, device='cuda:0')
2024-04-23 14:20:07,147 - train - INFO - mean grad:tensor(-7.1276e-13, device='cuda:0')
2024-04-23 14:20:07,148 - train - INFO - mean grad:tensor(1.6653e-16, device='cuda:0')
2024-04-23 14:20:07,148 - train - INFO - mean grad:tensor(-1.3664e-17, device='cuda:0')
2024-04-23 14:20:07,149 - train - INFO - mean grad:tensor(4.6487e-10, device='cuda:0')
2024-04-23 14:20:07,150 - train - INFO - mean grad:tensor(-1.1553e-09, device='cuda:0')
2024-04-23 14:20:07,150 - train - INFO - mean grad:tensor(1.6023e-12, device='cuda:0')
2024-04-23 14:20:07,151 - train - INFO - mean grad:tensor(4.0055e-16, device='cuda:0')
2024-04-23 14:20:07,152 - train - INFO - mean grad:tensor(-2.0239e-12, device='cuda:0')
2024-04-23 14:20:07,152 - train - INFO - mean grad:tensor(-1.6748e-11, device='cuda:0')
2024-04-23 14:20:07,153 - train - INFO - mean grad:tensor(-3.9734e-11, device='cuda:0')
2024-04-23 14:20:07,154 - train - INFO - mean grad:tensor(-3.4764e-10, device='cuda:0')
2024-04-23 14:20:07,154 - train - INFO - mean grad:tensor(-3.2971e-11, device='cuda:0')
2024-04-23 14:20:07,155 - train - INFO - mean grad:tensor(-1.7214e-14, device='cuda:0')
2024-04-23 14:20:07,155 - train - INFO - mean grad:tensor(3.4556e-14, device='cuda:0')
2024-04-23 14:20:07,156 - train - INFO - mean grad:tensor(8.0100e-10, device='cuda:0')
2024-04-23 14:20:07,157 - train - INFO - mean grad:tensor(2.8571e-10, device='cuda:0')
2024-04-23 14:20:07,157 - train - INFO - mean grad:tensor(6.2867e-14, device='cuda:0')
2024-04-23 14:20:07,158 - train - INFO - mean grad:tensor(-4.0307e-16, device='cuda:0')
2024-04-23 14:20:07,159 - train - INFO - mean grad:tensor(-7.0305e-14, device='cuda:0')
2024-04-23 14:20:07,159 - train - INFO - mean grad:tensor(-2.0325e-12, device='cuda:0')
2024-04-23 14:20:07,160 - train - INFO - mean grad:tensor(5.4973e-11, device='cuda:0')
2024-04-23 14:20:07,161 - train - INFO - mean grad:tensor(-9.9773e-10, device='cuda:0')
2024-04-23 14:20:07,161 - train - INFO - mean grad:tensor(1.1843e-11, device='cuda:0')
2024-04-23 14:20:07,162 - train - INFO - mean grad:tensor(-2.5032e-15, device='cuda:0')
2024-04-23 14:20:07,162 - train - INFO - mean grad:tensor(1.6030e-13, device='cuda:0')
2024-04-23 14:20:07,163 - train - INFO - mean grad:tensor(4.4206e-09, device='cuda:0')
2024-04-23 14:20:07,164 - train - INFO - mean grad:tensor(2.1704e-10, device='cuda:0')
2024-04-23 14:20:07,164 - train - INFO - mean grad:tensor(-1.0851e-12, device='cuda:0')
2024-04-23 14:20:07,165 - train - INFO - mean grad:tensor(1.5314e-15, device='cuda:0')
2024-04-23 14:20:07,166 - train - INFO - mean grad:tensor(-1.3597e-13, device='cuda:0')
2024-04-23 14:20:07,166 - train - INFO - mean grad:tensor(8.7752e-13, device='cuda:0')
2024-04-23 14:20:07,167 - train - INFO - mean grad:tensor(2.3874e-10, device='cuda:0')
2024-04-23 14:20:07,168 - train - INFO - mean grad:tensor(-9.8578e-11, device='cuda:0')
2024-04-23 14:20:07,168 - train - INFO - mean grad:tensor(1.6929e-10, device='cuda:0')
2024-04-23 14:20:07,169 - train - INFO - mean grad:tensor(3.6997e-15, device='cuda:0')
2024-04-23 14:20:07,170 - train - INFO - mean grad:tensor(-1.0900e-13, device='cuda:0')
2024-04-23 14:20:07,170 - train - INFO - mean grad:tensor(1.4639e-09, device='cuda:0')
2024-04-23 14:20:07,171 - train - INFO - mean grad:tensor(1.0747e-10, device='cuda:0')
2024-04-23 14:20:07,171 - train - INFO - mean grad:tensor(-1.1059e-12, device='cuda:0')
2024-04-23 14:20:07,172 - train - INFO - mean grad:tensor(-4.8170e-15, device='cuda:0')
2024-04-23 14:20:07,173 - train - INFO - mean grad:tensor(-3.9711e-14, device='cuda:0')
2024-04-23 14:20:07,173 - train - INFO - mean grad:tensor(-1.6887e-12, device='cuda:0')
2024-04-23 14:20:07,174 - train - INFO - mean grad:tensor(-1.3967e-10, device='cuda:0')
2024-04-23 14:20:07,175 - train - INFO - mean grad:tensor(1.9843e-10, device='cuda:0')
2024-04-23 14:20:07,175 - train - INFO - mean grad:tensor(-2.1477e-10, device='cuda:0')
2024-04-23 14:20:07,176 - train - INFO - mean grad:tensor(4.0688e-15, device='cuda:0')
2024-04-23 14:20:07,177 - train - INFO - mean grad:tensor(1.6878e-13, device='cuda:0')
2024-04-23 14:20:07,177 - train - INFO - mean grad:tensor(-1.3992e-09, device='cuda:0')
2024-04-23 14:20:07,178 - train - INFO - mean grad:tensor(3.6692e-11, device='cuda:0')
2024-04-23 14:20:07,178 - train - INFO - mean grad:tensor(-5.6120e-13, device='cuda:0')
2024-04-23 14:20:07,179 - train - INFO - mean grad:tensor(-1.3259e-15, device='cuda:0')
2024-04-23 14:20:07,180 - train - INFO - mean grad:tensor(4.5045e-13, device='cuda:0')
2024-04-23 14:20:07,180 - train - INFO - mean grad:tensor(1.7950e-12, device='cuda:0')
2024-04-23 14:20:07,181 - train - INFO - mean grad:tensor(1.2347e-10, device='cuda:0')
2024-04-23 14:20:07,182 - train - INFO - mean grad:tensor(-9.6537e-11, device='cuda:0')
2024-04-23 14:20:07,182 - train - INFO - mean grad:tensor(-8.0330e-11, device='cuda:0')
2024-04-23 14:20:07,183 - train - INFO - mean grad:tensor(2.7829e-15, device='cuda:0')
2024-04-23 14:20:07,184 - train - INFO - mean grad:tensor(-4.7379e-14, device='cuda:0')
2024-04-23 14:20:07,184 - train - INFO - mean grad:tensor(1.0590e-09, device='cuda:0')
2024-04-23 14:20:07,185 - train - INFO - mean grad:tensor(-2.4164e-10, device='cuda:0')
2024-04-23 14:20:07,185 - train - INFO - mean grad:tensor(-2.1405e-13, device='cuda:0')
2024-04-23 14:20:07,186 - train - INFO - mean grad:tensor(3.9801e-15, device='cuda:0')
2024-04-23 14:20:07,187 - train - INFO - mean grad:tensor(1.2185e-14, device='cuda:0')
2024-04-23 14:20:07,187 - train - INFO - mean grad:tensor(4.4546e-13, device='cuda:0')
2024-04-23 14:20:07,188 - train - INFO - mean grad:tensor(7.6125e-11, device='cuda:0')
2024-04-23 14:20:07,189 - train - INFO - mean grad:tensor(-7.4904e-10, device='cuda:0')
2024-04-23 14:20:07,189 - train - INFO - mean grad:tensor(-1.9205e-10, device='cuda:0')
2024-04-23 14:20:07,190 - train - INFO - mean grad:tensor(2.0502e-15, device='cuda:0')
2024-04-23 14:20:07,190 - train - INFO - mean grad:tensor(-1.2759e-13, device='cuda:0')
2024-04-23 14:20:07,191 - train - INFO - mean grad:tensor(1.4295e-09, device='cuda:0')
2024-04-23 14:20:07,192 - train - INFO - mean grad:tensor(2.5998e-10, device='cuda:0')
2024-04-23 14:20:07,192 - train - INFO - mean grad:tensor(1.5851e-13, device='cuda:0')
2024-04-23 14:20:07,193 - train - INFO - mean grad:tensor(4.7483e-17, device='cuda:0')
2024-04-23 14:20:07,194 - train - INFO - mean grad:tensor(8.3211e-14, device='cuda:0')
2024-04-23 14:20:07,194 - train - INFO - mean grad:tensor(-5.2300e-13, device='cuda:0')
2024-04-23 14:20:07,195 - train - INFO - mean grad:tensor(9.1432e-11, device='cuda:0')
2024-04-23 14:20:07,196 - train - INFO - mean grad:tensor(1.8404e-11, device='cuda:0')
2024-04-23 14:20:07,196 - train - INFO - mean grad:tensor(-1.1656e-10, device='cuda:0')
2024-04-23 14:20:07,197 - train - INFO - mean grad:tensor(-8.8991e-16, device='cuda:0')
2024-04-23 14:20:07,197 - train - INFO - mean grad:tensor(3.2457e-14, device='cuda:0')
2024-04-23 14:20:07,198 - train - INFO - mean grad:tensor(2.2119e-10, device='cuda:0')
2024-04-23 14:20:07,199 - train - INFO - mean grad:tensor(1.0085e-11, device='cuda:0')
2024-04-23 14:20:07,199 - train - INFO - mean grad:tensor(-2.7275e-13, device='cuda:0')
2024-04-23 14:20:07,200 - train - INFO - mean grad:tensor(2.8614e-12, device='cuda:0')
2024-04-23 14:20:07,315 - train - INFO - target_block_size:8
2024-04-23 14:20:07,315 - train - INFO - use cal_delta_w
2024-04-23 14:20:07,386 - train - INFO - cir_weight_gradient_mean*1e5:1.6022633531065367e-07
2024-04-23 14:20:07,388 - train - INFO - cir_weight_gradient_mean*1e5:1.6022633531065367e-07
2024-04-23 14:20:07,389 - train - INFO - cir_weight_gradient_mean*1e5:1.6022633531065367e-07
2024-04-23 14:20:07,390 - train - INFO - cir_weight_gradient_mean*1e5:1.6022633531065367e-07
2024-04-23 14:20:07,417 - train - INFO - cir_weight_gradient_mean*1e5:4.015654475608699e-11
2024-04-23 14:20:07,418 - train - INFO - cir_weight_gradient_mean*1e5:4.015654475608699e-11
2024-04-23 14:20:07,419 - train - INFO - cir_weight_gradient_mean*1e5:4.015654475608699e-11
2024-04-23 14:20:07,420 - train - INFO - cir_weight_gradient_mean*1e5:4.015654475608699e-11
2024-04-23 14:20:07,447 - train - INFO - cir_weight_gradient_mean*1e5:-1.6748190319049172e-06
2024-04-23 14:20:07,448 - train - INFO - cir_weight_gradient_mean*1e5:-1.6748190319049172e-06
2024-04-23 14:20:07,449 - train - INFO - cir_weight_gradient_mean*1e5:-1.6748190319049172e-06
2024-04-23 14:20:07,450 - train - INFO - cir_weight_gradient_mean*1e5:-1.6748190319049172e-06
2024-04-23 14:20:07,477 - train - INFO - cir_weight_gradient_mean*1e5:-1.7216734704561532e-09
2024-04-23 14:20:07,478 - train - INFO - cir_weight_gradient_mean*1e5:-1.7216734704561532e-09
2024-04-23 14:20:07,479 - train - INFO - cir_weight_gradient_mean*1e5:-1.7216734704561532e-09
2024-04-23 14:20:07,480 - train - INFO - cir_weight_gradient_mean*1e5:-1.7216734704561532e-09
2024-04-23 14:20:07,507 - train - INFO - cir_weight_gradient_mean*1e5:6.28678265002236e-09
2024-04-23 14:20:07,508 - train - INFO - cir_weight_gradient_mean*1e5:6.28678265002236e-09
2024-04-23 14:20:07,509 - train - INFO - cir_weight_gradient_mean*1e5:6.28678265002236e-09
2024-04-23 14:20:07,510 - train - INFO - cir_weight_gradient_mean*1e5:6.28678265002236e-09
2024-04-23 14:20:07,537 - train - INFO - cir_weight_gradient_mean*1e5:-4.058708924503662e-11
2024-04-23 14:20:07,538 - train - INFO - cir_weight_gradient_mean*1e5:-4.058708924503662e-11
2024-04-23 14:20:07,539 - train - INFO - cir_weight_gradient_mean*1e5:-4.058708924503662e-11
2024-04-23 14:20:07,540 - train - INFO - cir_weight_gradient_mean*1e5:-4.058708924503662e-11
2024-04-23 14:20:07,567 - train - INFO - cir_weight_gradient_mean*1e5:-2.0325157379375014e-07
2024-04-23 14:20:07,568 - train - INFO - cir_weight_gradient_mean*1e5:-2.0325157379375014e-07
2024-04-23 14:20:07,569 - train - INFO - cir_weight_gradient_mean*1e5:-2.0325157379375014e-07
2024-04-23 14:20:07,570 - train - INFO - cir_weight_gradient_mean*1e5:-2.0325157379375014e-07
2024-04-23 14:20:07,597 - train - INFO - cir_weight_gradient_mean*1e5:-2.503384166629985e-10
2024-04-23 14:20:07,598 - train - INFO - cir_weight_gradient_mean*1e5:-2.503384166629985e-10
2024-04-23 14:20:07,599 - train - INFO - cir_weight_gradient_mean*1e5:-2.503384166629985e-10
2024-04-23 14:20:07,600 - train - INFO - cir_weight_gradient_mean*1e5:-2.503384166629985e-10
2024-04-23 14:20:07,627 - train - INFO - cir_weight_gradient_mean*1e5:-1.0851175602510921e-07
2024-04-23 14:20:07,628 - train - INFO - cir_weight_gradient_mean*1e5:-1.0851175602510921e-07
2024-04-23 14:20:07,629 - train - INFO - cir_weight_gradient_mean*1e5:-1.0851175602510921e-07
2024-04-23 14:20:07,630 - train - INFO - cir_weight_gradient_mean*1e5:-1.0851175602510921e-07
2024-04-23 14:20:07,656 - train - INFO - cir_weight_gradient_mean*1e5:1.5339551850956923e-10
2024-04-23 14:20:07,657 - train - INFO - cir_weight_gradient_mean*1e5:1.5339551850956923e-10
2024-04-23 14:20:07,658 - train - INFO - cir_weight_gradient_mean*1e5:1.5339551850956923e-10
2024-04-23 14:20:07,659 - train - INFO - cir_weight_gradient_mean*1e5:1.5339551850956923e-10
2024-04-23 14:20:07,686 - train - INFO - cir_weight_gradient_mean*1e5:8.775145232675641e-08
2024-04-23 14:20:07,687 - train - INFO - cir_weight_gradient_mean*1e5:8.775145232675641e-08
2024-04-23 14:20:07,688 - train - INFO - cir_weight_gradient_mean*1e5:8.775145232675641e-08
2024-04-23 14:20:07,689 - train - INFO - cir_weight_gradient_mean*1e5:8.775145232675641e-08
2024-04-23 14:20:07,716 - train - INFO - cir_weight_gradient_mean*1e5:3.694253791763913e-10
2024-04-23 14:20:07,717 - train - INFO - cir_weight_gradient_mean*1e5:3.694253791763913e-10
2024-04-23 14:20:07,718 - train - INFO - cir_weight_gradient_mean*1e5:3.694253791763913e-10
2024-04-23 14:20:07,719 - train - INFO - cir_weight_gradient_mean*1e5:3.694253791763913e-10
2024-04-23 14:20:07,746 - train - INFO - cir_weight_gradient_mean*1e5:-1.105878482121625e-07
2024-04-23 14:20:07,747 - train - INFO - cir_weight_gradient_mean*1e5:-1.105878482121625e-07
2024-04-23 14:20:07,748 - train - INFO - cir_weight_gradient_mean*1e5:-1.105878482121625e-07
2024-04-23 14:20:07,749 - train - INFO - cir_weight_gradient_mean*1e5:-1.105878482121625e-07
2024-04-23 14:20:07,775 - train - INFO - cir_weight_gradient_mean*1e5:-4.817897192310738e-10
2024-04-23 14:20:07,777 - train - INFO - cir_weight_gradient_mean*1e5:-4.817897192310738e-10
2024-04-23 14:20:07,778 - train - INFO - cir_weight_gradient_mean*1e5:-4.817897192310738e-10
2024-04-23 14:20:07,779 - train - INFO - cir_weight_gradient_mean*1e5:-4.817897192310738e-10
2024-04-23 14:20:07,805 - train - INFO - cir_weight_gradient_mean*1e5:-1.688690645096358e-07
2024-04-23 14:20:07,806 - train - INFO - cir_weight_gradient_mean*1e5:-1.688690645096358e-07
2024-04-23 14:20:07,807 - train - INFO - cir_weight_gradient_mean*1e5:-1.688690645096358e-07
2024-04-23 14:20:07,808 - train - INFO - cir_weight_gradient_mean*1e5:-1.688690645096358e-07
2024-04-23 14:20:07,835 - train - INFO - cir_weight_gradient_mean*1e5:4.0682834878680296e-10
2024-04-23 14:20:07,836 - train - INFO - cir_weight_gradient_mean*1e5:4.0682834878680296e-10
2024-04-23 14:20:07,837 - train - INFO - cir_weight_gradient_mean*1e5:4.0682834878680296e-10
2024-04-23 14:20:07,838 - train - INFO - cir_weight_gradient_mean*1e5:4.0682834878680296e-10
2024-04-23 14:20:07,865 - train - INFO - cir_weight_gradient_mean*1e5:-5.6119699110013244e-08
2024-04-23 14:20:07,866 - train - INFO - cir_weight_gradient_mean*1e5:-5.6119699110013244e-08
2024-04-23 14:20:07,867 - train - INFO - cir_weight_gradient_mean*1e5:-5.6119699110013244e-08
2024-04-23 14:20:07,868 - train - INFO - cir_weight_gradient_mean*1e5:-5.6119699110013244e-08
2024-04-23 14:20:07,895 - train - INFO - cir_weight_gradient_mean*1e5:-1.3258150133310664e-10
2024-04-23 14:20:07,896 - train - INFO - cir_weight_gradient_mean*1e5:-1.3258150133310664e-10
2024-04-23 14:20:07,897 - train - INFO - cir_weight_gradient_mean*1e5:-1.3258150133310664e-10
2024-04-23 14:20:07,898 - train - INFO - cir_weight_gradient_mean*1e5:-1.3258150133310664e-10
2024-04-23 14:20:07,925 - train - INFO - cir_weight_gradient_mean*1e5:1.79502521291397e-07
2024-04-23 14:20:07,926 - train - INFO - cir_weight_gradient_mean*1e5:1.79502521291397e-07
2024-04-23 14:20:07,927 - train - INFO - cir_weight_gradient_mean*1e5:1.79502521291397e-07
2024-04-23 14:20:07,928 - train - INFO - cir_weight_gradient_mean*1e5:1.79502521291397e-07
2024-04-23 14:20:07,954 - train - INFO - cir_weight_gradient_mean*1e5:2.7847590899909846e-10
2024-04-23 14:20:07,955 - train - INFO - cir_weight_gradient_mean*1e5:2.7847590899909846e-10
2024-04-23 14:20:07,956 - train - INFO - cir_weight_gradient_mean*1e5:2.7847590899909846e-10
2024-04-23 14:20:07,957 - train - INFO - cir_weight_gradient_mean*1e5:2.7847590899909846e-10
2024-04-23 14:20:07,983 - train - INFO - cir_weight_gradient_mean*1e5:-2.1405444527999862e-08
2024-04-23 14:20:07,984 - train - INFO - cir_weight_gradient_mean*1e5:-2.1405444527999862e-08
2024-04-23 14:20:07,985 - train - INFO - cir_weight_gradient_mean*1e5:-2.1405444527999862e-08
2024-04-23 14:20:07,986 - train - INFO - cir_weight_gradient_mean*1e5:-2.1405444527999862e-08
2024-04-23 14:20:08,012 - train - INFO - cir_weight_gradient_mean*1e5:3.9800118756261327e-10
2024-04-23 14:20:08,013 - train - INFO - cir_weight_gradient_mean*1e5:3.9800118756261327e-10
2024-04-23 14:20:08,014 - train - INFO - cir_weight_gradient_mean*1e5:3.9800118756261327e-10
2024-04-23 14:20:08,015 - train - INFO - cir_weight_gradient_mean*1e5:3.9800118756261327e-10
2024-04-23 14:20:08,041 - train - INFO - cir_weight_gradient_mean*1e5:4.4545927835315524e-08
2024-04-23 14:20:08,042 - train - INFO - cir_weight_gradient_mean*1e5:4.4545927835315524e-08
2024-04-23 14:20:08,043 - train - INFO - cir_weight_gradient_mean*1e5:4.4545927835315524e-08
2024-04-23 14:20:08,044 - train - INFO - cir_weight_gradient_mean*1e5:4.4545927835315524e-08
2024-04-23 14:20:08,070 - train - INFO - cir_weight_gradient_mean*1e5:2.049489467026433e-10
2024-04-23 14:20:08,071 - train - INFO - cir_weight_gradient_mean*1e5:2.049489467026433e-10
2024-04-23 14:20:08,073 - train - INFO - cir_weight_gradient_mean*1e5:2.049489467026433e-10
2024-04-23 14:20:08,074 - train - INFO - cir_weight_gradient_mean*1e5:2.049489467026433e-10
2024-04-23 14:20:08,108 - train - INFO - cir_weight_gradient_mean*1e5:1.5850812218332067e-08
2024-04-23 14:20:08,109 - train - INFO - cir_weight_gradient_mean*1e5:1.5850812218332067e-08
2024-04-23 14:20:08,110 - train - INFO - cir_weight_gradient_mean*1e5:1.5850812218332067e-08
2024-04-23 14:20:08,111 - train - INFO - cir_weight_gradient_mean*1e5:1.5850812218332067e-08
2024-04-23 14:20:08,138 - train - INFO - cir_weight_gradient_mean*1e5:4.760525307290209e-12
2024-04-23 14:20:08,139 - train - INFO - cir_weight_gradient_mean*1e5:4.760525307290209e-12
2024-04-23 14:20:08,140 - train - INFO - cir_weight_gradient_mean*1e5:4.760525307290209e-12
2024-04-23 14:20:08,141 - train - INFO - cir_weight_gradient_mean*1e5:4.760525307290209e-12
2024-04-23 14:20:08,168 - train - INFO - cir_weight_gradient_mean*1e5:-5.230013755408436e-08
2024-04-23 14:20:08,169 - train - INFO - cir_weight_gradient_mean*1e5:-5.230013755408436e-08
2024-04-23 14:20:08,170 - train - INFO - cir_weight_gradient_mean*1e5:-5.230013755408436e-08
2024-04-23 14:20:08,171 - train - INFO - cir_weight_gradient_mean*1e5:-5.230013755408436e-08
2024-04-23 14:20:08,198 - train - INFO - cir_weight_gradient_mean*1e5:-8.900258308131015e-11
2024-04-23 14:20:08,199 - train - INFO - cir_weight_gradient_mean*1e5:-8.900258308131015e-11
2024-04-23 14:20:08,200 - train - INFO - cir_weight_gradient_mean*1e5:-8.900258308131015e-11
2024-04-23 14:20:08,201 - train - INFO - cir_weight_gradient_mean*1e5:-8.900258308131015e-11
2024-04-23 14:20:08,227 - train - INFO - cir_weight_gradient_mean*1e5:-2.7272291092117484e-08
2024-04-23 14:20:08,228 - train - INFO - cir_weight_gradient_mean*1e5:-2.7272291092117484e-08
2024-04-23 14:20:08,228 - train - INFO - cir_weight_gradient_mean*1e5:-2.7272291092117484e-08
2024-04-23 14:20:08,229 - train - INFO - cir_weight_gradient_mean*1e5:-2.7272291092117484e-08
2024-04-23 14:20:08,230 - train - INFO - delta_weights_b1:[0, 0, 0, 0, 0, 0, 0, 0, 0, 0, 0, 0, 0, 0, 0, 0, 0, 0, 0, 0, 0, 0, 0, 0, 0, 0, 0, 0, 0]
2024-04-23 14:20:08,230 - train - INFO - delta_weights_b2:[407.3398132324219, 30.518892288208008, 208.65939331054688, 224.5338897705078, 309.99517822265625, 84.74371337890625, 242.8273162841797, 265.94342041015625, 350.0547790527344, 102.60791778564453, 258.35247802734375, 292.7876281738281, 348.96685791015625, 106.62635803222656, 271.61553955078125, 309.3756408691406, 355.94781494140625, 93.4845962524414, 293.7596435546875, 328.4143371582031, 345.79193115234375, 92.75321197509766, 311.028564453125, 325.6414489746094, 303.4007873535156, 109.29531860351562, 166.7103729248047, 241.5897216796875, 1.4776625633239746]
2024-04-23 14:20:08,230 - train - INFO - delta_weights_b4:[587.0771484375, 49.22209167480469, 298.09832763671875, 319.2793273925781, 426.2846374511719, 116.76505279541016, 334.16748046875, 360.6588439941406, 476.8921203613281, 138.0434112548828, 354.5805358886719, 399.99993896484375, 474.5140075683594, 142.9203643798828, 368.33966064453125, 424.2041931152344, 479.6501770019531, 125.90852355957031, 405.0434875488281, 452.82843017578125, 470.4400634765625, 129.17901611328125, 424.53826904296875, 457.8228454589844, 417.37603759765625, 155.8571014404297, 275.5674133300781, 337.3556213378906, 1.4776625633239746]
2024-04-23 14:20:08,230 - train - INFO - delta_weights_b8:[639.3326416015625, 63.72814178466797, 334.3851623535156, 346.9211730957031, 460.8550720214844, 125.10184478759766, 361.6922302246094, 384.1576843261719, 514.0848999023438, 145.70144653320312, 378.8586120605469, 426.0632019042969, 510.52545166015625, 151.44998168945312, 389.01318359375, 450.1053771972656, 516.0064697265625, 134.25070190429688, 427.8995056152344, 481.1477966308594, 507.8878479003906, 138.97463989257812, 448.840087890625, 487.6633605957031, 454.7077331542969, 177.63226318359375, 328.75469970703125, 397.2993469238281, 1.4776625633239746]
2024-04-23 14:20:08,230 - train - INFO - delta_weights_b16:[633.342041015625, 72.3451156616211, 335.4792785644531, 347.32763671875, 460.6012268066406, 124.77373504638672, 357.2057189941406, 383.1791687011719, 515.72265625, 144.55795288085938, 374.20391845703125, 421.7578125, 510.4803771972656, 149.3137969970703, 385.8813171386719, 442.7729797363281, 517.8590087890625, 133.48529052734375, 422.6481018066406, 470.1678161621094, 512.0963745117188, 139.9443817138672, 438.3368835449219, 484.7362060546875, 454.9645690917969, 178.98301696777344, 342.45404052734375, 423.2949523925781, 1.4776625633239746]
2024-04-23 14:20:08,388 - train - INFO - cir_idx:[1, 2, 3, 4, 5, 6, 7, 8, 9, 10, 11, 12, 13, 14, 15, 16, 17, 18, 19, 20, 21, 22, 23, 24, 25, 26, 27, 28, 29]
2024-04-23 14:20:08,388 - train - INFO - len params:29
2024-04-23 14:20:08,388 - train - INFO - params[0].shape:torch.Size([768, 256])
2024-04-23 14:20:08,397 - train - INFO - sensitivity_b2:[2.4435633287588134e-17, 5.52494742988379e-17, 8.074018108994885e-16, 9.33562550893129e-16, 1.2997993214347136e-16, 2.043239742193119e-16, 6.520306103241914e-16, 4.3401560582704483e-16, 2.8543501545032625e-16, 2.7271888039011186e-16, 7.385562964356391e-16, 3.0571221658398575e-16, 3.0073340985958417e-16, 2.0380560329048207e-16, 5.273377254885834e-16, 1.5141271121031234e-16, 2.570206599599703e-16, 1.0234456241445865e-16, 2.989039510424129e-16, 6.252345906889036e-17, 1.5578563791452088e-16, 3.942018213755364e-17, 1.6943094164809363e-16, 2.9911512694407523e-17, 6.529340239019973e-17, 6.299050674943373e-18, 1.3008494603095742e-17, 1.4991571199775776e-18, 2.45006232139552e-17]
2024-04-23 14:20:08,397 - train - INFO - sensitivity_b4:[5.831332150923226e-17, 1.5740934713484817e-16, 1.9146569908961436e-15, 2.1634479316801503e-15, 2.7279836913825576e-16, 4.107744246527057e-16, 1.5482731013195328e-15, 8.6202378929436615e-16, 6.064852252338541e-16, 5.392047629587345e-16, 1.610492329976571e-15, 6.563728717887314e-16, 6.166360151341904e-16, 4.2007953156454744e-16, 1.2119034007124045e-15, 3.377734194891859e-16, 5.249817033457956e-16, 2.1244070714104564e-16, 7.172241951755132e-16, 1.441832982403867e-16, 3.2647595873650404e-16, 8.718985920376854e-17, 3.797631984949661e-16, 7.206732339273939e-17, 1.3923442883671464e-16, 1.8188268993220137e-17, 4.225592602223038e-17, 6.695465816571142e-18, 2.45006232139552e-17]
2024-04-23 14:20:08,397 - train - INFO - sensitivity_b8:[9.253621205282948e-17, 2.8186286575351805e-16, 3.020735271552148e-15, 3.631226009714449e-15, 4.0059930902491543e-16, 6.15176789124308e-16, 2.289764896313e-15, 1.2768104766693175e-15, 8.923949497115571e-16, 7.555764705986486e-16, 2.5205659160885095e-15, 9.765334852194054e-16, 9.1545245708524e-16, 6.073617455155847e-16, 1.886629729462683e-15, 5.165881891736567e-16, 7.578993525773751e-16, 3.0470803255523617e-16, 1.1580649277937371e-15, 2.293757809626357e-16, 4.856408345940959e-16, 1.3894449210584745e-16, 6.101495956427946e-16, 1.1942812508216932e-16, 2.2001746979379456e-16, 3.32829056565491e-17, 7.647217926859247e-17, 1.3007229843939148e-17, 2.45006232139552e-17]
2024-04-23 14:20:08,397 - train - INFO - sensitivity_b16:[1.3763585267211916e-16, 4.236467049427905e-16, 4.294205897310442e-15, 5.049974856146354e-15, 5.197415340176068e-16, 7.83683564887388e-16, 3.1075542428215825e-15, 1.5933122783447673e-15, 1.136810330048285e-15, 9.162569266268948e-16, 3.3009966627002042e-15, 1.232221074139075e-15, 1.1608567483878873e-15, 7.40339459608287e-16, 2.4997200117401076e-15, 6.635276532150701e-16, 9.448309478278082e-16, 3.6968043592820613e-16, 1.5925775831421426e-15, 3.044807365577964e-16, 6.058492093695845e-16, 1.7722875343029632e-16, 8.384563151468769e-16, 1.5940310387400718e-16, 3.027567862821175e-16, 5.485895571420672e-17, 1.1739347253352569e-16, 2.3823964657468447e-17, 2.45006232139552e-17]
2024-04-23 14:20:08,466 - train - INFO - result:[16 16  2  2 16  8  2  8 16  8  4 16 16 16  4 16 16 16  4 16 16 16 16 16
 16 16 16 16  2]
2024-04-23 14:20:08,466 - train - INFO - origin_latency:978.8585858345032
2024-04-23 14:20:08,466 - train - INFO - current_latency-origin_latency:-1.4625082015991212024-04-23 19:34:09,214 - train - INFO - Model vit_7_4_32 created, param count:3717072
2024-04-23 19:34:09,225 - train - INFO - Using native Torch AMP. Training in mixed precision.
2024-04-23 19:34:09,225 - train - INFO - Scheduled epochs: 11
2024-04-23 19:34:10,581 - train - INFO - Verifying teacher model
2024-04-23 19:34:11,074 - train - INFO - Test: [   0/39]  Time: 0.493 (0.493)  Loss:  0.3433 (0.3433)  Acc@1: 93.7500 (93.7500)  Acc@5: 100.0000 (100.0000)
2024-04-23 19:34:11,538 - train - INFO - Test: [  39/39]  Time: 0.066 (0.024)  Loss:  0.3740 (0.3449)  Acc@1: 93.7500 (93.5400)  Acc@5: 100.0000 (99.7600)
2024-04-23 19:34:11,538 - train - INFO - Verifying initial model in training dataset
2024-04-23 19:34:24,687 - train - INFO - len loader.dataset:50000
2024-04-23 19:34:24,816 - train - INFO - target_block_size:4
2024-04-23 19:34:24,817 - train - INFO - use cal_delta_w
2024-04-23 19:34:25,745 - train - INFO - delta_weights_b1:[0, 0, 0, 0, 0, 0, 0, 0, 0, 0, 0, 0, 0, 0, 0, 0, 0, 0, 0, 0, 0, 0, 0, 0, 0, 0, 0, 0, 0]
2024-04-23 19:34:25,745 - train - INFO - delta_weights_b2:[407.3398132324219, 30.518892288208008, 208.65939331054688, 224.5338897705078, 309.99517822265625, 84.74371337890625, 242.8273162841797, 265.94342041015625, 350.0547790527344, 102.60791778564453, 258.35247802734375, 292.7876281738281, 348.96685791015625, 106.62635803222656, 271.61553955078125, 309.3756408691406, 355.94781494140625, 93.4845962524414, 293.7596435546875, 328.4143371582031, 345.79193115234375, 92.75321197509766, 311.028564453125, 325.6414489746094, 303.4007873535156, 109.29531860351562, 166.7103729248047, 241.5897216796875, 1.4776625633239746]
2024-04-23 19:34:25,746 - train - INFO - delta_weights_b4:[587.0771484375, 49.22209167480469, 298.09832763671875, 319.2793273925781, 426.2846374511719, 116.76505279541016, 334.16748046875, 360.6588439941406, 476.8921203613281, 138.0434112548828, 354.5805358886719, 399.99993896484375, 474.5140075683594, 142.9203643798828, 368.33966064453125, 424.2041931152344, 479.6501770019531, 125.90852355957031, 405.0434875488281, 452.82843017578125, 470.4400634765625, 129.17901611328125, 424.53826904296875, 457.8228454589844, 417.37603759765625, 155.8571014404297, 275.5674133300781, 337.3556213378906, 1.4776625633239746]
2024-04-23 19:34:25,746 - train - INFO - delta_weights_b8:[639.3326416015625, 63.72814178466797, 334.3851623535156, 346.9211730957031, 460.8550720214844, 125.10184478759766, 361.6922302246094, 384.1576843261719, 514.0848999023438, 145.70144653320312, 378.8586120605469, 426.0632019042969, 510.52545166015625, 151.44998168945312, 389.01318359375, 450.1053771972656, 516.0064697265625, 134.25070190429688, 427.8995056152344, 481.1477966308594, 507.8878479003906, 138.97463989257812, 448.840087890625, 487.6633605957031, 454.7077331542969, 177.63226318359375, 328.75469970703125, 397.2993469238281, 1.4776625633239746]
2024-04-23 19:34:25,746 - train - INFO - delta_weights_b16:[633.342041015625, 72.3451156616211, 335.4792785644531, 347.32763671875, 460.6012268066406, 124.77373504638672, 357.2057189941406, 383.1791687011719, 515.72265625, 144.55795288085938, 374.20391845703125, 421.7578125, 510.4803771972656, 149.3137969970703, 385.8813171386719, 442.7729797363281, 517.8590087890625, 133.48529052734375, 422.6481018066406, 470.1678161621094, 512.0963745117188, 139.9443817138672, 438.3368835449219, 484.7362060546875, 454.9645690917969, 178.98301696777344, 342.45404052734375, 423.2949523925781, 1.4776625633239746]
2024-04-23 19:34:25,942 - train - INFO - cir_idx:[1, 2, 3, 4, 5, 6, 7, 8, 9, 10, 11, 12, 13, 14, 15, 16, 17, 18, 19, 20, 21, 22, 23, 24, 25, 26, 27, 28, 29]
2024-04-23 19:34:25,942 - train - INFO - len params:29
2024-04-23 19:34:25,942 - train - INFO - params[0].shape:torch.Size([768, 256])
2024-04-23 19:34:25,951 - train - INFO - sensitivity_b2:[2.4435633287588134e-17, 5.52494742988379e-17, 8.074018108994885e-16, 9.33562550893129e-16, 1.2997993214347136e-16, 2.043239742193119e-16, 6.520306103241914e-16, 4.3401560582704483e-16, 2.8543501545032625e-16, 2.7271888039011186e-16, 7.385562964356391e-16, 3.0571221658398575e-16, 3.0073340985958417e-16, 2.0380560329048207e-16, 5.273377254885834e-16, 1.5141271121031234e-16, 2.570206599599703e-16, 1.0234456241445865e-16, 2.989039510424129e-16, 6.252345906889036e-17, 1.5578563791452088e-16, 3.942018213755364e-17, 1.6943094164809363e-16, 2.9911512694407523e-17, 6.529340239019973e-17, 6.299050674943373e-18, 1.3008494603095742e-17, 1.4991571199775776e-18, 2.45006232139552e-17]
2024-04-23 19:34:25,951 - train - INFO - sensitivity_b4:[5.831332150923226e-17, 1.5740934713484817e-16, 1.9146569908961436e-15, 2.1634479316801503e-15, 2.7279836913825576e-16, 4.107744246527057e-16, 1.5482731013195328e-15, 8.6202378929436615e-16, 6.064852252338541e-16, 5.392047629587345e-16, 1.610492329976571e-15, 6.563728717887314e-16, 6.166360151341904e-16, 4.2007953156454744e-16, 1.2119034007124045e-15, 3.377734194891859e-16, 5.249817033457956e-16, 2.1244070714104564e-16, 7.172241951755132e-16, 1.441832982403867e-16, 3.2647595873650404e-16, 8.718985920376854e-17, 3.797631984949661e-16, 7.206732339273939e-17, 1.3923442883671464e-16, 1.8188268993220137e-17, 4.225592602223038e-17, 6.695465816571142e-18, 2.45006232139552e-17]
2024-04-23 19:34:25,951 - train - INFO - sensitivity_b8:[9.253621205282948e-17, 2.8186286575351805e-16, 3.020735271552148e-15, 3.631226009714449e-15, 4.0059930902491543e-16, 6.15176789124308e-16, 2.289764896313e-15, 1.2768104766693175e-15, 8.923949497115571e-16, 7.555764705986486e-16, 2.5205659160885095e-15, 9.765334852194054e-16, 9.1545245708524e-16, 6.073617455155847e-16, 1.886629729462683e-15, 5.165881891736567e-16, 7.578993525773751e-16, 3.0470803255523617e-16, 1.1580649277937371e-15, 2.293757809626357e-16, 4.856408345940959e-16, 1.3894449210584745e-16, 6.101495956427946e-16, 1.1942812508216932e-16, 2.2001746979379456e-16, 3.32829056565491e-17, 7.647217926859247e-17, 1.3007229843939148e-17, 2.45006232139552e-17]
2024-04-23 19:34:25,952 - train - INFO - sensitivity_b16:[1.3763585267211916e-16, 4.236467049427905e-16, 4.294205897310442e-15, 5.049974856146354e-15, 5.197415340176068e-16, 7.83683564887388e-16, 3.1075542428215825e-15, 1.5933122783447673e-15, 1.136810330048285e-15, 9.162569266268948e-16, 3.3009966627002042e-15, 1.232221074139075e-15, 1.1608567483878873e-15, 7.40339459608287e-16, 2.4997200117401076e-15, 6.635276532150701e-16, 9.448309478278082e-16, 3.6968043592820613e-16, 1.5925775831421426e-15, 3.044807365577964e-16, 6.058492093695845e-16, 1.7722875343029632e-16, 8.384563151468769e-16, 1.5940310387400718e-16, 3.027567862821175e-16, 5.485895571420672e-17, 1.1739347253352569e-16, 2.3823964657468447e-17, 2.45006232139552e-17]
2024-04-23 19:34:26,028 - train - INFO - result:[16  8  1  1 16  4  2  2  8  2  1  4  8  2  2  8  8 16  4 16 16 16  4 16
 16 16 16 16  2]
2024-04-23 19:34:26,028 - train - INFO - origin_latency:1726.196077823639
2024-04-23 19:34:26,029 - train - INFO - current_latency-origin_latency:-24.86251926422119
2024-04-23 21:54:35,548 - train - INFO - Model vit_7_4_32 created, param count:3717072
2024-04-23 21:54:35,577 - train - INFO - Using native Torch AMP. Training in mixed precision.
2024-04-23 21:54:35,577 - train - INFO - Scheduled epochs: 11
2024-04-23 21:54:36,949 - train - INFO - Verifying teacher model
2024-04-23 21:54:37,491 - train - INFO - Test: [   0/39]  Time: 0.541 (0.541)  Loss:  0.3433 (0.3433)  Acc@1: 93.7500 (93.7500)  Acc@5: 100.0000 (100.0000)
2024-04-23 21:54:37,976 - train - INFO - Test: [  39/39]  Time: 0.068 (0.026)  Loss:  0.3740 (0.3449)  Acc@1: 93.7500 (93.5400)  Acc@5: 100.0000 (99.7600)
2024-04-23 21:54:37,976 - train - INFO - Verifying initial model in training dataset
2024-04-23 21:54:55,956 - train - INFO - len loader.dataset:50000
2024-04-23 21:54:56,070 - train - INFO - target_block_size:2
2024-04-23 21:54:56,071 - train - INFO - use cal_delta_w
2024-04-23 21:54:57,364 - train - INFO - delta_weights_b1:[0, 0, 0, 0, 0, 0, 0, 0, 0, 0, 0, 0, 0, 0, 0, 0, 0, 0, 0, 0, 0, 0, 0, 0, 0, 0, 0, 0, 0]
2024-04-23 21:54:57,365 - train - INFO - delta_weights_b2:[407.3398132324219, 30.518892288208008, 208.65939331054688, 224.5338897705078, 309.99517822265625, 84.74371337890625, 242.8273162841797, 265.94342041015625, 350.0547790527344, 102.60791778564453, 258.35247802734375, 292.7876281738281, 348.96685791015625, 106.62635803222656, 271.61553955078125, 309.3756408691406, 355.94781494140625, 93.4845962524414, 293.7596435546875, 328.4143371582031, 345.79193115234375, 92.75321197509766, 311.028564453125, 325.6414489746094, 303.4007873535156, 109.29531860351562, 166.7103729248047, 241.5897216796875, 1.4776625633239746]
2024-04-23 21:54:57,365 - train - INFO - delta_weights_b4:[587.0771484375, 49.22209167480469, 298.09832763671875, 319.2793273925781, 426.2846374511719, 116.76505279541016, 334.16748046875, 360.6588439941406, 476.8921203613281, 138.0434112548828, 354.5805358886719, 399.99993896484375, 474.5140075683594, 142.9203643798828, 368.33966064453125, 424.2041931152344, 479.6501770019531, 125.90852355957031, 405.0434875488281, 452.82843017578125, 470.4400634765625, 129.17901611328125, 424.53826904296875, 457.8228454589844, 417.37603759765625, 155.8571014404297, 275.5674133300781, 337.3556213378906, 1.4776625633239746]
2024-04-23 21:54:57,365 - train - INFO - delta_weights_b8:[639.3326416015625, 63.72814178466797, 334.3851623535156, 346.9211730957031, 460.8550720214844, 125.10184478759766, 361.6922302246094, 384.1576843261719, 514.0848999023438, 145.70144653320312, 378.8586120605469, 426.0632019042969, 510.52545166015625, 151.44998168945312, 389.01318359375, 450.1053771972656, 516.0064697265625, 134.25070190429688, 427.8995056152344, 481.1477966308594, 507.8878479003906, 138.97463989257812, 448.840087890625, 487.6633605957031, 454.7077331542969, 177.63226318359375, 328.75469970703125, 397.2993469238281, 1.4776625633239746]
2024-04-23 21:54:57,365 - train - INFO - delta_weights_b16:[633.342041015625, 72.3451156616211, 335.4792785644531, 347.32763671875, 460.6012268066406, 124.77373504638672, 357.2057189941406, 383.1791687011719, 515.72265625, 144.55795288085938, 374.20391845703125, 421.7578125, 510.4803771972656, 149.3137969970703, 385.8813171386719, 442.7729797363281, 517.8590087890625, 133.48529052734375, 422.6481018066406, 470.1678161621094, 512.0963745117188, 139.9443817138672, 438.3368835449219, 484.7362060546875, 454.9645690917969, 178.98301696777344, 342.45404052734375, 423.2949523925781, 1.4776625633239746]
2024-04-23 21:54:57,573 - train - INFO - cir_idx:[1, 2, 3, 4, 5, 6, 7, 8, 9, 10, 11, 12, 13, 14, 15, 16, 17, 18, 19, 20, 21, 22, 23, 24, 25, 26, 27, 28, 29]
2024-04-23 21:54:57,573 - train - INFO - len params:29
2024-04-23 21:54:57,573 - train - INFO - params[0].shape:torch.Size([768, 256])
2024-04-23 21:54:57,584 - train - INFO - sensitivity_b2:[2.4435633287588134e-17, 5.52494742988379e-17, 8.074018108994885e-16, 9.33562550893129e-16, 1.2997993214347136e-16, 2.043239742193119e-16, 6.520306103241914e-16, 4.3401560582704483e-16, 2.8543501545032625e-16, 2.7271888039011186e-16, 7.385562964356391e-16, 3.0571221658398575e-16, 3.0073340985958417e-16, 2.0380560329048207e-16, 5.273377254885834e-16, 1.5141271121031234e-16, 2.570206599599703e-16, 1.0234456241445865e-16, 2.989039510424129e-16, 6.252345906889036e-17, 1.5578563791452088e-16, 3.942018213755364e-17, 1.6943094164809363e-16, 2.9911512694407523e-17, 6.529340239019973e-17, 6.299050674943373e-18, 1.3008494603095742e-17, 1.4991571199775776e-18, 2.45006232139552e-17]
2024-04-23 21:54:57,584 - train - INFO - sensitivity_b4:[5.831332150923226e-17, 1.5740934713484817e-16, 1.9146569908961436e-15, 2.1634479316801503e-15, 2.7279836913825576e-16, 4.107744246527057e-16, 1.5482731013195328e-15, 8.6202378929436615e-16, 6.064852252338541e-16, 5.392047629587345e-16, 1.610492329976571e-15, 6.563728717887314e-16, 6.166360151341904e-16, 4.2007953156454744e-16, 1.2119034007124045e-15, 3.377734194891859e-16, 5.249817033457956e-16, 2.1244070714104564e-16, 7.172241951755132e-16, 1.441832982403867e-16, 3.2647595873650404e-16, 8.718985920376854e-17, 3.797631984949661e-16, 7.206732339273939e-17, 1.3923442883671464e-16, 1.8188268993220137e-17, 4.225592602223038e-17, 6.695465816571142e-18, 2.45006232139552e-17]
2024-04-23 21:54:57,584 - train - INFO - sensitivity_b8:[9.253621205282948e-17, 2.8186286575351805e-16, 3.020735271552148e-15, 3.631226009714449e-15, 4.0059930902491543e-16, 6.15176789124308e-16, 2.289764896313e-15, 1.2768104766693175e-15, 8.923949497115571e-16, 7.555764705986486e-16, 2.5205659160885095e-15, 9.765334852194054e-16, 9.1545245708524e-16, 6.073617455155847e-16, 1.886629729462683e-15, 5.165881891736567e-16, 7.578993525773751e-16, 3.0470803255523617e-16, 1.1580649277937371e-15, 2.293757809626357e-16, 4.856408345940959e-16, 1.3894449210584745e-16, 6.101495956427946e-16, 1.1942812508216932e-16, 2.2001746979379456e-16, 3.32829056565491e-17, 7.647217926859247e-17, 1.3007229843939148e-17, 2.45006232139552e-17]
2024-04-23 21:54:57,584 - train - INFO - sensitivity_b16:[1.3763585267211916e-16, 4.236467049427905e-16, 4.294205897310442e-15, 5.049974856146354e-15, 5.197415340176068e-16, 7.83683564887388e-16, 3.1075542428215825e-15, 1.5933122783447673e-15, 1.136810330048285e-15, 9.162569266268948e-16, 3.3009966627002042e-15, 1.232221074139075e-15, 1.1608567483878873e-15, 7.40339459608287e-16, 2.4997200117401076e-15, 6.635276532150701e-16, 9.448309478278082e-16, 3.6968043592820613e-16, 1.5925775831421426e-15, 3.044807365577964e-16, 6.058492093695845e-16, 1.7722875343029632e-16, 8.384563151468769e-16, 1.5940310387400718e-16, 3.027567862821175e-16, 5.485895571420672e-17, 1.1739347253352569e-16, 2.3823964657468447e-17, 2.45006232139552e-17]
2024-04-23 21:54:57,659 - train - INFO - result:[16  2  1  1  4  1  1  1  2  1  1  1  2  1  1  2  2  2  1  8  4  8  2 16
 16 16 16 16  1]
2024-04-23 21:54:57,660 - train - INFO - origin_latency:3107.1210618019104
2024-04-23 21:54:57,660 - train - INFO - current_latency-origin_latency:-2.991415500640869
