2024-04-12 15:51:26,349 - train - INFO - Model vit_7_4_32_c100 created, param count:3740203
2024-04-12 15:51:26,645 - train - INFO - Using native Torch AMP. Training in mixed precision.
2024-04-12 15:51:26,645 - train - INFO - Scheduled epochs: 160
2024-04-12 15:51:27,974 - train - INFO - Verifying initial model
2024-04-12 15:51:28,388 - train - INFO - Test: [   0/39]  Time: 0.413 (0.413)  Loss:  1.0146 (1.0146)  Acc@1: 77.3438 (77.3438)  Acc@5: 92.1875 (92.1875)
2024-04-12 15:51:29,069 - train - INFO - Test: [  39/39]  Time: 0.057 (0.027)  Loss:  0.7583 (1.0538)  Acc@1: 87.5000 (74.7700)  Acc@5: 87.5000 (93.6100)
2024-04-12 15:51:35,667 - train - INFO - len trace:30
2024-04-12 15:51:36,510 - train - INFO - cir_idx:[1, 2, 3, 4, 5, 6, 7, 8, 9, 10, 11, 12, 13, 14, 15, 16, 17, 18, 19, 20, 21, 22, 23, 24, 25, 26, 27, 28, 29]
2024-04-12 15:51:36,510 - train - INFO - len traces:(30,)
2024-04-12 15:51:36,511 - train - INFO - traces:[1.32780640e-01 1.13465136e-04 5.80897271e-04 6.73031270e-04
 9.63258688e-04 7.97682476e-05 3.99641438e-04 7.68777556e-04
 1.58443143e-04 1.24808897e-04 4.52812021e-04 3.72436880e-04
 1.43857480e-04 1.49661865e-04 5.00283815e-04 1.51399930e-04
 1.72513105e-04 2.06152259e-04 5.30960003e-04 4.21707045e-04
 2.33777065e-04 1.60223103e-04 3.67178556e-04 5.00454109e-04
 3.41973141e-04 1.37363192e-04 2.20415626e-04 6.67805285e-04
 3.79903292e-04 3.90643544e-03]
2024-04-12 15:51:36,511 - train - INFO - len params:29
2024-04-12 15:51:36,511 - train - INFO - params[0].shape:torch.Size([768, 256])
2024-04-12 15:51:36,511 - train - INFO - delta_weights_b2:[850.8709106445312, 64.0961685180664, 3079.152099609375, 1088.9224853515625, 1462.2939453125, 471.98358154296875, 2959.387939453125, 589.7891845703125, 1702.72216796875, 528.0252075195312, 3129.1484375, 539.1048583984375, 1660.9443359375, 455.906982421875, 3343.48291015625, 547.9308471679688, 1658.165771484375, 456.34771728515625, 3148.358642578125, 523.767578125, 1475.5208740234375, 391.72198486328125, 2560.46142578125, 489.0900573730469, 1321.2435302734375, 392.158935546875, 1928.6688232421875, 648.807373046875, 102.27930450439453]
2024-04-12 15:51:36,511 - train - INFO - delta_weights_b4:[1192.5584716796875, 90.89299011230469, 4323.11181640625, 1414.7474365234375, 2025.6368408203125, 660.6327514648438, 4037.4814453125, 743.790771484375, 2316.18994140625, 702.3619384765625, 4230.53955078125, 669.6415405273438, 2213.07666015625, 602.0997924804688, 4583.11083984375, 689.57275390625, 2204.9326171875, 595.4776611328125, 4287.8017578125, 646.4937133789062, 1937.4849853515625, 513.74365234375, 3548.22216796875, 603.1513061523438, 1711.2554931640625, 519.4619750976562, 2490.021484375, 810.6520385742188, 134.09628295898438]
2024-04-12 15:51:36,511 - train - INFO - delta_weights_b8:[1378.0032958984375, 104.21173858642578, 4918.49951171875, 1581.829833984375, 2302.973876953125, 748.14013671875, 4500.5966796875, 812.3333740234375, 2617.896484375, 790.4583740234375, 4722.6484375, 729.8331298828125, 2486.612548828125, 672.287841796875, 5123.74609375, 750.7213134765625, 2455.483154296875, 667.2587280273438, 4830.6650390625, 703.0079345703125, 2155.80126953125, 569.6187744140625, 4005.19384765625, 653.81494140625, 1896.208740234375, 592.9642333984375, 2839.196044921875, 884.8988037109375, 134.09628295898438]
2024-04-12 15:51:36,511 - train - INFO - delta_weights_b16:[1466.9669189453125, 110.41140747070312, 5211.83642578125, 1657.2052001953125, 2447.393798828125, 795.0118408203125, 4737.798828125, 844.6581420898438, 2783.785888671875, 833.6701049804688, 4981.05029296875, 759.6671752929688, 2624.557373046875, 705.7234497070312, 5369.6787109375, 777.6768798828125, 2593.26123046875, 698.5152587890625, 5085.34375, 729.1517944335938, 2270.760986328125, 600.1571655273438, 4226.140625, 678.8165283203125, 1987.74169921875, 624.1810913085938, 2999.57763671875, 929.6861572265625, 134.09628295898438]
2024-04-12 15:51:36,511 - train - INFO - delta_weights_b32:[]
2024-04-12 15:51:36,573 - train - INFO - result:[16 16  2 16 16 16  2 16 16  8  2 16 16 16 16 16 16 16  2 16 16 16  2 16
 16 16  2 16  2]
2024-04-12 15:51:36,576 - train - INFO - ratio:tensor(0.1999)
2024-04-12 15:52:11,787 - train - INFO - Model vit_7_4_32_c100 created, param count:3740203
2024-04-12 15:52:12,015 - train - INFO - Using native Torch AMP. Training in mixed precision.
2024-04-12 15:52:12,015 - train - INFO - Scheduled epochs: 160
2024-04-12 15:52:13,369 - train - INFO - Verifying initial model
2024-04-12 15:52:13,792 - train - INFO - Test: [   0/39]  Time: 0.422 (0.422)  Loss:  1.0146 (1.0146)  Acc@1: 77.3438 (77.3438)  Acc@5: 92.1875 (92.1875)
2024-04-12 15:52:14,459 - train - INFO - Test: [  39/39]  Time: 0.067 (0.027)  Loss:  0.7583 (1.0538)  Acc@1: 87.5000 (74.7700)  Acc@5: 87.5000 (93.6100)
2024-04-12 15:52:21,082 - train - INFO - len trace:30
2024-04-12 15:52:21,891 - train - INFO - cir_idx:[1, 2, 3, 4, 5, 6, 7, 8, 9, 10, 11, 12, 13, 14, 15, 16, 17, 18, 19, 20, 21, 22, 23, 24, 25, 26, 27, 28, 29]
2024-04-12 15:52:21,892 - train - INFO - len traces:(30,)
2024-04-12 15:52:21,892 - train - INFO - traces:[1.32780947e-01 1.13465136e-04 5.80897271e-04 6.73031270e-04
 9.63258688e-04 7.97682476e-05 3.99641438e-04 7.68777556e-04
 1.58443143e-04 1.24808897e-04 4.52812021e-04 3.72436880e-04
 1.43857480e-04 1.49661865e-04 5.00283815e-04 1.51399930e-04
 1.72513105e-04 2.06152259e-04 5.30960003e-04 4.21707045e-04
 2.33777065e-04 1.60223103e-04 3.67178556e-04 5.00454109e-04
 3.41973141e-04 1.37363192e-04 2.20415626e-04 6.67805285e-04
 3.79903292e-04 3.90643544e-03]
2024-04-12 15:52:21,893 - train - INFO - len params:29
2024-04-12 15:52:21,893 - train - INFO - params[0].shape:torch.Size([768, 256])
2024-04-12 15:52:21,893 - train - INFO - delta_weights_b2:[850.8709106445312, 64.0961685180664, 3079.152099609375, 1088.9224853515625, 1462.2939453125, 471.98358154296875, 2959.387939453125, 589.7891845703125, 1702.72216796875, 528.0252075195312, 3129.1484375, 539.1048583984375, 1660.9443359375, 455.906982421875, 3343.48291015625, 547.9308471679688, 1658.165771484375, 456.34771728515625, 3148.358642578125, 523.767578125, 1475.5208740234375, 391.72198486328125, 2560.46142578125, 489.0900573730469, 1321.2435302734375, 392.158935546875, 1928.6688232421875, 648.807373046875, 102.27930450439453]
2024-04-12 15:52:21,894 - train - INFO - delta_weights_b4:[1192.5584716796875, 90.89299011230469, 4323.11181640625, 1414.7474365234375, 2025.6368408203125, 660.6327514648438, 4037.4814453125, 743.790771484375, 2316.18994140625, 702.3619384765625, 4230.53955078125, 669.6415405273438, 2213.07666015625, 602.0997924804688, 4583.11083984375, 689.57275390625, 2204.9326171875, 595.4776611328125, 4287.8017578125, 646.4937133789062, 1937.4849853515625, 513.74365234375, 3548.22216796875, 603.1513061523438, 1711.2554931640625, 519.4619750976562, 2490.021484375, 810.6520385742188, 134.09628295898438]
2024-04-12 15:52:21,894 - train - INFO - delta_weights_b8:[1378.0032958984375, 104.21173858642578, 4918.49951171875, 1581.829833984375, 2302.973876953125, 748.14013671875, 4500.5966796875, 812.3333740234375, 2617.896484375, 790.4583740234375, 4722.6484375, 729.8331298828125, 2486.612548828125, 672.287841796875, 5123.74609375, 750.7213134765625, 2455.483154296875, 667.2587280273438, 4830.6650390625, 703.0079345703125, 2155.80126953125, 569.6187744140625, 4005.19384765625, 653.81494140625, 1896.208740234375, 592.9642333984375, 2839.196044921875, 884.8988037109375, 134.09628295898438]
2024-04-12 15:52:21,894 - train - INFO - delta_weights_b16:[1466.9669189453125, 110.41140747070312, 5211.83642578125, 1657.2052001953125, 2447.393798828125, 795.0118408203125, 4737.798828125, 844.6581420898438, 2783.785888671875, 833.6701049804688, 4981.05029296875, 759.6671752929688, 2624.557373046875, 705.7234497070312, 5369.6787109375, 777.6768798828125, 2593.26123046875, 698.5152587890625, 5085.34375, 729.1517944335938, 2270.760986328125, 600.1571655273438, 4226.140625, 678.8165283203125, 1987.74169921875, 624.1810913085938, 2999.57763671875, 929.6861572265625, 134.09628295898438]
2024-04-12 15:52:21,894 - train - INFO - delta_weights_b32:[]
2024-04-12 15:52:21,973 - train - INFO - result:[16 16  2 16 16 16  2 16 16 16 16 16 16 16 16 16 16 16 16 16 16 16  2 16
 16 16 16 16  2]
2024-04-12 15:52:21,975 - train - INFO - ratio:tensor(0.1489)
