2024-04-17 16:11:29,489 - train - INFO - Model vit_9_12_64 created, param count:2766216
2024-04-17 16:11:31,017 - train - INFO - Using native Torch AMP. Training in mixed precision.
2024-04-17 16:11:31,017 - train - INFO - Scheduled epochs: 11
2024-04-17 16:11:31,256 - train - INFO - Verifying initial model
2024-04-17 16:11:33,037 - train - INFO - Test: [   0/156]  Time: 1.780 (1.780)  Loss:  0.7661 (0.7661)  Acc@1: 87.5000 (87.5000)  Acc@5: 93.7500 (93.7500)
2024-04-17 16:11:34,743 - train - INFO - Test: [  50/156]  Time: 0.034 (0.068)  Loss:  2.8906 (1.4736)  Acc@1: 37.5000 (66.9424)  Acc@5: 60.9375 (86.7953)
2024-04-17 16:11:36,434 - train - INFO - Test: [ 100/156]  Time: 0.034 (0.051)  Loss:  1.7725 (1.6068)  Acc@1: 53.1250 (63.1033)  Acc@5: 84.3750 (84.9319)
2024-04-17 16:11:38,220 - train - INFO - Test: [ 150/156]  Time: 0.033 (0.046)  Loss:  1.1201 (1.6443)  Acc@1: 76.5625 (62.5310)  Acc@5: 92.1875 (84.0853)
2024-04-17 16:11:38,433 - train - INFO - Test: [ 156/156]  Time: 0.045 (0.046)  Loss:  1.8408 (1.6375)  Acc@1: 56.2500 (62.6500)  Acc@5: 75.0000 (84.3200)
2024-04-17 16:12:08,909 - train - INFO - len trace:38
2024-04-17 16:12:08,910 - train - INFO - target_block_size:8
2024-04-17 16:12:08,910 - train - INFO - use cal_mse
2024-04-17 16:12:08,937 - train - INFO - use cal_mse
2024-04-17 16:12:08,961 - train - INFO - use cal_mse
2024-04-17 16:12:08,985 - train - INFO - use cal_mse
2024-04-17 16:12:09,009 - train - INFO - use cal_mse
2024-04-17 16:12:09,033 - train - INFO - use cal_mse
2024-04-17 16:12:09,056 - train - INFO - use cal_mse
2024-04-17 16:12:09,080 - train - INFO - use cal_mse
2024-04-17 16:12:09,104 - train - INFO - use cal_mse
2024-04-17 16:12:09,128 - train - INFO - use cal_mse
2024-04-17 16:12:09,152 - train - INFO - use cal_mse
2024-04-17 16:12:09,176 - train - INFO - use cal_mse
2024-04-17 16:12:09,200 - train - INFO - use cal_mse
2024-04-17 16:12:09,224 - train - INFO - use cal_mse
2024-04-17 16:12:09,247 - train - INFO - use cal_mse
2024-04-17 16:12:09,271 - train - INFO - use cal_mse
2024-04-17 16:12:09,295 - train - INFO - use cal_mse
2024-04-17 16:12:09,319 - train - INFO - use cal_mse
2024-04-17 16:12:09,343 - train - INFO - use cal_mse
2024-04-17 16:12:09,367 - train - INFO - use cal_mse
2024-04-17 16:12:09,391 - train - INFO - use cal_mse
2024-04-17 16:12:09,415 - train - INFO - use cal_mse
2024-04-17 16:12:09,438 - train - INFO - use cal_mse
2024-04-17 16:12:09,462 - train - INFO - use cal_mse
2024-04-17 16:12:09,486 - train - INFO - use cal_mse
2024-04-17 16:12:09,511 - train - INFO - use cal_mse
2024-04-17 16:12:09,534 - train - INFO - use cal_mse
2024-04-17 16:12:09,558 - train - INFO - use cal_mse
2024-04-17 16:12:09,582 - train - INFO - use cal_mse
2024-04-17 16:12:09,606 - train - INFO - use cal_mse
2024-04-17 16:12:09,630 - train - INFO - use cal_mse
2024-04-17 16:12:09,654 - train - INFO - use cal_mse
2024-04-17 16:12:09,678 - train - INFO - use cal_mse
2024-04-17 16:12:09,701 - train - INFO - use cal_mse
2024-04-17 16:12:09,722 - train - INFO - use cal_mse
2024-04-17 16:12:09,742 - train - INFO - use cal_mse
2024-04-17 16:12:09,761 - train - INFO - use cal_mse
2024-04-17 16:12:09,776 - train - INFO - cir_idx:[1, 2, 3, 4, 5, 6, 7, 8, 9, 10, 11, 12, 13, 14, 15, 16, 17, 18, 19, 20, 21, 22, 23, 24, 25, 26, 27, 28, 29, 30, 31, 32, 33, 34, 35, 36, 37]
2024-04-17 16:12:09,776 - train - INFO - len traces:(38,)
2024-04-17 16:12:09,777 - train - INFO - traces:[2.54310147e-01 3.08986641e-04 2.63633211e-03 9.36011088e-04
 2.56208397e-03 6.97974521e-04 2.17384520e-03 4.24830671e-04
 2.02068366e-04 8.26342796e-04 1.89675816e-03 5.91428845e-04
 1.99172793e-04 1.00193743e-03 1.99810321e-03 7.40891810e-04
 1.99999146e-04 8.89022039e-04 1.86663155e-03 9.71569357e-04
 5.67919792e-04 5.57319113e-04 1.55532601e-03 4.30447982e-04
 4.12283236e-04 5.87041087e-04 1.46120508e-03 6.33789584e-04
 6.44696029e-04 4.89747481e-04 1.20735746e-03 9.29089914e-04
 6.96289705e-04 4.03384955e-04 7.67679444e-04 5.89997499e-04
 8.49975474e-04 4.09641904e-03]
2024-04-17 16:12:09,778 - train - INFO - len params:37
2024-04-17 16:12:09,778 - train - INFO - params[0].shape:torch.Size([576, 192])
2024-04-17 16:12:09,778 - train - INFO - delta_weights_b1:[0, 0, 0, 0, 0, 0, 0, 0, 0, 0, 0, 0, 0, 0, 0, 0, 0, 0, 0, 0, 0, 0, 0, 0, 0, 0, 0, 0, 0, 0, 0, 0, 0, 0, 0, 0, 0]
2024-04-17 16:12:09,778 - train - INFO - delta_weights_b2:[199.70899963378906, 16.647912979125977, 115.23030853271484, 98.75659942626953, 146.91612243652344, 42.0560302734375, 115.86699676513672, 119.03717041015625, 156.83816528320312, 50.663108825683594, 99.31172180175781, 105.55805969238281, 158.26710510253906, 53.07450866699219, 88.69646453857422, 93.37100982666016, 159.4102783203125, 52.93539047241211, 108.68989562988281, 95.5582275390625, 160.0985565185547, 52.84940719604492, 130.25588989257812, 114.42798614501953, 158.23495483398438, 53.82084274291992, 131.35691833496094, 122.86994934082031, 153.77613830566406, 55.41766357421875, 127.09693145751953, 146.91107177734375, 156.12237548828125, 57.6406364440918, 131.1722412109375, 168.4348907470703, 59.837303161621094]
2024-04-17 16:12:09,778 - train - INFO - delta_weights_b4:[300.6095275878906, 25.373523712158203, 172.1873321533203, 148.16482543945312, 218.0541229248047, 63.00282287597656, 175.050048828125, 181.46295166015625, 235.10816955566406, 75.70777130126953, 148.1780548095703, 158.09121704101562, 236.66322326660156, 78.7958755493164, 134.12188720703125, 139.97073364257812, 240.33551025390625, 78.74130249023438, 162.712646484375, 143.03477478027344, 239.7427978515625, 78.58414459228516, 196.50247192382812, 171.33023071289062, 236.9091796875, 80.27279663085938, 195.4865264892578, 186.5794219970703, 230.7275390625, 82.67765808105469, 190.3699493408203, 219.8074188232422, 234.8863067626953, 86.68090057373047, 198.64295959472656, 253.3072967529297, 90.27781677246094]
2024-04-17 16:12:09,778 - train - INFO - delta_weights_b8:[349.4772033691406, 29.578838348388672, 201.0074462890625, 172.4183349609375, 254.93263244628906, 73.1237564086914, 203.18882751464844, 210.72509765625, 274.3470458984375, 88.53361511230469, 173.3897705078125, 184.0281219482422, 275.6900329589844, 91.87438201904297, 156.08956909179688, 162.5481719970703, 279.29864501953125, 92.23295593261719, 189.4132843017578, 167.0537567138672, 280.0927429199219, 91.93724822998047, 230.1296844482422, 199.53634643554688, 277.48175048828125, 94.31066131591797, 227.7960968017578, 216.5174560546875, 268.94146728515625, 96.1852798461914, 222.7923583984375, 255.9613037109375, 274.6937255859375, 101.15811920166016, 231.7239227294922, 295.6224365234375, 105.50279998779297]
2024-04-17 16:12:09,778 - train - INFO - delta_weights_b16:[374.9708557128906, 31.56450653076172, 214.9208221435547, 184.41375732421875, 273.961181640625, 78.3324966430664, 217.43817138671875, 225.38339233398438, 293.64031982421875, 94.62126922607422, 185.46360778808594, 197.6531982421875, 296.16162109375, 98.21550750732422, 167.13230895996094, 174.07583618164062, 299.7607116699219, 98.83360290527344, 203.01507568359375, 179.25917053222656, 300.35858154296875, 98.56294250488281, 246.09588623046875, 214.12960815429688, 296.8395080566406, 100.75922393798828, 243.3695068359375, 231.66445922851562, 288.9093322753906, 103.29240417480469, 237.94265747070312, 274.66558837890625, 294.14337158203125, 108.26049041748047, 248.4429931640625, 316.2230529785156, 105.50279998779297]
2024-04-17 16:12:09,778 - train - INFO - delta_weights_b32:[]
2024-04-17 16:12:09,784 - train - INFO - sensitivity_b2:[0.06170741 0.04388943 0.10785685 0.2530227  0.10254371 0.0914233
 0.04922385 0.02405365 0.12960209 0.09609566 0.05873582 0.02102429
 0.15857374 0.10604835 0.06571448 0.01867412 0.14171925 0.09881087
 0.10559977 0.05426941 0.08922599 0.08219806 0.05606838 0.04717674
 0.09289042 0.07864329 0.08325265 0.07921377 0.07531148 0.06690893
 0.11808448 0.10229267 0.06297742 0.04424953 0.07739129 0.14316553
 0.24511867]
2024-04-17 16:12:09,785 - train - INFO - sensitivity_b4:[0.09288433 0.06689304 0.16116925 0.37961072 0.15219622 0.13695838
 0.07436663 0.03666792 0.19427994 0.14359933 0.08763678 0.03148747
 0.23712174 0.15744229 0.09936981 0.02799403 0.21366357 0.146981
 0.15808662 0.08123228 0.13361324 0.12222396 0.08458409 0.07063658
 0.13907542 0.11729502 0.12389732 0.12028701 0.11299823 0.09982149
 0.1768708  0.15304964 0.0947496  0.06654315 0.11719885 0.21530499
 0.36981577]
2024-04-17 16:12:09,785 - train - INFO - sensitivity_b8:[0.10798379 0.07797964 0.1881452  0.44175025 0.17793648 0.15895973
 0.08632085 0.04258088 0.2267047  0.16792686 0.10254771 0.0366534
 0.27622416 0.1835745  0.11564548 0.0325095  0.24830265 0.17216495
 0.18402814 0.09487313 0.15610104 0.14299239 0.09905886 0.08226549
 0.16289319 0.13780722 0.14437479 0.13958794 0.13171341 0.11613001
 0.20699413 0.17822322 0.11080732 0.07765701 0.13671653 0.25127182
 0.43218368]
2024-04-17 16:12:09,785 - train - INFO - sensitivity_b16:[0.11586099 0.08321452 0.20116827 0.47248353 0.19121792 0.17028272
 0.0923744  0.04554285 0.24264756 0.17947366 0.10968853 0.03936714
 0.29673541 0.19624472 0.12382696 0.03481502 0.26649388 0.18448592
 0.19724323 0.10180483 0.16739558 0.15329751 0.10593148 0.08828205
 0.17425699 0.14722989 0.15424506 0.14935316 0.14149262 0.12471085
 0.22107012 0.19124682 0.11865301 0.08310935 0.14658074 0.26878184
 0.43218368]
2024-04-17 16:12:09,951 - train - INFO - result:[16 16 16  1 16 16 16 16 16  1 16 16 16  1 16 16 16  1 16 16 16 16 16 16
 16 16 16 16 16 16 16 16 16 16 16 16  1]
2024-04-17 16:12:09,952 - train - INFO - origin_latency:3410.285354614258
2024-04-17 16:12:09,952 - train - INFO - current_latency-origin_latency:-22.549148559570312
2024-04-17 16:16:58,285 - train - INFO - Model vit_9_12_64 created, param count:2766216
2024-04-17 16:17:00,527 - train - INFO - Using native Torch AMP. Training in mixed precision.
2024-04-17 16:17:00,528 - train - INFO - Scheduled epochs: 11
2024-04-17 16:17:00,779 - train - INFO - Verifying initial model
2024-04-17 16:17:03,603 - train - INFO - Test: [   0/156]  Time: 2.823 (2.823)  Loss:  0.7661 (0.7661)  Acc@1: 87.5000 (87.5000)  Acc@5: 93.7500 (93.7500)
2024-04-17 16:17:06,292 - train - INFO - Test: [  50/156]  Time: 0.036 (0.108)  Loss:  2.8906 (1.4736)  Acc@1: 37.5000 (66.9424)  Acc@5: 60.9375 (86.7953)
2024-04-17 16:17:09,344 - train - INFO - Test: [ 100/156]  Time: 0.034 (0.085)  Loss:  1.7725 (1.6068)  Acc@1: 53.1250 (63.1033)  Acc@5: 84.3750 (84.9319)
2024-04-17 16:17:12,940 - train - INFO - Test: [ 150/156]  Time: 0.040 (0.081)  Loss:  1.1201 (1.6443)  Acc@1: 76.5625 (62.5310)  Acc@5: 92.1875 (84.0853)
2024-04-17 16:17:13,188 - train - INFO - Test: [ 156/156]  Time: 0.050 (0.079)  Loss:  1.8408 (1.6375)  Acc@1: 56.2500 (62.6500)  Acc@5: 75.0000 (84.3200)
2024-04-17 16:17:53,327 - train - INFO - len trace:38
2024-04-17 16:17:53,327 - train - INFO - target_block_size:4
2024-04-17 16:17:53,329 - train - INFO - use cal_mse
2024-04-17 16:17:53,357 - train - INFO - use cal_mse
2024-04-17 16:17:53,382 - train - INFO - use cal_mse
2024-04-17 16:17:53,406 - train - INFO - use cal_mse
2024-04-17 16:17:53,436 - train - INFO - use cal_mse
2024-04-17 16:17:53,466 - train - INFO - use cal_mse
2024-04-17 16:17:53,491 - train - INFO - use cal_mse
2024-04-17 16:17:53,515 - train - INFO - use cal_mse
2024-04-17 16:17:53,540 - train - INFO - use cal_mse
2024-04-17 16:17:53,570 - train - INFO - use cal_mse
2024-04-17 16:17:53,600 - train - INFO - use cal_mse
2024-04-17 16:17:53,625 - train - INFO - use cal_mse
2024-04-17 16:17:53,650 - train - INFO - use cal_mse
2024-04-17 16:17:53,674 - train - INFO - use cal_mse
2024-04-17 16:17:53,705 - train - INFO - use cal_mse
2024-04-17 16:17:53,737 - train - INFO - use cal_mse
2024-04-17 16:17:53,762 - train - INFO - use cal_mse
2024-04-17 16:17:53,787 - train - INFO - use cal_mse
2024-04-17 16:17:53,811 - train - INFO - use cal_mse
2024-04-17 16:17:53,837 - train - INFO - use cal_mse
2024-04-17 16:17:53,862 - train - INFO - use cal_mse
2024-04-17 16:17:53,912 - train - INFO - use cal_mse
2024-04-17 16:17:53,945 - train - INFO - use cal_mse
2024-04-17 16:17:53,969 - train - INFO - use cal_mse
2024-04-17 16:17:54,013 - train - INFO - use cal_mse
2024-04-17 16:17:54,053 - train - INFO - use cal_mse
2024-04-17 16:17:54,072 - train - INFO - use cal_mse
2024-04-17 16:17:54,115 - train - INFO - use cal_mse
2024-04-17 16:17:54,160 - train - INFO - use cal_mse
2024-04-17 16:17:54,178 - train - INFO - use cal_mse
2024-04-17 16:17:54,220 - train - INFO - use cal_mse
2024-04-17 16:17:54,264 - train - INFO - use cal_mse
2024-04-17 16:17:54,283 - train - INFO - use cal_mse
2024-04-17 16:17:54,323 - train - INFO - use cal_mse
2024-04-17 16:17:54,365 - train - INFO - use cal_mse
2024-04-17 16:17:54,387 - train - INFO - use cal_mse
2024-04-17 16:17:54,405 - train - INFO - use cal_mse
2024-04-17 16:17:54,446 - train - INFO - cir_idx:[1, 2, 3, 4, 5, 6, 7, 8, 9, 10, 11, 12, 13, 14, 15, 16, 17, 18, 19, 20, 21, 22, 23, 24, 25, 26, 27, 28, 29, 30, 31, 32, 33, 34, 35, 36, 37]
2024-04-17 16:17:54,446 - train - INFO - len traces:(38,)
2024-04-17 16:17:54,447 - train - INFO - traces:[2.54310147e-01 3.08986641e-04 2.63633211e-03 9.36011088e-04
 2.56208397e-03 6.97974521e-04 2.17384520e-03 4.24830671e-04
 2.02068366e-04 8.26342796e-04 1.89675816e-03 5.91428845e-04
 1.99172793e-04 1.00193743e-03 1.99810321e-03 7.40891810e-04
 1.99999146e-04 8.89022039e-04 1.86663155e-03 9.71569357e-04
 5.67919792e-04 5.57319113e-04 1.55532601e-03 4.30447982e-04
 4.12283236e-04 5.87041087e-04 1.46120508e-03 6.33789584e-04
 6.44696029e-04 4.89747481e-04 1.20735746e-03 9.29089914e-04
 6.96289705e-04 4.03384955e-04 7.67679444e-04 5.89997499e-04
 8.49975474e-04 4.09641904e-03]
2024-04-17 16:17:54,447 - train - INFO - len params:37
2024-04-17 16:17:54,447 - train - INFO - params[0].shape:torch.Size([576, 192])
2024-04-17 16:17:54,447 - train - INFO - delta_weights_b1:[0, 0, 0, 0, 0, 0, 0, 0, 0, 0, 0, 0, 0, 0, 0, 0, 0, 0, 0, 0, 0, 0, 0, 0, 0, 0, 0, 0, 0, 0, 0, 0, 0, 0, 0, 0, 0]
2024-04-17 16:17:54,447 - train - INFO - delta_weights_b2:[199.70899963378906, 16.647912979125977, 115.23030853271484, 98.75659942626953, 146.91612243652344, 42.0560302734375, 115.86699676513672, 119.03717041015625, 156.83816528320312, 50.663108825683594, 99.31172180175781, 105.55805969238281, 158.26710510253906, 53.07450866699219, 88.69646453857422, 93.37100982666016, 159.4102783203125, 52.93539047241211, 108.68989562988281, 95.5582275390625, 160.0985565185547, 52.84940719604492, 130.25588989257812, 114.42798614501953, 158.23495483398438, 53.82084274291992, 131.35691833496094, 122.86994934082031, 153.77613830566406, 55.41766357421875, 127.09693145751953, 146.91107177734375, 156.12237548828125, 57.6406364440918, 131.1722412109375, 168.4348907470703, 59.837303161621094]
2024-04-17 16:17:54,447 - train - INFO - delta_weights_b4:[300.6095275878906, 25.373523712158203, 172.1873321533203, 148.16482543945312, 218.0541229248047, 63.00282287597656, 175.050048828125, 181.46295166015625, 235.10816955566406, 75.70777130126953, 148.1780548095703, 158.09121704101562, 236.66322326660156, 78.7958755493164, 134.12188720703125, 139.97073364257812, 240.33551025390625, 78.74130249023438, 162.712646484375, 143.03477478027344, 239.7427978515625, 78.58414459228516, 196.50247192382812, 171.33023071289062, 236.9091796875, 80.27279663085938, 195.4865264892578, 186.5794219970703, 230.7275390625, 82.67765808105469, 190.3699493408203, 219.8074188232422, 234.8863067626953, 86.68090057373047, 198.64295959472656, 253.3072967529297, 90.27781677246094]
2024-04-17 16:17:54,447 - train - INFO - delta_weights_b8:[349.4772033691406, 29.578838348388672, 201.0074462890625, 172.4183349609375, 254.93263244628906, 73.1237564086914, 203.18882751464844, 210.72509765625, 274.3470458984375, 88.53361511230469, 173.3897705078125, 184.0281219482422, 275.6900329589844, 91.87438201904297, 156.08956909179688, 162.5481719970703, 279.29864501953125, 92.23295593261719, 189.4132843017578, 167.0537567138672, 280.0927429199219, 91.93724822998047, 230.1296844482422, 199.53634643554688, 277.48175048828125, 94.31066131591797, 227.7960968017578, 216.5174560546875, 268.94146728515625, 96.1852798461914, 222.7923583984375, 255.9613037109375, 274.6937255859375, 101.15811920166016, 231.7239227294922, 295.6224365234375, 105.50279998779297]
2024-04-17 16:17:54,448 - train - INFO - delta_weights_b16:[374.9708557128906, 31.56450653076172, 214.9208221435547, 184.41375732421875, 273.961181640625, 78.3324966430664, 217.43817138671875, 225.38339233398438, 293.64031982421875, 94.62126922607422, 185.46360778808594, 197.6531982421875, 296.16162109375, 98.21550750732422, 167.13230895996094, 174.07583618164062, 299.7607116699219, 98.83360290527344, 203.01507568359375, 179.25917053222656, 300.35858154296875, 98.56294250488281, 246.09588623046875, 214.12960815429688, 296.8395080566406, 100.75922393798828, 243.3695068359375, 231.66445922851562, 288.9093322753906, 103.29240417480469, 237.94265747070312, 274.66558837890625, 294.14337158203125, 108.26049041748047, 248.4429931640625, 316.2230529785156, 105.50279998779297]
2024-04-17 16:17:54,448 - train - INFO - delta_weights_b32:[]
2024-04-17 16:17:54,454 - train - INFO - sensitivity_b2:[0.06170741 0.04388943 0.10785685 0.2530227  0.10254371 0.0914233
 0.04922385 0.02405365 0.12960209 0.09609566 0.05873582 0.02102429
 0.15857374 0.10604835 0.06571448 0.01867412 0.14171925 0.09881087
 0.10559977 0.05426941 0.08922599 0.08219806 0.05606838 0.04717674
 0.09289042 0.07864329 0.08325265 0.07921377 0.07531148 0.06690893
 0.11808448 0.10229267 0.06297742 0.04424953 0.07739129 0.14316553
 0.24511867]
2024-04-17 16:17:54,454 - train - INFO - sensitivity_b4:[0.09288433 0.06689304 0.16116925 0.37961072 0.15219622 0.13695838
 0.07436663 0.03666792 0.19427994 0.14359933 0.08763678 0.03148747
 0.23712174 0.15744229 0.09936981 0.02799403 0.21366357 0.146981
 0.15808662 0.08123228 0.13361324 0.12222396 0.08458409 0.07063658
 0.13907542 0.11729502 0.12389732 0.12028701 0.11299823 0.09982149
 0.1768708  0.15304964 0.0947496  0.06654315 0.11719885 0.21530499
 0.36981577]
2024-04-17 16:17:54,454 - train - INFO - sensitivity_b8:[0.10798379 0.07797964 0.1881452  0.44175025 0.17793648 0.15895973
 0.08632085 0.04258088 0.2267047  0.16792686 0.10254771 0.0366534
 0.27622416 0.1835745  0.11564548 0.0325095  0.24830265 0.17216495
 0.18402814 0.09487313 0.15610104 0.14299239 0.09905886 0.08226549
 0.16289319 0.13780722 0.14437479 0.13958794 0.13171341 0.11613001
 0.20699413 0.17822322 0.11080732 0.07765701 0.13671653 0.25127182
 0.43218368]
2024-04-17 16:17:54,455 - train - INFO - sensitivity_b16:[0.11586099 0.08321452 0.20116827 0.47248353 0.19121792 0.17028272
 0.0923744  0.04554285 0.24264756 0.17947366 0.10968853 0.03936714
 0.29673541 0.19624472 0.12382696 0.03481502 0.26649388 0.18448592
 0.19724323 0.10180483 0.16739558 0.15329751 0.10593148 0.08828205
 0.17425699 0.14722989 0.15424506 0.14935316 0.14149262 0.12471085
 0.22107012 0.19124682 0.11865301 0.08310935 0.14658074 0.26878184
 0.43218368]
2024-04-17 16:17:54,613 - train - INFO - result:[16 16  4  1 16  1 16 16 16  1 16 16  2  1 16 16 16  1 16 16 16  1 16 16
 16  1 16 16 16  1  1 16 16 16 16  1  1]
2024-04-17 16:17:54,614 - train - INFO - origin_latency:6708.107168197632
2024-04-17 16:17:54,614 - train - INFO - current_latency-origin_latency:-22.97995948791504
