2024-04-17 16:11:26,148 - train - INFO - Model vit_7_4_32_c100 created, param count:3740203
2024-04-17 16:11:27,904 - train - INFO - Using native Torch AMP. Training in mixed precision.
2024-04-17 16:11:27,905 - train - INFO - Scheduled epochs: 160
2024-04-17 16:11:29,904 - train - INFO - Verifying initial model
2024-04-17 16:11:31,830 - train - INFO - Test: [   0/39]  Time: 1.923 (1.923)  Loss:  1.0146 (1.0146)  Acc@1: 77.3438 (77.3438)  Acc@5: 92.1875 (92.1875)
2024-04-17 16:11:32,705 - train - INFO - Test: [  39/39]  Time: 0.044 (0.070)  Loss:  0.7583 (1.0538)  Acc@1: 87.5000 (74.7700)  Acc@5: 87.5000 (93.6100)
2024-04-17 16:11:46,261 - train - INFO - len trace:30
2024-04-17 16:11:46,262 - train - INFO - target_block_size:8
2024-04-17 16:11:46,263 - train - INFO - use cal_mse
2024-04-17 16:11:46,312 - train - INFO - use cal_mse
2024-04-17 16:11:46,350 - train - INFO - use cal_mse
2024-04-17 16:11:46,389 - train - INFO - use cal_mse
2024-04-17 16:11:46,430 - train - INFO - use cal_mse
2024-04-17 16:11:46,468 - train - INFO - use cal_mse
2024-04-17 16:11:46,506 - train - INFO - use cal_mse
2024-04-17 16:11:46,544 - train - INFO - use cal_mse
2024-04-17 16:11:46,583 - train - INFO - use cal_mse
2024-04-17 16:11:46,623 - train - INFO - use cal_mse
2024-04-17 16:11:46,661 - train - INFO - use cal_mse
2024-04-17 16:11:46,700 - train - INFO - use cal_mse
2024-04-17 16:11:46,738 - train - INFO - use cal_mse
2024-04-17 16:11:46,776 - train - INFO - use cal_mse
2024-04-17 16:11:46,816 - train - INFO - use cal_mse
2024-04-17 16:11:46,854 - train - INFO - use cal_mse
2024-04-17 16:11:46,892 - train - INFO - use cal_mse
2024-04-17 16:11:46,931 - train - INFO - use cal_mse
2024-04-17 16:11:46,969 - train - INFO - use cal_mse
2024-04-17 16:11:47,009 - train - INFO - use cal_mse
2024-04-17 16:11:47,047 - train - INFO - use cal_mse
2024-04-17 16:11:47,085 - train - INFO - use cal_mse
2024-04-17 16:11:47,123 - train - INFO - use cal_mse
2024-04-17 16:11:47,161 - train - INFO - use cal_mse
2024-04-17 16:11:47,200 - train - INFO - use cal_mse
2024-04-17 16:11:47,233 - train - INFO - use cal_mse
2024-04-17 16:11:47,262 - train - INFO - use cal_mse
2024-04-17 16:11:47,288 - train - INFO - use cal_mse
2024-04-17 16:11:47,313 - train - INFO - use cal_mse
2024-04-17 16:11:47,318 - train - INFO - cir_idx:[1, 2, 3, 4, 5, 6, 7, 8, 9, 10, 11, 12, 13, 14, 15, 16, 17, 18, 19, 20, 21, 22, 23, 24, 25, 26, 27, 28, 29]
2024-04-17 16:11:47,318 - train - INFO - len traces:(30,)
2024-04-17 16:11:47,319 - train - INFO - traces:[1.32412072e-01 1.16638260e-04 5.75138287e-04 7.06186044e-04
 9.52957038e-04 9.26580427e-05 4.23037834e-04 7.82792375e-04
 1.66074188e-04 1.15862725e-04 4.83889761e-04 3.67041132e-04
 1.45065659e-04 1.70871176e-04 5.26036153e-04 1.69065311e-04
 1.70523426e-04 1.80322353e-04 5.33305472e-04 4.18678431e-04
 2.33024459e-04 1.80457184e-04 3.72331050e-04 4.94397974e-04
 3.34099442e-04 1.43322713e-04 2.32498003e-04 6.69898150e-04
 3.79730459e-04 3.86860002e-03]
2024-04-17 16:11:47,319 - train - INFO - len params:29
2024-04-17 16:11:47,319 - train - INFO - params[0].shape:torch.Size([768, 256])
2024-04-17 16:11:47,319 - train - INFO - delta_weights_b1:[0, 0, 0, 0, 0, 0, 0, 0, 0, 0, 0, 0, 0, 0, 0, 0, 0, 0, 0, 0, 0, 0, 0, 0, 0, 0, 0, 0, 0]
2024-04-17 16:11:47,319 - train - INFO - delta_weights_b2:[351.639892578125, 22.32489776611328, 156.30258178710938, 163.41888427734375, 239.79920959472656, 69.33220672607422, 178.67831420898438, 203.80523681640625, 266.01708984375, 80.61471557617188, 184.03797912597656, 209.7557373046875, 268.8674621582031, 84.04301452636719, 199.30946350097656, 211.54049682617188, 266.7362976074219, 86.12348937988281, 208.85643005371094, 208.4621124267578, 251.77354431152344, 88.2891845703125, 195.45700073242188, 220.65936279296875, 242.00067138671875, 91.6097412109375, 201.95611572265625, 287.0146179199219, 38.43779373168945]
2024-04-17 16:11:47,319 - train - INFO - delta_weights_b4:[524.1497192382812, 33.822113037109375, 232.79629516601562, 244.45254516601562, 359.46978759765625, 103.32061004638672, 267.82525634765625, 305.6532897949219, 398.16912841796875, 120.13721466064453, 273.1231384277344, 315.91949462890625, 404.8677673339844, 125.76303100585938, 299.7708740234375, 317.5202941894531, 399.0328063964844, 128.46823120117188, 312.4610900878906, 311.65850830078125, 376.5028991699219, 133.32484436035156, 293.5937194824219, 332.2152404785156, 363.6279296875, 135.8001251220703, 302.19677734375, 433.4744567871094, 57.456268310546875]
2024-04-17 16:11:47,319 - train - INFO - delta_weights_b8:[614.7601318359375, 39.321617126464844, 271.4686279296875, 284.8741149902344, 419.6810302734375, 120.94092559814453, 310.4367370605469, 356.79583740234375, 464.2603454589844, 140.34835815429688, 318.5343322753906, 368.2391357421875, 472.93182373046875, 146.70498657226562, 349.29388427734375, 369.8017578125, 465.1177673339844, 150.23629760742188, 366.75909423828125, 364.751953125, 438.47021484375, 154.90707397460938, 342.951416015625, 387.7720642089844, 424.53778076171875, 159.13519287109375, 353.0451965332031, 504.5415954589844, 57.456268310546875]
2024-04-17 16:11:47,319 - train - INFO - delta_weights_b16:[658.1156616210938, 42.127037048339844, 290.3542785644531, 304.8355712890625, 450.3009948730469, 129.50225830078125, 332.3880920410156, 382.3835754394531, 498.6716613769531, 150.5960693359375, 340.83184814453125, 394.1331481933594, 506.9293212890625, 157.23138427734375, 374.12237548828125, 396.09881591796875, 498.31036376953125, 161.2030487060547, 392.85296630859375, 390.4477233886719, 470.50982666015625, 165.7960968017578, 368.4198303222656, 416.1377258300781, 455.807373046875, 170.53671264648438, 377.85919189453125, 540.78515625, 57.456268310546875]
2024-04-17 16:11:47,319 - train - INFO - delta_weights_b32:[]
2024-04-17 16:11:47,324 - train - INFO - sensitivity_b2:[0.04101467 0.0128399  0.1103787  0.15573118 0.02221933 0.02933015
 0.13986802 0.03384679 0.03082146 0.03900864 0.06754951 0.03042835
 0.0459417  0.04420966 0.03369632 0.03607261 0.04809852 0.04593013
 0.08744368 0.04857677 0.04543434 0.0328728  0.09663355 0.07372217
 0.03468419 0.02129908 0.13529003 0.10898819 0.14870045]
2024-04-17 16:11:47,324 - train - INFO - sensitivity_b4:[0.06113591 0.01945239 0.16439749 0.23295277 0.03330777 0.04370853
 0.20965157 0.05076112 0.04613296 0.05813317 0.10024743 0.04582907
 0.06918023 0.0661559  0.05068086 0.05414465 0.07195453 0.06851281
 0.13082072 0.07262406 0.06794265 0.04964098 0.14515214 0.11099293
 0.05211614 0.03157326 0.20244106 0.16460345 0.22227532]
2024-04-17 16:11:47,325 - train - INFO - sensitivity_b8:[0.07170455 0.02261537 0.19170736 0.27147279 0.03888682 0.05116259
 0.24300751 0.05925458 0.05379047 0.06791313 0.1169152  0.05341885
 0.08081042 0.07717213 0.05905348 0.06305986 0.08387113 0.08012184
 0.15355412 0.08499613 0.0791251  0.05767671 0.16955449 0.12955443
 0.06084591 0.03699861 0.23650432 0.19158981 0.22227532]
2024-04-17 16:11:47,325 - train - INFO - sensitivity_b16:[0.07676147 0.02422887 0.20504414 0.2904952  0.04172401 0.05478435
 0.26019086 0.06350404 0.05777746 0.0728719  0.12509931 0.05717518
 0.08661961 0.08270939 0.06325112 0.06754413 0.0898565  0.08597047
 0.16447906 0.09098387 0.08490688 0.06173103 0.18214602 0.13903138
 0.06532755 0.03964945 0.25312717 0.2053526  0.22227532]
2024-04-17 16:11:47,490 - train - INFO - result:[16 16 16  1 16 16  1 16 16 16 16 16 16 16 16 16 16  8 16 16 16 16 16 16
 16 16 16 16  1]
2024-04-17 16:11:47,490 - train - INFO - origin_latency:1475.4824981689453
2024-04-17 16:11:47,490 - train - INFO - current_latency-origin_latency:-8.924985885620117
2024-04-17 16:16:50,064 - train - INFO - Model vit_7_4_32_c100 created, param count:3740203
2024-04-17 16:16:52,455 - train - INFO - Using native Torch AMP. Training in mixed precision.
2024-04-17 16:16:52,456 - train - INFO - Scheduled epochs: 160
2024-04-17 16:16:54,414 - train - INFO - Verifying initial model
2024-04-17 16:16:56,871 - train - INFO - Test: [   0/39]  Time: 2.456 (2.456)  Loss:  1.0146 (1.0146)  Acc@1: 77.3438 (77.3438)  Acc@5: 92.1875 (92.1875)
2024-04-17 16:16:58,094 - train - INFO - Test: [  39/39]  Time: 0.053 (0.092)  Loss:  0.7583 (1.0538)  Acc@1: 87.5000 (74.7700)  Acc@5: 87.5000 (93.6100)
2024-04-17 16:17:14,590 - train - INFO - len trace:30
2024-04-17 16:17:14,591 - train - INFO - target_block_size:4
2024-04-17 16:17:14,593 - train - INFO - use cal_mse
2024-04-17 16:17:14,637 - train - INFO - use cal_mse
2024-04-17 16:17:14,683 - train - INFO - use cal_mse
2024-04-17 16:17:14,723 - train - INFO - use cal_mse
2024-04-17 16:17:14,764 - train - INFO - use cal_mse
2024-04-17 16:17:14,804 - train - INFO - use cal_mse
2024-04-17 16:17:14,844 - train - INFO - use cal_mse
2024-04-17 16:17:14,884 - train - INFO - use cal_mse
2024-04-17 16:17:14,926 - train - INFO - use cal_mse
2024-04-17 16:17:14,966 - train - INFO - use cal_mse
2024-04-17 16:17:15,011 - train - INFO - use cal_mse
2024-04-17 16:17:15,044 - train - INFO - use cal_mse
2024-04-17 16:17:15,075 - train - INFO - use cal_mse
2024-04-17 16:17:15,103 - train - INFO - use cal_mse
2024-04-17 16:17:15,128 - train - INFO - use cal_mse
2024-04-17 16:17:15,153 - train - INFO - use cal_mse
2024-04-17 16:17:15,178 - train - INFO - use cal_mse
2024-04-17 16:17:15,204 - train - INFO - use cal_mse
2024-04-17 16:17:15,230 - train - INFO - use cal_mse
2024-04-17 16:17:15,255 - train - INFO - use cal_mse
2024-04-17 16:17:15,286 - train - INFO - use cal_mse
2024-04-17 16:17:15,317 - train - INFO - use cal_mse
2024-04-17 16:17:15,345 - train - INFO - use cal_mse
2024-04-17 16:17:15,371 - train - INFO - use cal_mse
2024-04-17 16:17:15,396 - train - INFO - use cal_mse
2024-04-17 16:17:15,423 - train - INFO - use cal_mse
2024-04-17 16:17:15,450 - train - INFO - use cal_mse
2024-04-17 16:17:15,482 - train - INFO - use cal_mse
2024-04-17 16:17:15,507 - train - INFO - use cal_mse
2024-04-17 16:17:15,512 - train - INFO - cir_idx:[1, 2, 3, 4, 5, 6, 7, 8, 9, 10, 11, 12, 13, 14, 15, 16, 17, 18, 19, 20, 21, 22, 23, 24, 25, 26, 27, 28, 29]
2024-04-17 16:17:15,513 - train - INFO - len traces:(30,)
2024-04-17 16:17:15,514 - train - INFO - traces:[1.32412072e-01 1.16638260e-04 5.75138287e-04 7.06186044e-04
 9.52957038e-04 9.26580427e-05 4.23037834e-04 7.82792375e-04
 1.66074188e-04 1.15862725e-04 4.83889761e-04 3.67041132e-04
 1.45065659e-04 1.70871176e-04 5.26036153e-04 1.69065311e-04
 1.70523426e-04 1.80322353e-04 5.33305472e-04 4.18678431e-04
 2.33024459e-04 1.80457184e-04 3.72331050e-04 4.94397974e-04
 3.34099442e-04 1.43322713e-04 2.32498003e-04 6.69898150e-04
 3.79730459e-04 3.86860002e-03]
2024-04-17 16:17:15,514 - train - INFO - len params:29
2024-04-17 16:17:15,514 - train - INFO - params[0].shape:torch.Size([768, 256])
2024-04-17 16:17:15,514 - train - INFO - delta_weights_b1:[0, 0, 0, 0, 0, 0, 0, 0, 0, 0, 0, 0, 0, 0, 0, 0, 0, 0, 0, 0, 0, 0, 0, 0, 0, 0, 0, 0, 0]
2024-04-17 16:17:15,514 - train - INFO - delta_weights_b2:[351.639892578125, 22.32489776611328, 156.30258178710938, 163.41888427734375, 239.79920959472656, 69.33220672607422, 178.67831420898438, 203.80523681640625, 266.01708984375, 80.61471557617188, 184.03797912597656, 209.7557373046875, 268.8674621582031, 84.04301452636719, 199.30946350097656, 211.54049682617188, 266.7362976074219, 86.12348937988281, 208.85643005371094, 208.4621124267578, 251.77354431152344, 88.2891845703125, 195.45700073242188, 220.65936279296875, 242.00067138671875, 91.6097412109375, 201.95611572265625, 287.0146179199219, 38.43779373168945]
2024-04-17 16:17:15,514 - train - INFO - delta_weights_b4:[524.1497192382812, 33.822113037109375, 232.79629516601562, 244.45254516601562, 359.46978759765625, 103.32061004638672, 267.82525634765625, 305.6532897949219, 398.16912841796875, 120.13721466064453, 273.1231384277344, 315.91949462890625, 404.8677673339844, 125.76303100585938, 299.7708740234375, 317.5202941894531, 399.0328063964844, 128.46823120117188, 312.4610900878906, 311.65850830078125, 376.5028991699219, 133.32484436035156, 293.5937194824219, 332.2152404785156, 363.6279296875, 135.8001251220703, 302.19677734375, 433.4744567871094, 57.456268310546875]
2024-04-17 16:17:15,514 - train - INFO - delta_weights_b8:[614.7601318359375, 39.321617126464844, 271.4686279296875, 284.8741149902344, 419.6810302734375, 120.94092559814453, 310.4367370605469, 356.79583740234375, 464.2603454589844, 140.34835815429688, 318.5343322753906, 368.2391357421875, 472.93182373046875, 146.70498657226562, 349.29388427734375, 369.8017578125, 465.1177673339844, 150.23629760742188, 366.75909423828125, 364.751953125, 438.47021484375, 154.90707397460938, 342.951416015625, 387.7720642089844, 424.53778076171875, 159.13519287109375, 353.0451965332031, 504.5415954589844, 57.456268310546875]
2024-04-17 16:17:15,514 - train - INFO - delta_weights_b16:[658.1156616210938, 42.127037048339844, 290.3542785644531, 304.8355712890625, 450.3009948730469, 129.50225830078125, 332.3880920410156, 382.3835754394531, 498.6716613769531, 150.5960693359375, 340.83184814453125, 394.1331481933594, 506.9293212890625, 157.23138427734375, 374.12237548828125, 396.09881591796875, 498.31036376953125, 161.2030487060547, 392.85296630859375, 390.4477233886719, 470.50982666015625, 165.7960968017578, 368.4198303222656, 416.1377258300781, 455.807373046875, 170.53671264648438, 377.85919189453125, 540.78515625, 57.456268310546875]
2024-04-17 16:17:15,514 - train - INFO - delta_weights_b32:[]
2024-04-17 16:17:15,519 - train - INFO - sensitivity_b2:[0.04101467 0.0128399  0.1103787  0.15573118 0.02221933 0.02933015
 0.13986802 0.03384679 0.03082146 0.03900864 0.06754951 0.03042835
 0.0459417  0.04420966 0.03369632 0.03607261 0.04809852 0.04593013
 0.08744368 0.04857677 0.04543434 0.0328728  0.09663355 0.07372217
 0.03468419 0.02129908 0.13529003 0.10898819 0.14870045]
2024-04-17 16:17:15,519 - train - INFO - sensitivity_b4:[0.06113591 0.01945239 0.16439749 0.23295277 0.03330777 0.04370853
 0.20965157 0.05076112 0.04613296 0.05813317 0.10024743 0.04582907
 0.06918023 0.0661559  0.05068086 0.05414465 0.07195453 0.06851281
 0.13082072 0.07262406 0.06794265 0.04964098 0.14515214 0.11099293
 0.05211614 0.03157326 0.20244106 0.16460345 0.22227532]
2024-04-17 16:17:15,520 - train - INFO - sensitivity_b8:[0.07170455 0.02261537 0.19170736 0.27147279 0.03888682 0.05116259
 0.24300751 0.05925458 0.05379047 0.06791313 0.1169152  0.05341885
 0.08081042 0.07717213 0.05905348 0.06305986 0.08387113 0.08012184
 0.15355412 0.08499613 0.0791251  0.05767671 0.16955449 0.12955443
 0.06084591 0.03699861 0.23650432 0.19158981 0.22227532]
2024-04-17 16:17:15,520 - train - INFO - sensitivity_b16:[0.07676147 0.02422887 0.20504414 0.2904952  0.04172401 0.05478435
 0.26019086 0.06350404 0.05777746 0.0728719  0.12509931 0.05717518
 0.08661961 0.08270939 0.06325112 0.06754413 0.0898565  0.08597047
 0.16447906 0.09098387 0.08490688 0.06173103 0.18214602 0.13903138
 0.06532755 0.03964945 0.25312717 0.2053526  0.22227532]
2024-04-17 16:17:15,694 - train - INFO - result:[16 16  1  1 16 16  1 16 16 16 16 16 16 16 16 16 16  8 16 16 16 16  1 16
 16 16  1  1  1]
2024-04-17 16:17:15,694 - train - INFO - origin_latency:2699.0999965667725
2024-04-17 16:17:15,695 - train - INFO - current_latency-origin_latency:-0.7424430847167969
2024-04-17 22:59:27,835 - train - INFO - Model vit_7_4_32_c100 created, param count:3740203
2024-04-17 22:59:28,092 - train - INFO - Using native Torch AMP. Training in mixed precision.
2024-04-17 22:59:28,092 - train - INFO - Scheduled epochs: 160
2024-04-17 22:59:29,740 - train - INFO - Verifying initial model
2024-04-17 22:59:30,237 - train - INFO - Test: [   0/39]  Time: 0.496 (0.496)  Loss:  1.0146 (1.0146)  Acc@1: 77.3438 (77.3438)  Acc@5: 92.1875 (92.1875)
2024-04-17 22:59:30,960 - train - INFO - Test: [  39/39]  Time: 0.085 (0.030)  Loss:  0.7583 (1.0538)  Acc@1: 87.5000 (74.7700)  Acc@5: 87.5000 (93.6100)
2024-04-17 22:59:37,754 - train - INFO - len trace:30
2024-04-17 22:59:37,755 - train - INFO - target_block_size:8
2024-04-17 22:59:37,756 - train - INFO - use cal_delta_z
2024-04-17 22:59:37,827 - train - INFO - use cal_delta_z
2024-04-17 22:59:37,855 - train - INFO - use cal_delta_z
2024-04-17 22:59:37,882 - train - INFO - use cal_delta_z
2024-04-17 22:59:37,910 - train - INFO - use cal_delta_z
2024-04-17 22:59:37,937 - train - INFO - use cal_delta_z
2024-04-17 22:59:37,964 - train - INFO - use cal_delta_z
2024-04-17 22:59:37,991 - train - INFO - use cal_delta_z
2024-04-17 22:59:38,018 - train - INFO - use cal_delta_z
2024-04-17 22:59:38,049 - train - INFO - use cal_delta_z
2024-04-17 22:59:38,076 - train - INFO - use cal_delta_z
2024-04-17 22:59:38,104 - train - INFO - use cal_delta_z
2024-04-17 22:59:38,131 - train - INFO - use cal_delta_z
2024-04-17 22:59:38,160 - train - INFO - use cal_delta_z
2024-04-17 22:59:38,189 - train - INFO - use cal_delta_z
2024-04-17 22:59:38,216 - train - INFO - use cal_delta_z
2024-04-17 22:59:38,243 - train - INFO - use cal_delta_z
2024-04-17 22:59:38,271 - train - INFO - use cal_delta_z
2024-04-17 22:59:38,297 - train - INFO - use cal_delta_z
2024-04-17 22:59:38,325 - train - INFO - use cal_delta_z
2024-04-17 22:59:38,352 - train - INFO - use cal_delta_z
2024-04-17 22:59:38,382 - train - INFO - use cal_delta_z
2024-04-17 22:59:38,409 - train - INFO - use cal_delta_z
2024-04-17 22:59:38,440 - train - INFO - use cal_delta_z
2024-04-17 22:59:38,468 - train - INFO - use cal_delta_z
2024-04-17 22:59:38,497 - train - INFO - use cal_delta_z
2024-04-17 22:59:38,527 - train - INFO - use cal_delta_z
2024-04-17 22:59:38,555 - train - INFO - use cal_delta_z
2024-04-17 22:59:38,582 - train - INFO - use cal_delta_z
2024-04-17 22:59:38,589 - train - INFO - cir_idx:[1, 2, 3, 4, 5, 6, 7, 8, 9, 10, 11, 12, 13, 14, 15, 16, 17, 18, 19, 20, 21, 22, 23, 24, 25, 26, 27, 28, 29]
2024-04-17 22:59:38,589 - train - INFO - len traces:(30,)
2024-04-17 22:59:38,590 - train - INFO - traces:[1.32780947e-01 1.13465136e-04 5.80897271e-04 6.73031270e-04
 9.63258688e-04 7.97682476e-05 3.99641438e-04 7.68777556e-04
 1.58443143e-04 1.24808897e-04 4.52812021e-04 3.72436880e-04
 1.43857480e-04 1.49661865e-04 5.00283815e-04 1.51399930e-04
 1.72513105e-04 2.06152259e-04 5.30960003e-04 4.21707045e-04
 2.33777065e-04 1.60223103e-04 3.67178556e-04 5.00454109e-04
 3.41973141e-04 1.37363192e-04 2.20415626e-04 6.67805285e-04
 3.79903292e-04 3.90643544e-03]
2024-04-17 22:59:38,590 - train - INFO - len params:29
2024-04-17 22:59:38,591 - train - INFO - params[0].shape:torch.Size([768, 256])
2024-04-17 22:59:38,591 - train - INFO - delta_weights_b1:[0, 0, 0, 0, 0, 0, 0, 0, 0, 0, 0, 0, 0, 0, 0, 0, 0, 0, 0, 0, 0, 0, 0, 0, 0, 0, 0, 0, 0]
2024-04-17 22:59:38,591 - train - INFO - delta_weights_b2:[723981.3125, 4108.31884765625, 9481178.0, 1185752.125, 2138303.5, 222768.5, 8757977.0, 347851.28125, 2899262.75, 278810.625, 9791570.0, 290634.0625, 2758736.0, 207851.171875, 11178878.0, 300228.21875, 2749513.75, 208253.234375, 9912162.0, 274332.46875, 2177161.75, 153446.109375, 6555962.5, 239209.078125, 1745684.5, 153788.625, 3719763.5, 420951.0, 10461.0556640625]
2024-04-17 22:59:38,592 - train - INFO - delta_weights_b4:[1422195.75, 8261.5361328125, 18689296.0, 2001510.25, 4103204.5, 436435.625, 16301256.0, 553224.6875, 5364736.0, 493312.28125, 17897464.0, 448419.78125, 4897708.5, 362524.15625, 21004904.0, 475510.59375, 4861728.0, 354593.65625, 18385244.0, 417954.125, 3753848.0, 263932.53125, 12589881.0, 363791.5, 2928395.25, 269840.75, 6200207.0, 657156.75, 17981.8125]
2024-04-17 22:59:38,592 - train - INFO - delta_weights_b8:[1898893.125, 10860.0869140625, 24191638.0, 2502185.5, 5303688.5, 559713.6875, 20255370.0, 659885.5, 6853382.0, 624824.4375, 22303408.0, 532656.375, 6183242.0, 451970.9375, 26252774.0, 563582.5, 6029397.5, 445234.21875, 23335324.0, 494220.15625, 4647479.0, 324465.5625, 16041578.0, 427473.96875, 3595607.5, 351606.59375, 8061034.0, 783045.875, 17981.8125]
2024-04-17 22:59:38,592 - train - INFO - delta_weights_b16:[2151992.0, 12190.6787109375, 27163238.0, 2746329.0, 5989736.5, 632043.8125, 22446738.0, 713447.375, 7749464.0, 695005.875, 24810862.0, 577094.1875, 6888301.5, 498045.59375, 28833450.0, 604781.3125, 6725004.0, 487923.5625, 25860722.0, 531662.3125, 5156355.5, 360188.625, 17860264.0, 460791.875, 3951117.0, 389602.03125, 8997466.0, 864316.375, 17981.8125]
2024-04-17 22:59:38,592 - train - INFO - delta_weights_b32:[]
2024-04-17 22:59:38,604 - train - INFO - sensitivity_b2:[8.21466378e+01 2.38651121e+00 6.38112928e+03 1.14218604e+03
 1.70568723e+02 8.90275236e+01 6.73293616e+03 5.51146503e+01
 3.61853785e+02 1.26248802e+02 3.64674179e+03 4.18098839e+01
 4.12877575e+02 1.03984577e+02 1.69248135e+03 5.17933021e+01
 5.66818471e+02 1.10574138e+02 4.18002855e+03 6.41326395e+01
 3.48831611e+02 5.63421209e+01 3.28095837e+03 8.18030799e+01
 2.39792795e+02 3.38974160e+01 2.48407773e+03 1.59920670e+02
 4.08654386e+01]
2024-04-17 22:59:38,605 - train - INFO - sensitivity_b4:[1.61369634e+02 4.79910380e+00 1.25784806e+04 1.92797214e+03
 3.27305432e+02 1.74417761e+02 1.25320398e+04 8.76546583e+01
 6.69566781e+02 2.23377731e+02 6.66567566e+03 6.45085398e+01
 7.33000189e+02 1.81364968e+02 3.18014100e+03 8.20318088e+01
 1.00225621e+03 1.88275049e+02 7.75318692e+03 9.77080888e+01
 6.01453174e+02 9.69103658e+01 6.30065768e+03 1.24406922e+02
 4.02253719e+02 5.94771178e+01 4.14053101e+03 2.49656012e+02
 7.02447896e+01]
2024-04-17 22:59:38,606 - train - INFO - sensitivity_b8:[2.15458166e+02 6.30859486e+00 1.62817289e+04 2.41025192e+03
 4.23065937e+02 2.23684783e+02 1.55718739e+04 1.04554333e+02
 8.55363046e+02 2.82928016e+02 8.30661170e+03 7.66266039e+01
 9.25395531e+02 2.26113745e+02 3.97466816e+03 9.72253668e+01
 1.24297392e+03 2.36401562e+02 9.84067052e+03 1.15537338e+02
 7.44633506e+02 1.19136797e+02 8.02807362e+03 1.46184616e+02
 4.93904123e+02 7.74995875e+01 5.38320111e+03 2.97481705e+02
 7.02447896e+01]
2024-04-17 22:59:38,607 - train - INFO - sensitivity_b16:[2.44176064e+02 7.08153200e+00 1.82817086e+04 2.64542527e+03
 4.77790784e+02 2.52590898e+02 1.72565484e+04 1.13040844e+02
 9.67202051e+02 3.14707015e+02 9.24048004e+03 8.30193156e+01
 1.03091605e+03 2.49164150e+02 4.36538232e+03 1.04332702e+02
 1.38637477e+03 2.59067896e+02 1.09056487e+04 1.24290455e+02
 8.26167278e+02 1.32253539e+02 8.93824250e+03 1.57578445e+02
 5.42738043e+02 8.58743756e+01 6.00855535e+03 3.28356636e+02
 7.02447896e+01]
2024-04-17 22:59:38,678 - train - INFO - result:[16 16  2 16 16 16  2 16 16 16  4 16 16 16 16 16 16 16  2 16 16 16  2 16
 16 16 16 16  4]
2024-04-17 22:59:38,678 - train - INFO - origin_latency:1475.4824981689453
2024-04-17 22:59:38,678 - train - INFO - current_latency-origin_latency:-0.97248458862304692024-04-17 23:02:54,142 - train - INFO - Model vit_7_4_32_c100 created, param count:3740203
2024-04-17 23:02:54,369 - train - INFO - Using native Torch AMP. Training in mixed precision.
2024-04-17 23:02:54,369 - train - INFO - Scheduled epochs: 160
2024-04-17 23:02:55,895 - train - INFO - Verifying initial model
2024-04-17 23:02:56,386 - train - INFO - Test: [   0/39]  Time: 0.490 (0.490)  Loss:  1.0146 (1.0146)  Acc@1: 77.3438 (77.3438)  Acc@5: 92.1875 (92.1875)
2024-04-17 23:02:57,096 - train - INFO - Test: [  39/39]  Time: 0.081 (0.030)  Loss:  0.7583 (1.0538)  Acc@1: 87.5000 (74.7700)  Acc@5: 87.5000 (93.6100)
2024-04-17 23:03:03,951 - train - INFO - len trace:30
2024-04-17 23:03:03,951 - train - INFO - target_block_size:8
2024-04-17 23:03:03,952 - train - INFO - use cal_delta_z
2024-04-17 23:03:04,024 - train - INFO - use cal_delta_z
2024-04-17 23:03:04,053 - train - INFO - use cal_delta_z
2024-04-17 23:03:04,082 - train - INFO - use cal_delta_z
2024-04-17 23:03:04,111 - train - INFO - use cal_delta_z
2024-04-17 23:03:04,140 - train - INFO - use cal_delta_z
2024-04-17 23:03:04,170 - train - INFO - use cal_delta_z
2024-04-17 23:03:04,198 - train - INFO - use cal_delta_z
2024-04-17 23:03:04,229 - train - INFO - use cal_delta_z
2024-04-17 23:03:04,257 - train - INFO - use cal_delta_z
2024-04-17 23:03:04,285 - train - INFO - use cal_delta_z
2024-04-17 23:03:04,313 - train - INFO - use cal_delta_z
2024-04-17 23:03:04,341 - train - INFO - use cal_delta_z
2024-04-17 23:03:04,369 - train - INFO - use cal_delta_z
2024-04-17 23:03:04,397 - train - INFO - use cal_delta_z
2024-04-17 23:03:04,425 - train - INFO - use cal_delta_z
2024-04-17 23:03:04,453 - train - INFO - use cal_delta_z
2024-04-17 23:03:04,484 - train - INFO - use cal_delta_z
2024-04-17 23:03:04,515 - train - INFO - use cal_delta_z
2024-04-17 23:03:04,543 - train - INFO - use cal_delta_z
2024-04-17 23:03:04,572 - train - INFO - use cal_delta_z
2024-04-17 23:03:04,600 - train - INFO - use cal_delta_z
2024-04-17 23:03:04,628 - train - INFO - use cal_delta_z
2024-04-17 23:03:04,656 - train - INFO - use cal_delta_z
2024-04-17 23:03:04,684 - train - INFO - use cal_delta_z
2024-04-17 23:03:04,713 - train - INFO - use cal_delta_z
2024-04-17 23:03:04,745 - train - INFO - use cal_delta_z
2024-04-17 23:03:04,773 - train - INFO - use cal_delta_z
2024-04-17 23:03:04,802 - train - INFO - use cal_delta_z
2024-04-17 23:03:04,809 - train - INFO - cir_idx:[1, 2, 3, 4, 5, 6, 7, 8, 9, 10, 11, 12, 13, 14, 15, 16, 17, 18, 19, 20, 21, 22, 23, 24, 25, 26, 27, 28, 29]
2024-04-17 23:03:04,809 - train - INFO - len traces:(30,)
2024-04-17 23:03:04,810 - train - INFO - traces:[1.32780947e-01 1.13465136e-04 5.80897271e-04 6.73031270e-04
 9.63258688e-04 7.97682476e-05 3.99641438e-04 7.68777556e-04
 1.58443143e-04 1.24808897e-04 4.52812021e-04 3.72436880e-04
 1.43857480e-04 1.49661865e-04 5.00283815e-04 1.51399930e-04
 1.72513105e-04 2.06152259e-04 5.30960003e-04 4.21707045e-04
 2.33777065e-04 1.60223103e-04 3.67178556e-04 5.00454109e-04
 3.41973141e-04 1.37363192e-04 2.20415626e-04 6.67805285e-04
 3.79903292e-04 3.90643544e-03]
2024-04-17 23:03:04,811 - train - INFO - len params:29
2024-04-17 23:03:04,811 - train - INFO - params[0].shape:torch.Size([768, 256])
2024-04-17 23:03:04,811 - train - INFO - delta_weights_b1:[0, 0, 0, 0, 0, 0, 0, 0, 0, 0, 0, 0, 0, 0, 0, 0, 0, 0, 0, 0, 0, 0, 0, 0, 0, 0, 0, 0, 0]
2024-04-17 23:03:04,812 - train - INFO - delta_weights_b2:[723981.3125, 4108.31884765625, 9481178.0, 1185752.125, 2138303.5, 222768.5, 8757977.0, 347851.28125, 2899262.75, 278810.625, 9791570.0, 290634.0625, 2758736.0, 207851.171875, 11178878.0, 300228.21875, 2749513.75, 208253.234375, 9912162.0, 274332.46875, 2177161.75, 153446.109375, 6555962.5, 239209.078125, 1745684.5, 153788.625, 3719763.5, 420951.0, 10461.0556640625]
2024-04-17 23:03:04,812 - train - INFO - delta_weights_b4:[1422195.75, 8261.5361328125, 18689296.0, 2001510.25, 4103204.5, 436435.625, 16301256.0, 553224.6875, 5364736.0, 493312.28125, 17897464.0, 448419.78125, 4897708.5, 362524.15625, 21004904.0, 475510.59375, 4861728.0, 354593.65625, 18385244.0, 417954.125, 3753848.0, 263932.53125, 12589881.0, 363791.5, 2928395.25, 269840.75, 6200207.0, 657156.75, 17981.8125]
2024-04-17 23:03:04,812 - train - INFO - delta_weights_b8:[1898893.125, 10860.0869140625, 24191638.0, 2502185.5, 5303688.5, 559713.6875, 20255370.0, 659885.5, 6853382.0, 624824.4375, 22303408.0, 532656.375, 6183242.0, 451970.9375, 26252774.0, 563582.5, 6029397.5, 445234.21875, 23335324.0, 494220.15625, 4647479.0, 324465.5625, 16041578.0, 427473.96875, 3595607.5, 351606.59375, 8061034.0, 783045.875, 17981.8125]
2024-04-17 23:03:04,812 - train - INFO - delta_weights_b16:[2151992.0, 12190.6787109375, 27163238.0, 2746329.0, 5989736.5, 632043.8125, 22446738.0, 713447.375, 7749464.0, 695005.875, 24810862.0, 577094.1875, 6888301.5, 498045.59375, 28833450.0, 604781.3125, 6725004.0, 487923.5625, 25860722.0, 531662.3125, 5156355.5, 360188.625, 17860264.0, 460791.875, 3951117.0, 389602.03125, 8997466.0, 864316.375, 17981.8125]
2024-04-17 23:03:04,812 - train - INFO - delta_weights_b32:[]
2024-04-17 23:03:04,826 - train - INFO - sensitivity_b2:[8.21466378e+01 2.38651121e+00 6.38112928e+03 1.14218604e+03
 1.70568723e+02 8.90275236e+01 6.73293616e+03 5.51146503e+01
 3.61853785e+02 1.26248802e+02 3.64674179e+03 4.18098839e+01
 4.12877575e+02 1.03984577e+02 1.69248135e+03 5.17933021e+01
 5.66818471e+02 1.10574138e+02 4.18002855e+03 6.41326395e+01
 3.48831611e+02 5.63421209e+01 3.28095837e+03 8.18030799e+01
 2.39792795e+02 3.38974160e+01 2.48407773e+03 1.59920670e+02
 4.08654386e+01]
2024-04-17 23:03:04,827 - train - INFO - sensitivity_b4:[1.61369634e+02 4.79910380e+00 1.25784806e+04 1.92797214e+03
 3.27305432e+02 1.74417761e+02 1.25320398e+04 8.76546583e+01
 6.69566781e+02 2.23377731e+02 6.66567566e+03 6.45085398e+01
 7.33000189e+02 1.81364968e+02 3.18014100e+03 8.20318088e+01
 1.00225621e+03 1.88275049e+02 7.75318692e+03 9.77080888e+01
 6.01453174e+02 9.69103658e+01 6.30065768e+03 1.24406922e+02
 4.02253719e+02 5.94771178e+01 4.14053101e+03 2.49656012e+02
 7.02447896e+01]
2024-04-17 23:03:04,828 - train - INFO - sensitivity_b8:[2.15458166e+02 6.30859486e+00 1.62817289e+04 2.41025192e+03
 4.23065937e+02 2.23684783e+02 1.55718739e+04 1.04554333e+02
 8.55363046e+02 2.82928016e+02 8.30661170e+03 7.66266039e+01
 9.25395531e+02 2.26113745e+02 3.97466816e+03 9.72253668e+01
 1.24297392e+03 2.36401562e+02 9.84067052e+03 1.15537338e+02
 7.44633506e+02 1.19136797e+02 8.02807362e+03 1.46184616e+02
 4.93904123e+02 7.74995875e+01 5.38320111e+03 2.97481705e+02
 7.02447896e+01]
2024-04-17 23:03:04,829 - train - INFO - sensitivity_b16:[2.44176064e+02 7.08153200e+00 1.82817086e+04 2.64542527e+03
 4.77790784e+02 2.52590898e+02 1.72565484e+04 1.13040844e+02
 9.67202051e+02 3.14707015e+02 9.24048004e+03 8.30193156e+01
 1.03091605e+03 2.49164150e+02 4.36538232e+03 1.04332702e+02
 1.38637477e+03 2.59067896e+02 1.09056487e+04 1.24290455e+02
 8.26167278e+02 1.32253539e+02 8.93824250e+03 1.57578445e+02
 5.42738043e+02 8.58743756e+01 6.00855535e+03 3.28356636e+02
 7.02447896e+01]
2024-04-17 23:03:04,898 - train - INFO - result:[16 16  2 16 16 16  1 16 16  8  8 16 16 16 16 16 16 16  2 16 16 16  8 16
 16 16 16 16  4]
2024-04-17 23:03:04,898 - train - INFO - origin_latency:1475.4824981689453
2024-04-17 23:03:04,898 - train - INFO - current_latency-origin_latency:-4.5199832916259772024-04-18 09:37:16,249 - train - INFO - Model vit_7_4_32_c100 created, param count:3740203
2024-04-18 09:37:16,572 - train - INFO - Using native Torch AMP. Training in mixed precision.
2024-04-18 09:37:16,572 - train - INFO - Scheduled epochs: 160
2024-04-18 09:37:17,909 - train - INFO - Verifying initial model
2024-04-18 09:37:18,343 - train - INFO - Test: [   0/39]  Time: 0.434 (0.434)  Loss:  1.0146 (1.0146)  Acc@1: 77.3438 (77.3438)  Acc@5: 92.1875 (92.1875)
2024-04-18 09:37:19,025 - train - INFO - Test: [  39/39]  Time: 0.053 (0.028)  Loss:  0.7583 (1.0538)  Acc@1: 87.5000 (74.7700)  Acc@5: 87.5000 (93.6100)
2024-04-18 09:37:25,726 - train - INFO - len trace:30
2024-04-18 09:37:25,726 - train - INFO - target_block_size:8
2024-04-18 09:38:02,355 - train - INFO - Model vit_7_4_32_c100 created, param count:3740203
2024-04-18 09:38:02,682 - train - INFO - Using native Torch AMP. Training in mixed precision.
2024-04-18 09:38:02,683 - train - INFO - Scheduled epochs: 160
2024-04-18 09:38:04,023 - train - INFO - Verifying initial model
2024-04-18 09:38:04,471 - train - INFO - Test: [   0/39]  Time: 0.447 (0.447)  Loss:  1.0146 (1.0146)  Acc@1: 77.3438 (77.3438)  Acc@5: 92.1875 (92.1875)
2024-04-18 09:38:05,138 - train - INFO - Test: [  39/39]  Time: 0.056 (0.028)  Loss:  0.7583 (1.0538)  Acc@1: 87.5000 (74.7700)  Acc@5: 87.5000 (93.6100)
2024-04-18 09:38:12,169 - train - INFO - len trace:30
2024-04-18 09:38:12,169 - train - INFO - target_block_size:8
2024-04-18 09:38:12,170 - train - INFO - use cal_delta_z
2024-04-18 09:38:12,236 - train - INFO - use cal_delta_z
2024-04-18 09:38:12,264 - train - INFO - use cal_delta_z
2024-04-18 09:38:12,292 - train - INFO - use cal_delta_z
2024-04-18 09:38:12,320 - train - INFO - use cal_delta_z
2024-04-18 09:38:12,347 - train - INFO - use cal_delta_z
2024-04-18 09:38:12,374 - train - INFO - use cal_delta_z
2024-04-18 09:38:12,402 - train - INFO - use cal_delta_z
2024-04-18 09:38:12,429 - train - INFO - use cal_delta_z
2024-04-18 09:38:12,458 - train - INFO - use cal_delta_z
2024-04-18 09:38:12,486 - train - INFO - use cal_delta_z
2024-04-18 09:38:12,513 - train - INFO - use cal_delta_z
2024-04-18 09:38:12,541 - train - INFO - use cal_delta_z
2024-04-18 09:38:12,568 - train - INFO - use cal_delta_z
2024-04-18 09:38:12,595 - train - INFO - use cal_delta_z
2024-04-18 09:38:12,622 - train - INFO - use cal_delta_z
2024-04-18 09:38:12,650 - train - INFO - use cal_delta_z
2024-04-18 09:38:12,678 - train - INFO - use cal_delta_z
2024-04-18 09:38:12,705 - train - INFO - use cal_delta_z
2024-04-18 09:38:12,732 - train - INFO - use cal_delta_z
2024-04-18 09:38:12,759 - train - INFO - use cal_delta_z
2024-04-18 09:38:12,787 - train - INFO - use cal_delta_z
2024-04-18 09:38:12,814 - train - INFO - use cal_delta_z
2024-04-18 09:38:12,841 - train - INFO - use cal_delta_z
2024-04-18 09:38:12,868 - train - INFO - use cal_delta_z
2024-04-18 09:38:12,898 - train - INFO - use cal_delta_z
2024-04-18 09:38:12,925 - train - INFO - use cal_delta_z
2024-04-18 09:38:12,952 - train - INFO - use cal_delta_z
2024-04-18 09:38:12,979 - train - INFO - use cal_delta_z
2024-04-18 09:38:12,986 - train - INFO - cir_idx:[1, 2, 3, 4, 5, 6, 7, 8, 9, 10, 11, 12, 13, 14, 15, 16, 17, 18, 19, 20, 21, 22, 23, 24, 25, 26, 27, 28, 29]
2024-04-18 09:38:12,986 - train - INFO - len traces:(30,)
2024-04-18 09:38:12,987 - train - INFO - traces:[1.32780947e-01 1.13465136e-04 5.80897271e-04 6.73031270e-04
 9.63258688e-04 7.97682476e-05 3.99641438e-04 7.68777556e-04
 1.58443143e-04 1.24808897e-04 4.52812021e-04 3.72436880e-04
 1.43857480e-04 1.49661865e-04 5.00283815e-04 1.51399930e-04
 1.72513105e-04 2.06152259e-04 5.30960003e-04 4.21707045e-04
 2.33777065e-04 1.60223103e-04 3.67178556e-04 5.00454109e-04
 3.41973141e-04 1.37363192e-04 2.20415626e-04 6.67805285e-04
 3.79903292e-04 3.90643544e-03]
2024-04-18 09:38:12,987 - train - INFO - len params:29
2024-04-18 09:38:12,987 - train - INFO - params[0].shape:torch.Size([768, 256])
2024-04-18 09:38:12,987 - train - INFO - delta_weights_b1:[0, 0, 0, 0, 0, 0, 0, 0, 0, 0, 0, 0, 0, 0, 0, 0, 0, 0, 0, 0, 0, 0, 0, 0, 0, 0, 0, 0, 0]
2024-04-18 09:38:12,988 - train - INFO - delta_weights_b2:[723981.3125, 4108.31884765625, 9481178.0, 1185752.125, 2138303.5, 222768.5, 8757977.0, 347851.28125, 2899262.75, 278810.625, 9791570.0, 290634.0625, 2758736.0, 207851.171875, 11178878.0, 300228.21875, 2749513.75, 208253.234375, 9912162.0, 274332.46875, 2177161.75, 153446.109375, 6555962.5, 239209.078125, 1745684.5, 153788.625, 3719763.5, 420951.0, 10461.0556640625]
2024-04-18 09:38:12,988 - train - INFO - delta_weights_b4:[1422195.75, 8261.5361328125, 18689296.0, 2001510.25, 4103204.5, 436435.625, 16301256.0, 553224.6875, 5364736.0, 493312.28125, 17897464.0, 448419.78125, 4897708.5, 362524.15625, 21004904.0, 475510.59375, 4861728.0, 354593.65625, 18385244.0, 417954.125, 3753848.0, 263932.53125, 12589881.0, 363791.5, 2928395.25, 269840.75, 6200207.0, 657156.75, 17981.8125]
2024-04-18 09:38:12,988 - train - INFO - delta_weights_b8:[1898893.125, 10860.0869140625, 24191638.0, 2502185.5, 5303688.5, 559713.6875, 20255370.0, 659885.5, 6853382.0, 624824.4375, 22303408.0, 532656.375, 6183242.0, 451970.9375, 26252774.0, 563582.5, 6029397.5, 445234.21875, 23335324.0, 494220.15625, 4647479.0, 324465.5625, 16041578.0, 427473.96875, 3595607.5, 351606.59375, 8061034.0, 783045.875, 17981.8125]
2024-04-18 09:38:12,988 - train - INFO - delta_weights_b16:[2151992.0, 12190.6787109375, 27163238.0, 2746329.0, 5989736.5, 632043.8125, 22446738.0, 713447.375, 7749464.0, 695005.875, 24810862.0, 577094.1875, 6888301.5, 498045.59375, 28833450.0, 604781.3125, 6725004.0, 487923.5625, 25860722.0, 531662.3125, 5156355.5, 360188.625, 17860264.0, 460791.875, 3951117.0, 389602.03125, 8997466.0, 864316.375, 17981.8125]
2024-04-18 09:38:12,988 - train - INFO - delta_weights_b32:[]
2024-04-18 09:38:12,991 - train - INFO - sensitivity_b2:[8.21466378e+01 2.38651121e+00 6.38112928e+03 1.14218604e+03
 1.70568723e+02 8.90275236e+01 6.73293616e+03 5.51146503e+01
 3.61853785e+02 1.26248802e+02 3.64674179e+03 4.18098839e+01
 4.12877575e+02 1.03984577e+02 1.69248135e+03 5.17933021e+01
 5.66818471e+02 1.10574138e+02 4.18002855e+03 6.41326395e+01
 3.48831611e+02 5.63421209e+01 3.28095837e+03 8.18030799e+01
 2.39792795e+02 3.38974160e+01 2.48407773e+03 1.59920670e+02
 4.08654386e+01]
2024-04-18 09:38:12,992 - train - INFO - sensitivity_b4:[1.61369634e+02 4.79910380e+00 1.25784806e+04 1.92797214e+03
 3.27305432e+02 1.74417761e+02 1.25320398e+04 8.76546583e+01
 6.69566781e+02 2.23377731e+02 6.66567566e+03 6.45085398e+01
 7.33000189e+02 1.81364968e+02 3.18014100e+03 8.20318088e+01
 1.00225621e+03 1.88275049e+02 7.75318692e+03 9.77080888e+01
 6.01453174e+02 9.69103658e+01 6.30065768e+03 1.24406922e+02
 4.02253719e+02 5.94771178e+01 4.14053101e+03 2.49656012e+02
 7.02447896e+01]
2024-04-18 09:38:12,992 - train - INFO - sensitivity_b8:[2.15458166e+02 6.30859486e+00 1.62817289e+04 2.41025192e+03
 4.23065937e+02 2.23684783e+02 1.55718739e+04 1.04554333e+02
 8.55363046e+02 2.82928016e+02 8.30661170e+03 7.66266039e+01
 9.25395531e+02 2.26113745e+02 3.97466816e+03 9.72253668e+01
 1.24297392e+03 2.36401562e+02 9.84067052e+03 1.15537338e+02
 7.44633506e+02 1.19136797e+02 8.02807362e+03 1.46184616e+02
 4.93904123e+02 7.74995875e+01 5.38320111e+03 2.97481705e+02
 7.02447896e+01]
2024-04-18 09:38:12,992 - train - INFO - sensitivity_b16:[2.44176064e+02 7.08153200e+00 1.82817086e+04 2.64542527e+03
 4.77790784e+02 2.52590898e+02 1.72565484e+04 1.13040844e+02
 9.67202051e+02 3.14707015e+02 9.24048004e+03 8.30193156e+01
 1.03091605e+03 2.49164150e+02 4.36538232e+03 1.04332702e+02
 1.38637477e+03 2.59067896e+02 1.09056487e+04 1.24290455e+02
 8.26167278e+02 1.32253539e+02 8.93824250e+03 1.57578445e+02
 5.42738043e+02 8.58743756e+01 6.00855535e+03 3.28356636e+02
 7.02447896e+01]
2024-04-18 09:38:13,056 - train - INFO - result:[16 16  2 16 16 16  2 16 16  8  4 16 16 16 16 16 16 16  2 16 16 16  2 16
 16 16  8 16  4]
2024-04-18 09:38:13,056 - train - INFO - origin_latency:989.1829605102539
2024-04-18 09:38:13,056 - train - INFO - current_latency-origin_latency:-1.1375083923339844
2024-04-18 09:44:26,717 - train - INFO - Model vit_7_4_32_c100 created, param count:3740203
2024-04-18 09:44:26,993 - train - INFO - Using native Torch AMP. Training in mixed precision.
2024-04-18 09:44:26,993 - train - INFO - Scheduled epochs: 160
2024-04-18 09:44:28,316 - train - INFO - Verifying initial model
2024-04-18 09:44:28,943 - train - INFO - Test: [   0/39]  Time: 0.627 (0.627)  Loss:  1.0146 (1.0146)  Acc@1: 77.3438 (77.3438)  Acc@5: 92.1875 (92.1875)
2024-04-18 09:44:39,108 - train - INFO - Test: [  39/39]  Time: 0.618 (0.270)  Loss:  0.7583 (1.0538)  Acc@1: 87.5000 (74.7700)  Acc@5: 87.5000 (93.6100)
2024-04-18 09:44:53,665 - train - INFO - len trace:30
2024-04-18 09:44:53,665 - train - INFO - target_block_size:8
2024-04-18 09:44:53,665 - train - INFO - use cal_delta_z
2024-04-18 09:44:53,876 - train - INFO - use cal_delta_z
2024-04-18 09:44:54,050 - train - INFO - use cal_delta_z
2024-04-18 09:44:54,225 - train - INFO - use cal_delta_z
2024-04-18 09:44:54,399 - train - INFO - use cal_delta_z
2024-04-18 09:44:54,574 - train - INFO - use cal_delta_z
2024-04-18 09:44:54,748 - train - INFO - use cal_delta_z
2024-04-18 09:44:54,922 - train - INFO - use cal_delta_z
2024-04-18 09:44:55,098 - train - INFO - use cal_delta_z
2024-04-18 09:44:55,274 - train - INFO - use cal_delta_z
2024-04-18 09:44:55,448 - train - INFO - use cal_delta_z
2024-04-18 09:44:55,622 - train - INFO - use cal_delta_z
2024-04-18 09:44:55,796 - train - INFO - use cal_delta_z
2024-04-18 09:44:55,971 - train - INFO - use cal_delta_z
2024-04-18 09:44:56,147 - train - INFO - use cal_delta_z
2024-04-18 09:44:56,321 - train - INFO - use cal_delta_z
2024-04-18 09:44:56,496 - train - INFO - use cal_delta_z
2024-04-18 09:44:56,671 - train - INFO - use cal_delta_z
2024-04-18 09:44:56,844 - train - INFO - use cal_delta_z
2024-04-18 09:44:57,019 - train - INFO - use cal_delta_z
2024-04-18 09:44:57,194 - train - INFO - use cal_delta_z
2024-04-18 09:44:57,370 - train - INFO - use cal_delta_z
2024-04-18 09:44:57,544 - train - INFO - use cal_delta_z
2024-04-18 09:44:57,718 - train - INFO - use cal_delta_z
2024-04-18 09:44:57,894 - train - INFO - use cal_delta_z
2024-04-18 09:44:58,069 - train - INFO - use cal_delta_z
2024-04-18 09:44:58,243 - train - INFO - use cal_delta_z
2024-04-18 09:44:58,418 - train - INFO - use cal_delta_z
2024-04-18 09:44:58,593 - train - INFO - use cal_delta_z
2024-04-18 09:44:58,676 - train - INFO - cir_idx:[1, 2, 3, 4, 5, 6, 7, 8, 9, 10, 11, 12, 13, 14, 15, 16, 17, 18, 19, 20, 21, 22, 23, 24, 25, 26, 27, 28, 29]
2024-04-18 09:44:58,676 - train - INFO - len traces:(30,)
2024-04-18 09:44:58,677 - train - INFO - traces:[1.32780369e-01 1.13465136e-04 5.80897271e-04 6.73031270e-04
 9.63258688e-04 7.97682476e-05 3.99641438e-04 7.68777556e-04
 1.58443143e-04 1.24808897e-04 4.52812021e-04 3.72436880e-04
 1.43857480e-04 1.49661865e-04 5.00283815e-04 1.51399930e-04
 1.72513105e-04 2.06152259e-04 5.30960003e-04 4.21707045e-04
 2.33777065e-04 1.60223103e-04 3.67178556e-04 5.00454109e-04
 3.41973141e-04 1.37363192e-04 2.20415626e-04 6.67805285e-04
 3.79903292e-04 3.90643544e-03]
2024-04-18 09:44:58,677 - train - INFO - len params:29
2024-04-18 09:44:58,677 - train - INFO - params[0].shape:torch.Size([768, 256])
2024-04-18 09:44:58,678 - train - INFO - delta_weights_b1:[0, 0, 0, 0, 0, 0, 0, 0, 0, 0, 0, 0, 0, 0, 0, 0, 0, 0, 0, 0, 0, 0, 0, 0, 0, 0, 0, 0, 0]
2024-04-18 09:44:58,678 - train - INFO - delta_weights_b2:[850.8709106445312, 64.0961685180664, 3079.152099609375, 1088.9224853515625, 1462.2939453125, 471.98358154296875, 2959.387939453125, 589.7891845703125, 1702.72216796875, 528.0252075195312, 3129.1484375, 539.1048583984375, 1660.9443359375, 455.906982421875, 3343.48291015625, 547.9308471679688, 1658.165771484375, 456.34771728515625, 3148.358642578125, 523.767578125, 1475.5208740234375, 391.72198486328125, 2560.46142578125, 489.0900573730469, 1321.2435302734375, 392.158935546875, 1928.6688232421875, 648.807373046875, 102.27930450439453]
2024-04-18 09:44:58,678 - train - INFO - delta_weights_b4:[1192.5584716796875, 90.89299011230469, 4323.11181640625, 1414.7474365234375, 2025.6368408203125, 660.6327514648438, 4037.4814453125, 743.790771484375, 2316.18994140625, 702.3619384765625, 4230.53955078125, 669.6415405273438, 2213.07666015625, 602.0997924804688, 4583.11083984375, 689.57275390625, 2204.9326171875, 595.4776611328125, 4287.8017578125, 646.4937133789062, 1937.4849853515625, 513.74365234375, 3548.22216796875, 603.1513061523438, 1711.2554931640625, 519.4619750976562, 2490.021484375, 810.6520385742188, 134.09628295898438]
2024-04-18 09:44:58,678 - train - INFO - delta_weights_b8:[1378.0032958984375, 104.21173858642578, 4918.49951171875, 1581.829833984375, 2302.973876953125, 748.14013671875, 4500.5966796875, 812.3333740234375, 2617.896484375, 790.4583740234375, 4722.6484375, 729.8331298828125, 2486.612548828125, 672.287841796875, 5123.74609375, 750.7213134765625, 2455.483154296875, 667.2587280273438, 4830.6650390625, 703.0079345703125, 2155.80126953125, 569.6187744140625, 4005.19384765625, 653.81494140625, 1896.208740234375, 592.9642333984375, 2839.196044921875, 884.8988037109375, 134.09628295898438]
2024-04-18 09:44:58,678 - train - INFO - delta_weights_b16:[1466.9669189453125, 110.41140747070312, 5211.83642578125, 1657.2052001953125, 2447.393798828125, 795.0118408203125, 4737.798828125, 844.6581420898438, 2783.785888671875, 833.6701049804688, 4981.05029296875, 759.6671752929688, 2624.557373046875, 705.7234497070312, 5369.6787109375, 777.6768798828125, 2593.26123046875, 698.5152587890625, 5085.34375, 729.1517944335938, 2270.760986328125, 600.1571655273438, 4226.140625, 678.8165283203125, 1987.74169921875, 624.1810913085938, 2999.57763671875, 929.6861572265625, 134.09628295898438]
2024-04-18 09:44:58,678 - train - INFO - delta_weights_b32:[]
2024-04-18 09:44:58,682 - train - INFO - sensitivity_b2:[0.09654418 0.03723329 2.07236565 1.04891404 0.11664463 0.1886242
 2.27511103 0.09344805 0.21251488 0.23909616 1.16541028 0.07755427
 0.24858003 0.22808288 0.50620308 0.09452525 0.34183462 0.24230239
 1.32768502 0.12244485 0.23641253 0.14383191 1.28139344 0.16725566
 0.18149023 0.08643796 1.28797523 0.24648406 0.3995475 ]
2024-04-18 09:44:58,682 - train - INFO - sensitivity_b4:[0.13531381 0.05279949 2.90958944 1.36276776 0.1615815  0.26401622
 3.10392512 0.11784855 0.28908111 0.31803793 1.57560895 0.09633294
 0.33121318 0.30122078 0.69388266 0.11896034 0.45455184 0.31617482
 1.80819621 0.1511354  0.31042986 0.18863565 1.77572236 0.20626155
 0.23506352 0.11449754 1.66284951 0.30796938 0.52383847]
2024-04-18 09:44:58,682 - train - INFO - sensitivity_b8:[0.15635533 0.06053631 3.31030398 1.52371133 0.18370419 0.2989878
 3.45995772 0.12870865 0.32673677 0.35792905 1.75888845 0.10499195
 0.37215107 0.33633473 0.7757348  0.12950926 0.5062034  0.3542877
 2.03712548 0.16434713 0.34540917 0.2091518  2.00441572 0.22358715
 0.26046929 0.13069858 1.89603013 0.33617597 0.52383847]
2024-04-18 09:44:58,682 - train - INFO - sensitivity_b16:[0.1664496  0.06413769 3.50772889 1.59631731 0.19522431 0.31771968
 3.64231341 0.13383029 0.34744125 0.37749584 1.85512683 0.10928381
 0.39279615 0.35306202 0.81296898 0.13415945 0.53460666 0.37088366
 2.14452528 0.17045897 0.36382837 0.22036484 2.11498944 0.23213702
 0.27304254 0.13757927 2.0031338  0.35319083 0.52383847]
2024-04-18 09:44:58,746 - train - INFO - result:[16 16  2 16 16 16  2 16 16 16  8 16 16 16 16 16 16 16  2 16 16 16  2 16
 16 16  4 16  2]
2024-04-18 09:44:58,746 - train - INFO - origin_latency:989.1829605102539
2024-04-18 09:44:58,746 - train - INFO - current_latency-origin_latency:-4.482039451599121
2024-04-18 20:19:50,290 - train - INFO - Model vit_7_4_32_c100 created, param count:3740203
2024-04-18 20:19:50,573 - train - INFO - Using native Torch AMP. Training in mixed precision.
2024-04-18 20:19:50,574 - train - INFO - Scheduled epochs: 160
2024-04-18 20:19:52,161 - train - INFO - Verifying initial model
2024-04-18 20:19:52,615 - train - INFO - Test: [   0/39]  Time: 0.453 (0.453)  Loss:  1.0146 (1.0146)  Acc@1: 77.3438 (77.3438)  Acc@5: 92.1875 (92.1875)
2024-04-18 20:19:53,331 - train - INFO - Test: [  39/39]  Time: 0.063 (0.029)  Loss:  0.7583 (1.0538)  Acc@1: 87.5000 (74.7700)  Acc@5: 87.5000 (93.6100)
2024-04-18 20:20:00,041 - train - INFO - len trace:30
2024-04-18 20:20:00,042 - train - INFO - target_block_size:8
2024-04-18 20:20:00,043 - train - INFO - use cal_delta_z
2024-04-18 20:20:00,126 - train - INFO - use cal_delta_z
2024-04-18 20:20:00,154 - train - INFO - use cal_delta_z
2024-04-18 20:20:00,183 - train - INFO - use cal_delta_z
2024-04-18 20:20:00,211 - train - INFO - use cal_delta_z
2024-04-18 20:20:00,239 - train - INFO - use cal_delta_z
2024-04-18 20:20:00,267 - train - INFO - use cal_delta_z
2024-04-18 20:20:00,295 - train - INFO - use cal_delta_z
2024-04-18 20:20:00,323 - train - INFO - use cal_delta_z
2024-04-18 20:20:00,352 - train - INFO - use cal_delta_z
2024-04-18 20:20:00,379 - train - INFO - use cal_delta_z
2024-04-18 20:20:00,412 - train - INFO - use cal_delta_z
2024-04-18 20:20:00,441 - train - INFO - use cal_delta_z
2024-04-18 20:20:00,469 - train - INFO - use cal_delta_z
2024-04-18 20:20:00,497 - train - INFO - use cal_delta_z
2024-04-18 20:20:00,525 - train - INFO - use cal_delta_z
2024-04-18 20:20:00,553 - train - INFO - use cal_delta_z
2024-04-18 20:20:00,582 - train - INFO - use cal_delta_z
2024-04-18 20:20:00,610 - train - INFO - use cal_delta_z
2024-04-18 20:20:00,638 - train - INFO - use cal_delta_z
2024-04-18 20:20:00,666 - train - INFO - use cal_delta_z
2024-04-18 20:20:00,695 - train - INFO - use cal_delta_z
2024-04-18 20:20:00,722 - train - INFO - use cal_delta_z
2024-04-18 20:20:00,751 - train - INFO - use cal_delta_z
2024-04-18 20:20:00,781 - train - INFO - use cal_delta_z
2024-04-18 20:20:00,810 - train - INFO - use cal_delta_z
2024-04-18 20:20:00,838 - train - INFO - use cal_delta_z
2024-04-18 20:20:00,866 - train - INFO - use cal_delta_z
2024-04-18 20:20:00,894 - train - INFO - use cal_delta_z
2024-04-18 20:20:00,902 - train - INFO - cir_idx:[1, 2, 3, 4, 5, 6, 7, 8, 9, 10, 11, 12, 13, 14, 15, 16, 17, 18, 19, 20, 21, 22, 23, 24, 25, 26, 27, 28, 29]
2024-04-18 20:20:00,902 - train - INFO - len traces:(30,)
2024-04-18 20:20:00,903 - train - INFO - traces:[1.32780947e-01 1.13465136e-04 5.80897271e-04 6.73031270e-04
 9.63258688e-04 7.97682476e-05 3.99641438e-04 7.68777556e-04
 1.58443143e-04 1.24808897e-04 4.52812021e-04 3.72436880e-04
 1.43857480e-04 1.49661865e-04 5.00283815e-04 1.51399930e-04
 1.72513105e-04 2.06152259e-04 5.30960003e-04 4.21707045e-04
 2.33777065e-04 1.60223103e-04 3.67178556e-04 5.00454109e-04
 3.41973141e-04 1.37363192e-04 2.20415626e-04 6.67805285e-04
 3.79903292e-04 3.90643544e-03]
2024-04-18 20:20:00,904 - train - INFO - len params:29
2024-04-18 20:20:00,904 - train - INFO - params[0].shape:torch.Size([768, 256])
2024-04-18 20:20:00,904 - train - INFO - delta_weights_b1:[0, 0, 0, 0, 0, 0, 0, 0, 0, 0, 0, 0, 0, 0, 0, 0, 0, 0, 0, 0, 0, 0, 0, 0, 0, 0, 0, 0, 0]
2024-04-18 20:20:00,904 - train - INFO - delta_weights_b2:[723981.3125, 4108.31884765625, 9481178.0, 1185752.125, 2138303.5, 222768.5, 8757977.0, 347851.28125, 2899262.75, 278810.625, 9791570.0, 290634.0625, 2758736.0, 207851.171875, 11178878.0, 300228.21875, 2749513.75, 208253.234375, 9912162.0, 274332.46875, 2177161.75, 153446.109375, 6555962.5, 239209.078125, 1745684.5, 153788.625, 3719763.5, 420951.0, 10461.0556640625]
2024-04-18 20:20:00,904 - train - INFO - delta_weights_b4:[1422195.75, 8261.5361328125, 18689296.0, 2001510.25, 4103204.5, 436435.625, 16301256.0, 553224.6875, 5364736.0, 493312.28125, 17897464.0, 448419.78125, 4897708.5, 362524.15625, 21004904.0, 475510.59375, 4861728.0, 354593.65625, 18385244.0, 417954.125, 3753848.0, 263932.53125, 12589881.0, 363791.5, 2928395.25, 269840.75, 6200207.0, 657156.75, 17981.8125]
2024-04-18 20:20:00,904 - train - INFO - delta_weights_b8:[1898893.125, 10860.0869140625, 24191638.0, 2502185.5, 5303688.5, 559713.6875, 20255370.0, 659885.5, 6853382.0, 624824.4375, 22303408.0, 532656.375, 6183242.0, 451970.9375, 26252774.0, 563582.5, 6029397.5, 445234.21875, 23335324.0, 494220.15625, 4647479.0, 324465.5625, 16041578.0, 427473.96875, 3595607.5, 351606.59375, 8061034.0, 783045.875, 17981.8125]
2024-04-18 20:20:00,904 - train - INFO - delta_weights_b16:[2151992.0, 12190.6787109375, 27163238.0, 2746329.0, 5989736.5, 632043.8125, 22446738.0, 713447.375, 7749464.0, 695005.875, 24810862.0, 577094.1875, 6888301.5, 498045.59375, 28833450.0, 604781.3125, 6725004.0, 487923.5625, 25860722.0, 531662.3125, 5156355.5, 360188.625, 17860264.0, 460791.875, 3951117.0, 389602.03125, 8997466.0, 864316.375, 17981.8125]
2024-04-18 20:20:00,904 - train - INFO - delta_weights_b32:[]
2024-04-18 20:20:00,908 - train - INFO - sensitivity_b2:[8.21466378e+01 2.38651121e+00 6.38112928e+03 1.14218604e+03
 1.70568723e+02 8.90275236e+01 6.73293616e+03 5.51146503e+01
 3.61853785e+02 1.26248802e+02 3.64674179e+03 4.18098839e+01
 4.12877575e+02 1.03984577e+02 1.69248135e+03 5.17933021e+01
 5.66818471e+02 1.10574138e+02 4.18002855e+03 6.41326395e+01
 3.48831611e+02 5.63421209e+01 3.28095837e+03 8.18030799e+01
 2.39792795e+02 3.38974160e+01 2.48407773e+03 1.59920670e+02
 4.08654386e+01]
2024-04-18 20:20:00,908 - train - INFO - sensitivity_b4:[1.61369634e+02 4.79910380e+00 1.25784806e+04 1.92797214e+03
 3.27305432e+02 1.74417761e+02 1.25320398e+04 8.76546583e+01
 6.69566781e+02 2.23377731e+02 6.66567566e+03 6.45085398e+01
 7.33000189e+02 1.81364968e+02 3.18014100e+03 8.20318088e+01
 1.00225621e+03 1.88275049e+02 7.75318692e+03 9.77080888e+01
 6.01453174e+02 9.69103658e+01 6.30065768e+03 1.24406922e+02
 4.02253719e+02 5.94771178e+01 4.14053101e+03 2.49656012e+02
 7.02447896e+01]
2024-04-18 20:20:00,909 - train - INFO - sensitivity_b8:[2.15458166e+02 6.30859486e+00 1.62817289e+04 2.41025192e+03
 4.23065937e+02 2.23684783e+02 1.55718739e+04 1.04554333e+02
 8.55363046e+02 2.82928016e+02 8.30661170e+03 7.66266039e+01
 9.25395531e+02 2.26113745e+02 3.97466816e+03 9.72253668e+01
 1.24297392e+03 2.36401562e+02 9.84067052e+03 1.15537338e+02
 7.44633506e+02 1.19136797e+02 8.02807362e+03 1.46184616e+02
 4.93904123e+02 7.74995875e+01 5.38320111e+03 2.97481705e+02
 7.02447896e+01]
2024-04-18 20:20:00,910 - train - INFO - sensitivity_b16:[2.44176064e+02 7.08153200e+00 1.82817086e+04 2.64542527e+03
 4.77790784e+02 2.52590898e+02 1.72565484e+04 1.13040844e+02
 9.67202051e+02 3.14707015e+02 9.24048004e+03 8.30193156e+01
 1.03091605e+03 2.49164150e+02 4.36538232e+03 1.04332702e+02
 1.38637477e+03 2.59067896e+02 1.09056487e+04 1.24290455e+02
 8.26167278e+02 1.32253539e+02 8.93824250e+03 1.57578445e+02
 5.42738043e+02 8.58743756e+01 6.00855535e+03 3.28356636e+02
 7.02447896e+01]
2024-04-18 20:20:00,998 - train - INFO - result:[16 16  2 16 16 16  2 16 16  8  4 16 16 16 16 16 16 16  2 16 16 16  2 16
 16 16  8 16  4]
2024-04-18 20:20:00,999 - train - INFO - origin_latency:989.1829605102539
2024-04-18 20:20:00,999 - train - INFO - current_latency-origin_latency:-1.1375083923339844
2024-04-18 20:20:51,132 - train - INFO - Model vit_7_4_32_c100 created, param count:3740203
2024-04-18 20:20:51,510 - train - INFO - Using native Torch AMP. Training in mixed precision.
2024-04-18 20:20:51,510 - train - INFO - Scheduled epochs: 160
2024-04-18 20:20:53,091 - train - INFO - Verifying initial model
2024-04-18 20:20:53,568 - train - INFO - Test: [   0/39]  Time: 0.476 (0.476)  Loss:  1.0146 (1.0146)  Acc@1: 77.3438 (77.3438)  Acc@5: 92.1875 (92.1875)
2024-04-18 20:20:54,216 - train - INFO - Test: [  39/39]  Time: 0.063 (0.028)  Loss:  0.7583 (1.0538)  Acc@1: 87.5000 (74.7700)  Acc@5: 87.5000 (93.6100)
2024-04-18 20:21:01,268 - train - INFO - len trace:30
2024-04-18 20:21:01,269 - train - INFO - target_block_size:8
2024-04-18 20:21:01,269 - train - INFO - use cal_delta_z
2024-04-18 20:21:01,337 - train - INFO - use cal_delta_z
2024-04-18 20:21:01,364 - train - INFO - use cal_delta_z
2024-04-18 20:21:01,392 - train - INFO - use cal_delta_z
2024-04-18 20:21:01,418 - train - INFO - use cal_delta_z
2024-04-18 20:21:01,445 - train - INFO - use cal_delta_z
2024-04-18 20:21:01,470 - train - INFO - use cal_delta_z
2024-04-18 20:21:01,496 - train - INFO - use cal_delta_z
2024-04-18 20:21:01,522 - train - INFO - use cal_delta_z
2024-04-18 20:21:01,547 - train - INFO - use cal_delta_z
2024-04-18 20:21:01,573 - train - INFO - use cal_delta_z
2024-04-18 20:21:01,598 - train - INFO - use cal_delta_z
2024-04-18 20:21:01,624 - train - INFO - use cal_delta_z
2024-04-18 20:21:01,650 - train - INFO - use cal_delta_z
2024-04-18 20:21:01,675 - train - INFO - use cal_delta_z
2024-04-18 20:21:01,700 - train - INFO - use cal_delta_z
2024-04-18 20:21:01,726 - train - INFO - use cal_delta_z
2024-04-18 20:21:01,752 - train - INFO - use cal_delta_z
2024-04-18 20:21:01,777 - train - INFO - use cal_delta_z
2024-04-18 20:21:01,802 - train - INFO - use cal_delta_z
2024-04-18 20:21:01,828 - train - INFO - use cal_delta_z
2024-04-18 20:21:01,854 - train - INFO - use cal_delta_z
2024-04-18 20:21:01,879 - train - INFO - use cal_delta_z
2024-04-18 20:21:01,904 - train - INFO - use cal_delta_z
2024-04-18 20:21:01,930 - train - INFO - use cal_delta_z
2024-04-18 20:21:01,956 - train - INFO - use cal_delta_z
2024-04-18 20:21:01,981 - train - INFO - use cal_delta_z
2024-04-18 20:21:02,007 - train - INFO - use cal_delta_z
2024-04-18 20:21:02,032 - train - INFO - use cal_delta_z
2024-04-18 20:21:02,039 - train - INFO - cir_idx:[1, 2, 3, 4, 5, 6, 7, 8, 9, 10, 11, 12, 13, 14, 15, 16, 17, 18, 19, 20, 21, 22, 23, 24, 25, 26, 27, 28, 29]
2024-04-18 20:21:02,039 - train - INFO - len traces:(30,)
2024-04-18 20:21:02,040 - train - INFO - traces:[1.32780947e-01 1.13465136e-04 5.80897271e-04 6.73031270e-04
 9.63258688e-04 7.97682476e-05 3.99641438e-04 7.68777556e-04
 1.58443143e-04 1.24808897e-04 4.52812021e-04 3.72436880e-04
 1.43857480e-04 1.49661865e-04 5.00283815e-04 1.51399930e-04
 1.72513105e-04 2.06152259e-04 5.30960003e-04 4.21707045e-04
 2.33777065e-04 1.60223103e-04 3.67178556e-04 5.00454109e-04
 3.41973141e-04 1.37363192e-04 2.20415626e-04 6.67805285e-04
 3.79903292e-04 3.90643544e-03]
2024-04-18 20:21:02,040 - train - INFO - len params:29
2024-04-18 20:21:02,040 - train - INFO - params[0].shape:torch.Size([768, 256])
2024-04-18 20:21:02,040 - train - INFO - delta_weights_b1:[0, 0, 0, 0, 0, 0, 0, 0, 0, 0, 0, 0, 0, 0, 0, 0, 0, 0, 0, 0, 0, 0, 0, 0, 0, 0, 0, 0, 0]
2024-04-18 20:21:02,040 - train - INFO - delta_weights_b2:[723981.3125, 4108.31884765625, 9481178.0, 1185752.125, 2138303.5, 222768.5, 8757977.0, 347851.28125, 2899262.75, 278810.625, 9791570.0, 290634.0625, 2758736.0, 207851.171875, 11178878.0, 300228.21875, 2749513.75, 208253.234375, 9912162.0, 274332.46875, 2177161.75, 153446.109375, 6555962.5, 239209.078125, 1745684.5, 153788.625, 3719763.5, 420951.0, 10461.0556640625]
2024-04-18 20:21:02,040 - train - INFO - delta_weights_b4:[1422195.75, 8261.5361328125, 18689296.0, 2001510.25, 4103204.5, 436435.625, 16301256.0, 553224.6875, 5364736.0, 493312.28125, 17897464.0, 448419.78125, 4897708.5, 362524.15625, 21004904.0, 475510.59375, 4861728.0, 354593.65625, 18385244.0, 417954.125, 3753848.0, 263932.53125, 12589881.0, 363791.5, 2928395.25, 269840.75, 6200207.0, 657156.75, 17981.8125]
2024-04-18 20:21:02,040 - train - INFO - delta_weights_b8:[1898893.125, 10860.0869140625, 24191638.0, 2502185.5, 5303688.5, 559713.6875, 20255370.0, 659885.5, 6853382.0, 624824.4375, 22303408.0, 532656.375, 6183242.0, 451970.9375, 26252774.0, 563582.5, 6029397.5, 445234.21875, 23335324.0, 494220.15625, 4647479.0, 324465.5625, 16041578.0, 427473.96875, 3595607.5, 351606.59375, 8061034.0, 783045.875, 17981.8125]
2024-04-18 20:21:02,040 - train - INFO - delta_weights_b16:[2151992.0, 12190.6787109375, 27163238.0, 2746329.0, 5989736.5, 632043.8125, 22446738.0, 713447.375, 7749464.0, 695005.875, 24810862.0, 577094.1875, 6888301.5, 498045.59375, 28833450.0, 604781.3125, 6725004.0, 487923.5625, 25860722.0, 531662.3125, 5156355.5, 360188.625, 17860264.0, 460791.875, 3951117.0, 389602.03125, 8997466.0, 864316.375, 17981.8125]
2024-04-18 20:21:02,040 - train - INFO - delta_weights_b32:[]
2024-04-18 20:21:02,044 - train - INFO - sensitivity_b2:[8.21466378e+01 2.38651121e+00 6.38112928e+03 1.14218604e+03
 1.70568723e+02 8.90275236e+01 6.73293616e+03 5.51146503e+01
 3.61853785e+02 1.26248802e+02 3.64674179e+03 4.18098839e+01
 4.12877575e+02 1.03984577e+02 1.69248135e+03 5.17933021e+01
 5.66818471e+02 1.10574138e+02 4.18002855e+03 6.41326395e+01
 3.48831611e+02 5.63421209e+01 3.28095837e+03 8.18030799e+01
 2.39792795e+02 3.38974160e+01 2.48407773e+03 1.59920670e+02
 4.08654386e+01]
2024-04-18 20:21:02,044 - train - INFO - sensitivity_b4:[1.61369634e+02 4.79910380e+00 1.25784806e+04 1.92797214e+03
 3.27305432e+02 1.74417761e+02 1.25320398e+04 8.76546583e+01
 6.69566781e+02 2.23377731e+02 6.66567566e+03 6.45085398e+01
 7.33000189e+02 1.81364968e+02 3.18014100e+03 8.20318088e+01
 1.00225621e+03 1.88275049e+02 7.75318692e+03 9.77080888e+01
 6.01453174e+02 9.69103658e+01 6.30065768e+03 1.24406922e+02
 4.02253719e+02 5.94771178e+01 4.14053101e+03 2.49656012e+02
 7.02447896e+01]
2024-04-18 20:21:02,045 - train - INFO - sensitivity_b8:[2.15458166e+02 6.30859486e+00 1.62817289e+04 2.41025192e+03
 4.23065937e+02 2.23684783e+02 1.55718739e+04 1.04554333e+02
 8.55363046e+02 2.82928016e+02 8.30661170e+03 7.66266039e+01
 9.25395531e+02 2.26113745e+02 3.97466816e+03 9.72253668e+01
 1.24297392e+03 2.36401562e+02 9.84067052e+03 1.15537338e+02
 7.44633506e+02 1.19136797e+02 8.02807362e+03 1.46184616e+02
 4.93904123e+02 7.74995875e+01 5.38320111e+03 2.97481705e+02
 7.02447896e+01]
2024-04-18 20:21:02,045 - train - INFO - sensitivity_b16:[2.44176064e+02 7.08153200e+00 1.82817086e+04 2.64542527e+03
 4.77790784e+02 2.52590898e+02 1.72565484e+04 1.13040844e+02
 9.67202051e+02 3.14707015e+02 9.24048004e+03 8.30193156e+01
 1.03091605e+03 2.49164150e+02 4.36538232e+03 1.04332702e+02
 1.38637477e+03 2.59067896e+02 1.09056487e+04 1.24290455e+02
 8.26167278e+02 1.32253539e+02 8.93824250e+03 1.57578445e+02
 5.42738043e+02 8.58743756e+01 6.00855535e+03 3.28356636e+02
 7.02447896e+01]
2024-04-18 20:21:02,132 - train - INFO - result:[16 16  2  8 16  8  2 16 16  8  8 16 16  8  8 16 16  8  2 16 16  8  4 16
 16  8  8 16  4]
2024-04-18 20:21:02,133 - train - INFO - origin_latency:989.1829605102539
2024-04-18 20:21:02,133 - train - INFO - current_latency-origin_latency:-2.1125078201293945
2024-04-18 20:22:21,315 - train - INFO - Model vit_7_4_32_c100 created, param count:3740203
2024-04-18 20:22:21,657 - train - INFO - Using native Torch AMP. Training in mixed precision.
2024-04-18 20:22:21,657 - train - INFO - Scheduled epochs: 160
2024-04-18 20:22:23,242 - train - INFO - Verifying initial model
2024-04-18 20:22:23,721 - train - INFO - Test: [   0/39]  Time: 0.478 (0.478)  Loss:  1.0146 (1.0146)  Acc@1: 77.3438 (77.3438)  Acc@5: 92.1875 (92.1875)
2024-04-18 20:22:24,419 - train - INFO - Test: [  39/39]  Time: 0.094 (0.029)  Loss:  0.7583 (1.0538)  Acc@1: 87.5000 (74.7700)  Acc@5: 87.5000 (93.6100)
2024-04-18 20:22:31,208 - train - INFO - len trace:30
2024-04-18 20:22:31,208 - train - INFO - target_block_size:8
2024-04-18 20:22:31,209 - train - INFO - use cal_delta_z
2024-04-18 20:22:31,269 - train - INFO - use cal_delta_z
2024-04-18 20:22:31,295 - train - INFO - use cal_delta_z
2024-04-18 20:22:31,321 - train - INFO - use cal_delta_z
2024-04-18 20:22:31,347 - train - INFO - use cal_delta_z
2024-04-18 20:22:31,373 - train - INFO - use cal_delta_z
2024-04-18 20:22:31,400 - train - INFO - use cal_delta_z
2024-04-18 20:22:31,427 - train - INFO - use cal_delta_z
2024-04-18 20:22:31,454 - train - INFO - use cal_delta_z
2024-04-18 20:22:31,481 - train - INFO - use cal_delta_z
2024-04-18 20:22:31,508 - train - INFO - use cal_delta_z
2024-04-18 20:22:31,535 - train - INFO - use cal_delta_z
2024-04-18 20:22:31,561 - train - INFO - use cal_delta_z
2024-04-18 20:22:31,607 - train - INFO - use cal_delta_z
2024-04-18 20:22:31,634 - train - INFO - use cal_delta_z
2024-04-18 20:22:31,661 - train - INFO - use cal_delta_z
2024-04-18 20:22:31,689 - train - INFO - use cal_delta_z
2024-04-18 20:22:31,717 - train - INFO - use cal_delta_z
2024-04-18 20:22:31,743 - train - INFO - use cal_delta_z
2024-04-18 20:22:31,771 - train - INFO - use cal_delta_z
2024-04-18 20:22:31,798 - train - INFO - use cal_delta_z
2024-04-18 20:22:31,826 - train - INFO - use cal_delta_z
2024-04-18 20:22:31,853 - train - INFO - use cal_delta_z
2024-04-18 20:22:31,880 - train - INFO - use cal_delta_z
2024-04-18 20:22:31,908 - train - INFO - use cal_delta_z
2024-04-18 20:22:31,936 - train - INFO - use cal_delta_z
2024-04-18 20:22:31,962 - train - INFO - use cal_delta_z
2024-04-18 20:22:31,990 - train - INFO - use cal_delta_z
2024-04-18 20:22:32,017 - train - INFO - use cal_delta_z
2024-04-18 20:22:32,024 - train - INFO - cir_idx:[1, 2, 3, 4, 5, 6, 7, 8, 9, 10, 11, 12, 13, 14, 15, 16, 17, 18, 19, 20, 21, 22, 23, 24, 25, 26, 27, 28, 29]
2024-04-18 20:22:32,024 - train - INFO - len traces:(30,)
2024-04-18 20:22:32,027 - train - INFO - traces:[1.32780947e-01 1.13465136e-04 5.80897271e-04 6.73031270e-04
 9.63258688e-04 7.97682476e-05 3.99641438e-04 7.68777556e-04
 1.58443143e-04 1.24808897e-04 4.52812021e-04 3.72436880e-04
 1.43857480e-04 1.49661865e-04 5.00283815e-04 1.51399930e-04
 1.72513105e-04 2.06152259e-04 5.30960003e-04 4.21707045e-04
 2.33777065e-04 1.60223103e-04 3.67178556e-04 5.00454109e-04
 3.41973141e-04 1.37363192e-04 2.20415626e-04 6.67805285e-04
 3.79903292e-04 3.90643544e-03]
2024-04-18 20:22:32,027 - train - INFO - len params:29
2024-04-18 20:22:32,027 - train - INFO - params[0].shape:torch.Size([768, 256])
2024-04-18 20:22:32,027 - train - INFO - delta_weights_b1:[0, 0, 0, 0, 0, 0, 0, 0, 0, 0, 0, 0, 0, 0, 0, 0, 0, 0, 0, 0, 0, 0, 0, 0, 0, 0, 0, 0, 0]
2024-04-18 20:22:32,028 - train - INFO - delta_weights_b2:[723981.3125, 4108.31884765625, 9481178.0, 1185752.125, 2138303.5, 222768.5, 8757977.0, 347851.28125, 2899262.75, 278810.625, 9791570.0, 290634.0625, 2758736.0, 207851.171875, 11178878.0, 300228.21875, 2749513.75, 208253.234375, 9912162.0, 274332.46875, 2177161.75, 153446.109375, 6555962.5, 239209.078125, 1745684.5, 153788.625, 3719763.5, 420951.0, 10461.0556640625]
2024-04-18 20:22:32,028 - train - INFO - delta_weights_b4:[1422195.75, 8261.5361328125, 18689296.0, 2001510.25, 4103204.5, 436435.625, 16301256.0, 553224.6875, 5364736.0, 493312.28125, 17897464.0, 448419.78125, 4897708.5, 362524.15625, 21004904.0, 475510.59375, 4861728.0, 354593.65625, 18385244.0, 417954.125, 3753848.0, 263932.53125, 12589881.0, 363791.5, 2928395.25, 269840.75, 6200207.0, 657156.75, 17981.8125]
2024-04-18 20:22:32,028 - train - INFO - delta_weights_b8:[1898893.125, 10860.0869140625, 24191638.0, 2502185.5, 5303688.5, 559713.6875, 20255370.0, 659885.5, 6853382.0, 624824.4375, 22303408.0, 532656.375, 6183242.0, 451970.9375, 26252774.0, 563582.5, 6029397.5, 445234.21875, 23335324.0, 494220.15625, 4647479.0, 324465.5625, 16041578.0, 427473.96875, 3595607.5, 351606.59375, 8061034.0, 783045.875, 17981.8125]
2024-04-18 20:22:32,028 - train - INFO - delta_weights_b16:[2151992.0, 12190.6787109375, 27163238.0, 2746329.0, 5989736.5, 632043.8125, 22446738.0, 713447.375, 7749464.0, 695005.875, 24810862.0, 577094.1875, 6888301.5, 498045.59375, 28833450.0, 604781.3125, 6725004.0, 487923.5625, 25860722.0, 531662.3125, 5156355.5, 360188.625, 17860264.0, 460791.875, 3951117.0, 389602.03125, 8997466.0, 864316.375, 17981.8125]
2024-04-18 20:22:32,028 - train - INFO - delta_weights_b32:[]
2024-04-18 20:22:32,042 - train - INFO - sensitivity_b2:[8.21466378e+01 2.38651121e+00 6.38112928e+03 1.14218604e+03
 1.70568723e+02 8.90275236e+01 6.73293616e+03 5.51146503e+01
 3.61853785e+02 1.26248802e+02 3.64674179e+03 4.18098839e+01
 4.12877575e+02 1.03984577e+02 1.69248135e+03 5.17933021e+01
 5.66818471e+02 1.10574138e+02 4.18002855e+03 6.41326395e+01
 3.48831611e+02 5.63421209e+01 3.28095837e+03 8.18030799e+01
 2.39792795e+02 3.38974160e+01 2.48407773e+03 1.59920670e+02
 4.08654386e+01]
2024-04-18 20:22:32,043 - train - INFO - sensitivity_b4:[1.61369634e+02 4.79910380e+00 1.25784806e+04 1.92797214e+03
 3.27305432e+02 1.74417761e+02 1.25320398e+04 8.76546583e+01
 6.69566781e+02 2.23377731e+02 6.66567566e+03 6.45085398e+01
 7.33000189e+02 1.81364968e+02 3.18014100e+03 8.20318088e+01
 1.00225621e+03 1.88275049e+02 7.75318692e+03 9.77080888e+01
 6.01453174e+02 9.69103658e+01 6.30065768e+03 1.24406922e+02
 4.02253719e+02 5.94771178e+01 4.14053101e+03 2.49656012e+02
 7.02447896e+01]
2024-04-18 20:22:32,043 - train - INFO - sensitivity_b8:[2.15458166e+02 6.30859486e+00 1.62817289e+04 2.41025192e+03
 4.23065937e+02 2.23684783e+02 1.55718739e+04 1.04554333e+02
 8.55363046e+02 2.82928016e+02 8.30661170e+03 7.66266039e+01
 9.25395531e+02 2.26113745e+02 3.97466816e+03 9.72253668e+01
 1.24297392e+03 2.36401562e+02 9.84067052e+03 1.15537338e+02
 7.44633506e+02 1.19136797e+02 8.02807362e+03 1.46184616e+02
 4.93904123e+02 7.74995875e+01 5.38320111e+03 2.97481705e+02
 7.02447896e+01]
2024-04-18 20:22:32,044 - train - INFO - sensitivity_b16:[2.44176064e+02 7.08153200e+00 1.82817086e+04 2.64542527e+03
 4.77790784e+02 2.52590898e+02 1.72565484e+04 1.13040844e+02
 9.67202051e+02 3.14707015e+02 9.24048004e+03 8.30193156e+01
 1.03091605e+03 2.49164150e+02 4.36538232e+03 1.04332702e+02
 1.38637477e+03 2.59067896e+02 1.09056487e+04 1.24290455e+02
 8.26167278e+02 1.32253539e+02 8.93824250e+03 1.57578445e+02
 5.42738043e+02 8.58743756e+01 6.00855535e+03 3.28356636e+02
 7.02447896e+01]
2024-04-18 20:22:32,228 - train - INFO - result:[16 16  2  8 16  8  2 16 16  8  8 16 16  8  8 16 16  8  2 16 16  8  8 16
 16  8  8 16  2]
2024-04-18 20:22:32,229 - train - INFO - origin_latency:1475.4824981689453
2024-04-18 20:22:32,229 - train - INFO - current_latency-origin_latency:-4.157478332519531
