2024-04-23 14:19:53,282 - train - INFO - Model vit_7_4_32_c100 created, param count:3740203
2024-04-23 14:19:53,291 - train - INFO - Using native Torch AMP. Training in mixed precision.
2024-04-23 14:19:53,292 - train - INFO - Scheduled epochs: 160
2024-04-23 14:19:54,835 - train - INFO - Verifying teacher model
2024-04-23 14:19:55,295 - train - INFO - Test: [   0/39]  Time: 0.459 (0.459)  Loss:  1.0146 (1.0146)  Acc@1: 77.3438 (77.3438)  Acc@5: 92.1875 (92.1875)
2024-04-23 14:19:55,710 - train - INFO - Test: [  39/39]  Time: 0.073 (0.022)  Loss:  0.7583 (1.0538)  Acc@1: 87.5000 (74.7700)  Acc@5: 87.5000 (93.6100)
2024-04-23 14:19:55,711 - train - INFO - Verifying initial model in training dataset
2024-04-23 14:20:08,644 - train - INFO - len loader.dataset:50000
2024-04-23 14:20:08,675 - train - INFO - mean grad:tensor(-1.0454e-12, device='cuda:0')
2024-04-23 14:20:08,676 - train - INFO - mean grad:tensor(5.5334e-13, device='cuda:0')
2024-04-23 14:20:08,677 - train - INFO - mean grad:tensor(-3.8858e-16, device='cuda:0')
2024-04-23 14:20:08,677 - train - INFO - mean grad:tensor(6.8321e-18, device='cuda:0')
2024-04-23 14:20:08,678 - train - INFO - mean grad:tensor(-1.6314e-09, device='cuda:0')
2024-04-23 14:20:08,678 - train - INFO - mean grad:tensor(-8.0044e-10, device='cuda:0')
2024-04-23 14:20:08,679 - train - INFO - mean grad:tensor(-3.4609e-12, device='cuda:0')
2024-04-23 14:20:08,680 - train - INFO - mean grad:tensor(-7.2247e-15, device='cuda:0')
2024-04-23 14:20:08,680 - train - INFO - mean grad:tensor(-5.6777e-13, device='cuda:0')
2024-04-23 14:20:08,681 - train - INFO - mean grad:tensor(-2.9958e-12, device='cuda:0')
2024-04-23 14:20:08,681 - train - INFO - mean grad:tensor(1.2045e-09, device='cuda:0')
2024-04-23 14:20:08,682 - train - INFO - mean grad:tensor(-5.4996e-10, device='cuda:0')
2024-04-23 14:20:08,682 - train - INFO - mean grad:tensor(2.1829e-10, device='cuda:0')
2024-04-23 14:20:08,683 - train - INFO - mean grad:tensor(-2.7756e-17, device='cuda:0')
2024-04-23 14:20:08,684 - train - INFO - mean grad:tensor(-3.3987e-13, device='cuda:0')
2024-04-23 14:20:08,684 - train - INFO - mean grad:tensor(3.5815e-09, device='cuda:0')
2024-04-23 14:20:08,685 - train - INFO - mean grad:tensor(5.4829e-11, device='cuda:0')
2024-04-23 14:20:08,685 - train - INFO - mean grad:tensor(-2.5758e-12, device='cuda:0')
2024-04-23 14:20:08,686 - train - INFO - mean grad:tensor(-7.3908e-15, device='cuda:0')
2024-04-23 14:20:08,687 - train - INFO - mean grad:tensor(-1.3550e-13, device='cuda:0')
2024-04-23 14:20:08,687 - train - INFO - mean grad:tensor(2.7863e-12, device='cuda:0')
2024-04-23 14:20:08,688 - train - INFO - mean grad:tensor(-1.8468e-10, device='cuda:0')
2024-04-23 14:20:08,688 - train - INFO - mean grad:tensor(-9.8645e-10, device='cuda:0')
2024-04-23 14:20:08,689 - train - INFO - mean grad:tensor(4.4135e-11, device='cuda:0')
2024-04-23 14:20:08,689 - train - INFO - mean grad:tensor(-1.7198e-14, device='cuda:0')
2024-04-23 14:20:08,690 - train - INFO - mean grad:tensor(6.2894e-13, device='cuda:0')
2024-04-23 14:20:08,691 - train - INFO - mean grad:tensor(3.1773e-10, device='cuda:0')
2024-04-23 14:20:08,691 - train - INFO - mean grad:tensor(-9.1365e-11, device='cuda:0')
2024-04-23 14:20:08,692 - train - INFO - mean grad:tensor(2.2193e-12, device='cuda:0')
2024-04-23 14:20:08,692 - train - INFO - mean grad:tensor(2.9756e-15, device='cuda:0')
2024-04-23 14:20:08,693 - train - INFO - mean grad:tensor(-6.7626e-14, device='cuda:0')
2024-04-23 14:20:08,693 - train - INFO - mean grad:tensor(-7.7083e-13, device='cuda:0')
2024-04-23 14:20:08,694 - train - INFO - mean grad:tensor(-1.0072e-10, device='cuda:0')
2024-04-23 14:20:08,695 - train - INFO - mean grad:tensor(-4.8850e-10, device='cuda:0')
2024-04-23 14:20:08,695 - train - INFO - mean grad:tensor(1.9446e-10, device='cuda:0')
2024-04-23 14:20:08,696 - train - INFO - mean grad:tensor(1.7182e-15, device='cuda:0')
2024-04-23 14:20:08,696 - train - INFO - mean grad:tensor(-4.6513e-13, device='cuda:0')
2024-04-23 14:20:08,697 - train - INFO - mean grad:tensor(2.1499e-09, device='cuda:0')
2024-04-23 14:20:08,698 - train - INFO - mean grad:tensor(1.4330e-10, device='cuda:0')
2024-04-23 14:20:08,698 - train - INFO - mean grad:tensor(1.3187e-12, device='cuda:0')
2024-04-23 14:20:08,699 - train - INFO - mean grad:tensor(-1.6135e-15, device='cuda:0')
2024-04-23 14:20:08,699 - train - INFO - mean grad:tensor(5.3396e-13, device='cuda:0')
2024-04-23 14:20:08,700 - train - INFO - mean grad:tensor(5.5932e-14, device='cuda:0')
2024-04-23 14:20:08,700 - train - INFO - mean grad:tensor(8.3997e-11, device='cuda:0')
2024-04-23 14:20:08,701 - train - INFO - mean grad:tensor(-2.9761e-10, device='cuda:0')
2024-04-23 14:20:08,702 - train - INFO - mean grad:tensor(1.5007e-10, device='cuda:0')
2024-04-23 14:20:08,702 - train - INFO - mean grad:tensor(-2.9803e-15, device='cuda:0')
2024-04-23 14:20:08,703 - train - INFO - mean grad:tensor(1.6562e-13, device='cuda:0')
2024-04-23 14:20:08,703 - train - INFO - mean grad:tensor(1.6709e-09, device='cuda:0')
2024-04-23 14:20:08,704 - train - INFO - mean grad:tensor(-2.9441e-10, device='cuda:0')
2024-04-23 14:20:08,704 - train - INFO - mean grad:tensor(-1.6767e-13, device='cuda:0')
2024-04-23 14:20:08,705 - train - INFO - mean grad:tensor(2.3704e-15, device='cuda:0')
2024-04-23 14:20:08,706 - train - INFO - mean grad:tensor(7.9747e-13, device='cuda:0')
2024-04-23 14:20:08,706 - train - INFO - mean grad:tensor(-1.8621e-13, device='cuda:0')
2024-04-23 14:20:08,707 - train - INFO - mean grad:tensor(1.4881e-10, device='cuda:0')
2024-04-23 14:20:08,707 - train - INFO - mean grad:tensor(-2.0997e-10, device='cuda:0')
2024-04-23 14:20:08,708 - train - INFO - mean grad:tensor(1.0851e-10, device='cuda:0')
2024-04-23 14:20:08,708 - train - INFO - mean grad:tensor(1.0283e-14, device='cuda:0')
2024-04-23 14:20:08,709 - train - INFO - mean grad:tensor(-9.2426e-14, device='cuda:0')
2024-04-23 14:20:08,710 - train - INFO - mean grad:tensor(9.0610e-10, device='cuda:0')
2024-04-23 14:20:08,710 - train - INFO - mean grad:tensor(3.5823e-10, device='cuda:0')
2024-04-23 14:20:08,711 - train - INFO - mean grad:tensor(-5.2411e-12, device='cuda:0')
2024-04-23 14:20:08,711 - train - INFO - mean grad:tensor(1.8545e-15, device='cuda:0')
2024-04-23 14:20:08,712 - train - INFO - mean grad:tensor(-5.8192e-13, device='cuda:0')
2024-04-23 14:20:08,713 - train - INFO - mean grad:tensor(8.5746e-13, device='cuda:0')
2024-04-23 14:20:08,713 - train - INFO - mean grad:tensor(9.8188e-11, device='cuda:0')
2024-04-23 14:20:08,714 - train - INFO - mean grad:tensor(-2.6302e-10, device='cuda:0')
2024-04-23 14:20:08,714 - train - INFO - mean grad:tensor(2.7694e-10, device='cuda:0')
2024-04-23 14:20:08,715 - train - INFO - mean grad:tensor(1.3551e-14, device='cuda:0')
2024-04-23 14:20:08,715 - train - INFO - mean grad:tensor(-1.5976e-13, device='cuda:0')
2024-04-23 14:20:08,716 - train - INFO - mean grad:tensor(1.5463e-09, device='cuda:0')
2024-04-23 14:20:08,717 - train - INFO - mean grad:tensor(5.2463e-11, device='cuda:0')
2024-04-23 14:20:08,717 - train - INFO - mean grad:tensor(-2.8386e-12, device='cuda:0')
2024-04-23 14:20:08,718 - train - INFO - mean grad:tensor(1.1000e-15, device='cuda:0')
2024-04-23 14:20:08,718 - train - INFO - mean grad:tensor(7.2595e-14, device='cuda:0')
2024-04-23 14:20:08,719 - train - INFO - mean grad:tensor(-3.1469e-12, device='cuda:0')
2024-04-23 14:20:08,719 - train - INFO - mean grad:tensor(1.7467e-10, device='cuda:0')
2024-04-23 14:20:08,720 - train - INFO - mean grad:tensor(-2.6081e-10, device='cuda:0')
2024-04-23 14:20:08,721 - train - INFO - mean grad:tensor(1.9408e-10, device='cuda:0')
2024-04-23 14:20:08,721 - train - INFO - mean grad:tensor(-2.4824e-15, device='cuda:0')
2024-04-23 14:20:08,722 - train - INFO - mean grad:tensor(4.5249e-14, device='cuda:0')
2024-04-23 14:20:08,722 - train - INFO - mean grad:tensor(2.2072e-09, device='cuda:0')
2024-04-23 14:20:08,723 - train - INFO - mean grad:tensor(-1.6169e-10, device='cuda:0')
2024-04-23 14:20:08,723 - train - INFO - mean grad:tensor(1.4850e-15, device='cuda:0')
2024-04-23 14:20:08,724 - train - INFO - mean grad:tensor(-1.0989e-13, device='cuda:0')
2024-04-23 14:20:08,834 - train - INFO - target_block_size:8
2024-04-23 14:20:08,835 - train - INFO - use cal_delta_w
2024-04-23 14:20:08,877 - train - INFO - cir_weight_gradient_mean*1e5:-3.460866651039396e-07
2024-04-23 14:20:08,878 - train - INFO - cir_weight_gradient_mean*1e5:-3.460866651039396e-07
2024-04-23 14:20:08,879 - train - INFO - cir_weight_gradient_mean*1e5:-3.460866651039396e-07
2024-04-23 14:20:08,880 - train - INFO - cir_weight_gradient_mean*1e5:-3.460866651039396e-07
2024-04-23 14:20:08,905 - train - INFO - cir_weight_gradient_mean*1e5:-7.223235343190026e-10
2024-04-23 14:20:08,906 - train - INFO - cir_weight_gradient_mean*1e5:-7.223235343190026e-10
2024-04-23 14:20:08,907 - train - INFO - cir_weight_gradient_mean*1e5:-7.223235343190026e-10
2024-04-23 14:20:08,908 - train - INFO - cir_weight_gradient_mean*1e5:-7.223235343190026e-10
2024-04-23 14:20:08,934 - train - INFO - cir_weight_gradient_mean*1e5:-2.9957874403407914e-07
2024-04-23 14:20:08,935 - train - INFO - cir_weight_gradient_mean*1e5:-2.9957874403407914e-07
2024-04-23 14:20:08,936 - train - INFO - cir_weight_gradient_mean*1e5:-2.9957874403407914e-07
2024-04-23 14:20:08,937 - train - INFO - cir_weight_gradient_mean*1e5:-2.9957874403407914e-07
2024-04-23 14:20:08,962 - train - INFO - cir_weight_gradient_mean*1e5:-2.2737367544323206e-12
2024-04-23 14:20:08,963 - train - INFO - cir_weight_gradient_mean*1e5:-2.2737367544323206e-12
2024-04-23 14:20:08,964 - train - INFO - cir_weight_gradient_mean*1e5:-2.2737367544323206e-12
2024-04-23 14:20:08,965 - train - INFO - cir_weight_gradient_mean*1e5:-2.2737367544323206e-12
2024-04-23 14:20:08,991 - train - INFO - cir_weight_gradient_mean*1e5:-2.5758467359082715e-07
2024-04-23 14:20:08,992 - train - INFO - cir_weight_gradient_mean*1e5:-2.5758467359082715e-07
2024-04-23 14:20:08,993 - train - INFO - cir_weight_gradient_mean*1e5:-2.5758467359082715e-07
2024-04-23 14:20:08,994 - train - INFO - cir_weight_gradient_mean*1e5:-2.5758467359082715e-07
2024-04-23 14:20:09,019 - train - INFO - cir_weight_gradient_mean*1e5:-7.392251255566862e-10
2024-04-23 14:20:09,020 - train - INFO - cir_weight_gradient_mean*1e5:-7.392251255566862e-10
2024-04-23 14:20:09,021 - train - INFO - cir_weight_gradient_mean*1e5:-7.392251255566862e-10
2024-04-23 14:20:09,022 - train - INFO - cir_weight_gradient_mean*1e5:-7.392251255566862e-10
2024-04-23 14:20:09,048 - train - INFO - cir_weight_gradient_mean*1e5:2.78628220939936e-07
2024-04-23 14:20:09,049 - train - INFO - cir_weight_gradient_mean*1e5:2.78628220939936e-07
2024-04-23 14:20:09,050 - train - INFO - cir_weight_gradient_mean*1e5:2.78628220939936e-07
2024-04-23 14:20:09,051 - train - INFO - cir_weight_gradient_mean*1e5:2.78628220939936e-07
2024-04-23 14:20:09,077 - train - INFO - cir_weight_gradient_mean*1e5:-1.7198544810526073e-09
2024-04-23 14:20:09,078 - train - INFO - cir_weight_gradient_mean*1e5:-1.7198544810526073e-09
2024-04-23 14:20:09,079 - train - INFO - cir_weight_gradient_mean*1e5:-1.7198544810526073e-09
2024-04-23 14:20:09,080 - train - INFO - cir_weight_gradient_mean*1e5:-1.7198544810526073e-09
2024-04-23 14:20:09,106 - train - INFO - cir_weight_gradient_mean*1e5:2.219249353174746e-07
2024-04-23 14:20:09,107 - train - INFO - cir_weight_gradient_mean*1e5:2.219249353174746e-07
2024-04-23 14:20:09,108 - train - INFO - cir_weight_gradient_mean*1e5:2.219249353174746e-07
2024-04-23 14:20:09,109 - train - INFO - cir_weight_gradient_mean*1e5:2.219249353174746e-07
2024-04-23 14:20:09,135 - train - INFO - cir_weight_gradient_mean*1e5:2.9739410933871113e-10
2024-04-23 14:20:09,136 - train - INFO - cir_weight_gradient_mean*1e5:2.9739410933871113e-10
2024-04-23 14:20:09,137 - train - INFO - cir_weight_gradient_mean*1e5:2.9739410933871113e-10
2024-04-23 14:20:09,138 - train - INFO - cir_weight_gradient_mean*1e5:2.9739410933871113e-10
2024-04-23 14:20:09,164 - train - INFO - cir_weight_gradient_mean*1e5:-7.708344895718255e-08
2024-04-23 14:20:09,165 - train - INFO - cir_weight_gradient_mean*1e5:-7.708344895718255e-08
2024-04-23 14:20:09,166 - train - INFO - cir_weight_gradient_mean*1e5:-7.708344895718255e-08
2024-04-23 14:20:09,167 - train - INFO - cir_weight_gradient_mean*1e5:-7.708344895718255e-08
2024-04-23 14:20:09,193 - train - INFO - cir_weight_gradient_mean*1e5:1.7143975128419697e-10
2024-04-23 14:20:09,194 - train - INFO - cir_weight_gradient_mean*1e5:1.7143975128419697e-10
2024-04-23 14:20:09,195 - train - INFO - cir_weight_gradient_mean*1e5:1.7143975128419697e-10
2024-04-23 14:20:09,196 - train - INFO - cir_weight_gradient_mean*1e5:1.7143975128419697e-10
2024-04-23 14:20:09,222 - train - INFO - cir_weight_gradient_mean*1e5:1.318715021625394e-07
2024-04-23 14:20:09,223 - train - INFO - cir_weight_gradient_mean*1e5:1.318715021625394e-07
2024-04-23 14:20:09,224 - train - INFO - cir_weight_gradient_mean*1e5:1.318715021625394e-07
2024-04-23 14:20:09,225 - train - INFO - cir_weight_gradient_mean*1e5:1.318715021625394e-07
2024-04-23 14:20:09,253 - train - INFO - cir_weight_gradient_mean*1e5:-1.6147971848567977e-10
2024-04-23 14:20:09,254 - train - INFO - cir_weight_gradient_mean*1e5:-1.6147971848567977e-10
2024-04-23 14:20:09,256 - train - INFO - cir_weight_gradient_mean*1e5:-1.6147971848567977e-10
2024-04-23 14:20:09,257 - train - INFO - cir_weight_gradient_mean*1e5:-1.6147971848567977e-10
2024-04-23 14:20:09,286 - train - INFO - cir_weight_gradient_mean*1e5:5.5930584608177014e-09
2024-04-23 14:20:09,287 - train - INFO - cir_weight_gradient_mean*1e5:5.5930584608177014e-09
2024-04-23 14:20:09,288 - train - INFO - cir_weight_gradient_mean*1e5:5.5930584608177014e-09
2024-04-23 14:20:09,289 - train - INFO - cir_weight_gradient_mean*1e5:5.5930584608177014e-09
2024-04-23 14:20:09,319 - train - INFO - cir_weight_gradient_mean*1e5:-2.9808688850607723e-10
2024-04-23 14:20:09,320 - train - INFO - cir_weight_gradient_mean*1e5:-2.9808688850607723e-10
2024-04-23 14:20:09,321 - train - INFO - cir_weight_gradient_mean*1e5:-2.9808688850607723e-10
2024-04-23 14:20:09,322 - train - INFO - cir_weight_gradient_mean*1e5:-2.9808688850607723e-10
2024-04-23 14:20:09,350 - train - INFO - cir_weight_gradient_mean*1e5:-1.6766946941970673e-08
2024-04-23 14:20:09,351 - train - INFO - cir_weight_gradient_mean*1e5:-1.6766946941970673e-08
2024-04-23 14:20:09,352 - train - INFO - cir_weight_gradient_mean*1e5:-1.6766946941970673e-08
2024-04-23 14:20:09,353 - train - INFO - cir_weight_gradient_mean*1e5:-1.6766946941970673e-08
2024-04-23 14:20:09,379 - train - INFO - cir_weight_gradient_mean*1e5:2.3720492237089275e-10
2024-04-23 14:20:09,380 - train - INFO - cir_weight_gradient_mean*1e5:2.3720492237089275e-10
2024-04-23 14:20:09,381 - train - INFO - cir_weight_gradient_mean*1e5:2.3720492237089275e-10
2024-04-23 14:20:09,382 - train - INFO - cir_weight_gradient_mean*1e5:2.3720492237089275e-10
2024-04-23 14:20:09,409 - train - INFO - cir_weight_gradient_mean*1e5:-1.862100518223997e-08
2024-04-23 14:20:09,410 - train - INFO - cir_weight_gradient_mean*1e5:-1.862100518223997e-08
2024-04-23 14:20:09,411 - train - INFO - cir_weight_gradient_mean*1e5:-1.862100518223997e-08
2024-04-23 14:20:09,412 - train - INFO - cir_weight_gradient_mean*1e5:-1.862100518223997e-08
2024-04-23 14:20:09,438 - train - INFO - cir_weight_gradient_mean*1e5:1.0279563866788521e-09
2024-04-23 14:20:09,439 - train - INFO - cir_weight_gradient_mean*1e5:1.0279563866788521e-09
2024-04-23 14:20:09,440 - train - INFO - cir_weight_gradient_mean*1e5:1.0279563866788521e-09
2024-04-23 14:20:09,441 - train - INFO - cir_weight_gradient_mean*1e5:1.0279563866788521e-09
2024-04-23 14:20:09,467 - train - INFO - cir_weight_gradient_mean*1e5:-5.241098506303388e-07
2024-04-23 14:20:09,468 - train - INFO - cir_weight_gradient_mean*1e5:-5.241098506303388e-07
2024-04-23 14:20:09,469 - train - INFO - cir_weight_gradient_mean*1e5:-5.241098506303388e-07
2024-04-23 14:20:09,470 - train - INFO - cir_weight_gradient_mean*1e5:-5.241098506303388e-07
2024-04-23 14:20:09,495 - train - INFO - cir_weight_gradient_mean*1e5:1.8541079782607994e-10
2024-04-23 14:20:09,496 - train - INFO - cir_weight_gradient_mean*1e5:1.8541079782607994e-10
2024-04-23 14:20:09,497 - train - INFO - cir_weight_gradient_mean*1e5:1.8541079782607994e-10
2024-04-23 14:20:09,498 - train - INFO - cir_weight_gradient_mean*1e5:1.8541079782607994e-10
2024-04-23 14:20:09,524 - train - INFO - cir_weight_gradient_mean*1e5:8.574572518682544e-08
2024-04-23 14:20:09,525 - train - INFO - cir_weight_gradient_mean*1e5:8.574572518682544e-08
2024-04-23 14:20:09,526 - train - INFO - cir_weight_gradient_mean*1e5:8.574572518682544e-08
2024-04-23 14:20:09,527 - train - INFO - cir_weight_gradient_mean*1e5:8.574572518682544e-08
2024-04-23 14:20:09,552 - train - INFO - cir_weight_gradient_mean*1e5:1.3546355148719158e-09
2024-04-23 14:20:09,553 - train - INFO - cir_weight_gradient_mean*1e5:1.3546355148719158e-09
2024-04-23 14:20:09,554 - train - INFO - cir_weight_gradient_mean*1e5:1.3546355148719158e-09
2024-04-23 14:20:09,555 - train - INFO - cir_weight_gradient_mean*1e5:1.3546355148719158e-09
2024-04-23 14:20:09,581 - train - INFO - cir_weight_gradient_mean*1e5:-2.838646082636842e-07
2024-04-23 14:20:09,582 - train - INFO - cir_weight_gradient_mean*1e5:-2.838646082636842e-07
2024-04-23 14:20:09,583 - train - INFO - cir_weight_gradient_mean*1e5:-2.838646082636842e-07
2024-04-23 14:20:09,584 - train - INFO - cir_weight_gradient_mean*1e5:-2.838646082636842e-07
2024-04-23 14:20:09,609 - train - INFO - cir_weight_gradient_mean*1e5:1.1001954902667421e-10
2024-04-23 14:20:09,610 - train - INFO - cir_weight_gradient_mean*1e5:1.1001954902667421e-10
2024-04-23 14:20:09,611 - train - INFO - cir_weight_gradient_mean*1e5:1.1001954902667421e-10
2024-04-23 14:20:09,612 - train - INFO - cir_weight_gradient_mean*1e5:1.1001954902667421e-10
2024-04-23 14:20:09,638 - train - INFO - cir_weight_gradient_mean*1e5:-3.146892026961723e-07
2024-04-23 14:20:09,639 - train - INFO - cir_weight_gradient_mean*1e5:-3.146892026961723e-07
2024-04-23 14:20:09,640 - train - INFO - cir_weight_gradient_mean*1e5:-3.146892026961723e-07
2024-04-23 14:20:09,641 - train - INFO - cir_weight_gradient_mean*1e5:-3.146892026961723e-07
2024-04-23 14:20:09,666 - train - INFO - cir_weight_gradient_mean*1e5:-2.4783730623312294e-10
2024-04-23 14:20:09,667 - train - INFO - cir_weight_gradient_mean*1e5:-2.4783730623312294e-10
2024-04-23 14:20:09,668 - train - INFO - cir_weight_gradient_mean*1e5:-2.4783730623312294e-10
2024-04-23 14:20:09,669 - train - INFO - cir_weight_gradient_mean*1e5:-2.4783730623312294e-10
2024-04-23 14:20:09,694 - train - INFO - cir_weight_gradient_mean*1e5:1.4770648593120939e-10
2024-04-23 14:20:09,695 - train - INFO - cir_weight_gradient_mean*1e5:1.4770648593120939e-10
2024-04-23 14:20:09,696 - train - INFO - cir_weight_gradient_mean*1e5:1.4770648593120939e-10
2024-04-23 14:20:09,697 - train - INFO - cir_weight_gradient_mean*1e5:1.4770648593120939e-10
2024-04-23 14:20:09,700 - train - INFO - delta_weights_b1:[0, 0, 0, 0, 0, 0, 0, 0, 0, 0, 0, 0, 0, 0, 0, 0, 0, 0, 0, 0, 0, 0, 0, 0, 0, 0, 0, 0, 0]
2024-04-23 14:20:09,700 - train - INFO - delta_weights_b2:[554.5072631835938, 37.120140075683594, 250.30503845214844, 265.1443786621094, 366.832275390625, 105.78616333007812, 279.7673645019531, 316.7275390625, 404.7044677734375, 121.55755615234375, 289.51007080078125, 328.7283935546875, 409.2655334472656, 126.49779510498047, 313.0249328613281, 329.9585266113281, 405.89752197265625, 129.42337036132812, 326.4217834472656, 322.1262512207031, 384.2712097167969, 132.69400024414062, 301.7497253417969, 336.8802490234375, 368.9714660644531, 138.47726440429688, 314.94049072265625, 445.8845520019531, 60.58717346191406]
2024-04-23 14:20:09,700 - train - INFO - delta_weights_b4:[783.4273681640625, 63.04119110107422, 357.44189453125, 374.34619140625, 499.11370849609375, 142.63662719726562, 387.7333068847656, 426.7167663574219, 550.0099487304688, 161.72381591796875, 390.5616455078125, 444.2170104980469, 556.4409790039062, 168.53285217285156, 429.3533020019531, 447.6363830566406, 547.8004150390625, 172.71966552734375, 440.9794006347656, 430.9617004394531, 517.7070922851562, 179.26864624023438, 411.5350646972656, 453.7935791015625, 498.3814697265625, 183.77334594726562, 429.7599182128906, 600.6449584960938, 83.74181365966797]
2024-04-23 14:20:09,700 - train - INFO - delta_weights_b8:[871.986328125, 73.76651000976562, 394.6187438964844, 406.90338134765625, 538.7861328125, 152.80316162109375, 413.50885009765625, 454.9513244628906, 589.6427612304688, 170.72007751464844, 419.6789245605469, 468.10211181640625, 598.20654296875, 178.10195922851562, 459.5745849609375, 471.8022766113281, 587.0134887695312, 182.18711853027344, 469.9555969238281, 456.6968994140625, 554.638916015625, 188.26889038085938, 437.99639892578125, 483.70294189453125, 531.3989868164062, 193.40487670898438, 462.4108581542969, 642.3720703125, 83.74181365966797]
2024-04-23 14:20:09,700 - train - INFO - delta_weights_b16:[884.7133178710938, 80.07044219970703, 398.1443176269531, 399.6505126953125, 545.02392578125, 151.60165405273438, 415.02093505859375, 452.8543395996094, 591.874267578125, 170.04730224609375, 417.9662780761719, 464.9228210449219, 602.375, 176.66098022460938, 455.4672546386719, 464.3348083496094, 594.3107299804688, 180.8924102783203, 466.4764709472656, 451.41424560546875, 561.5476684570312, 185.880859375, 438.4186096191406, 479.5228576660156, 536.5418701171875, 192.2758026123047, 459.6908874511719, 636.7808837890625, 83.74181365966797]
2024-04-23 14:20:09,852 - train - INFO - cir_idx:[1, 2, 3, 4, 5, 6, 7, 8, 9, 10, 11, 12, 13, 14, 15, 16, 17, 18, 19, 20, 21, 22, 23, 24, 25, 26, 27, 28, 29]
2024-04-23 14:20:09,853 - train - INFO - len params:29
2024-04-23 14:20:09,853 - train - INFO - params[0].shape:torch.Size([768, 256])
2024-04-23 14:20:09,861 - train - INFO - sensitivity_b2:[8.081214447975199e-17, 2.9487564763372865e-16, 1.3398198811870256e-15, 1.5004591502382116e-15, 2.684316760671434e-16, 4.563431296188722e-16, 1.5466692444339068e-15, 7.107896035125775e-16, 5.785011095411441e-16, 6.484017094199172e-16, 1.090380854319251e-15, 5.412343597794743e-16, 6.679784937155362e-16, 6.725346839388171e-16, 8.6880937023482035e-16, 4.859750949709062e-16, 6.541935089550053e-16, 5.655159356410581e-16, 6.79518788226284e-16, 4.014425038541275e-16, 4.534159955113981e-16, 3.19421418365517e-16, 7.600501809886906e-16, 3.3915196561084225e-16, 4.44469845280735e-16, 1.8498048132621246e-16, 6.533977744406191e-16, 1.8885882019856328e-16, 1.4882163477768348e-15]
2024-04-23 14:20:09,861 - train - INFO - sensitivity_b4:[1.4701350001495932e-16, 4.8846431304464975e-16, 2.9855065360011313e-15, 3.3991305118372984e-15, 5.167326612307227e-16, 9.547324453438558e-16, 3.0380901296084414e-15, 1.5193160094682237e-15, 1.1450153264501006e-15, 1.2960171605065456e-15, 2.2283158323632528e-15, 1.1280731851973569e-15, 1.3321604798823602e-15, 1.3571105764975644e-15, 1.7590000755198258e-15, 1.0085545069991701e-15, 1.27172107920574e-15, 1.1083052361534544e-15, 1.4318825157955562e-15, 8.332939669707172e-16, 9.121245705145963e-16, 6.365870821133774e-16, 1.5397405149253666e-15, 7.016495886161115e-16, 9.042455759183552e-16, 3.70065094765378e-16, 1.3920652968901445e-15, 4.1186362961353595e-16, 3.4058356246477635e-15]
2024-04-23 14:20:09,861 - train - INFO - sensitivity_b8:[2.442685789390568e-16, 8.863638633688697e-16, 4.9483165029157346e-15, 5.928956192105192e-15, 7.465710280616777e-16, 1.3745213387283766e-15, 4.566770088308561e-15, 2.193976269648616e-15, 1.6494249288476941e-15, 1.8434676833276823e-15, 3.3269649987971266e-15, 1.6950371236617461e-15, 1.9153854392307823e-15, 1.9175750193994347e-15, 2.586100643459338e-15, 1.4743489361226242e-15, 1.8212029987926294e-15, 1.5623212486288638e-15, 2.1168158033184857e-15, 1.2206150286957966e-15, 1.3109411398833375e-15, 8.993817009769842e-16, 2.3093175931091815e-15, 1.008296797224968e-15, 1.294964933827819e-15, 5.324708510280629e-16, 2.140149866949447e-15, 6.108851908179257e-16, 3.4058356246477635e-15]
2024-04-23 14:20:09,861 - train - INFO - sensitivity_b16:[3.448230629509466e-16, 1.3047911512906792e-15, 6.78375473741992e-15, 8.433363260658931e-15, 9.332851476029033e-16, 1.7070945317867927e-15, 6.034426193598456e-15, 2.7832244802849637e-15, 2.053466844468047e-15, 2.235383051758669e-15, 4.406752012045068e-15, 2.091119364797632e-15, 2.3788475631339717e-15, 2.3182114390553517e-15, 3.4163559856108987e-15, 1.851854156538447e-15, 2.222484857554354e-15, 1.8779722057087967e-15, 2.6856312499264545e-15, 1.5052330279289369e-15, 1.590571173848334e-15, 1.0770296033672734e-15, 2.968570535737255e-15, 1.2602824286486627e-15, 1.5886124101578084e-15, 6.413625479908787e-16, 2.8008364128407487e-15, 7.829288585313844e-16, 3.4058356246477635e-15]
2024-04-23 14:20:09,937 - train - INFO - result:[16  8  4  2 16  8  4  8 16  4  4 16 16  4  4 16 16  8  8 16 16 16  8 16
 16 16  8 16  1]
2024-04-23 14:20:09,938 - train - INFO - origin_latency:989.1829605102539
2024-04-23 14:20:09,938 - train - INFO - current_latency-origin_latency:-21.571100234985352024-04-23 19:34:16,804 - train - INFO - Model vit_7_4_32_c100 created, param count:3740203
2024-04-23 19:34:16,815 - train - INFO - Using native Torch AMP. Training in mixed precision.
2024-04-23 19:34:16,815 - train - INFO - Scheduled epochs: 160
2024-04-23 19:34:18,470 - train - INFO - Verifying teacher model
2024-04-23 19:34:18,984 - train - INFO - Test: [   0/39]  Time: 0.513 (0.513)  Loss:  1.0146 (1.0146)  Acc@1: 77.3438 (77.3438)  Acc@5: 92.1875 (92.1875)
2024-04-23 19:34:19,501 - train - INFO - Test: [  39/39]  Time: 0.087 (0.026)  Loss:  0.7583 (1.0538)  Acc@1: 87.5000 (74.7700)  Acc@5: 87.5000 (93.6100)
2024-04-23 19:34:19,501 - train - INFO - Verifying initial model in training dataset
2024-04-23 19:34:32,698 - train - INFO - len loader.dataset:50000
2024-04-23 19:34:32,839 - train - INFO - target_block_size:4
2024-04-23 19:34:32,840 - train - INFO - use cal_delta_w
2024-04-23 19:34:33,822 - train - INFO - delta_weights_b1:[0, 0, 0, 0, 0, 0, 0, 0, 0, 0, 0, 0, 0, 0, 0, 0, 0, 0, 0, 0, 0, 0, 0, 0, 0, 0, 0, 0, 0]
2024-04-23 19:34:33,822 - train - INFO - delta_weights_b2:[554.5072631835938, 37.120140075683594, 250.30503845214844, 265.1443786621094, 366.832275390625, 105.78616333007812, 279.7673645019531, 316.7275390625, 404.7044677734375, 121.55755615234375, 289.51007080078125, 328.7283935546875, 409.2655334472656, 126.49779510498047, 313.0249328613281, 329.9585266113281, 405.89752197265625, 129.42337036132812, 326.4217834472656, 322.1262512207031, 384.2712097167969, 132.69400024414062, 301.7497253417969, 336.8802490234375, 368.9714660644531, 138.47726440429688, 314.94049072265625, 445.8845520019531, 60.58717346191406]
2024-04-23 19:34:33,822 - train - INFO - delta_weights_b4:[783.4273681640625, 63.04119110107422, 357.44189453125, 374.34619140625, 499.11370849609375, 142.63662719726562, 387.7333068847656, 426.7167663574219, 550.0099487304688, 161.72381591796875, 390.5616455078125, 444.2170104980469, 556.4409790039062, 168.53285217285156, 429.3533020019531, 447.6363830566406, 547.8004150390625, 172.71966552734375, 440.9794006347656, 430.9617004394531, 517.7070922851562, 179.26864624023438, 411.5350646972656, 453.7935791015625, 498.3814697265625, 183.77334594726562, 429.7599182128906, 600.6449584960938, 83.74181365966797]
2024-04-23 19:34:33,822 - train - INFO - delta_weights_b8:[871.986328125, 73.76651000976562, 394.6187438964844, 406.90338134765625, 538.7861328125, 152.80316162109375, 413.50885009765625, 454.9513244628906, 589.6427612304688, 170.72007751464844, 419.6789245605469, 468.10211181640625, 598.20654296875, 178.10195922851562, 459.5745849609375, 471.8022766113281, 587.0134887695312, 182.18711853027344, 469.9555969238281, 456.6968994140625, 554.638916015625, 188.26889038085938, 437.99639892578125, 483.70294189453125, 531.3989868164062, 193.40487670898438, 462.4108581542969, 642.3720703125, 83.74181365966797]
2024-04-23 19:34:33,822 - train - INFO - delta_weights_b16:[884.7133178710938, 80.07044219970703, 398.1443176269531, 399.6505126953125, 545.02392578125, 151.60165405273438, 415.02093505859375, 452.8543395996094, 591.874267578125, 170.04730224609375, 417.9662780761719, 464.9228210449219, 602.375, 176.66098022460938, 455.4672546386719, 464.3348083496094, 594.3107299804688, 180.8924102783203, 466.4764709472656, 451.41424560546875, 561.5476684570312, 185.880859375, 438.4186096191406, 479.5228576660156, 536.5418701171875, 192.2758026123047, 459.6908874511719, 636.7808837890625, 83.74181365966797]
2024-04-23 19:34:34,056 - train - INFO - cir_idx:[1, 2, 3, 4, 5, 6, 7, 8, 9, 10, 11, 12, 13, 14, 15, 16, 17, 18, 19, 20, 21, 22, 23, 24, 25, 26, 27, 28, 29]
2024-04-23 19:34:34,056 - train - INFO - len params:29
2024-04-23 19:34:34,057 - train - INFO - params[0].shape:torch.Size([768, 256])
2024-04-23 19:34:34,070 - train - INFO - sensitivity_b2:[8.081214447975199e-17, 2.9487564763372865e-16, 1.3398198811870256e-15, 1.5004591502382116e-15, 2.684316760671434e-16, 4.563431296188722e-16, 1.5466692444339068e-15, 7.107896035125775e-16, 5.785011095411441e-16, 6.484017094199172e-16, 1.090380854319251e-15, 5.412343597794743e-16, 6.679784937155362e-16, 6.725346839388171e-16, 8.6880937023482035e-16, 4.859750949709062e-16, 6.541935089550053e-16, 5.655159356410581e-16, 6.79518788226284e-16, 4.014425038541275e-16, 4.534159955113981e-16, 3.19421418365517e-16, 7.600501809886906e-16, 3.3915196561084225e-16, 4.44469845280735e-16, 1.8498048132621246e-16, 6.533977744406191e-16, 1.8885882019856328e-16, 1.4882163477768348e-15]
2024-04-23 19:34:34,070 - train - INFO - sensitivity_b4:[1.4701350001495932e-16, 4.8846431304464975e-16, 2.9855065360011313e-15, 3.3991305118372984e-15, 5.167326612307227e-16, 9.547324453438558e-16, 3.0380901296084414e-15, 1.5193160094682237e-15, 1.1450153264501006e-15, 1.2960171605065456e-15, 2.2283158323632528e-15, 1.1280731851973569e-15, 1.3321604798823602e-15, 1.3571105764975644e-15, 1.7590000755198258e-15, 1.0085545069991701e-15, 1.27172107920574e-15, 1.1083052361534544e-15, 1.4318825157955562e-15, 8.332939669707172e-16, 9.121245705145963e-16, 6.365870821133774e-16, 1.5397405149253666e-15, 7.016495886161115e-16, 9.042455759183552e-16, 3.70065094765378e-16, 1.3920652968901445e-15, 4.1186362961353595e-16, 3.4058356246477635e-15]
2024-04-23 19:34:34,070 - train - INFO - sensitivity_b8:[2.442685789390568e-16, 8.863638633688697e-16, 4.9483165029157346e-15, 5.928956192105192e-15, 7.465710280616777e-16, 1.3745213387283766e-15, 4.566770088308561e-15, 2.193976269648616e-15, 1.6494249288476941e-15, 1.8434676833276823e-15, 3.3269649987971266e-15, 1.6950371236617461e-15, 1.9153854392307823e-15, 1.9175750193994347e-15, 2.586100643459338e-15, 1.4743489361226242e-15, 1.8212029987926294e-15, 1.5623212486288638e-15, 2.1168158033184857e-15, 1.2206150286957966e-15, 1.3109411398833375e-15, 8.993817009769842e-16, 2.3093175931091815e-15, 1.008296797224968e-15, 1.294964933827819e-15, 5.324708510280629e-16, 2.140149866949447e-15, 6.108851908179257e-16, 3.4058356246477635e-15]
2024-04-23 19:34:34,070 - train - INFO - sensitivity_b16:[3.448230629509466e-16, 1.3047911512906792e-15, 6.78375473741992e-15, 8.433363260658931e-15, 9.332851476029033e-16, 1.7070945317867927e-15, 6.034426193598456e-15, 2.7832244802849637e-15, 2.053466844468047e-15, 2.235383051758669e-15, 4.406752012045068e-15, 2.091119364797632e-15, 2.3788475631339717e-15, 2.3182114390553517e-15, 3.4163559856108987e-15, 1.851854156538447e-15, 2.222484857554354e-15, 1.8779722057087967e-15, 2.6856312499264545e-15, 1.5052330279289369e-15, 1.590571173848334e-15, 1.0770296033672734e-15, 2.968570535737255e-15, 1.2602824286486627e-15, 1.5886124101578084e-15, 6.413625479908787e-16, 2.8008364128407487e-15, 7.829288585313844e-16, 3.4058356246477635e-15]
2024-04-23 19:34:34,145 - train - INFO - result:[16  4  2  1 16  2  1  4  8  2  2  4  8  2  2  8  8  2  4 16 16  8  4 16
 16 16  4 16  1]
2024-04-23 19:34:34,146 - train - INFO - origin_latency:1736.5204524993896
2024-04-23 19:34:34,146 - train - INFO - current_latency-origin_latency:-2.7211122512817383
