2024-04-23 14:20:59,519 - train - INFO - Model vit_9_12_64 created, param count:2766216
2024-04-23 14:20:59,532 - train - INFO - Using native Torch AMP. Training in mixed precision.
2024-04-23 14:20:59,532 - train - INFO - Scheduled epochs: 11
2024-04-23 14:20:59,752 - train - INFO - Verifying teacher model
2024-04-23 14:21:00,137 - train - INFO - Test: [   0/156]  Time: 0.384 (0.384)  Loss:  0.7661 (0.7661)  Acc@1: 87.5000 (87.5000)  Acc@5: 93.7500 (93.7500)
2024-04-23 14:21:00,892 - train - INFO - Test: [  50/156]  Time: 0.016 (0.022)  Loss:  2.8906 (1.4736)  Acc@1: 37.5000 (66.9424)  Acc@5: 60.9375 (86.7953)
2024-04-23 14:21:01,644 - train - INFO - Test: [ 100/156]  Time: 0.015 (0.019)  Loss:  1.7725 (1.6068)  Acc@1: 53.1250 (63.1033)  Acc@5: 84.3750 (84.9319)
2024-04-23 14:21:02,402 - train - INFO - Test: [ 150/156]  Time: 0.015 (0.018)  Loss:  1.1201 (1.6443)  Acc@1: 76.5625 (62.5310)  Acc@5: 92.1875 (84.0853)
2024-04-23 14:21:02,575 - train - INFO - Test: [ 156/156]  Time: 0.093 (0.018)  Loss:  1.8408 (1.6375)  Acc@1: 56.2500 (62.6500)  Acc@5: 75.0000 (84.3200)
2024-04-23 14:21:02,575 - train - INFO - Verifying initial model in training dataset
2024-04-23 14:24:00,792 - train - INFO - len loader.dataset:100000
2024-04-23 14:24:00,819 - train - INFO - mean grad:tensor(-4.2435e-14, device='cuda:0')
2024-04-23 14:24:00,819 - train - INFO - mean grad:tensor(1.3407e-12, device='cuda:0')
2024-04-23 14:24:00,820 - train - INFO - mean grad:tensor(1.4803e-16, device='cuda:0')
2024-04-23 14:24:00,821 - train - INFO - mean grad:tensor(-6.3359e-18, device='cuda:0')
2024-04-23 14:24:00,821 - train - INFO - mean grad:tensor(4.7628e-09, device='cuda:0')
2024-04-23 14:24:00,822 - train - INFO - mean grad:tensor(2.0315e-10, device='cuda:0')
2024-04-23 14:24:00,822 - train - INFO - mean grad:tensor(-1.7446e-12, device='cuda:0')
2024-04-23 14:24:00,823 - train - INFO - mean grad:tensor(1.0820e-14, device='cuda:0')
2024-04-23 14:24:00,823 - train - INFO - mean grad:tensor(-1.8054e-12, device='cuda:0')
2024-04-23 14:24:00,824 - train - INFO - mean grad:tensor(-4.4802e-12, device='cuda:0')
2024-04-23 14:24:00,825 - train - INFO - mean grad:tensor(-1.0536e-09, device='cuda:0')
2024-04-23 14:24:00,825 - train - INFO - mean grad:tensor(-1.1758e-09, device='cuda:0')
2024-04-23 14:24:00,826 - train - INFO - mean grad:tensor(-9.1820e-11, device='cuda:0')
2024-04-23 14:24:00,826 - train - INFO - mean grad:tensor(-2.3076e-14, device='cuda:0')
2024-04-23 14:24:00,827 - train - INFO - mean grad:tensor(-5.3890e-13, device='cuda:0')
2024-04-23 14:24:00,827 - train - INFO - mean grad:tensor(3.8904e-09, device='cuda:0')
2024-04-23 14:24:00,828 - train - INFO - mean grad:tensor(-1.4792e-10, device='cuda:0')
2024-04-23 14:24:00,829 - train - INFO - mean grad:tensor(5.4406e-13, device='cuda:0')
2024-04-23 14:24:00,829 - train - INFO - mean grad:tensor(2.1773e-15, device='cuda:0')
2024-04-23 14:24:00,830 - train - INFO - mean grad:tensor(4.2610e-13, device='cuda:0')
2024-04-23 14:24:00,830 - train - INFO - mean grad:tensor(-1.3892e-12, device='cuda:0')
2024-04-23 14:24:00,831 - train - INFO - mean grad:tensor(4.7481e-13, device='cuda:0')
2024-04-23 14:24:00,831 - train - INFO - mean grad:tensor(-8.8489e-11, device='cuda:0')
2024-04-23 14:24:00,832 - train - INFO - mean grad:tensor(3.8133e-10, device='cuda:0')
2024-04-23 14:24:00,832 - train - INFO - mean grad:tensor(1.1217e-15, device='cuda:0')
2024-04-23 14:24:00,833 - train - INFO - mean grad:tensor(1.5136e-13, device='cuda:0')
2024-04-23 14:24:00,834 - train - INFO - mean grad:tensor(1.8753e-09, device='cuda:0')
2024-04-23 14:24:00,834 - train - INFO - mean grad:tensor(-1.6914e-10, device='cuda:0')
2024-04-23 14:24:00,835 - train - INFO - mean grad:tensor(-1.4831e-12, device='cuda:0')
2024-04-23 14:24:00,835 - train - INFO - mean grad:tensor(-1.2791e-15, device='cuda:0')
2024-04-23 14:24:00,836 - train - INFO - mean grad:tensor(1.5273e-13, device='cuda:0')
2024-04-23 14:24:00,836 - train - INFO - mean grad:tensor(2.5528e-13, device='cuda:0')
2024-04-23 14:24:00,837 - train - INFO - mean grad:tensor(2.2924e-10, device='cuda:0')
2024-04-23 14:24:00,838 - train - INFO - mean grad:tensor(-1.9052e-10, device='cuda:0')
2024-04-23 14:24:00,838 - train - INFO - mean grad:tensor(-7.3591e-11, device='cuda:0')
2024-04-23 14:24:00,839 - train - INFO - mean grad:tensor(8.7354e-15, device='cuda:0')
2024-04-23 14:24:00,839 - train - INFO - mean grad:tensor(4.6713e-14, device='cuda:0')
2024-04-23 14:24:00,840 - train - INFO - mean grad:tensor(1.3606e-09, device='cuda:0')
2024-04-23 14:24:00,840 - train - INFO - mean grad:tensor(4.0360e-11, device='cuda:0')
2024-04-23 14:24:00,841 - train - INFO - mean grad:tensor(8.3959e-13, device='cuda:0')
2024-04-23 14:24:00,841 - train - INFO - mean grad:tensor(1.0791e-14, device='cuda:0')
2024-04-23 14:24:00,842 - train - INFO - mean grad:tensor(7.2507e-14, device='cuda:0')
2024-04-23 14:24:00,843 - train - INFO - mean grad:tensor(-1.2713e-12, device='cuda:0')
2024-04-23 14:24:00,843 - train - INFO - mean grad:tensor(6.1001e-11, device='cuda:0')
2024-04-23 14:24:00,844 - train - INFO - mean grad:tensor(3.6955e-10, device='cuda:0')
2024-04-23 14:24:00,844 - train - INFO - mean grad:tensor(1.9481e-10, device='cuda:0')
2024-04-23 14:24:00,845 - train - INFO - mean grad:tensor(1.9681e-15, device='cuda:0')
2024-04-23 14:24:00,845 - train - INFO - mean grad:tensor(-2.1755e-13, device='cuda:0')
2024-04-23 14:24:00,846 - train - INFO - mean grad:tensor(5.4917e-10, device='cuda:0')
2024-04-23 14:24:00,846 - train - INFO - mean grad:tensor(-2.7032e-10, device='cuda:0')
2024-04-23 14:24:00,847 - train - INFO - mean grad:tensor(-1.6790e-12, device='cuda:0')
2024-04-23 14:24:00,848 - train - INFO - mean grad:tensor(6.0445e-16, device='cuda:0')
2024-04-23 14:24:00,848 - train - INFO - mean grad:tensor(2.5613e-13, device='cuda:0')
2024-04-23 14:24:00,849 - train - INFO - mean grad:tensor(-1.9091e-12, device='cuda:0')
2024-04-23 14:24:00,849 - train - INFO - mean grad:tensor(9.2410e-11, device='cuda:0')
2024-04-23 14:24:00,850 - train - INFO - mean grad:tensor(7.8536e-11, device='cuda:0')
2024-04-23 14:24:00,850 - train - INFO - mean grad:tensor(-8.1820e-12, device='cuda:0')
2024-04-23 14:24:00,851 - train - INFO - mean grad:tensor(5.0773e-15, device='cuda:0')
2024-04-23 14:24:00,851 - train - INFO - mean grad:tensor(-3.2319e-13, device='cuda:0')
2024-04-23 14:24:00,852 - train - INFO - mean grad:tensor(1.9600e-10, device='cuda:0')
2024-04-23 14:24:00,853 - train - INFO - mean grad:tensor(-8.0360e-11, device='cuda:0')
2024-04-23 14:24:00,853 - train - INFO - mean grad:tensor(4.1052e-13, device='cuda:0')
2024-04-23 14:24:00,854 - train - INFO - mean grad:tensor(-9.3135e-15, device='cuda:0')
2024-04-23 14:24:00,854 - train - INFO - mean grad:tensor(4.7954e-13, device='cuda:0')
2024-04-23 14:24:00,855 - train - INFO - mean grad:tensor(-1.2758e-12, device='cuda:0')
2024-04-23 14:24:00,855 - train - INFO - mean grad:tensor(6.6854e-11, device='cuda:0')
2024-04-23 14:24:00,856 - train - INFO - mean grad:tensor(-9.7872e-11, device='cuda:0')
2024-04-23 14:24:00,856 - train - INFO - mean grad:tensor(-9.8018e-11, device='cuda:0')
2024-04-23 14:24:00,857 - train - INFO - mean grad:tensor(1.8329e-14, device='cuda:0')
2024-04-23 14:24:00,858 - train - INFO - mean grad:tensor(-1.9851e-13, device='cuda:0')
2024-04-23 14:24:00,858 - train - INFO - mean grad:tensor(2.0732e-10, device='cuda:0')
2024-04-23 14:24:00,859 - train - INFO - mean grad:tensor(4.2016e-10, device='cuda:0')
2024-04-23 14:24:00,859 - train - INFO - mean grad:tensor(2.5065e-12, device='cuda:0')
2024-04-23 14:24:00,860 - train - INFO - mean grad:tensor(-6.7689e-15, device='cuda:0')
2024-04-23 14:24:00,860 - train - INFO - mean grad:tensor(1.2605e-13, device='cuda:0')
2024-04-23 14:24:00,861 - train - INFO - mean grad:tensor(-5.0437e-13, device='cuda:0')
2024-04-23 14:24:00,862 - train - INFO - mean grad:tensor(-1.3752e-10, device='cuda:0')
2024-04-23 14:24:00,862 - train - INFO - mean grad:tensor(1.3194e-10, device='cuda:0')
2024-04-23 14:24:00,863 - train - INFO - mean grad:tensor(1.1157e-10, device='cuda:0')
2024-04-23 14:24:00,863 - train - INFO - mean grad:tensor(2.5451e-15, device='cuda:0')
2024-04-23 14:24:00,864 - train - INFO - mean grad:tensor(4.4927e-14, device='cuda:0')
2024-04-23 14:24:00,864 - train - INFO - mean grad:tensor(6.3677e-10, device='cuda:0')
2024-04-23 14:24:00,865 - train - INFO - mean grad:tensor(-1.4919e-10, device='cuda:0')
2024-04-23 14:24:00,865 - train - INFO - mean grad:tensor(-2.5721e-12, device='cuda:0')
2024-04-23 14:24:00,866 - train - INFO - mean grad:tensor(5.7053e-15, device='cuda:0')
2024-04-23 14:24:00,867 - train - INFO - mean grad:tensor(-7.5791e-14, device='cuda:0')
2024-04-23 14:24:00,867 - train - INFO - mean grad:tensor(-4.0719e-14, device='cuda:0')
2024-04-23 14:24:00,868 - train - INFO - mean grad:tensor(1.4947e-10, device='cuda:0')
2024-04-23 14:24:00,868 - train - INFO - mean grad:tensor(-1.1746e-10, device='cuda:0')
2024-04-23 14:24:00,869 - train - INFO - mean grad:tensor(-3.8782e-11, device='cuda:0')
2024-04-23 14:24:00,869 - train - INFO - mean grad:tensor(-7.0546e-15, device='cuda:0')
2024-04-23 14:24:00,870 - train - INFO - mean grad:tensor(2.3836e-13, device='cuda:0')
2024-04-23 14:24:00,871 - train - INFO - mean grad:tensor(1.1583e-09, device='cuda:0')
2024-04-23 14:24:00,871 - train - INFO - mean grad:tensor(-7.7671e-11, device='cuda:0')
2024-04-23 14:24:00,872 - train - INFO - mean grad:tensor(-7.0591e-13, device='cuda:0')
2024-04-23 14:24:00,872 - train - INFO - mean grad:tensor(1.6438e-14, device='cuda:0')
2024-04-23 14:24:00,873 - train - INFO - mean grad:tensor(7.9477e-13, device='cuda:0')
2024-04-23 14:24:00,873 - train - INFO - mean grad:tensor(1.0080e-12, device='cuda:0')
2024-04-23 14:24:00,874 - train - INFO - mean grad:tensor(2.5554e-10, device='cuda:0')
2024-04-23 14:24:00,874 - train - INFO - mean grad:tensor(3.1564e-10, device='cuda:0')
2024-04-23 14:24:00,875 - train - INFO - mean grad:tensor(-1.0684e-10, device='cuda:0')
2024-04-23 14:24:00,876 - train - INFO - mean grad:tensor(-4.4994e-17, device='cuda:0')
2024-04-23 14:24:00,876 - train - INFO - mean grad:tensor(-1.9810e-13, device='cuda:0')
2024-04-23 14:24:00,877 - train - INFO - mean grad:tensor(-2.3664e-11, device='cuda:0')
2024-04-23 14:24:00,877 - train - INFO - mean grad:tensor(7.0912e-11, device='cuda:0')
2024-04-23 14:24:00,878 - train - INFO - mean grad:tensor(1.1902e-15, device='cuda:0')
2024-04-23 14:24:00,878 - train - INFO - mean grad:tensor(6.2430e-14, device='cuda:0')
2024-04-23 14:24:00,964 - train - INFO - target_block_size:8
2024-04-23 14:24:00,964 - train - INFO - use cal_delta_w
2024-04-23 14:24:01,001 - train - INFO - cir_weight_gradient_mean*1e5:-1.7445560729356657e-07
2024-04-23 14:24:01,002 - train - INFO - cir_weight_gradient_mean*1e5:-1.7445560729356657e-07
2024-04-23 14:24:01,003 - train - INFO - cir_weight_gradient_mean*1e5:-1.7445560729356657e-07
2024-04-23 14:24:01,004 - train - INFO - cir_weight_gradient_mean*1e5:-1.7445560729356657e-07
2024-04-23 14:24:01,020 - train - INFO - cir_weight_gradient_mean*1e5:1.0814902307032526e-09
2024-04-23 14:24:01,021 - train - INFO - cir_weight_gradient_mean*1e5:1.0814902307032526e-09
2024-04-23 14:24:01,022 - train - INFO - cir_weight_gradient_mean*1e5:1.0814902307032526e-09
2024-04-23 14:24:01,023 - train - INFO - cir_weight_gradient_mean*1e5:1.0814902307032526e-09
2024-04-23 14:24:01,039 - train - INFO - cir_weight_gradient_mean*1e5:-4.48023598664804e-07
2024-04-23 14:24:01,040 - train - INFO - cir_weight_gradient_mean*1e5:-4.48023598664804e-07
2024-04-23 14:24:01,041 - train - INFO - cir_weight_gradient_mean*1e5:-4.48023598664804e-07
2024-04-23 14:24:01,042 - train - INFO - cir_weight_gradient_mean*1e5:-4.48023598664804e-07
2024-04-23 14:24:01,058 - train - INFO - cir_weight_gradient_mean*1e5:-2.30796293188007e-09
2024-04-23 14:24:01,059 - train - INFO - cir_weight_gradient_mean*1e5:-2.30796293188007e-09
2024-04-23 14:24:01,060 - train - INFO - cir_weight_gradient_mean*1e5:-2.30796293188007e-09
2024-04-23 14:24:01,061 - train - INFO - cir_weight_gradient_mean*1e5:-2.30796293188007e-09
2024-04-23 14:24:01,077 - train - INFO - cir_weight_gradient_mean*1e5:5.440637806941595e-08
2024-04-23 14:24:01,078 - train - INFO - cir_weight_gradient_mean*1e5:5.440637806941595e-08
2024-04-23 14:24:01,079 - train - INFO - cir_weight_gradient_mean*1e5:5.440637806941595e-08
2024-04-23 14:24:01,080 - train - INFO - cir_weight_gradient_mean*1e5:5.440637806941595e-08
2024-04-23 14:24:01,096 - train - INFO - cir_weight_gradient_mean*1e5:2.1666185512358993e-10
2024-04-23 14:24:01,097 - train - INFO - cir_weight_gradient_mean*1e5:2.1666185512358993e-10
2024-04-23 14:24:01,098 - train - INFO - cir_weight_gradient_mean*1e5:2.1666185512358993e-10
2024-04-23 14:24:01,099 - train - INFO - cir_weight_gradient_mean*1e5:2.1666185512358993e-10
2024-04-23 14:24:01,115 - train - INFO - cir_weight_gradient_mean*1e5:-1.3892024242068146e-07
2024-04-23 14:24:01,116 - train - INFO - cir_weight_gradient_mean*1e5:-1.3892024242068146e-07
2024-04-23 14:24:01,117 - train - INFO - cir_weight_gradient_mean*1e5:-1.3892024242068146e-07
2024-04-23 14:24:01,118 - train - INFO - cir_weight_gradient_mean*1e5:-1.3892024242068146e-07
2024-04-23 14:24:01,134 - train - INFO - cir_weight_gradient_mean*1e5:1.1245207542920355e-10
2024-04-23 14:24:01,135 - train - INFO - cir_weight_gradient_mean*1e5:1.1245207542920355e-10
2024-04-23 14:24:01,136 - train - INFO - cir_weight_gradient_mean*1e5:1.1245207542920355e-10
2024-04-23 14:24:01,137 - train - INFO - cir_weight_gradient_mean*1e5:1.1245207542920355e-10
2024-04-23 14:24:01,153 - train - INFO - cir_weight_gradient_mean*1e5:-1.4831368844170356e-07
2024-04-23 14:24:01,154 - train - INFO - cir_weight_gradient_mean*1e5:-1.4831368844170356e-07
2024-04-23 14:24:01,155 - train - INFO - cir_weight_gradient_mean*1e5:-1.4831368844170356e-07
2024-04-23 14:24:01,156 - train - INFO - cir_weight_gradient_mean*1e5:-1.4831368844170356e-07
2024-04-23 14:24:01,172 - train - INFO - cir_weight_gradient_mean*1e5:-1.284408690516159e-10
2024-04-23 14:24:01,173 - train - INFO - cir_weight_gradient_mean*1e5:-1.284408690516159e-10
2024-04-23 14:24:01,174 - train - INFO - cir_weight_gradient_mean*1e5:-1.284408690516159e-10
2024-04-23 14:24:01,175 - train - INFO - cir_weight_gradient_mean*1e5:-1.284408690516159e-10
2024-04-23 14:24:01,191 - train - INFO - cir_weight_gradient_mean*1e5:2.552870803640417e-08
2024-04-23 14:24:01,192 - train - INFO - cir_weight_gradient_mean*1e5:2.552870803640417e-08
2024-04-23 14:24:01,193 - train - INFO - cir_weight_gradient_mean*1e5:2.552870803640417e-08
2024-04-23 14:24:01,194 - train - INFO - cir_weight_gradient_mean*1e5:2.552870803640417e-08
2024-04-23 14:24:01,210 - train - INFO - cir_weight_gradient_mean*1e5:8.737496837163405e-10
2024-04-23 14:24:01,211 - train - INFO - cir_weight_gradient_mean*1e5:8.737496837163405e-10
2024-04-23 14:24:01,212 - train - INFO - cir_weight_gradient_mean*1e5:8.737496837163405e-10
2024-04-23 14:24:01,213 - train - INFO - cir_weight_gradient_mean*1e5:8.737496837163405e-10
2024-04-23 14:24:01,229 - train - INFO - cir_weight_gradient_mean*1e5:8.395949890882548e-08
2024-04-23 14:24:01,230 - train - INFO - cir_weight_gradient_mean*1e5:8.395949890882548e-08
2024-04-23 14:24:01,231 - train - INFO - cir_weight_gradient_mean*1e5:8.395949890882548e-08
2024-04-23 14:24:01,232 - train - INFO - cir_weight_gradient_mean*1e5:8.395949890882548e-08
2024-04-23 14:24:01,249 - train - INFO - cir_weight_gradient_mean*1e5:1.0788628879154771e-09
2024-04-23 14:24:01,250 - train - INFO - cir_weight_gradient_mean*1e5:1.0788628879154771e-09
2024-04-23 14:24:01,251 - train - INFO - cir_weight_gradient_mean*1e5:1.0788628879154771e-09
2024-04-23 14:24:01,251 - train - INFO - cir_weight_gradient_mean*1e5:1.0788628879154771e-09
2024-04-23 14:24:01,268 - train - INFO - cir_weight_gradient_mean*1e5:-1.2713014996279526e-07
2024-04-23 14:24:01,269 - train - INFO - cir_weight_gradient_mean*1e5:-1.2713014996279526e-07
2024-04-23 14:24:01,270 - train - INFO - cir_weight_gradient_mean*1e5:-1.2713014996279526e-07
2024-04-23 14:24:01,271 - train - INFO - cir_weight_gradient_mean*1e5:-1.2713014996279526e-07
2024-04-23 14:24:01,287 - train - INFO - cir_weight_gradient_mean*1e5:1.9694192110453201e-10
2024-04-23 14:24:01,288 - train - INFO - cir_weight_gradient_mean*1e5:1.9694192110453201e-10
2024-04-23 14:24:01,289 - train - INFO - cir_weight_gradient_mean*1e5:1.9694192110453201e-10
2024-04-23 14:24:01,290 - train - INFO - cir_weight_gradient_mean*1e5:1.9694192110453201e-10
2024-04-23 14:24:01,306 - train - INFO - cir_weight_gradient_mean*1e5:-1.6789907419934025e-07
2024-04-23 14:24:01,307 - train - INFO - cir_weight_gradient_mean*1e5:-1.6789907419934025e-07
2024-04-23 14:24:01,308 - train - INFO - cir_weight_gradient_mean*1e5:-1.6789907419934025e-07
2024-04-23 14:24:01,309 - train - INFO - cir_weight_gradient_mean*1e5:-1.6789907419934025e-07
2024-04-23 14:24:01,325 - train - INFO - cir_weight_gradient_mean*1e5:6.048139766789973e-11
2024-04-23 14:24:01,326 - train - INFO - cir_weight_gradient_mean*1e5:6.048139766789973e-11
2024-04-23 14:24:01,327 - train - INFO - cir_weight_gradient_mean*1e5:6.048139766789973e-11
2024-04-23 14:24:01,328 - train - INFO - cir_weight_gradient_mean*1e5:6.048139766789973e-11
2024-04-23 14:24:01,344 - train - INFO - cir_weight_gradient_mean*1e5:-1.9091460501385882e-07
2024-04-23 14:24:01,345 - train - INFO - cir_weight_gradient_mean*1e5:-1.9091460501385882e-07
2024-04-23 14:24:01,346 - train - INFO - cir_weight_gradient_mean*1e5:-1.9091460501385882e-07
2024-04-23 14:24:01,347 - train - INFO - cir_weight_gradient_mean*1e5:-1.9091460501385882e-07
2024-04-23 14:24:01,363 - train - INFO - cir_weight_gradient_mean*1e5:5.075833087175852e-10
2024-04-23 14:24:01,364 - train - INFO - cir_weight_gradient_mean*1e5:5.075833087175852e-10
2024-04-23 14:24:01,365 - train - INFO - cir_weight_gradient_mean*1e5:5.075833087175852e-10
2024-04-23 14:24:01,366 - train - INFO - cir_weight_gradient_mean*1e5:5.075833087175852e-10
2024-04-23 14:24:01,382 - train - INFO - cir_weight_gradient_mean*1e5:4.105192985548456e-08
2024-04-23 14:24:01,383 - train - INFO - cir_weight_gradient_mean*1e5:4.105192985548456e-08
2024-04-23 14:24:01,384 - train - INFO - cir_weight_gradient_mean*1e5:4.105192985548456e-08
2024-04-23 14:24:01,385 - train - INFO - cir_weight_gradient_mean*1e5:4.105192985548456e-08
2024-04-23 14:24:01,401 - train - INFO - cir_weight_gradient_mean*1e5:-9.320300087267697e-10
2024-04-23 14:24:01,402 - train - INFO - cir_weight_gradient_mean*1e5:-9.320300087267697e-10
2024-04-23 14:24:01,403 - train - INFO - cir_weight_gradient_mean*1e5:-9.320300087267697e-10
2024-04-23 14:24:01,404 - train - INFO - cir_weight_gradient_mean*1e5:-9.320300087267697e-10
2024-04-23 14:24:01,420 - train - INFO - cir_weight_gradient_mean*1e5:-1.275768397590582e-07
2024-04-23 14:24:01,421 - train - INFO - cir_weight_gradient_mean*1e5:-1.275768397590582e-07
2024-04-23 14:24:01,422 - train - INFO - cir_weight_gradient_mean*1e5:-1.275768397590582e-07
2024-04-23 14:24:01,423 - train - INFO - cir_weight_gradient_mean*1e5:-1.275768397590582e-07
2024-04-23 14:24:01,439 - train - INFO - cir_weight_gradient_mean*1e5:1.833149743113438e-09
2024-04-23 14:24:01,440 - train - INFO - cir_weight_gradient_mean*1e5:1.833149743113438e-09
2024-04-23 14:24:01,441 - train - INFO - cir_weight_gradient_mean*1e5:1.833149743113438e-09
2024-04-23 14:24:01,442 - train - INFO - cir_weight_gradient_mean*1e5:1.833149743113438e-09
2024-04-23 14:24:01,458 - train - INFO - cir_weight_gradient_mean*1e5:2.506510270450235e-07
2024-04-23 14:24:01,459 - train - INFO - cir_weight_gradient_mean*1e5:2.506510270450235e-07
2024-04-23 14:24:01,460 - train - INFO - cir_weight_gradient_mean*1e5:2.506510270450235e-07
2024-04-23 14:24:01,461 - train - INFO - cir_weight_gradient_mean*1e5:2.506510270450235e-07
2024-04-23 14:24:01,477 - train - INFO - cir_weight_gradient_mean*1e5:-6.768156590730712e-10
2024-04-23 14:24:01,478 - train - INFO - cir_weight_gradient_mean*1e5:-6.768156590730712e-10
2024-04-23 14:24:01,479 - train - INFO - cir_weight_gradient_mean*1e5:-6.768156590730712e-10
2024-04-23 14:24:01,480 - train - INFO - cir_weight_gradient_mean*1e5:-6.768156590730712e-10
2024-04-23 14:24:01,496 - train - INFO - cir_weight_gradient_mean*1e5:-5.043767004053734e-08
2024-04-23 14:24:01,497 - train - INFO - cir_weight_gradient_mean*1e5:-5.043767004053734e-08
2024-04-23 14:24:01,498 - train - INFO - cir_weight_gradient_mean*1e5:-5.043767004053734e-08
2024-04-23 14:24:01,499 - train - INFO - cir_weight_gradient_mean*1e5:-5.043767004053734e-08
2024-04-23 14:24:01,515 - train - INFO - cir_weight_gradient_mean*1e5:2.547343169734262e-10
2024-04-23 14:24:01,516 - train - INFO - cir_weight_gradient_mean*1e5:2.547343169734262e-10
2024-04-23 14:24:01,517 - train - INFO - cir_weight_gradient_mean*1e5:2.547343169734262e-10
2024-04-23 14:24:01,518 - train - INFO - cir_weight_gradient_mean*1e5:2.547343169734262e-10
2024-04-23 14:24:01,535 - train - INFO - cir_weight_gradient_mean*1e5:-2.572139692347264e-07
2024-04-23 14:24:01,536 - train - INFO - cir_weight_gradient_mean*1e5:-2.572139692347264e-07
2024-04-23 14:24:01,537 - train - INFO - cir_weight_gradient_mean*1e5:-2.572139692347264e-07
2024-04-23 14:24:01,538 - train - INFO - cir_weight_gradient_mean*1e5:-2.572139692347264e-07
2024-04-23 14:24:01,554 - train - INFO - cir_weight_gradient_mean*1e5:5.707584405101329e-10
2024-04-23 14:24:01,555 - train - INFO - cir_weight_gradient_mean*1e5:5.707584405101329e-10
2024-04-23 14:24:01,556 - train - INFO - cir_weight_gradient_mean*1e5:5.707584405101329e-10
2024-04-23 14:24:01,557 - train - INFO - cir_weight_gradient_mean*1e5:5.707584405101329e-10
2024-04-23 14:24:01,573 - train - INFO - cir_weight_gradient_mean*1e5:-4.072060466597804e-09
2024-04-23 14:24:01,574 - train - INFO - cir_weight_gradient_mean*1e5:-4.072060466597804e-09
2024-04-23 14:24:01,575 - train - INFO - cir_weight_gradient_mean*1e5:-4.072060466597804e-09
2024-04-23 14:24:01,576 - train - INFO - cir_weight_gradient_mean*1e5:-4.072060466597804e-09
2024-04-23 14:24:01,592 - train - INFO - cir_weight_gradient_mean*1e5:-7.057189277404063e-10
2024-04-23 14:24:01,593 - train - INFO - cir_weight_gradient_mean*1e5:-7.057189277404063e-10
2024-04-23 14:24:01,594 - train - INFO - cir_weight_gradient_mean*1e5:-7.057189277404063e-10
2024-04-23 14:24:01,595 - train - INFO - cir_weight_gradient_mean*1e5:-7.057189277404063e-10
2024-04-23 14:24:01,611 - train - INFO - cir_weight_gradient_mean*1e5:-7.05913905107991e-08
2024-04-23 14:24:01,612 - train - INFO - cir_weight_gradient_mean*1e5:-7.05913905107991e-08
2024-04-23 14:24:01,613 - train - INFO - cir_weight_gradient_mean*1e5:-7.05913905107991e-08
2024-04-23 14:24:01,614 - train - INFO - cir_weight_gradient_mean*1e5:-7.05913905107991e-08
2024-04-23 14:24:01,630 - train - INFO - cir_weight_gradient_mean*1e5:1.643810643159327e-09
2024-04-23 14:24:01,631 - train - INFO - cir_weight_gradient_mean*1e5:1.643810643159327e-09
2024-04-23 14:24:01,632 - train - INFO - cir_weight_gradient_mean*1e5:1.643810643159327e-09
2024-04-23 14:24:01,633 - train - INFO - cir_weight_gradient_mean*1e5:1.643810643159327e-09
2024-04-23 14:24:01,649 - train - INFO - cir_weight_gradient_mean*1e5:1.0079626378001194e-07
2024-04-23 14:24:01,650 - train - INFO - cir_weight_gradient_mean*1e5:1.0079626378001194e-07
2024-04-23 14:24:01,651 - train - INFO - cir_weight_gradient_mean*1e5:1.0079626378001194e-07
2024-04-23 14:24:01,652 - train - INFO - cir_weight_gradient_mean*1e5:1.0079626378001194e-07
2024-04-23 14:24:01,668 - train - INFO - cir_weight_gradient_mean*1e5:-4.402206897624605e-12
2024-04-23 14:24:01,669 - train - INFO - cir_weight_gradient_mean*1e5:-4.402206897624605e-12
2024-04-23 14:24:01,670 - train - INFO - cir_weight_gradient_mean*1e5:-4.402206897624605e-12
2024-04-23 14:24:01,671 - train - INFO - cir_weight_gradient_mean*1e5:-4.402206897624605e-12
2024-04-23 14:24:01,687 - train - INFO - cir_weight_gradient_mean*1e5:1.1845259495490978e-10
2024-04-23 14:24:01,688 - train - INFO - cir_weight_gradient_mean*1e5:1.1845259495490978e-10
2024-04-23 14:24:01,689 - train - INFO - cir_weight_gradient_mean*1e5:1.1845259495490978e-10
2024-04-23 14:24:01,689 - train - INFO - cir_weight_gradient_mean*1e5:1.1845259495490978e-10
2024-04-23 14:24:01,700 - train - INFO - delta_weights_b1:[0, 0, 0, 0, 0, 0, 0, 0, 0, 0, 0, 0, 0, 0, 0, 0, 0, 0, 0, 0, 0, 0, 0, 0, 0, 0, 0, 0, 0, 0, 0, 0, 0, 0, 0, 0, 0]
2024-04-23 14:24:01,700 - train - INFO - delta_weights_b2:[312.31646728515625, 26.960115432739258, 183.659912109375, 157.7788543701172, 224.73348999023438, 64.34809875488281, 182.5376739501953, 185.31301879882812, 238.5625457763672, 76.76860046386719, 158.7523956298828, 166.60720825195312, 240.3005828857422, 80.38675689697266, 142.4595489501953, 148.04437255859375, 242.6802978515625, 79.95706939697266, 171.5862274169922, 149.23858642578125, 245.37928771972656, 79.36175537109375, 203.7599334716797, 178.10462951660156, 241.23272705078125, 81.02068328857422, 205.42486572265625, 190.27371215820312, 234.95074462890625, 83.26957702636719, 199.01046752929688, 228.424072265625, 238.29949951171875, 87.32463073730469, 205.09005737304688, 261.27630615234375, 97.12487030029297]
2024-04-23 14:24:01,700 - train - INFO - delta_weights_b4:[426.6500244140625, 40.03154754638672, 256.2927551269531, 216.28871154785156, 300.0232238769531, 86.2889175415039, 253.75363159179688, 256.97613525390625, 320.5382995605469, 102.87101745605469, 224.4064178466797, 233.0649871826172, 325.001220703125, 105.84467315673828, 206.09629821777344, 215.255859375, 329.8960266113281, 104.73218536376953, 241.3657989501953, 209.4656219482422, 328.83770751953125, 106.50215911865234, 278.44146728515625, 242.56008911132812, 324.8929748535156, 107.88539123535156, 274.8632507324219, 260.7393798828125, 316.4267272949219, 111.33172607421875, 270.3751525878906, 308.50244140625, 322.47674560546875, 117.74779510498047, 285.4940185546875, 355.82208251953125, 139.4368438720703]
2024-04-23 14:24:01,701 - train - INFO - delta_weights_b8:[456.00799560546875, 45.19037628173828, 273.6830139160156, 230.546875, 321.1489562988281, 91.09235382080078, 268.4631042480469, 272.2329406738281, 340.8650817871094, 108.58888244628906, 239.13340759277344, 249.1634521484375, 343.8148193359375, 111.13760375976562, 218.95193481445312, 229.81344604492188, 348.1830749511719, 111.3019790649414, 256.8228759765625, 222.04713439941406, 352.2174072265625, 112.16642761230469, 296.1304931640625, 257.58013916015625, 347.6185302734375, 114.65430450439453, 292.052001953125, 272.8856506347656, 335.6278381347656, 116.61141204833984, 293.7658996582031, 326.72711181640625, 341.30780029296875, 123.48255157470703, 306.691162109375, 381.02252197265625, 154.4308319091797]
2024-04-23 14:24:01,701 - train - INFO - delta_weights_b16:[456.1568298339844, 45.95592498779297, 271.7073974609375, 227.65350341796875, 322.5428771972656, 90.71073913574219, 265.0826416015625, 270.73223876953125, 342.0884094238281, 107.83260345458984, 233.7234649658203, 246.47866821289062, 345.97308349609375, 110.50579833984375, 214.499755859375, 218.5172882080078, 351.0096740722656, 110.73057556152344, 249.66598510742188, 218.45973205566406, 356.2801818847656, 111.30709075927734, 290.2992858886719, 254.68157958984375, 349.0548095703125, 113.25243377685547, 286.81951904296875, 271.84002685546875, 338.7328186035156, 115.7922592163086, 291.6627502441406, 325.0515441894531, 338.8038024902344, 122.33116149902344, 310.88519287109375, 384.3794250488281, 154.4308319091797]
2024-04-23 14:24:01,910 - train - INFO - cir_idx:[1, 2, 3, 4, 5, 6, 7, 8, 9, 10, 11, 12, 13, 14, 15, 16, 17, 18, 19, 20, 21, 22, 23, 24, 25, 26, 27, 28, 29, 30, 31, 32, 33, 34, 35, 36, 37]
2024-04-23 14:24:01,910 - train - INFO - len params:37
2024-04-23 14:24:01,910 - train - INFO - params[0].shape:torch.Size([576, 192])
2024-04-23 14:24:01,923 - train - INFO - sensitivity_b2:[9.061449281885648e-17, 1.586093810628707e-16, 1.0524826944349622e-15, 1.4771612972657453e-15, 8.629423435861042e-16, 1.3117718674463571e-15, 9.190879224948555e-16, 5.607204056706186e-16, 1.4045779852243402e-15, 1.3810071758846212e-15, 4.822565144533414e-16, 3.1867968220151825e-16, 1.4072689030186487e-15, 1.138894136977649e-15, 3.696533573436736e-16, 2.2160576244901478e-16, 1.2083596266193293e-15, 9.648864645573035e-16, 3.436356551077941e-16, 2.8812087751673083e-16, 8.414904930430602e-16, 9.14514368096156e-16, 3.406047329945018e-16, 2.8648671273346087e-16, 5.874623475461802e-16, 5.234947370068906e-16, 4.904227590978201e-16, 3.327196768187319e-16, 6.729659825276471e-16, 5.071773884318654e-16, 5.853788053146122e-16, 3.2663999196069575e-16, 3.3363587530008544e-16, 2.214579816694985e-16, 4.3554301798918115e-16, 2.0600955654945816e-16, 9.665492961118821e-16]
2024-04-23 14:24:01,924 - train - INFO - sensitivity_b4:[2.1030037399734223e-16, 5.045577272842446e-16, 2.574480198455956e-15, 3.3039964298829053e-15, 1.748099820279847e-15, 2.632030369749492e-15, 2.0787645422289808e-15, 1.1853044485862513e-15, 2.8534922160068123e-15, 2.810866977002134e-15, 1.0918246219778459e-15, 7.244043875902694e-16, 2.8884117845320812e-15, 2.3465158920208014e-15, 8.490466092677198e-16, 4.91241310562223e-16, 2.4244651577830624e-15, 1.978834347968997e-15, 7.88247590165431e-16, 6.17952674911138e-16, 1.746947537834226e-15, 1.7620034425925527e-15, 7.348128343252487e-16, 6.135680617992353e-16, 1.1684893622755958e-15, 1.0518334436808918e-15, 1.0618252560849403e-15, 7.096144511773805e-16, 1.3681220048118703e-15, 9.882582211544178e-16, 1.250140903171187e-15, 7.158132500436243e-16, 6.805535448504735e-16, 4.3919820338459987e-16, 9.433689689608473e-16, 4.4563403912717685e-16, 2.334112365057683e-15]
2024-04-23 14:24:01,924 - train - INFO - sensitivity_b8:[3.22906588366554e-16, 8.416557703468932e-16, 4.1483739288475634e-15, 5.328964215565871e-15, 2.55172529360268e-15, 3.807057344070233e-15, 3.182536140411375e-15, 1.7728460995921182e-15, 4.142984681720658e-15, 4.086759481714865e-15, 1.7707529753003344e-15, 1.109794214195609e-15, 4.1740767201155216e-15, 3.2848700024174296e-15, 1.3620376612726243e-15, 7.874594789475701e-16, 3.600818373940967e-15, 2.7456337933605282e-15, 1.22601571076749e-15, 9.497128222193084e-16, 2.5306561960726764e-15, 2.500268253815218e-15, 1.1209659434951828e-15, 8.977983846403291e-16, 1.716569124697424e-15, 1.4904479619554946e-15, 1.5825751828262534e-15, 1.0589651434594178e-15, 1.979650040697203e-15, 1.4282429211003229e-15, 1.974943713884021e-15, 1.0684153841728156e-15, 9.893969510728828e-16, 6.352983744236892e-16, 1.4828969808680778e-15, 6.735810343264721e-16, 3.625803728302601e-15]
2024-04-23 14:24:01,924 - train - INFO - sensitivity_b16:[4.221299865716133e-16, 1.2862397533172708e-15, 5.54470689536333e-15, 7.114925138038564e-15, 3.1549779234724563e-15, 4.667028719593843e-15, 4.085975129205707e-15, 2.2141868992865774e-15, 5.036375742178186e-15, 4.951138816695986e-15, 2.327182153241485e-15, 1.4424140999452426e-15, 5.079354193921869e-15, 3.9164897656907526e-15, 1.802607872743319e-15, 1.056831149827929e-15, 4.398209261255535e-15, 3.2995446364703735e-15, 1.58156128438839e-15, 1.1937267089390377e-15, 3.102377389206201e-15, 3.0112093272690894e-15, 1.4084762426058413e-15, 1.1352431073376277e-15, 2.1003435535932313e-15, 1.8194775926790724e-15, 2.04160817144825e-15, 1.3108700949948865e-15, 2.4470807257165154e-15, 1.7164217409646018e-15, 2.6394469902356506e-15, 1.3622068561038383e-15, 1.2046640218704588e-15, 7.653414899310698e-16, 1.8325604400658887e-15, 8.56275453137384e-16, 3.625803728302601e-15]
2024-04-23 14:24:01,990 - train - INFO - result:[16  8  4  2 16  2  4 16  8  2  8 16  8  2 16 16  8  2 16 16 16  4 16 16
 16  8 16 16 16  8  8 16 16 16 16 16  1]
2024-04-23 14:24:01,990 - train - INFO - origin_latency:2009.6719360351562
2024-04-23 14:24:01,991 - train - INFO - current_latency-origin_latency:-37.61279869079592024-04-23 19:34:29,905 - train - INFO - Model vit_9_12_64 created, param count:2766216
2024-04-23 19:34:29,918 - train - INFO - Using native Torch AMP. Training in mixed precision.
2024-04-23 19:34:29,918 - train - INFO - Scheduled epochs: 11
2024-04-23 19:34:30,145 - train - INFO - Verifying teacher model
2024-04-23 19:34:30,658 - train - INFO - Test: [   0/156]  Time: 0.511 (0.511)  Loss:  0.7661 (0.7661)  Acc@1: 87.5000 (87.5000)  Acc@5: 93.7500 (93.7500)
2024-04-23 19:34:31,417 - train - INFO - Test: [  50/156]  Time: 0.015 (0.025)  Loss:  2.8906 (1.4736)  Acc@1: 37.5000 (66.9424)  Acc@5: 60.9375 (86.7953)
2024-04-23 19:34:32,168 - train - INFO - Test: [ 100/156]  Time: 0.015 (0.020)  Loss:  1.7725 (1.6068)  Acc@1: 53.1250 (63.1033)  Acc@5: 84.3750 (84.9319)
2024-04-23 19:34:32,921 - train - INFO - Test: [ 150/156]  Time: 0.015 (0.018)  Loss:  1.1201 (1.6443)  Acc@1: 76.5625 (62.5310)  Acc@5: 92.1875 (84.0853)
2024-04-23 19:34:33,082 - train - INFO - Test: [ 156/156]  Time: 0.086 (0.019)  Loss:  1.8408 (1.6375)  Acc@1: 56.2500 (62.6500)  Acc@5: 75.0000 (84.3200)
2024-04-23 19:34:33,083 - train - INFO - Verifying initial model in training dataset
2024-04-23 19:37:37,785 - train - INFO - len loader.dataset:100000
2024-04-23 19:37:37,868 - train - INFO - target_block_size:4
2024-04-23 19:37:37,868 - train - INFO - use cal_delta_w
2024-04-23 19:37:38,650 - train - INFO - delta_weights_b1:[0, 0, 0, 0, 0, 0, 0, 0, 0, 0, 0, 0, 0, 0, 0, 0, 0, 0, 0, 0, 0, 0, 0, 0, 0, 0, 0, 0, 0, 0, 0, 0, 0, 0, 0, 0, 0]
2024-04-23 19:37:38,650 - train - INFO - delta_weights_b2:[312.31646728515625, 26.960115432739258, 183.659912109375, 157.7788543701172, 224.73348999023438, 64.34809875488281, 182.5376739501953, 185.31301879882812, 238.5625457763672, 76.76860046386719, 158.7523956298828, 166.60720825195312, 240.3005828857422, 80.38675689697266, 142.4595489501953, 148.04437255859375, 242.6802978515625, 79.95706939697266, 171.5862274169922, 149.23858642578125, 245.37928771972656, 79.36175537109375, 203.7599334716797, 178.10462951660156, 241.23272705078125, 81.02068328857422, 205.42486572265625, 190.27371215820312, 234.95074462890625, 83.26957702636719, 199.01046752929688, 228.424072265625, 238.29949951171875, 87.32463073730469, 205.09005737304688, 261.27630615234375, 97.12487030029297]
2024-04-23 19:37:38,650 - train - INFO - delta_weights_b4:[426.6500244140625, 40.03154754638672, 256.2927551269531, 216.28871154785156, 300.0232238769531, 86.2889175415039, 253.75363159179688, 256.97613525390625, 320.5382995605469, 102.87101745605469, 224.4064178466797, 233.0649871826172, 325.001220703125, 105.84467315673828, 206.09629821777344, 215.255859375, 329.8960266113281, 104.73218536376953, 241.3657989501953, 209.4656219482422, 328.83770751953125, 106.50215911865234, 278.44146728515625, 242.56008911132812, 324.8929748535156, 107.88539123535156, 274.8632507324219, 260.7393798828125, 316.4267272949219, 111.33172607421875, 270.3751525878906, 308.50244140625, 322.47674560546875, 117.74779510498047, 285.4940185546875, 355.82208251953125, 139.4368438720703]
2024-04-23 19:37:38,650 - train - INFO - delta_weights_b8:[456.00799560546875, 45.19037628173828, 273.6830139160156, 230.546875, 321.1489562988281, 91.09235382080078, 268.4631042480469, 272.2329406738281, 340.8650817871094, 108.58888244628906, 239.13340759277344, 249.1634521484375, 343.8148193359375, 111.13760375976562, 218.95193481445312, 229.81344604492188, 348.1830749511719, 111.3019790649414, 256.8228759765625, 222.04713439941406, 352.2174072265625, 112.16642761230469, 296.1304931640625, 257.58013916015625, 347.6185302734375, 114.65430450439453, 292.052001953125, 272.8856506347656, 335.6278381347656, 116.61141204833984, 293.7658996582031, 326.72711181640625, 341.30780029296875, 123.48255157470703, 306.691162109375, 381.02252197265625, 154.4308319091797]
2024-04-23 19:37:38,650 - train - INFO - delta_weights_b16:[456.1568298339844, 45.95592498779297, 271.7073974609375, 227.65350341796875, 322.5428771972656, 90.71073913574219, 265.0826416015625, 270.73223876953125, 342.0884094238281, 107.83260345458984, 233.7234649658203, 246.47866821289062, 345.97308349609375, 110.50579833984375, 214.499755859375, 218.5172882080078, 351.0096740722656, 110.73057556152344, 249.66598510742188, 218.45973205566406, 356.2801818847656, 111.30709075927734, 290.2992858886719, 254.68157958984375, 349.0548095703125, 113.25243377685547, 286.81951904296875, 271.84002685546875, 338.7328186035156, 115.7922592163086, 291.6627502441406, 325.0515441894531, 338.8038024902344, 122.33116149902344, 310.88519287109375, 384.3794250488281, 154.4308319091797]
2024-04-23 19:37:38,845 - train - INFO - cir_idx:[1, 2, 3, 4, 5, 6, 7, 8, 9, 10, 11, 12, 13, 14, 15, 16, 17, 18, 19, 20, 21, 22, 23, 24, 25, 26, 27, 28, 29, 30, 31, 32, 33, 34, 35, 36, 37]
2024-04-23 19:37:38,845 - train - INFO - len params:37
2024-04-23 19:37:38,846 - train - INFO - params[0].shape:torch.Size([576, 192])
2024-04-23 19:37:38,861 - train - INFO - sensitivity_b2:[9.061449281885648e-17, 1.586093810628707e-16, 1.0524826944349622e-15, 1.4771612972657453e-15, 8.629423435861042e-16, 1.3117718674463571e-15, 9.190879224948555e-16, 5.607204056706186e-16, 1.4045779852243402e-15, 1.3810071758846212e-15, 4.822565144533414e-16, 3.1867968220151825e-16, 1.4072689030186487e-15, 1.138894136977649e-15, 3.696533573436736e-16, 2.2160576244901478e-16, 1.2083596266193293e-15, 9.648864645573035e-16, 3.436356551077941e-16, 2.8812087751673083e-16, 8.414904930430602e-16, 9.14514368096156e-16, 3.406047329945018e-16, 2.8648671273346087e-16, 5.874623475461802e-16, 5.234947370068906e-16, 4.904227590978201e-16, 3.327196768187319e-16, 6.729659825276471e-16, 5.071773884318654e-16, 5.853788053146122e-16, 3.2663999196069575e-16, 3.3363587530008544e-16, 2.214579816694985e-16, 4.3554301798918115e-16, 2.0600955654945816e-16, 9.665492961118821e-16]
2024-04-23 19:37:38,861 - train - INFO - sensitivity_b4:[2.1030037399734223e-16, 5.045577272842446e-16, 2.574480198455956e-15, 3.3039964298829053e-15, 1.748099820279847e-15, 2.632030369749492e-15, 2.0787645422289808e-15, 1.1853044485862513e-15, 2.8534922160068123e-15, 2.810866977002134e-15, 1.0918246219778459e-15, 7.244043875902694e-16, 2.8884117845320812e-15, 2.3465158920208014e-15, 8.490466092677198e-16, 4.91241310562223e-16, 2.4244651577830624e-15, 1.978834347968997e-15, 7.88247590165431e-16, 6.17952674911138e-16, 1.746947537834226e-15, 1.7620034425925527e-15, 7.348128343252487e-16, 6.135680617992353e-16, 1.1684893622755958e-15, 1.0518334436808918e-15, 1.0618252560849403e-15, 7.096144511773805e-16, 1.3681220048118703e-15, 9.882582211544178e-16, 1.250140903171187e-15, 7.158132500436243e-16, 6.805535448504735e-16, 4.3919820338459987e-16, 9.433689689608473e-16, 4.4563403912717685e-16, 2.334112365057683e-15]
2024-04-23 19:37:38,862 - train - INFO - sensitivity_b8:[3.22906588366554e-16, 8.416557703468932e-16, 4.1483739288475634e-15, 5.328964215565871e-15, 2.55172529360268e-15, 3.807057344070233e-15, 3.182536140411375e-15, 1.7728460995921182e-15, 4.142984681720658e-15, 4.086759481714865e-15, 1.7707529753003344e-15, 1.109794214195609e-15, 4.1740767201155216e-15, 3.2848700024174296e-15, 1.3620376612726243e-15, 7.874594789475701e-16, 3.600818373940967e-15, 2.7456337933605282e-15, 1.22601571076749e-15, 9.497128222193084e-16, 2.5306561960726764e-15, 2.500268253815218e-15, 1.1209659434951828e-15, 8.977983846403291e-16, 1.716569124697424e-15, 1.4904479619554946e-15, 1.5825751828262534e-15, 1.0589651434594178e-15, 1.979650040697203e-15, 1.4282429211003229e-15, 1.974943713884021e-15, 1.0684153841728156e-15, 9.893969510728828e-16, 6.352983744236892e-16, 1.4828969808680778e-15, 6.735810343264721e-16, 3.625803728302601e-15]
2024-04-23 19:37:38,862 - train - INFO - sensitivity_b16:[4.221299865716133e-16, 1.2862397533172708e-15, 5.54470689536333e-15, 7.114925138038564e-15, 3.1549779234724563e-15, 4.667028719593843e-15, 4.085975129205707e-15, 2.2141868992865774e-15, 5.036375742178186e-15, 4.951138816695986e-15, 2.327182153241485e-15, 1.4424140999452426e-15, 5.079354193921869e-15, 3.9164897656907526e-15, 1.802607872743319e-15, 1.056831149827929e-15, 4.398209261255535e-15, 3.2995446364703735e-15, 1.58156128438839e-15, 1.1937267089390377e-15, 3.102377389206201e-15, 3.0112093272690894e-15, 1.4084762426058413e-15, 1.1352431073376277e-15, 2.1003435535932313e-15, 1.8194775926790724e-15, 2.04160817144825e-15, 1.3108700949948865e-15, 2.4470807257165154e-15, 1.7164217409646018e-15, 2.6394469902356506e-15, 1.3622068561038383e-15, 1.2046640218704588e-15, 7.653414899310698e-16, 1.8325604400658887e-15, 8.56275453137384e-16, 3.625803728302601e-15]
2024-04-23 19:37:38,933 - train - INFO - result:[16  4  2  2  4  1  2  4  2  1  4  8  2  1  8 16  4  2  8 16  4  2 16 16
 16  2  4 16  8  4  4 16 16 16  4 16  2]
2024-04-23 19:37:38,934 - train - INFO - origin_latency:3906.8803300857544
2024-04-23 19:37:38,934 - train - INFO - current_latency-origin_latency:-1.4684629440307617
