2024-04-04 09:34:00,264 - train - INFO - Training with a single process on 1 GPUs.
2024-04-04 09:34:09,906 - train - INFO - Model vit_9_12_64 created, param count:2766144
2024-04-04 09:34:09,925 - train - INFO - Using native Torch AMP. Training in mixed precision.
2024-04-04 09:34:09,925 - train - INFO - Scheduled epochs: 310
2024-04-04 09:34:10,445 - train - INFO - Verifying teacher model
2024-04-04 09:34:10,934 - train - INFO - Test: [   0/78]  Time: 0.488 (0.488)  Loss:  0.9009 (0.9009)  Acc@1: 82.0312 (82.0312)  Acc@5: 94.5312 (94.5312)
2024-04-04 09:34:12,692 - train - INFO - Test: [  50/78]  Time: 0.028 (0.044)  Loss:  1.7285 (1.6075)  Acc@1: 58.5938 (63.1127)  Acc@5: 83.5938 (84.9112)
2024-04-04 09:34:13,638 - train - INFO - Test: [  78/78]  Time: 0.061 (0.040)  Loss:  1.8408 (1.6375)  Acc@1: 56.2500 (62.6500)  Acc@5: 75.0000 (84.3200)
2024-04-04 09:34:13,638 - train - INFO - Verifying initial model
2024-04-04 09:34:14,554 - train - INFO - Test: [   0/78]  Time: 0.914 (0.914)  Loss:  5.4961 (5.4961)  Acc@1:  0.0000 ( 0.0000)  Acc@5:  0.0000 ( 0.0000)
2024-04-04 09:34:58,856 - train - INFO - Test: [  50/78]  Time: 0.784 (0.887)  Loss:  5.3594 (5.3100)  Acc@1:  0.0000 ( 0.3064)  Acc@5:  0.0000 ( 2.4816)
2024-04-04 09:35:30,331 - train - INFO - Test: [  78/78]  Time: 1.088 (0.971)  Loss:  5.1484 (5.3181)  Acc@1:  0.0000 ( 0.6900)  Acc@5:  0.0000 ( 2.6600)
2024-04-04 09:35:32,203 - train - INFO - Train: 0 [   0/781 (  0%)]  Loss:  5.331924 (5.3319)  Time: 1.857s,   68.91/s  (1.857s,   68.91/s)  LR: 1.000e-06  Data: 0.370 (0.370)
2024-04-04 09:36:36,981 - train - INFO - Train: 0 [  50/781 (  6%)]  Loss:  5.330881 (5.3226)  Time: 1.262s,  101.46/s  (1.307s,   97.97/s)  LR: 1.000e-06  Data: 0.006 (0.017)
2024-04-04 09:37:41,217 - train - INFO - Train: 0 [ 100/781 ( 13%)]  Loss:  5.305200 (5.3208)  Time: 1.273s,  100.53/s  (1.296s,   98.79/s)  LR: 1.000e-06  Data: 0.008 (0.014)
2024-04-04 09:38:40,258 - train - INFO - Train: 0 [ 150/781 ( 19%)]  Loss:  5.318461 (5.3206)  Time: 1.248s,  102.58/s  (1.258s,  101.78/s)  LR: 1.000e-06  Data: 0.017 (0.013)
2024-04-04 09:39:40,572 - train - INFO - Train: 0 [ 200/781 ( 26%)]  Loss:  5.326410 (5.3205)  Time: 1.218s,  105.08/s  (1.245s,  102.82/s)  LR: 1.000e-06  Data: 0.004 (0.013)
2024-04-04 09:40:41,096 - train - INFO - Train: 0 [ 250/781 ( 32%)]  Loss:  5.313349 (5.3196)  Time: 1.249s,  102.51/s  (1.238s,  103.39/s)  LR: 1.000e-06  Data: 0.017 (0.012)
2024-04-04 09:41:41,734 - train - INFO - Train: 0 [ 300/781 ( 38%)]  Loss:  5.308739 (5.3190)  Time: 1.037s,  123.41/s  (1.234s,  103.74/s)  LR: 1.000e-06  Data: 0.017 (0.012)
2024-04-04 09:42:42,574 - train - INFO - Train: 0 [ 350/781 ( 45%)]  Loss:  5.300797 (5.3186)  Time: 1.275s,  100.40/s  (1.231s,  103.95/s)  LR: 1.000e-06  Data: 0.008 (0.012)
2024-04-04 09:43:42,388 - train - INFO - Train: 0 [ 400/781 ( 51%)]  Loss:  5.317327 (5.3182)  Time: 1.240s,  103.22/s  (1.227s,  104.32/s)  LR: 1.000e-06  Data: 0.014 (0.012)
2024-04-04 09:44:43,255 - train - INFO - Train: 0 [ 450/781 ( 58%)]  Loss:  5.311646 (5.3177)  Time: 1.206s,  106.10/s  (1.226s,  104.41/s)  LR: 1.000e-06  Data: 0.020 (0.012)
2024-04-04 09:45:43,045 - train - INFO - Train: 0 [ 500/781 ( 64%)]  Loss:  5.306228 (5.3171)  Time: 1.271s,  100.71/s  (1.223s,  104.67/s)  LR: 1.000e-06  Data: 0.012 (0.011)
2024-04-04 09:46:43,563 - train - INFO - Train: 0 [ 550/781 ( 71%)]  Loss:  5.320789 (5.3168)  Time: 1.042s,  122.81/s  (1.222s,  104.77/s)  LR: 1.000e-06  Data: 0.008 (0.011)
2024-04-04 09:47:43,806 - train - INFO - Train: 0 [ 600/781 ( 77%)]  Loss:  5.314314 (5.3165)  Time: 1.302s,   98.32/s  (1.220s,  104.89/s)  LR: 1.000e-06  Data: 0.004 (0.011)
2024-04-04 09:48:44,868 - train - INFO - Train: 0 [ 650/781 ( 83%)]  Loss:  5.311312 (5.3159)  Time: 1.302s,   98.30/s  (1.220s,  104.88/s)  LR: 1.000e-06  Data: 0.004 (0.011)
2024-04-04 09:49:45,684 - train - INFO - Train: 0 [ 700/781 ( 90%)]  Loss:  5.310812 (5.3156)  Time: 1.096s,  116.75/s  (1.220s,  104.91/s)  LR: 1.000e-06  Data: 0.005 (0.011)
2024-04-04 09:50:46,191 - train - INFO - Train: 0 [ 750/781 ( 96%)]  Loss:  5.306007 (5.3153)  Time: 0.986s,  129.87/s  (1.219s,  104.96/s)  LR: 1.000e-06  Data: 0.012 (0.011)
2024-04-04 09:51:24,004 - train - INFO - Train: 0 [ 780/781 (100%)]  Loss:  5.305564 (5.3151)  Time: 1.299s,   98.54/s  (1.221s,  104.83/s)  LR: 1.000e-06  Data: 0.000 (0.011)
2024-04-04 09:51:25,269 - train - INFO - Test: [   0/78]  Time: 1.263 (1.263)  Loss:  5.4453 (5.4453)  Acc@1:  0.0000 ( 0.0000)  Acc@5:  0.0000 ( 0.0000)
2024-04-04 09:52:18,684 - train - INFO - Test: [  50/78]  Time: 1.113 (1.072)  Loss:  5.3281 (5.3000)  Acc@1:  0.0000 ( 0.5055)  Acc@5:  0.0000 ( 2.9871)
2024-04-04 09:52:47,576 - train - INFO - Test: [  78/78]  Time: 1.127 (1.058)  Loss:  5.1445 (5.3043)  Acc@1:  0.0000 ( 0.7800)  Acc@5:  0.0000 ( 2.6800)
2024-04-04 09:52:49,102 - train - INFO - Train: 1 [   0/781 (  0%)]  Loss:  5.309363 (5.3094)  Time: 1.423s,   89.97/s  (1.423s,   89.97/s)  LR: 5.090e-05  Data: 0.117 (0.117)
2024-04-04 09:53:50,441 - train - INFO - Train: 1 [  50/781 (  6%)]  Loss:  5.297411 (5.3028)  Time: 1.038s,  123.31/s  (1.231s,  104.01/s)  LR: 5.090e-05  Data: 0.009 (0.012)
2024-04-04 09:54:55,445 - train - INFO - Train: 1 [ 100/781 ( 13%)]  Loss:  5.280119 (5.2962)  Time: 1.265s,  101.23/s  (1.265s,  101.19/s)  LR: 5.090e-05  Data: 0.009 (0.012)
2024-04-04 09:56:00,573 - train - INFO - Train: 1 [ 150/781 ( 19%)]  Loss:  5.259958 (5.2911)  Time: 1.330s,   96.24/s  (1.277s,  100.20/s)  LR: 5.090e-05  Data: 0.022 (0.013)
2024-04-04 09:57:03,056 - train - INFO - Train: 1 [ 200/781 ( 26%)]  Loss:  5.280022 (5.2867)  Time: 1.090s,  117.43/s  (1.271s,  100.75/s)  LR: 5.090e-05  Data: 0.004 (0.013)
2024-04-04 09:58:06,491 - train - INFO - Train: 1 [ 250/781 ( 32%)]  Loss:  5.244843 (5.2822)  Time: 1.304s,   98.16/s  (1.270s,  100.78/s)  LR: 5.090e-05  Data: 0.009 (0.012)
2024-04-04 09:59:07,808 - train - INFO - Train: 1 [ 300/781 ( 38%)]  Loss:  5.269103 (5.2783)  Time: 1.242s,  103.02/s  (1.263s,  101.36/s)  LR: 5.090e-05  Data: 0.018 (0.012)
2024-04-04 10:00:09,326 - train - INFO - Train: 1 [ 350/781 ( 45%)]  Loss:  5.239006 (5.2747)  Time: 0.959s,  133.45/s  (1.258s,  101.73/s)  LR: 5.090e-05  Data: 0.009 (0.011)
2024-04-04 10:01:09,299 - train - INFO - Train: 1 [ 400/781 ( 51%)]  Loss:  5.246843 (5.2707)  Time: 1.066s,  120.07/s  (1.251s,  102.33/s)  LR: 5.090e-05  Data: 0.004 (0.012)
2024-04-04 10:02:10,212 - train - INFO - Train: 1 [ 450/781 ( 58%)]  Loss:  5.207473 (5.2668)  Time: 1.201s,  106.60/s  (1.247s,  102.62/s)  LR: 5.090e-05  Data: 0.015 (0.011)
2024-04-04 10:03:10,903 - train - INFO - Train: 1 [ 500/781 ( 64%)]  Loss:  5.213047 (5.2632)  Time: 1.301s,   98.42/s  (1.244s,  102.90/s)  LR: 5.090e-05  Data: 0.019 (0.012)
2024-04-04 10:04:13,647 - train - INFO - Train: 1 [ 550/781 ( 71%)]  Loss:  5.206423 (5.2596)  Time: 1.273s,  100.54/s  (1.245s,  102.82/s)  LR: 5.090e-05  Data: 0.005 (0.012)
2024-04-04 10:05:15,577 - train - INFO - Train: 1 [ 600/781 ( 77%)]  Loss:  5.183433 (5.2557)  Time: 1.043s,  122.74/s  (1.244s,  102.86/s)  LR: 5.090e-05  Data: 0.008 (0.012)
2024-04-04 10:06:16,444 - train - INFO - Train: 1 [ 650/781 ( 83%)]  Loss:  5.237892 (5.2525)  Time: 1.347s,   95.04/s  (1.242s,  103.03/s)  LR: 5.090e-05  Data: 0.031 (0.011)
2024-04-04 10:07:17,222 - train - INFO - Train: 1 [ 700/781 ( 90%)]  Loss:  5.254764 (5.2496)  Time: 1.295s,   98.81/s  (1.240s,  103.19/s)  LR: 5.090e-05  Data: 0.004 (0.011)
2024-04-04 10:08:18,625 - train - INFO - Train: 1 [ 750/781 ( 96%)]  Loss:  5.233491 (5.2461)  Time: 1.365s,   93.75/s  (1.240s,  103.26/s)  LR: 5.090e-05  Data: 0.013 (0.011)
2024-04-04 10:08:56,031 - train - INFO - Train: 1 [ 780/781 (100%)]  Loss:  5.224281 (5.2436)  Time: 1.159s,  110.47/s  (1.240s,  103.24/s)  LR: 5.090e-05  Data: 0.000 (0.011)
2024-04-04 10:08:57,148 - train - INFO - Test: [   0/78]  Time: 1.114 (1.114)  Loss:  4.8281 (4.8281)  Acc@1:  0.7812 ( 0.7812)  Acc@5:  7.8125 ( 7.8125)
2024-04-04 10:09:50,169 - train - INFO - Test: [  50/78]  Time: 1.083 (1.061)  Loss:  5.1719 (5.0250)  Acc@1:  0.0000 ( 3.9369)  Acc@5:  0.0000 (12.3468)
2024-04-04 10:10:19,514 - train - INFO - Test: [  78/78]  Time: 0.879 (1.057)  Loss:  4.9414 (4.9909)  Acc@1:  0.0000 ( 3.9400)  Acc@5:  0.0000 (13.5500)
2024-04-04 10:10:20,995 - train - INFO - Train: 2 [   0/781 (  0%)]  Loss:  5.178661 (5.1787)  Time: 1.394s,   91.85/s  (1.394s,   91.85/s)  LR: 1.008e-04  Data: 0.115 (0.115)
2024-04-04 10:11:22,323 - train - INFO - Train: 2 [  50/781 (  6%)]  Loss:  5.226259 (5.1843)  Time: 1.268s,  100.93/s  (1.230s,  104.08/s)  LR: 1.008e-04  Data: 0.004 (0.014)
2024-04-04 10:12:23,137 - train - INFO - Train: 2 [ 100/781 ( 13%)]  Loss:  5.183403 (5.1825)  Time: 1.299s,   98.51/s  (1.223s,  104.65/s)  LR: 1.008e-04  Data: 0.004 (0.012)
2024-04-04 10:13:29,386 - train - INFO - Train: 2 [ 150/781 ( 19%)]  Loss:  5.154443 (5.1759)  Time: 1.291s,   99.13/s  (1.257s,  101.84/s)  LR: 1.008e-04  Data: 0.013 (0.012)
2024-04-04 10:14:41,489 - train - INFO - Train: 2 [ 200/781 ( 26%)]  Loss:  5.240060 (5.1696)  Time: 1.372s,   93.30/s  (1.303s,   98.24/s)  LR: 1.008e-04  Data: 0.025 (0.012)
2024-04-04 10:15:46,933 - train - INFO - Train: 2 [ 250/781 ( 32%)]  Loss:  5.151052 (5.1636)  Time: 1.224s,  104.59/s  (1.304s,   98.15/s)  LR: 1.008e-04  Data: 0.006 (0.012)
2024-04-04 10:16:49,171 - train - INFO - Train: 2 [ 300/781 ( 38%)]  Loss:  5.088916 (5.1584)  Time: 1.342s,   95.39/s  (1.294s,   98.90/s)  LR: 1.008e-04  Data: 0.014 (0.012)
2024-04-04 10:17:51,134 - train - INFO - Train: 2 [ 350/781 ( 45%)]  Loss:  5.004017 (5.1524)  Time: 1.299s,   98.53/s  (1.286s,   99.50/s)  LR: 1.008e-04  Data: 0.017 (0.012)
2024-04-04 10:18:56,351 - train - INFO - Train: 2 [ 400/781 ( 51%)]  Loss:  5.121410 (5.1484)  Time: 1.001s,  127.87/s  (1.289s,   99.33/s)  LR: 1.008e-04  Data: 0.011 (0.012)
2024-04-04 10:19:57,759 - train - INFO - Train: 2 [ 450/781 ( 58%)]  Loss:  5.036643 (5.1436)  Time: 0.991s,  129.20/s  (1.282s,   99.85/s)  LR: 1.008e-04  Data: 0.004 (0.011)
2024-04-04 10:20:58,881 - train - INFO - Train: 2 [ 500/781 ( 64%)]  Loss:  5.039926 (5.1388)  Time: 1.081s,  118.38/s  (1.276s,  100.32/s)  LR: 1.008e-04  Data: 0.011 (0.011)
2024-04-04 10:22:01,058 - train - INFO - Train: 2 [ 550/781 ( 71%)]  Loss:  5.109375 (5.1359)  Time: 1.333s,   96.03/s  (1.273s,  100.55/s)  LR: 1.008e-04  Data: 0.016 (0.011)
2024-04-04 10:23:03,354 - train - INFO - Train: 2 [ 600/781 ( 77%)]  Loss:  5.104897 (5.1311)  Time: 1.346s,   95.11/s  (1.271s,  100.73/s)  LR: 1.008e-04  Data: 0.004 (0.011)
2024-04-04 10:24:05,059 - train - INFO - Train: 2 [ 650/781 ( 83%)]  Loss:  5.055380 (5.1265)  Time: 1.296s,   98.76/s  (1.268s,  100.95/s)  LR: 1.008e-04  Data: 0.014 (0.011)
2024-04-04 10:25:08,284 - train - INFO - Train: 2 [ 700/781 ( 90%)]  Loss:  4.970829 (5.1214)  Time: 1.326s,   96.52/s  (1.268s,  100.97/s)  LR: 1.008e-04  Data: 0.004 (0.011)
2024-04-04 10:26:13,588 - train - INFO - Train: 2 [ 750/781 ( 96%)]  Loss:  5.125813 (5.1177)  Time: 1.398s,   91.57/s  (1.270s,  100.77/s)  LR: 1.008e-04  Data: 0.034 (0.011)
2024-04-04 10:26:52,904 - train - INFO - Train: 2 [ 780/781 (100%)]  Loss:  4.933285 (5.1153)  Time: 1.083s,  118.19/s  (1.272s,  100.65/s)  LR: 1.008e-04  Data: 0.000 (0.011)
2024-04-04 10:26:54,095 - train - INFO - Test: [   0/78]  Time: 1.189 (1.189)  Loss:  3.6445 (3.6445)  Acc@1: 41.4062 (41.4062)  Acc@5: 78.1250 (78.1250)
2024-04-04 10:27:47,346 - train - INFO - Test: [  50/78]  Time: 1.160 (1.067)  Loss:  4.7305 (4.6412)  Acc@1: 12.5000 ( 7.8125)  Acc@5: 32.0312 (23.0392)
2024-04-04 10:28:17,092 - train - INFO - Test: [  78/78]  Time: 0.910 (1.066)  Loss:  4.9258 (4.6314)  Acc@1:  0.0000 ( 8.5000)  Acc@5:  0.0000 (23.8000)
2024-04-04 10:28:18,487 - train - INFO - Train: 3 [   0/781 (  0%)]  Loss:  5.109178 (5.1092)  Time: 1.292s,   99.07/s  (1.292s,   99.07/s)  LR: 1.507e-04  Data: 0.132 (0.132)
2024-04-04 10:29:20,448 - train - INFO - Train: 3 [  50/781 (  6%)]  Loss:  4.984826 (5.0566)  Time: 1.332s,   96.07/s  (1.240s,  103.21/s)  LR: 1.507e-04  Data: 0.009 (0.013)
2024-04-04 10:30:22,162 - train - INFO - Train: 3 [ 100/781 ( 13%)]  Loss:  4.929016 (5.0599)  Time: 1.368s,   93.54/s  (1.237s,  103.45/s)  LR: 1.507e-04  Data: 0.004 (0.012)
2024-04-04 10:31:25,227 - train - INFO - Train: 3 [ 150/781 ( 19%)]  Loss:  5.029941 (5.0464)  Time: 1.255s,  102.03/s  (1.245s,  102.79/s)  LR: 1.507e-04  Data: 0.004 (0.011)
2024-04-04 10:32:25,836 - train - INFO - Train: 3 [ 200/781 ( 26%)]  Loss:  4.911975 (5.0372)  Time: 1.386s,   92.37/s  (1.237s,  103.48/s)  LR: 1.507e-04  Data: 0.029 (0.011)
2024-04-04 10:33:30,481 - train - INFO - Train: 3 [ 250/781 ( 32%)]  Loss:  5.056426 (5.0348)  Time: 1.339s,   95.62/s  (1.248s,  102.56/s)  LR: 1.507e-04  Data: 0.004 (0.011)
2024-04-04 10:34:35,061 - train - INFO - Train: 3 [ 300/781 ( 38%)]  Loss:  4.903377 (5.0316)  Time: 1.307s,   97.90/s  (1.255s,  101.97/s)  LR: 1.507e-04  Data: 0.004 (0.012)
2024-04-04 10:35:37,278 - train - INFO - Train: 3 [ 350/781 ( 45%)]  Loss:  5.024368 (5.0288)  Time: 1.005s,  127.37/s  (1.254s,  102.09/s)  LR: 1.507e-04  Data: 0.011 (0.012)
2024-04-04 10:36:37,833 - train - INFO - Train: 3 [ 400/781 ( 51%)]  Loss:  5.022832 (5.0234)  Time: 1.082s,  118.31/s  (1.248s,  102.53/s)  LR: 1.507e-04  Data: 0.020 (0.011)
2024-04-04 10:37:38,629 - train - INFO - Train: 3 [ 450/781 ( 58%)]  Loss:  4.923358 (5.0212)  Time: 1.295s,   98.86/s  (1.245s,  102.83/s)  LR: 1.507e-04  Data: 0.004 (0.011)
2024-04-04 10:38:39,415 - train - INFO - Train: 3 [ 500/781 ( 64%)]  Loss:  4.977764 (5.0164)  Time: 1.327s,   96.48/s  (1.242s,  103.07/s)  LR: 1.507e-04  Data: 0.004 (0.011)
2024-04-04 10:39:39,053 - train - INFO - Train: 3 [ 550/781 ( 71%)]  Loss:  4.868187 (5.0137)  Time: 1.250s,  102.42/s  (1.237s,  103.44/s)  LR: 1.507e-04  Data: 0.007 (0.011)
2024-04-04 10:40:39,751 - train - INFO - Train: 3 [ 600/781 ( 77%)]  Loss:  5.026959 (5.0107)  Time: 1.209s,  105.91/s  (1.235s,  103.60/s)  LR: 1.507e-04  Data: 0.013 (0.011)
2024-04-04 10:41:40,094 - train - INFO - Train: 3 [ 650/781 ( 83%)]  Loss:  4.940978 (5.0076)  Time: 1.335s,   95.86/s  (1.233s,  103.79/s)  LR: 1.507e-04  Data: 0.004 (0.011)
2024-04-04 10:42:40,942 - train - INFO - Train: 3 [ 700/781 ( 90%)]  Loss:  5.094084 (5.0072)  Time: 1.295s,   98.87/s  (1.232s,  103.89/s)  LR: 1.507e-04  Data: 0.021 (0.011)
2024-04-04 10:43:43,476 - train - INFO - Train: 3 [ 750/781 ( 96%)]  Loss:  5.083304 (5.0043)  Time: 1.320s,   96.95/s  (1.233s,  103.78/s)  LR: 1.507e-04  Data: 0.009 (0.011)
2024-04-04 10:44:20,642 - train - INFO - Train: 3 [ 780/781 (100%)]  Loss:  4.998704 (5.0032)  Time: 1.123s,  113.99/s  (1.234s,  103.76/s)  LR: 1.507e-04  Data: 0.000 (0.011)
2024-04-04 10:44:21,844 - train - INFO - Test: [   0/78]  Time: 1.199 (1.199)  Loss:  3.5684 (3.5684)  Acc@1: 33.5938 (33.5938)  Acc@5: 75.7812 (75.7812)
2024-04-04 10:45:13,677 - train - INFO - Test: [  50/78]  Time: 1.058 (1.040)  Loss:  3.9980 (4.4155)  Acc@1: 32.8125 (11.5962)  Acc@5: 55.4688 (29.6262)
2024-04-04 10:45:42,753 - train - INFO - Test: [  78/78]  Time: 0.970 (1.039)  Loss:  4.4727 (4.3753)  Acc@1:  0.0000 (12.2400)  Acc@5: 18.7500 (31.3700)
2024-04-04 10:45:44,365 - train - INFO - Train: 4 [   0/781 (  0%)]  Loss:  4.995544 (4.9955)  Time: 1.455s,   87.99/s  (1.455s,   87.99/s)  LR: 2.006e-04  Data: 0.194 (0.194)
2024-04-04 10:46:45,234 - train - INFO - Train: 4 [  50/781 (  6%)]  Loss:  5.120797 (4.9692)  Time: 1.307s,   97.91/s  (1.222s,  104.75/s)  LR: 2.006e-04  Data: 0.012 (0.014)
2024-04-04 10:47:45,217 - train - INFO - Train: 4 [ 100/781 ( 13%)]  Loss:  4.852455 (4.9737)  Time: 1.103s,  116.06/s  (1.211s,  105.70/s)  LR: 2.006e-04  Data: 0.008 (0.012)
2024-04-04 10:48:45,736 - train - INFO - Train: 4 [ 150/781 ( 19%)]  Loss:  4.909104 (4.9729)  Time: 1.208s,  105.99/s  (1.211s,  105.72/s)  LR: 2.006e-04  Data: 0.008 (0.012)
2024-04-04 10:49:46,048 - train - INFO - Train: 4 [ 200/781 ( 26%)]  Loss:  4.916730 (4.9698)  Time: 1.299s,   98.54/s  (1.210s,  105.82/s)  LR: 2.006e-04  Data: 0.004 (0.011)
2024-04-04 10:50:46,106 - train - INFO - Train: 4 [ 250/781 ( 32%)]  Loss:  4.854249 (4.9756)  Time: 1.343s,   95.33/s  (1.208s,  105.97/s)  LR: 2.006e-04  Data: 0.039 (0.011)
2024-04-04 10:51:49,218 - train - INFO - Train: 4 [ 300/781 ( 38%)]  Loss:  5.111443 (4.9742)  Time: 1.255s,  101.97/s  (1.217s,  105.18/s)  LR: 2.006e-04  Data: 0.014 (0.011)
2024-04-04 10:52:54,997 - train - INFO - Train: 4 [ 350/781 ( 45%)]  Loss:  5.100451 (4.9737)  Time: 1.313s,   97.47/s  (1.231s,  103.98/s)  LR: 2.006e-04  Data: 0.017 (0.011)
2024-04-04 10:54:00,810 - train - INFO - Train: 4 [ 400/781 ( 51%)]  Loss:  4.750033 (4.9692)  Time: 1.286s,   99.50/s  (1.242s,  103.09/s)  LR: 2.006e-04  Data: 0.004 (0.012)
2024-04-04 10:55:01,587 - train - INFO - Train: 4 [ 450/781 ( 58%)]  Loss:  4.756293 (4.9661)  Time: 1.010s,  126.73/s  (1.239s,  103.33/s)  LR: 2.006e-04  Data: 0.004 (0.012)
2024-04-04 10:56:01,561 - train - INFO - Train: 4 [ 500/781 ( 64%)]  Loss:  5.024728 (4.9668)  Time: 1.157s,  110.64/s  (1.235s,  103.66/s)  LR: 2.006e-04  Data: 0.021 (0.012)
2024-04-04 10:57:02,181 - train - INFO - Train: 4 [ 550/781 ( 71%)]  Loss:  4.983909 (4.9624)  Time: 1.277s,  100.22/s  (1.233s,  103.83/s)  LR: 2.006e-04  Data: 0.004 (0.011)
2024-04-04 10:58:06,102 - train - INFO - Train: 4 [ 600/781 ( 77%)]  Loss:  4.795531 (4.9590)  Time: 1.341s,   95.47/s  (1.237s,  103.51/s)  LR: 2.006e-04  Data: 0.012 (0.011)
2024-04-04 10:59:06,205 - train - INFO - Train: 4 [ 650/781 ( 83%)]  Loss:  4.951474 (4.9555)  Time: 1.259s,  101.63/s  (1.234s,  103.74/s)  LR: 2.006e-04  Data: 0.004 (0.011)
2024-04-04 11:00:05,922 - train - INFO - Train: 4 [ 700/781 ( 90%)]  Loss:  4.967404 (4.9545)  Time: 1.344s,   95.25/s  (1.231s,  103.97/s)  LR: 2.006e-04  Data: 0.010 (0.011)
2024-04-04 11:01:10,898 - train - INFO - Train: 4 [ 750/781 ( 96%)]  Loss:  4.825808 (4.9533)  Time: 1.537s,   83.26/s  (1.236s,  103.59/s)  LR: 2.006e-04  Data: 0.005 (0.011)
2024-04-04 11:01:48,511 - train - INFO - Train: 4 [ 780/781 (100%)]  Loss:  4.840826 (4.9519)  Time: 1.161s,  110.27/s  (1.236s,  103.53/s)  LR: 2.006e-04  Data: 0.000 (0.011)
2024-04-04 11:01:49,544 - train - INFO - Test: [   0/78]  Time: 1.031 (1.031)  Loss:  3.2246 (3.2246)  Acc@1: 44.5312 (44.5312)  Acc@5: 77.3438 (77.3438)
2024-04-04 11:02:43,217 - train - INFO - Test: [  50/78]  Time: 1.163 (1.073)  Loss:  3.8340 (4.2182)  Acc@1: 27.3438 (13.3272)  Acc@5: 54.6875 (34.1605)
2024-04-04 11:03:12,970 - train - INFO - Test: [  78/78]  Time: 0.832 (1.069)  Loss:  4.6445 (4.1943)  Acc@1:  0.0000 (13.7000)  Acc@5:  0.0000 (34.8900)
2024-04-04 11:03:14,514 - train - INFO - Train: 5 [   0/781 (  0%)]  Loss:  4.787216 (4.7872)  Time: 1.442s,   88.78/s  (1.442s,   88.78/s)  LR: 2.505e-04  Data: 0.168 (0.168)
2024-04-04 11:04:17,446 - train - INFO - Train: 5 [  50/781 (  6%)]  Loss:  5.005337 (4.9479)  Time: 0.977s,  131.05/s  (1.262s,  101.41/s)  LR: 2.505e-04  Data: 0.016 (0.014)
2024-04-04 11:05:18,829 - train - INFO - Train: 5 [ 100/781 ( 13%)]  Loss:  4.909322 (4.9389)  Time: 1.020s,  125.47/s  (1.245s,  102.80/s)  LR: 2.505e-04  Data: 0.016 (0.013)
2024-04-04 11:06:20,808 - train - INFO - Train: 5 [ 150/781 ( 19%)]  Loss:  4.857969 (4.9248)  Time: 1.307s,   97.90/s  (1.243s,  102.96/s)  LR: 2.505e-04  Data: 0.023 (0.012)
2024-04-04 11:07:22,660 - train - INFO - Train: 5 [ 200/781 ( 26%)]  Loss:  4.825976 (4.9270)  Time: 1.288s,   99.39/s  (1.242s,  103.09/s)  LR: 2.505e-04  Data: 0.013 (0.012)
2024-04-04 11:08:24,680 - train - INFO - Train: 5 [ 250/781 ( 32%)]  Loss:  5.012912 (4.9253)  Time: 1.256s,  101.95/s  (1.241s,  103.11/s)  LR: 2.505e-04  Data: 0.004 (0.012)
2024-04-04 11:09:26,258 - train - INFO - Train: 5 [ 300/781 ( 38%)]  Loss:  4.899605 (4.9182)  Time: 0.980s,  130.63/s  (1.240s,  103.24/s)  LR: 2.505e-04  Data: 0.004 (0.012)
2024-04-04 11:10:27,795 - train - INFO - Train: 5 [ 350/781 ( 45%)]  Loss:  4.924392 (4.9143)  Time: 1.260s,  101.60/s  (1.238s,  103.35/s)  LR: 2.505e-04  Data: 0.004 (0.012)
2024-04-04 11:11:33,074 - train - INFO - Train: 5 [ 400/781 ( 51%)]  Loss:  4.996851 (4.9137)  Time: 1.387s,   92.31/s  (1.247s,  102.66/s)  LR: 2.505e-04  Data: 0.004 (0.012)
2024-04-04 11:12:38,564 - train - INFO - Train: 5 [ 450/781 ( 58%)]  Loss:  4.895345 (4.9135)  Time: 1.328s,   96.41/s  (1.254s,  102.09/s)  LR: 2.505e-04  Data: 0.019 (0.011)
2024-04-04 11:13:41,157 - train - INFO - Train: 5 [ 500/781 ( 64%)]  Loss:  4.810495 (4.9081)  Time: 1.271s,  100.74/s  (1.254s,  102.10/s)  LR: 2.505e-04  Data: 0.005 (0.012)
2024-04-04 11:14:42,609 - train - INFO - Train: 5 [ 550/781 ( 71%)]  Loss:  4.743155 (4.9064)  Time: 1.006s,  127.22/s  (1.251s,  102.29/s)  LR: 2.505e-04  Data: 0.010 (0.011)
2024-04-04 11:15:44,282 - train - INFO - Train: 5 [ 600/781 ( 77%)]  Loss:  4.971679 (4.9052)  Time: 1.149s,  111.39/s  (1.250s,  102.41/s)  LR: 2.505e-04  Data: 0.004 (0.011)
2024-04-04 11:16:46,258 - train - INFO - Train: 5 [ 650/781 ( 83%)]  Loss:  4.628282 (4.9033)  Time: 1.311s,   97.64/s  (1.249s,  102.47/s)  LR: 2.505e-04  Data: 0.016 (0.011)
2024-04-04 11:17:48,767 - train - INFO - Train: 5 [ 700/781 ( 90%)]  Loss:  4.863855 (4.9021)  Time: 1.353s,   94.60/s  (1.249s,  102.47/s)  LR: 2.505e-04  Data: 0.015 (0.011)
2024-04-04 11:18:52,659 - train - INFO - Train: 5 [ 750/781 ( 96%)]  Loss:  4.922046 (4.9006)  Time: 1.402s,   91.31/s  (1.251s,  102.31/s)  LR: 2.505e-04  Data: 0.004 (0.011)
2024-04-04 11:19:30,448 - train - INFO - Train: 5 [ 780/781 (100%)]  Loss:  5.039759 (4.9014)  Time: 1.291s,   99.18/s  (1.251s,  102.29/s)  LR: 2.505e-04  Data: 0.000 (0.011)
2024-04-04 11:19:31,696 - train - INFO - Test: [   0/78]  Time: 1.246 (1.246)  Loss:  3.0742 (3.0742)  Acc@1: 43.7500 (43.7500)  Acc@5: 75.0000 (75.0000)
2024-04-04 11:20:26,610 - train - INFO - Test: [  50/78]  Time: 1.169 (1.101)  Loss:  3.8945 (4.1499)  Acc@1: 21.8750 (14.6752)  Acc@5: 48.4375 (34.9571)
2024-04-04 11:20:57,350 - train - INFO - Test: [  78/78]  Time: 1.125 (1.100)  Loss:  3.9023 (4.0939)  Acc@1: 18.7500 (15.6500)  Acc@5: 50.0000 (37.2600)
2024-04-04 11:20:59,025 - train - INFO - Train: 6 [   0/781 (  0%)]  Loss:  4.869431 (4.8694)  Time: 1.467s,   87.26/s  (1.467s,   87.26/s)  LR: 3.004e-04  Data: 0.140 (0.140)
2024-04-04 11:22:02,515 - train - INFO - Train: 6 [  50/781 (  6%)]  Loss:  4.997772 (4.8595)  Time: 1.074s,  119.14/s  (1.274s,  100.50/s)  LR: 3.004e-04  Data: 0.004 (0.015)
2024-04-04 11:23:04,367 - train - INFO - Train: 6 [ 100/781 ( 13%)]  Loss:  4.983434 (4.8639)  Time: 1.349s,   94.90/s  (1.255s,  101.95/s)  LR: 3.004e-04  Data: 0.005 (0.013)
2024-04-04 11:24:06,446 - train - INFO - Train: 6 [ 150/781 ( 19%)]  Loss:  4.999732 (4.8868)  Time: 1.309s,   97.82/s  (1.251s,  102.33/s)  LR: 3.004e-04  Data: 0.005 (0.012)
2024-04-04 11:25:07,647 - train - INFO - Train: 6 [ 200/781 ( 26%)]  Loss:  4.732490 (4.8910)  Time: 1.342s,   95.36/s  (1.244s,  102.88/s)  LR: 3.004e-04  Data: 0.004 (0.012)
2024-04-04 11:26:09,354 - train - INFO - Train: 6 [ 250/781 ( 32%)]  Loss:  4.731905 (4.8860)  Time: 1.143s,  111.96/s  (1.242s,  103.05/s)  LR: 3.004e-04  Data: 0.034 (0.012)
2024-04-04 11:27:11,375 - train - INFO - Train: 6 [ 300/781 ( 38%)]  Loss:  4.959089 (4.8833)  Time: 1.286s,   99.55/s  (1.242s,  103.07/s)  LR: 3.004e-04  Data: 0.009 (0.011)
2024-04-04 11:28:13,220 - train - INFO - Train: 6 [ 350/781 ( 45%)]  Loss:  4.643355 (4.8817)  Time: 1.332s,   96.12/s  (1.241s,  103.13/s)  LR: 3.004e-04  Data: 0.004 (0.011)
2024-04-04 11:29:15,005 - train - INFO - Train: 6 [ 400/781 ( 51%)]  Loss:  4.829570 (4.8828)  Time: 1.190s,  107.53/s  (1.240s,  103.19/s)  LR: 3.004e-04  Data: 0.020 (0.011)
2024-04-04 11:30:19,188 - train - INFO - Train: 6 [ 450/781 ( 58%)]  Loss:  4.892353 (4.8846)  Time: 1.267s,  101.02/s  (1.245s,  102.79/s)  LR: 3.004e-04  Data: 0.018 (0.011)
2024-04-04 11:31:24,511 - train - INFO - Train: 6 [ 500/781 ( 64%)]  Loss:  4.997087 (4.8813)  Time: 1.429s,   89.59/s  (1.251s,  102.29/s)  LR: 3.004e-04  Data: 0.004 (0.011)
2024-04-04 11:32:33,186 - train - INFO - Train: 6 [ 550/781 ( 71%)]  Loss:  4.489415 (4.8785)  Time: 1.229s,  104.12/s  (1.262s,  101.39/s)  LR: 3.004e-04  Data: 0.007 (0.011)
2024-04-04 11:33:34,357 - train - INFO - Train: 6 [ 600/781 ( 77%)]  Loss:  4.837849 (4.8797)  Time: 1.319s,   97.04/s  (1.259s,  101.65/s)  LR: 3.004e-04  Data: 0.011 (0.011)
2024-04-04 11:34:36,659 - train - INFO - Train: 6 [ 650/781 ( 83%)]  Loss:  4.710756 (4.8774)  Time: 1.339s,   95.59/s  (1.258s,  101.73/s)  LR: 3.004e-04  Data: 0.015 (0.011)
2024-04-04 11:35:39,964 - train - INFO - Train: 6 [ 700/781 ( 90%)]  Loss:  4.964942 (4.8725)  Time: 1.367s,   93.60/s  (1.259s,  101.69/s)  LR: 3.004e-04  Data: 0.023 (0.011)
2024-04-04 11:36:43,865 - train - INFO - Train: 6 [ 750/781 ( 96%)]  Loss:  4.586766 (4.8713)  Time: 0.960s,  133.30/s  (1.260s,  101.58/s)  LR: 3.004e-04  Data: 0.017 (0.011)
2024-04-04 11:37:21,141 - train - INFO - Train: 6 [ 780/781 (100%)]  Loss:  4.904476 (4.8708)  Time: 1.361s,   94.05/s  (1.259s,  101.64/s)  LR: 3.004e-04  Data: 0.000 (0.011)
2024-04-04 11:37:22,279 - train - INFO - Test: [   0/78]  Time: 1.135 (1.135)  Loss:  2.9590 (2.9590)  Acc@1: 49.2188 (49.2188)  Acc@5: 71.8750 (71.8750)
2024-04-04 11:38:15,234 - train - INFO - Test: [  50/78]  Time: 1.071 (1.061)  Loss:  3.8066 (4.0245)  Acc@1: 19.5312 (16.6054)  Acc@5: 50.7812 (38.2812)
2024-04-04 11:38:45,057 - train - INFO - Test: [  78/78]  Time: 1.195 (1.062)  Loss:  4.0195 (3.9708)  Acc@1: 12.5000 (17.2400)  Acc@5: 43.7500 (39.9400)
2024-04-04 11:38:46,655 - train - INFO - Train: 7 [   0/781 (  0%)]  Loss:  4.997415 (4.9974)  Time: 1.495s,   85.61/s  (1.495s,   85.61/s)  LR: 3.503e-04  Data: 0.159 (0.159)
2024-04-04 11:39:48,947 - train - INFO - Train: 7 [  50/781 (  6%)]  Loss:  4.996157 (4.8626)  Time: 0.988s,  129.61/s  (1.251s,  102.35/s)  LR: 3.503e-04  Data: 0.010 (0.013)
2024-04-04 11:40:50,759 - train - INFO - Train: 7 [ 100/781 ( 13%)]  Loss:  5.032484 (4.8484)  Time: 1.277s,  100.20/s  (1.243s,  102.94/s)  LR: 3.503e-04  Data: 0.004 (0.012)
2024-04-04 11:41:52,596 - train - INFO - Train: 7 [ 150/781 ( 19%)]  Loss:  5.068201 (4.8600)  Time: 1.355s,   94.49/s  (1.241s,  103.12/s)  LR: 3.503e-04  Data: 0.009 (0.012)
2024-04-04 11:42:54,112 - train - INFO - Train: 7 [ 200/781 ( 26%)]  Loss:  4.997848 (4.8494)  Time: 1.277s,  100.20/s  (1.239s,  103.35/s)  LR: 3.503e-04  Data: 0.016 (0.011)
2024-04-04 11:43:56,043 - train - INFO - Train: 7 [ 250/781 ( 32%)]  Loss:  4.870992 (4.8512)  Time: 0.963s,  132.94/s  (1.239s,  103.35/s)  LR: 3.503e-04  Data: 0.004 (0.011)
2024-04-04 11:44:58,716 - train - INFO - Train: 7 [ 300/781 ( 38%)]  Loss:  4.818295 (4.8459)  Time: 1.290s,   99.26/s  (1.241s,  103.14/s)  LR: 3.503e-04  Data: 0.016 (0.011)
2024-04-04 11:46:00,795 - train - INFO - Train: 7 [ 350/781 ( 45%)]  Loss:  5.010566 (4.8450)  Time: 1.365s,   93.78/s  (1.241s,  103.14/s)  LR: 3.503e-04  Data: 0.016 (0.011)
2024-04-04 11:47:02,381 - train - INFO - Train: 7 [ 400/781 ( 51%)]  Loss:  4.657760 (4.8451)  Time: 1.131s,  113.14/s  (1.240s,  103.23/s)  LR: 3.503e-04  Data: 0.023 (0.011)
2024-04-04 11:48:05,807 - train - INFO - Train: 7 [ 450/781 ( 58%)]  Loss:  4.685734 (4.8477)  Time: 1.308s,   97.86/s  (1.243s,  102.97/s)  LR: 3.503e-04  Data: 0.017 (0.011)
2024-04-04 11:49:09,599 - train - INFO - Train: 7 [ 500/781 ( 64%)]  Loss:  4.960954 (4.8428)  Time: 1.429s,   89.57/s  (1.246s,  102.70/s)  LR: 3.503e-04  Data: 0.017 (0.011)
2024-04-04 11:50:16,920 - train - INFO - Train: 7 [ 550/781 ( 71%)]  Loss:  4.916953 (4.8428)  Time: 1.342s,   95.38/s  (1.255s,  101.96/s)  LR: 3.503e-04  Data: 0.004 (0.011)
2024-04-04 11:51:23,302 - train - INFO - Train: 7 [ 600/781 ( 77%)]  Loss:  5.078312 (4.8396)  Time: 1.306s,   98.01/s  (1.261s,  101.47/s)  LR: 3.503e-04  Data: 0.005 (0.011)
2024-04-04 11:52:26,414 - train - INFO - Train: 7 [ 650/781 ( 83%)]  Loss:  4.916725 (4.8408)  Time: 1.308s,   97.82/s  (1.261s,  101.47/s)  LR: 3.503e-04  Data: 0.017 (0.011)
2024-04-04 11:53:30,624 - train - INFO - Train: 7 [ 700/781 ( 90%)]  Loss:  4.752108 (4.8390)  Time: 1.339s,   95.61/s  (1.263s,  101.34/s)  LR: 3.503e-04  Data: 0.005 (0.011)
2024-04-04 11:54:33,406 - train - INFO - Train: 7 [ 750/781 ( 96%)]  Loss:  4.986503 (4.8424)  Time: 0.964s,  132.83/s  (1.263s,  101.38/s)  LR: 3.503e-04  Data: 0.011 (0.011)
2024-04-04 11:55:10,146 - train - INFO - Train: 7 [ 780/781 (100%)]  Loss:  4.451357 (4.8417)  Time: 1.266s,  101.13/s  (1.261s,  101.50/s)  LR: 3.503e-04  Data: 0.000 (0.011)
2024-04-04 11:55:11,357 - train - INFO - Test: [   0/78]  Time: 1.209 (1.209)  Loss:  2.9023 (2.9023)  Acc@1: 47.6562 (47.6562)  Acc@5: 73.4375 (73.4375)
2024-04-04 11:56:04,914 - train - INFO - Test: [  50/78]  Time: 1.135 (1.074)  Loss:  3.6113 (3.9569)  Acc@1: 25.0000 (17.3254)  Acc@5: 56.2500 (39.8131)
2024-04-04 11:56:34,271 - train - INFO - Test: [  78/78]  Time: 1.159 (1.065)  Loss:  3.9824 (3.8971)  Acc@1: 12.5000 (18.4400)  Acc@5: 37.5000 (41.9400)
2024-04-04 11:56:35,874 - train - INFO - Train: 8 [   0/781 (  0%)]  Loss:  4.681621 (4.6816)  Time: 1.491s,   85.83/s  (1.491s,   85.83/s)  LR: 4.002e-04  Data: 0.154 (0.154)
2024-04-04 11:57:37,597 - train - INFO - Train: 8 [  50/781 (  6%)]  Loss:  5.033594 (4.7900)  Time: 1.350s,   94.82/s  (1.239s,  103.27/s)  LR: 4.002e-04  Data: 0.005 (0.014)
2024-04-04 11:58:39,371 - train - INFO - Train: 8 [ 100/781 ( 13%)]  Loss:  4.897176 (4.8030)  Time: 1.167s,  109.70/s  (1.237s,  103.44/s)  LR: 4.002e-04  Data: 0.011 (0.013)
2024-04-04 11:59:41,476 - train - INFO - Train: 8 [ 150/781 ( 19%)]  Loss:  5.051508 (4.8043)  Time: 1.281s,   99.89/s  (1.239s,  103.31/s)  LR: 4.002e-04  Data: 0.004 (0.012)
2024-04-04 12:00:43,178 - train - INFO - Train: 8 [ 200/781 ( 26%)]  Loss:  4.501261 (4.8061)  Time: 1.216s,  105.23/s  (1.238s,  103.41/s)  LR: 4.002e-04  Data: 0.019 (0.012)
2024-04-04 12:01:45,406 - train - INFO - Train: 8 [ 250/781 ( 32%)]  Loss:  5.006332 (4.8032)  Time: 1.269s,  100.84/s  (1.239s,  103.30/s)  LR: 4.002e-04  Data: 0.017 (0.011)
2024-04-04 12:02:47,349 - train - INFO - Train: 8 [ 300/781 ( 38%)]  Loss:  4.734895 (4.8034)  Time: 1.284s,   99.67/s  (1.239s,  103.30/s)  LR: 4.002e-04  Data: 0.016 (0.011)
2024-04-04 12:03:49,450 - train - INFO - Train: 8 [ 350/781 ( 45%)]  Loss:  4.639089 (4.8046)  Time: 1.220s,  104.92/s  (1.239s,  103.27/s)  LR: 4.002e-04  Data: 0.011 (0.011)
2024-04-04 12:04:49,698 - train - INFO - Train: 8 [ 400/781 ( 51%)]  Loss:  4.563246 (4.7963)  Time: 1.318s,   97.10/s  (1.235s,  103.63/s)  LR: 4.002e-04  Data: 0.025 (0.011)
2024-04-04 12:05:53,210 - train - INFO - Train: 8 [ 450/781 ( 58%)]  Loss:  4.878709 (4.7979)  Time: 1.038s,  123.30/s  (1.239s,  103.30/s)  LR: 4.002e-04  Data: 0.017 (0.011)
2024-04-04 12:06:53,814 - train - INFO - Train: 8 [ 500/781 ( 64%)]  Loss:  5.060802 (4.7999)  Time: 1.081s,  118.45/s  (1.236s,  103.53/s)  LR: 4.002e-04  Data: 0.004 (0.011)
2024-04-04 12:07:54,216 - train - INFO - Train: 8 [ 550/781 ( 71%)]  Loss:  4.957617 (4.7995)  Time: 1.260s,  101.59/s  (1.234s,  103.75/s)  LR: 4.002e-04  Data: 0.004 (0.011)
2024-04-04 12:08:57,677 - train - INFO - Train: 8 [ 600/781 ( 77%)]  Loss:  4.881965 (4.8029)  Time: 1.336s,   95.84/s  (1.237s,  103.50/s)  LR: 4.002e-04  Data: 0.021 (0.011)
2024-04-04 12:10:03,152 - train - INFO - Train: 8 [ 650/781 ( 83%)]  Loss:  4.552623 (4.8024)  Time: 1.233s,  103.83/s  (1.242s,  103.03/s)  LR: 4.002e-04  Data: 0.004 (0.011)
2024-04-04 12:11:09,086 - train - INFO - Train: 8 [ 700/781 ( 90%)]  Loss:  4.912513 (4.8038)  Time: 1.319s,   97.02/s  (1.248s,  102.58/s)  LR: 4.002e-04  Data: 0.008 (0.011)
2024-04-04 12:12:10,117 - train - INFO - Train: 8 [ 750/781 ( 96%)]  Loss:  4.659011 (4.8040)  Time: 1.000s,  128.04/s  (1.246s,  102.73/s)  LR: 4.002e-04  Data: 0.011 (0.011)
2024-04-04 12:12:45,997 - train - INFO - Train: 8 [ 780/781 (100%)]  Loss:  4.552318 (4.8032)  Time: 1.237s,  103.45/s  (1.244s,  102.89/s)  LR: 4.002e-04  Data: 0.000 (0.011)
2024-04-04 12:12:47,207 - train - INFO - Test: [   0/78]  Time: 1.207 (1.207)  Loss:  2.8965 (2.8965)  Acc@1: 46.8750 (46.8750)  Acc@5: 74.2188 (74.2188)
2024-04-04 12:13:39,343 - train - INFO - Test: [  50/78]  Time: 1.124 (1.046)  Loss:  3.3848 (3.8256)  Acc@1: 35.1562 (19.4087)  Acc@5: 59.3750 (43.2751)
2024-04-04 12:14:08,417 - train - INFO - Test: [  78/78]  Time: 1.140 (1.043)  Loss:  3.6406 (3.7771)  Acc@1: 12.5000 (20.1800)  Acc@5: 56.2500 (44.3600)
2024-04-04 12:14:09,961 - train - INFO - Train: 9 [   0/781 (  0%)]  Loss:  4.993952 (4.9940)  Time: 1.428s,   89.66/s  (1.428s,   89.66/s)  LR: 4.501e-04  Data: 0.134 (0.134)
2024-04-04 12:15:10,701 - train - INFO - Train: 9 [  50/781 (  6%)]  Loss:  4.999068 (4.7892)  Time: 1.239s,  103.31/s  (1.219s,  105.01/s)  LR: 4.501e-04  Data: 0.004 (0.013)
2024-04-04 12:16:12,657 - train - INFO - Train: 9 [ 100/781 ( 13%)]  Loss:  4.933820 (4.8019)  Time: 1.341s,   95.47/s  (1.229s,  104.16/s)  LR: 4.501e-04  Data: 0.016 (0.012)
2024-04-04 12:17:15,655 - train - INFO - Train: 9 [ 150/781 ( 19%)]  Loss:  4.650198 (4.8026)  Time: 1.291s,   99.13/s  (1.239s,  103.29/s)  LR: 4.501e-04  Data: 0.012 (0.011)
2024-04-04 12:18:17,206 - train - INFO - Train: 9 [ 200/781 ( 26%)]  Loss:  5.012783 (4.8106)  Time: 1.346s,   95.13/s  (1.237s,  103.46/s)  LR: 4.501e-04  Data: 0.009 (0.011)
2024-04-04 12:19:18,252 - train - INFO - Train: 9 [ 250/781 ( 32%)]  Loss:  4.961143 (4.8140)  Time: 1.253s,  102.19/s  (1.234s,  103.73/s)  LR: 4.501e-04  Data: 0.004 (0.011)
2024-04-04 12:20:18,135 - train - INFO - Train: 9 [ 300/781 ( 38%)]  Loss:  4.526825 (4.8070)  Time: 1.289s,   99.29/s  (1.228s,  104.24/s)  LR: 4.501e-04  Data: 0.009 (0.011)
2024-04-04 12:21:18,817 - train - INFO - Train: 9 [ 350/781 ( 45%)]  Loss:  4.521591 (4.8015)  Time: 1.398s,   91.53/s  (1.226s,  104.42/s)  LR: 4.501e-04  Data: 0.008 (0.011)
2024-04-04 12:22:19,612 - train - INFO - Train: 9 [ 400/781 ( 51%)]  Loss:  4.858156 (4.7951)  Time: 1.180s,  108.51/s  (1.225s,  104.52/s)  LR: 4.501e-04  Data: 0.015 (0.011)
2024-04-04 12:23:19,802 - train - INFO - Train: 9 [ 450/781 ( 58%)]  Loss:  4.671026 (4.7954)  Time: 0.867s,  147.58/s  (1.222s,  104.72/s)  LR: 4.501e-04  Data: 0.004 (0.011)
2024-04-04 12:24:20,734 - train - INFO - Train: 9 [ 500/781 ( 64%)]  Loss:  5.023356 (4.7912)  Time: 1.356s,   94.38/s  (1.222s,  104.75/s)  LR: 4.501e-04  Data: 0.021 (0.011)
2024-04-04 12:25:21,768 - train - INFO - Train: 9 [ 550/781 ( 71%)]  Loss:  4.609207 (4.7905)  Time: 1.306s,   98.01/s  (1.222s,  104.76/s)  LR: 4.501e-04  Data: 0.004 (0.011)
2024-04-04 12:26:22,261 - train - INFO - Train: 9 [ 600/781 ( 77%)]  Loss:  4.662851 (4.7943)  Time: 1.097s,  116.72/s  (1.221s,  104.85/s)  LR: 4.501e-04  Data: 0.022 (0.011)
2024-04-04 12:27:25,647 - train - INFO - Train: 9 [ 650/781 ( 83%)]  Loss:  4.659557 (4.7917)  Time: 1.392s,   91.99/s  (1.224s,  104.54/s)  LR: 4.501e-04  Data: 0.017 (0.011)
2024-04-04 12:28:32,805 - train - INFO - Train: 9 [ 700/781 ( 90%)]  Loss:  4.508419 (4.7894)  Time: 1.277s,  100.24/s  (1.233s,  103.82/s)  LR: 4.501e-04  Data: 0.009 (0.011)
2024-04-04 12:29:37,746 - train - INFO - Train: 9 [ 750/781 ( 96%)]  Loss:  4.564150 (4.7896)  Time: 1.253s,  102.17/s  (1.237s,  103.45/s)  LR: 4.501e-04  Data: 0.004 (0.011)
2024-04-04 12:30:14,454 - train - INFO - Train: 9 [ 780/781 (100%)]  Loss:  4.626454 (4.7913)  Time: 1.232s,  103.93/s  (1.237s,  103.50/s)  LR: 4.501e-04  Data: 0.000 (0.011)
2024-04-04 12:30:15,609 - train - INFO - Test: [   0/78]  Time: 1.152 (1.152)  Loss:  2.8105 (2.8105)  Acc@1: 49.2188 (49.2188)  Acc@5: 73.4375 (73.4375)
2024-04-04 12:31:07,601 - train - INFO - Test: [  50/78]  Time: 1.116 (1.042)  Loss:  3.3691 (3.8429)  Acc@1: 32.8125 (19.6385)  Acc@5: 56.2500 (42.9994)
2024-04-04 12:31:36,721 - train - INFO - Test: [  78/78]  Time: 1.117 (1.041)  Loss:  4.1133 (3.8008)  Acc@1: 12.5000 (20.6100)  Acc@5: 31.2500 (44.1800)
2024-04-04 12:31:38,287 - train - INFO - Train: 10 [   0/781 (  0%)]  Loss:  4.583345 (4.5833)  Time: 1.443s,   88.69/s  (1.443s,   88.69/s)  LR: 4.987e-04  Data: 0.167 (0.167)
2024-04-04 12:32:39,187 - train - INFO - Train: 10 [  50/781 (  6%)]  Loss:  4.797892 (4.7667)  Time: 1.274s,  100.50/s  (1.222s,  104.71/s)  LR: 4.987e-04  Data: 0.009 (0.013)
2024-04-04 12:33:39,162 - train - INFO - Train: 10 [ 100/781 ( 13%)]  Loss:  4.531222 (4.7619)  Time: 1.238s,  103.35/s  (1.211s,  105.69/s)  LR: 4.987e-04  Data: 0.009 (0.012)
2024-04-04 12:34:40,115 - train - INFO - Train: 10 [ 150/781 ( 19%)]  Loss:  4.880809 (4.7705)  Time: 1.240s,  103.23/s  (1.214s,  105.46/s)  LR: 4.987e-04  Data: 0.017 (0.012)
2024-04-04 12:35:41,306 - train - INFO - Train: 10 [ 200/781 ( 26%)]  Loss:  4.645623 (4.7671)  Time: 1.225s,  104.46/s  (1.216s,  105.25/s)  LR: 4.987e-04  Data: 0.018 (0.012)
2024-04-04 12:36:42,708 - train - INFO - Train: 10 [ 250/781 ( 32%)]  Loss:  4.538752 (4.7625)  Time: 1.065s,  120.24/s  (1.219s,  105.04/s)  LR: 4.987e-04  Data: 0.008 (0.011)
2024-04-04 12:37:46,290 - train - INFO - Train: 10 [ 300/781 ( 38%)]  Loss:  4.651045 (4.7644)  Time: 1.118s,  114.50/s  (1.227s,  104.29/s)  LR: 4.987e-04  Data: 0.004 (0.011)
2024-04-04 12:38:47,449 - train - INFO - Train: 10 [ 350/781 ( 45%)]  Loss:  4.961620 (4.7679)  Time: 1.274s,  100.51/s  (1.227s,  104.34/s)  LR: 4.987e-04  Data: 0.009 (0.011)
2024-04-04 12:39:51,393 - train - INFO - Train: 10 [ 400/781 ( 51%)]  Loss:  4.773625 (4.7705)  Time: 1.307s,   97.97/s  (1.233s,  103.79/s)  LR: 4.987e-04  Data: 0.025 (0.011)
2024-04-04 12:40:51,883 - train - INFO - Train: 10 [ 450/781 ( 58%)]  Loss:  4.764511 (4.7730)  Time: 1.226s,  104.37/s  (1.231s,  104.01/s)  LR: 4.987e-04  Data: 0.012 (0.011)
2024-04-04 12:41:54,757 - train - INFO - Train: 10 [ 500/781 ( 64%)]  Loss:  4.521154 (4.7698)  Time: 1.462s,   87.58/s  (1.233s,  103.78/s)  LR: 4.987e-04  Data: 0.006 (0.011)
2024-04-04 12:43:00,933 - train - INFO - Train: 10 [ 550/781 ( 71%)]  Loss:  4.625498 (4.7694)  Time: 1.382s,   92.64/s  (1.242s,  103.10/s)  LR: 4.987e-04  Data: 0.010 (0.011)
2024-04-04 12:44:06,629 - train - INFO - Train: 10 [ 600/781 ( 77%)]  Loss:  4.740543 (4.7663)  Time: 1.326s,   96.51/s  (1.248s,  102.60/s)  LR: 4.987e-04  Data: 0.009 (0.011)
2024-04-04 12:45:13,160 - train - INFO - Train: 10 [ 650/781 ( 83%)]  Loss:  4.681926 (4.7650)  Time: 1.171s,  109.34/s  (1.254s,  102.08/s)  LR: 4.987e-04  Data: 0.011 (0.011)
2024-04-04 12:46:18,202 - train - INFO - Train: 10 [ 700/781 ( 90%)]  Loss:  4.978696 (4.7665)  Time: 1.200s,  106.66/s  (1.257s,  101.81/s)  LR: 4.987e-04  Data: 0.007 (0.011)
2024-04-04 12:47:24,615 - train - INFO - Train: 10 [ 750/781 ( 96%)]  Loss:  4.356580 (4.7662)  Time: 1.414s,   90.54/s  (1.262s,  101.43/s)  LR: 4.987e-04  Data: 0.020 (0.011)
2024-04-04 12:48:05,293 - train - INFO - Train: 10 [ 780/781 (100%)]  Loss:  4.940584 (4.7655)  Time: 1.324s,   96.64/s  (1.266s,  101.14/s)  LR: 4.987e-04  Data: 0.000 (0.011)
2024-04-04 12:48:06,589 - train - INFO - Test: [   0/78]  Time: 1.293 (1.293)  Loss:  2.9121 (2.9121)  Acc@1: 45.3125 (45.3125)  Acc@5: 68.7500 (68.7500)
2024-04-04 12:49:06,116 - train - INFO - Test: [  50/78]  Time: 1.120 (1.193)  Loss:  3.6230 (3.7376)  Acc@1: 25.0000 (20.7567)  Acc@5: 45.3125 (44.6078)
2024-04-04 12:49:36,856 - train - INFO - Test: [  78/78]  Time: 0.903 (1.159)  Loss:  3.6250 (3.6854)  Acc@1: 18.7500 (21.7600)  Acc@5: 37.5000 (45.5800)
2024-04-04 12:49:38,361 - train - INFO - Train: 11 [   0/781 (  0%)]  Loss:  4.949717 (4.9497)  Time: 1.420s,   90.14/s  (1.420s,   90.14/s)  LR: 4.984e-04  Data: 0.134 (0.134)
2024-04-04 12:50:40,302 - train - INFO - Train: 11 [  50/781 (  6%)]  Loss:  4.704816 (4.7581)  Time: 1.312s,   97.53/s  (1.242s,  103.03/s)  LR: 4.984e-04  Data: 0.011 (0.011)
2024-04-04 12:51:42,515 - train - INFO - Train: 11 [ 100/781 ( 13%)]  Loss:  4.664688 (4.7465)  Time: 1.314s,   97.40/s  (1.243s,  102.95/s)  LR: 4.984e-04  Data: 0.004 (0.011)
2024-04-04 12:52:44,379 - train - INFO - Train: 11 [ 150/781 ( 19%)]  Loss:  4.965465 (4.7391)  Time: 1.272s,  100.61/s  (1.241s,  103.12/s)  LR: 4.984e-04  Data: 0.004 (0.011)
2024-04-04 12:53:46,874 - train - INFO - Train: 11 [ 200/781 ( 26%)]  Loss:  4.754475 (4.7478)  Time: 1.312s,   97.58/s  (1.243s,  102.94/s)  LR: 4.984e-04  Data: 0.007 (0.011)
2024-04-04 12:54:48,641 - train - INFO - Train: 11 [ 250/781 ( 32%)]  Loss:  4.464836 (4.7450)  Time: 1.304s,   98.19/s  (1.242s,  103.08/s)  LR: 4.984e-04  Data: 0.013 (0.011)
2024-04-04 12:55:50,608 - train - INFO - Train: 11 [ 300/781 ( 38%)]  Loss:  5.036894 (4.7486)  Time: 1.322s,   96.83/s  (1.241s,  103.11/s)  LR: 4.984e-04  Data: 0.026 (0.011)
2024-04-04 12:56:52,129 - train - INFO - Train: 11 [ 350/781 ( 45%)]  Loss:  4.725503 (4.7459)  Time: 0.913s,  140.14/s  (1.240s,  103.24/s)  LR: 4.984e-04  Data: 0.014 (0.011)
2024-04-04 12:57:54,804 - train - INFO - Train: 11 [ 400/781 ( 51%)]  Loss:  4.677004 (4.7470)  Time: 1.394s,   91.82/s  (1.242s,  103.10/s)  LR: 4.984e-04  Data: 0.032 (0.011)
2024-04-04 12:58:56,034 - train - INFO - Train: 11 [ 450/781 ( 58%)]  Loss:  4.577200 (4.7447)  Time: 1.314s,   97.38/s  (1.240s,  103.25/s)  LR: 4.984e-04  Data: 0.014 (0.011)
2024-04-04 12:59:58,709 - train - INFO - Train: 11 [ 500/781 ( 64%)]  Loss:  4.841093 (4.7476)  Time: 1.022s,  125.27/s  (1.241s,  103.14/s)  LR: 4.984e-04  Data: 0.008 (0.011)
2024-04-04 13:01:01,193 - train - INFO - Train: 11 [ 550/781 ( 71%)]  Loss:  4.675222 (4.7474)  Time: 1.296s,   98.78/s  (1.242s,  103.07/s)  LR: 4.984e-04  Data: 0.017 (0.011)
2024-04-04 13:02:03,041 - train - INFO - Train: 11 [ 600/781 ( 77%)]  Loss:  4.695113 (4.7464)  Time: 1.346s,   95.12/s  (1.241s,  103.11/s)  LR: 4.984e-04  Data: 0.005 (0.011)
2024-04-04 13:03:07,645 - train - INFO - Train: 11 [ 650/781 ( 83%)]  Loss:  4.828873 (4.7443)  Time: 1.381s,   92.66/s  (1.245s,  102.79/s)  LR: 4.984e-04  Data: 0.011 (0.011)
2024-04-04 13:04:10,001 - train - INFO - Train: 11 [ 700/781 ( 90%)]  Loss:  4.665618 (4.7424)  Time: 1.153s,  111.04/s  (1.245s,  102.78/s)  LR: 4.984e-04  Data: 0.013 (0.011)
2024-04-04 13:05:11,273 - train - INFO - Train: 11 [ 750/781 ( 96%)]  Loss:  4.755125 (4.7404)  Time: 0.842s,  152.09/s  (1.244s,  102.89/s)  LR: 4.984e-04  Data: 0.006 (0.011)
2024-04-04 13:05:48,895 - train - INFO - Train: 11 [ 780/781 (100%)]  Loss:  4.854831 (4.7389)  Time: 1.357s,   94.34/s  (1.244s,  102.85/s)  LR: 4.984e-04  Data: 0.000 (0.011)
2024-04-04 13:05:50,153 - train - INFO - Test: [   0/78]  Time: 1.255 (1.255)  Loss:  2.7051 (2.7051)  Acc@1: 46.0938 (46.0938)  Acc@5: 69.5312 (69.5312)
2024-04-04 13:06:47,097 - train - INFO - Test: [  50/78]  Time: 1.124 (1.141)  Loss:  3.4766 (3.6064)  Acc@1: 22.6562 (23.1618)  Acc@5: 58.5938 (48.2537)
2024-04-04 13:07:19,500 - train - INFO - Test: [  78/78]  Time: 1.088 (1.147)  Loss:  3.8418 (3.5786)  Acc@1: 12.5000 (23.6400)  Acc@5: 25.0000 (48.3400)
2024-04-04 13:07:21,242 - train - INFO - Train: 12 [   0/781 (  0%)]  Loss:  4.435624 (4.4356)  Time: 1.561s,   81.99/s  (1.561s,   81.99/s)  LR: 4.981e-04  Data: 0.214 (0.214)
2024-04-04 13:08:27,142 - train - INFO - Train: 12 [  50/781 (  6%)]  Loss:  4.904006 (4.7833)  Time: 1.298s,   98.60/s  (1.323s,   96.78/s)  LR: 4.981e-04  Data: 0.017 (0.015)
2024-04-04 13:09:30,503 - train - INFO - Train: 12 [ 100/781 ( 13%)]  Loss:  4.679821 (4.7681)  Time: 1.157s,  110.66/s  (1.295s,   98.83/s)  LR: 4.981e-04  Data: 0.012 (0.013)
2024-04-04 13:10:32,836 - train - INFO - Train: 12 [ 150/781 ( 19%)]  Loss:  4.897741 (4.7531)  Time: 1.328s,   96.38/s  (1.279s,  100.07/s)  LR: 4.981e-04  Data: 0.004 (0.012)
2024-04-04 13:11:36,567 - train - INFO - Train: 12 [ 200/781 ( 26%)]  Loss:  4.655114 (4.7516)  Time: 1.246s,  102.72/s  (1.278s,  100.16/s)  LR: 4.981e-04  Data: 0.009 (0.011)
2024-04-04 13:12:40,394 - train - INFO - Train: 12 [ 250/781 ( 32%)]  Loss:  4.738172 (4.7529)  Time: 1.081s,  118.46/s  (1.278s,  100.18/s)  LR: 4.981e-04  Data: 0.006 (0.011)
2024-04-04 13:13:43,980 - train - INFO - Train: 12 [ 300/781 ( 38%)]  Loss:  4.690852 (4.7465)  Time: 1.323s,   96.77/s  (1.277s,  100.26/s)  LR: 4.981e-04  Data: 0.024 (0.011)
2024-04-04 13:14:45,689 - train - INFO - Train: 12 [ 350/781 ( 45%)]  Loss:  4.600740 (4.7420)  Time: 1.290s,   99.26/s  (1.271s,  100.74/s)  LR: 4.981e-04  Data: 0.029 (0.011)
2024-04-04 13:15:47,431 - train - INFO - Train: 12 [ 400/781 ( 51%)]  Loss:  4.541233 (4.7418)  Time: 1.008s,  126.97/s  (1.266s,  101.09/s)  LR: 4.981e-04  Data: 0.017 (0.011)
2024-04-04 13:16:50,341 - train - INFO - Train: 12 [ 450/781 ( 58%)]  Loss:  4.572367 (4.7411)  Time: 1.296s,   98.77/s  (1.265s,  101.16/s)  LR: 4.981e-04  Data: 0.010 (0.011)
2024-04-04 13:17:52,892 - train - INFO - Train: 12 [ 500/781 ( 64%)]  Loss:  4.916160 (4.7387)  Time: 1.284s,   99.72/s  (1.264s,  101.28/s)  LR: 4.981e-04  Data: 0.004 (0.011)
2024-04-04 13:18:54,456 - train - INFO - Train: 12 [ 550/781 ( 71%)]  Loss:  4.338477 (4.7337)  Time: 1.082s,  118.33/s  (1.261s,  101.52/s)  LR: 4.981e-04  Data: 0.004 (0.011)
2024-04-04 13:19:57,951 - train - INFO - Train: 12 [ 600/781 ( 77%)]  Loss:  4.606766 (4.7333)  Time: 1.414s,   90.54/s  (1.262s,  101.46/s)  LR: 4.981e-04  Data: 0.004 (0.011)
2024-04-04 13:21:02,607 - train - INFO - Train: 12 [ 650/781 ( 83%)]  Loss:  4.526497 (4.7311)  Time: 1.394s,   91.83/s  (1.264s,  101.26/s)  LR: 4.981e-04  Data: 0.006 (0.011)
2024-04-04 13:22:04,523 - train - INFO - Train: 12 [ 700/781 ( 90%)]  Loss:  4.816720 (4.7309)  Time: 1.064s,  120.35/s  (1.262s,  101.41/s)  LR: 4.981e-04  Data: 0.004 (0.011)
2024-04-04 13:23:07,070 - train - INFO - Train: 12 [ 750/781 ( 96%)]  Loss:  4.529025 (4.7286)  Time: 1.313s,   97.50/s  (1.261s,  101.47/s)  LR: 4.981e-04  Data: 0.017 (0.011)
2024-04-04 13:23:44,401 - train - INFO - Train: 12 [ 780/781 (100%)]  Loss:  4.704819 (4.7296)  Time: 1.288s,   99.36/s  (1.261s,  101.52/s)  LR: 4.981e-04  Data: 0.000 (0.011)
2024-04-04 13:23:45,384 - train - INFO - Test: [   0/78]  Time: 0.980 (0.980)  Loss:  2.4941 (2.4941)  Acc@1: 51.5625 (51.5625)  Acc@5: 75.7812 (75.7812)
2024-04-04 13:24:38,664 - train - INFO - Test: [  50/78]  Time: 0.879 (1.064)  Loss:  3.2109 (3.6242)  Acc@1: 31.2500 (22.0588)  Acc@5: 58.5938 (47.5797)
2024-04-04 13:25:08,680 - train - INFO - Test: [  78/78]  Time: 1.152 (1.067)  Loss:  3.5840 (3.5584)  Acc@1: 25.0000 (23.3800)  Acc@5: 37.5000 (48.6900)
2024-04-04 13:25:09,976 - train - INFO - Train: 13 [   0/781 (  0%)]  Loss:  4.728910 (4.7289)  Time: 1.135s,  112.79/s  (1.135s,  112.79/s)  LR: 4.977e-04  Data: 0.122 (0.122)
2024-04-04 13:26:16,627 - train - INFO - Train: 13 [  50/781 (  6%)]  Loss:  4.922374 (4.7068)  Time: 1.349s,   94.87/s  (1.329s,   96.30/s)  LR: 4.977e-04  Data: 0.017 (0.014)
2024-04-04 13:27:22,906 - train - INFO - Train: 13 [ 100/781 ( 13%)]  Loss:  4.729969 (4.7259)  Time: 1.405s,   91.09/s  (1.327s,   96.44/s)  LR: 4.977e-04  Data: 0.032 (0.013)
2024-04-04 13:28:27,800 - train - INFO - Train: 13 [ 150/781 ( 19%)]  Loss:  4.560939 (4.7291)  Time: 1.387s,   92.26/s  (1.318s,   97.15/s)  LR: 4.977e-04  Data: 0.009 (0.013)
2024-04-04 13:29:29,521 - train - INFO - Train: 13 [ 200/781 ( 26%)]  Loss:  4.372368 (4.7123)  Time: 1.083s,  118.22/s  (1.297s,   98.70/s)  LR: 4.977e-04  Data: 0.011 (0.012)
2024-04-04 13:30:32,911 - train - INFO - Train: 13 [ 250/781 ( 32%)]  Loss:  4.804547 (4.7082)  Time: 1.577s,   81.14/s  (1.291s,   99.14/s)  LR: 4.977e-04  Data: 0.004 (0.012)
2024-04-04 13:31:37,078 - train - INFO - Train: 13 [ 300/781 ( 38%)]  Loss:  4.516677 (4.7068)  Time: 1.391s,   91.99/s  (1.290s,   99.24/s)  LR: 4.977e-04  Data: 0.017 (0.012)
2024-04-04 13:32:38,653 - train - INFO - Train: 13 [ 350/781 ( 45%)]  Loss:  4.886558 (4.7009)  Time: 1.365s,   93.78/s  (1.281s,   99.89/s)  LR: 4.977e-04  Data: 0.008 (0.012)
2024-04-04 13:33:40,382 - train - INFO - Train: 13 [ 400/781 ( 51%)]  Loss:  4.584270 (4.6959)  Time: 0.890s,  143.81/s  (1.276s,  100.34/s)  LR: 4.977e-04  Data: 0.004 (0.012)
2024-04-04 13:34:42,510 - train - INFO - Train: 13 [ 450/781 ( 58%)]  Loss:  4.768177 (4.6985)  Time: 1.343s,   95.31/s  (1.272s,  100.63/s)  LR: 4.977e-04  Data: 0.013 (0.011)
2024-04-04 13:35:44,809 - train - INFO - Train: 13 [ 500/781 ( 64%)]  Loss:  4.368554 (4.6976)  Time: 1.324s,   96.66/s  (1.269s,  100.84/s)  LR: 4.977e-04  Data: 0.006 (0.011)
2024-04-04 13:36:46,840 - train - INFO - Train: 13 [ 550/781 ( 71%)]  Loss:  4.335059 (4.6974)  Time: 1.285s,   99.64/s  (1.267s,  101.05/s)  LR: 4.977e-04  Data: 0.004 (0.011)
2024-04-04 13:37:54,110 - train - INFO - Train: 13 [ 600/781 ( 77%)]  Loss:  4.707789 (4.6983)  Time: 1.085s,  117.98/s  (1.273s,  100.53/s)  LR: 4.977e-04  Data: 0.004 (0.011)
2024-04-04 13:38:57,934 - train - INFO - Train: 13 [ 650/781 ( 83%)]  Loss:  4.422923 (4.6963)  Time: 1.230s,  104.09/s  (1.274s,  100.51/s)  LR: 4.977e-04  Data: 0.004 (0.011)
2024-04-04 13:40:02,064 - train - INFO - Train: 13 [ 700/781 ( 90%)]  Loss:  5.013890 (4.6946)  Time: 1.397s,   91.60/s  (1.274s,  100.46/s)  LR: 4.977e-04  Data: 0.011 (0.011)
2024-04-04 13:41:06,204 - train - INFO - Train: 13 [ 750/781 ( 96%)]  Loss:  4.731006 (4.6962)  Time: 1.125s,  113.78/s  (1.275s,  100.41/s)  LR: 4.977e-04  Data: 0.004 (0.011)
2024-04-04 13:41:43,609 - train - INFO - Train: 13 [ 780/781 (100%)]  Loss:  4.341197 (4.6975)  Time: 1.277s,  100.25/s  (1.274s,  100.50/s)  LR: 4.977e-04  Data: 0.000 (0.011)
2024-04-04 13:41:44,722 - train - INFO - Test: [   0/78]  Time: 1.112 (1.112)  Loss:  2.2129 (2.2129)  Acc@1: 57.0312 (57.0312)  Acc@5: 82.0312 (82.0312)
2024-04-04 13:42:41,053 - train - INFO - Test: [  50/78]  Time: 1.422 (1.126)  Loss:  3.6328 (3.5799)  Acc@1: 25.7812 (23.8205)  Acc@5: 44.5312 (48.7592)
2024-04-04 13:43:13,130 - train - INFO - Test: [  78/78]  Time: 1.108 (1.133)  Loss:  3.6172 (3.5349)  Acc@1: 18.7500 (24.4400)  Acc@5: 50.0000 (49.8500)
2024-04-04 13:43:14,725 - train - INFO - Train: 14 [   0/781 (  0%)]  Loss:  4.979129 (4.9791)  Time: 1.456s,   87.93/s  (1.456s,   87.93/s)  LR: 4.974e-04  Data: 0.177 (0.177)
2024-04-04 13:44:16,664 - train - INFO - Train: 14 [  50/781 (  6%)]  Loss:  4.466281 (4.6685)  Time: 1.290s,   99.20/s  (1.243s,  102.98/s)  LR: 4.974e-04  Data: 0.005 (0.013)
2024-04-04 13:45:23,789 - train - INFO - Train: 14 [ 100/781 ( 13%)]  Loss:  4.991883 (4.6898)  Time: 1.358s,   94.24/s  (1.292s,   99.06/s)  LR: 4.974e-04  Data: 0.015 (0.012)
2024-04-04 13:46:30,393 - train - INFO - Train: 14 [ 150/781 ( 19%)]  Loss:  5.001104 (4.6900)  Time: 1.388s,   92.19/s  (1.305s,   98.06/s)  LR: 4.974e-04  Data: 0.016 (0.012)
2024-04-04 13:47:39,826 - train - INFO - Train: 14 [ 200/781 ( 26%)]  Loss:  4.803230 (4.6852)  Time: 1.381s,   92.70/s  (1.326s,   96.52/s)  LR: 4.974e-04  Data: 0.017 (0.012)
2024-04-04 13:48:43,328 - train - INFO - Train: 14 [ 250/781 ( 32%)]  Loss:  4.332036 (4.6825)  Time: 1.256s,  101.90/s  (1.315s,   97.34/s)  LR: 4.974e-04  Data: 0.011 (0.012)
2024-04-04 13:49:48,139 - train - INFO - Train: 14 [ 300/781 ( 38%)]  Loss:  4.247434 (4.6823)  Time: 2.631s,   48.64/s  (1.312s,   97.58/s)  LR: 4.974e-04  Data: 0.004 (0.012)
2024-04-04 13:50:50,930 - train - INFO - Train: 14 [ 350/781 ( 45%)]  Loss:  4.255812 (4.6811)  Time: 1.195s,  107.12/s  (1.304s,   98.18/s)  LR: 4.974e-04  Data: 0.011 (0.011)
2024-04-04 13:51:52,645 - train - INFO - Train: 14 [ 400/781 ( 51%)]  Loss:  5.040676 (4.6813)  Time: 1.014s,  126.29/s  (1.295s,   98.83/s)  LR: 4.974e-04  Data: 0.004 (0.011)
2024-04-04 13:52:53,548 - train - INFO - Train: 14 [ 450/781 ( 58%)]  Loss:  4.639794 (4.6783)  Time: 1.049s,  122.04/s  (1.287s,   99.49/s)  LR: 4.974e-04  Data: 0.026 (0.011)
2024-04-04 13:53:58,255 - train - INFO - Train: 14 [ 500/781 ( 64%)]  Loss:  4.621883 (4.6783)  Time: 1.320s,   96.99/s  (1.287s,   99.43/s)  LR: 4.974e-04  Data: 0.021 (0.011)
2024-04-04 13:54:59,457 - train - INFO - Train: 14 [ 550/781 ( 71%)]  Loss:  4.711767 (4.6827)  Time: 1.156s,  110.77/s  (1.282s,   99.88/s)  LR: 4.974e-04  Data: 0.008 (0.011)
2024-04-04 13:56:03,100 - train - INFO - Train: 14 [ 600/781 ( 77%)]  Loss:  4.845987 (4.6812)  Time: 1.356s,   94.37/s  (1.281s,   99.93/s)  LR: 4.974e-04  Data: 0.020 (0.011)
2024-04-04 13:57:03,870 - train - INFO - Train: 14 [ 650/781 ( 83%)]  Loss:  4.801189 (4.6835)  Time: 1.314s,   97.40/s  (1.276s,  100.33/s)  LR: 4.974e-04  Data: 0.004 (0.011)
2024-04-04 13:58:04,602 - train - INFO - Train: 14 [ 700/781 ( 90%)]  Loss:  4.486893 (4.6833)  Time: 1.275s,  100.38/s  (1.271s,  100.67/s)  LR: 4.974e-04  Data: 0.017 (0.011)
2024-04-04 13:59:05,100 - train - INFO - Train: 14 [ 750/781 ( 96%)]  Loss:  4.932194 (4.6829)  Time: 1.124s,  113.83/s  (1.267s,  101.00/s)  LR: 4.974e-04  Data: 0.004 (0.011)
2024-04-04 13:59:41,720 - train - INFO - Train: 14 [ 780/781 (100%)]  Loss:  4.893031 (4.6833)  Time: 1.212s,  105.58/s  (1.266s,  101.14/s)  LR: 4.974e-04  Data: 0.000 (0.011)
2024-04-04 13:59:42,879 - train - INFO - Test: [   0/78]  Time: 1.156 (1.156)  Loss:  2.3086 (2.3086)  Acc@1: 54.6875 (54.6875)  Acc@5: 78.9062 (78.9062)
2024-04-04 14:00:35,309 - train - INFO - Test: [  50/78]  Time: 1.180 (1.051)  Loss:  3.2148 (3.4349)  Acc@1: 35.9375 (25.6434)  Acc@5: 60.9375 (51.4553)
2024-04-04 14:01:04,722 - train - INFO - Test: [  78/78]  Time: 1.180 (1.051)  Loss:  3.5293 (3.4083)  Acc@1: 18.7500 (25.8000)  Acc@5: 43.7500 (51.8000)
2024-04-04 14:01:06,297 - train - INFO - Train: 15 [   0/781 (  0%)]  Loss:  4.942620 (4.9426)  Time: 1.475s,   86.75/s  (1.475s,   86.75/s)  LR: 4.970e-04  Data: 0.165 (0.165)
2024-04-04 14:02:10,734 - train - INFO - Train: 15 [  50/781 (  6%)]  Loss:  4.314182 (4.6424)  Time: 1.338s,   95.70/s  (1.292s,   99.04/s)  LR: 4.970e-04  Data: 0.011 (0.014)
2024-04-04 14:03:11,166 - train - INFO - Train: 15 [ 100/781 ( 13%)]  Loss:  4.498460 (4.6777)  Time: 1.320s,   96.93/s  (1.251s,  102.33/s)  LR: 4.970e-04  Data: 0.004 (0.012)
2024-04-04 14:04:12,292 - train - INFO - Train: 15 [ 150/781 ( 19%)]  Loss:  4.561320 (4.6573)  Time: 1.132s,  113.06/s  (1.241s,  103.10/s)  LR: 4.970e-04  Data: 0.010 (0.012)
2024-04-04 14:05:19,299 - train - INFO - Train: 15 [ 200/781 ( 26%)]  Loss:  4.798697 (4.6602)  Time: 1.244s,  102.91/s  (1.266s,  101.10/s)  LR: 4.970e-04  Data: 0.010 (0.012)
2024-04-04 14:06:23,924 - train - INFO - Train: 15 [ 250/781 ( 32%)]  Loss:  4.770658 (4.6635)  Time: 1.268s,  100.95/s  (1.271s,  100.68/s)  LR: 4.970e-04  Data: 0.010 (0.012)
2024-04-04 14:07:27,809 - train - INFO - Train: 15 [ 300/781 ( 38%)]  Loss:  5.032244 (4.6701)  Time: 1.323s,   96.72/s  (1.272s,  100.60/s)  LR: 4.970e-04  Data: 0.012 (0.012)
2024-04-04 14:08:30,299 - train - INFO - Train: 15 [ 350/781 ( 45%)]  Loss:  4.413270 (4.6607)  Time: 1.361s,   94.04/s  (1.269s,  100.86/s)  LR: 4.970e-04  Data: 0.028 (0.012)
2024-04-04 14:09:33,051 - train - INFO - Train: 15 [ 400/781 ( 51%)]  Loss:  4.962723 (4.6633)  Time: 1.139s,  112.42/s  (1.267s,  101.00/s)  LR: 4.970e-04  Data: 0.008 (0.012)
2024-04-04 14:10:34,016 - train - INFO - Train: 15 [ 450/781 ( 58%)]  Loss:  4.605761 (4.6646)  Time: 0.993s,  128.94/s  (1.262s,  101.42/s)  LR: 4.970e-04  Data: 0.004 (0.011)
2024-04-04 14:11:34,828 - train - INFO - Train: 15 [ 500/781 ( 64%)]  Loss:  4.625895 (4.6650)  Time: 1.327s,   96.48/s  (1.257s,  101.79/s)  LR: 4.970e-04  Data: 0.004 (0.011)
2024-04-04 14:12:37,015 - train - INFO - Train: 15 [ 550/781 ( 71%)]  Loss:  4.670947 (4.6621)  Time: 1.332s,   96.07/s  (1.256s,  101.89/s)  LR: 4.970e-04  Data: 0.021 (0.011)
2024-04-04 14:13:39,516 - train - INFO - Train: 15 [ 600/781 ( 77%)]  Loss:  4.572168 (4.6602)  Time: 1.322s,   96.83/s  (1.256s,  101.94/s)  LR: 4.970e-04  Data: 0.004 (0.011)
2024-04-04 14:14:40,076 - train - INFO - Train: 15 [ 650/781 ( 83%)]  Loss:  4.864400 (4.6631)  Time: 1.251s,  102.29/s  (1.252s,  102.21/s)  LR: 4.970e-04  Data: 0.006 (0.011)
2024-04-04 14:15:40,438 - train - INFO - Train: 15 [ 700/781 ( 90%)]  Loss:  4.626412 (4.6637)  Time: 1.217s,  105.16/s  (1.249s,  102.48/s)  LR: 4.970e-04  Data: 0.017 (0.011)
2024-04-04 14:16:40,774 - train - INFO - Train: 15 [ 750/781 ( 96%)]  Loss:  4.763730 (4.6646)  Time: 1.122s,  114.03/s  (1.246s,  102.71/s)  LR: 4.970e-04  Data: 0.010 (0.011)
2024-04-04 14:17:16,931 - train - INFO - Train: 15 [ 780/781 (100%)]  Loss:  4.307139 (4.6644)  Time: 1.225s,  104.47/s  (1.245s,  102.84/s)  LR: 4.970e-04  Data: 0.000 (0.011)
2024-04-04 14:17:18,032 - train - INFO - Test: [   0/78]  Time: 1.098 (1.098)  Loss:  2.2520 (2.2520)  Acc@1: 56.2500 (56.2500)  Acc@5: 76.5625 (76.5625)
2024-04-04 14:18:10,130 - train - INFO - Test: [  50/78]  Time: 1.123 (1.043)  Loss:  3.2754 (3.4216)  Acc@1: 35.1562 (26.8076)  Acc@5: 53.9062 (51.5472)
2024-04-04 14:18:38,939 - train - INFO - Test: [  78/78]  Time: 0.849 (1.038)  Loss:  3.6543 (3.4281)  Acc@1: 18.7500 (26.2200)  Acc@5: 31.2500 (51.2200)
2024-04-04 14:18:40,368 - train - INFO - Train: 16 [   0/781 (  0%)]  Loss:  4.922565 (4.9226)  Time: 1.310s,   97.68/s  (1.310s,   97.68/s)  LR: 4.966e-04  Data: 0.121 (0.121)
2024-04-04 14:19:41,003 - train - INFO - Train: 16 [  50/781 (  6%)]  Loss:  4.507748 (4.6311)  Time: 1.260s,  101.62/s  (1.215s,  105.38/s)  LR: 4.966e-04  Data: 0.017 (0.012)
2024-04-04 14:20:41,742 - train - INFO - Train: 16 [ 100/781 ( 13%)]  Loss:  4.575562 (4.6283)  Time: 1.334s,   95.93/s  (1.215s,  105.38/s)  LR: 4.966e-04  Data: 0.005 (0.011)
2024-04-04 14:21:42,717 - train - INFO - Train: 16 [ 150/781 ( 19%)]  Loss:  4.541380 (4.6506)  Time: 1.041s,  123.00/s  (1.216s,  105.24/s)  LR: 4.966e-04  Data: 0.004 (0.011)
2024-04-04 14:22:43,292 - train - INFO - Train: 16 [ 200/781 ( 26%)]  Loss:  4.565978 (4.6592)  Time: 1.226s,  104.38/s  (1.215s,  105.34/s)  LR: 4.966e-04  Data: 0.004 (0.011)
2024-04-04 14:23:44,717 - train - INFO - Train: 16 [ 250/781 ( 32%)]  Loss:  4.819921 (4.6587)  Time: 1.323s,   96.75/s  (1.218s,  105.11/s)  LR: 4.966e-04  Data: 0.008 (0.011)
2024-04-04 14:24:49,660 - train - INFO - Train: 16 [ 300/781 ( 38%)]  Loss:  4.883282 (4.6605)  Time: 1.333s,   96.02/s  (1.231s,  103.96/s)  LR: 4.966e-04  Data: 0.010 (0.011)
2024-04-04 14:25:54,394 - train - INFO - Train: 16 [ 350/781 ( 45%)]  Loss:  4.669414 (4.6555)  Time: 1.333s,   96.03/s  (1.240s,  103.20/s)  LR: 4.966e-04  Data: 0.004 (0.011)
2024-04-04 14:26:55,963 - train - INFO - Train: 16 [ 400/781 ( 51%)]  Loss:  4.949041 (4.6543)  Time: 1.282s,   99.85/s  (1.239s,  103.30/s)  LR: 4.966e-04  Data: 0.006 (0.011)
2024-04-04 14:27:56,788 - train - INFO - Train: 16 [ 450/781 ( 58%)]  Loss:  4.668221 (4.6542)  Time: 1.355s,   94.45/s  (1.237s,  103.51/s)  LR: 4.966e-04  Data: 0.011 (0.011)
2024-04-04 14:28:57,540 - train - INFO - Train: 16 [ 500/781 ( 64%)]  Loss:  4.591827 (4.6534)  Time: 1.296s,   98.73/s  (1.234s,  103.69/s)  LR: 4.966e-04  Data: 0.009 (0.011)
2024-04-04 14:30:00,897 - train - INFO - Train: 16 [ 550/781 ( 71%)]  Loss:  4.579483 (4.6502)  Time: 1.133s,  113.02/s  (1.237s,  103.44/s)  LR: 4.966e-04  Data: 0.013 (0.011)
2024-04-04 14:31:05,645 - train - INFO - Train: 16 [ 600/781 ( 77%)]  Loss:  5.050178 (4.6509)  Time: 1.300s,   98.45/s  (1.242s,  103.04/s)  LR: 4.966e-04  Data: 0.019 (0.011)
2024-04-04 14:32:06,459 - train - INFO - Train: 16 [ 650/781 ( 83%)]  Loss:  4.168920 (4.6509)  Time: 1.277s,  100.25/s  (1.240s,  103.21/s)  LR: 4.966e-04  Data: 0.004 (0.011)
2024-04-04 14:33:06,790 - train - INFO - Train: 16 [ 700/781 ( 90%)]  Loss:  4.792769 (4.6472)  Time: 1.257s,  101.84/s  (1.238s,  103.41/s)  LR: 4.966e-04  Data: 0.004 (0.011)
2024-04-04 14:34:07,322 - train - INFO - Train: 16 [ 750/781 ( 96%)]  Loss:  4.671331 (4.6480)  Time: 1.017s,  125.83/s  (1.236s,  103.56/s)  LR: 4.966e-04  Data: 0.017 (0.011)
2024-04-04 14:34:46,482 - train - INFO - Train: 16 [ 780/781 (100%)]  Loss:  4.481768 (4.6492)  Time: 1.412s,   90.63/s  (1.239s,  103.34/s)  LR: 4.966e-04  Data: 0.000 (0.011)
2024-04-04 14:34:47,714 - train - INFO - Test: [   0/78]  Time: 1.230 (1.230)  Loss:  2.3965 (2.3965)  Acc@1: 53.9062 (53.9062)  Acc@5: 74.2188 (74.2188)
2024-04-04 14:35:45,226 - train - INFO - Test: [  50/78]  Time: 1.230 (1.152)  Loss:  3.2090 (3.4149)  Acc@1: 36.7188 (26.8536)  Acc@5: 58.5938 (52.3591)
2024-04-04 14:36:17,437 - train - INFO - Test: [  78/78]  Time: 1.195 (1.151)  Loss:  3.2832 (3.3738)  Acc@1: 25.0000 (27.2300)  Acc@5: 62.5000 (52.8800)
2024-04-04 14:36:19,168 - train - INFO - Train: 17 [   0/781 (  0%)]  Loss:  4.964843 (4.9648)  Time: 1.577s,   81.16/s  (1.577s,   81.16/s)  LR: 4.961e-04  Data: 0.247 (0.247)
2024-04-04 14:37:25,057 - train - INFO - Train: 17 [  50/781 (  6%)]  Loss:  4.302709 (4.6982)  Time: 1.043s,  122.76/s  (1.323s,   96.76/s)  LR: 4.961e-04  Data: 0.004 (0.014)
2024-04-04 14:38:29,989 - train - INFO - Train: 17 [ 100/781 ( 13%)]  Loss:  4.319581 (4.6778)  Time: 1.134s,  112.88/s  (1.311s,   97.65/s)  LR: 4.961e-04  Data: 0.009 (0.013)
2024-04-04 14:39:35,399 - train - INFO - Train: 17 [ 150/781 ( 19%)]  Loss:  4.708293 (4.6788)  Time: 1.421s,   90.06/s  (1.310s,   97.71/s)  LR: 4.961e-04  Data: 0.017 (0.012)
2024-04-04 14:40:40,419 - train - INFO - Train: 17 [ 200/781 ( 26%)]  Loss:  4.498882 (4.6695)  Time: 1.386s,   92.37/s  (1.308s,   97.89/s)  LR: 4.961e-04  Data: 0.012 (0.012)
2024-04-04 14:41:45,233 - train - INFO - Train: 17 [ 250/781 ( 32%)]  Loss:  4.553260 (4.6591)  Time: 1.406s,   91.04/s  (1.305s,   98.06/s)  LR: 4.961e-04  Data: 0.018 (0.012)
2024-04-04 14:42:51,046 - train - INFO - Train: 17 [ 300/781 ( 38%)]  Loss:  4.167981 (4.6454)  Time: 1.447s,   88.46/s  (1.307s,   97.92/s)  LR: 4.961e-04  Data: 0.009 (0.011)
2024-04-04 14:44:03,569 - train - INFO - Train: 17 [ 350/781 ( 45%)]  Loss:  4.365002 (4.6499)  Time: 1.376s,   93.01/s  (1.328s,   96.42/s)  LR: 4.961e-04  Data: 0.017 (0.011)
2024-04-04 14:45:13,478 - train - INFO - Train: 17 [ 400/781 ( 51%)]  Loss:  4.563465 (4.6450)  Time: 1.390s,   92.09/s  (1.336s,   95.78/s)  LR: 4.961e-04  Data: 0.022 (0.011)
2024-04-04 14:46:21,668 - train - INFO - Train: 17 [ 450/781 ( 58%)]  Loss:  4.421857 (4.6424)  Time: 1.269s,  100.89/s  (1.339s,   95.57/s)  LR: 4.961e-04  Data: 0.004 (0.011)
2024-04-04 14:47:27,698 - train - INFO - Train: 17 [ 500/781 ( 64%)]  Loss:  4.350834 (4.6395)  Time: 1.427s,   89.71/s  (1.338s,   95.70/s)  LR: 4.961e-04  Data: 0.009 (0.011)
2024-04-04 14:48:35,477 - train - INFO - Train: 17 [ 550/781 ( 71%)]  Loss:  4.390030 (4.6425)  Time: 1.233s,  103.83/s  (1.339s,   95.58/s)  LR: 4.961e-04  Data: 0.012 (0.012)
2024-04-04 14:49:41,387 - train - INFO - Train: 17 [ 600/781 ( 77%)]  Loss:  4.782609 (4.6420)  Time: 1.469s,   87.12/s  (1.337s,   95.71/s)  LR: 4.961e-04  Data: 0.020 (0.011)
2024-04-04 14:50:47,443 - train - INFO - Train: 17 [ 650/781 ( 83%)]  Loss:  4.368491 (4.6399)  Time: 1.144s,  111.86/s  (1.336s,   95.80/s)  LR: 4.961e-04  Data: 0.012 (0.011)
2024-04-04 14:51:52,856 - train - INFO - Train: 17 [ 700/781 ( 90%)]  Loss:  4.634838 (4.6397)  Time: 1.318s,   97.09/s  (1.334s,   95.94/s)  LR: 4.961e-04  Data: 0.004 (0.011)
2024-04-04 14:52:58,397 - train - INFO - Train: 17 [ 750/781 ( 96%)]  Loss:  4.861738 (4.6401)  Time: 1.202s,  106.53/s  (1.333s,   96.05/s)  LR: 4.961e-04  Data: 0.008 (0.011)
2024-04-04 14:53:37,926 - train - INFO - Train: 17 [ 780/781 (100%)]  Loss:  4.807533 (4.6412)  Time: 1.330s,   96.21/s  (1.332s,   96.09/s)  LR: 4.961e-04  Data: 0.000 (0.011)
2024-04-04 14:53:39,314 - train - INFO - Test: [   0/78]  Time: 1.373 (1.373)  Loss:  2.2500 (2.2500)  Acc@1: 53.9062 (53.9062)  Acc@5: 73.4375 (73.4375)
2024-04-04 14:54:36,233 - train - INFO - Test: [  50/78]  Time: 1.178 (1.143)  Loss:  3.1895 (3.2886)  Acc@1: 36.7188 (28.5080)  Acc@5: 56.2500 (53.6152)
2024-04-04 14:55:07,711 - train - INFO - Test: [  78/78]  Time: 1.224 (1.136)  Loss:  3.5137 (3.2972)  Acc@1: 18.7500 (27.9300)  Acc@5: 25.0000 (53.4500)
2024-04-04 14:55:09,380 - train - INFO - Train: 18 [   0/781 (  0%)]  Loss:  4.677993 (4.6780)  Time: 1.596s,   80.22/s  (1.596s,   80.22/s)  LR: 4.957e-04  Data: 0.166 (0.166)
2024-04-04 14:56:15,103 - train - INFO - Train: 18 [  50/781 (  6%)]  Loss:  4.741495 (4.6484)  Time: 1.397s,   91.65/s  (1.320s,   96.97/s)  LR: 4.957e-04  Data: 0.005 (0.011)
2024-04-04 14:57:19,926 - train - INFO - Train: 18 [ 100/781 ( 13%)]  Loss:  4.355184 (4.6202)  Time: 1.272s,  100.65/s  (1.308s,   97.84/s)  LR: 4.957e-04  Data: 0.031 (0.011)
2024-04-04 14:58:26,041 - train - INFO - Train: 18 [ 150/781 ( 19%)]  Loss:  4.340250 (4.6223)  Time: 1.424s,   89.91/s  (1.313s,   97.49/s)  LR: 4.957e-04  Data: 0.021 (0.011)
2024-04-04 14:59:32,661 - train - INFO - Train: 18 [ 200/781 ( 26%)]  Loss:  4.574805 (4.6251)  Time: 1.399s,   91.49/s  (1.318s,   97.13/s)  LR: 4.957e-04  Data: 0.019 (0.012)
2024-04-04 15:00:42,143 - train - INFO - Train: 18 [ 250/781 ( 32%)]  Loss:  4.909030 (4.6221)  Time: 1.412s,   90.64/s  (1.332s,   96.09/s)  LR: 4.957e-04  Data: 0.004 (0.012)
2024-04-04 15:01:47,732 - train - INFO - Train: 18 [ 300/781 ( 38%)]  Loss:  4.975763 (4.6223)  Time: 1.481s,   86.44/s  (1.329s,   96.34/s)  LR: 4.957e-04  Data: 0.028 (0.012)
2024-04-04 15:02:53,668 - train - INFO - Train: 18 [ 350/781 ( 45%)]  Loss:  4.609919 (4.6266)  Time: 1.449s,   88.34/s  (1.327s,   96.44/s)  LR: 4.957e-04  Data: 0.004 (0.012)
2024-04-04 15:04:01,565 - train - INFO - Train: 18 [ 400/781 ( 51%)]  Loss:  4.631968 (4.6276)  Time: 1.445s,   88.57/s  (1.331s,   96.16/s)  LR: 4.957e-04  Data: 0.017 (0.012)
2024-04-04 15:05:14,327 - train - INFO - Train: 18 [ 450/781 ( 58%)]  Loss:  4.892594 (4.6348)  Time: 1.463s,   87.49/s  (1.345s,   95.18/s)  LR: 4.957e-04  Data: 0.004 (0.012)
2024-04-04 15:06:28,396 - train - INFO - Train: 18 [ 500/781 ( 64%)]  Loss:  4.405873 (4.6297)  Time: 1.468s,   87.21/s  (1.358s,   94.23/s)  LR: 4.957e-04  Data: 0.011 (0.012)
2024-04-04 15:07:39,506 - train - INFO - Train: 18 [ 550/781 ( 71%)]  Loss:  4.716546 (4.6313)  Time: 1.379s,   92.79/s  (1.364s,   93.83/s)  LR: 4.957e-04  Data: 0.016 (0.012)
2024-04-04 15:08:45,161 - train - INFO - Train: 18 [ 600/781 ( 77%)]  Loss:  4.434646 (4.6288)  Time: 1.267s,  101.04/s  (1.360s,   94.12/s)  LR: 4.957e-04  Data: 0.016 (0.012)
2024-04-04 15:09:50,243 - train - INFO - Train: 18 [ 650/781 ( 83%)]  Loss:  4.432004 (4.6270)  Time: 1.171s,  109.30/s  (1.355s,   94.43/s)  LR: 4.957e-04  Data: 0.021 (0.012)
2024-04-04 15:10:55,754 - train - INFO - Train: 18 [ 700/781 ( 90%)]  Loss:  4.894293 (4.6266)  Time: 1.196s,  106.99/s  (1.352s,   94.66/s)  LR: 4.957e-04  Data: 0.010 (0.012)
2024-04-04 15:12:01,284 - train - INFO - Train: 18 [ 750/781 ( 96%)]  Loss:  4.406215 (4.6247)  Time: 1.445s,   88.56/s  (1.349s,   94.85/s)  LR: 4.957e-04  Data: 0.025 (0.012)
2024-04-04 15:12:40,171 - train - INFO - Train: 18 [ 780/781 (100%)]  Loss:  4.659151 (4.6262)  Time: 1.473s,   86.91/s  (1.347s,   95.00/s)  LR: 4.957e-04  Data: 0.000 (0.012)
2024-04-04 15:12:41,464 - train - INFO - Test: [   0/78]  Time: 1.289 (1.289)  Loss:  2.3613 (2.3613)  Acc@1: 53.1250 (53.1250)  Acc@5: 79.6875 (79.6875)
2024-04-04 15:13:38,533 - train - INFO - Test: [  50/78]  Time: 1.224 (1.144)  Loss:  3.2617 (3.3477)  Acc@1: 29.6875 (28.1710)  Acc@5: 57.8125 (54.3352)
2024-04-04 15:14:10,153 - train - INFO - Test: [  78/78]  Time: 1.160 (1.139)  Loss:  3.4316 (3.3292)  Acc@1: 25.0000 (28.3600)  Acc@5: 43.7500 (54.6300)
2024-04-04 15:14:11,857 - train - INFO - Train: 19 [   0/781 (  0%)]  Loss:  4.836689 (4.8367)  Time: 1.554s,   82.34/s  (1.554s,   82.34/s)  LR: 4.952e-04  Data: 0.215 (0.215)
2024-04-04 15:15:17,797 - train - INFO - Train: 19 [  50/781 (  6%)]  Loss:  4.418564 (4.6189)  Time: 1.174s,  109.00/s  (1.323s,   96.72/s)  LR: 4.952e-04  Data: 0.006 (0.015)
2024-04-04 15:16:23,368 - train - INFO - Train: 19 [ 100/781 ( 13%)]  Loss:  4.219578 (4.6229)  Time: 1.342s,   95.38/s  (1.317s,   97.16/s)  LR: 4.952e-04  Data: 0.020 (0.013)
2024-04-04 15:17:28,799 - train - INFO - Train: 19 [ 150/781 ( 19%)]  Loss:  4.529981 (4.6179)  Time: 1.362s,   94.00/s  (1.315s,   97.37/s)  LR: 4.952e-04  Data: 0.006 (0.013)
2024-04-04 15:18:33,513 - train - INFO - Train: 19 [ 200/781 ( 26%)]  Loss:  4.619105 (4.6120)  Time: 1.414s,   90.51/s  (1.309s,   97.75/s)  LR: 4.952e-04  Data: 0.005 (0.012)
2024-04-04 15:19:39,567 - train - INFO - Train: 19 [ 250/781 ( 32%)]  Loss:  4.505256 (4.6163)  Time: 1.408s,   90.91/s  (1.312s,   97.58/s)  LR: 4.952e-04  Data: 0.009 (0.012)
2024-04-04 15:20:45,169 - train - INFO - Train: 19 [ 300/781 ( 38%)]  Loss:  4.299175 (4.6141)  Time: 1.319s,   97.06/s  (1.312s,   97.57/s)  LR: 4.952e-04  Data: 0.007 (0.012)
2024-04-04 15:21:51,214 - train - INFO - Train: 19 [ 350/781 ( 45%)]  Loss:  4.829546 (4.6077)  Time: 1.390s,   92.11/s  (1.313s,   97.48/s)  LR: 4.952e-04  Data: 0.008 (0.012)
2024-04-04 15:22:56,444 - train - INFO - Train: 19 [ 400/781 ( 51%)]  Loss:  4.822259 (4.6147)  Time: 1.390s,   92.07/s  (1.312s,   97.56/s)  LR: 4.952e-04  Data: 0.004 (0.012)
2024-04-04 15:24:03,784 - train - INFO - Train: 19 [ 450/781 ( 58%)]  Loss:  4.668755 (4.6126)  Time: 1.446s,   88.49/s  (1.316s,   97.27/s)  LR: 4.952e-04  Data: 0.030 (0.011)
2024-04-04 15:25:14,642 - train - INFO - Train: 19 [ 500/781 ( 64%)]  Loss:  4.130567 (4.6081)  Time: 1.407s,   91.01/s  (1.326s,   96.53/s)  LR: 4.952e-04  Data: 0.006 (0.012)
2024-04-04 15:26:24,450 - train - INFO - Train: 19 [ 550/781 ( 71%)]  Loss:  4.249185 (4.6099)  Time: 1.391s,   92.02/s  (1.332s,   96.07/s)  LR: 4.952e-04  Data: 0.017 (0.012)
2024-04-04 15:27:34,203 - train - INFO - Train: 19 [ 600/781 ( 77%)]  Loss:  4.225205 (4.6111)  Time: 1.430s,   89.50/s  (1.338s,   95.70/s)  LR: 4.952e-04  Data: 0.006 (0.012)
2024-04-04 15:28:40,260 - train - INFO - Train: 19 [ 650/781 ( 83%)]  Loss:  4.804139 (4.6133)  Time: 1.318s,   97.15/s  (1.336s,   95.79/s)  LR: 4.952e-04  Data: 0.004 (0.012)
2024-04-04 15:29:46,335 - train - INFO - Train: 19 [ 700/781 ( 90%)]  Loss:  4.673280 (4.6157)  Time: 1.474s,   86.87/s  (1.335s,   95.86/s)  LR: 4.952e-04  Data: 0.025 (0.012)
2024-04-04 15:30:51,649 - train - INFO - Train: 19 [ 750/781 ( 96%)]  Loss:  4.826570 (4.6175)  Time: 1.082s,  118.32/s  (1.333s,   96.00/s)  LR: 4.952e-04  Data: 0.017 (0.011)
2024-04-04 15:31:31,351 - train - INFO - Train: 19 [ 780/781 (100%)]  Loss:  4.323526 (4.6180)  Time: 1.458s,   87.81/s  (1.333s,   96.03/s)  LR: 4.952e-04  Data: 0.000 (0.011)
2024-04-04 15:31:32,607 - train - INFO - Test: [   0/78]  Time: 1.252 (1.252)  Loss:  2.1367 (2.1367)  Acc@1: 56.2500 (56.2500)  Acc@5: 77.3438 (77.3438)
2024-04-04 15:32:29,538 - train - INFO - Test: [  50/78]  Time: 1.234 (1.141)  Loss:  3.3145 (3.2550)  Acc@1: 34.3750 (29.4118)  Acc@5: 54.6875 (55.3922)
2024-04-04 15:33:01,118 - train - INFO - Test: [  78/78]  Time: 1.261 (1.136)  Loss:  3.6504 (3.2571)  Acc@1: 18.7500 (29.0800)  Acc@5: 25.0000 (55.1300)
2024-04-04 15:33:02,788 - train - INFO - Train: 20 [   0/781 (  0%)]  Loss:  4.363028 (4.3630)  Time: 1.548s,   82.69/s  (1.548s,   82.69/s)  LR: 4.946e-04  Data: 0.139 (0.139)
2024-04-04 15:34:08,858 - train - INFO - Train: 20 [  50/781 (  6%)]  Loss:  4.300974 (4.5706)  Time: 1.380s,   92.76/s  (1.326s,   96.54/s)  LR: 4.946e-04  Data: 0.004 (0.013)
2024-04-04 15:35:16,729 - train - INFO - Train: 20 [ 100/781 ( 13%)]  Loss:  4.422548 (4.5820)  Time: 1.426s,   89.76/s  (1.341s,   95.42/s)  LR: 4.946e-04  Data: 0.005 (0.012)
2024-04-04 15:36:23,804 - train - INFO - Train: 20 [ 150/781 ( 19%)]  Loss:  4.827270 (4.6176)  Time: 1.414s,   90.49/s  (1.341s,   95.42/s)  LR: 4.946e-04  Data: 0.023 (0.011)
2024-04-04 15:37:29,066 - train - INFO - Train: 20 [ 200/781 ( 26%)]  Loss:  4.856429 (4.6139)  Time: 1.535s,   83.39/s  (1.332s,   96.07/s)  LR: 4.946e-04  Data: 0.006 (0.011)
2024-04-04 15:38:34,943 - train - INFO - Train: 20 [ 250/781 ( 32%)]  Loss:  4.618252 (4.6201)  Time: 1.095s,  116.89/s  (1.329s,   96.28/s)  LR: 4.946e-04  Data: 0.006 (0.011)
2024-04-04 15:39:40,959 - train - INFO - Train: 20 [ 300/781 ( 38%)]  Loss:  4.840021 (4.6304)  Time: 1.000s,  128.03/s  (1.328s,   96.39/s)  LR: 4.946e-04  Data: 0.004 (0.011)
2024-04-04 15:40:46,839 - train - INFO - Train: 20 [ 350/781 ( 45%)]  Loss:  4.670146 (4.6315)  Time: 1.311s,   97.60/s  (1.326s,   96.50/s)  LR: 4.946e-04  Data: 0.004 (0.011)
2024-04-04 15:41:54,280 - train - INFO - Train: 20 [ 400/781 ( 51%)]  Loss:  4.823157 (4.6216)  Time: 1.453s,   88.10/s  (1.329s,   96.30/s)  LR: 4.946e-04  Data: 0.028 (0.011)
2024-04-04 15:43:02,929 - train - INFO - Train: 20 [ 450/781 ( 58%)]  Loss:  4.659743 (4.6222)  Time: 1.348s,   94.96/s  (1.334s,   95.95/s)  LR: 4.946e-04  Data: 0.007 (0.011)
2024-04-04 15:44:08,805 - train - INFO - Train: 20 [ 500/781 ( 64%)]  Loss:  4.662076 (4.6264)  Time: 1.066s,  120.12/s  (1.332s,   96.07/s)  LR: 4.946e-04  Data: 0.008 (0.011)
2024-04-04 15:45:14,543 - train - INFO - Train: 20 [ 550/781 ( 71%)]  Loss:  4.299120 (4.6258)  Time: 1.234s,  103.75/s  (1.331s,   96.18/s)  LR: 4.946e-04  Data: 0.010 (0.011)
2024-04-04 15:46:24,817 - train - INFO - Train: 20 [ 600/781 ( 77%)]  Loss:  4.758346 (4.6267)  Time: 1.337s,   95.73/s  (1.337s,   95.73/s)  LR: 4.946e-04  Data: 0.016 (0.011)
2024-04-04 15:47:36,150 - train - INFO - Train: 20 [ 650/781 ( 83%)]  Loss:  4.439505 (4.6212)  Time: 1.414s,   90.53/s  (1.344s,   95.24/s)  LR: 4.946e-04  Data: 0.009 (0.011)
2024-04-04 15:48:44,759 - train - INFO - Train: 20 [ 700/781 ( 90%)]  Loss:  4.452406 (4.6197)  Time: 1.419s,   90.18/s  (1.346s,   95.10/s)  LR: 4.946e-04  Data: 0.025 (0.011)
2024-04-04 15:49:51,092 - train - INFO - Train: 20 [ 750/781 ( 96%)]  Loss:  4.804673 (4.6180)  Time: 1.218s,  105.11/s  (1.345s,   95.19/s)  LR: 4.946e-04  Data: 0.013 (0.011)
2024-04-04 15:50:31,058 - train - INFO - Train: 20 [ 780/781 (100%)]  Loss:  4.864660 (4.6162)  Time: 1.376s,   93.05/s  (1.344s,   95.23/s)  LR: 4.946e-04  Data: 0.000 (0.011)
2024-04-04 15:50:32,384 - train - INFO - Test: [   0/78]  Time: 1.324 (1.324)  Loss:  2.3711 (2.3711)  Acc@1: 53.9062 (53.9062)  Acc@5: 75.0000 (75.0000)
2024-04-04 15:51:29,639 - train - INFO - Test: [  50/78]  Time: 1.178 (1.149)  Loss:  3.2246 (3.2673)  Acc@1: 34.3750 (29.6109)  Acc@5: 53.9062 (54.6569)
2024-04-04 15:52:01,338 - train - INFO - Test: [  78/78]  Time: 1.220 (1.143)  Loss:  3.3516 (3.2475)  Acc@1: 25.0000 (29.8700)  Acc@5: 31.2500 (55.1200)
2024-04-04 15:52:03,050 - train - INFO - Train: 21 [   0/781 (  0%)]  Loss:  4.822906 (4.8229)  Time: 1.607s,   79.65/s  (1.607s,   79.65/s)  LR: 4.941e-04  Data: 0.186 (0.186)
2024-04-04 15:53:08,304 - train - INFO - Train: 21 [  50/781 (  6%)]  Loss:  4.780150 (4.6040)  Time: 1.404s,   91.19/s  (1.311s,   97.64/s)  LR: 4.941e-04  Data: 0.026 (0.014)
2024-04-04 15:54:14,190 - train - INFO - Train: 21 [ 100/781 ( 13%)]  Loss:  4.808898 (4.5858)  Time: 1.349s,   94.90/s  (1.314s,   97.39/s)  LR: 4.941e-04  Data: 0.005 (0.012)
2024-04-04 15:55:21,086 - train - INFO - Train: 21 [ 150/781 ( 19%)]  Loss:  4.897075 (4.5979)  Time: 1.450s,   88.30/s  (1.322s,   96.82/s)  LR: 4.941e-04  Data: 0.033 (0.012)
2024-04-04 15:56:26,711 - train - INFO - Train: 21 [ 200/781 ( 26%)]  Loss:  4.894974 (4.6057)  Time: 1.487s,   86.07/s  (1.320s,   96.99/s)  LR: 4.941e-04  Data: 0.021 (0.012)
2024-04-04 15:57:32,552 - train - INFO - Train: 21 [ 250/781 ( 32%)]  Loss:  4.909405 (4.6152)  Time: 1.458s,   87.80/s  (1.319s,   97.03/s)  LR: 4.941e-04  Data: 0.008 (0.011)
2024-04-04 15:58:38,801 - train - INFO - Train: 21 [ 300/781 ( 38%)]  Loss:  4.409090 (4.6051)  Time: 1.461s,   87.60/s  (1.320s,   96.96/s)  LR: 4.941e-04  Data: 0.004 (0.012)
2024-04-04 15:59:45,358 - train - INFO - Train: 21 [ 350/781 ( 45%)]  Loss:  4.839662 (4.6145)  Time: 1.429s,   89.59/s  (1.322s,   96.85/s)  LR: 4.941e-04  Data: 0.011 (0.011)
2024-04-04 16:00:53,525 - train - INFO - Train: 21 [ 400/781 ( 51%)]  Loss:  4.193951 (4.6161)  Time: 1.377s,   92.93/s  (1.327s,   96.47/s)  LR: 4.941e-04  Data: 0.009 (0.011)
2024-04-04 16:01:58,998 - train - INFO - Train: 21 [ 450/781 ( 58%)]  Loss:  4.793783 (4.6109)  Time: 1.299s,   98.52/s  (1.325s,   96.61/s)  LR: 4.941e-04  Data: 0.009 (0.011)
2024-04-04 16:03:05,275 - train - INFO - Train: 21 [ 500/781 ( 64%)]  Loss:  4.846171 (4.6086)  Time: 1.390s,   92.06/s  (1.325s,   96.61/s)  LR: 4.941e-04  Data: 0.011 (0.011)
2024-04-04 16:04:11,985 - train - INFO - Train: 21 [ 550/781 ( 71%)]  Loss:  4.862752 (4.6030)  Time: 1.365s,   93.78/s  (1.326s,   96.55/s)  LR: 4.941e-04  Data: 0.004 (0.011)
2024-04-04 16:05:20,205 - train - INFO - Train: 21 [ 600/781 ( 77%)]  Loss:  4.892571 (4.5982)  Time: 1.458s,   87.81/s  (1.329s,   96.31/s)  LR: 4.941e-04  Data: 0.022 (0.011)
2024-04-04 16:06:29,516 - train - INFO - Train: 21 [ 650/781 ( 83%)]  Loss:  4.784079 (4.5987)  Time: 1.470s,   87.05/s  (1.333s,   96.00/s)  LR: 4.941e-04  Data: 0.009 (0.011)
2024-04-04 16:07:40,756 - train - INFO - Train: 21 [ 700/781 ( 90%)]  Loss:  4.207468 (4.5980)  Time: 1.467s,   87.26/s  (1.340s,   95.53/s)  LR: 4.941e-04  Data: 0.017 (0.011)
2024-04-04 16:08:50,734 - train - INFO - Train: 21 [ 750/781 ( 96%)]  Loss:  4.868227 (4.5994)  Time: 1.392s,   91.95/s  (1.344s,   95.25/s)  LR: 4.941e-04  Data: 0.017 (0.011)
2024-04-04 16:09:30,423 - train - INFO - Train: 21 [ 780/781 (100%)]  Loss:  4.688493 (4.5997)  Time: 1.295s,   98.84/s  (1.343s,   95.30/s)  LR: 4.941e-04  Data: 0.000 (0.011)
2024-04-04 16:09:31,550 - train - INFO - Test: [   0/78]  Time: 1.125 (1.125)  Loss:  1.9805 (1.9805)  Acc@1: 59.3750 (59.3750)  Acc@5: 83.5938 (83.5938)
2024-04-04 16:10:29,106 - train - INFO - Test: [  50/78]  Time: 1.247 (1.151)  Loss:  3.0645 (3.2196)  Acc@1: 35.1562 (30.1317)  Acc@5: 61.7188 (56.1887)
2024-04-04 16:11:00,901 - train - INFO - Test: [  78/78]  Time: 0.964 (1.145)  Loss:  3.3242 (3.2164)  Acc@1: 25.0000 (29.5700)  Acc@5: 43.7500 (56.2400)
2024-04-04 16:11:02,409 - train - INFO - Train: 22 [   0/781 (  0%)]  Loss:  4.422559 (4.4226)  Time: 1.405s,   91.10/s  (1.405s,   91.10/s)  LR: 4.935e-04  Data: 0.127 (0.127)
2024-04-04 16:12:08,651 - train - INFO - Train: 22 [  50/781 (  6%)]  Loss:  4.816205 (4.6556)  Time: 1.428s,   89.63/s  (1.326s,   96.50/s)  LR: 4.935e-04  Data: 0.006 (0.013)
2024-04-04 16:13:13,918 - train - INFO - Train: 22 [ 100/781 ( 13%)]  Loss:  4.685582 (4.6417)  Time: 1.403s,   91.23/s  (1.316s,   97.27/s)  LR: 4.935e-04  Data: 0.011 (0.012)
2024-04-04 16:14:20,095 - train - INFO - Train: 22 [ 150/781 ( 19%)]  Loss:  4.928980 (4.6348)  Time: 1.389s,   92.15/s  (1.318s,   97.08/s)  LR: 4.935e-04  Data: 0.005 (0.011)
2024-04-04 16:15:26,264 - train - INFO - Train: 22 [ 200/781 ( 26%)]  Loss:  4.645999 (4.6419)  Time: 1.366s,   93.69/s  (1.320s,   96.99/s)  LR: 4.935e-04  Data: 0.006 (0.011)
2024-04-04 16:16:32,406 - train - INFO - Train: 22 [ 250/781 ( 32%)]  Loss:  4.808519 (4.6361)  Time: 1.138s,  112.50/s  (1.320s,   96.95/s)  LR: 4.935e-04  Data: 0.006 (0.011)
2024-04-04 16:17:38,635 - train - INFO - Train: 22 [ 300/781 ( 38%)]  Loss:  4.218212 (4.6268)  Time: 1.363s,   93.90/s  (1.321s,   96.90/s)  LR: 4.935e-04  Data: 0.004 (0.011)
2024-04-04 16:18:48,051 - train - INFO - Train: 22 [ 350/781 ( 45%)]  Loss:  4.855112 (4.6198)  Time: 1.437s,   89.08/s  (1.331s,   96.20/s)  LR: 4.935e-04  Data: 0.017 (0.011)
2024-04-04 16:19:55,680 - train - INFO - Train: 22 [ 400/781 ( 51%)]  Loss:  4.493509 (4.6156)  Time: 1.330s,   96.24/s  (1.333s,   96.00/s)  LR: 4.935e-04  Data: 0.012 (0.011)
2024-04-04 16:21:02,337 - train - INFO - Train: 22 [ 450/781 ( 58%)]  Loss:  4.512528 (4.6097)  Time: 1.304s,   98.13/s  (1.333s,   96.00/s)  LR: 4.935e-04  Data: 0.004 (0.011)
2024-04-04 16:22:09,522 - train - INFO - Train: 22 [ 500/781 ( 64%)]  Loss:  4.328890 (4.6071)  Time: 1.095s,  116.87/s  (1.334s,   95.93/s)  LR: 4.935e-04  Data: 0.004 (0.011)
2024-04-04 16:23:16,758 - train - INFO - Train: 22 [ 550/781 ( 71%)]  Loss:  4.572628 (4.6030)  Time: 1.479s,   86.53/s  (1.335s,   95.86/s)  LR: 4.935e-04  Data: 0.007 (0.011)
2024-04-04 16:24:23,969 - train - INFO - Train: 22 [ 600/781 ( 77%)]  Loss:  4.860253 (4.5998)  Time: 1.437s,   89.07/s  (1.336s,   95.81/s)  LR: 4.935e-04  Data: 0.004 (0.011)
2024-04-04 16:25:34,158 - train - INFO - Train: 22 [ 650/781 ( 83%)]  Loss:  4.793669 (4.5948)  Time: 1.323s,   96.75/s  (1.341s,   95.44/s)  LR: 4.935e-04  Data: 0.011 (0.011)
2024-04-04 16:26:40,772 - train - INFO - Train: 22 [ 700/781 ( 90%)]  Loss:  4.749373 (4.5932)  Time: 1.250s,  102.43/s  (1.341s,   95.48/s)  LR: 4.935e-04  Data: 0.021 (0.011)
2024-04-04 16:27:50,370 - train - INFO - Train: 22 [ 750/781 ( 96%)]  Loss:  4.447502 (4.5942)  Time: 1.504s,   85.09/s  (1.344s,   95.24/s)  LR: 4.935e-04  Data: 0.004 (0.011)
2024-04-04 16:28:32,994 - train - INFO - Train: 22 [ 780/781 (100%)]  Loss:  4.945755 (4.5956)  Time: 1.407s,   90.99/s  (1.347s,   95.03/s)  LR: 4.935e-04  Data: 0.000 (0.011)
2024-04-04 16:28:34,345 - train - INFO - Test: [   0/78]  Time: 1.348 (1.348)  Loss:  1.8115 (1.8115)  Acc@1: 64.0625 (64.0625)  Acc@5: 79.6875 (79.6875)
2024-04-04 16:29:37,042 - train - INFO - Test: [  50/78]  Time: 1.138 (1.256)  Loss:  3.0898 (3.2031)  Acc@1: 32.8125 (30.0705)  Acc@5: 59.3750 (56.2806)
2024-04-04 16:30:10,771 - train - INFO - Test: [  78/78]  Time: 1.055 (1.238)  Loss:  3.6562 (3.1958)  Acc@1: 18.7500 (29.9000)  Acc@5: 25.0000 (56.3900)
2024-04-04 16:30:12,575 - train - INFO - Train: 23 [   0/781 (  0%)]  Loss:  4.632600 (4.6326)  Time: 1.683s,   76.07/s  (1.683s,   76.07/s)  LR: 4.929e-04  Data: 0.274 (0.274)
