2024-04-17 17:14:29,068 - train - INFO - Model vit_7_4_32 created, param count:3717072
2024-04-17 17:14:31,796 - train - INFO - Using native Torch AMP. Training in mixed precision.
2024-04-17 17:14:31,797 - train - INFO - Scheduled epochs: 11
2024-04-17 17:14:33,332 - train - INFO - Verifying initial model
2024-04-17 17:14:37,341 - train - INFO - Test: [   0/39]  Time: 4.008 (4.008)  Loss:  0.3433 (0.3433)  Acc@1: 93.7500 (93.7500)  Acc@5: 100.0000 (100.0000)
2024-04-17 17:14:44,185 - train - INFO - Test: [  39/39]  Time: 0.277 (0.271)  Loss:  0.3740 (0.3449)  Acc@1: 93.7500 (93.5400)  Acc@5: 100.0000 (99.7600)
2024-04-17 17:15:08,468 - train - INFO - len trace:30
2024-04-17 17:15:08,469 - train - INFO - target_block_size:8
2024-04-17 17:15:08,470 - train - INFO - use cal_mse
2024-04-17 17:15:08,523 - train - INFO - use cal_mse
2024-04-17 17:15:08,576 - train - INFO - use cal_mse
2024-04-17 17:15:08,621 - train - INFO - use cal_mse
2024-04-17 17:15:08,686 - train - INFO - use cal_mse
2024-04-17 17:15:08,754 - train - INFO - use cal_mse
2024-04-17 17:15:08,818 - train - INFO - use cal_mse
2024-04-17 17:15:08,860 - train - INFO - use cal_mse
2024-04-17 17:15:08,910 - train - INFO - use cal_mse
2024-04-17 17:15:08,955 - train - INFO - use cal_mse
2024-04-17 17:15:08,999 - train - INFO - use cal_mse
2024-04-17 17:15:09,062 - train - INFO - use cal_mse
2024-04-17 17:15:09,126 - train - INFO - use cal_mse
2024-04-17 17:15:09,190 - train - INFO - use cal_mse
2024-04-17 17:15:09,249 - train - INFO - use cal_mse
2024-04-17 17:15:09,294 - train - INFO - use cal_mse
2024-04-17 17:15:09,338 - train - INFO - use cal_mse
2024-04-17 17:15:09,378 - train - INFO - use cal_mse
2024-04-17 17:15:09,415 - train - INFO - use cal_mse
2024-04-17 17:15:09,465 - train - INFO - use cal_mse
2024-04-17 17:15:09,514 - train - INFO - use cal_mse
2024-04-17 17:15:09,563 - train - INFO - use cal_mse
2024-04-17 17:15:09,613 - train - INFO - use cal_mse
2024-04-17 17:15:09,641 - train - INFO - use cal_mse
2024-04-17 17:15:09,667 - train - INFO - use cal_mse
2024-04-17 17:15:09,701 - train - INFO - use cal_mse
2024-04-17 17:15:09,733 - train - INFO - use cal_mse
2024-04-17 17:15:09,767 - train - INFO - use cal_mse
2024-04-17 17:15:09,795 - train - INFO - use cal_mse
2024-04-17 17:15:09,798 - train - INFO - cir_idx:[1, 2, 3, 4, 5, 6, 7, 8, 9, 10, 11, 12, 13, 14, 15, 16, 17, 18, 19, 20, 21, 22, 23, 24, 25, 26, 27, 28, 29]
2024-04-17 17:15:09,798 - train - INFO - len traces:(30,)
2024-04-17 17:15:09,799 - train - INFO - traces:[7.46294745e-02 2.48522317e-05 2.40215686e-04 5.71775247e-04
 7.85752345e-04 4.67744977e-05 2.48959019e-04 6.29493841e-04
 1.71224832e-04 1.01698212e-04 1.85648175e-04 3.82059950e-04
 1.41304514e-04 7.99151982e-05 1.60242756e-04 1.26699897e-04
 7.41900974e-05 5.49125053e-05 1.06469994e-04 1.09328887e-04
 4.24550761e-05 4.53924693e-05 1.04196210e-04 6.56338270e-05
 7.21965640e-05 3.00714618e-05 6.94423271e-05 1.87536829e-04
 2.80821869e-04 2.23021551e-02]
2024-04-17 17:15:09,799 - train - INFO - len params:29
2024-04-17 17:15:09,799 - train - INFO - params[0].shape:torch.Size([768, 256])
2024-04-17 17:15:09,799 - train - INFO - delta_weights_b1:[0, 0, 0, 0, 0, 0, 0, 0, 0, 0, 0, 0, 0, 0, 0, 0, 0, 0, 0, 0, 0, 0, 0, 0, 0, 0, 0, 0, 0]
2024-04-17 17:15:09,800 - train - INFO - delta_weights_b2:[253.64955139160156, 18.688472747802734, 130.1954803466797, 139.90875244140625, 201.66851806640625, 55.39387512207031, 154.62498474121094, 172.21775817871094, 227.76837158203125, 68.49755859375, 164.35951232910156, 188.9886474609375, 228.0215606689453, 70.08354187011719, 168.9188232421875, 195.68434143066406, 232.82211303710938, 61.568153381347656, 179.01861572265625, 202.73867797851562, 224.53024291992188, 60.31703186035156, 187.53868103027344, 200.0284881591797, 193.63926696777344, 68.28578186035156, 96.57196807861328, 137.50759887695312, 0.7647928595542908]
2024-04-17 17:15:09,800 - train - INFO - delta_weights_b4:[381.3846435546875, 27.928319931030273, 195.26622009277344, 210.23362731933594, 303.2688903808594, 83.30355072021484, 232.43284606933594, 258.2861633300781, 340.315185546875, 102.911865234375, 247.1004180908203, 284.8897399902344, 341.567626953125, 104.8598403930664, 251.3135528564453, 295.74896240234375, 347.4084167480469, 92.53372192382812, 266.8142395019531, 302.2767639160156, 337.3533020019531, 90.85566711425781, 280.5379638671875, 301.9411926269531, 289.5821228027344, 102.54756927490234, 145.286865234375, 205.7406768798828, 0.7647928595542908]
2024-04-17 17:15:09,800 - train - INFO - delta_weights_b8:[443.8382263183594, 32.57497787475586, 227.7398223876953, 245.2235870361328, 352.921142578125, 97.35958099365234, 270.8169860839844, 300.8656005859375, 397.4747009277344, 119.57796478271484, 287.5572204589844, 332.92535400390625, 399.4737548828125, 122.52760314941406, 293.0303649902344, 345.0860595703125, 404.81689453125, 108.14601135253906, 310.4200744628906, 352.8160400390625, 393.4080505371094, 106.03592681884766, 328.0809326171875, 351.15692138671875, 338.3175964355469, 119.79529571533203, 169.6912841796875, 240.21656799316406, 0.7647928595542908]
2024-04-17 17:15:09,800 - train - INFO - delta_weights_b16:[474.9398193359375, 34.87391662597656, 243.30348205566406, 262.3939208984375, 377.6570129394531, 104.28543090820312, 289.5447998046875, 322.4865417480469, 426.54852294921875, 128.31317138671875, 308.1288146972656, 356.2181091308594, 427.0355529785156, 131.10284423828125, 314.03265380859375, 369.8949279785156, 433.7110900878906, 116.11931610107422, 333.8702697753906, 378.7670593261719, 420.74749755859375, 113.57090759277344, 351.3424377441406, 375.2606201171875, 362.6225891113281, 128.33309936523438, 182.42054748535156, 257.08984375, 0.7647928595542908]
2024-04-17 17:15:09,800 - train - INFO - delta_weights_b32:[]
2024-04-17 17:15:09,805 - train - INFO - sensitivity_b2:[0.00630376 0.00448926 0.07444255 0.10993363 0.00943294 0.0137908
 0.09733548 0.02948796 0.02316364 0.01271645 0.06279519 0.02670495
 0.01822239 0.01123038 0.021402   0.01451784 0.01278485 0.00655516
 0.01957191 0.00860729 0.01019198 0.00628481 0.01230888 0.01444137
 0.00582302 0.00474192 0.0181108  0.03861514 0.01705653]
2024-04-17 17:15:09,805 - train - INFO - sensitivity_b4:[0.00947826 0.00670882 0.11164839 0.16519157 0.01418525 0.02073917
 0.14631505 0.044225   0.03460945 0.0191054  0.09440717 0.04025621
 0.02729644 0.01680303 0.0318414  0.02194164 0.01907707 0.00985206
 0.0291705  0.01283318 0.0153133  0.00946682 0.01841278 0.02179912
 0.00870816 0.00712114 0.02724664 0.05777648 0.01705653]
2024-04-17 17:15:09,805 - train - INFO - sensitivity_b8:[0.01103037 0.00782502 0.13021599 0.19268501 0.01650771 0.02423855
 0.17047762 0.05151566 0.04042247 0.02219943 0.1098641  0.04704386
 0.03192402 0.01963416 0.03712692 0.02560197 0.02222951 0.01151431
 0.03393788 0.01497883 0.01785776 0.01104854 0.02153321 0.02535232
 0.0101737  0.00831886 0.03182337 0.06745807 0.01705653]
2024-04-17 17:15:09,805 - train - INFO - sensitivity_b16:[0.01180331 0.00837726 0.13911491 0.20617664 0.01766472 0.0259628
 0.18226667 0.0552177  0.04337922 0.02382111 0.11772368 0.05033523
 0.03412663 0.02100828 0.0397879  0.02744254 0.02381616 0.01236322
 0.03650167 0.01608058 0.01909877 0.01183366 0.02305995 0.02709253
 0.01090459 0.00891175 0.03421057 0.07219645 0.01705653]
2024-04-17 17:15:10,010 - train - INFO - result:[16 16  8  1 16  8  1 16 16 16 16 16 16 16 16 16 16 16 16 16 16 16 16 16
 16 16 16 16  1]
2024-04-17 17:15:10,010 - train - INFO - origin_latency:1472.6674976348877
2024-04-17 17:15:10,011 - train - INFO - current_latency-origin_latency:-6.34498405456543
2024-04-17 17:16:02,536 - train - INFO - Model vit_7_4_32 created, param count:3717072
2024-04-17 17:16:05,091 - train - INFO - Using native Torch AMP. Training in mixed precision.
2024-04-17 17:16:05,091 - train - INFO - Scheduled epochs: 11
2024-04-17 17:16:06,794 - train - INFO - Verifying initial model
2024-04-17 17:16:10,622 - train - INFO - Test: [   0/39]  Time: 3.827 (3.827)  Loss:  0.3433 (0.3433)  Acc@1: 93.7500 (93.7500)  Acc@5: 100.0000 (100.0000)
2024-04-17 17:16:17,180 - train - INFO - Test: [  39/39]  Time: 0.182 (0.260)  Loss:  0.3740 (0.3449)  Acc@1: 93.7500 (93.5400)  Acc@5: 100.0000 (99.7600)
2024-04-17 17:16:41,550 - train - INFO - len trace:30
2024-04-17 17:16:41,551 - train - INFO - target_block_size:4
2024-04-17 17:16:41,553 - train - INFO - use cal_mse
2024-04-17 17:16:41,625 - train - INFO - use cal_mse
2024-04-17 17:16:41,693 - train - INFO - use cal_mse
2024-04-17 17:16:41,756 - train - INFO - use cal_mse
2024-04-17 17:16:41,797 - train - INFO - use cal_mse
2024-04-17 17:16:41,849 - train - INFO - use cal_mse
2024-04-17 17:16:41,898 - train - INFO - use cal_mse
2024-04-17 17:16:41,953 - train - INFO - use cal_mse
2024-04-17 17:16:42,010 - train - INFO - use cal_mse
2024-04-17 17:16:42,065 - train - INFO - use cal_mse
2024-04-17 17:16:42,117 - train - INFO - use cal_mse
2024-04-17 17:16:42,168 - train - INFO - use cal_mse
2024-04-17 17:16:42,195 - train - INFO - use cal_mse
2024-04-17 17:16:42,231 - train - INFO - use cal_mse
2024-04-17 17:16:42,268 - train - INFO - use cal_mse
2024-04-17 17:16:42,308 - train - INFO - use cal_mse
2024-04-17 17:16:42,356 - train - INFO - use cal_mse
2024-04-17 17:16:42,407 - train - INFO - use cal_mse
2024-04-17 17:16:42,459 - train - INFO - use cal_mse
2024-04-17 17:16:42,512 - train - INFO - use cal_mse
2024-04-17 17:16:42,564 - train - INFO - use cal_mse
2024-04-17 17:16:42,592 - train - INFO - use cal_mse
2024-04-17 17:16:42,628 - train - INFO - use cal_mse
2024-04-17 17:16:42,658 - train - INFO - use cal_mse
2024-04-17 17:16:42,694 - train - INFO - use cal_mse
2024-04-17 17:16:42,739 - train - INFO - use cal_mse
2024-04-17 17:16:42,790 - train - INFO - use cal_mse
2024-04-17 17:16:42,842 - train - INFO - use cal_mse
2024-04-17 17:16:42,891 - train - INFO - use cal_mse
2024-04-17 17:16:42,919 - train - INFO - cir_idx:[1, 2, 3, 4, 5, 6, 7, 8, 9, 10, 11, 12, 13, 14, 15, 16, 17, 18, 19, 20, 21, 22, 23, 24, 25, 26, 27, 28, 29]
2024-04-17 17:16:42,920 - train - INFO - len traces:(30,)
2024-04-17 17:16:42,921 - train - INFO - traces:[7.46294745e-02 2.48522317e-05 2.40215686e-04 5.71775247e-04
 7.85752345e-04 4.67744977e-05 2.48959019e-04 6.29493841e-04
 1.71224832e-04 1.01698212e-04 1.85648175e-04 3.82059950e-04
 1.41304514e-04 7.99151982e-05 1.60242756e-04 1.26699897e-04
 7.41900974e-05 5.49125053e-05 1.06469994e-04 1.09328887e-04
 4.24550761e-05 4.53924693e-05 1.04196210e-04 6.56338270e-05
 7.21965640e-05 3.00714618e-05 6.94423271e-05 1.87536829e-04
 2.80821869e-04 2.23021551e-02]
2024-04-17 17:16:42,921 - train - INFO - len params:29
2024-04-17 17:16:42,921 - train - INFO - params[0].shape:torch.Size([768, 256])
2024-04-17 17:16:42,921 - train - INFO - delta_weights_b1:[0, 0, 0, 0, 0, 0, 0, 0, 0, 0, 0, 0, 0, 0, 0, 0, 0, 0, 0, 0, 0, 0, 0, 0, 0, 0, 0, 0, 0]
2024-04-17 17:16:42,921 - train - INFO - delta_weights_b2:[253.64955139160156, 18.688472747802734, 130.1954803466797, 139.90875244140625, 201.66851806640625, 55.39387512207031, 154.62498474121094, 172.21775817871094, 227.76837158203125, 68.49755859375, 164.35951232910156, 188.9886474609375, 228.0215606689453, 70.08354187011719, 168.9188232421875, 195.68434143066406, 232.82211303710938, 61.568153381347656, 179.01861572265625, 202.73867797851562, 224.53024291992188, 60.31703186035156, 187.53868103027344, 200.0284881591797, 193.63926696777344, 68.28578186035156, 96.57196807861328, 137.50759887695312, 0.7647928595542908]
2024-04-17 17:16:42,921 - train - INFO - delta_weights_b4:[381.3846435546875, 27.928319931030273, 195.26622009277344, 210.23362731933594, 303.2688903808594, 83.30355072021484, 232.43284606933594, 258.2861633300781, 340.315185546875, 102.911865234375, 247.1004180908203, 284.8897399902344, 341.567626953125, 104.8598403930664, 251.3135528564453, 295.74896240234375, 347.4084167480469, 92.53372192382812, 266.8142395019531, 302.2767639160156, 337.3533020019531, 90.85566711425781, 280.5379638671875, 301.9411926269531, 289.5821228027344, 102.54756927490234, 145.286865234375, 205.7406768798828, 0.7647928595542908]
2024-04-17 17:16:42,921 - train - INFO - delta_weights_b8:[443.8382263183594, 32.57497787475586, 227.7398223876953, 245.2235870361328, 352.921142578125, 97.35958099365234, 270.8169860839844, 300.8656005859375, 397.4747009277344, 119.57796478271484, 287.5572204589844, 332.92535400390625, 399.4737548828125, 122.52760314941406, 293.0303649902344, 345.0860595703125, 404.81689453125, 108.14601135253906, 310.4200744628906, 352.8160400390625, 393.4080505371094, 106.03592681884766, 328.0809326171875, 351.15692138671875, 338.3175964355469, 119.79529571533203, 169.6912841796875, 240.21656799316406, 0.7647928595542908]
2024-04-17 17:16:42,921 - train - INFO - delta_weights_b16:[474.9398193359375, 34.87391662597656, 243.30348205566406, 262.3939208984375, 377.6570129394531, 104.28543090820312, 289.5447998046875, 322.4865417480469, 426.54852294921875, 128.31317138671875, 308.1288146972656, 356.2181091308594, 427.0355529785156, 131.10284423828125, 314.03265380859375, 369.8949279785156, 433.7110900878906, 116.11931610107422, 333.8702697753906, 378.7670593261719, 420.74749755859375, 113.57090759277344, 351.3424377441406, 375.2606201171875, 362.6225891113281, 128.33309936523438, 182.42054748535156, 257.08984375, 0.7647928595542908]
2024-04-17 17:16:42,921 - train - INFO - delta_weights_b32:[]
2024-04-17 17:16:42,926 - train - INFO - sensitivity_b2:[0.00630376 0.00448926 0.07444255 0.10993363 0.00943294 0.0137908
 0.09733548 0.02948796 0.02316364 0.01271645 0.06279519 0.02670495
 0.01822239 0.01123038 0.021402   0.01451784 0.01278485 0.00655516
 0.01957191 0.00860729 0.01019198 0.00628481 0.01230888 0.01444137
 0.00582302 0.00474192 0.0181108  0.03861514 0.01705653]
2024-04-17 17:16:42,927 - train - INFO - sensitivity_b4:[0.00947826 0.00670882 0.11164839 0.16519157 0.01418525 0.02073917
 0.14631505 0.044225   0.03460945 0.0191054  0.09440717 0.04025621
 0.02729644 0.01680303 0.0318414  0.02194164 0.01907707 0.00985206
 0.0291705  0.01283318 0.0153133  0.00946682 0.01841278 0.02179912
 0.00870816 0.00712114 0.02724664 0.05777648 0.01705653]
2024-04-17 17:16:42,927 - train - INFO - sensitivity_b8:[0.01103037 0.00782502 0.13021599 0.19268501 0.01650771 0.02423855
 0.17047762 0.05151566 0.04042247 0.02219943 0.1098641  0.04704386
 0.03192402 0.01963416 0.03712692 0.02560197 0.02222951 0.01151431
 0.03393788 0.01497883 0.01785776 0.01104854 0.02153321 0.02535232
 0.0101737  0.00831886 0.03182337 0.06745807 0.01705653]
2024-04-17 17:16:42,927 - train - INFO - sensitivity_b16:[0.01180331 0.00837726 0.13911491 0.20617664 0.01766472 0.0259628
 0.18226667 0.0552177  0.04337922 0.02382111 0.11772368 0.05033523
 0.03412663 0.02100828 0.0397879  0.02744254 0.02381616 0.01236322
 0.03650167 0.01608058 0.01909877 0.01183366 0.02305995 0.02709253
 0.01090459 0.00891175 0.03421057 0.07219645 0.01705653]
2024-04-17 17:16:43,090 - train - INFO - result:[16 16  1  1 16  8  1  1 16  8  1 16 16 16 16 16 16 16 16 16 16 16 16 16
 16 16 16  1  1]
2024-04-17 17:16:43,091 - train - INFO - origin_latency:2696.284996032715
2024-04-17 17:16:43,091 - train - INFO - current_latency-origin_latency:-10.864940643310547
2024-04-17 21:45:21,124 - train - INFO - Model vit_7_4_32 created, param count:3717072
2024-04-17 21:45:24,793 - train - INFO - Using native Torch AMP. Training in mixed precision.
2024-04-17 21:45:24,794 - train - INFO - Scheduled epochs: 11
2024-04-17 21:45:26,819 - train - INFO - Verifying initial model
2024-04-17 21:45:31,883 - train - INFO - Test: [   0/39]  Time: 5.062 (5.062)  Loss:  0.3433 (0.3433)  Acc@1: 93.7500 (93.7500)  Acc@5: 100.0000 (100.0000)
2024-04-17 21:45:41,856 - train - INFO - Test: [  39/39]  Time: 0.276 (0.376)  Loss:  0.3740 (0.3449)  Acc@1: 93.7500 (93.5400)  Acc@5: 100.0000 (99.7600)
2024-04-17 21:46:07,989 - train - INFO - len trace:30
2024-04-17 21:46:07,990 - train - INFO - target_block_size:8
2024-04-17 21:46:07,991 - train - INFO - use cal_delta_z
2024-04-17 21:46:08,170 - train - INFO - use cal_delta_z
2024-04-17 21:46:08,366 - train - INFO - use cal_delta_z
2024-04-17 21:46:08,415 - train - INFO - use cal_delta_z
2024-04-17 21:46:08,531 - train - INFO - use cal_delta_z
2024-04-17 21:46:08,647 - train - INFO - use cal_delta_z
2024-04-17 21:46:08,852 - train - INFO - use cal_delta_z
2024-04-17 21:46:08,963 - train - INFO - use cal_delta_z
2024-04-17 21:46:09,063 - train - INFO - use cal_delta_z
2024-04-17 21:46:09,270 - train - INFO - use cal_delta_z
2024-04-17 21:46:09,380 - train - INFO - use cal_delta_z
2024-04-17 21:46:09,483 - train - INFO - use cal_delta_z
2024-04-17 21:46:09,624 - train - INFO - use cal_delta_z
2024-04-17 21:46:09,828 - train - INFO - use cal_delta_z
2024-04-17 21:46:09,883 - train - INFO - use cal_delta_z
2024-04-17 21:46:10,004 - train - INFO - use cal_delta_z
2024-04-17 21:46:10,164 - train - INFO - use cal_delta_z
2024-04-17 21:46:10,315 - train - INFO - use cal_delta_z
2024-04-17 21:46:10,436 - train - INFO - use cal_delta_z
2024-04-17 21:46:10,552 - train - INFO - use cal_delta_z
2024-04-17 21:46:10,745 - train - INFO - use cal_delta_z
2024-04-17 21:46:10,803 - train - INFO - use cal_delta_z
2024-04-17 21:46:10,929 - train - INFO - use cal_delta_z
2024-04-17 21:46:11,111 - train - INFO - use cal_delta_z
2024-04-17 21:46:11,249 - train - INFO - use cal_delta_z
2024-04-17 21:46:11,347 - train - INFO - use cal_delta_z
2024-04-17 21:46:11,478 - train - INFO - use cal_delta_z
2024-04-17 21:46:11,674 - train - INFO - use cal_delta_z
2024-04-17 21:46:11,747 - train - INFO - use cal_delta_z
2024-04-17 21:46:11,778 - train - INFO - cir_idx:[1, 2, 3, 4, 5, 6, 7, 8, 9, 10, 11, 12, 13, 14, 15, 16, 17, 18, 19, 20, 21, 22, 23, 24, 25, 26, 27, 28, 29]
2024-04-17 21:46:11,779 - train - INFO - len traces:(30,)
2024-04-17 21:46:11,780 - train - INFO - traces:[7.46294745e-02 2.48522317e-05 2.40215686e-04 5.71775247e-04
 7.85752345e-04 4.67744977e-05 2.48959019e-04 6.29493841e-04
 1.71224832e-04 1.01698212e-04 1.85648175e-04 3.82059950e-04
 1.41304514e-04 7.99151982e-05 1.60242756e-04 1.26699897e-04
 7.41900974e-05 5.49125053e-05 1.06469994e-04 1.09328887e-04
 4.24550761e-05 4.53924693e-05 1.04196210e-04 6.56338270e-05
 7.21965640e-05 3.00714618e-05 6.94423271e-05 1.87536829e-04
 2.80821869e-04 2.23021551e-02]
2024-04-17 21:46:11,780 - train - INFO - len params:29
2024-04-17 21:46:11,780 - train - INFO - params[0].shape:torch.Size([768, 256])
2024-04-17 21:46:11,780 - train - INFO - delta_weights_b1:[0, 0, 0, 0, 0, 0, 0, 0, 0, 0, 0, 0, 0, 0, 0, 0, 0, 0, 0, 0, 0, 0, 0, 0, 0, 0, 0, 0, 0]
2024-04-17 21:46:11,780 - train - INFO - delta_weights_b2:[590828.75, 4750.16796875, 9464863.0, 939424.0, 1851681.125, 162443.515625, 7005589.5, 284526.1875, 2635461.25, 231797.046875, 8414761.0, 245461.28125, 2549238.0, 195016.703125, 11665307.0, 215915.75, 2356833.0, 144960.3125, 13416660.0, 223009.796875, 2112492.0, 158569.296875, 8631087.0, 378860.25, 1738132.0, 368652.1875, 1872862.375, 645698.4375, 912.4435424804688]
2024-04-17 21:46:11,780 - train - INFO - delta_weights_b4:[1221595.625, 9890.525390625, 18951134.0, 1659969.0, 3600425.75, 324043.40625, 13947778.0, 463527.84375, 4975194.5, 435936.4375, 16264563.0, 387993.5, 4651420.0, 347401.8125, 21591800.0, 341791.96875, 4160120.5, 271848.375, 24361310.0, 354572.34375, 3766595.75, 277780.53125, 16122438.0, 636845.3125, 3057997.25, 721260.0625, 3297383.0, 1132114.5, 912.4435424804688]
2024-04-17 21:46:11,780 - train - INFO - delta_weights_b8:[1619946.0, 13118.5849609375, 26083010.0, 2065611.375, 4635888.5, 424572.4375, 18463312.0, 564287.8125, 6412791.0, 555645.875, 20615218.0, 466588.375, 5937314.0, 446890.875, 26714492.0, 413006.96875, 5211682.0, 348885.125, 31203456.0, 423311.625, 4715770.5, 348840.6875, 21551904.0, 776229.9375, 3841781.0, 948477.1875, 4190599.25, 1430505.625, 912.4435424804688]
2024-04-17 21:46:11,781 - train - INFO - delta_weights_b16:[1833176.875, 14809.423828125, 28350238.0, 2286218.5, 5220355.0, 481986.03125, 19738070.0, 618030.6875, 7245657.5, 625459.25, 22113208.0, 502900.59375, 6587917.5, 497952.8125, 29379296.0, 447785.03125, 5786838.0, 391888.84375, 35673380.0, 462567.4375, 5234613.5, 388622.5, 24532726.0, 852450.4375, 4272977.5, 1075261.125, 4713493.5, 1597907.75, 912.4435424804688]
2024-04-17 21:46:11,781 - train - INFO - delta_weights_b32:[]
2024-04-17 21:46:11,786 - train - INFO - sensitivity_b2:[1.46834130e+01 1.14106486e+00 5.41177438e+03 7.38154611e+02
 8.66114546e+01 4.04417783e+01 4.40997545e+03 4.87179487e+01
 2.68021697e+02 4.30326988e+01 3.21494316e+03 3.46847871e+01
 2.03722860e+02 3.12500141e+01 1.47799320e+03 1.60188105e+01
 1.29419605e+02 1.54339235e+01 1.46682851e+03 9.46789791e+00
 9.58912282e+01 1.65223197e+01 5.66491271e+02 2.73524083e+01
 5.22681701e+01 2.56000658e+01 3.51230670e+02 1.81326242e+02
 2.03494574e+01]
2024-04-17 21:46:11,786 - train - INFO - sensitivity_b4:[3.03593775e+01 2.37585934e+00 1.08357893e+04 1.30432453e+03
 1.68408106e+02 8.06735286e+01 8.78004035e+03 7.93674773e+01
 5.05968385e+02 8.09308042e+01 6.21403812e+03 5.48252330e+01
 3.71719151e+02 5.56686240e+01 2.73567884e+03 2.53575794e+01
 2.28442639e+02 2.89436947e+01 2.66339491e+03 1.50533959e+01
 1.70975082e+02 2.89436785e+01 1.05817731e+03 4.59780434e+01
 9.19584476e+01 5.00859772e+01 6.18380750e+02 3.17922510e+02
 2.03494574e+01]
2024-04-17 21:46:11,786 - train - INFO - sensitivity_b8:[4.02592734e+01 3.15128989e+00 1.49136195e+04 1.62305898e+03
 2.16841356e+02 1.05701138e+02 1.16225412e+04 9.66200860e+01
 6.52169379e+02 1.03154643e+02 7.87624915e+03 6.59310436e+01
 4.74481625e+02 7.16110256e+01 3.38472339e+03 3.06410272e+01
 2.86186516e+02 3.71457970e+01 3.41143912e+03 1.79717273e+01
 2.14060468e+02 3.63478775e+01 1.41453394e+03 5.60411344e+01
 1.15527971e+02 6.58644631e+01 7.85891693e+02 4.01717263e+02
 2.03494574e+01]
2024-04-17 21:46:11,787 - train - INFO - sensitivity_b16:[4.55585365e+01 3.55745590e+00 1.62099643e+04 1.79640155e+03
 2.44179483e+02 1.19994770e+02 1.24249935e+04 1.05822201e+02
 7.36870413e+02 1.16115369e+02 8.44857113e+03 7.10621240e+01
 5.26474732e+02 7.97933312e+01 3.72235378e+03 3.32212151e+01
 3.17769773e+02 4.17244027e+01 3.90013094e+03 1.96383358e+01
 2.37612033e+02 4.04929916e+01 1.61017669e+03 6.15439926e+01
 1.28494680e+02 7.46686347e+01 8.83953622e+02 4.48727441e+02
 2.03494574e+01]
2024-04-17 21:46:11,962 - train - INFO - result:[16 16  1 16 16  8  2 16 16 16  2 16 16 16  8 16 16 16  8 16 16 16 16 16
 16 16 16 16  2]
2024-04-17 21:46:11,962 - train - INFO - origin_latency:1472.6674976348877
2024-04-17 21:46:11,962 - train - INFO - current_latency-origin_latency:-4.519983291625977
2024-04-17 22:05:09,215 - train - INFO - Model vit_7_4_32 created, param count:3717072
2024-04-17 22:05:12,578 - train - INFO - Using native Torch AMP. Training in mixed precision.
2024-04-17 22:05:12,578 - train - INFO - Scheduled epochs: 11
2024-04-17 22:05:14,742 - train - INFO - Verifying initial model
2024-04-17 22:05:19,485 - train - INFO - Test: [   0/39]  Time: 4.742 (4.742)  Loss:  0.3433 (0.3433)  Acc@1: 93.7500 (93.7500)  Acc@5: 100.0000 (100.0000)
2024-04-17 22:05:29,650 - train - INFO - Test: [  39/39]  Time: 0.324 (0.373)  Loss:  0.3740 (0.3449)  Acc@1: 93.7500 (93.5400)  Acc@5: 100.0000 (99.7600)
2024-04-17 22:05:55,142 - train - INFO - len trace:30
2024-04-17 22:05:55,143 - train - INFO - target_block_size:8
2024-04-17 22:05:55,144 - train - INFO - use cal_delta_z
2024-04-17 22:05:55,242 - train - INFO - use cal_delta_z
2024-04-17 22:05:55,318 - train - INFO - use cal_delta_z
2024-04-17 22:05:55,483 - train - INFO - use cal_delta_z
2024-04-17 22:05:55,613 - train - INFO - use cal_delta_z
2024-04-17 22:05:55,727 - train - INFO - use cal_delta_z
2024-04-17 22:05:55,821 - train - INFO - use cal_delta_z
2024-04-17 22:05:56,025 - train - INFO - use cal_delta_z
2024-04-17 22:05:56,104 - train - INFO - use cal_delta_z
2024-04-17 22:05:56,206 - train - INFO - use cal_delta_z
2024-04-17 22:05:56,305 - train - INFO - use cal_delta_z
2024-04-17 22:05:56,503 - train - INFO - use cal_delta_z
2024-04-17 22:05:56,560 - train - INFO - use cal_delta_z
2024-04-17 22:05:56,651 - train - INFO - use cal_delta_z
2024-04-17 22:05:56,768 - train - INFO - use cal_delta_z
2024-04-17 22:05:56,972 - train - INFO - use cal_delta_z
2024-04-17 22:05:57,037 - train - INFO - use cal_delta_z
2024-04-17 22:05:57,141 - train - INFO - use cal_delta_z
2024-04-17 22:05:57,284 - train - INFO - use cal_delta_z
2024-04-17 22:05:57,473 - train - INFO - use cal_delta_z
2024-04-17 22:05:57,568 - train - INFO - use cal_delta_z
2024-04-17 22:05:57,658 - train - INFO - use cal_delta_z
2024-04-17 22:05:57,848 - train - INFO - use cal_delta_z
2024-04-17 22:05:57,939 - train - INFO - use cal_delta_z
2024-04-17 22:05:58,027 - train - INFO - use cal_delta_z
2024-04-17 22:05:58,109 - train - INFO - use cal_delta_z
2024-04-17 22:05:58,296 - train - INFO - use cal_delta_z
2024-04-17 22:05:58,400 - train - INFO - use cal_delta_z
2024-04-17 22:05:58,494 - train - INFO - use cal_delta_z
2024-04-17 22:05:58,517 - train - INFO - cir_idx:[1, 2, 3, 4, 5, 6, 7, 8, 9, 10, 11, 12, 13, 14, 15, 16, 17, 18, 19, 20, 21, 22, 23, 24, 25, 26, 27, 28, 29]
2024-04-17 22:05:58,517 - train - INFO - len traces:(30,)
2024-04-17 22:05:58,519 - train - INFO - traces:[7.46294745e-02 2.48522317e-05 2.40215686e-04 5.71775247e-04
 7.85752345e-04 4.67744977e-05 2.48959019e-04 6.29493841e-04
 1.71224832e-04 1.01698212e-04 1.85648175e-04 3.82059950e-04
 1.41304514e-04 7.99151982e-05 1.60242756e-04 1.26699897e-04
 7.41900974e-05 5.49125053e-05 1.06469994e-04 1.09328887e-04
 4.24550761e-05 4.53924693e-05 1.04196210e-04 6.56338270e-05
 7.21965640e-05 3.00714618e-05 6.94423271e-05 1.87536829e-04
 2.80821869e-04 2.23021551e-02]
2024-04-17 22:05:58,519 - train - INFO - len params:29
2024-04-17 22:05:58,519 - train - INFO - params[0].shape:torch.Size([768, 256])
2024-04-17 22:05:58,519 - train - INFO - delta_weights_b1:[0, 0, 0, 0, 0, 0, 0, 0, 0, 0, 0, 0, 0, 0, 0, 0, 0, 0, 0, 0, 0, 0, 0, 0, 0, 0, 0, 0, 0]
2024-04-17 22:05:58,520 - train - INFO - delta_weights_b2:[590828.75, 4750.16796875, 9464863.0, 939424.0, 1851681.125, 162443.515625, 7005589.5, 284526.1875, 2635461.25, 231797.046875, 8414761.0, 245461.28125, 2549238.0, 195016.703125, 11665307.0, 215915.75, 2356833.0, 144960.3125, 13416660.0, 223009.796875, 2112492.0, 158569.296875, 8631087.0, 378860.25, 1738132.0, 368652.1875, 1872862.375, 645698.4375, 912.4435424804688]
2024-04-17 22:05:58,520 - train - INFO - delta_weights_b4:[1221595.625, 9890.525390625, 18951134.0, 1659969.0, 3600425.75, 324043.40625, 13947778.0, 463527.84375, 4975194.5, 435936.4375, 16264563.0, 387993.5, 4651420.0, 347401.8125, 21591800.0, 341791.96875, 4160120.5, 271848.375, 24361310.0, 354572.34375, 3766595.75, 277780.53125, 16122438.0, 636845.3125, 3057997.25, 721260.0625, 3297383.0, 1132114.5, 912.4435424804688]
2024-04-17 22:05:58,521 - train - INFO - delta_weights_b8:[1619946.0, 13118.5849609375, 26083010.0, 2065611.375, 4635888.5, 424572.4375, 18463312.0, 564287.8125, 6412791.0, 555645.875, 20615218.0, 466588.375, 5937314.0, 446890.875, 26714492.0, 413006.96875, 5211682.0, 348885.125, 31203456.0, 423311.625, 4715770.5, 348840.6875, 21551904.0, 776229.9375, 3841781.0, 948477.1875, 4190599.25, 1430505.625, 912.4435424804688]
2024-04-17 22:05:58,521 - train - INFO - delta_weights_b16:[1833176.875, 14809.423828125, 28350238.0, 2286218.5, 5220355.0, 481986.03125, 19738070.0, 618030.6875, 7245657.5, 625459.25, 22113208.0, 502900.59375, 6587917.5, 497952.8125, 29379296.0, 447785.03125, 5786838.0, 391888.84375, 35673380.0, 462567.4375, 5234613.5, 388622.5, 24532726.0, 852450.4375, 4272977.5, 1075261.125, 4713493.5, 1597907.75, 912.4435424804688]
2024-04-17 22:05:58,521 - train - INFO - delta_weights_b32:[]
2024-04-17 22:05:58,527 - train - INFO - sensitivity_b2:[1.46834130e+01 1.14106486e+00 5.41177438e+03 7.38154611e+02
 8.66114546e+01 4.04417783e+01 4.40997545e+03 4.87179487e+01
 2.68021697e+02 4.30326988e+01 3.21494316e+03 3.46847871e+01
 2.03722860e+02 3.12500141e+01 1.47799320e+03 1.60188105e+01
 1.29419605e+02 1.54339235e+01 1.46682851e+03 9.46789791e+00
 9.58912282e+01 1.65223197e+01 5.66491271e+02 2.73524083e+01
 5.22681701e+01 2.56000658e+01 3.51230670e+02 1.81326242e+02
 2.03494574e+01]
2024-04-17 22:05:58,528 - train - INFO - sensitivity_b4:[3.03593775e+01 2.37585934e+00 1.08357893e+04 1.30432453e+03
 1.68408106e+02 8.06735286e+01 8.78004035e+03 7.93674773e+01
 5.05968385e+02 8.09308042e+01 6.21403812e+03 5.48252330e+01
 3.71719151e+02 5.56686240e+01 2.73567884e+03 2.53575794e+01
 2.28442639e+02 2.89436947e+01 2.66339491e+03 1.50533959e+01
 1.70975082e+02 2.89436785e+01 1.05817731e+03 4.59780434e+01
 9.19584476e+01 5.00859772e+01 6.18380750e+02 3.17922510e+02
 2.03494574e+01]
2024-04-17 22:05:58,528 - train - INFO - sensitivity_b8:[4.02592734e+01 3.15128989e+00 1.49136195e+04 1.62305898e+03
 2.16841356e+02 1.05701138e+02 1.16225412e+04 9.66200860e+01
 6.52169379e+02 1.03154643e+02 7.87624915e+03 6.59310436e+01
 4.74481625e+02 7.16110256e+01 3.38472339e+03 3.06410272e+01
 2.86186516e+02 3.71457970e+01 3.41143912e+03 1.79717273e+01
 2.14060468e+02 3.63478775e+01 1.41453394e+03 5.60411344e+01
 1.15527971e+02 6.58644631e+01 7.85891693e+02 4.01717263e+02
 2.03494574e+01]
2024-04-17 22:05:58,528 - train - INFO - sensitivity_b16:[4.55585365e+01 3.55745590e+00 1.62099643e+04 1.79640155e+03
 2.44179483e+02 1.19994770e+02 1.24249935e+04 1.05822201e+02
 7.36870413e+02 1.16115369e+02 8.44857113e+03 7.10621240e+01
 5.26474732e+02 7.97933312e+01 3.72235378e+03 3.32212151e+01
 3.17769773e+02 4.17244027e+01 3.90013094e+03 1.96383358e+01
 2.37612033e+02 4.04929916e+01 1.61017669e+03 6.15439926e+01
 1.28494680e+02 7.46686347e+01 8.83953622e+02 4.48727441e+02
 2.03494574e+01]
2024-04-17 22:05:58,695 - train - INFO - result:[16 16  2 16 16 16  2 16 16 16  2 16 16 16  2 16 16 16  4 16 16 16 16 16
 16 16 16 16  2]
2024-04-17 22:05:58,695 - train - INFO - origin_latency:1472.6674976348877
2024-04-17 22:05:58,695 - train - INFO - current_latency-origin_latency:-0.9724845886230469
2024-04-17 22:08:05,364 - train - INFO - Model vit_7_4_32 created, param count:3717072
2024-04-17 22:08:08,349 - train - INFO - Using native Torch AMP. Training in mixed precision.
2024-04-17 22:08:08,349 - train - INFO - Scheduled epochs: 11
2024-04-17 22:08:10,187 - train - INFO - Verifying initial model
2024-04-17 22:08:14,687 - train - INFO - Test: [   0/39]  Time: 4.499 (4.499)  Loss:  0.3433 (0.3433)  Acc@1: 93.7500 (93.7500)  Acc@5: 100.0000 (100.0000)
2024-04-17 22:08:24,224 - train - INFO - Test: [  39/39]  Time: 0.353 (0.351)  Loss:  0.3740 (0.3449)  Acc@1: 93.7500 (93.5400)  Acc@5: 100.0000 (99.7600)
2024-04-17 22:08:49,578 - train - INFO - len trace:30
2024-04-17 22:08:49,579 - train - INFO - target_block_size:8
2024-04-17 22:08:49,580 - train - INFO - use cal_delta_z
2024-04-17 22:08:49,674 - train - INFO - use cal_delta_z
2024-04-17 22:08:49,881 - train - INFO - use cal_delta_z
2024-04-17 22:08:49,967 - train - INFO - use cal_delta_z
2024-04-17 22:08:50,062 - train - INFO - use cal_delta_z
2024-04-17 22:08:50,156 - train - INFO - use cal_delta_z
2024-04-17 22:08:50,360 - train - INFO - use cal_delta_z
2024-04-17 22:08:50,444 - train - INFO - use cal_delta_z
2024-04-17 22:08:50,548 - train - INFO - use cal_delta_z
2024-04-17 22:08:50,615 - train - INFO - use cal_delta_z
2024-04-17 22:08:50,765 - train - INFO - use cal_delta_z
2024-04-17 22:08:50,914 - train - INFO - use cal_delta_z
2024-04-17 22:08:50,983 - train - INFO - use cal_delta_z
2024-04-17 22:08:51,070 - train - INFO - use cal_delta_z
2024-04-17 22:08:51,172 - train - INFO - use cal_delta_z
2024-04-17 22:08:51,368 - train - INFO - use cal_delta_z
2024-04-17 22:08:51,420 - train - INFO - use cal_delta_z
2024-04-17 22:08:51,512 - train - INFO - use cal_delta_z
2024-04-17 22:08:51,600 - train - INFO - use cal_delta_z
2024-04-17 22:08:51,792 - train - INFO - use cal_delta_z
2024-04-17 22:08:51,870 - train - INFO - use cal_delta_z
2024-04-17 22:08:51,962 - train - INFO - use cal_delta_z
2024-04-17 22:08:52,055 - train - INFO - use cal_delta_z
2024-04-17 22:08:52,247 - train - INFO - use cal_delta_z
2024-04-17 22:08:52,332 - train - INFO - use cal_delta_z
2024-04-17 22:08:52,421 - train - INFO - use cal_delta_z
2024-04-17 22:08:52,504 - train - INFO - use cal_delta_z
2024-04-17 22:08:52,700 - train - INFO - use cal_delta_z
2024-04-17 22:08:52,790 - train - INFO - use cal_delta_z
2024-04-17 22:08:52,819 - train - INFO - cir_idx:[1, 2, 3, 4, 5, 6, 7, 8, 9, 10, 11, 12, 13, 14, 15, 16, 17, 18, 19, 20, 21, 22, 23, 24, 25, 26, 27, 28, 29]
2024-04-17 22:08:52,819 - train - INFO - len traces:(30,)
2024-04-17 22:08:52,820 - train - INFO - traces:[7.46294745e-02 2.48522317e-05 2.40215686e-04 5.71775247e-04
 7.85752345e-04 4.67744977e-05 2.48959019e-04 6.29493841e-04
 1.71224832e-04 1.01698212e-04 1.85648175e-04 3.82059950e-04
 1.41304514e-04 7.99151982e-05 1.60242756e-04 1.26699897e-04
 7.41900974e-05 5.49125053e-05 1.06469994e-04 1.09328887e-04
 4.24550761e-05 4.53924693e-05 1.04196210e-04 6.56338270e-05
 7.21965640e-05 3.00714618e-05 6.94423271e-05 1.87536829e-04
 2.80821869e-04 2.23021551e-02]
2024-04-17 22:08:52,821 - train - INFO - len params:29
2024-04-17 22:08:52,821 - train - INFO - params[0].shape:torch.Size([768, 256])
2024-04-17 22:08:52,821 - train - INFO - delta_weights_b1:[0, 0, 0, 0, 0, 0, 0, 0, 0, 0, 0, 0, 0, 0, 0, 0, 0, 0, 0, 0, 0, 0, 0, 0, 0, 0, 0, 0, 0]
2024-04-17 22:08:52,821 - train - INFO - delta_weights_b2:[768.6538696289062, 68.92146301269531, 3076.501708984375, 969.2388916015625, 1360.764892578125, 403.0428161621094, 2646.807373046875, 533.4099731445312, 1623.410400390625, 481.45306396484375, 2900.82080078125, 495.44049072265625, 1596.63330078125, 441.6069641113281, 3415.451171875, 464.6673583984375, 1535.197998046875, 380.7365417480469, 3662.8759765625, 472.2391357421875, 1453.44140625, 398.2076110839844, 2937.87109375, 615.5162353515625, 1318.38232421875, 607.1673583984375, 1368.525634765625, 803.5536499023438, 30.206680297851562]
2024-04-17 22:08:52,821 - train - INFO - delta_weights_b4:[1105.2581787109375, 99.45111846923828, 4353.2900390625, 1288.3978271484375, 1897.478759765625, 569.2481079101562, 3734.67236328125, 680.8287963867188, 2230.514404296875, 660.2548217773438, 4032.934814453125, 622.8912353515625, 2156.715087890625, 589.4080200195312, 4646.69775390625, 584.6297607421875, 2039.6373291015625, 521.3908081054688, 4935.7177734375, 595.4597778320312, 1940.77197265625, 527.0488891601562, 4015.275634765625, 798.02587890625, 1748.7130126953125, 849.2703247070312, 1815.8697509765625, 1064.0086669921875, 30.206680297851562]
2024-04-17 22:08:52,821 - train - INFO - delta_weights_b8:[1272.77099609375, 114.53639221191406, 5107.15283203125, 1437.2235107421875, 2153.111328125, 651.5922241210938, 4296.8955078125, 751.19091796875, 2532.348876953125, 745.4165649414062, 4540.3984375, 683.07275390625, 2436.660400390625, 668.4989624023438, 5168.6064453125, 642.6561889648438, 2282.910888671875, 590.6649780273438, 5586.00537109375, 650.6240234375, 2171.58251953125, 590.6273803710938, 4642.40283203125, 881.0391235351562, 1960.046142578125, 973.89794921875, 2047.0953369140625, 1196.0374755859375, 30.206680297851562]
2024-04-17 22:08:52,821 - train - INFO - delta_weights_b16:[1353.9486083984375, 121.69397735595703, 5324.494140625, 1512.024658203125, 2284.8095703125, 694.2521362304688, 4442.7548828125, 786.1492919921875, 2691.77587890625, 790.8598022460938, 4702.46826171875, 709.1548461914062, 2566.69384765625, 705.65771484375, 5420.26708984375, 669.1674194335938, 2405.584716796875, 626.01025390625, 5972.7197265625, 680.1231079101562, 2287.927734375, 623.3959350585938, 4953.05224609375, 923.2824096679688, 2067.1181640625, 1036.947998046875, 2171.05810546875, 1264.083740234375, 30.206680297851562]
2024-04-17 22:08:52,821 - train - INFO - delta_weights_b32:[]
2024-04-17 22:08:52,825 - train - INFO - sensitivity_b2:[0.01910276 0.01655602 1.75906753 0.76158173 0.06364909 0.10034114
 1.66614894 0.09133303 0.16509794 0.08938088 1.10828745 0.07000798
 0.12759527 0.07076432 0.43273731 0.03447372 0.08430157 0.04053702
 0.40045815 0.02004895 0.06597529 0.04149172 0.19282372 0.04443816
 0.03964568 0.04216311 0.25664896 0.22565544 0.67367407]
2024-04-17 22:08:52,826 - train - INFO - sensitivity_b4:[0.02746813 0.02388972 2.48910349 1.01236161 0.08875362 0.14171945
 2.35095325 0.1165748  0.22683933 0.1225751  1.54082287 0.08801734
 0.17235431 0.09444837 0.58873613 0.04337374 0.1120016  0.05551248
 0.53961653 0.02528029 0.08809643 0.0549165  0.26353791 0.05761473
 0.05258636 0.05897531 0.34054245 0.2987969  0.67367407]
2024-04-17 22:08:52,826 - train - INFO - sensitivity_b8:[0.0316312  0.02751344 2.92014357 1.12930174 0.1007107  0.16221976
 2.70486926 0.12862254 0.25753535 0.13838523 1.7347044  0.09652126
 0.1947262  0.10712212 0.6548619  0.04767873 0.12536036 0.0628881
 0.61071175 0.02762229 0.09857349 0.06154113 0.30469866 0.063608
 0.05894145 0.06762974 0.38390577 0.33587348 0.67367407]
2024-04-17 22:08:52,826 - train - INFO - sensitivity_b16:[0.03364864 0.0292328  3.04441395 1.18807692 0.10687082 0.17284033
 2.79668684 0.13460828 0.27374879 0.14682168 1.79662479 0.10020678
 0.20511785 0.11307654 0.68674728 0.0496456  0.13209668 0.06665131
 0.6529908  0.02887468 0.10385469 0.06495549 0.32508777 0.06665782
 0.06216126 0.07200808 0.40715335 0.35498236 0.67367407]
2024-04-17 22:08:52,980 - train - INFO - result:[16 16  2  2 16 16  2 16 16 16  2 16 16 16 16 16 16 16  4 16 16 16 16 16
 16 16 16 16  2]
2024-04-17 22:08:52,980 - train - INFO - origin_latency:1472.6674976348877
2024-04-17 22:08:52,981 - train - INFO - current_latency-origin_latency:-0.9724845886230469
2024-04-17 22:10:29,967 - train - INFO - Model vit_7_4_32 created, param count:3717072
2024-04-17 22:10:33,023 - train - INFO - Using native Torch AMP. Training in mixed precision.
2024-04-17 22:10:33,024 - train - INFO - Scheduled epochs: 11
2024-04-17 22:10:34,995 - train - INFO - Verifying initial model
2024-04-17 22:10:39,507 - train - INFO - Test: [   0/39]  Time: 4.510 (4.510)  Loss:  0.3433 (0.3433)  Acc@1: 93.7500 (93.7500)  Acc@5: 100.0000 (100.0000)
2024-04-17 22:10:47,730 - train - INFO - Test: [  39/39]  Time: 0.327 (0.318)  Loss:  0.3740 (0.3449)  Acc@1: 93.7500 (93.5400)  Acc@5: 100.0000 (99.7600)
2024-04-17 22:11:11,436 - train - INFO - len trace:30
2024-04-17 22:11:11,437 - train - INFO - target_block_size:8
2024-04-17 22:11:11,438 - train - INFO - use cal_delta_z
2024-04-17 22:11:11,531 - train - INFO - use cal_delta_z
2024-04-17 22:11:11,759 - train - INFO - use cal_delta_z
2024-04-17 22:11:11,858 - train - INFO - use cal_delta_z
2024-04-17 22:11:11,989 - train - INFO - use cal_delta_z
2024-04-17 22:11:12,121 - train - INFO - use cal_delta_z
2024-04-17 22:11:12,317 - train - INFO - use cal_delta_z
2024-04-17 22:11:12,424 - train - INFO - use cal_delta_z
2024-04-17 22:11:12,500 - train - INFO - use cal_delta_z
2024-04-17 22:11:12,659 - train - INFO - use cal_delta_z
2024-04-17 22:11:12,801 - train - INFO - use cal_delta_z
2024-04-17 22:11:12,904 - train - INFO - use cal_delta_z
2024-04-17 22:11:12,994 - train - INFO - use cal_delta_z
2024-04-17 22:11:13,186 - train - INFO - use cal_delta_z
2024-04-17 22:11:13,299 - train - INFO - use cal_delta_z
2024-04-17 22:11:13,393 - train - INFO - use cal_delta_z
2024-04-17 22:11:13,483 - train - INFO - use cal_delta_z
2024-04-17 22:11:13,678 - train - INFO - use cal_delta_z
2024-04-17 22:11:13,786 - train - INFO - use cal_delta_z
2024-04-17 22:11:13,890 - train - INFO - use cal_delta_z
2024-04-17 22:11:14,081 - train - INFO - use cal_delta_z
2024-04-17 22:11:14,234 - train - INFO - use cal_delta_z
2024-04-17 22:11:14,332 - train - INFO - use cal_delta_z
2024-04-17 22:11:14,466 - train - INFO - use cal_delta_z
2024-04-17 22:11:14,690 - train - INFO - use cal_delta_z
2024-04-17 22:11:14,758 - train - INFO - use cal_delta_z
2024-04-17 22:11:14,860 - train - INFO - use cal_delta_z
2024-04-17 22:11:14,969 - train - INFO - use cal_delta_z
2024-04-17 22:11:15,163 - train - INFO - use cal_delta_z
2024-04-17 22:11:15,175 - train - INFO - cir_idx:[1, 2, 3, 4, 5, 6, 7, 8, 9, 10, 11, 12, 13, 14, 15, 16, 17, 18, 19, 20, 21, 22, 23, 24, 25, 26, 27, 28, 29]
2024-04-17 22:11:15,175 - train - INFO - len traces:(30,)
2024-04-17 22:11:15,176 - train - INFO - traces:[7.46294745e-02 2.48522317e-05 2.40215686e-04 5.71775247e-04
 7.85752345e-04 4.67744977e-05 2.48959019e-04 6.29493841e-04
 1.71224832e-04 1.01698212e-04 1.85648175e-04 3.82059950e-04
 1.41304514e-04 7.99151982e-05 1.60242756e-04 1.26699897e-04
 7.41900974e-05 5.49125053e-05 1.06469994e-04 1.09328887e-04
 4.24550761e-05 4.53924693e-05 1.04196210e-04 6.56338270e-05
 7.21965640e-05 3.00714618e-05 6.94423271e-05 1.87536829e-04
 2.80821869e-04 2.23021551e-02]
2024-04-17 22:11:15,176 - train - INFO - len params:29
2024-04-17 22:11:15,177 - train - INFO - params[0].shape:torch.Size([768, 256])
2024-04-17 22:11:15,177 - train - INFO - delta_weights_b1:[0, 0, 0, 0, 0, 0, 0, 0, 0, 0, 0, 0, 0, 0, 0, 0, 0, 0, 0, 0, 0, 0, 0, 0, 0, 0, 0, 0, 0]
2024-04-17 22:11:15,177 - train - INFO - delta_weights_b2:[768.6538696289062, 68.92146301269531, 3076.501708984375, 969.2388916015625, 1360.764892578125, 403.0428161621094, 2646.807373046875, 533.4099731445312, 1623.410400390625, 481.45306396484375, 2900.82080078125, 495.44049072265625, 1596.63330078125, 441.6069641113281, 3415.451171875, 464.6673583984375, 1535.197998046875, 380.7365417480469, 3662.8759765625, 472.2391357421875, 1453.44140625, 398.2076110839844, 2937.87109375, 615.5162353515625, 1318.38232421875, 607.1673583984375, 1368.525634765625, 803.5536499023438, 30.206680297851562]
2024-04-17 22:11:15,177 - train - INFO - delta_weights_b4:[1105.2581787109375, 99.45111846923828, 4353.2900390625, 1288.3978271484375, 1897.478759765625, 569.2481079101562, 3734.67236328125, 680.8287963867188, 2230.514404296875, 660.2548217773438, 4032.934814453125, 622.8912353515625, 2156.715087890625, 589.4080200195312, 4646.69775390625, 584.6297607421875, 2039.6373291015625, 521.3908081054688, 4935.7177734375, 595.4597778320312, 1940.77197265625, 527.0488891601562, 4015.275634765625, 798.02587890625, 1748.7130126953125, 849.2703247070312, 1815.8697509765625, 1064.0086669921875, 30.206680297851562]
2024-04-17 22:11:15,177 - train - INFO - delta_weights_b8:[1272.77099609375, 114.53639221191406, 5107.15283203125, 1437.2235107421875, 2153.111328125, 651.5922241210938, 4296.8955078125, 751.19091796875, 2532.348876953125, 745.4165649414062, 4540.3984375, 683.07275390625, 2436.660400390625, 668.4989624023438, 5168.6064453125, 642.6561889648438, 2282.910888671875, 590.6649780273438, 5586.00537109375, 650.6240234375, 2171.58251953125, 590.6273803710938, 4642.40283203125, 881.0391235351562, 1960.046142578125, 973.89794921875, 2047.0953369140625, 1196.0374755859375, 30.206680297851562]
2024-04-17 22:11:15,177 - train - INFO - delta_weights_b16:[1353.9486083984375, 121.69397735595703, 5324.494140625, 1512.024658203125, 2284.8095703125, 694.2521362304688, 4442.7548828125, 786.1492919921875, 2691.77587890625, 790.8598022460938, 4702.46826171875, 709.1548461914062, 2566.69384765625, 705.65771484375, 5420.26708984375, 669.1674194335938, 2405.584716796875, 626.01025390625, 5972.7197265625, 680.1231079101562, 2287.927734375, 623.3959350585938, 4953.05224609375, 923.2824096679688, 2067.1181640625, 1036.947998046875, 2171.05810546875, 1264.083740234375, 30.206680297851562]
2024-04-17 22:11:15,178 - train - INFO - delta_weights_b32:[]
2024-04-17 22:11:15,183 - train - INFO - sensitivity_b2:[0.01910276 0.01655602 1.75906753 0.76158173 0.06364909 0.10034114
 1.66614894 0.09133303 0.16509794 0.08938088 1.10828745 0.07000798
 0.12759527 0.07076432 0.43273731 0.03447372 0.08430157 0.04053702
 0.40045815 0.02004895 0.06597529 0.04149172 0.19282372 0.04443816
 0.03964568 0.04216311 0.25664896 0.22565544 0.67367407]
2024-04-17 22:11:15,183 - train - INFO - sensitivity_b4:[0.02746813 0.02388972 2.48910349 1.01236161 0.08875362 0.14171945
 2.35095325 0.1165748  0.22683933 0.1225751  1.54082287 0.08801734
 0.17235431 0.09444837 0.58873613 0.04337374 0.1120016  0.05551248
 0.53961653 0.02528029 0.08809643 0.0549165  0.26353791 0.05761473
 0.05258636 0.05897531 0.34054245 0.2987969  0.67367407]
2024-04-17 22:11:15,184 - train - INFO - sensitivity_b8:[0.0316312  0.02751344 2.92014357 1.12930174 0.1007107  0.16221976
 2.70486926 0.12862254 0.25753535 0.13838523 1.7347044  0.09652126
 0.1947262  0.10712212 0.6548619  0.04767873 0.12536036 0.0628881
 0.61071175 0.02762229 0.09857349 0.06154113 0.30469866 0.063608
 0.05894145 0.06762974 0.38390577 0.33587348 0.67367407]
2024-04-17 22:11:15,184 - train - INFO - sensitivity_b16:[0.03364864 0.0292328  3.04441395 1.18807692 0.10687082 0.17284033
 2.79668684 0.13460828 0.27374879 0.14682168 1.79662479 0.10020678
 0.20511785 0.11307654 0.68674728 0.0496456  0.13209668 0.06665131
 0.6529908  0.02887468 0.10385469 0.06495549 0.32508777 0.06665782
 0.06216126 0.07200808 0.40715335 0.35498236 0.67367407]
2024-04-17 22:11:15,349 - train - INFO - result:[16 16  2  2 16  8  2 16 16 16  2 16 16 16  8 16 16 16  4 16 16 16 16 16
 16 16 16 16  2]
2024-04-17 22:11:15,350 - train - INFO - origin_latency:978.8585858345032
2024-04-17 22:11:15,350 - train - INFO - current_latency-origin_latency:-1.1375083923339844
2024-04-17 22:12:48,171 - train - INFO - Model vit_7_4_32 created, param count:3717072
2024-04-17 22:12:50,942 - train - INFO - Using native Torch AMP. Training in mixed precision.
2024-04-17 22:12:50,943 - train - INFO - Scheduled epochs: 11
2024-04-17 22:12:52,385 - train - INFO - Verifying initial model
2024-04-17 22:12:56,587 - train - INFO - Test: [   0/39]  Time: 4.202 (4.202)  Loss:  0.3433 (0.3433)  Acc@1: 93.7500 (93.7500)  Acc@5: 100.0000 (100.0000)
2024-04-17 22:13:06,559 - train - INFO - Test: [  39/39]  Time: 0.396 (0.354)  Loss:  0.3740 (0.3449)  Acc@1: 93.7500 (93.5400)  Acc@5: 100.0000 (99.7600)
2024-04-17 22:13:33,056 - train - INFO - len trace:30
2024-04-17 22:13:33,057 - train - INFO - target_block_size:8
2024-04-17 22:13:33,057 - train - INFO - use cal_delta_z
2024-04-17 22:13:33,211 - train - INFO - use cal_delta_z
2024-04-17 22:13:33,305 - train - INFO - use cal_delta_z
2024-04-17 22:13:33,395 - train - INFO - use cal_delta_z
2024-04-17 22:13:33,561 - train - INFO - use cal_delta_z
2024-04-17 22:13:33,739 - train - INFO - use cal_delta_z
2024-04-17 22:13:33,817 - train - INFO - use cal_delta_z
2024-04-17 22:13:33,901 - train - INFO - use cal_delta_z
2024-04-17 22:13:34,087 - train - INFO - use cal_delta_z
2024-04-17 22:13:34,226 - train - INFO - use cal_delta_z
2024-04-17 22:13:34,313 - train - INFO - use cal_delta_z
2024-04-17 22:13:34,426 - train - INFO - use cal_delta_z
2024-04-17 22:13:34,618 - train - INFO - use cal_delta_z
2024-04-17 22:13:34,712 - train - INFO - use cal_delta_z
2024-04-17 22:13:34,833 - train - INFO - use cal_delta_z
2024-04-17 22:13:34,949 - train - INFO - use cal_delta_z
2024-04-17 22:13:35,140 - train - INFO - use cal_delta_z
2024-04-17 22:13:35,189 - train - INFO - use cal_delta_z
2024-04-17 22:13:35,298 - train - INFO - use cal_delta_z
2024-04-17 22:13:35,385 - train - INFO - use cal_delta_z
2024-04-17 22:13:35,577 - train - INFO - use cal_delta_z
2024-04-17 22:13:35,673 - train - INFO - use cal_delta_z
2024-04-17 22:13:35,768 - train - INFO - use cal_delta_z
2024-04-17 22:13:35,856 - train - INFO - use cal_delta_z
2024-04-17 22:13:36,047 - train - INFO - use cal_delta_z
2024-04-17 22:13:36,158 - train - INFO - use cal_delta_z
2024-04-17 22:13:36,241 - train - INFO - use cal_delta_z
2024-04-17 22:13:36,332 - train - INFO - use cal_delta_z
2024-04-17 22:13:36,529 - train - INFO - use cal_delta_z
2024-04-17 22:13:36,594 - train - INFO - cir_idx:[1, 2, 3, 4, 5, 6, 7, 8, 9, 10, 11, 12, 13, 14, 15, 16, 17, 18, 19, 20, 21, 22, 23, 24, 25, 26, 27, 28, 29]
2024-04-17 22:13:36,594 - train - INFO - len traces:(30,)
2024-04-17 22:13:36,595 - train - INFO - traces:[7.46294745e-02 2.48522317e-05 2.40215686e-04 5.71775247e-04
 7.85752345e-04 4.67744977e-05 2.48959019e-04 6.29493841e-04
 1.71224832e-04 1.01698212e-04 1.85648175e-04 3.82059950e-04
 1.41304514e-04 7.99151982e-05 1.60242756e-04 1.26699897e-04
 7.41900974e-05 5.49125053e-05 1.06469994e-04 1.09328887e-04
 4.24550761e-05 4.53924693e-05 1.04196210e-04 6.56338270e-05
 7.21965640e-05 3.00714618e-05 6.94423271e-05 1.87536829e-04
 2.80821869e-04 2.23021551e-02]
2024-04-17 22:13:36,595 - train - INFO - len params:29
2024-04-17 22:13:36,595 - train - INFO - params[0].shape:torch.Size([768, 256])
2024-04-17 22:13:36,595 - train - INFO - delta_weights_b1:[0, 0, 0, 0, 0, 0, 0, 0, 0, 0, 0, 0, 0, 0, 0, 0, 0, 0, 0, 0, 0, 0, 0, 0, 0, 0, 0, 0, 0]
2024-04-17 22:13:36,596 - train - INFO - delta_weights_b2:[590828.75, 4750.16796875, 9464863.0, 939424.0, 1851681.125, 162443.515625, 7005589.5, 284526.1875, 2635461.25, 231797.046875, 8414761.0, 245461.28125, 2549238.0, 195016.703125, 11665307.0, 215915.75, 2356833.0, 144960.3125, 13416660.0, 223009.796875, 2112492.0, 158569.296875, 8631087.0, 378860.25, 1738132.0, 368652.1875, 1872862.375, 645698.4375, 912.4435424804688]
2024-04-17 22:13:36,596 - train - INFO - delta_weights_b4:[1221595.625, 9890.525390625, 18951134.0, 1659969.0, 3600425.75, 324043.40625, 13947778.0, 463527.84375, 4975194.5, 435936.4375, 16264563.0, 387993.5, 4651420.0, 347401.8125, 21591800.0, 341791.96875, 4160120.5, 271848.375, 24361310.0, 354572.34375, 3766595.75, 277780.53125, 16122438.0, 636845.3125, 3057997.25, 721260.0625, 3297383.0, 1132114.5, 912.4435424804688]
2024-04-17 22:13:36,596 - train - INFO - delta_weights_b8:[1619946.0, 13118.5849609375, 26083010.0, 2065611.375, 4635888.5, 424572.4375, 18463312.0, 564287.8125, 6412791.0, 555645.875, 20615218.0, 466588.375, 5937314.0, 446890.875, 26714492.0, 413006.96875, 5211682.0, 348885.125, 31203456.0, 423311.625, 4715770.5, 348840.6875, 21551904.0, 776229.9375, 3841781.0, 948477.1875, 4190599.25, 1430505.625, 912.4435424804688]
2024-04-17 22:13:36,596 - train - INFO - delta_weights_b16:[1833176.875, 14809.423828125, 28350238.0, 2286218.5, 5220355.0, 481986.03125, 19738070.0, 618030.6875, 7245657.5, 625459.25, 22113208.0, 502900.59375, 6587917.5, 497952.8125, 29379296.0, 447785.03125, 5786838.0, 391888.84375, 35673380.0, 462567.4375, 5234613.5, 388622.5, 24532726.0, 852450.4375, 4272977.5, 1075261.125, 4713493.5, 1597907.75, 912.4435424804688]
2024-04-17 22:13:36,596 - train - INFO - delta_weights_b32:[]
2024-04-17 22:13:36,600 - train - INFO - sensitivity_b2:[1.46834130e+01 1.14106486e+00 5.41177438e+03 7.38154611e+02
 8.66114546e+01 4.04417783e+01 4.40997545e+03 4.87179487e+01
 2.68021697e+02 4.30326988e+01 3.21494316e+03 3.46847871e+01
 2.03722860e+02 3.12500141e+01 1.47799320e+03 1.60188105e+01
 1.29419605e+02 1.54339235e+01 1.46682851e+03 9.46789791e+00
 9.58912282e+01 1.65223197e+01 5.66491271e+02 2.73524083e+01
 5.22681701e+01 2.56000658e+01 3.51230670e+02 1.81326242e+02
 2.03494574e+01]
2024-04-17 22:13:36,600 - train - INFO - sensitivity_b4:[3.03593775e+01 2.37585934e+00 1.08357893e+04 1.30432453e+03
 1.68408106e+02 8.06735286e+01 8.78004035e+03 7.93674773e+01
 5.05968385e+02 8.09308042e+01 6.21403812e+03 5.48252330e+01
 3.71719151e+02 5.56686240e+01 2.73567884e+03 2.53575794e+01
 2.28442639e+02 2.89436947e+01 2.66339491e+03 1.50533959e+01
 1.70975082e+02 2.89436785e+01 1.05817731e+03 4.59780434e+01
 9.19584476e+01 5.00859772e+01 6.18380750e+02 3.17922510e+02
 2.03494574e+01]
2024-04-17 22:13:36,601 - train - INFO - sensitivity_b8:[4.02592734e+01 3.15128989e+00 1.49136195e+04 1.62305898e+03
 2.16841356e+02 1.05701138e+02 1.16225412e+04 9.66200860e+01
 6.52169379e+02 1.03154643e+02 7.87624915e+03 6.59310436e+01
 4.74481625e+02 7.16110256e+01 3.38472339e+03 3.06410272e+01
 2.86186516e+02 3.71457970e+01 3.41143912e+03 1.79717273e+01
 2.14060468e+02 3.63478775e+01 1.41453394e+03 5.60411344e+01
 1.15527971e+02 6.58644631e+01 7.85891693e+02 4.01717263e+02
 2.03494574e+01]
2024-04-17 22:13:36,601 - train - INFO - sensitivity_b16:[4.55585365e+01 3.55745590e+00 1.62099643e+04 1.79640155e+03
 2.44179483e+02 1.19994770e+02 1.24249935e+04 1.05822201e+02
 7.36870413e+02 1.16115369e+02 8.44857113e+03 7.10621240e+01
 5.26474732e+02 7.97933312e+01 3.72235378e+03 3.32212151e+01
 3.17769773e+02 4.17244027e+01 3.90013094e+03 1.96383358e+01
 2.37612033e+02 4.04929916e+01 1.61017669e+03 6.15439926e+01
 1.28494680e+02 7.46686347e+01 8.83953622e+02 4.48727441e+02
 2.03494574e+01]
2024-04-17 22:13:36,748 - train - INFO - result:[16 16  2 16 16  8  2 16 16 16  2 16 16 16  2 16 16 16  4 16 16 16  8 16
 16 16 16 16  2]
2024-04-17 22:13:36,748 - train - INFO - origin_latency:978.8585858345032
2024-04-17 22:13:36,749 - train - INFO - current_latency-origin_latency:-1.1375083923339844
